[INFO] Scanning for projects...
[WARNING] 
[WARNING] Some problems were encountered while building the effective model for org.jclouds.provider:aws-ec2:bundle:1.5.0-SNAPSHOT
[WARNING] 'parent.relativePath' of POM org.jclouds:jclouds-project:1.5.0-SNAPSHOT (/Users/adriancole/workspace/git/jclouds/project/pom.xml) points at org.jclouds:jclouds-multi instead of org.sonatype.oss:oss-parent, please verify your project structure @ org.jclouds:jclouds-project:1.5.0-SNAPSHOT, /Users/adriancole/workspace/git/jclouds/project/pom.xml, line 24, column 13
[WARNING] 
[WARNING] It is highly recommended to fix these problems because they threaten the stability of your build.
[WARNING] 
[WARNING] For this reason, future Maven versions might no longer support building such malformed projects.
[WARNING] 
[INFO]                                                                         
[INFO] ------------------------------------------------------------------------
[INFO] Building jclouds Amazon EC2 provider 1.5.0-SNAPSHOT
[INFO] ------------------------------------------------------------------------
[INFO] 
[INFO] --- maven-clean-plugin:2.4.1:clean (default-clean) @ aws-ec2 ---
[INFO] Deleting /Users/adriancole/workspace/git/jclouds/providers/aws-ec2/target
[INFO] 
[INFO] --- maven-enforcer-plugin:1.0.1:enforce (enforce-maven) @ aws-ec2 ---
[INFO] 
[INFO] --- maven-enforcer-plugin:1.0.1:enforce (enforce-banned-dependencies) @ aws-ec2 ---
[INFO] 
[INFO] --- maven-enforcer-plugin:1.0.1:enforce (enforce-java) @ aws-ec2 ---
[INFO] 
[INFO] --- maven-remote-resources-plugin:1.2.1:process (process-remote-resources) @ aws-ec2 ---
[INFO] 
[INFO] --- maven-resources-plugin:2.5:resources (default-resources) @ aws-ec2 ---
[debug] execute contextualize
[INFO] Using 'UTF-8' encoding to copy filtered resources.
[INFO] Copying 1 resource
[INFO] Copying 1 resource
[INFO] Copying 2 resources
[INFO] 
[INFO] --- maven-compiler-plugin:2.3.2:compile (default-compile) @ aws-ec2 ---
[INFO] Compiling 87 source files to /Users/adriancole/workspace/git/jclouds/providers/aws-ec2/target/classes
[INFO] 
[INFO] --- maven-resources-plugin:2.5:testResources (default-testResources) @ aws-ec2 ---
[debug] execute contextualize
[INFO] Using 'UTF-8' encoding to copy filtered resources.
[INFO] Copying 1 resource
[INFO] Copying 21 resources
[INFO] Copying 2 resources
[INFO] 
[INFO] --- maven-compiler-plugin:2.3.2:testCompile (default-testCompile) @ aws-ec2 ---
[INFO] Compiling 49 source files to /Users/adriancole/workspace/git/jclouds/providers/aws-ec2/target/test-classes
[INFO] 
[INFO] --- maven-surefire-plugin:2.12:test (default-test) @ aws-ec2 ---
[INFO] Surefire report directory: /Users/adriancole/workspace/git/jclouds/providers/aws-ec2/target/surefire-reports
[INFO] Using configured provider org.apache.maven.surefire.testng.TestNGProvider

-------------------------------------------------------
 T E S T S
-------------------------------------------------------
Running TestSuite
Configuring TestNG with: org.apache.maven.surefire.testng.conf.TestNGMapConfigurator@6262937c
Starting test testSync(org.jclouds.aws.ec2.AWSEC2AsyncClientTest)
Starting test testAsync(org.jclouds.aws.ec2.AWSEC2AsyncClientTest)
[pool-2-thread-2] Test testSync(org.jclouds.aws.ec2.AWSEC2AsyncClientTest) succeeded: 197ms
Test suite progress: tests succeeded: 1, failed: 0, skipped: 0.
[pool-2-thread-1] Test testAsync(org.jclouds.aws.ec2.AWSEC2AsyncClientTest) succeeded: 203ms
Test suite progress: tests succeeded: 2, failed: 0, skipped: 0.
Starting test testBlankAmiOwnersRemovesAmiQuery(org.jclouds.aws.ec2.AWSEC2ContextBuilderTest)
Starting test testConvertImageSyntax(org.jclouds.aws.ec2.AWSEC2ContextBuilderTest)
Starting test testConvertImageSyntaxWhenStar(org.jclouds.aws.ec2.AWSEC2ContextBuilderTest)
[pool-3-thread-1] Test testBlankAmiOwnersRemovesAmiQuery(org.jclouds.aws.ec2.AWSEC2ContextBuilderTest) succeeded: 489ms
Test suite progress: tests succeeded: 3, failed: 0, skipped: 0.
Apr 23, 2012 7:29:46 PM org.jclouds.aws.ec2.compute.config.AWSEC2ComputeServiceDependenciesModule imageQuery
WARNING: Property jclouds.ec2.ami-owners is deprecated, please use new syntax: jclouds.ec2.ami-query=owner-id=137112412989,063491364108,099720109477,411009282317;state=available;image-type=machine
[pool-3-thread-2] Test testConvertImageSyntax(org.jclouds.aws.ec2.AWSEC2ContextBuilderTest) succeeded: 608ms
Test suite progress: tests succeeded: 4, failed: 0, skipped: 0.
Apr 23, 2012 7:29:46 PM org.jclouds.aws.ec2.compute.config.AWSEC2ComputeServiceDependenciesModule imageQuery
WARNING: Property jclouds.ec2.ami-owners is deprecated, please use new syntax: jclouds.ec2.ami-query=state=available;image-type=machine
[pool-3-thread-3] Test testConvertImageSyntaxWhenStar(org.jclouds.aws.ec2.AWSEC2ContextBuilderTest) succeeded: 673ms
Test suite progress: tests succeeded: 5, failed: 0, skipped: 0.
Starting test testAllContains(org.jclouds.aws.ec2.AWSEC2ProviderTest)
Starting test testOfApiContains(org.jclouds.aws.ec2.AWSEC2ProviderTest)
Starting test testTransformableToContains(org.jclouds.aws.ec2.AWSEC2ProviderTest)
Starting test testWithId(org.jclouds.aws.ec2.AWSEC2ProviderTest)
[pool-10-thread-3] Test testTransformableToContains(org.jclouds.aws.ec2.AWSEC2ProviderTest) succeeded: 12ms
Test suite progress: tests succeeded: 6, failed: 0, skipped: 0.
[pool-10-thread-4] Test testWithId(org.jclouds.aws.ec2.AWSEC2ProviderTest) succeeded: 13ms
Test suite progress: tests succeeded: 7, failed: 0, skipped: 0.
[pool-10-thread-1] Test testAllContains(org.jclouds.aws.ec2.AWSEC2ProviderTest) succeeded: 19ms
Test suite progress: tests succeeded: 8, failed: 0, skipped: 0.
[pool-10-thread-2] Test testOfApiContains(org.jclouds.aws.ec2.AWSEC2ProviderTest) succeeded: 17ms
Test suite progress: tests succeeded: 9, failed: 0, skipped: 0.
Starting test testAssignability(org.jclouds.aws.ec2.options.AWSDescribeImagesOptionsTest)
[pool-11-thread-1] Test testAssignability(org.jclouds.aws.ec2.options.AWSDescribeImagesOptionsTest) succeeded: 1ms
Test suite progress: tests succeeded: 10, failed: 0, skipped: 0.
Starting test testExecutableByNPE(org.jclouds.aws.ec2.options.AWSDescribeImagesOptionsTest)
[pool-11-thread-3] Test testExecutableByNPE(org.jclouds.aws.ec2.options.AWSDescribeImagesOptionsTest) succeeded: 2ms
Test suite progress: tests succeeded: 11, failed: 0, skipped: 0.
Starting test testImageIds(org.jclouds.aws.ec2.options.AWSDescribeImagesOptionsTest)
Starting test testExecutableBy(org.jclouds.aws.ec2.options.AWSDescribeImagesOptionsTest)
Starting test testExecutableByStatic(org.jclouds.aws.ec2.options.AWSDescribeImagesOptionsTest)
Starting test testImageIdsStatic(org.jclouds.aws.ec2.options.AWSDescribeImagesOptionsTest)
Starting test testMapFilters(org.jclouds.aws.ec2.options.AWSDescribeImagesOptionsTest)
[pool-11-thread-2] Test testExecutableBy(org.jclouds.aws.ec2.options.AWSDescribeImagesOptionsTest) succeeded: 3ms
Test suite progress: tests succeeded: 12, failed: 0, skipped: 0.
Starting test testMapFiltersStatic(org.jclouds.aws.ec2.options.AWSDescribeImagesOptionsTest)
[pool-11-thread-5] Test testImageIds(org.jclouds.aws.ec2.options.AWSDescribeImagesOptionsTest) succeeded: 3ms
Test suite progress: tests succeeded: 13, failed: 0, skipped: 0.
Starting test testMultimapFilters(org.jclouds.aws.ec2.options.AWSDescribeImagesOptionsTest)
[pool-11-thread-4] Test testExecutableByStatic(org.jclouds.aws.ec2.options.AWSDescribeImagesOptionsTest) succeeded: 4ms
Test suite progress: tests succeeded: 14, failed: 0, skipped: 0.
Starting test testMultimapFiltersStatic(org.jclouds.aws.ec2.options.AWSDescribeImagesOptionsTest)
[pool-11-thread-3] Test testImageIdsStatic(org.jclouds.aws.ec2.options.AWSDescribeImagesOptionsTest) succeeded: 6ms
Test suite progress: tests succeeded: 15, failed: 0, skipped: 0.
Starting test testMultipleImageIds(org.jclouds.aws.ec2.options.AWSDescribeImagesOptionsTest)
[pool-11-thread-3] Test testMultipleImageIds(org.jclouds.aws.ec2.options.AWSDescribeImagesOptionsTest) succeeded: 1ms
Test suite progress: tests succeeded: 16, failed: 0, skipped: 0.
Starting test testMultipleOwners(org.jclouds.aws.ec2.options.AWSDescribeImagesOptionsTest)
[pool-11-thread-3] Test testMultipleOwners(org.jclouds.aws.ec2.options.AWSDescribeImagesOptionsTest) succeeded: 0ms
Test suite progress: tests succeeded: 17, failed: 0, skipped: 0.
Starting test testNullExecutableBy(org.jclouds.aws.ec2.options.AWSDescribeImagesOptionsTest)
[pool-11-thread-3] Test testNullExecutableBy(org.jclouds.aws.ec2.options.AWSDescribeImagesOptionsTest) succeeded: 0ms
Test suite progress: tests succeeded: 18, failed: 0, skipped: 0.
Starting test testNullImageIds(org.jclouds.aws.ec2.options.AWSDescribeImagesOptionsTest)
[pool-11-thread-3] Test testNullImageIds(org.jclouds.aws.ec2.options.AWSDescribeImagesOptionsTest) succeeded: 0ms
Test suite progress: tests succeeded: 19, failed: 0, skipped: 0.
[pool-11-thread-2] Test testMapFiltersStatic(org.jclouds.aws.ec2.options.AWSDescribeImagesOptionsTest) succeeded: 8ms
Test suite progress: tests succeeded: 20, failed: 0, skipped: 0.
Starting test testOwners(org.jclouds.aws.ec2.options.AWSDescribeImagesOptionsTest)
[pool-11-thread-2] Test testOwners(org.jclouds.aws.ec2.options.AWSDescribeImagesOptionsTest) succeeded: 0ms
Test suite progress: tests succeeded: 21, failed: 0, skipped: 0.
Starting test testOwnersStatic(org.jclouds.aws.ec2.options.AWSDescribeImagesOptionsTest)
[pool-11-thread-2] Test testOwnersStatic(org.jclouds.aws.ec2.options.AWSDescribeImagesOptionsTest) succeeded: 0ms
Test suite progress: tests succeeded: 22, failed: 0, skipped: 0.
Starting test testCacheLoaderDoesNotReloadAfterAuthorizationException(org.jclouds.aws.ec2.compute.config.AWSEC2ComputeServiceContextModuleTest)
[pool-11-thread-4] Test testMultimapFiltersStatic(org.jclouds.aws.ec2.options.AWSDescribeImagesOptionsTest) succeeded: 10ms
Test suite progress: tests succeeded: 23, failed: 0, skipped: 0.
Starting test testParseAlesticCanonicalImage(org.jclouds.aws.ec2.compute.strategy.AWSEC2ImageParserTest)
Starting test testNullOwners(org.jclouds.aws.ec2.options.AWSDescribeImagesOptionsTest)
[pool-11-thread-3] Test testNullOwners(org.jclouds.aws.ec2.options.AWSDescribeImagesOptionsTest) succeeded: 0ms
Test suite progress: tests succeeded: 24, failed: 0, skipped: 0.
Starting test testParseAmznImage(org.jclouds.aws.ec2.compute.strategy.AWSEC2ImageParserTest)
[pool-11-thread-5] Test testMultimapFilters(org.jclouds.aws.ec2.options.AWSDescribeImagesOptionsTest) succeeded: 27ms
Test suite progress: tests succeeded: 25, failed: 0, skipped: 0.
Starting test testParseCCImage(org.jclouds.aws.ec2.compute.strategy.AWSEC2ImageParserTest)
[pool-11-thread-1] Test testMapFilters(org.jclouds.aws.ec2.options.AWSDescribeImagesOptionsTest) succeeded: 30ms
Test suite progress: tests succeeded: 26, failed: 0, skipped: 0.
Starting test testParseRightScaleImage(org.jclouds.aws.ec2.compute.strategy.AWSEC2ImageParserTest)
[pool-11-thread-5] Test testParseCCImage(org.jclouds.aws.ec2.compute.strategy.AWSEC2ImageParserTest) succeeded: 73ms
Test suite progress: tests succeeded: 27, failed: 0, skipped: 0.
Starting test testParseVostokImage(org.jclouds.aws.ec2.compute.strategy.AWSEC2ImageParserTest)
[pool-11-thread-4] Test testParseAlesticCanonicalImage(org.jclouds.aws.ec2.compute.strategy.AWSEC2ImageParserTest) succeeded: 154ms
Test suite progress: tests succeeded: 28, failed: 0, skipped: 0.
Starting test testNewWindowsName(org.jclouds.aws.ec2.compute.strategy.AWSEC2ReviseParsedImageTest)
[pool-11-thread-4] Test testNewWindowsName(org.jclouds.aws.ec2.compute.strategy.AWSEC2ReviseParsedImageTest) succeeded: 1ms
Test suite progress: tests succeeded: 29, failed: 0, skipped: 0.
Starting test testOldWindowsName(org.jclouds.aws.ec2.compute.strategy.AWSEC2ReviseParsedImageTest)
[pool-11-thread-4] Test testOldWindowsName(org.jclouds.aws.ec2.compute.strategy.AWSEC2ReviseParsedImageTest) succeeded: 0ms
Test suite progress: tests succeeded: 30, failed: 0, skipped: 0.
Starting test testDefaultGroupIdsVarArgsEmpty(org.jclouds.aws.ec2.compute.options.AWSEC2TemplateOptionsTest)
[pool-11-thread-4] Test testDefaultGroupIdsVarArgsEmpty(org.jclouds.aws.ec2.compute.options.AWSEC2TemplateOptionsTest) succeeded: 1ms
Test suite progress: tests succeeded: 31, failed: 0, skipped: 0.
[pool-11-thread-3] Test testParseAmznImage(org.jclouds.aws.ec2.compute.strategy.AWSEC2ImageParserTest) succeeded: 174ms
Starting test testDefaultGroupsVarArgsEmpty(org.jclouds.aws.ec2.compute.options.AWSEC2TemplateOptionsTest)
Test suite progress: tests succeeded: 32, failed: 0, skipped: 0.
[pool-11-thread-4] Test testDefaultGroupsVarArgsEmpty(org.jclouds.aws.ec2.compute.options.AWSEC2TemplateOptionsTest) succeeded: 0ms
Test suite progress: tests succeeded: 33, failed: 0, skipped: 0.
Starting test testDefaultOpen22(org.jclouds.aws.ec2.compute.options.AWSEC2TemplateOptionsTest)
Starting test testEnableMonitoringStatic(org.jclouds.aws.ec2.compute.options.AWSEC2TemplateOptionsTest)
[pool-11-thread-3] Test testDefaultOpen22(org.jclouds.aws.ec2.compute.options.AWSEC2TemplateOptionsTest) succeeded: 1ms
Test suite progress: tests succeeded: 34, failed: 0, skipped: 0.
Starting test testFalsenoKeyPair(org.jclouds.aws.ec2.compute.options.AWSEC2TemplateOptionsTest)
[pool-11-thread-3] Test testFalsenoKeyPair(org.jclouds.aws.ec2.compute.options.AWSEC2TemplateOptionsTest) succeeded: 0ms
Test suite progress: tests succeeded: 35, failed: 0, skipped: 0.
Starting test testMonitoringEnabled(org.jclouds.aws.ec2.compute.options.AWSEC2TemplateOptionsTest)
[pool-11-thread-3] Test testMonitoringEnabled(org.jclouds.aws.ec2.compute.options.AWSEC2TemplateOptionsTest) succeeded: 0ms
Test suite progress: tests succeeded: 36, failed: 0, skipped: 0.
Starting test testMonitoringEnabledDefault(org.jclouds.aws.ec2.compute.options.AWSEC2TemplateOptionsTest)
[pool-11-thread-3] Test testMonitoringEnabledDefault(org.jclouds.aws.ec2.compute.options.AWSEC2TemplateOptionsTest) succeeded: 0ms
Test suite progress: tests succeeded: 37, failed: 0, skipped: 0.
Starting test testNoKeyPairAndKeyPair(org.jclouds.aws.ec2.compute.options.AWSEC2TemplateOptionsTest)
[pool-11-thread-3] Test testNoKeyPairAndKeyPair(org.jclouds.aws.ec2.compute.options.AWSEC2TemplateOptionsTest) succeeded: 0ms
Test suite progress: tests succeeded: 38, failed: 0, skipped: 0.
Starting test testNullauthorizePublicKey(org.jclouds.aws.ec2.compute.options.AWSEC2TemplateOptionsTest)
[pool-11-thread-3] Test testNullauthorizePublicKey(org.jclouds.aws.ec2.compute.options.AWSEC2TemplateOptionsTest) succeeded: 2ms
Test suite progress: tests succeeded: 39, failed: 0, skipped: 0.
Starting test testNullblockOnPort(org.jclouds.aws.ec2.compute.options.AWSEC2TemplateOptionsTest)
[pool-11-thread-3] Test testNullblockOnPort(org.jclouds.aws.ec2.compute.options.AWSEC2TemplateOptionsTest) succeeded: 0ms
Test suite progress: tests succeeded: 40, failed: 0, skipped: 0.
Starting test testNullinstallPrivateKey(org.jclouds.aws.ec2.compute.options.AWSEC2TemplateOptionsTest)
[pool-11-thread-3] Test testNullinstallPrivateKey(org.jclouds.aws.ec2.compute.options.AWSEC2TemplateOptionsTest) succeeded: 0ms
Test suite progress: tests succeeded: 41, failed: 0, skipped: 0.
Starting test testNullkeyPair(org.jclouds.aws.ec2.compute.options.AWSEC2TemplateOptionsTest)
[pool-11-thread-3] Test testNullkeyPair(org.jclouds.aws.ec2.compute.options.AWSEC2TemplateOptionsTest) succeeded: 0ms
Test suite progress: tests succeeded: 42, failed: 0, skipped: 0.
Starting test testauthorizePublicKey(org.jclouds.aws.ec2.compute.options.AWSEC2TemplateOptionsTest)
[pool-11-thread-3] Test testauthorizePublicKey(org.jclouds.aws.ec2.compute.options.AWSEC2TemplateOptionsTest) succeeded: 0ms
Test suite progress: tests succeeded: 43, failed: 0, skipped: 0.
Starting test testauthorizePublicKeyBadFormat(org.jclouds.aws.ec2.compute.options.AWSEC2TemplateOptionsTest)
[pool-11-thread-3] Test testauthorizePublicKeyBadFormat(org.jclouds.aws.ec2.compute.options.AWSEC2TemplateOptionsTest) succeeded: 0ms
Test suite progress: tests succeeded: 44, failed: 0, skipped: 0.
Starting test testauthorizePublicKeyNPE(org.jclouds.aws.ec2.compute.options.AWSEC2TemplateOptionsTest)
[pool-11-thread-3] Test testauthorizePublicKeyNPE(org.jclouds.aws.ec2.compute.options.AWSEC2TemplateOptionsTest) succeeded: 1ms
Test suite progress: tests succeeded: 45, failed: 0, skipped: 0.
Starting test testauthorizePublicKeyStatic(org.jclouds.aws.ec2.compute.options.AWSEC2TemplateOptionsTest)
[pool-11-thread-3] Test testauthorizePublicKeyStatic(org.jclouds.aws.ec2.compute.options.AWSEC2TemplateOptionsTest) succeeded: 0ms
Test suite progress: tests succeeded: 46, failed: 0, skipped: 0.
Starting test testblockOnPort(org.jclouds.aws.ec2.compute.options.AWSEC2TemplateOptionsTest)
[pool-11-thread-3] Test testblockOnPort(org.jclouds.aws.ec2.compute.options.AWSEC2TemplateOptionsTest) succeeded: 0ms
Test suite progress: tests succeeded: 47, failed: 0, skipped: 0.
Starting test testblockOnPortBadFormat(org.jclouds.aws.ec2.compute.options.AWSEC2TemplateOptionsTest)
[pool-11-thread-3] Test testblockOnPortBadFormat(org.jclouds.aws.ec2.compute.options.AWSEC2TemplateOptionsTest) succeeded: 0ms
Test suite progress: tests succeeded: 48, failed: 0, skipped: 0.
Starting test testblockOnPortStatic(org.jclouds.aws.ec2.compute.options.AWSEC2TemplateOptionsTest)
[pool-11-thread-3] Test testblockOnPortStatic(org.jclouds.aws.ec2.compute.options.AWSEC2TemplateOptionsTest) succeeded: 0ms
Test suite progress: tests succeeded: 49, failed: 0, skipped: 0.
Starting test testinboundPorts(org.jclouds.aws.ec2.compute.options.AWSEC2TemplateOptionsTest)
[pool-11-thread-3] Test testinboundPorts(org.jclouds.aws.ec2.compute.options.AWSEC2TemplateOptionsTest) succeeded: 0ms
Test suite progress: tests succeeded: 50, failed: 0, skipped: 0.
Starting test testinboundPortsBadFormat(org.jclouds.aws.ec2.compute.options.AWSEC2TemplateOptionsTest)
[pool-11-thread-3] Test testinboundPortsBadFormat(org.jclouds.aws.ec2.compute.options.AWSEC2TemplateOptionsTest) succeeded: 0ms
Test suite progress: tests succeeded: 51, failed: 0, skipped: 0.
Starting test testinboundPortsStatic(org.jclouds.aws.ec2.compute.options.AWSEC2TemplateOptionsTest)
[pool-11-thread-3] Test testinboundPortsStatic(org.jclouds.aws.ec2.compute.options.AWSEC2TemplateOptionsTest) succeeded: 0ms
Test suite progress: tests succeeded: 52, failed: 0, skipped: 0.
Starting test testinstallPrivateKey(org.jclouds.aws.ec2.compute.options.AWSEC2TemplateOptionsTest)
[pool-11-thread-3] Test testinstallPrivateKey(org.jclouds.aws.ec2.compute.options.AWSEC2TemplateOptionsTest) succeeded: 0ms
Test suite progress: tests succeeded: 53, failed: 0, skipped: 0.
Starting test testinstallPrivateKeyBadFormat(org.jclouds.aws.ec2.compute.options.AWSEC2TemplateOptionsTest)
[pool-11-thread-3] Test testinstallPrivateKeyBadFormat(org.jclouds.aws.ec2.compute.options.AWSEC2TemplateOptionsTest) succeeded: 0ms
Test suite progress: tests succeeded: 54, failed: 0, skipped: 0.
Starting test testinstallPrivateKeyNPE(org.jclouds.aws.ec2.compute.options.AWSEC2TemplateOptionsTest)
[pool-11-thread-3] Test testinstallPrivateKeyNPE(org.jclouds.aws.ec2.compute.options.AWSEC2TemplateOptionsTest) succeeded: 0ms
Test suite progress: tests succeeded: 55, failed: 0, skipped: 0.
Starting test testinstallPrivateKeyStatic(org.jclouds.aws.ec2.compute.options.AWSEC2TemplateOptionsTest)
[pool-11-thread-3] Test testinstallPrivateKeyStatic(org.jclouds.aws.ec2.compute.options.AWSEC2TemplateOptionsTest) succeeded: 0ms
Test suite progress: tests succeeded: 56, failed: 0, skipped: 0.
Starting test testkeyPair(org.jclouds.aws.ec2.compute.options.AWSEC2TemplateOptionsTest)
[pool-11-thread-3] Test testkeyPair(org.jclouds.aws.ec2.compute.options.AWSEC2TemplateOptionsTest) succeeded: 0ms
Test suite progress: tests succeeded: 57, failed: 0, skipped: 0.
Starting test testkeyPairAndNoKeyPair(org.jclouds.aws.ec2.compute.options.AWSEC2TemplateOptionsTest)
[pool-11-thread-3] Test testkeyPairAndNoKeyPair(org.jclouds.aws.ec2.compute.options.AWSEC2TemplateOptionsTest) succeeded: 0ms
Test suite progress: tests succeeded: 58, failed: 0, skipped: 0.
Starting test testkeyPairBadFormat(org.jclouds.aws.ec2.compute.options.AWSEC2TemplateOptionsTest)
[pool-11-thread-3] Test testkeyPairBadFormat(org.jclouds.aws.ec2.compute.options.AWSEC2TemplateOptionsTest) succeeded: 0ms
Test suite progress: tests succeeded: 59, failed: 0, skipped: 0.
Starting test testkeyPairNPE(org.jclouds.aws.ec2.compute.options.AWSEC2TemplateOptionsTest)
[pool-11-thread-3] Test testkeyPairNPE(org.jclouds.aws.ec2.compute.options.AWSEC2TemplateOptionsTest) succeeded: 0ms
Test suite progress: tests succeeded: 60, failed: 0, skipped: 0.
Starting test testkeyPairStatic(org.jclouds.aws.ec2.compute.options.AWSEC2TemplateOptionsTest)
[pool-11-thread-3] Test testkeyPairStatic(org.jclouds.aws.ec2.compute.options.AWSEC2TemplateOptionsTest) succeeded: 0ms
Test suite progress: tests succeeded: 61, failed: 0, skipped: 0.
Starting test testnoKeyPair(org.jclouds.aws.ec2.compute.options.AWSEC2TemplateOptionsTest)
[pool-11-thread-3] Test testnoKeyPair(org.jclouds.aws.ec2.compute.options.AWSEC2TemplateOptionsTest) succeeded: 0ms
Test suite progress: tests succeeded: 62, failed: 0, skipped: 0.
Starting test testnoKeyPairStatic(org.jclouds.aws.ec2.compute.options.AWSEC2TemplateOptionsTest)
[pool-11-thread-3] Test testnoKeyPairStatic(org.jclouds.aws.ec2.compute.options.AWSEC2TemplateOptionsTest) succeeded: 0ms
Test suite progress: tests succeeded: 63, failed: 0, skipped: 0.
Starting test testsecurityGroupIdsIterable(org.jclouds.aws.ec2.compute.options.AWSEC2TemplateOptionsTest)
[pool-11-thread-3] Test testsecurityGroupIdsIterable(org.jclouds.aws.ec2.compute.options.AWSEC2TemplateOptionsTest) succeeded: 1ms
Test suite progress: tests succeeded: 64, failed: 0, skipped: 0.
[pool-11-thread-4] Test testEnableMonitoringStatic(org.jclouds.aws.ec2.compute.options.AWSEC2TemplateOptionsTest) succeeded: 52ms
Test suite progress: tests succeeded: 65, failed: 0, skipped: 0.
Starting test testsecurityGroupIdsIterableEmptyNotOk(org.jclouds.aws.ec2.compute.options.AWSEC2TemplateOptionsTest)
[pool-11-thread-4] Test testsecurityGroupIdsIterableEmptyNotOk(org.jclouds.aws.ec2.compute.options.AWSEC2TemplateOptionsTest) succeeded: 0ms
Test suite progress: tests succeeded: 66, failed: 0, skipped: 0.
Starting test testsecurityGroupIdsIterableStatic(org.jclouds.aws.ec2.compute.options.AWSEC2TemplateOptionsTest)
[pool-11-thread-4] Test testsecurityGroupIdsIterableStatic(org.jclouds.aws.ec2.compute.options.AWSEC2TemplateOptionsTest) succeeded: 0ms
Test suite progress: tests succeeded: 67, failed: 0, skipped: 0.
Starting test testsecurityGroupIdsVarArgs(org.jclouds.aws.ec2.compute.options.AWSEC2TemplateOptionsTest)
[pool-11-thread-4] Test testsecurityGroupIdsVarArgs(org.jclouds.aws.ec2.compute.options.AWSEC2TemplateOptionsTest) succeeded: 0ms
Test suite progress: tests succeeded: 68, failed: 0, skipped: 0.
Starting test testsecurityGroupIdsVarArgsBadFormat(org.jclouds.aws.ec2.compute.options.AWSEC2TemplateOptionsTest)
[pool-11-thread-4] Test testsecurityGroupIdsVarArgsBadFormat(org.jclouds.aws.ec2.compute.options.AWSEC2TemplateOptionsTest) succeeded: 0ms
Test suite progress: tests succeeded: 69, failed: 0, skipped: 0.
Starting test testsecurityGroupIdsVarArgsEmptyNotOk(org.jclouds.aws.ec2.compute.options.AWSEC2TemplateOptionsTest)
[pool-11-thread-4] Test testsecurityGroupIdsVarArgsEmptyNotOk(org.jclouds.aws.ec2.compute.options.AWSEC2TemplateOptionsTest) succeeded: 1ms
Test suite progress: tests succeeded: 70, failed: 0, skipped: 0.
Starting test testsecurityGroupIdsVarArgsStatic(org.jclouds.aws.ec2.compute.options.AWSEC2TemplateOptionsTest)
[pool-11-thread-4] Test testsecurityGroupIdsVarArgsStatic(org.jclouds.aws.ec2.compute.options.AWSEC2TemplateOptionsTest) succeeded: 0ms
Test suite progress: tests succeeded: 71, failed: 0, skipped: 0.
Starting test testsecurityGroupIdsIterableBadFormat(org.jclouds.aws.ec2.compute.options.AWSEC2TemplateOptionsTest)
[pool-11-thread-3] Test testsecurityGroupIdsIterableBadFormat(org.jclouds.aws.ec2.compute.options.AWSEC2TemplateOptionsTest) succeeded: 0ms
Test suite progress: tests succeeded: 72, failed: 0, skipped: 0.
Starting test testsecurityGroupsIterable(org.jclouds.aws.ec2.compute.options.AWSEC2TemplateOptionsTest)
[pool-11-thread-4] Test testsecurityGroupsIterable(org.jclouds.aws.ec2.compute.options.AWSEC2TemplateOptionsTest) succeeded: 1ms
Test suite progress: tests succeeded: 73, failed: 0, skipped: 0.
Starting test testsecurityGroupsIterableBadFormat(org.jclouds.aws.ec2.compute.options.AWSEC2TemplateOptionsTest)
[pool-11-thread-4] Test testsecurityGroupsIterableBadFormat(org.jclouds.aws.ec2.compute.options.AWSEC2TemplateOptionsTest) succeeded: 0ms
Test suite progress: tests succeeded: 74, failed: 0, skipped: 0.
Starting test testsecurityGroupsIterableEmptyNotOk(org.jclouds.aws.ec2.compute.options.AWSEC2TemplateOptionsTest)
[pool-11-thread-4] Test testsecurityGroupsIterableEmptyNotOk(org.jclouds.aws.ec2.compute.options.AWSEC2TemplateOptionsTest) succeeded: 0ms
Test suite progress: tests succeeded: 75, failed: 0, skipped: 0.
Starting test testsecurityGroupsIterableStatic(org.jclouds.aws.ec2.compute.options.AWSEC2TemplateOptionsTest)
[pool-11-thread-4] Test testsecurityGroupsIterableStatic(org.jclouds.aws.ec2.compute.options.AWSEC2TemplateOptionsTest) succeeded: 0ms
Test suite progress: tests succeeded: 76, failed: 0, skipped: 0.
Starting test testsecurityGroupsVarArgs(org.jclouds.aws.ec2.compute.options.AWSEC2TemplateOptionsTest)
[pool-11-thread-4] Test testsecurityGroupsVarArgs(org.jclouds.aws.ec2.compute.options.AWSEC2TemplateOptionsTest) succeeded: 0ms
Test suite progress: tests succeeded: 77, failed: 0, skipped: 0.
Starting test testsecurityGroupsVarArgsBadFormat(org.jclouds.aws.ec2.compute.options.AWSEC2TemplateOptionsTest)
[pool-11-thread-4] Test testsecurityGroupsVarArgsBadFormat(org.jclouds.aws.ec2.compute.options.AWSEC2TemplateOptionsTest) succeeded: 0ms
Test suite progress: tests succeeded: 78, failed: 0, skipped: 0.
Starting test testsecurityGroupsVarArgsEmptyNotOk(org.jclouds.aws.ec2.compute.options.AWSEC2TemplateOptionsTest)
[pool-11-thread-4] Test testsecurityGroupsVarArgsEmptyNotOk(org.jclouds.aws.ec2.compute.options.AWSEC2TemplateOptionsTest) succeeded: 0ms
Test suite progress: tests succeeded: 79, failed: 0, skipped: 0.
Starting test testsecurityGroupsVarArgsStatic(org.jclouds.aws.ec2.compute.options.AWSEC2TemplateOptionsTest)
[pool-11-thread-4] Test testsecurityGroupsVarArgsStatic(org.jclouds.aws.ec2.compute.options.AWSEC2TemplateOptionsTest) succeeded: 1ms
Test suite progress: tests succeeded: 80, failed: 0, skipped: 0.
Starting test testAssignability(org.jclouds.aws.ec2.options.AWSRunInstancesOptionsTest)
[pool-11-thread-4] Test testAssignability(org.jclouds.aws.ec2.options.AWSRunInstancesOptionsTest) succeeded: 0ms
Test suite progress: tests succeeded: 81, failed: 0, skipped: 0.
Starting test testNullWithAdditionalInfo(org.jclouds.aws.ec2.options.AWSRunInstancesOptionsTest)
[pool-11-thread-4] Test testNullWithAdditionalInfo(org.jclouds.aws.ec2.options.AWSRunInstancesOptionsTest) succeeded: 2ms
Test suite progress: tests succeeded: 82, failed: 0, skipped: 0.
Starting test testNullWithBlockDeviceMapping(org.jclouds.aws.ec2.options.AWSRunInstancesOptionsTest)
[pool-11-thread-4] Test testNullWithBlockDeviceMapping(org.jclouds.aws.ec2.options.AWSRunInstancesOptionsTest) succeeded: 0ms
Test suite progress: tests succeeded: 83, failed: 0, skipped: 0.
Starting test testNullWithInstanceType(org.jclouds.aws.ec2.options.AWSRunInstancesOptionsTest)
[pool-11-thread-4] Test testNullWithInstanceType(org.jclouds.aws.ec2.options.AWSRunInstancesOptionsTest) succeeded: 0ms
Test suite progress: tests succeeded: 84, failed: 0, skipped: 0.
Starting test testNullWithKernelId(org.jclouds.aws.ec2.options.AWSRunInstancesOptionsTest)
[pool-11-thread-4] Test testNullWithKernelId(org.jclouds.aws.ec2.options.AWSRunInstancesOptionsTest) succeeded: 0ms
Test suite progress: tests succeeded: 85, failed: 0, skipped: 0.
Starting test testNullWithKeyName(org.jclouds.aws.ec2.options.AWSRunInstancesOptionsTest)
[pool-11-thread-4] Test testNullWithKeyName(org.jclouds.aws.ec2.options.AWSRunInstancesOptionsTest) succeeded: 0ms
Test suite progress: tests succeeded: 86, failed: 0, skipped: 0.
Starting test testNullWithMonitoringEnabled(org.jclouds.aws.ec2.options.AWSRunInstancesOptionsTest)
[pool-11-thread-4] Test testNullWithMonitoringEnabled(org.jclouds.aws.ec2.options.AWSRunInstancesOptionsTest) succeeded: 1ms
Test suite progress: tests succeeded: 87, failed: 0, skipped: 0.
Starting test testNullWithRamdisk(org.jclouds.aws.ec2.options.AWSRunInstancesOptionsTest)
[pool-11-thread-4] Test testNullWithRamdisk(org.jclouds.aws.ec2.options.AWSRunInstancesOptionsTest) succeeded: 0ms
Test suite progress: tests succeeded: 88, failed: 0, skipped: 0.
Starting test testNullWithSecurityGroup(org.jclouds.aws.ec2.options.AWSRunInstancesOptionsTest)
[pool-11-thread-4] Test testNullWithSecurityGroup(org.jclouds.aws.ec2.options.AWSRunInstancesOptionsTest) succeeded: 0ms
Test suite progress: tests succeeded: 89, failed: 0, skipped: 0.
Starting test testNullWithSecurityGroupId(org.jclouds.aws.ec2.options.AWSRunInstancesOptionsTest)
[pool-11-thread-4] Test testNullWithSecurityGroupId(org.jclouds.aws.ec2.options.AWSRunInstancesOptionsTest) succeeded: 0ms
Test suite progress: tests succeeded: 90, failed: 0, skipped: 0.
Starting test testNullWithSubnetId(org.jclouds.aws.ec2.options.AWSRunInstancesOptionsTest)
[pool-11-thread-4] Test testNullWithSubnetId(org.jclouds.aws.ec2.options.AWSRunInstancesOptionsTest) succeeded: 0ms
Test suite progress: tests succeeded: 91, failed: 0, skipped: 0.
Starting test testNullWithUserData(org.jclouds.aws.ec2.options.AWSRunInstancesOptionsTest)
[pool-11-thread-4] Test testNullWithUserData(org.jclouds.aws.ec2.options.AWSRunInstancesOptionsTest) succeeded: 0ms
Test suite progress: tests succeeded: 92, failed: 0, skipped: 0.
Starting test testNullWithVirtualName(org.jclouds.aws.ec2.options.AWSRunInstancesOptionsTest)
[pool-11-thread-4] Test testNullWithVirtualName(org.jclouds.aws.ec2.options.AWSRunInstancesOptionsTest) succeeded: 0ms
Test suite progress: tests succeeded: 93, failed: 0, skipped: 0.
Starting test testWithBlockDeviceMapping(org.jclouds.aws.ec2.options.AWSRunInstancesOptionsTest)
[pool-11-thread-4] Test testWithBlockDeviceMapping(org.jclouds.aws.ec2.options.AWSRunInstancesOptionsTest) succeeded: 2ms
Test suite progress: tests succeeded: 94, failed: 0, skipped: 0.
Starting test testWithBlockDeviceMappingNPE(org.jclouds.aws.ec2.options.AWSRunInstancesOptionsTest)
[pool-11-thread-4] Test testWithBlockDeviceMappingNPE(org.jclouds.aws.ec2.options.AWSRunInstancesOptionsTest) succeeded: 1ms
Test suite progress: tests succeeded: 95, failed: 0, skipped: 0.
Starting test testWithBlockDeviceMappingStatic(org.jclouds.aws.ec2.options.AWSRunInstancesOptionsTest)
[pool-11-thread-4] Test testWithBlockDeviceMappingStatic(org.jclouds.aws.ec2.options.AWSRunInstancesOptionsTest) succeeded: 1ms
Test suite progress: tests succeeded: 96, failed: 0, skipped: 0.
Starting test testWithInstanceType(org.jclouds.aws.ec2.options.AWSRunInstancesOptionsTest)
[pool-11-thread-4] Test testWithInstanceType(org.jclouds.aws.ec2.options.AWSRunInstancesOptionsTest) succeeded: 0ms
Test suite progress: tests succeeded: 97, failed: 0, skipped: 0.
Starting test testWithInstanceTypeNPE(org.jclouds.aws.ec2.options.AWSRunInstancesOptionsTest)
[pool-11-thread-4] Test testWithInstanceTypeNPE(org.jclouds.aws.ec2.options.AWSRunInstancesOptionsTest) succeeded: 1ms
Test suite progress: tests succeeded: 98, failed: 0, skipped: 0.
Starting test testWithInstanceTypeStatic(org.jclouds.aws.ec2.options.AWSRunInstancesOptionsTest)
[pool-11-thread-4] Test testWithInstanceTypeStatic(org.jclouds.aws.ec2.options.AWSRunInstancesOptionsTest) succeeded: 0ms
Test suite progress: tests succeeded: 99, failed: 0, skipped: 0.
[pool-11-thread-5] Test testParseVostokImage(org.jclouds.aws.ec2.compute.strategy.AWSEC2ImageParserTest) succeeded: 166ms
Test suite progress: tests succeeded: 100, failed: 0, skipped: 0.
Starting test testWithKernelIdNPE(org.jclouds.aws.ec2.options.AWSRunInstancesOptionsTest)
[pool-11-thread-5] Test testWithKernelIdNPE(org.jclouds.aws.ec2.options.AWSRunInstancesOptionsTest) succeeded: 0ms
Test suite progress: tests succeeded: 101, failed: 0, skipped: 0.
Starting test testWithKernelIdStatic(org.jclouds.aws.ec2.options.AWSRunInstancesOptionsTest)
[pool-11-thread-3] Test testWithKernelIdStatic(org.jclouds.aws.ec2.options.AWSRunInstancesOptionsTest) succeeded: 0ms
Test suite progress: tests succeeded: 102, failed: 0, skipped: 0.
Starting test testWithKeyName(org.jclouds.aws.ec2.options.AWSRunInstancesOptionsTest)
[pool-11-thread-3] Test testWithKeyName(org.jclouds.aws.ec2.options.AWSRunInstancesOptionsTest) succeeded: 0ms
Test suite progress: tests succeeded: 103, failed: 0, skipped: 0.
Starting test testWithKeyNameNPE(org.jclouds.aws.ec2.options.AWSRunInstancesOptionsTest)
[pool-11-thread-3] Test testWithKeyNameNPE(org.jclouds.aws.ec2.options.AWSRunInstancesOptionsTest) succeeded: 1ms
Test suite progress: tests succeeded: 104, failed: 0, skipped: 0.
Starting test testWithKeyNameStatic(org.jclouds.aws.ec2.options.AWSRunInstancesOptionsTest)
[pool-11-thread-3] Test testWithKeyNameStatic(org.jclouds.aws.ec2.options.AWSRunInstancesOptionsTest) succeeded: 0ms
Test suite progress: tests succeeded: 105, failed: 0, skipped: 0.
Starting test testWithMonitoringEnabled(org.jclouds.aws.ec2.options.AWSRunInstancesOptionsTest)
Starting test testWithMonitoringEnabledStatic(org.jclouds.aws.ec2.options.AWSRunInstancesOptionsTest)
Starting test testWithKernelId(org.jclouds.aws.ec2.options.AWSRunInstancesOptionsTest)
[pool-11-thread-4] Test testWithKernelId(org.jclouds.aws.ec2.options.AWSRunInstancesOptionsTest) succeeded: 0ms
Test suite progress: tests succeeded: 106, failed: 0, skipped: 0.
Starting test testWithRamdisk(org.jclouds.aws.ec2.options.AWSRunInstancesOptionsTest)
[pool-11-thread-5] Test testWithMonitoringEnabledStatic(org.jclouds.aws.ec2.options.AWSRunInstancesOptionsTest) succeeded: 2ms
Test suite progress: tests succeeded: 107, failed: 0, skipped: 0.
Starting test testWithRamdiskNPE(org.jclouds.aws.ec2.options.AWSRunInstancesOptionsTest)
[pool-11-thread-5] Test testWithRamdiskNPE(org.jclouds.aws.ec2.options.AWSRunInstancesOptionsTest) succeeded: 0ms
Test suite progress: tests succeeded: 108, failed: 0, skipped: 0.
Starting test testWithRamdiskStatic(org.jclouds.aws.ec2.options.AWSRunInstancesOptionsTest)
[pool-11-thread-5] Test testWithRamdiskStatic(org.jclouds.aws.ec2.options.AWSRunInstancesOptionsTest) succeeded: 0ms
Test suite progress: tests succeeded: 109, failed: 0, skipped: 0.
Starting test testWithSecurityGroup(org.jclouds.aws.ec2.options.AWSRunInstancesOptionsTest)
[pool-11-thread-5] Test testWithSecurityGroup(org.jclouds.aws.ec2.options.AWSRunInstancesOptionsTest) succeeded: 0ms
Test suite progress: tests succeeded: 110, failed: 0, skipped: 0.
Starting test testWithSecurityGroupId(org.jclouds.aws.ec2.options.AWSRunInstancesOptionsTest)
[pool-11-thread-5] Test testWithSecurityGroupId(org.jclouds.aws.ec2.options.AWSRunInstancesOptionsTest) succeeded: 1ms
Test suite progress: tests succeeded: 111, failed: 0, skipped: 0.
Starting test testWithSecurityGroupIdNPE(org.jclouds.aws.ec2.options.AWSRunInstancesOptionsTest)
[pool-11-thread-5] Test testWithSecurityGroupIdNPE(org.jclouds.aws.ec2.options.AWSRunInstancesOptionsTest) succeeded: 0ms
Test suite progress: tests succeeded: 112, failed: 0, skipped: 0.
Starting test testWithSecurityGroupIdStatic(org.jclouds.aws.ec2.options.AWSRunInstancesOptionsTest)
[pool-11-thread-5] Test testWithSecurityGroupIdStatic(org.jclouds.aws.ec2.options.AWSRunInstancesOptionsTest) succeeded: 0ms
Test suite progress: tests succeeded: 113, failed: 0, skipped: 0.
Starting test testWithSecurityGroupNPE(org.jclouds.aws.ec2.options.AWSRunInstancesOptionsTest)
[pool-11-thread-5] Test testWithSecurityGroupNPE(org.jclouds.aws.ec2.options.AWSRunInstancesOptionsTest) succeeded: 0ms
Test suite progress: tests succeeded: 114, failed: 0, skipped: 0.
Starting test testWithSecurityGroupStatic(org.jclouds.aws.ec2.options.AWSRunInstancesOptionsTest)
[pool-11-thread-5] Test testWithSecurityGroupStatic(org.jclouds.aws.ec2.options.AWSRunInstancesOptionsTest) succeeded: 0ms
Test suite progress: tests succeeded: 115, failed: 0, skipped: 0.
[pool-11-thread-1] Test testParseRightScaleImage(org.jclouds.aws.ec2.compute.strategy.AWSEC2ImageParserTest) succeeded: 245ms
Test suite progress: tests succeeded: 116, failed: 0, skipped: 0.
Starting test testWithSubnetId(org.jclouds.aws.ec2.options.AWSRunInstancesOptionsTest)
[pool-11-thread-5] Test testWithSubnetId(org.jclouds.aws.ec2.options.AWSRunInstancesOptionsTest) succeeded: 0ms
Test suite progress: tests succeeded: 117, failed: 0, skipped: 0.
[pool-11-thread-3] Test testWithMonitoringEnabled(org.jclouds.aws.ec2.options.AWSRunInstancesOptionsTest) succeeded: 8ms
Test suite progress: tests succeeded: 118, failed: 0, skipped: 0.
[pool-11-thread-4] Test testWithRamdisk(org.jclouds.aws.ec2.options.AWSRunInstancesOptionsTest) succeeded: 6ms
Test suite progress: tests succeeded: 119, failed: 0, skipped: 0.
Starting test testWithSubnetIdStatic(org.jclouds.aws.ec2.options.AWSRunInstancesOptionsTest)
Starting test testWithSubnetIdNPE(org.jclouds.aws.ec2.options.AWSRunInstancesOptionsTest)
Starting test testWithUserData(org.jclouds.aws.ec2.options.AWSRunInstancesOptionsTest)
[pool-11-thread-5] Test testWithSubnetIdNPE(org.jclouds.aws.ec2.options.AWSRunInstancesOptionsTest) succeeded: 0ms
Test suite progress: tests succeeded: 120, failed: 0, skipped: 0.
[pool-11-thread-3] Test testWithUserData(org.jclouds.aws.ec2.options.AWSRunInstancesOptionsTest) succeeded: 0ms
Test suite progress: tests succeeded: 121, failed: 0, skipped: 0.
Starting test testWithUserDataNPE(org.jclouds.aws.ec2.options.AWSRunInstancesOptionsTest)
Starting test testWithUserDataStatic(org.jclouds.aws.ec2.options.AWSRunInstancesOptionsTest)
[pool-11-thread-5] Test testWithUserDataNPE(org.jclouds.aws.ec2.options.AWSRunInstancesOptionsTest) succeeded: 0ms
Test suite progress: tests succeeded: 122, failed: 0, skipped: 0.
[pool-11-thread-3] Test testWithUserDataStatic(org.jclouds.aws.ec2.options.AWSRunInstancesOptionsTest) succeeded: 0ms
Test suite progress: tests succeeded: 123, failed: 0, skipped: 0.
Starting test test2Nodes(org.jclouds.aws.ec2.compute.functions.AWSRunningInstanceToNodeMetadataTest)
Starting test testApplyWithBlockDeviceMappings(org.jclouds.aws.ec2.binders.BindLaunchSpecificationToFormParamsTest)
[pool-11-thread-1] Test testWithSubnetIdStatic(org.jclouds.aws.ec2.options.AWSRunInstancesOptionsTest) succeeded: 4ms
Test suite progress: tests succeeded: 124, failed: 0, skipped: 0.
Starting test testApplyWithSecurityId(org.jclouds.aws.ec2.binders.BindLaunchSpecificationToFormParamsTest)
Starting test testWithUserDataEmpty(org.jclouds.aws.ec2.options.AWSRunInstancesOptionsTest)
[pool-11-thread-4] Test testWithUserDataEmpty(org.jclouds.aws.ec2.options.AWSRunInstancesOptionsTest) succeeded: 0ms
Test suite progress: tests succeeded: 125, failed: 0, skipped: 0.
Starting test testApplyWithUserData(org.jclouds.aws.ec2.binders.BindLaunchSpecificationToFormParamsTest)
[pool-11-thread-3] Test testApplyWithBlockDeviceMappings(org.jclouds.aws.ec2.binders.BindLaunchSpecificationToFormParamsTest) succeeded: 23ms
Test suite progress: tests succeeded: 126, failed: 0, skipped: 0.
Starting test test(org.jclouds.aws.ec2.binders.BindResourceIdsToIndexedFormParamsTest)
[pool-11-thread-1] Test testApplyWithSecurityId(org.jclouds.aws.ec2.binders.BindLaunchSpecificationToFormParamsTest) succeeded: 20ms
Test suite progress: tests succeeded: 127, failed: 0, skipped: 0.
Starting test testMustBeArray(org.jclouds.aws.ec2.binders.BindResourceIdsToIndexedFormParamsTest)
[pool-11-thread-1] Test testMustBeArray(org.jclouds.aws.ec2.binders.BindResourceIdsToIndexedFormParamsTest) succeeded: 2ms
Test suite progress: tests succeeded: 128, failed: 0, skipped: 0.
Starting test testNullIsBad(org.jclouds.aws.ec2.binders.BindResourceIdsToIndexedFormParamsTest)
[pool-11-thread-1] Test testNullIsBad(org.jclouds.aws.ec2.binders.BindResourceIdsToIndexedFormParamsTest) succeeded: 0ms
Test suite progress: tests succeeded: 129, failed: 0, skipped: 0.
Starting test testAnyKey(org.jclouds.aws.ec2.binders.BindTagFiltersToIndexedFormParamsTest)
[pool-11-thread-4] Test testApplyWithUserData(org.jclouds.aws.ec2.binders.BindLaunchSpecificationToFormParamsTest) succeeded: 27ms
Test suite progress: tests succeeded: 130, failed: 0, skipped: 0.
Starting test testAnyKeyBuilder(org.jclouds.aws.ec2.binders.BindTagFiltersToIndexedFormParamsTest)
[pool-11-thread-5] Test test2Nodes(org.jclouds.aws.ec2.compute.functions.AWSRunningInstanceToNodeMetadataTest) succeeded: 35ms
Test suite progress: tests succeeded: 131, failed: 0, skipped: 0.
Starting test testKeyWithValueBuilder(org.jclouds.aws.ec2.binders.BindTagFiltersToIndexedFormParamsTest)
[pool-11-thread-3] Test test(org.jclouds.aws.ec2.binders.BindResourceIdsToIndexedFormParamsTest) succeeded: 24ms
Test suite progress: tests succeeded: 132, failed: 0, skipped: 0.
[pool-11-thread-1] Test testAnyKey(org.jclouds.aws.ec2.binders.BindTagFiltersToIndexedFormParamsTest) succeeded: 18ms
Test suite progress: tests succeeded: 133, failed: 0, skipped: 0.
Starting test testMultipleKeys(org.jclouds.aws.ec2.binders.BindTagFiltersToIndexedFormParamsTest)
Starting test testMultipleKeysBuilder(org.jclouds.aws.ec2.binders.BindTagFiltersToIndexedFormParamsTest)
[pool-11-thread-1] Test testMultipleKeysBuilder(org.jclouds.aws.ec2.binders.BindTagFiltersToIndexedFormParamsTest) succeeded: 0ms
Test suite progress: tests succeeded: 134, failed: 0, skipped: 0.
[pool-11-thread-3] Test testMultipleKeys(org.jclouds.aws.ec2.binders.BindTagFiltersToIndexedFormParamsTest) succeeded: 0ms
Test suite progress: tests succeeded: 135, failed: 0, skipped: 0.
Starting test testMultipleResourceTypes(org.jclouds.aws.ec2.binders.BindTagFiltersToIndexedFormParamsTest)
Starting test testMultipleResourceTypesBuilder(org.jclouds.aws.ec2.binders.BindTagFiltersToIndexedFormParamsTest)
[pool-11-thread-1] Test testMultipleResourceTypes(org.jclouds.aws.ec2.binders.BindTagFiltersToIndexedFormParamsTest) succeeded: 1ms
Test suite progress: tests succeeded: 136, failed: 0, skipped: 0.
Starting test testMustBeArray(org.jclouds.aws.ec2.binders.BindTagFiltersToIndexedFormParamsTest)
[pool-11-thread-1] Test testMustBeArray(org.jclouds.aws.ec2.binders.BindTagFiltersToIndexedFormParamsTest) succeeded: 0ms
Test suite progress: tests succeeded: 137, failed: 0, skipped: 0.
Starting test testNullIsBad(org.jclouds.aws.ec2.binders.BindTagFiltersToIndexedFormParamsTest)
[pool-11-thread-1] Test testNullIsBad(org.jclouds.aws.ec2.binders.BindTagFiltersToIndexedFormParamsTest) succeeded: 0ms
Test suite progress: tests succeeded: 138, failed: 0, skipped: 0.
Starting test testkeyWithValue(org.jclouds.aws.ec2.binders.BindTagFiltersToIndexedFormParamsTest)
[pool-11-thread-1] Test testkeyWithValue(org.jclouds.aws.ec2.binders.BindTagFiltersToIndexedFormParamsTest) succeeded: 0ms
Test suite progress: tests succeeded: 139, failed: 0, skipped: 0.
Starting test test(org.jclouds.aws.ec2.binders.BindTagsToIndexedFormParamsTest)
[pool-11-thread-1] Test test(org.jclouds.aws.ec2.binders.BindTagsToIndexedFormParamsTest) succeeded: 0ms
Test suite progress: tests succeeded: 140, failed: 0, skipped: 0.
Starting test testEmpty(org.jclouds.aws.ec2.binders.BindTagsToIndexedFormParamsTest)
[pool-11-thread-1] Test testEmpty(org.jclouds.aws.ec2.binders.BindTagsToIndexedFormParamsTest) succeeded: 1ms
Test suite progress: tests succeeded: 141, failed: 0, skipped: 0.
Starting test testMustBeArray(org.jclouds.aws.ec2.binders.BindTagsToIndexedFormParamsTest)
[pool-11-thread-1] Test testMustBeArray(org.jclouds.aws.ec2.binders.BindTagsToIndexedFormParamsTest) succeeded: 0ms
Test suite progress: tests succeeded: 142, failed: 0, skipped: 0.
Starting test testNullIsBad(org.jclouds.aws.ec2.binders.BindTagsToIndexedFormParamsTest)
[pool-11-thread-1] Test testNullIsBad(org.jclouds.aws.ec2.binders.BindTagsToIndexedFormParamsTest) succeeded: 1ms
Test suite progress: tests succeeded: 143, failed: 0, skipped: 0.
Starting test testAssignability(org.jclouds.aws.ec2.options.DescribeSpotPriceHistoryOptionsTest)
[pool-11-thread-5] Test testKeyWithValueBuilder(org.jclouds.aws.ec2.binders.BindTagFiltersToIndexedFormParamsTest) succeeded: 20ms
Test suite progress: tests succeeded: 144, failed: 0, skipped: 0.
Starting test testDescription(org.jclouds.aws.ec2.options.DescribeSpotPriceHistoryOptionsTest)
[pool-11-thread-4] Test testAnyKeyBuilder(org.jclouds.aws.ec2.binders.BindTagFiltersToIndexedFormParamsTest) succeeded: 25ms
Test suite progress: tests succeeded: 145, failed: 0, skipped: 0.
Starting test testDescriptionNPE(org.jclouds.aws.ec2.options.DescribeSpotPriceHistoryOptionsTest)
[pool-11-thread-1] Test testAssignability(org.jclouds.aws.ec2.options.DescribeSpotPriceHistoryOptionsTest) succeeded: 6ms
Test suite progress: tests succeeded: 146, failed: 0, skipped: 0.
[pool-11-thread-3] Test testMultipleResourceTypesBuilder(org.jclouds.aws.ec2.binders.BindTagFiltersToIndexedFormParamsTest) succeeded: 12ms
Test suite progress: tests succeeded: 147, failed: 0, skipped: 0.
Starting test testDescriptionStatic(org.jclouds.aws.ec2.options.DescribeSpotPriceHistoryOptionsTest)
Starting test testFrom(org.jclouds.aws.ec2.options.DescribeSpotPriceHistoryOptionsTest)
[pool-11-thread-5] Test testDescription(org.jclouds.aws.ec2.options.DescribeSpotPriceHistoryOptionsTest) succeeded: 10ms
Test suite progress: tests succeeded: 148, failed: 0, skipped: 0.
Starting test testFromNPE(org.jclouds.aws.ec2.options.DescribeSpotPriceHistoryOptionsTest)
[pool-11-thread-1] Test testDescriptionStatic(org.jclouds.aws.ec2.options.DescribeSpotPriceHistoryOptionsTest) succeeded: 2ms
Test suite progress: tests succeeded: 149, failed: 0, skipped: 0.
Starting test testFromStatic(org.jclouds.aws.ec2.options.DescribeSpotPriceHistoryOptionsTest)
[pool-11-thread-4] Test testDescriptionNPE(org.jclouds.aws.ec2.options.DescribeSpotPriceHistoryOptionsTest) succeeded: 7ms
Test suite progress: tests succeeded: 150, failed: 0, skipped: 0.
Starting test testInstanceType(org.jclouds.aws.ec2.options.DescribeSpotPriceHistoryOptionsTest)
[pool-11-thread-1] Test testFromStatic(org.jclouds.aws.ec2.options.DescribeSpotPriceHistoryOptionsTest) succeeded: 0ms
Test suite progress: tests succeeded: 151, failed: 0, skipped: 0.
[pool-11-thread-4] Test testInstanceType(org.jclouds.aws.ec2.options.DescribeSpotPriceHistoryOptionsTest) succeeded: 0ms
Test suite progress: tests succeeded: 152, failed: 0, skipped: 0.
Starting test testInstanceTypeNPE(org.jclouds.aws.ec2.options.DescribeSpotPriceHistoryOptionsTest)
Starting test testInstanceTypeStatic(org.jclouds.aws.ec2.options.DescribeSpotPriceHistoryOptionsTest)
[pool-11-thread-1] Test testInstanceTypeNPE(org.jclouds.aws.ec2.options.DescribeSpotPriceHistoryOptionsTest) succeeded: 0ms
Test suite progress: tests succeeded: 153, failed: 0, skipped: 0.
[pool-11-thread-4] Test testInstanceTypeStatic(org.jclouds.aws.ec2.options.DescribeSpotPriceHistoryOptionsTest) succeeded: 0ms
Test suite progress: tests succeeded: 154, failed: 0, skipped: 0.
Starting test testTo(org.jclouds.aws.ec2.options.DescribeSpotPriceHistoryOptionsTest)
[pool-11-thread-1] Test testTo(org.jclouds.aws.ec2.options.DescribeSpotPriceHistoryOptionsTest) succeeded: 0ms
Test suite progress: tests succeeded: 155, failed: 0, skipped: 0.
Starting test testToStatic(org.jclouds.aws.ec2.options.DescribeSpotPriceHistoryOptionsTest)
[pool-11-thread-1] Test testToStatic(org.jclouds.aws.ec2.options.DescribeSpotPriceHistoryOptionsTest) succeeded: 0ms
Test suite progress: tests succeeded: 156, failed: 0, skipped: 0.
Starting test testAllowedMarkers(org.jclouds.aws.ec2.functions.EncodedRSAPublicKeyToBase64Test)
[pool-11-thread-5] Test testFromNPE(org.jclouds.aws.ec2.options.DescribeSpotPriceHistoryOptionsTest) succeeded: 4ms
Test suite progress: tests succeeded: 157, failed: 0, skipped: 0.
Starting test testDisallowedMarkersIllegalArgument(org.jclouds.aws.ec2.functions.EncodedRSAPublicKeyToBase64Test)
[pool-11-thread-5] Test testDisallowedMarkersIllegalArgument(org.jclouds.aws.ec2.functions.EncodedRSAPublicKeyToBase64Test) succeeded: 0ms
Test suite progress: tests succeeded: 158, failed: 0, skipped: 0.
Starting test testApply(org.jclouds.aws.ec2.functions.ImportOrReturnExistingKeypairTest)
Starting test testToNPE(org.jclouds.aws.ec2.options.DescribeSpotPriceHistoryOptionsTest)
[pool-11-thread-4] Test testToNPE(org.jclouds.aws.ec2.options.DescribeSpotPriceHistoryOptionsTest) succeeded: 0ms
Test suite progress: tests succeeded: 159, failed: 0, skipped: 0.
Starting test testApplyWithIllegalStateExceptionRetriesWhenExistingKeyNotFound(org.jclouds.aws.ec2.functions.ImportOrReturnExistingKeypairTest)
[pool-11-thread-1] Test testAllowedMarkers(org.jclouds.aws.ec2.functions.EncodedRSAPublicKeyToBase64Test) succeeded: 6ms
Test suite progress: tests succeeded: 160, failed: 0, skipped: 0.
Starting test testApplyWithIllegalStateExceptionReturnsExistingKey(org.jclouds.aws.ec2.functions.ImportOrReturnExistingKeypairTest)
[pool-11-thread-3] Test testFrom(org.jclouds.aws.ec2.options.DescribeSpotPriceHistoryOptionsTest) succeeded: 13ms
Test suite progress: tests succeeded: 161, failed: 0, skipped: 0.
Starting test testAssignability(org.jclouds.aws.ec2.options.RequestSpotInstancesOptionsTest)
[pool-11-thread-5] Test testApply(org.jclouds.aws.ec2.functions.ImportOrReturnExistingKeypairTest) succeeded: 7ms
Test suite progress: tests succeeded: 162, failed: 0, skipped: 0.
Starting test testAvailabilityZoneGroup(org.jclouds.aws.ec2.options.RequestSpotInstancesOptionsTest)
[pool-11-thread-5] Test testAvailabilityZoneGroup(org.jclouds.aws.ec2.options.RequestSpotInstancesOptionsTest) succeeded: 0ms
Test suite progress: tests succeeded: 163, failed: 0, skipped: 0.
Starting test testAvailabilityZoneGroupNPE(org.jclouds.aws.ec2.options.RequestSpotInstancesOptionsTest)
[pool-11-thread-5] Test testAvailabilityZoneGroupNPE(org.jclouds.aws.ec2.options.RequestSpotInstancesOptionsTest) succeeded: 0ms
Test suite progress: tests succeeded: 164, failed: 0, skipped: 0.
Starting test testAvailabilityZoneGroupStatic(org.jclouds.aws.ec2.options.RequestSpotInstancesOptionsTest)
[pool-11-thread-5] Test testAvailabilityZoneGroupStatic(org.jclouds.aws.ec2.options.RequestSpotInstancesOptionsTest) succeeded: 0ms
Test suite progress: tests succeeded: 165, failed: 0, skipped: 0.
Starting test testFrom(org.jclouds.aws.ec2.options.RequestSpotInstancesOptionsTest)
[pool-11-thread-5] Test testFrom(org.jclouds.aws.ec2.options.RequestSpotInstancesOptionsTest) succeeded: 0ms
Test suite progress: tests succeeded: 166, failed: 0, skipped: 0.
Starting test testFromNPE(org.jclouds.aws.ec2.options.RequestSpotInstancesOptionsTest)
[pool-11-thread-5] Test testFromNPE(org.jclouds.aws.ec2.options.RequestSpotInstancesOptionsTest) succeeded: 0ms
Test suite progress: tests succeeded: 167, failed: 0, skipped: 0.
Starting test testFromStatic(org.jclouds.aws.ec2.options.RequestSpotInstancesOptionsTest)
[pool-11-thread-5] Test testFromStatic(org.jclouds.aws.ec2.options.RequestSpotInstancesOptionsTest) succeeded: 3ms
Test suite progress: tests succeeded: 168, failed: 0, skipped: 0.
Starting test testInstanceType(org.jclouds.aws.ec2.options.RequestSpotInstancesOptionsTest)
[pool-11-thread-3] Test testAssignability(org.jclouds.aws.ec2.options.RequestSpotInstancesOptionsTest) succeeded: 15ms
Test suite progress: tests succeeded: 169, failed: 0, skipped: 0.
Starting test testInstanceTypeNPE(org.jclouds.aws.ec2.options.RequestSpotInstancesOptionsTest)
[pool-11-thread-3] Test testInstanceTypeNPE(org.jclouds.aws.ec2.options.RequestSpotInstancesOptionsTest) succeeded: 0ms
Test suite progress: tests succeeded: 170, failed: 0, skipped: 0.
Starting test testInstanceTypeStatic(org.jclouds.aws.ec2.options.RequestSpotInstancesOptionsTest)
[pool-11-thread-1] Test testApplyWithIllegalStateExceptionReturnsExistingKey(org.jclouds.aws.ec2.functions.ImportOrReturnExistingKeypairTest) succeeded: 21ms
Test suite progress: tests succeeded: 171, failed: 0, skipped: 0.
Starting test testLaunchGroup(org.jclouds.aws.ec2.options.RequestSpotInstancesOptionsTest)
[pool-11-thread-1] Test testLaunchGroup(org.jclouds.aws.ec2.options.RequestSpotInstancesOptionsTest) succeeded: 0ms
Test suite progress: tests succeeded: 172, failed: 0, skipped: 0.
Starting test testLaunchGroupNPE(org.jclouds.aws.ec2.options.RequestSpotInstancesOptionsTest)
[pool-11-thread-3] Test testInstanceTypeStatic(org.jclouds.aws.ec2.options.RequestSpotInstancesOptionsTest) succeeded: 6ms
Test suite progress: tests succeeded: 173, failed: 0, skipped: 0.
Starting test testLaunchGroupStatic(org.jclouds.aws.ec2.options.RequestSpotInstancesOptionsTest)
[pool-11-thread-3] Test testLaunchGroupStatic(org.jclouds.aws.ec2.options.RequestSpotInstancesOptionsTest) succeeded: 0ms
Test suite progress: tests succeeded: 174, failed: 0, skipped: 0.
Starting test testTo(org.jclouds.aws.ec2.options.RequestSpotInstancesOptionsTest)
[pool-11-thread-1] Test testLaunchGroupNPE(org.jclouds.aws.ec2.options.RequestSpotInstancesOptionsTest) succeeded: 2ms
Test suite progress: tests succeeded: 175, failed: 0, skipped: 0.
Starting test testToNPE(org.jclouds.aws.ec2.options.RequestSpotInstancesOptionsTest)
[pool-11-thread-1] Test testToNPE(org.jclouds.aws.ec2.options.RequestSpotInstancesOptionsTest) succeeded: 0ms
Test suite progress: tests succeeded: 176, failed: 0, skipped: 0.
Starting test testToStatic(org.jclouds.aws.ec2.options.RequestSpotInstancesOptionsTest)
[pool-11-thread-1] Test testToStatic(org.jclouds.aws.ec2.options.RequestSpotInstancesOptionsTest) succeeded: 1ms
Test suite progress: tests succeeded: 177, failed: 0, skipped: 0.
[pool-11-thread-3] Test testTo(org.jclouds.aws.ec2.options.RequestSpotInstancesOptionsTest) succeeded: 3ms
Test suite progress: tests succeeded: 178, failed: 0, skipped: 0.
[pool-11-thread-5] Test testInstanceType(org.jclouds.aws.ec2.options.RequestSpotInstancesOptionsTest) succeeded: 15ms
Test suite progress: tests succeeded: 179, failed: 0, skipped: 0.
[pool-11-thread-2] Test testCacheLoaderDoesNotReloadAfterAuthorizationException(org.jclouds.aws.ec2.compute.config.AWSEC2ComputeServiceContextModuleTest) succeeded: 376ms
Test suite progress: tests succeeded: 180, failed: 0, skipped: 0.
[pool-11-thread-4] Test testApplyWithIllegalStateExceptionRetriesWhenExistingKeyNotFound(org.jclouds.aws.ec2.functions.ImportOrReturnExistingKeypairTest) succeeded: 28ms
Test suite progress: tests succeeded: 181, failed: 0, skipped: 0.
Starting test testCreateNewKeyPairUnlessUserSpecifiedOtherwise_ImportPublicKeyWhenOptionIsSet(org.jclouds.aws.ec2.compute.strategy.CreateKeyPairPlacementAndSecurityGroupsAsNeededAndReturnRunOptionsTest)
[pool-12-thread-1] Test testCreateNewKeyPairUnlessUserSpecifiedOtherwise_ImportPublicKeyWhenOptionIsSet(org.jclouds.aws.ec2.compute.strategy.CreateKeyPairPlacementAndSecurityGroupsAsNeededAndReturnRunOptionsTest) succeeded: 80ms
Test suite progress: tests succeeded: 182, failed: 0, skipped: 0.
Starting test testCreateNewKeyPairUnlessUserSpecifiedOtherwise_createsNewKeyPairAndReturnsItsNameWhenNoPublicKeySupplied(org.jclouds.aws.ec2.compute.strategy.CreateKeyPairPlacementAndSecurityGroupsAsNeededAndReturnRunOptionsTest)
[pool-12-thread-1] Test testCreateNewKeyPairUnlessUserSpecifiedOtherwise_createsNewKeyPairAndReturnsItsNameWhenNoPublicKeySupplied(org.jclouds.aws.ec2.compute.strategy.CreateKeyPairPlacementAndSecurityGroupsAsNeededAndReturnRunOptionsTest) succeeded: 47ms
Test suite progress: tests succeeded: 183, failed: 0, skipped: 0.
Starting test testCreateNewKeyPairUnlessUserSpecifiedOtherwise_doesntCreateAKeyPairAndReturnsNullWhenToldNotTo(org.jclouds.aws.ec2.compute.strategy.CreateKeyPairPlacementAndSecurityGroupsAsNeededAndReturnRunOptionsTest)
[pool-12-thread-1] Test testCreateNewKeyPairUnlessUserSpecifiedOtherwise_doesntCreateAKeyPairAndReturnsNullWhenToldNotTo(org.jclouds.aws.ec2.compute.strategy.CreateKeyPairPlacementAndSecurityGroupsAsNeededAndReturnRunOptionsTest) succeeded: 0ms
Test suite progress: tests succeeded: 184, failed: 0, skipped: 0.
Starting test testCreateNewKeyPairUnlessUserSpecifiedOtherwise_importsKeyPairAndUnsetsTemplateInstructionWhenPublicKeySupplied(org.jclouds.aws.ec2.compute.strategy.CreateKeyPairPlacementAndSecurityGroupsAsNeededAndReturnRunOptionsTest)
[pool-12-thread-1] Test testCreateNewKeyPairUnlessUserSpecifiedOtherwise_importsKeyPairAndUnsetsTemplateInstructionWhenPublicKeySupplied(org.jclouds.aws.ec2.compute.strategy.CreateKeyPairPlacementAndSecurityGroupsAsNeededAndReturnRunOptionsTest) succeeded: 0ms
Test suite progress: tests succeeded: 185, failed: 0, skipped: 0.
Starting test testCreateNewKeyPairUnlessUserSpecifiedOtherwise_importsKeyPairAndUnsetsTemplateInstructionWhenPublicKeySuppliedAndAddsCredentialToMapWhenOverridingCredsAreSet(org.jclouds.aws.ec2.compute.strategy.CreateKeyPairPlacementAndSecurityGroupsAsNeededAndReturnRunOptionsTest)
[pool-12-thread-1] Test testCreateNewKeyPairUnlessUserSpecifiedOtherwise_importsKeyPairAndUnsetsTemplateInstructionWhenPublicKeySuppliedAndAddsCredentialToMapWhenOverridingCredsAreSet(org.jclouds.aws.ec2.compute.strategy.CreateKeyPairPlacementAndSecurityGroupsAsNeededAndReturnRunOptionsTest) succeeded: 2ms
Test suite progress: tests succeeded: 186, failed: 0, skipped: 0.
Starting test testCreateNewKeyPairUnlessUserSpecifiedOtherwise_returnsExistingKeyIfAlreadyPresent(org.jclouds.aws.ec2.compute.strategy.CreateKeyPairPlacementAndSecurityGroupsAsNeededAndReturnRunOptionsTest)
[pool-12-thread-1] Test testCreateNewKeyPairUnlessUserSpecifiedOtherwise_returnsExistingKeyIfAlreadyPresent(org.jclouds.aws.ec2.compute.strategy.CreateKeyPairPlacementAndSecurityGroupsAsNeededAndReturnRunOptionsTest) succeeded: 1ms
Test suite progress: tests succeeded: 187, failed: 0, skipped: 0.
Starting test testCreateNewKeyPairUnlessUserSpecifiedOtherwise_reusesKeyWhenToldToWithRunScriptAndCredentialsAlreadyInMap(org.jclouds.aws.ec2.compute.strategy.CreateKeyPairPlacementAndSecurityGroupsAsNeededAndReturnRunOptionsTest)
[pool-12-thread-1] Test testCreateNewKeyPairUnlessUserSpecifiedOtherwise_reusesKeyWhenToldToWithRunScriptAndCredentialsAlreadyInMap(org.jclouds.aws.ec2.compute.strategy.CreateKeyPairPlacementAndSecurityGroupsAsNeededAndReturnRunOptionsTest) succeeded: 1ms
Test suite progress: tests succeeded: 188, failed: 0, skipped: 0.
Starting test testCreateNewKeyPairUnlessUserSpecifiedOtherwise_reusesKeyWhenToldToWithRunScriptButNoCredentials(org.jclouds.aws.ec2.compute.strategy.CreateKeyPairPlacementAndSecurityGroupsAsNeededAndReturnRunOptionsTest)
[pool-12-thread-1] Test testCreateNewKeyPairUnlessUserSpecifiedOtherwise_reusesKeyWhenToldToWithRunScriptButNoCredentials(org.jclouds.aws.ec2.compute.strategy.CreateKeyPairPlacementAndSecurityGroupsAsNeededAndReturnRunOptionsTest) succeeded: 1ms
Test suite progress: tests succeeded: 189, failed: 0, skipped: 0.
Starting test testCreateNewPlacementGroupUnlessUserSpecifiedOtherwise_createsNewPlacementGroupAndReturnsItsNameByDefault(org.jclouds.aws.ec2.compute.strategy.CreateKeyPairPlacementAndSecurityGroupsAsNeededAndReturnRunOptionsTest)
[pool-12-thread-1] Test testCreateNewPlacementGroupUnlessUserSpecifiedOtherwise_createsNewPlacementGroupAndReturnsItsNameByDefault(org.jclouds.aws.ec2.compute.strategy.CreateKeyPairPlacementAndSecurityGroupsAsNeededAndReturnRunOptionsTest) succeeded: 1ms
Test suite progress: tests succeeded: 190, failed: 0, skipped: 0.
Starting test testCreateNewPlacementGroupUnlessUserSpecifiedOtherwise_doesntCreateAPlacementGroupAndReturnsNullWhenToldNotTo(org.jclouds.aws.ec2.compute.strategy.CreateKeyPairPlacementAndSecurityGroupsAsNeededAndReturnRunOptionsTest)
[pool-12-thread-1] Test testCreateNewPlacementGroupUnlessUserSpecifiedOtherwise_doesntCreateAPlacementGroupAndReturnsNullWhenToldNotTo(org.jclouds.aws.ec2.compute.strategy.CreateKeyPairPlacementAndSecurityGroupsAsNeededAndReturnRunOptionsTest) succeeded: 5ms
Test suite progress: tests succeeded: 191, failed: 0, skipped: 0.
Starting test testCreateNewPlacementGroupUnlessUserSpecifiedOtherwise_reusesKeyWhenToldTo(org.jclouds.aws.ec2.compute.strategy.CreateKeyPairPlacementAndSecurityGroupsAsNeededAndReturnRunOptionsTest)
[pool-12-thread-1] Test testCreateNewPlacementGroupUnlessUserSpecifiedOtherwise_reusesKeyWhenToldTo(org.jclouds.aws.ec2.compute.strategy.CreateKeyPairPlacementAndSecurityGroupsAsNeededAndReturnRunOptionsTest) succeeded: 0ms
Test suite progress: tests succeeded: 192, failed: 0, skipped: 0.
Starting test testGetSecurityGroupsForTagAndOptions_createsNewGroupByDefaultWhenNoPortsAreSpecifiedWhenDoesntExist(org.jclouds.aws.ec2.compute.strategy.CreateKeyPairPlacementAndSecurityGroupsAsNeededAndReturnRunOptionsTest)
[pool-12-thread-1] Test testGetSecurityGroupsForTagAndOptions_createsNewGroupByDefaultWhenNoPortsAreSpecifiedWhenDoesntExist(org.jclouds.aws.ec2.compute.strategy.CreateKeyPairPlacementAndSecurityGroupsAsNeededAndReturnRunOptionsTest) succeeded: 1ms
Test suite progress: tests succeeded: 193, failed: 0, skipped: 0.
Starting test testGetSecurityGroupsForTagAndOptions_createsNewGroupByDefaultWhenPortsAreSpecifiedWhenDoesntExist(org.jclouds.aws.ec2.compute.strategy.CreateKeyPairPlacementAndSecurityGroupsAsNeededAndReturnRunOptionsTest)
[pool-12-thread-1] Test testGetSecurityGroupsForTagAndOptions_createsNewGroupByDefaultWhenPortsAreSpecifiedWhenDoesntExist(org.jclouds.aws.ec2.compute.strategy.CreateKeyPairPlacementAndSecurityGroupsAsNeededAndReturnRunOptionsTest) succeeded: 1ms
Test suite progress: tests succeeded: 194, failed: 0, skipped: 0.
Starting test testGetSecurityGroupsForTagAndOptions_reusesGroupByDefaultWhenNoPortsAreSpecifiedWhenDoesExist(org.jclouds.aws.ec2.compute.strategy.CreateKeyPairPlacementAndSecurityGroupsAsNeededAndReturnRunOptionsTest)
[pool-12-thread-1] Test testGetSecurityGroupsForTagAndOptions_reusesGroupByDefaultWhenNoPortsAreSpecifiedWhenDoesExist(org.jclouds.aws.ec2.compute.strategy.CreateKeyPairPlacementAndSecurityGroupsAsNeededAndReturnRunOptionsTest) succeeded: 0ms
Test suite progress: tests succeeded: 195, failed: 0, skipped: 0.
Starting test testGetSecurityGroupsForTagAndOptions_reusesGroupByDefaultWhenNoPortsAreSpecifiedWhenDoesExistAndAcceptsUserSuppliedGroupIds(org.jclouds.aws.ec2.compute.strategy.CreateKeyPairPlacementAndSecurityGroupsAsNeededAndReturnRunOptionsTest)
[pool-12-thread-1] Test testGetSecurityGroupsForTagAndOptions_reusesGroupByDefaultWhenNoPortsAreSpecifiedWhenDoesExistAndAcceptsUserSuppliedGroupIds(org.jclouds.aws.ec2.compute.strategy.CreateKeyPairPlacementAndSecurityGroupsAsNeededAndReturnRunOptionsTest) succeeded: 0ms
Test suite progress: tests succeeded: 196, failed: 0, skipped: 0.
Starting test testGetSecurityGroupsForTagAndOptions_reusesGroupByDefaultWhenNoPortsAreSpecifiedWhenDoesExistAndAcceptsUserSuppliedGroups(org.jclouds.aws.ec2.compute.strategy.CreateKeyPairPlacementAndSecurityGroupsAsNeededAndReturnRunOptionsTest)
[pool-12-thread-1] Test testGetSecurityGroupsForTagAndOptions_reusesGroupByDefaultWhenNoPortsAreSpecifiedWhenDoesExistAndAcceptsUserSuppliedGroups(org.jclouds.aws.ec2.compute.strategy.CreateKeyPairPlacementAndSecurityGroupsAsNeededAndReturnRunOptionsTest) succeeded: 1ms
Test suite progress: tests succeeded: 197, failed: 0, skipped: 0.
Starting test testConvert(org.jclouds.aws.ec2.functions.SpotInstanceRequestToAWSRunningInstanceTest)
Starting test testConvertWhenNotOpenReturnsNull(org.jclouds.aws.ec2.functions.SpotInstanceRequestToAWSRunningInstanceTest)
[pool-13-thread-2] Test testConvertWhenNotOpenReturnsNull(org.jclouds.aws.ec2.functions.SpotInstanceRequestToAWSRunningInstanceTest) succeeded: 1ms
Test suite progress: tests succeeded: 198, failed: 0, skipped: 0.
[pool-13-thread-1] Test testConvert(org.jclouds.aws.ec2.functions.SpotInstanceRequestToAWSRunningInstanceTest) succeeded: 4ms
Test suite progress: tests succeeded: 199, failed: 0, skipped: 0.
Starting test testAddLaunchPermissionsToImage(org.jclouds.aws.ec2.services.AWSAMIAsyncClientTest)
Starting test testAddProductCodesToImage(org.jclouds.aws.ec2.services.AWSAMIAsyncClientTest)
Starting test testCreateImage(org.jclouds.aws.ec2.services.AWSAMIAsyncClientTest)
Starting test testCreateImageOptions(org.jclouds.aws.ec2.services.AWSAMIAsyncClientTest)
Starting test testDeregisterImage(org.jclouds.aws.ec2.services.AWSAMIAsyncClientTest)
[pool-14-thread-4] Test testCreateImageOptions(org.jclouds.aws.ec2.services.AWSAMIAsyncClientTest) succeeded: 37ms
Test suite progress: tests succeeded: 200, failed: 0, skipped: 0.
[pool-14-thread-5] Test testDeregisterImage(org.jclouds.aws.ec2.services.AWSAMIAsyncClientTest) succeeded: 23ms
Test suite progress: tests succeeded: 201, failed: 0, skipped: 0.
Starting test testDescribeImages(org.jclouds.aws.ec2.services.AWSAMIAsyncClientTest)
Starting test testDescribeImagesOptions(org.jclouds.aws.ec2.services.AWSAMIAsyncClientTest)
[pool-14-thread-3] Test testCreateImage(org.jclouds.aws.ec2.services.AWSAMIAsyncClientTest) succeeded: 38ms
Test suite progress: tests succeeded: 202, failed: 0, skipped: 0.
[pool-14-thread-2] Test testAddProductCodesToImage(org.jclouds.aws.ec2.services.AWSAMIAsyncClientTest) succeeded: 44ms
Test suite progress: tests succeeded: 203, failed: 0, skipped: 0.
Starting test testGetBlockDeviceMappingsForImage(org.jclouds.aws.ec2.services.AWSAMIAsyncClientTest)
Starting test testGetLaunchPermissionForImage(org.jclouds.aws.ec2.services.AWSAMIAsyncClientTest)
[pool-14-thread-1] Test testAddLaunchPermissionsToImage(org.jclouds.aws.ec2.services.AWSAMIAsyncClientTest) succeeded: 54ms
Test suite progress: tests succeeded: 204, failed: 0, skipped: 0.
Starting test testGetProductCodesForImage(org.jclouds.aws.ec2.services.AWSAMIAsyncClientTest)
[pool-14-thread-3] Test testGetBlockDeviceMappingsForImage(org.jclouds.aws.ec2.services.AWSAMIAsyncClientTest) succeeded: 6ms
Test suite progress: tests succeeded: 205, failed: 0, skipped: 0.
Starting test testRegisterImageBackedByEBS(org.jclouds.aws.ec2.services.AWSAMIAsyncClientTest)
[pool-14-thread-3] Test testRegisterImageBackedByEBS(org.jclouds.aws.ec2.services.AWSAMIAsyncClientTest) succeeded: 3ms
Test suite progress: tests succeeded: 206, failed: 0, skipped: 0.
Starting test testRegisterImageBackedByEBSOptions(org.jclouds.aws.ec2.services.AWSAMIAsyncClientTest)
[pool-14-thread-5] Test testDescribeImagesOptions(org.jclouds.aws.ec2.services.AWSAMIAsyncClientTest) succeeded: 14ms
Test suite progress: tests succeeded: 207, failed: 0, skipped: 0.
Starting test testRegisterImageFromManifest(org.jclouds.aws.ec2.services.AWSAMIAsyncClientTest)
[pool-14-thread-5] Test testRegisterImageFromManifest(org.jclouds.aws.ec2.services.AWSAMIAsyncClientTest) succeeded: 2ms
Test suite progress: tests succeeded: 208, failed: 0, skipped: 0.
Starting test testRegisterImageFromManifestOptions(org.jclouds.aws.ec2.services.AWSAMIAsyncClientTest)
[pool-14-thread-4] Test testDescribeImages(org.jclouds.aws.ec2.services.AWSAMIAsyncClientTest) succeeded: 18ms
Test suite progress: tests succeeded: 209, failed: 0, skipped: 0.
Starting test testRemoveLaunchPermissionsFromImage(org.jclouds.aws.ec2.services.AWSAMIAsyncClientTest)
[pool-14-thread-2] Test testGetLaunchPermissionForImage(org.jclouds.aws.ec2.services.AWSAMIAsyncClientTest) succeeded: 21ms
Test suite progress: tests succeeded: 210, failed: 0, skipped: 0.
Starting test testRemoveProductCodesFromImage(org.jclouds.aws.ec2.services.AWSAMIAsyncClientTest)
[pool-14-thread-1] Test testGetProductCodesForImage(org.jclouds.aws.ec2.services.AWSAMIAsyncClientTest) succeeded: 20ms
Test suite progress: tests succeeded: 211, failed: 0, skipped: 0.
Starting test testResetLaunchPermissionsOnImage(org.jclouds.aws.ec2.services.AWSAMIAsyncClientTest)
[pool-14-thread-1] Test testResetLaunchPermissionsOnImage(org.jclouds.aws.ec2.services.AWSAMIAsyncClientTest) succeeded: 1ms
Test suite progress: tests succeeded: 212, failed: 0, skipped: 0.
[pool-14-thread-3] Test testRegisterImageBackedByEBSOptions(org.jclouds.aws.ec2.services.AWSAMIAsyncClientTest) succeeded: 19ms
Test suite progress: tests succeeded: 213, failed: 0, skipped: 0.
[pool-14-thread-4] Test testRemoveLaunchPermissionsFromImage(org.jclouds.aws.ec2.services.AWSAMIAsyncClientTest) succeeded: 13ms
Test suite progress: tests succeeded: 214, failed: 0, skipped: 0.
[pool-14-thread-5] Test testRegisterImageFromManifestOptions(org.jclouds.aws.ec2.services.AWSAMIAsyncClientTest) succeeded: 17ms
Test suite progress: tests succeeded: 215, failed: 0, skipped: 0.
[pool-14-thread-2] Test testRemoveProductCodesFromImage(org.jclouds.aws.ec2.services.AWSAMIAsyncClientTest) succeeded: 12ms
Test suite progress: tests succeeded: 216, failed: 0, skipped: 0.
Starting test testDescribeInstances(org.jclouds.aws.ec2.services.AWSInstanceAsyncClientTest)
Starting test testGetBlockDeviceMappingForInstanceInRegion(org.jclouds.aws.ec2.services.AWSInstanceAsyncClientTest)
Starting test testDescribeInstancesArgs(org.jclouds.aws.ec2.services.AWSInstanceAsyncClientTest)
Starting test testGetInstanceInitiatedShutdownBehaviorForInstanceInRegion(org.jclouds.aws.ec2.services.AWSInstanceAsyncClientTest)
Starting test testGetDisableApiTerminationForInstanceInRegion(org.jclouds.aws.ec2.services.AWSInstanceAsyncClientTest)
[pool-15-thread-1] Test testDescribeInstances(org.jclouds.aws.ec2.services.AWSInstanceAsyncClientTest) succeeded: 14ms
Test suite progress: tests succeeded: 217, failed: 0, skipped: 0.
[pool-15-thread-3] Test testGetBlockDeviceMappingForInstanceInRegion(org.jclouds.aws.ec2.services.AWSInstanceAsyncClientTest) succeeded: 10ms
Test suite progress: tests succeeded: 218, failed: 0, skipped: 0.
Starting test testGetInstanceTypeForInstanceInRegion(org.jclouds.aws.ec2.services.AWSInstanceAsyncClientTest)
[pool-15-thread-2] Test testDescribeInstancesArgs(org.jclouds.aws.ec2.services.AWSInstanceAsyncClientTest) succeeded: 10ms
Test suite progress: tests succeeded: 219, failed: 0, skipped: 0.
Starting test testGetKernelForInstanceInRegion(org.jclouds.aws.ec2.services.AWSInstanceAsyncClientTest)
Starting test testGetRamdiskForInstanceInRegion(org.jclouds.aws.ec2.services.AWSInstanceAsyncClientTest)
[pool-15-thread-5] Test testGetInstanceInitiatedShutdownBehaviorForInstanceInRegion(org.jclouds.aws.ec2.services.AWSInstanceAsyncClientTest) succeeded: 19ms
Test suite progress: tests succeeded: 220, failed: 0, skipped: 0.
Starting test testGetRootDeviceNameForInstanceInRegion(org.jclouds.aws.ec2.services.AWSInstanceAsyncClientTest)
[pool-15-thread-5] Test testGetRootDeviceNameForInstanceInRegion(org.jclouds.aws.ec2.services.AWSInstanceAsyncClientTest) succeeded: 5ms
Test suite progress: tests succeeded: 221, failed: 0, skipped: 0.
Starting test testGetUserDataForInstanceInRegion(org.jclouds.aws.ec2.services.AWSInstanceAsyncClientTest)
[pool-15-thread-2] Test testGetKernelForInstanceInRegion(org.jclouds.aws.ec2.services.AWSInstanceAsyncClientTest) succeeded: 18ms
Test suite progress: tests succeeded: 222, failed: 0, skipped: 0.
Starting test testRebootInstances(org.jclouds.aws.ec2.services.AWSInstanceAsyncClientTest)
[pool-15-thread-2] Test testRebootInstances(org.jclouds.aws.ec2.services.AWSInstanceAsyncClientTest) succeeded: 3ms
Test suite progress: tests succeeded: 223, failed: 0, skipped: 0.
Starting test testRunInstances(org.jclouds.aws.ec2.services.AWSInstanceAsyncClientTest)
[pool-15-thread-2] Test testRunInstances(org.jclouds.aws.ec2.services.AWSInstanceAsyncClientTest) succeeded: 3ms
Test suite progress: tests succeeded: 224, failed: 0, skipped: 0.
Starting test testRunInstancesOptions(org.jclouds.aws.ec2.services.AWSInstanceAsyncClientTest)
[pool-15-thread-5] Test testGetUserDataForInstanceInRegion(org.jclouds.aws.ec2.services.AWSInstanceAsyncClientTest) succeeded: 22ms
Test suite progress: tests succeeded: 225, failed: 0, skipped: 0.
Starting test testSetApiTerminationDisabledForInstanceInRegion(org.jclouds.aws.ec2.services.AWSInstanceAsyncClientTest)
[pool-15-thread-5] Test testSetApiTerminationDisabledForInstanceInRegion(org.jclouds.aws.ec2.services.AWSInstanceAsyncClientTest) succeeded: 2ms
Test suite progress: tests succeeded: 226, failed: 0, skipped: 0.
Starting test testSetBlockDeviceMappingForInstanceInRegion(org.jclouds.aws.ec2.services.AWSInstanceAsyncClientTest)
[pool-15-thread-4] Test testGetDisableApiTerminationForInstanceInRegion(org.jclouds.aws.ec2.services.AWSInstanceAsyncClientTest) succeeded: 87ms
Test suite progress: tests succeeded: 227, failed: 0, skipped: 0.
Starting test testSetInstanceInitiatedShutdownBehaviorForInstanceInRegion(org.jclouds.aws.ec2.services.AWSInstanceAsyncClientTest)
[pool-15-thread-4] Test testSetInstanceInitiatedShutdownBehaviorForInstanceInRegion(org.jclouds.aws.ec2.services.AWSInstanceAsyncClientTest) succeeded: 2ms
Test suite progress: tests succeeded: 228, failed: 0, skipped: 0.
Starting test testSetInstanceTypeForInstanceInRegion(org.jclouds.aws.ec2.services.AWSInstanceAsyncClientTest)
[pool-15-thread-4] Test testSetInstanceTypeForInstanceInRegion(org.jclouds.aws.ec2.services.AWSInstanceAsyncClientTest) succeeded: 1ms
Test suite progress: tests succeeded: 229, failed: 0, skipped: 0.
Starting test testSetKernelForInstanceInRegion(org.jclouds.aws.ec2.services.AWSInstanceAsyncClientTest)
[pool-15-thread-4] Test testSetKernelForInstanceInRegion(org.jclouds.aws.ec2.services.AWSInstanceAsyncClientTest) succeeded: 1ms
Test suite progress: tests succeeded: 230, failed: 0, skipped: 0.
Starting test testSetRamdiskForInstanceInRegion(org.jclouds.aws.ec2.services.AWSInstanceAsyncClientTest)
[pool-15-thread-4] Test testSetRamdiskForInstanceInRegion(org.jclouds.aws.ec2.services.AWSInstanceAsyncClientTest) succeeded: 1ms
Test suite progress: tests succeeded: 231, failed: 0, skipped: 0.
Starting test testSetUserDataForInstanceInRegion(org.jclouds.aws.ec2.services.AWSInstanceAsyncClientTest)
[pool-15-thread-3] Test testGetRamdiskForInstanceInRegion(org.jclouds.aws.ec2.services.AWSInstanceAsyncClientTest) succeeded: 85ms
Test suite progress: tests succeeded: 232, failed: 0, skipped: 0.
Starting test testStartInstances(org.jclouds.aws.ec2.services.AWSInstanceAsyncClientTest)
[pool-15-thread-1] Test testGetInstanceTypeForInstanceInRegion(org.jclouds.aws.ec2.services.AWSInstanceAsyncClientTest) succeeded: 104ms
Test suite progress: tests succeeded: 233, failed: 0, skipped: 0.
Starting test testStopInstances(org.jclouds.aws.ec2.services.AWSInstanceAsyncClientTest)
[pool-15-thread-3] Test testStartInstances(org.jclouds.aws.ec2.services.AWSInstanceAsyncClientTest) succeeded: 21ms
Test suite progress: tests succeeded: 234, failed: 0, skipped: 0.
Starting test testTerminateInstances(org.jclouds.aws.ec2.services.AWSInstanceAsyncClientTest)
[pool-15-thread-3] Test testTerminateInstances(org.jclouds.aws.ec2.services.AWSInstanceAsyncClientTest) succeeded: 2ms
Test suite progress: tests succeeded: 235, failed: 0, skipped: 0.
[pool-15-thread-2] Test testRunInstancesOptions(org.jclouds.aws.ec2.services.AWSInstanceAsyncClientTest) succeeded: 89ms
Test suite progress: tests succeeded: 236, failed: 0, skipped: 0.
[pool-15-thread-1] Test testStopInstances(org.jclouds.aws.ec2.services.AWSInstanceAsyncClientTest) succeeded: 21ms
Test suite progress: tests succeeded: 237, failed: 0, skipped: 0.
[pool-15-thread-4] Test testSetUserDataForInstanceInRegion(org.jclouds.aws.ec2.services.AWSInstanceAsyncClientTest) succeeded: 161ms
Test suite progress: tests succeeded: 238, failed: 0, skipped: 0.
[pool-15-thread-5] Test testSetBlockDeviceMappingForInstanceInRegion(org.jclouds.aws.ec2.services.AWSInstanceAsyncClientTest) succeeded: 208ms
Test suite progress: tests succeeded: 239, failed: 0, skipped: 0.
Starting test testCreateKeyPair(org.jclouds.aws.ec2.services.AWSKeyPairAsyncClientTest)
[pool-16-thread-1] Test testCreateKeyPair(org.jclouds.aws.ec2.services.AWSKeyPairAsyncClientTest) succeeded: 9ms
Test suite progress: tests succeeded: 240, failed: 0, skipped: 0.
Starting test testDeleteKeyPair(org.jclouds.aws.ec2.services.AWSKeyPairAsyncClientTest)
[pool-16-thread-2] Test testDeleteKeyPair(org.jclouds.aws.ec2.services.AWSKeyPairAsyncClientTest) succeeded: 1ms
Test suite progress: tests succeeded: 241, failed: 0, skipped: 0.
Starting test testDescribeKeyPairs(org.jclouds.aws.ec2.services.AWSKeyPairAsyncClientTest)
Starting test testDescribeKeyPairsArgs(org.jclouds.aws.ec2.services.AWSKeyPairAsyncClientTest)
Starting test testImportKeyPair(org.jclouds.aws.ec2.services.AWSKeyPairAsyncClientTest)
[pool-16-thread-4] Test testDescribeKeyPairsArgs(org.jclouds.aws.ec2.services.AWSKeyPairAsyncClientTest) succeeded: 12ms
Test suite progress: tests succeeded: 242, failed: 0, skipped: 0.
[pool-16-thread-3] Test testDescribeKeyPairs(org.jclouds.aws.ec2.services.AWSKeyPairAsyncClientTest) succeeded: 20ms
Test suite progress: tests succeeded: 243, failed: 0, skipped: 0.
[pool-16-thread-5] Test testImportKeyPair(org.jclouds.aws.ec2.services.AWSKeyPairAsyncClientTest) succeeded: 30ms
Test suite progress: tests succeeded: 244, failed: 0, skipped: 0.
Starting test testAuthorizeSecurityGroupIpPermission(org.jclouds.aws.ec2.services.AWSSecurityGroupAsyncClientTest)
Starting test testAuthorizeSecurityGroupIpPermissions(org.jclouds.aws.ec2.services.AWSSecurityGroupAsyncClientTest)
[pool-17-thread-2] Test testAuthorizeSecurityGroupIpPermissions(org.jclouds.aws.ec2.services.AWSSecurityGroupAsyncClientTest) succeeded: 6ms
Test suite progress: tests succeeded: 245, failed: 0, skipped: 0.
[pool-17-thread-1] Test testAuthorizeSecurityGroupIpPermission(org.jclouds.aws.ec2.services.AWSSecurityGroupAsyncClientTest) succeeded: 19ms
Test suite progress: tests succeeded: 246, failed: 0, skipped: 0.
Starting test testCreateSecurityGroup(org.jclouds.aws.ec2.services.AWSSecurityGroupAsyncClientTest)
Starting test testDeleteSecurityGroup(org.jclouds.aws.ec2.services.AWSSecurityGroupAsyncClientTest)
[pool-17-thread-3] Test testCreateSecurityGroup(org.jclouds.aws.ec2.services.AWSSecurityGroupAsyncClientTest) succeeded: 10ms
Test suite progress: tests succeeded: 247, failed: 0, skipped: 0.
[pool-17-thread-4] Test testDeleteSecurityGroup(org.jclouds.aws.ec2.services.AWSSecurityGroupAsyncClientTest) succeeded: 3ms
Test suite progress: tests succeeded: 248, failed: 0, skipped: 0.
Starting test testDescribeSecurityGroups(org.jclouds.aws.ec2.services.AWSSecurityGroupAsyncClientTest)
Starting test testDescribeSecurityGroupsArgs(org.jclouds.aws.ec2.services.AWSSecurityGroupAsyncClientTest)
Starting test testRevokeSecurityGroupIpPermission(org.jclouds.aws.ec2.services.AWSSecurityGroupAsyncClientTest)
Starting test testRevokeSecurityGroupIpPermissions(org.jclouds.aws.ec2.services.AWSSecurityGroupAsyncClientTest)
[pool-17-thread-4] Test testDescribeSecurityGroupsArgs(org.jclouds.aws.ec2.services.AWSSecurityGroupAsyncClientTest) succeeded: 6ms
Test suite progress: tests succeeded: 249, failed: 0, skipped: 0.
[pool-17-thread-5] Test testDescribeSecurityGroups(org.jclouds.aws.ec2.services.AWSSecurityGroupAsyncClientTest) succeeded: 7ms
Test suite progress: tests succeeded: 250, failed: 0, skipped: 0.
[pool-17-thread-3] Test testRevokeSecurityGroupIpPermission(org.jclouds.aws.ec2.services.AWSSecurityGroupAsyncClientTest) succeeded: 7ms
Test suite progress: tests succeeded: 251, failed: 0, skipped: 0.
[pool-17-thread-1] Test testRevokeSecurityGroupIpPermissions(org.jclouds.aws.ec2.services.AWSSecurityGroupAsyncClientTest) succeeded: 8ms
Test suite progress: tests succeeded: 252, failed: 0, skipped: 0.
Starting test testMonitorInstances(org.jclouds.aws.ec2.services.MonitoringAsyncClientTest)
[pool-18-thread-1] Test testMonitorInstances(org.jclouds.aws.ec2.services.MonitoringAsyncClientTest) succeeded: 6ms
Test suite progress: tests succeeded: 253, failed: 0, skipped: 0.
Starting test testUnmonitorInstances(org.jclouds.aws.ec2.services.MonitoringAsyncClientTest)
[pool-18-thread-2] Test testUnmonitorInstances(org.jclouds.aws.ec2.services.MonitoringAsyncClientTest) succeeded: 2ms
Test suite progress: tests succeeded: 254, failed: 0, skipped: 0.
Starting test testCreatePlacementGroup(org.jclouds.aws.ec2.services.PlacementGroupAsyncClientTest)
[pool-19-thread-1] Test testCreatePlacementGroup(org.jclouds.aws.ec2.services.PlacementGroupAsyncClientTest) succeeded: 2ms
Test suite progress: tests succeeded: 255, failed: 0, skipped: 0.
Starting test testCreatePlacementGroupDefault(org.jclouds.aws.ec2.services.PlacementGroupAsyncClientTest)
[pool-19-thread-2] Test testCreatePlacementGroupDefault(org.jclouds.aws.ec2.services.PlacementGroupAsyncClientTest) succeeded: 1ms
Test suite progress: tests succeeded: 256, failed: 0, skipped: 0.
Starting test testDeletePlacementGroup(org.jclouds.aws.ec2.services.PlacementGroupAsyncClientTest)
[pool-19-thread-3] Test testDeletePlacementGroup(org.jclouds.aws.ec2.services.PlacementGroupAsyncClientTest) succeeded: 2ms
Test suite progress: tests succeeded: 257, failed: 0, skipped: 0.
Starting test testDescribePlacementGroups(org.jclouds.aws.ec2.services.PlacementGroupAsyncClientTest)
Starting test testDescribePlacementGroupsArgs(org.jclouds.aws.ec2.services.PlacementGroupAsyncClientTest)
[pool-19-thread-4] Test testDescribePlacementGroups(org.jclouds.aws.ec2.services.PlacementGroupAsyncClientTest) succeeded: 17ms
Test suite progress: tests succeeded: 258, failed: 0, skipped: 0.
[pool-19-thread-5] Test testDescribePlacementGroupsArgs(org.jclouds.aws.ec2.services.PlacementGroupAsyncClientTest) succeeded: 16ms
Test suite progress: tests succeeded: 259, failed: 0, skipped: 0.
Starting test testCancelSpotInstanceRequests(org.jclouds.aws.ec2.services.SpotInstanceAsyncClientTest)
Starting test testDescribeSpotInstanceRequests(org.jclouds.aws.ec2.services.SpotInstanceAsyncClientTest)
Starting test testDescribeSpotInstanceRequestsArgs(org.jclouds.aws.ec2.services.SpotInstanceAsyncClientTest)
Starting test testDescribeSpotPriceHistory(org.jclouds.aws.ec2.services.SpotInstanceAsyncClientTest)
Starting test testDescribeSpotPriceHistoryArgs(org.jclouds.aws.ec2.services.SpotInstanceAsyncClientTest)
[pool-20-thread-1] Test testCancelSpotInstanceRequests(org.jclouds.aws.ec2.services.SpotInstanceAsyncClientTest) succeeded: 24ms
Test suite progress: tests succeeded: 260, failed: 0, skipped: 0.
Starting test testRequestSpotInstance(org.jclouds.aws.ec2.services.SpotInstanceAsyncClientTest)
[pool-20-thread-4] Test testDescribeSpotPriceHistory(org.jclouds.aws.ec2.services.SpotInstanceAsyncClientTest) succeeded: 30ms
Test suite progress: tests succeeded: 261, failed: 0, skipped: 0.
Starting test testRequestSpotInstancesOptions(org.jclouds.aws.ec2.services.SpotInstanceAsyncClientTest)
[pool-20-thread-3] Test testDescribeSpotInstanceRequestsArgs(org.jclouds.aws.ec2.services.SpotInstanceAsyncClientTest) succeeded: 32ms
Test suite progress: tests succeeded: 262, failed: 0, skipped: 0.
[pool-20-thread-1] Test testRequestSpotInstance(org.jclouds.aws.ec2.services.SpotInstanceAsyncClientTest) succeeded: 11ms
Test suite progress: tests succeeded: 263, failed: 0, skipped: 0.
[pool-20-thread-2] Test testDescribeSpotInstanceRequests(org.jclouds.aws.ec2.services.SpotInstanceAsyncClientTest) succeeded: 35ms
Test suite progress: tests succeeded: 264, failed: 0, skipped: 0.
[pool-20-thread-5] Test testDescribeSpotPriceHistoryArgs(org.jclouds.aws.ec2.services.SpotInstanceAsyncClientTest) succeeded: 33ms
Test suite progress: tests succeeded: 265, failed: 0, skipped: 0.
[pool-20-thread-4] Test testRequestSpotInstancesOptions(org.jclouds.aws.ec2.services.SpotInstanceAsyncClientTest) succeeded: 4ms
Test suite progress: tests succeeded: 266, failed: 0, skipped: 0.
Starting test testDeleteTags(org.jclouds.aws.ec2.services.TagAsyncClientTest)
Starting test testCreateTags(org.jclouds.aws.ec2.services.TagAsyncClientTest)
[pool-21-thread-2] Test testDeleteTags(org.jclouds.aws.ec2.services.TagAsyncClientTest) succeeded: 4ms
Test suite progress: tests succeeded: 267, failed: 0, skipped: 0.
Starting test testDescribeTags(org.jclouds.aws.ec2.services.TagAsyncClientTest)
[pool-21-thread-3] Test testDescribeTags(org.jclouds.aws.ec2.services.TagAsyncClientTest) succeeded: 10ms
Test suite progress: tests succeeded: 268, failed: 0, skipped: 0.
[pool-21-thread-1] Test testCreateTags(org.jclouds.aws.ec2.services.TagAsyncClientTest) succeeded: 17ms
Test suite progress: tests succeeded: 269, failed: 0, skipped: 0.
Starting test testDescribeTagsArgs(org.jclouds.aws.ec2.services.TagAsyncClientTest)
[pool-21-thread-4] Test testDescribeTagsArgs(org.jclouds.aws.ec2.services.TagAsyncClientTest) succeeded: 1ms
Test suite progress: tests succeeded: 270, failed: 0, skipped: 0.
Starting test testApplyInputStream(org.jclouds.aws.ec2.xml.AWSDescribeInstancesResponseHandlerTest)
Starting test testEBS(org.jclouds.aws.ec2.xml.AWSDescribeInstancesResponseHandlerTest)
Starting test testParseNoNPE(org.jclouds.aws.ec2.xml.AWSDescribeInstancesResponseHandlerTest)
Starting test testWhenRunning(org.jclouds.aws.ec2.xml.AWSDescribeInstancesResponseHandlerTest)
[pool-22-thread-2] Test testEBS(org.jclouds.aws.ec2.xml.AWSDescribeInstancesResponseHandlerTest) succeeded: 24ms
Test suite progress: tests succeeded: 271, failed: 0, skipped: 0.
Starting test testWhenRunningLatest(org.jclouds.aws.ec2.xml.AWSDescribeInstancesResponseHandlerTest)
[pool-22-thread-4] Test testWhenRunning(org.jclouds.aws.ec2.xml.AWSDescribeInstancesResponseHandlerTest) succeeded: 29ms
Test suite progress: tests succeeded: 272, failed: 0, skipped: 0.
[pool-22-thread-5] Test testWhenRunningLatest(org.jclouds.aws.ec2.xml.AWSDescribeInstancesResponseHandlerTest) succeeded: 10ms
Test suite progress: tests succeeded: 273, failed: 0, skipped: 0.
[pool-22-thread-1] Test testApplyInputStream(org.jclouds.aws.ec2.xml.AWSDescribeInstancesResponseHandlerTest) succeeded: 38ms
Test suite progress: tests succeeded: 274, failed: 0, skipped: 0.
[pool-22-thread-3] Test testParseNoNPE(org.jclouds.aws.ec2.xml.AWSDescribeInstancesResponseHandlerTest) succeeded: 62ms
Test suite progress: tests succeeded: 275, failed: 0, skipped: 0.
Starting test testApplyInputStream(org.jclouds.aws.ec2.xml.AWSRunInstancesResponseHandlerTest)
Starting test testApplyInputStreamDoesntNPE(org.jclouds.aws.ec2.xml.AWSRunInstancesResponseHandlerTest)
[pool-23-thread-2] Test testApplyInputStreamDoesntNPE(org.jclouds.aws.ec2.xml.AWSRunInstancesResponseHandlerTest) succeeded: 22ms
Test suite progress: tests succeeded: 276, failed: 0, skipped: 0.
[pool-23-thread-1] Test testApplyInputStream(org.jclouds.aws.ec2.xml.AWSRunInstancesResponseHandlerTest) succeeded: 30ms
Test suite progress: tests succeeded: 277, failed: 0, skipped: 0.
Starting test testApplyInputStream(org.jclouds.aws.ec2.xml.DescribePlacementGroupsResponseHandlerTest)
[pool-24-thread-1] Test testApplyInputStream(org.jclouds.aws.ec2.xml.DescribePlacementGroupsResponseHandlerTest) succeeded: 3ms
Test suite progress: tests succeeded: 278, failed: 0, skipped: 0.
Starting test testApplyInputStream(org.jclouds.aws.ec2.xml.DescribeReservedInstancesOfferingResponseHandlerTest)
[pool-25-thread-1] Test testApplyInputStream(org.jclouds.aws.ec2.xml.DescribeReservedInstancesOfferingResponseHandlerTest) succeeded: 27ms
Test suite progress: tests succeeded: 279, failed: 0, skipped: 0.
Starting test testApplyInputStream(org.jclouds.aws.ec2.xml.DescribeSpotPriceHistoryResponseHandlerTest)
[pool-26-thread-1] Test testApplyInputStream(org.jclouds.aws.ec2.xml.DescribeSpotPriceHistoryResponseHandlerTest) succeeded: 6ms
Test suite progress: tests succeeded: 280, failed: 0, skipped: 0.
Starting test testApplyInputStream(org.jclouds.aws.ec2.xml.MonitoringStateHandlerTest)
[pool-27-thread-1] Test testApplyInputStream(org.jclouds.aws.ec2.xml.MonitoringStateHandlerTest) succeeded: 2ms
Test suite progress: tests succeeded: 281, failed: 0, skipped: 0.
Starting test testApplyInputStream(org.jclouds.aws.ec2.xml.ProductCodesHandlerTest)
[pool-28-thread-1] Test testApplyInputStream(org.jclouds.aws.ec2.xml.ProductCodesHandlerTest) succeeded: 7ms
Test suite progress: tests succeeded: 282, failed: 0, skipped: 0.
Starting test testApplyInputStream(org.jclouds.aws.ec2.xml.SpotInstanceHandlerTest)
Starting test testApplyInputStream1(org.jclouds.aws.ec2.xml.SpotInstanceHandlerTest)
[pool-29-thread-2] Test testApplyInputStream1(org.jclouds.aws.ec2.xml.SpotInstanceHandlerTest) succeeded: 15ms
Test suite progress: tests succeeded: 283, failed: 0, skipped: 0.
[pool-29-thread-1] Test testApplyInputStream(org.jclouds.aws.ec2.xml.SpotInstanceHandlerTest) succeeded: 68ms
Test suite progress: tests succeeded: 284, failed: 0, skipped: 0.
Starting test testDescribe(org.jclouds.aws.ec2.xml.SpotInstancesHandlerTest)
Starting test testParseNoNPE(org.jclouds.aws.ec2.xml.SpotInstancesHandlerTest)
[pool-30-thread-2] Test testParseNoNPE(org.jclouds.aws.ec2.xml.SpotInstancesHandlerTest) succeeded: 18ms
Test suite progress: tests succeeded: 285, failed: 0, skipped: 0.
[pool-30-thread-1] Test testDescribe(org.jclouds.aws.ec2.xml.SpotInstancesHandlerTest) succeeded: 22ms
Test suite progress: tests succeeded: 286, failed: 0, skipped: 0.
Starting test testParseTags(org.jclouds.aws.ec2.xml.SpotInstancesHandlerTest)
Starting test testRequest(org.jclouds.aws.ec2.xml.SpotInstancesHandlerTest)
[pool-30-thread-4] Test testRequest(org.jclouds.aws.ec2.xml.SpotInstancesHandlerTest) succeeded: 2ms
Test suite progress: tests succeeded: 287, failed: 0, skipped: 0.
[pool-30-thread-3] Test testParseTags(org.jclouds.aws.ec2.xml.SpotInstancesHandlerTest) succeeded: 7ms
Test suite progress: tests succeeded: 288, failed: 0, skipped: 0.
Tests run: 288, Failures: 0, Errors: 0, Skipped: 0, Time elapsed: 10.329 sec

Results :

Tests run: 288, Failures: 0, Errors: 0, Skipped: 0

[INFO] 
[INFO] --- clojure-maven-plugin:1.3.9:test (test-clojure) @ aws-ec2 ---

Testing org.jclouds.aws.ec2-test

Ran 2 tests containing 2 assertions.
0 failures, 0 errors.
[INFO] 
[INFO] --- maven-bundle-plugin:2.3.7:bundle (default-bundle) @ aws-ec2 ---
[INFO] 
[INFO] --- maven-source-plugin:2.1.2:jar-no-fork (attach-sources) @ aws-ec2 ---
[INFO] org already added, skipping
[INFO] org/jclouds already added, skipping
[INFO] org/jclouds/aws already added, skipping
[INFO] META-INF already added, skipping
[INFO] META-INF already added, skipping
[INFO] META-INF/LICENSE.txt already added, skipping
[INFO] META-INF/NOTICE.txt already added, skipping
[INFO] Building jar: /Users/adriancole/workspace/git/jclouds/providers/aws-ec2/target/aws-ec2-1.5.0-SNAPSHOT-sources.jar
[INFO] org already added, skipping
[INFO] org/jclouds already added, skipping
[INFO] org/jclouds/aws already added, skipping
[INFO] META-INF already added, skipping
[INFO] META-INF already added, skipping
[INFO] META-INF/LICENSE.txt already added, skipping
[INFO] META-INF/NOTICE.txt already added, skipping
[INFO] 
[INFO] --- maven-javadoc-plugin:2.8.1:jar (javadoc) @ aws-ec2 ---
[INFO] Skipping javadoc generation
[INFO] 
[INFO] --- maven-jar-plugin:2.4:test-jar (default) @ aws-ec2 ---
[INFO] Building jar: /Users/adriancole/workspace/git/jclouds/providers/aws-ec2/target/aws-ec2-1.5.0-SNAPSHOT-tests.jar
[INFO] 
[INFO] --- maven-surefire-plugin:2.12:test (integration) @ aws-ec2 ---
[INFO] Surefire report directory: /Users/adriancole/workspace/git/jclouds/providers/aws-ec2/target/surefire-reports
[INFO] Using configured provider org.apache.maven.surefire.testng.TestNGProvider

-------------------------------------------------------
 T E S T S
-------------------------------------------------------
Running TestSuite
Configuring TestNG with: org.apache.maven.surefire.testng.conf.TestNGMapConfigurator@2107ebe1
Starting test testCreatePlacementGroup(org.jclouds.aws.ec2.services.PlacementGroupClientLiveTest)
Starting test testAmazonLinuxInstanceStore(org.jclouds.aws.ec2.compute.AWSEC2TemplateBuilderLiveTest)
Starting test testDescribeImageBadId(org.jclouds.aws.ec2.services.AMIClientLiveTest)
Starting test testDescribeImageBadId(org.jclouds.aws.ec2.services.AWSAMIClientLiveTest)
Starting test testExtendedOptionsAndLogin(org.jclouds.aws.ec2.compute.AWSEC2ComputeServiceLiveTest)
[TestNG] Test testDescribeImageBadId(org.jclouds.aws.ec2.services.AWSAMIClientLiveTest) succeeded: 1974ms
Test suite progress: tests succeeded: 1, failed: 0, skipped: 0.
Starting test testDescribeImageNotExists(org.jclouds.aws.ec2.services.AWSAMIClientLiveTest)
[TestNG] Test testDescribeImageBadId(org.jclouds.aws.ec2.services.AMIClientLiveTest) succeeded: 2024ms
Test suite progress: tests succeeded: 2, failed: 0, skipped: 0.
Starting test testDescribeImageNotExists(org.jclouds.aws.ec2.services.AMIClientLiveTest)
[TestNG] Test testDescribeImageNotExists(org.jclouds.aws.ec2.services.AWSAMIClientLiveTest) succeeded: 453ms
Test suite progress: tests succeeded: 3, failed: 0, skipped: 0.
Starting test testDescribeImages(org.jclouds.aws.ec2.services.AWSAMIClientLiveTest)
[TestNG] Test testDescribeImageNotExists(org.jclouds.aws.ec2.services.AMIClientLiveTest) succeeded: 442ms
Test suite progress: tests succeeded: 4, failed: 0, skipped: 0.
Starting test testDescribeImages(org.jclouds.aws.ec2.services.AMIClientLiveTest)
[TestNG] Test testCreatePlacementGroup(org.jclouds.aws.ec2.services.PlacementGroupClientLiveTest) succeeded: 4646ms
Test suite progress: tests succeeded: 5, failed: 0, skipped: 0.
Starting test testDescribe(org.jclouds.aws.ec2.services.PlacementGroupClientLiveTest)
[TestNG] Test testDescribe(org.jclouds.aws.ec2.services.PlacementGroupClientLiveTest) succeeded: 4821ms
Test suite progress: tests succeeded: 6, failed: 0, skipped: 0.
Starting test testStartCCInstance(org.jclouds.aws.ec2.services.PlacementGroupClientLiveTest)
[TestNG] Test testAmazonLinuxInstanceStore(org.jclouds.aws.ec2.compute.AWSEC2TemplateBuilderLiveTest) succeeded: 21240ms
Test suite progress: tests succeeded: 7, failed: 0, skipped: 0.
Starting test testAssignability(org.jclouds.aws.ec2.compute.AWSEC2TemplateBuilderLiveTest)
[TestNG] Test testAssignability(org.jclouds.aws.ec2.compute.AWSEC2TemplateBuilderLiveTest) succeeded: 2ms
Test suite progress: tests succeeded: 8, failed: 0, skipped: 0.
Starting test testDefaultTemplateBuilder(org.jclouds.aws.ec2.compute.AWSEC2TemplateBuilderLiveTest)
[TestNG] Test testDefaultTemplateBuilder(org.jclouds.aws.ec2.compute.AWSEC2TemplateBuilderLiveTest) succeeded: 160ms
Test suite progress: tests succeeded: 9, failed: 0, skipped: 0.
Starting test testFastestTemplateBuilder(org.jclouds.aws.ec2.compute.AWSEC2TemplateBuilderLiveTest)
[id=us-east-1/ami-4fad7426, name=ubuntu/images/hvm/ubuntu-oneiric-11.10-amd64-server-20120401, operatingSystem=[name=null, family=ubuntu, version=11.10, arch=hvm, is64Bit=true, description=099720109477/ubuntu/images/hvm/ubuntu-oneiric-11.10-amd64-server-20120401], description=099720109477/ubuntu/images/hvm/ubuntu-oneiric-11.10-amd64-server-20120401, version=20120401, location=[id=us-east-1, scope=REGION, description=us-east-1, parent=aws-ec2, iso3166Codes=[US-VA], metadata={}], loginUser=ubuntu, userMetadata={owner=099720109477, rootDeviceType=ebs, virtualizationType=hvm, hypervisor=xen}, tags=[]]
[TestNG] Test testFastestTemplateBuilder(org.jclouds.aws.ec2.compute.AWSEC2TemplateBuilderLiveTest) succeeded: 320ms
Test suite progress: tests succeeded: 10, failed: 0, skipped: 0.
Starting test testTemplateBuilderCanUseImageIdAndhardwareIdAndAZ(org.jclouds.aws.ec2.compute.AWSEC2TemplateBuilderLiveTest)
[id=m2.2xlarge, providerId=m2.2xlarge, name=null, processors=[[cores=4.0, speed=3.25]], ram=35020, volumes=[[id=null, type=LOCAL, size=10.0, device=/dev/sda1, durable=false, isBootDevice=true], [id=null, type=LOCAL, size=840.0, device=/dev/sdb, durable=false, isBootDevice=false]], hypervisor=null, supportsImage=And(ALWAYS_TRUE,Or(isWindows(),requiresVirtualizationType(paravirtual)),ALWAYS_TRUE,is64Bit()), tags=[]]
[TestNG] Test testTemplateBuilderCanUseImageIdAndhardwareIdAndAZ(org.jclouds.aws.ec2.compute.AWSEC2TemplateBuilderLiveTest) succeeded: 1ms
Test suite progress: tests succeeded: 11, failed: 0, skipped: 0.
Starting test testTemplateBuilderCanUseImageIdFromNonDefaultOwner(org.jclouds.aws.ec2.compute.AWSEC2TemplateBuilderLiveTest)
[TestNG] Test testTemplateBuilderCanUseImageIdFromNonDefaultOwner(org.jclouds.aws.ec2.compute.AWSEC2TemplateBuilderLiveTest) succeeded: 507ms
Test suite progress: tests succeeded: 12, failed: 0, skipped: 0.
Starting test testTemplateBuilderM1MEDIUMWithNegativeLookaroundDoesntMatchTestImages(org.jclouds.aws.ec2.compute.AWSEC2TemplateBuilderLiveTest)
[TestNG] Test testTemplateBuilderM1MEDIUMWithNegativeLookaroundDoesntMatchTestImages(org.jclouds.aws.ec2.compute.AWSEC2TemplateBuilderLiveTest) succeeded: 215ms
Test suite progress: tests succeeded: 13, failed: 0, skipped: 0.
Starting test testTemplateBuilderMicro(org.jclouds.aws.ec2.compute.AWSEC2TemplateBuilderLiveTest)
[TestNG] Test testTemplateBuilderMicro(org.jclouds.aws.ec2.compute.AWSEC2TemplateBuilderLiveTest) succeeded: 137ms
Test suite progress: tests succeeded: 14, failed: 0, skipped: 0.
Starting test testTemplateBuilderWithLessRegions(org.jclouds.aws.ec2.compute.AWSEC2TemplateBuilderLiveTest)
[TestNG] Test testTemplateBuilderWithLessRegions(org.jclouds.aws.ec2.compute.AWSEC2TemplateBuilderLiveTest) succeeded: 2160ms
Test suite progress: tests succeeded: 15, failed: 0, skipped: 0.
Starting test testTemplateBuilderWithNoOwnersParsesImageOnDemand(org.jclouds.aws.ec2.compute.AWSEC2TemplateBuilderLiveTest)
[id=m1.small, providerId=m1.small, name=null, processors=[[cores=1.0, speed=1.0]], ram=1740, volumes=[[id=null, type=LOCAL, size=10.0, device=/dev/sda1, durable=false, isBootDevice=true], [id=null, type=LOCAL, size=150.0, device=/dev/sda2, durable=false, isBootDevice=false]], hypervisor=null, supportsImage=And(ALWAYS_TRUE,Or(isWindows(),requiresVirtualizationType(paravirtual)),ALWAYS_TRUE,ALWAYS_TRUE), tags=[]]
[TestNG] Test testTemplateBuilderWithNoOwnersParsesImageOnDemand(org.jclouds.aws.ec2.compute.AWSEC2TemplateBuilderLiveTest) succeeded: 5062ms
Test suite progress: tests succeeded: 16, failed: 0, skipped: 0.
Starting test testTemplateBuilderWithNoOwnersParsesImageOnDemandDeprecated(org.jclouds.aws.ec2.compute.AWSEC2TemplateBuilderLiveTest)
[id=m1.small, providerId=m1.small, name=null, processors=[[cores=1.0, speed=1.0]], ram=1740, volumes=[[id=null, type=LOCAL, size=10.0, device=/dev/sda1, durable=false, isBootDevice=true], [id=null, type=LOCAL, size=150.0, device=/dev/sda2, durable=false, isBootDevice=false]], hypervisor=null, supportsImage=And(ALWAYS_TRUE,Or(isWindows(),requiresVirtualizationType(paravirtual)),ALWAYS_TRUE,ALWAYS_TRUE), tags=[]]
[TestNG] Test testTemplateBuilderWithNoOwnersParsesImageOnDemandDeprecated(org.jclouds.aws.ec2.compute.AWSEC2TemplateBuilderLiveTest) succeeded: 4917ms
Test suite progress: tests succeeded: 17, failed: 0, skipped: 0.
Starting test testUbuntuInstanceStoreGoesM1SmallNegativeLookaroundDoesntMatchTestImages(org.jclouds.aws.ec2.compute.AWSEC2TemplateBuilderLiveTest)
[TestNG] Test testUbuntuInstanceStoreGoesM1SmallNegativeLookaroundDoesntMatchTestImages(org.jclouds.aws.ec2.compute.AWSEC2TemplateBuilderLiveTest) succeeded: 231ms
Test suite progress: tests succeeded: 18, failed: 0, skipped: 0.
Starting test testCompareSizes(org.jclouds.aws.ec2.compute.AWSEC2TemplateBuilderLiveTest)
smallest [id=t1.micro, providerId=t1.micro, name=null, processors=[[cores=1.0, speed=1.0]], ram=630, volumes=[], hypervisor=null, supportsImage=And(requiresRootDeviceType(ebs),Or(isWindows(),requiresVirtualizationType(paravirtual)),ALWAYS_TRUE,ALWAYS_TRUE), tags=[]]
fastest [id=cc2.8xlarge, providerId=cc2.8xlarge, name=null, processors=[[cores=8.0, speed=5.5], [cores=8.0, speed=5.5]], ram=61952, volumes=[[id=null, type=LOCAL, size=10.0, device=/dev/sda1, durable=false, isBootDevice=true], [id=null, type=LOCAL, size=840.0, device=/dev/sdb, durable=false, isBootDevice=false], [id=null, type=LOCAL, size=840.0, device=/dev/sdc, durable=false, isBootDevice=false], [id=null, type=LOCAL, size=840.0, device=/dev/sdb, durable=false, isBootDevice=false], [id=null, type=LOCAL, size=840.0, device=/dev/sdc, durable=false, isBootDevice=false]], hypervisor=null, supportsImage=And(ALWAYS_TRUE,requiresVirtualizationType(hvm),idIn([us-east-1/ami-0601f16f, us-east-1/ami-e4bc608d, us-east-1/ami-df4183b6, us-east-1/ami-be33e8d7, us-east-1/ami-f1589598, us-east-1/ami-4c2df525, us-east-1/ami-f139e098, us-east-1/ami-ed35f384, us-east-1/ami-b5578edc, us-east-1/ami-70da2319, us-east-1/ami-b7ea34de, us-east-1/ami-11dd1678, us-east-1/ami-e416ca8d, us-east-1/ami-a5449dcc, us-east-1/ami-a2d30bcb, us-east-1/ami-67a2750e, us-east-1/ami-2661b34f, us-east-1/ami-beca11d7, us-east-1/ami-b79754de, us-east-1/ami-30f32859, us-east-1/ami-02b14b6b, us-east-1/ami-4615ce2f, us-east-1/ami-60924909, us-east-1/ami-605e8509, us-east-1/ami-6e1dc607, us-east-1/ami-3e37ef57, us-east-1/ami-fd65ba94, us-east-1/ami-bff539d6, us-east-1/ami-4fad7426, us-east-1/ami-2629f24f, us-east-1/ami-0da96764, us-east-1/ami-534f9e3a, us-east-1/ami-2219c14b, us-east-1/ami-0e568d67, us-east-1/ami-eb8f4c82, us-east-1/ami-4d8e5624, us-east-1/ami-2cce1645, us-east-1/ami-c5b769ac, us-east-1/ami-50dd0639, us-east-1/ami-2d538a44, us-east-1/ami-ccbd61a5, us-east-1/ami-f21bc09b, us-east-1/ami-7b7ea712, us-east-1/ami-d65f87bf, us-east-1/ami-c134f6a8, us-east-1/ami-976da7fe, us-east-1/ami-31924b58, us-east-1/ami-beba68d7, us-east-1/ami-1cad5275, us-east-1/ami-321eed5b, us-east-1/ami-58906c31, us-east-1/ami-90845ff9, us-east-1/ami-724ab91b, us-east-1/ami-5af40933, us-east-1/ami-1c4c9775, us-east-1/ami-b82cf7d1, us-east-1/ami-1ed60977, us-east-1/ami-e965ba80, us-east-1/ami-9d8548f4, us-east-1/ami-b562a9dc, us-east-1/ami-93c31afa, us-east-1/ami-c9b36ba0]),ALWAYS_TRUE), tags=[]]
biggest [id=cc2.8xlarge, providerId=cc2.8xlarge, name=null, processors=[[cores=8.0, speed=5.5], [cores=8.0, speed=5.5]], ram=61952, volumes=[[id=null, type=LOCAL, size=10.0, device=/dev/sda1, durable=false, isBootDevice=true], [id=null, type=LOCAL, size=840.0, device=/dev/sdb, durable=false, isBootDevice=false], [id=null, type=LOCAL, size=840.0, device=/dev/sdc, durable=false, isBootDevice=false], [id=null, type=LOCAL, size=840.0, device=/dev/sdb, durable=false, isBootDevice=false], [id=null, type=LOCAL, size=840.0, device=/dev/sdc, durable=false, isBootDevice=false]], hypervisor=null, supportsImage=And(ALWAYS_TRUE,requiresVirtualizationType(hvm),idIn([us-east-1/ami-0601f16f, us-east-1/ami-e4bc608d, us-east-1/ami-df4183b6, us-east-1/ami-be33e8d7, us-east-1/ami-f1589598, us-east-1/ami-4c2df525, us-east-1/ami-f139e098, us-east-1/ami-ed35f384, us-east-1/ami-b5578edc, us-east-1/ami-70da2319, us-east-1/ami-b7ea34de, us-east-1/ami-11dd1678, us-east-1/ami-e416ca8d, us-east-1/ami-a5449dcc, us-east-1/ami-a2d30bcb, us-east-1/ami-67a2750e, us-east-1/ami-2661b34f, us-east-1/ami-beca11d7, us-east-1/ami-b79754de, us-east-1/ami-30f32859, us-east-1/ami-02b14b6b, us-east-1/ami-4615ce2f, us-east-1/ami-60924909, us-east-1/ami-605e8509, us-east-1/ami-6e1dc607, us-east-1/ami-3e37ef57, us-east-1/ami-fd65ba94, us-east-1/ami-bff539d6, us-east-1/ami-4fad7426, us-east-1/ami-2629f24f, us-east-1/ami-0da96764, us-east-1/ami-534f9e3a, us-east-1/ami-2219c14b, us-east-1/ami-0e568d67, us-east-1/ami-eb8f4c82, us-east-1/ami-4d8e5624, us-east-1/ami-2cce1645, us-east-1/ami-c5b769ac, us-east-1/ami-50dd0639, us-east-1/ami-2d538a44, us-east-1/ami-ccbd61a5, us-east-1/ami-f21bc09b, us-east-1/ami-7b7ea712, us-east-1/ami-d65f87bf, us-east-1/ami-c134f6a8, us-east-1/ami-976da7fe, us-east-1/ami-31924b58, us-east-1/ami-beba68d7, us-east-1/ami-1cad5275, us-east-1/ami-321eed5b, us-east-1/ami-58906c31, us-east-1/ami-90845ff9, us-east-1/ami-724ab91b, us-east-1/ami-5af40933, us-east-1/ami-1c4c9775, us-east-1/ami-b82cf7d1, us-east-1/ami-1ed60977, us-east-1/ami-e965ba80, us-east-1/ami-9d8548f4, us-east-1/ami-b562a9dc, us-east-1/ami-93c31afa, us-east-1/ami-c9b36ba0]),ALWAYS_TRUE), tags=[]]
[TestNG] Test testCompareSizes(org.jclouds.aws.ec2.compute.AWSEC2TemplateBuilderLiveTest) succeeded: 455ms
Test suite progress: tests succeeded: 19, failed: 0, skipped: 0.
Starting test testFromTemplate(org.jclouds.aws.ec2.compute.AWSEC2TemplateBuilderLiveTest)
[TestNG] Test testFromTemplate(org.jclouds.aws.ec2.compute.AWSEC2TemplateBuilderLiveTest) succeeded: 271ms
Test suite progress: tests succeeded: 20, failed: 0, skipped: 0.
Starting test testGetAssignableLocations(org.jclouds.aws.ec2.compute.AWSEC2TemplateBuilderLiveTest)
location [id=us-east-1, scope=REGION, description=us-east-1, parent=aws-ec2, iso3166Codes=[US-VA], metadata={}]
location [id=us-west-1, scope=REGION, description=us-west-1, parent=aws-ec2, iso3166Codes=[US-CA], metadata={}]
location [id=us-west-2, scope=REGION, description=us-west-2, parent=aws-ec2, iso3166Codes=[US-OR], metadata={}]
location [id=sa-east-1, scope=REGION, description=sa-east-1, parent=aws-ec2, iso3166Codes=[BR-SP], metadata={}]
location [id=eu-west-1, scope=REGION, description=eu-west-1, parent=aws-ec2, iso3166Codes=[IE], metadata={}]
location [id=ap-southeast-1, scope=REGION, description=ap-southeast-1, parent=aws-ec2, iso3166Codes=[SG], metadata={}]
location [id=ap-northeast-1, scope=REGION, description=ap-northeast-1, parent=aws-ec2, iso3166Codes=[JP-13], metadata={}]
location [id=us-east-1a, scope=ZONE, description=us-east-1a, parent=us-east-1, iso3166Codes=[US-VA], metadata={}]
location [id=us-east-1b, scope=ZONE, description=us-east-1b, parent=us-east-1, iso3166Codes=[US-VA], metadata={}]
location [id=us-east-1c, scope=ZONE, description=us-east-1c, parent=us-east-1, iso3166Codes=[US-VA], metadata={}]
location [id=us-east-1d, scope=ZONE, description=us-east-1d, parent=us-east-1, iso3166Codes=[US-VA], metadata={}]
location [id=us-east-1e, scope=ZONE, description=us-east-1e, parent=us-east-1, iso3166Codes=[US-VA], metadata={}]
location [id=us-west-1a, scope=ZONE, description=us-west-1a, parent=us-west-1, iso3166Codes=[US-CA], metadata={}]
location [id=us-west-1b, scope=ZONE, description=us-west-1b, parent=us-west-1, iso3166Codes=[US-CA], metadata={}]
location [id=us-west-1c, scope=ZONE, description=us-west-1c, parent=us-west-1, iso3166Codes=[US-CA], metadata={}]
location [id=us-west-2a, scope=ZONE, description=us-west-2a, parent=us-west-2, iso3166Codes=[US-OR], metadata={}]
location [id=us-west-2b, scope=ZONE, description=us-west-2b, parent=us-west-2, iso3166Codes=[US-OR], metadata={}]
location [id=sa-east-1a, scope=ZONE, description=sa-east-1a, parent=sa-east-1, iso3166Codes=[BR-SP], metadata={}]
location [id=sa-east-1b, scope=ZONE, description=sa-east-1b, parent=sa-east-1, iso3166Codes=[BR-SP], metadata={}]
location [id=eu-west-1a, scope=ZONE, description=eu-west-1a, parent=eu-west-1, iso3166Codes=[IE], metadata={}]
location [id=eu-west-1b, scope=ZONE, description=eu-west-1b, parent=eu-west-1, iso3166Codes=[IE], metadata={}]
location [id=eu-west-1c, scope=ZONE, description=eu-west-1c, parent=eu-west-1, iso3166Codes=[IE], metadata={}]
location [id=ap-southeast-1a, scope=ZONE, description=ap-southeast-1a, parent=ap-southeast-1, iso3166Codes=[SG], metadata={}]
location [id=ap-southeast-1b, scope=ZONE, description=ap-southeast-1b, parent=ap-southeast-1, iso3166Codes=[SG], metadata={}]
location [id=ap-northeast-1a, scope=ZONE, description=ap-northeast-1a, parent=ap-northeast-1, iso3166Codes=[JP-13], metadata={}]
location [id=ap-northeast-1b, scope=ZONE, description=ap-northeast-1b, parent=ap-northeast-1, iso3166Codes=[JP-13], metadata={}]
[TestNG] Test testGetAssignableLocations(org.jclouds.aws.ec2.compute.AWSEC2TemplateBuilderLiveTest) succeeded: 3ms
Test suite progress: tests succeeded: 21, failed: 0, skipped: 0.
Starting test testTemplateBuilderCanFind(org.jclouds.aws.ec2.compute.AWSEC2TemplateBuilderLiveTest)
[TestNG] Test testTemplateBuilderCanFind(org.jclouds.aws.ec2.compute.AWSEC2TemplateBuilderLiveTest) succeeded: 155ms
Test suite progress: tests succeeded: 22, failed: 0, skipped: 0.
Starting test testTemplateBuilderCanFind(org.jclouds.aws.ec2.compute.AWSEC2TemplateBuilderLiveTest)
[TestNG] Test testTemplateBuilderCanFind(org.jclouds.aws.ec2.compute.AWSEC2TemplateBuilderLiveTest) succeeded: 126ms
Test suite progress: tests succeeded: 23, failed: 0, skipped: 0.
Starting test testTemplateBuilderCanFind(org.jclouds.aws.ec2.compute.AWSEC2TemplateBuilderLiveTest)
[TestNG] Test testTemplateBuilderCanFind(org.jclouds.aws.ec2.compute.AWSEC2TemplateBuilderLiveTest) succeeded: 117ms
Test suite progress: tests succeeded: 24, failed: 0, skipped: 0.
Starting test testTemplateBuilderCanFind(org.jclouds.aws.ec2.compute.AWSEC2TemplateBuilderLiveTest)
[TestNG] Test testTemplateBuilderCanFind(org.jclouds.aws.ec2.compute.AWSEC2TemplateBuilderLiveTest) succeeded: 140ms
Test suite progress: tests succeeded: 25, failed: 0, skipped: 0.
Starting test testTemplateBuilderCanFind(org.jclouds.aws.ec2.compute.AWSEC2TemplateBuilderLiveTest)
[TestNG] Test testTemplateBuilderCanFind(org.jclouds.aws.ec2.compute.AWSEC2TemplateBuilderLiveTest) succeeded: 131ms
Test suite progress: tests succeeded: 26, failed: 0, skipped: 0.
Starting test testTemplateBuilderCanFind(org.jclouds.aws.ec2.compute.AWSEC2TemplateBuilderLiveTest)
[TestNG] Test testTemplateBuilderCanFind(org.jclouds.aws.ec2.compute.AWSEC2TemplateBuilderLiveTest) succeeded: 152ms
Test suite progress: tests succeeded: 27, failed: 0, skipped: 0.
Starting test testTemplateBuilderCanFind(org.jclouds.aws.ec2.compute.AWSEC2TemplateBuilderLiveTest)
[TestNG] Test testTemplateBuilderCanFind(org.jclouds.aws.ec2.compute.AWSEC2TemplateBuilderLiveTest) succeeded: 124ms
Test suite progress: tests succeeded: 28, failed: 0, skipped: 0.
Starting test testTemplateBuilderCanFind(org.jclouds.aws.ec2.compute.AWSEC2TemplateBuilderLiveTest)
[TestNG] Test testTemplateBuilderCanFind(org.jclouds.aws.ec2.compute.AWSEC2TemplateBuilderLiveTest) succeeded: 151ms
Test suite progress: tests succeeded: 29, failed: 0, skipped: 0.
Starting test testTemplateBuilderCanFind(org.jclouds.aws.ec2.compute.AWSEC2TemplateBuilderLiveTest)
[TestNG] Test testTemplateBuilderCanFind(org.jclouds.aws.ec2.compute.AWSEC2TemplateBuilderLiveTest) succeeded: 161ms
Test suite progress: tests succeeded: 30, failed: 0, skipped: 0.
Starting test testTemplateBuilderCanFind(org.jclouds.aws.ec2.compute.AWSEC2TemplateBuilderLiveTest)
[TestNG] Test testTemplateBuilderCanFind(org.jclouds.aws.ec2.compute.AWSEC2TemplateBuilderLiveTest) succeeded: 185ms
Test suite progress: tests succeeded: 31, failed: 0, skipped: 0.
Starting test testTemplateBuilderCanFind(org.jclouds.aws.ec2.compute.AWSEC2TemplateBuilderLiveTest)
[TestNG] Test testTemplateBuilderCanFind(org.jclouds.aws.ec2.compute.AWSEC2TemplateBuilderLiveTest) succeeded: 165ms
Test suite progress: tests succeeded: 32, failed: 0, skipped: 0.
Starting test testTemplateBuilderCanFind(org.jclouds.aws.ec2.compute.AWSEC2TemplateBuilderLiveTest)
[TestNG] Test testTemplateBuilderCanFind(org.jclouds.aws.ec2.compute.AWSEC2TemplateBuilderLiveTest) succeeded: 124ms
Test suite progress: tests succeeded: 33, failed: 0, skipped: 0.
Starting test testTemplateBuilderCanFind(org.jclouds.aws.ec2.compute.AWSEC2TemplateBuilderLiveTest)
[TestNG] Test testTemplateBuilderCanFind(org.jclouds.aws.ec2.compute.AWSEC2TemplateBuilderLiveTest) succeeded: 123ms
Test suite progress: tests succeeded: 34, failed: 0, skipped: 0.
Starting test testTemplateBuilderCanFind(org.jclouds.aws.ec2.compute.AWSEC2TemplateBuilderLiveTest)
[TestNG] Test testTemplateBuilderCanFind(org.jclouds.aws.ec2.compute.AWSEC2TemplateBuilderLiveTest) succeeded: 153ms
Test suite progress: tests succeeded: 35, failed: 0, skipped: 0.
Starting test testTemplateBuilderCanFind(org.jclouds.aws.ec2.compute.AWSEC2TemplateBuilderLiveTest)
[TestNG] Test testTemplateBuilderCanFind(org.jclouds.aws.ec2.compute.AWSEC2TemplateBuilderLiveTest) succeeded: 121ms
Test suite progress: tests succeeded: 36, failed: 0, skipped: 0.
Starting test testTemplateBuilderCanFind(org.jclouds.aws.ec2.compute.AWSEC2TemplateBuilderLiveTest)
[TestNG] Test testTemplateBuilderCanFind(org.jclouds.aws.ec2.compute.AWSEC2TemplateBuilderLiveTest) succeeded: 156ms
Test suite progress: tests succeeded: 37, failed: 0, skipped: 0.
Starting test testTemplateBuilderCanFind(org.jclouds.aws.ec2.compute.AWSEC2TemplateBuilderLiveTest)
[TestNG] Test testTemplateBuilderCanFind(org.jclouds.aws.ec2.compute.AWSEC2TemplateBuilderLiveTest) succeeded: 176ms
Test suite progress: tests succeeded: 38, failed: 0, skipped: 0.
Starting test testTemplateBuilderCanFind(org.jclouds.aws.ec2.compute.AWSEC2TemplateBuilderLiveTest)
[TestNG] Test testTemplateBuilderCanFind(org.jclouds.aws.ec2.compute.AWSEC2TemplateBuilderLiveTest) succeeded: 154ms
Test suite progress: tests succeeded: 39, failed: 0, skipped: 0.
Starting test testTemplateBuilderCanFind(org.jclouds.aws.ec2.compute.AWSEC2TemplateBuilderLiveTest)
[TestNG] Test testTemplateBuilderCanFind(org.jclouds.aws.ec2.compute.AWSEC2TemplateBuilderLiveTest) succeeded: 159ms
Test suite progress: tests succeeded: 40, failed: 0, skipped: 0.
Starting test testTemplateBuilderCanFind(org.jclouds.aws.ec2.compute.AWSEC2TemplateBuilderLiveTest)
[TestNG] Test testTemplateBuilderCanFind(org.jclouds.aws.ec2.compute.AWSEC2TemplateBuilderLiveTest) succeeded: 121ms
Test suite progress: tests succeeded: 41, failed: 0, skipped: 0.
Starting test testTemplateBuilderCanFind(org.jclouds.aws.ec2.compute.AWSEC2TemplateBuilderLiveTest)
[TestNG] Test testTemplateBuilderCanFind(org.jclouds.aws.ec2.compute.AWSEC2TemplateBuilderLiveTest) succeeded: 158ms
Test suite progress: tests succeeded: 42, failed: 0, skipped: 0.
Starting test testTemplateBuilderCanFind(org.jclouds.aws.ec2.compute.AWSEC2TemplateBuilderLiveTest)
[TestNG] Test testTemplateBuilderCanFind(org.jclouds.aws.ec2.compute.AWSEC2TemplateBuilderLiveTest) succeeded: 153ms
Test suite progress: tests succeeded: 43, failed: 0, skipped: 0.
Starting test testTemplateBuilderCanFind(org.jclouds.aws.ec2.compute.AWSEC2TemplateBuilderLiveTest)
[TestNG] Test testTemplateBuilderCanFind(org.jclouds.aws.ec2.compute.AWSEC2TemplateBuilderLiveTest) succeeded: 148ms
Test suite progress: tests succeeded: 44, failed: 0, skipped: 0.
Starting test testTemplateBuilderCanFind(org.jclouds.aws.ec2.compute.AWSEC2TemplateBuilderLiveTest)
[TestNG] Test testTemplateBuilderCanFind(org.jclouds.aws.ec2.compute.AWSEC2TemplateBuilderLiveTest) succeeded: 154ms
Test suite progress: tests succeeded: 45, failed: 0, skipped: 0.
Starting test testTemplateBuilderCanFind(org.jclouds.aws.ec2.compute.AWSEC2TemplateBuilderLiveTest)
[TestNG] Test testTemplateBuilderCanFind(org.jclouds.aws.ec2.compute.AWSEC2TemplateBuilderLiveTest) succeeded: 161ms
Test suite progress: tests succeeded: 46, failed: 0, skipped: 0.
Starting test testTemplateBuilderCanFind(org.jclouds.aws.ec2.compute.AWSEC2TemplateBuilderLiveTest)
[TestNG] Test testTemplateBuilderCanFind(org.jclouds.aws.ec2.compute.AWSEC2TemplateBuilderLiveTest) succeeded: 114ms
Test suite progress: tests succeeded: 47, failed: 0, skipped: 0.
Starting test testTemplateBuilderCanFind(org.jclouds.aws.ec2.compute.AWSEC2TemplateBuilderLiveTest)
[TestNG] Test testTemplateBuilderCanFind(org.jclouds.aws.ec2.compute.AWSEC2TemplateBuilderLiveTest) succeeded: 160ms
Test suite progress: tests succeeded: 48, failed: 0, skipped: 0.
Starting test testTemplateBuilderCanFind(org.jclouds.aws.ec2.compute.AWSEC2TemplateBuilderLiveTest)
[TestNG] Test testTemplateBuilderCanFind(org.jclouds.aws.ec2.compute.AWSEC2TemplateBuilderLiveTest) succeeded: 166ms
Test suite progress: tests succeeded: 49, failed: 0, skipped: 0.
Starting test testTemplateBuilderCanFind(org.jclouds.aws.ec2.compute.AWSEC2TemplateBuilderLiveTest)
[TestNG] Test testTemplateBuilderCanFind(org.jclouds.aws.ec2.compute.AWSEC2TemplateBuilderLiveTest) succeeded: 161ms
Test suite progress: tests succeeded: 50, failed: 0, skipped: 0.
Starting test testTemplateBuilderCanFind(org.jclouds.aws.ec2.compute.AWSEC2TemplateBuilderLiveTest)
[TestNG] Test testTemplateBuilderCanFind(org.jclouds.aws.ec2.compute.AWSEC2TemplateBuilderLiveTest) succeeded: 149ms
Test suite progress: tests succeeded: 51, failed: 0, skipped: 0.
Starting test testTemplateBuilderCanFind(org.jclouds.aws.ec2.compute.AWSEC2TemplateBuilderLiveTest)
[TestNG] Test testTemplateBuilderCanFind(org.jclouds.aws.ec2.compute.AWSEC2TemplateBuilderLiveTest) succeeded: 124ms
Test suite progress: tests succeeded: 52, failed: 0, skipped: 0.
Starting test testTemplateBuilderCanFind(org.jclouds.aws.ec2.compute.AWSEC2TemplateBuilderLiveTest)
[TestNG] Test testTemplateBuilderCanFind(org.jclouds.aws.ec2.compute.AWSEC2TemplateBuilderLiveTest) succeeded: 126ms
Test suite progress: tests succeeded: 53, failed: 0, skipped: 0.
Starting test testTemplateBuilderCanFind(org.jclouds.aws.ec2.compute.AWSEC2TemplateBuilderLiveTest)
[TestNG] Test testTemplateBuilderCanFind(org.jclouds.aws.ec2.compute.AWSEC2TemplateBuilderLiveTest) succeeded: 106ms
Test suite progress: tests succeeded: 54, failed: 0, skipped: 0.
Starting test testTemplateBuilderCanFind(org.jclouds.aws.ec2.compute.AWSEC2TemplateBuilderLiveTest)
[TestNG] Test testTemplateBuilderCanFind(org.jclouds.aws.ec2.compute.AWSEC2TemplateBuilderLiveTest) succeeded: 148ms
Test suite progress: tests succeeded: 55, failed: 0, skipped: 0.
Starting test testTemplateBuilderCanFind(org.jclouds.aws.ec2.compute.AWSEC2TemplateBuilderLiveTest)
[TestNG] Test testTemplateBuilderCanFind(org.jclouds.aws.ec2.compute.AWSEC2TemplateBuilderLiveTest) succeeded: 152ms
Test suite progress: tests succeeded: 56, failed: 0, skipped: 0.
Starting test testTemplateBuilderCanFind(org.jclouds.aws.ec2.compute.AWSEC2TemplateBuilderLiveTest)
[TestNG] Test testTemplateBuilderCanFind(org.jclouds.aws.ec2.compute.AWSEC2TemplateBuilderLiveTest) succeeded: 258ms
Test suite progress: tests succeeded: 57, failed: 0, skipped: 0.
Starting test testTemplateBuilderCanFind(org.jclouds.aws.ec2.compute.AWSEC2TemplateBuilderLiveTest)
[TestNG] Test testTemplateBuilderCanFind(org.jclouds.aws.ec2.compute.AWSEC2TemplateBuilderLiveTest) succeeded: 151ms
Test suite progress: tests succeeded: 58, failed: 0, skipped: 0.
Starting test testTemplateBuilderCanFind(org.jclouds.aws.ec2.compute.AWSEC2TemplateBuilderLiveTest)
[TestNG] Test testTemplateBuilderCanFind(org.jclouds.aws.ec2.compute.AWSEC2TemplateBuilderLiveTest) succeeded: 155ms
Test suite progress: tests succeeded: 59, failed: 0, skipped: 0.
Starting test testTemplateBuilderCanFind(org.jclouds.aws.ec2.compute.AWSEC2TemplateBuilderLiveTest)
[TestNG] Test testTemplateBuilderCanFind(org.jclouds.aws.ec2.compute.AWSEC2TemplateBuilderLiveTest) succeeded: 173ms
Test suite progress: tests succeeded: 60, failed: 0, skipped: 0.
Starting test testTemplateBuilderCanFind(org.jclouds.aws.ec2.compute.AWSEC2TemplateBuilderLiveTest)
[TestNG] Test testTemplateBuilderCanFind(org.jclouds.aws.ec2.compute.AWSEC2TemplateBuilderLiveTest) succeeded: 129ms
Test suite progress: tests succeeded: 61, failed: 0, skipped: 0.
Starting test testTemplateBuilderCanFind(org.jclouds.aws.ec2.compute.AWSEC2TemplateBuilderLiveTest)
[TestNG] Test testTemplateBuilderCanFind(org.jclouds.aws.ec2.compute.AWSEC2TemplateBuilderLiveTest) succeeded: 162ms
Test suite progress: tests succeeded: 62, failed: 0, skipped: 0.
Starting test testTemplateBuilderCanFind(org.jclouds.aws.ec2.compute.AWSEC2TemplateBuilderLiveTest)
[TestNG] Test testTemplateBuilderCanFind(org.jclouds.aws.ec2.compute.AWSEC2TemplateBuilderLiveTest) succeeded: 133ms
Test suite progress: tests succeeded: 63, failed: 0, skipped: 0.
Starting test testTemplateBuilderCanUseImageId(org.jclouds.aws.ec2.compute.AWSEC2TemplateBuilderLiveTest)
[TestNG] Test testTemplateBuilderCanUseImageId(org.jclouds.aws.ec2.compute.AWSEC2TemplateBuilderLiveTest) succeeded: 5662ms
Test suite progress: tests succeeded: 64, failed: 0, skipped: 0.
Starting test testTemplateBuilderCannotFind(org.jclouds.aws.ec2.compute.AWSEC2TemplateBuilderLiveTest)
[[id=us-east-1/i-8694c4e1, providerId=i-8694c4e1, group=adriancoleec2cccluster, name=adriancoleec2cccluster-8694c4e1, location=[id=us-east-1b, scope=ZONE, description=us-east-1b, parent=us-east-1, iso3166Codes=[US-VA], metadata={}], uri=null, imageId=us-east-1/ami-0da96764, os=[name=null, family=amzn-linux, version=2011.09.2, arch=hvm, is64Bit=true, description=amazon/amzn-hvm-ami-2011.09.2.x86_64], state=RUNNING, loginPort=22, hostname=ip-10-58-29-227, privateAddresses=[10.58.29.227], publicAddresses=[50.17.128.208], hardware=[id=cc2.8xlarge, providerId=cc2.8xlarge, name=null, processors=[[cores=8.0, speed=5.5], [cores=8.0, speed=5.5]], ram=61952, volumes=[[id=null, type=LOCAL, size=840.0, device=/dev/sdb, durable=false, isBootDevice=false], [id=null, type=LOCAL, size=840.0, device=/dev/sdc, durable=false, isBootDevice=false], [id=null, type=LOCAL, size=840.0, device=/dev/sdb, durable=false, isBootDevice=false], [id=null, type=LOCAL, size=840.0, device=/dev/sdc, durable=false, isBootDevice=false], [id=vol-b0850fdf, type=SAN, size=null, device=/dev/sda1, durable=true, isBootDevice=true]], hypervisor=xen, supportsImage=And(ALWAYS_TRUE,requiresVirtualizationType(hvm),idIn([us-east-1/ami-0601f16f, us-east-1/ami-e4bc608d, us-east-1/ami-df4183b6, us-east-1/ami-be33e8d7, us-east-1/ami-f1589598, us-east-1/ami-4c2df525, us-east-1/ami-f139e098, us-east-1/ami-ed35f384, us-east-1/ami-b5578edc, us-east-1/ami-70da2319, us-east-1/ami-b7ea34de, us-east-1/ami-11dd1678, us-east-1/ami-e416ca8d, us-east-1/ami-a5449dcc, us-east-1/ami-a2d30bcb, us-east-1/ami-67a2750e, us-east-1/ami-2661b34f, us-east-1/ami-beca11d7, us-east-1/ami-b79754de, us-east-1/ami-30f32859, us-east-1/ami-02b14b6b, us-east-1/ami-4615ce2f, us-east-1/ami-60924909, us-east-1/ami-605e8509, us-east-1/ami-6e1dc607, us-east-1/ami-3e37ef57, us-east-1/ami-fd65ba94, us-east-1/ami-bff539d6, us-east-1/ami-4fad7426, us-east-1/ami-2629f24f, us-east-1/ami-0da96764, us-east-1/ami-534f9e3a, us-east-1/ami-2219c14b, us-east-1/ami-0e568d67, us-east-1/ami-eb8f4c82, us-east-1/ami-4d8e5624, us-east-1/ami-2cce1645, us-east-1/ami-c5b769ac, us-east-1/ami-50dd0639, us-east-1/ami-2d538a44, us-east-1/ami-ccbd61a5, us-east-1/ami-f21bc09b, us-east-1/ami-7b7ea712, us-east-1/ami-d65f87bf, us-east-1/ami-c134f6a8, us-east-1/ami-976da7fe, us-east-1/ami-31924b58, us-east-1/ami-beba68d7, us-east-1/ami-1cad5275, us-east-1/ami-321eed5b, us-east-1/ami-58906c31, us-east-1/ami-90845ff9, us-east-1/ami-724ab91b, us-east-1/ami-5af40933, us-east-1/ami-1c4c9775, us-east-1/ami-b82cf7d1, us-east-1/ami-1ed60977, us-east-1/ami-e965ba80, us-east-1/ami-9d8548f4, us-east-1/ami-b562a9dc, us-east-1/ami-93c31afa, us-east-1/ami-c9b36ba0]),ALWAYS_TRUE), tags=[]], loginUser=adriancole, userMetadata={Name=adriancoleec2cccluster-8694c4e1}, tags=[]]]
[TestNG] Test testTemplateBuilderCannotFind(org.jclouds.aws.ec2.compute.AWSEC2TemplateBuilderLiveTest) succeeded: 14446ms
Test suite progress: tests succeeded: 65, failed: 0, skipped: 0.
Starting test testTemplateBuilderCannotFind(org.jclouds.aws.ec2.compute.AWSEC2TemplateBuilderLiveTest)
[TestNG] Test testTemplateBuilderCannotFind(org.jclouds.aws.ec2.compute.AWSEC2TemplateBuilderLiveTest) succeeded: 14ms
Test suite progress: tests succeeded: 66, failed: 0, skipped: 0.
Starting test testTemplateBuilderCannotFind(org.jclouds.aws.ec2.compute.AWSEC2TemplateBuilderLiveTest)
[TestNG] Test testTemplateBuilderCannotFind(org.jclouds.aws.ec2.compute.AWSEC2TemplateBuilderLiveTest) succeeded: 15ms
Test suite progress: tests succeeded: 67, failed: 0, skipped: 0.
Starting test testTemplateBuilderCannotFind(org.jclouds.aws.ec2.compute.AWSEC2TemplateBuilderLiveTest)
[TestNG] Test testTemplateBuilderCannotFind(org.jclouds.aws.ec2.compute.AWSEC2TemplateBuilderLiveTest) succeeded: 20ms
Test suite progress: tests succeeded: 68, failed: 0, skipped: 0.
Starting test testTemplateBuilderCannotFind(org.jclouds.aws.ec2.compute.AWSEC2TemplateBuilderLiveTest)
[TestNG] Test testTemplateBuilderCannotFind(org.jclouds.aws.ec2.compute.AWSEC2TemplateBuilderLiveTest) succeeded: 47ms
Test suite progress: tests succeeded: 69, failed: 0, skipped: 0.
Starting test testTemplateBuilderCannotFind(org.jclouds.aws.ec2.compute.AWSEC2TemplateBuilderLiveTest)
[TestNG] Test testTemplateBuilderCannotFind(org.jclouds.aws.ec2.compute.AWSEC2TemplateBuilderLiveTest) succeeded: 45ms
Test suite progress: tests succeeded: 70, failed: 0, skipped: 0.
Starting test testTemplateBuilderCannotFind(org.jclouds.aws.ec2.compute.AWSEC2TemplateBuilderLiveTest)
[TestNG] Test testTemplateBuilderCannotFind(org.jclouds.aws.ec2.compute.AWSEC2TemplateBuilderLiveTest) succeeded: 13ms
Test suite progress: tests succeeded: 71, failed: 0, skipped: 0.
Starting test testTemplateBuilderCannotFind(org.jclouds.aws.ec2.compute.AWSEC2TemplateBuilderLiveTest)
[TestNG] Test testTemplateBuilderCannotFind(org.jclouds.aws.ec2.compute.AWSEC2TemplateBuilderLiveTest) succeeded: 13ms
Test suite progress: tests succeeded: 72, failed: 0, skipped: 0.
Starting test testTemplateBuilderCannotFind(org.jclouds.aws.ec2.compute.AWSEC2TemplateBuilderLiveTest)
[TestNG] Test testTemplateBuilderCannotFind(org.jclouds.aws.ec2.compute.AWSEC2TemplateBuilderLiveTest) succeeded: 14ms
Test suite progress: tests succeeded: 73, failed: 0, skipped: 0.
Starting test testTemplateBuilderCannotFind(org.jclouds.aws.ec2.compute.AWSEC2TemplateBuilderLiveTest)
[TestNG] Test testTemplateBuilderCannotFind(org.jclouds.aws.ec2.compute.AWSEC2TemplateBuilderLiveTest) succeeded: 13ms
Test suite progress: tests succeeded: 74, failed: 0, skipped: 0.
Starting test testTemplateBuilderCannotFind(org.jclouds.aws.ec2.compute.AWSEC2TemplateBuilderLiveTest)
[TestNG] Test testTemplateBuilderCannotFind(org.jclouds.aws.ec2.compute.AWSEC2TemplateBuilderLiveTest) succeeded: 12ms
Test suite progress: tests succeeded: 75, failed: 0, skipped: 0.
Starting test testTemplateBuilderCannotFind(org.jclouds.aws.ec2.compute.AWSEC2TemplateBuilderLiveTest)
[TestNG] Test testTemplateBuilderCannotFind(org.jclouds.aws.ec2.compute.AWSEC2TemplateBuilderLiveTest) succeeded: 16ms
Test suite progress: tests succeeded: 76, failed: 0, skipped: 0.
Starting test testTemplateBuilderCannotFind(org.jclouds.aws.ec2.compute.AWSEC2TemplateBuilderLiveTest)
[TestNG] Test testTemplateBuilderCannotFind(org.jclouds.aws.ec2.compute.AWSEC2TemplateBuilderLiveTest) succeeded: 13ms
Test suite progress: tests succeeded: 77, failed: 0, skipped: 0.
Starting test testTemplateBuilderCannotFind(org.jclouds.aws.ec2.compute.AWSEC2TemplateBuilderLiveTest)
[TestNG] Test testTemplateBuilderCannotFind(org.jclouds.aws.ec2.compute.AWSEC2TemplateBuilderLiveTest) succeeded: 13ms
Test suite progress: tests succeeded: 78, failed: 0, skipped: 0.
Starting test testTemplateBuilderCannotFind(org.jclouds.aws.ec2.compute.AWSEC2TemplateBuilderLiveTest)
[TestNG] Test testTemplateBuilderCannotFind(org.jclouds.aws.ec2.compute.AWSEC2TemplateBuilderLiveTest) succeeded: 14ms
Test suite progress: tests succeeded: 79, failed: 0, skipped: 0.
Starting test testTemplateBuilderCannotFind(org.jclouds.aws.ec2.compute.AWSEC2TemplateBuilderLiveTest)
[TestNG] Test testTemplateBuilderCannotFind(org.jclouds.aws.ec2.compute.AWSEC2TemplateBuilderLiveTest) succeeded: 14ms
Test suite progress: tests succeeded: 80, failed: 0, skipped: 0.
Starting test testTemplateBuilderCannotFind(org.jclouds.aws.ec2.compute.AWSEC2TemplateBuilderLiveTest)
[TestNG] Test testTemplateBuilderCannotFind(org.jclouds.aws.ec2.compute.AWSEC2TemplateBuilderLiveTest) succeeded: 13ms
Test suite progress: tests succeeded: 81, failed: 0, skipped: 0.
Starting test testTemplateBuilderCannotFind(org.jclouds.aws.ec2.compute.AWSEC2TemplateBuilderLiveTest)
[TestNG] Test testTemplateBuilderCannotFind(org.jclouds.aws.ec2.compute.AWSEC2TemplateBuilderLiveTest) succeeded: 12ms
Test suite progress: tests succeeded: 82, failed: 0, skipped: 0.
Starting test testTemplateBuilderCannotFind(org.jclouds.aws.ec2.compute.AWSEC2TemplateBuilderLiveTest)
[TestNG] Test testTemplateBuilderCannotFind(org.jclouds.aws.ec2.compute.AWSEC2TemplateBuilderLiveTest) succeeded: 13ms
Test suite progress: tests succeeded: 83, failed: 0, skipped: 0.
Starting test testTemplateBuilderCannotFind(org.jclouds.aws.ec2.compute.AWSEC2TemplateBuilderLiveTest)
[TestNG] Test testTemplateBuilderCannotFind(org.jclouds.aws.ec2.compute.AWSEC2TemplateBuilderLiveTest) succeeded: 14ms
Test suite progress: tests succeeded: 84, failed: 0, skipped: 0.
Starting test testTemplateBuilderCannotFind(org.jclouds.aws.ec2.compute.AWSEC2TemplateBuilderLiveTest)
[TestNG] Test testTemplateBuilderCannotFind(org.jclouds.aws.ec2.compute.AWSEC2TemplateBuilderLiveTest) succeeded: 12ms
Test suite progress: tests succeeded: 85, failed: 0, skipped: 0.
Starting test testTemplateBuilderCannotFind(org.jclouds.aws.ec2.compute.AWSEC2TemplateBuilderLiveTest)
[TestNG] Test testTemplateBuilderCannotFind(org.jclouds.aws.ec2.compute.AWSEC2TemplateBuilderLiveTest) succeeded: 12ms
Test suite progress: tests succeeded: 86, failed: 0, skipped: 0.
Starting test testTemplateBuilderCannotFind(org.jclouds.aws.ec2.compute.AWSEC2TemplateBuilderLiveTest)
[TestNG] Test testTemplateBuilderCannotFind(org.jclouds.aws.ec2.compute.AWSEC2TemplateBuilderLiveTest) succeeded: 13ms
Test suite progress: tests succeeded: 87, failed: 0, skipped: 0.
Starting test testTemplateBuilderCannotFind(org.jclouds.aws.ec2.compute.AWSEC2TemplateBuilderLiveTest)
[TestNG] Test testTemplateBuilderCannotFind(org.jclouds.aws.ec2.compute.AWSEC2TemplateBuilderLiveTest) succeeded: 16ms
Test suite progress: tests succeeded: 88, failed: 0, skipped: 0.
Starting test testTemplateBuilderCannotFind(org.jclouds.aws.ec2.compute.AWSEC2TemplateBuilderLiveTest)
[TestNG] Test testTemplateBuilderCannotFind(org.jclouds.aws.ec2.compute.AWSEC2TemplateBuilderLiveTest) succeeded: 12ms
Test suite progress: tests succeeded: 89, failed: 0, skipped: 0.
Starting test testTemplateBuilderCannotFind(org.jclouds.aws.ec2.compute.AWSEC2TemplateBuilderLiveTest)
[TestNG] Test testTemplateBuilderCannotFind(org.jclouds.aws.ec2.compute.AWSEC2TemplateBuilderLiveTest) succeeded: 10ms
Test suite progress: tests succeeded: 90, failed: 0, skipped: 0.
Starting test testTemplateBuilderCannotFind(org.jclouds.aws.ec2.compute.AWSEC2TemplateBuilderLiveTest)
[TestNG] Test testTemplateBuilderCannotFind(org.jclouds.aws.ec2.compute.AWSEC2TemplateBuilderLiveTest) succeeded: 14ms
Test suite progress: tests succeeded: 91, failed: 0, skipped: 0.
Starting test testTemplateBuilderCannotFind(org.jclouds.aws.ec2.compute.AWSEC2TemplateBuilderLiveTest)
[TestNG] Test testTemplateBuilderCannotFind(org.jclouds.aws.ec2.compute.AWSEC2TemplateBuilderLiveTest) succeeded: 14ms
Test suite progress: tests succeeded: 92, failed: 0, skipped: 0.
Starting test testTemplateBuilderCannotFind(org.jclouds.aws.ec2.compute.AWSEC2TemplateBuilderLiveTest)
[TestNG] Test testTemplateBuilderCannotFind(org.jclouds.aws.ec2.compute.AWSEC2TemplateBuilderLiveTest) succeeded: 16ms
Test suite progress: tests succeeded: 93, failed: 0, skipped: 0.
Starting test testTemplateBuilderCannotFind(org.jclouds.aws.ec2.compute.AWSEC2TemplateBuilderLiveTest)
[TestNG] Test testTemplateBuilderCannotFind(org.jclouds.aws.ec2.compute.AWSEC2TemplateBuilderLiveTest) succeeded: 12ms
Test suite progress: tests succeeded: 94, failed: 0, skipped: 0.
Starting test testTemplateBuilderCannotFind(org.jclouds.aws.ec2.compute.AWSEC2TemplateBuilderLiveTest)
[TestNG] Test testTemplateBuilderCannotFind(org.jclouds.aws.ec2.compute.AWSEC2TemplateBuilderLiveTest) succeeded: 14ms
Test suite progress: tests succeeded: 95, failed: 0, skipped: 0.
Starting test testTemplateBuilderCannotFind(org.jclouds.aws.ec2.compute.AWSEC2TemplateBuilderLiveTest)
[TestNG] Test testTemplateBuilderCannotFind(org.jclouds.aws.ec2.compute.AWSEC2TemplateBuilderLiveTest) succeeded: 13ms
Test suite progress: tests succeeded: 96, failed: 0, skipped: 0.
Starting test testTemplateBuilderCannotFind(org.jclouds.aws.ec2.compute.AWSEC2TemplateBuilderLiveTest)
[TestNG] Test testTemplateBuilderCannotFind(org.jclouds.aws.ec2.compute.AWSEC2TemplateBuilderLiveTest) succeeded: 14ms
Test suite progress: tests succeeded: 97, failed: 0, skipped: 0.
Starting test testTemplateBuilderCannotFind(org.jclouds.aws.ec2.compute.AWSEC2TemplateBuilderLiveTest)
[TestNG] Test testTemplateBuilderCannotFind(org.jclouds.aws.ec2.compute.AWSEC2TemplateBuilderLiveTest) succeeded: 15ms
Test suite progress: tests succeeded: 98, failed: 0, skipped: 0.
Starting test testTemplateBuilderCannotFind(org.jclouds.aws.ec2.compute.AWSEC2TemplateBuilderLiveTest)
[TestNG] Test testTemplateBuilderCannotFind(org.jclouds.aws.ec2.compute.AWSEC2TemplateBuilderLiveTest) succeeded: 13ms
Test suite progress: tests succeeded: 99, failed: 0, skipped: 0.
Starting test testTemplateBuilderCannotFind(org.jclouds.aws.ec2.compute.AWSEC2TemplateBuilderLiveTest)
[TestNG] Test testTemplateBuilderCannotFind(org.jclouds.aws.ec2.compute.AWSEC2TemplateBuilderLiveTest) succeeded: 12ms
Test suite progress: tests succeeded: 100, failed: 0, skipped: 0.
Starting test testTemplateBuilderCannotFind(org.jclouds.aws.ec2.compute.AWSEC2TemplateBuilderLiveTest)
[TestNG] Test testTemplateBuilderCannotFind(org.jclouds.aws.ec2.compute.AWSEC2TemplateBuilderLiveTest) succeeded: 11ms
Test suite progress: tests succeeded: 101, failed: 0, skipped: 0.
Starting test testTemplateBuilderCannotFind(org.jclouds.aws.ec2.compute.AWSEC2TemplateBuilderLiveTest)
[TestNG] Test testTemplateBuilderCannotFind(org.jclouds.aws.ec2.compute.AWSEC2TemplateBuilderLiveTest) succeeded: 15ms
Test suite progress: tests succeeded: 102, failed: 0, skipped: 0.
Starting test testTemplateBuilderCannotFind(org.jclouds.aws.ec2.compute.AWSEC2TemplateBuilderLiveTest)
[TestNG] Test testTemplateBuilderCannotFind(org.jclouds.aws.ec2.compute.AWSEC2TemplateBuilderLiveTest) succeeded: 11ms
Test suite progress: tests succeeded: 103, failed: 0, skipped: 0.
Starting test testTemplateBuilderCannotFind(org.jclouds.aws.ec2.compute.AWSEC2TemplateBuilderLiveTest)
[TestNG] Test testTemplateBuilderCannotFind(org.jclouds.aws.ec2.compute.AWSEC2TemplateBuilderLiveTest) succeeded: 11ms
Test suite progress: tests succeeded: 104, failed: 0, skipped: 0.
Starting test testTemplateBuilderCannotFind(org.jclouds.aws.ec2.compute.AWSEC2TemplateBuilderLiveTest)
[TestNG] Test testTemplateBuilderCannotFind(org.jclouds.aws.ec2.compute.AWSEC2TemplateBuilderLiveTest) succeeded: 13ms
Test suite progress: tests succeeded: 105, failed: 0, skipped: 0.
Starting test testTemplateBuilderCannotFind(org.jclouds.aws.ec2.compute.AWSEC2TemplateBuilderLiveTest)
[TestNG] Test testTemplateBuilderCannotFind(org.jclouds.aws.ec2.compute.AWSEC2TemplateBuilderLiveTest) succeeded: 13ms
Test suite progress: tests succeeded: 106, failed: 0, skipped: 0.
Starting test testTemplateBuilderWithImageIdSpecified(org.jclouds.aws.ec2.compute.AWSEC2TemplateBuilderLiveTest)
[TestNG] Test testStartCCInstance(org.jclouds.aws.ec2.services.PlacementGroupClientLiveTest) failed.
Test suite progress: tests succeeded: 106, failed: 1, skipped: 0.
[TestNG] Test testTemplateBuilderWithImageIdSpecified(org.jclouds.aws.ec2.compute.AWSEC2TemplateBuilderLiveTest) succeeded: 10898ms
Test suite progress: tests succeeded: 107, failed: 1, skipped: 0.
Starting test testTemplateBuilderWithLoginUserSpecified(org.jclouds.aws.ec2.compute.AWSEC2TemplateBuilderLiveTest)
[TestNG] Test testTemplateBuilderWithLoginUserSpecified(org.jclouds.aws.ec2.compute.AWSEC2TemplateBuilderLiveTest) succeeded: 28194ms
Test suite progress: tests succeeded: 108, failed: 1, skipped: 0.
Starting test testTemplateBuilderCanUseImageIdWithoutFetchingAllImages(org.jclouds.aws.ec2.compute.AWSEC2TemplateBuilderLiveTest)
[TestNG] Test testTemplateBuilderCanUseImageIdWithoutFetchingAllImages(org.jclouds.aws.ec2.compute.AWSEC2TemplateBuilderLiveTest) succeeded: 5190ms
Test suite progress: tests succeeded: 109, failed: 1, skipped: 0.
SLF4J: Failed to load class "org.slf4j.impl.StaticLoggerBinder".
SLF4J: Defaulting to no-operation (NOP) logger implementation
SLF4J: See http://www.slf4j.org/codes.html#StaticLoggerBinder for further details.
[TestNG] Test testDescribeImages(org.jclouds.aws.ec2.services.AWSAMIClientLiveTest) succeeded: 204949ms
Test suite progress: tests succeeded: 110, failed: 1, skipped: 0.
[TestNG] Test testDescribeImages(org.jclouds.aws.ec2.services.AMIClientLiveTest) succeeded: 204966ms
Test suite progress: tests succeeded: 111, failed: 1, skipped: 0.
Starting test testDescribeImagesCC(org.jclouds.aws.ec2.services.AMIClientLiveTest)
[TestNG] Test testDescribeImagesCC(org.jclouds.aws.ec2.services.AMIClientLiveTest) succeeded: 1947ms
Test suite progress: tests succeeded: 112, failed: 1, skipped: 0.
Starting test testNewlyRegisteredImageCanBeListed(org.jclouds.aws.ec2.services.AMIClientLiveTest)
[TestNG] Test testNewlyRegisteredImageCanBeListed(org.jclouds.aws.ec2.services.AMIClientLiveTest) failed.
Test suite progress: tests succeeded: 112, failed: 2, skipped: 0.
Starting test testDescribeInstances(org.jclouds.aws.ec2.services.AWSInstanceClientLiveTest)
[TestNG] Test testDescribeInstances(org.jclouds.aws.ec2.services.AWSInstanceClientLiveTest) succeeded: 5044ms
Test suite progress: tests succeeded: 113, failed: 2, skipped: 0.
Starting test testCreateKeyPair(org.jclouds.aws.ec2.services.AWSKeyPairClientLiveTest)
[TestNG] Test testCreateKeyPair(org.jclouds.aws.ec2.services.AWSKeyPairClientLiveTest) succeeded: 5375ms
Test suite progress: tests succeeded: 114, failed: 2, skipped: 0.
Starting test testDescribeAWSKeyPairs(org.jclouds.aws.ec2.services.AWSKeyPairClientLiveTest)
[TestNG] Test testDescribeAWSKeyPairs(org.jclouds.aws.ec2.services.AWSKeyPairClientLiveTest) succeeded: 5388ms
Test suite progress: tests succeeded: 115, failed: 2, skipped: 0.
Starting test testImportKeyPair(org.jclouds.aws.ec2.services.AWSKeyPairClientLiveTest)
[TestNG] Test testImportKeyPair(org.jclouds.aws.ec2.services.AWSKeyPairClientLiveTest) succeeded: 3172ms
Test suite progress: tests succeeded: 116, failed: 2, skipped: 0.
Starting test testNoSsh(org.jclouds.aws.ec2.services.AWSKeyPairClientLiveTest)
[TestNG] Test testNoSsh(org.jclouds.aws.ec2.services.AWSKeyPairClientLiveTest) failed.
Test suite progress: tests succeeded: 116, failed: 3, skipped: 0.
Starting test testAuthorizeSecurityGroupIngressIpPermission(org.jclouds.aws.ec2.services.AWSSecurityGroupClientLiveTest)
[TestNG] Test testAuthorizeSecurityGroupIngressIpPermission(org.jclouds.aws.ec2.services.AWSSecurityGroupClientLiveTest) succeeded: 11412ms
Test suite progress: tests succeeded: 117, failed: 3, skipped: 0.
Starting test testAuthorizeSecurityGroupIngressCidr(org.jclouds.aws.ec2.services.AWSSecurityGroupClientLiveTest)
[TestNG] Test testAuthorizeSecurityGroupIngressCidr(org.jclouds.aws.ec2.services.AWSSecurityGroupClientLiveTest) succeeded: 5216ms
Test suite progress: tests succeeded: 118, failed: 3, skipped: 0.
Starting test testAuthorizeSecurityGroupIngressSourceGroup(org.jclouds.aws.ec2.services.AWSSecurityGroupClientLiveTest)
[TestNG] Test testAuthorizeSecurityGroupIngressSourceGroup(org.jclouds.aws.ec2.services.AWSSecurityGroupClientLiveTest) succeeded: 10565ms
Test suite progress: tests succeeded: 119, failed: 3, skipped: 0.
Starting test testAuthorizeSecurityGroupIngressSourcePort(org.jclouds.aws.ec2.services.AWSSecurityGroupClientLiveTest)
[TestNG] Test testAuthorizeSecurityGroupIngressSourcePort(org.jclouds.aws.ec2.services.AWSSecurityGroupClientLiveTest) succeeded: 5207ms
Test suite progress: tests succeeded: 120, failed: 3, skipped: 0.
Starting test testCreateSecurityGroup(org.jclouds.aws.ec2.services.AWSSecurityGroupClientLiveTest)
[TestNG] Test testCreateSecurityGroup(org.jclouds.aws.ec2.services.AWSSecurityGroupClientLiveTest) succeeded: 4286ms
Test suite progress: tests succeeded: 121, failed: 3, skipped: 0.
Starting test testDescribe(org.jclouds.aws.ec2.services.AWSSecurityGroupClientLiveTest)
[TestNG] Test testDescribe(org.jclouds.aws.ec2.services.AWSSecurityGroupClientLiveTest) succeeded: 7951ms
Test suite progress: tests succeeded: 122, failed: 3, skipped: 0.
Starting test testCreateSpotInstance(org.jclouds.aws.ec2.services.SpotInstanceClientLiveTest)
90432
[TestNG] Test testCreateSpotInstance(org.jclouds.aws.ec2.services.SpotInstanceClientLiveTest) succeeded: 98285ms
Test suite progress: tests succeeded: 123, failed: 3, skipped: 0.
Starting test testDescribeSpotPriceHistoryInRegion(org.jclouds.aws.ec2.services.SpotInstanceClientLiveTest)
[TestNG] Test testDescribeSpotPriceHistoryInRegion(org.jclouds.aws.ec2.services.SpotInstanceClientLiveTest) succeeded: 5857ms
Test suite progress: tests succeeded: 124, failed: 3, skipped: 0.
Starting test testDescribeSpotRequestsInRegion(org.jclouds.aws.ec2.services.SpotInstanceClientLiveTest)
[TestNG] Test testDescribeSpotRequestsInRegion(org.jclouds.aws.ec2.services.SpotInstanceClientLiveTest) failed.
Test suite progress: tests succeeded: 124, failed: 4, skipped: 0.
Starting test test(org.jclouds.aws.ec2.services.TagClientLiveTest)
[TestNG] Test test(org.jclouds.aws.ec2.services.TagClientLiveTest) succeeded: 1843ms
Test suite progress: tests succeeded: 125, failed: 4, skipped: 0.
[TestNG] Test testExtendedOptionsAndLogin(org.jclouds.aws.ec2.compute.AWSEC2ComputeServiceLiveTest) succeeded: 609900ms
Test suite progress: tests succeeded: 126, failed: 4, skipped: 0.
Starting test testIncidentalResourcesGetCleanedUpOnlyOnLastInstanceDestroyNode(org.jclouds.aws.ec2.compute.AWSEC2ComputeServiceLiveTest)
[TestNG] Test testIncidentalResourcesGetCleanedUpOnlyOnLastInstanceDestroyNode(org.jclouds.aws.ec2.compute.AWSEC2ComputeServiceLiveTest) failed.
Test suite progress: tests succeeded: 126, failed: 5, skipped: 0.
Starting test testIncidentalResourcesGetCleanedUpOnlyOnLastInstanceDestroyNodesMatching(org.jclouds.aws.ec2.compute.AWSEC2ComputeServiceLiveTest)
[TestNG] Test testIncidentalResourcesGetCleanedUpOnlyOnLastInstanceDestroyNodesMatching(org.jclouds.aws.ec2.compute.AWSEC2ComputeServiceLiveTest) failed.
Test suite progress: tests succeeded: 126, failed: 6, skipped: 0.
Starting test setServiceDefaults(org.jclouds.aws.ec2.compute.AWSEC2ComputeServiceLiveTest)
[TestNG] Test setServiceDefaults(org.jclouds.aws.ec2.compute.AWSEC2ComputeServiceLiveTest) succeeded: 0ms
Test suite progress: tests succeeded: 127, failed: 6, skipped: 0.
Starting test testCompareSizes(org.jclouds.aws.ec2.compute.AWSEC2ComputeServiceLiveTest)
Apr 23, 2012 7:43:51 PM org.jclouds.compute.internal.BaseComputeServiceLiveTest testCompareSizes
INFO: smallest [id=t1.micro, providerId=t1.micro, name=null, processors=[[cores=1.0, speed=1.0]], ram=630, volumes=[], hypervisor=null, supportsImage=And(requiresRootDeviceType(ebs),Or(isWindows(),requiresVirtualizationType(paravirtual)),ALWAYS_TRUE,ALWAYS_TRUE), tags=[]]
Apr 23, 2012 7:43:52 PM org.jclouds.compute.internal.BaseComputeServiceLiveTest testCompareSizes
INFO: fastest [id=cc2.8xlarge, providerId=cc2.8xlarge, name=null, processors=[[cores=8.0, speed=5.5], [cores=8.0, speed=5.5]], ram=61952, volumes=[[id=null, type=LOCAL, size=10.0, device=/dev/sda1, durable=false, isBootDevice=true], [id=null, type=LOCAL, size=840.0, device=/dev/sdb, durable=false, isBootDevice=false], [id=null, type=LOCAL, size=840.0, device=/dev/sdc, durable=false, isBootDevice=false], [id=null, type=LOCAL, size=840.0, device=/dev/sdb, durable=false, isBootDevice=false], [id=null, type=LOCAL, size=840.0, device=/dev/sdc, durable=false, isBootDevice=false]], hypervisor=null, supportsImage=And(ALWAYS_TRUE,requiresVirtualizationType(hvm),idIn([us-east-1/ami-0601f16f, us-east-1/ami-e4bc608d, us-east-1/ami-df4183b6, us-east-1/ami-be33e8d7, us-east-1/ami-f1589598, us-east-1/ami-4c2df525, us-east-1/ami-f139e098, us-east-1/ami-ed35f384, us-east-1/ami-b5578edc, us-east-1/ami-70da2319, us-east-1/ami-b7ea34de, us-east-1/ami-11dd1678, us-east-1/ami-e416ca8d, us-east-1/ami-a5449dcc, us-east-1/ami-a2d30bcb, us-east-1/ami-67a2750e, us-east-1/ami-2661b34f, us-east-1/ami-beca11d7, us-east-1/ami-b79754de, us-east-1/ami-30f32859, us-east-1/ami-02b14b6b, us-east-1/ami-4615ce2f, us-east-1/ami-60924909, us-east-1/ami-605e8509, us-east-1/ami-6e1dc607, us-east-1/ami-3e37ef57, us-east-1/ami-fd65ba94, us-east-1/ami-bff539d6, us-east-1/ami-4fad7426, us-east-1/ami-2629f24f, us-east-1/ami-0da96764, us-east-1/ami-534f9e3a, us-east-1/ami-2219c14b, us-east-1/ami-0e568d67, us-east-1/ami-eb8f4c82, us-east-1/ami-4d8e5624, us-east-1/ami-2cce1645, us-east-1/ami-c5b769ac, us-east-1/ami-50dd0639, us-east-1/ami-2d538a44, us-east-1/ami-ccbd61a5, us-east-1/ami-f21bc09b, us-east-1/ami-7b7ea712, us-east-1/ami-d65f87bf, us-east-1/ami-c134f6a8, us-east-1/ami-976da7fe, us-east-1/ami-31924b58, us-east-1/ami-beba68d7, us-east-1/ami-1cad5275, us-east-1/ami-321eed5b, us-east-1/ami-58906c31, us-east-1/ami-90845ff9, us-east-1/ami-724ab91b, us-east-1/ami-5af40933, us-east-1/ami-1c4c9775, us-east-1/ami-b82cf7d1, us-east-1/ami-1ed60977, us-east-1/ami-e965ba80, us-east-1/ami-9d8548f4, us-east-1/ami-b562a9dc, us-east-1/ami-93c31afa, us-east-1/ami-c9b36ba0]),ALWAYS_TRUE), tags=[]]
Apr 23, 2012 7:43:52 PM org.jclouds.compute.internal.BaseComputeServiceLiveTest testCompareSizes
INFO: biggest [id=cc2.8xlarge, providerId=cc2.8xlarge, name=null, processors=[[cores=8.0, speed=5.5], [cores=8.0, speed=5.5]], ram=61952, volumes=[[id=null, type=LOCAL, size=10.0, device=/dev/sda1, durable=false, isBootDevice=true], [id=null, type=LOCAL, size=840.0, device=/dev/sdb, durable=false, isBootDevice=false], [id=null, type=LOCAL, size=840.0, device=/dev/sdc, durable=false, isBootDevice=false], [id=null, type=LOCAL, size=840.0, device=/dev/sdb, durable=false, isBootDevice=false], [id=null, type=LOCAL, size=840.0, device=/dev/sdc, durable=false, isBootDevice=false]], hypervisor=null, supportsImage=And(ALWAYS_TRUE,requiresVirtualizationType(hvm),idIn([us-east-1/ami-0601f16f, us-east-1/ami-e4bc608d, us-east-1/ami-df4183b6, us-east-1/ami-be33e8d7, us-east-1/ami-f1589598, us-east-1/ami-4c2df525, us-east-1/ami-f139e098, us-east-1/ami-ed35f384, us-east-1/ami-b5578edc, us-east-1/ami-70da2319, us-east-1/ami-b7ea34de, us-east-1/ami-11dd1678, us-east-1/ami-e416ca8d, us-east-1/ami-a5449dcc, us-east-1/ami-a2d30bcb, us-east-1/ami-67a2750e, us-east-1/ami-2661b34f, us-east-1/ami-beca11d7, us-east-1/ami-b79754de, us-east-1/ami-30f32859, us-east-1/ami-02b14b6b, us-east-1/ami-4615ce2f, us-east-1/ami-60924909, us-east-1/ami-605e8509, us-east-1/ami-6e1dc607, us-east-1/ami-3e37ef57, us-east-1/ami-fd65ba94, us-east-1/ami-bff539d6, us-east-1/ami-4fad7426, us-east-1/ami-2629f24f, us-east-1/ami-0da96764, us-east-1/ami-534f9e3a, us-east-1/ami-2219c14b, us-east-1/ami-0e568d67, us-east-1/ami-eb8f4c82, us-east-1/ami-4d8e5624, us-east-1/ami-2cce1645, us-east-1/ami-c5b769ac, us-east-1/ami-50dd0639, us-east-1/ami-2d538a44, us-east-1/ami-ccbd61a5, us-east-1/ami-f21bc09b, us-east-1/ami-7b7ea712, us-east-1/ami-d65f87bf, us-east-1/ami-c134f6a8, us-east-1/ami-976da7fe, us-east-1/ami-31924b58, us-east-1/ami-beba68d7, us-east-1/ami-1cad5275, us-east-1/ami-321eed5b, us-east-1/ami-58906c31, us-east-1/ami-90845ff9, us-east-1/ami-724ab91b, us-east-1/ami-5af40933, us-east-1/ami-1c4c9775, us-east-1/ami-b82cf7d1, us-east-1/ami-1ed60977, us-east-1/ami-e965ba80, us-east-1/ami-9d8548f4, us-east-1/ami-b562a9dc, us-east-1/ami-93c31afa, us-east-1/ami-c9b36ba0]),ALWAYS_TRUE), tags=[]]
[TestNG] Test testCompareSizes(org.jclouds.aws.ec2.compute.AWSEC2ComputeServiceLiveTest) succeeded: 1093ms
Test suite progress: tests succeeded: 128, failed: 6, skipped: 0.
Starting test testCorrectAuthException(org.jclouds.aws.ec2.compute.AWSEC2ComputeServiceLiveTest)
[TestNG] Test testCorrectAuthException(org.jclouds.aws.ec2.compute.AWSEC2ComputeServiceLiveTest) failed.
Test suite progress: tests succeeded: 128, failed: 7, skipped: 0.
Starting test testCorrectExceptionRunningNodesNotFound(org.jclouds.aws.ec2.compute.AWSEC2ComputeServiceLiveTest)
[TestNG] Test testCorrectExceptionRunningNodesNotFound(org.jclouds.aws.ec2.compute.AWSEC2ComputeServiceLiveTest) succeeded: 1892ms
Test suite progress: tests succeeded: 129, failed: 7, skipped: 0.
Starting test testGetAssignableLocations(org.jclouds.aws.ec2.compute.AWSEC2ComputeServiceLiveTest)
Apr 23, 2012 7:44:03 PM org.jclouds.compute.internal.BaseComputeServiceLiveTest testGetAssignableLocations
WARNING: location [id=us-east-1, scope=REGION, description=us-east-1, parent=aws-ec2, iso3166Codes=[US-VA], metadata={}]
Apr 23, 2012 7:44:03 PM org.jclouds.compute.internal.BaseComputeServiceLiveTest testGetAssignableLocations
WARNING: location [id=us-west-1, scope=REGION, description=us-west-1, parent=aws-ec2, iso3166Codes=[US-CA], metadata={}]
Apr 23, 2012 7:44:03 PM org.jclouds.compute.internal.BaseComputeServiceLiveTest testGetAssignableLocations
WARNING: location [id=us-west-2, scope=REGION, description=us-west-2, parent=aws-ec2, iso3166Codes=[US-OR], metadata={}]
Apr 23, 2012 7:44:03 PM org.jclouds.compute.internal.BaseComputeServiceLiveTest testGetAssignableLocations
WARNING: location [id=sa-east-1, scope=REGION, description=sa-east-1, parent=aws-ec2, iso3166Codes=[BR-SP], metadata={}]
Apr 23, 2012 7:44:03 PM org.jclouds.compute.internal.BaseComputeServiceLiveTest testGetAssignableLocations
WARNING: location [id=eu-west-1, scope=REGION, description=eu-west-1, parent=aws-ec2, iso3166Codes=[IE], metadata={}]
Apr 23, 2012 7:44:03 PM org.jclouds.compute.internal.BaseComputeServiceLiveTest testGetAssignableLocations
WARNING: location [id=ap-southeast-1, scope=REGION, description=ap-southeast-1, parent=aws-ec2, iso3166Codes=[SG], metadata={}]
Apr 23, 2012 7:44:03 PM org.jclouds.compute.internal.BaseComputeServiceLiveTest testGetAssignableLocations
WARNING: location [id=ap-northeast-1, scope=REGION, description=ap-northeast-1, parent=aws-ec2, iso3166Codes=[JP-13], metadata={}]
Apr 23, 2012 7:44:03 PM org.jclouds.compute.internal.BaseComputeServiceLiveTest testGetAssignableLocations
WARNING: location [id=us-east-1a, scope=ZONE, description=us-east-1a, parent=us-east-1, iso3166Codes=[US-VA], metadata={}]
Apr 23, 2012 7:44:03 PM org.jclouds.compute.internal.BaseComputeServiceLiveTest testGetAssignableLocations
WARNING: location [id=us-east-1b, scope=ZONE, description=us-east-1b, parent=us-east-1, iso3166Codes=[US-VA], metadata={}]
Apr 23, 2012 7:44:03 PM org.jclouds.compute.internal.BaseComputeServiceLiveTest testGetAssignableLocations
WARNING: location [id=us-east-1c, scope=ZONE, description=us-east-1c, parent=us-east-1, iso3166Codes=[US-VA], metadata={}]
Apr 23, 2012 7:44:03 PM org.jclouds.compute.internal.BaseComputeServiceLiveTest testGetAssignableLocations
WARNING: location [id=us-east-1d, scope=ZONE, description=us-east-1d, parent=us-east-1, iso3166Codes=[US-VA], metadata={}]
Apr 23, 2012 7:44:03 PM org.jclouds.compute.internal.BaseComputeServiceLiveTest testGetAssignableLocations
WARNING: location [id=us-east-1e, scope=ZONE, description=us-east-1e, parent=us-east-1, iso3166Codes=[US-VA], metadata={}]
Apr 23, 2012 7:44:03 PM org.jclouds.compute.internal.BaseComputeServiceLiveTest testGetAssignableLocations
WARNING: location [id=us-west-1a, scope=ZONE, description=us-west-1a, parent=us-west-1, iso3166Codes=[US-CA], metadata={}]
Apr 23, 2012 7:44:03 PM org.jclouds.compute.internal.BaseComputeServiceLiveTest testGetAssignableLocations
WARNING: location [id=us-west-1b, scope=ZONE, description=us-west-1b, parent=us-west-1, iso3166Codes=[US-CA], metadata={}]
Apr 23, 2012 7:44:03 PM org.jclouds.compute.internal.BaseComputeServiceLiveTest testGetAssignableLocations
WARNING: location [id=us-west-1c, scope=ZONE, description=us-west-1c, parent=us-west-1, iso3166Codes=[US-CA], metadata={}]
Apr 23, 2012 7:44:03 PM org.jclouds.compute.internal.BaseComputeServiceLiveTest testGetAssignableLocations
WARNING: location [id=us-west-2a, scope=ZONE, description=us-west-2a, parent=us-west-2, iso3166Codes=[US-OR], metadata={}]
Apr 23, 2012 7:44:03 PM org.jclouds.compute.internal.BaseComputeServiceLiveTest testGetAssignableLocations
WARNING: location [id=us-west-2b, scope=ZONE, description=us-west-2b, parent=us-west-2, iso3166Codes=[US-OR], metadata={}]
Apr 23, 2012 7:44:03 PM org.jclouds.compute.internal.BaseComputeServiceLiveTest testGetAssignableLocations
WARNING: location [id=sa-east-1a, scope=ZONE, description=sa-east-1a, parent=sa-east-1, iso3166Codes=[BR-SP], metadata={}]
Apr 23, 2012 7:44:03 PM org.jclouds.compute.internal.BaseComputeServiceLiveTest testGetAssignableLocations
WARNING: location [id=sa-east-1b, scope=ZONE, description=sa-east-1b, parent=sa-east-1, iso3166Codes=[BR-SP], metadata={}]
Apr 23, 2012 7:44:03 PM org.jclouds.compute.internal.BaseComputeServiceLiveTest testGetAssignableLocations
WARNING: location [id=eu-west-1a, scope=ZONE, description=eu-west-1a, parent=eu-west-1, iso3166Codes=[IE], metadata={}]
Apr 23, 2012 7:44:03 PM org.jclouds.compute.internal.BaseComputeServiceLiveTest testGetAssignableLocations
WARNING: location [id=eu-west-1b, scope=ZONE, description=eu-west-1b, parent=eu-west-1, iso3166Codes=[IE], metadata={}]
Apr 23, 2012 7:44:03 PM org.jclouds.compute.internal.BaseComputeServiceLiveTest testGetAssignableLocations
WARNING: location [id=eu-west-1c, scope=ZONE, description=eu-west-1c, parent=eu-west-1, iso3166Codes=[IE], metadata={}]
Apr 23, 2012 7:44:03 PM org.jclouds.compute.internal.BaseComputeServiceLiveTest testGetAssignableLocations
WARNING: location [id=ap-southeast-1a, scope=ZONE, description=ap-southeast-1a, parent=ap-southeast-1, iso3166Codes=[SG], metadata={}]
Apr 23, 2012 7:44:03 PM org.jclouds.compute.internal.BaseComputeServiceLiveTest testGetAssignableLocations
WARNING: location [id=ap-southeast-1b, scope=ZONE, description=ap-southeast-1b, parent=ap-southeast-1, iso3166Codes=[SG], metadata={}]
Apr 23, 2012 7:44:03 PM org.jclouds.compute.internal.BaseComputeServiceLiveTest testGetAssignableLocations
WARNING: location [id=ap-northeast-1a, scope=ZONE, description=ap-northeast-1a, parent=ap-northeast-1, iso3166Codes=[JP-13], metadata={}]
Apr 23, 2012 7:44:03 PM org.jclouds.compute.internal.BaseComputeServiceLiveTest testGetAssignableLocations
WARNING: location [id=ap-northeast-1b, scope=ZONE, description=ap-northeast-1b, parent=ap-northeast-1, iso3166Codes=[JP-13], metadata={}]
[TestNG] Test testGetAssignableLocations(org.jclouds.aws.ec2.compute.AWSEC2ComputeServiceLiveTest) succeeded: 4ms
Test suite progress: tests succeeded: 130, failed: 7, skipped: 0.
Starting test testImagesCache(org.jclouds.aws.ec2.compute.AWSEC2ComputeServiceLiveTest)
[TestNG] Test testImagesCache(org.jclouds.aws.ec2.compute.AWSEC2ComputeServiceLiveTest) succeeded: 0ms
Test suite progress: tests succeeded: 131, failed: 7, skipped: 0.
Starting test testListImages(org.jclouds.aws.ec2.compute.AWSEC2ComputeServiceLiveTest)
[TestNG] Test testListImages(org.jclouds.aws.ec2.compute.AWSEC2ComputeServiceLiveTest) succeeded: 10ms
Test suite progress: tests succeeded: 132, failed: 7, skipped: 0.
Starting test testListSizes(org.jclouds.aws.ec2.compute.AWSEC2ComputeServiceLiveTest)
[TestNG] Test testListSizes(org.jclouds.aws.ec2.compute.AWSEC2ComputeServiceLiveTest) succeeded: 0ms
Test suite progress: tests succeeded: 133, failed: 7, skipped: 0.
Starting test testOptionToNotBlock(org.jclouds.aws.ec2.compute.AWSEC2ComputeServiceLiveTest)
[TestNG] Test testOptionToNotBlock(org.jclouds.aws.ec2.compute.AWSEC2ComputeServiceLiveTest) succeeded: 14691ms
Test suite progress: tests succeeded: 134, failed: 7, skipped: 0.
Starting test testAutoIpAllocation(org.jclouds.aws.ec2.compute.AWSEC2ComputeServiceLiveTest)
[TestNG] Test testAutoIpAllocation(org.jclouds.aws.ec2.compute.AWSEC2ComputeServiceLiveTest) succeeded: 133922ms
Test suite progress: tests succeeded: 135, failed: 7, skipped: 0.
Starting test testMapEBS(org.jclouds.aws.ec2.compute.AWSEC2ComputeServiceLiveTest)
[TestNG] Test testMapEBS(org.jclouds.aws.ec2.compute.AWSEC2ComputeServiceLiveTest) succeeded: 100476ms
Test suite progress: tests succeeded: 136, failed: 7, skipped: 0.
Starting test testCreateAndRunAService(org.jclouds.aws.ec2.compute.AWSEC2ComputeServiceLiveTest)
[TestNG] Test testCreateAndRunAService(org.jclouds.aws.ec2.compute.AWSEC2ComputeServiceLiveTest) failed.
Test suite progress: tests succeeded: 136, failed: 8, skipped: 0.
Starting test testAScriptExecutionAfterBootWithBasicTemplate(org.jclouds.aws.ec2.compute.AWSEC2ComputeServiceLiveTest)
<< problem applying options to node(us-east-1/i-44bded23): 
org.jclouds.rest.AuthorizationException: (ec2-user:pw[5d907853a9617cfd55fb62eae803595b]@107.20.27.0:22) (ec2-user:pw[5d907853a9617cfd55fb62eae803595b]@107.20.27.0:22) error acquiring {hostAndPort=107.20.27.0:22, loginUser=ec2-user, ssh=null, connectTimeout=60000, sessionTimeout=60000} (out of retries - max 7): Exhausted available authentication methods
	at org.jclouds.sshj.SshjSshClient.propagate(SshjSshClient.java:381)
	at org.jclouds.sshj.SshjSshClient.acquire(SshjSshClient.java:202)
	at org.jclouds.sshj.SshjSshClient.connect(SshjSshClient.java:222)
	at org.jclouds.compute.callables.RunScriptOnNodeUsingSsh.call(RunScriptOnNodeUsingSsh.java:80)
	at org.jclouds.compute.strategy.RunScriptOnNodeAndAddToGoodMapOrPutExceptionIntoBadMap.call(RunScriptOnNodeAndAddToGoodMapOrPutExceptionIntoBadMap.java:69)
	at org.jclouds.compute.strategy.RunScriptOnNodeAndAddToGoodMapOrPutExceptionIntoBadMap.call(RunScriptOnNodeAndAddToGoodMapOrPutExceptionIntoBadMap.java:44)
	at java.util.concurrent.FutureTask$Sync.innerRun(FutureTask.java:303)
	at java.util.concurrent.FutureTask.run(FutureTask.java:138)
	at java.util.concurrent.ThreadPoolExecutor$Worker.runTask(ThreadPoolExecutor.java:886)
	at java.util.concurrent.ThreadPoolExecutor$Worker.run(ThreadPoolExecutor.java:908)
	at java.lang.Thread.run(Thread.java:680)
Caused by: net.schmizz.sshj.userauth.UserAuthException: Exhausted available authentication methods
	at net.schmizz.sshj.userauth.UserAuthImpl.authenticate(UserAuthImpl.java:114)
	at net.schmizz.sshj.SSHClient.auth(SSHClient.java:204)
	at net.schmizz.sshj.SSHClient.auth(SSHClient.java:189)
	at net.schmizz.sshj.SSHClient.authPassword(SSHClient.java:265)
	at net.schmizz.sshj.SSHClient.authPassword(SSHClient.java:235)
	at net.schmizz.sshj.SSHClient.authPassword(SSHClient.java:219)
	at org.jclouds.sshj.SSHClientConnection.create(SSHClientConnection.java:138)
	at org.jclouds.sshj.SSHClientConnection.create(SSHClientConnection.java:40)
	at org.jclouds.sshj.SshjSshClient.acquire(SshjSshClient.java:192)
	... 9 more
Caused by: net.schmizz.sshj.userauth.UserAuthException: keyboard-interactive auth not allowed by server
	at net.schmizz.sshj.userauth.UserAuthImpl.authenticate(UserAuthImpl.java:81)
	... 17 more
[TestNG] Test testAScriptExecutionAfterBootWithBasicTemplate(org.jclouds.aws.ec2.compute.AWSEC2ComputeServiceLiveTest) succeeded: 200859ms
Test suite progress: tests succeeded: 137, failed: 8, skipped: 0.
Starting test testCreateTwoNodesWithRunScript(org.jclouds.aws.ec2.compute.AWSEC2ComputeServiceLiveTest)
[TestNG] Test testCreateTwoNodesWithRunScript(org.jclouds.aws.ec2.compute.AWSEC2ComputeServiceLiveTest) succeeded: 115575ms
Test suite progress: tests succeeded: 138, failed: 8, skipped: 0.
Starting test testTemplateMatch(org.jclouds.aws.ec2.compute.AWSEC2ComputeServiceLiveTest)
[TestNG] Test testTemplateMatch(org.jclouds.aws.ec2.compute.AWSEC2ComputeServiceLiveTest) succeeded: 20617ms
Test suite progress: tests succeeded: 139, failed: 8, skipped: 0.
[TestNG] Test testImagesResolveCorrectly(org.jclouds.aws.ec2.compute.AWSEC2ComputeServiceLiveTest) skipped.
Test suite progress: tests succeeded: 139, failed: 8, skipped: 1.
Starting test testCreateAnotherNodeWithANewContextToEnsureSharedMemIsntRequired(org.jclouds.aws.ec2.compute.AWSEC2ComputeServiceLiveTest)
Apr 23, 2012 8:05:32 PM org.jclouds.compute.internal.BaseComputeServiceLiveTest testCreateAnotherNodeWithANewContextToEnsureSharedMemIsntRequired
INFO: creating another node based on existing nodes' location: [id=us-east-1c, scope=ZONE, description=us-east-1c, parent=us-east-1, iso3166Codes=[US-VA], metadata={}]
[TestNG] Test testCreateAnotherNodeWithANewContextToEnsureSharedMemIsntRequired(org.jclouds.aws.ec2.compute.AWSEC2ComputeServiceLiveTest) succeeded: 135178ms
Test suite progress: tests succeeded: 140, failed: 8, skipped: 1.
Starting test testCredentialsCache(org.jclouds.aws.ec2.compute.AWSEC2ComputeServiceLiveTest)
[TestNG] Test testCredentialsCache(org.jclouds.aws.ec2.compute.AWSEC2ComputeServiceLiveTest) succeeded: 136ms
Test suite progress: tests succeeded: 141, failed: 8, skipped: 1.
Starting test testGet(org.jclouds.aws.ec2.compute.AWSEC2ComputeServiceLiveTest)
[TestNG] Test testGet(org.jclouds.aws.ec2.compute.AWSEC2ComputeServiceLiveTest) succeeded: 10364ms
Test suite progress: tests succeeded: 142, failed: 8, skipped: 1.
Starting test testReboot(org.jclouds.aws.ec2.compute.AWSEC2ComputeServiceLiveTest)
[TestNG] Test testReboot(org.jclouds.aws.ec2.compute.AWSEC2ComputeServiceLiveTest) succeeded: 8226ms
Test suite progress: tests succeeded: 143, failed: 8, skipped: 1.
Starting test testSuspendResume(org.jclouds.aws.ec2.compute.AWSEC2ComputeServiceLiveTest)
[TestNG] Test testSuspendResume(org.jclouds.aws.ec2.compute.AWSEC2ComputeServiceLiveTest) succeeded: 260005ms
Test suite progress: tests succeeded: 144, failed: 8, skipped: 1.
Starting test testGetNodesWithDetails(org.jclouds.aws.ec2.compute.AWSEC2ComputeServiceLiveTest)
[TestNG] Test testGetNodesWithDetails(org.jclouds.aws.ec2.compute.AWSEC2ComputeServiceLiveTest) succeeded: 1864ms
Test suite progress: tests succeeded: 145, failed: 8, skipped: 1.
Starting test testListNodes(org.jclouds.aws.ec2.compute.AWSEC2ComputeServiceLiveTest)
[TestNG] Test testListNodes(org.jclouds.aws.ec2.compute.AWSEC2ComputeServiceLiveTest) succeeded: 1848ms
Test suite progress: tests succeeded: 146, failed: 8, skipped: 1.
Starting test testDestroyNodes(org.jclouds.aws.ec2.compute.AWSEC2ComputeServiceLiveTest)
[TestNG] Test testDestroyNodes(org.jclouds.aws.ec2.compute.AWSEC2ComputeServiceLiveTest) succeeded: 38917ms
Test suite progress: tests succeeded: 147, failed: 8, skipped: 1.
Tests run: 159, Failures: 10, Errors: 0, Skipped: 2, Time elapsed: 2,595.765 sec <<< FAILURE!

Results :

Failed tests:   testStartCCInstance(org.jclouds.aws.ec2.services.PlacementGroupClientLiveTest): org.jclouds.compute.RunNodesException: error running 1 node group(adriancoleec2cccluster) location(us-east-1) image(ami-0da96764) size(cc2.8xlarge) options([groupIds=[], keyPair=null, noKeyPair=false, monitoringEnabled=false, placementGroup=null, noPlacementGroup=false, subnetId=null, userData=[35, 99, 108, 111, 117, 100, 45, 99, 111, 110, 102, 105, 103, 10, 114, 101, 112, 111, 95, 117, 112, 103, 114, 97, 100, 101, 58, 32, 110, 111, 110, 101, 10], blockDeviceMappings=[], spotPrice=null, spotOptions=[formParameters={}]])(..)
  shutdown(org.jclouds.aws.ec2.services.PlacementGroupClientLiveTest)
  testNewlyRegisteredImageCanBeListed(org.jclouds.aws.ec2.services.AMIClientLiveTest): AMI name jcloudstest1 is already in use by AMI ami-3efd2557
  testNoSsh(org.jclouds.aws.ec2.services.AWSKeyPairClientLiveTest): error runScript on filtered nodes options({loginUser=ec2-user, loginPasswordPresent=false, loginPrivateKeyPresent=true, authenticateSudo=null, port:seconds=-1:-1, taskName=null, runAsRoot=false, blockOnComplete=true, wrapInInitScript=false, inboundPorts=[22], scriptPresent=false, publicKeyPresent=false, privateKeyPresent=false, tags=[], blockUntilRunning=true, tags=[], userMetadata={}})(..)
  testDescribeSpotRequestsInRegion(org.jclouds.aws.ec2.services.SpotInstanceClientLiveTest): expected:<[region=sa-east-1, availabilityZoneGroup=adriancoleec21, launchedAvailabilityZone=sa-east-1a, createTime=Mon Apr 23 19:37:48 PDT 2012, faultCode=null, faultMessage=null, instanceId=null, launchGroup=adriancoleec21, launchSpecification=[instanceType=m1.small, imageId=ami-3e3be423, kernelId=null, ramdiskId=null, availabilityZone=null, keyName=null, securityGroupIdToNames={sg-7e4e9163=default}, blockDeviceMappings=[], securityGroupIds=[], securityGroupNames=[], monitoringEnabled=false, userData=null], productDescription=Linux/UNIX, id=sir-3706241a, spotPrice=0.09, state=open, type=one-time, validFrom=null, validUntil=null, tags={}]> but was:<[region=sa-east-1, availabilityZoneGroup=adriancoleec21, launchedAvailabilityZone=sa-east-1a, createTime=Mon Apr 23 19:37:48 PDT 2012, faultCode=null, faultMessage=null, instanceId=i-fe2f45e3, launchGroup=adriancoleec21, launchSpecification=[instanceType=m1.small, imageId=ami-3e3be423, kernelId=null, ramdiskId=null, availabilityZone=null, keyName=null, securityGroupIdToNames={sg-7e4e9163=default}, blockDeviceMappings=[], securityGroupIds=[], securityGroupNames=[], monitoringEnabled=false, userData=null], productDescription=Linux/UNIX, id=sir-3706241a, spotPrice=0.09, state=active, type=one-time, validFrom=null, validUntil=null, tags={}]>
  cleanUp(org.jclouds.aws.ec2.services.AMIClientLiveTest)
  testIncidentalResourcesGetCleanedUpOnlyOnLastInstanceDestroyNode(org.jclouds.aws.ec2.compute.AWSEC2ComputeServiceLiveTest): Sets differ: expected [] but got [[region=us-east-1, id=sg-f71eb29f, name=jclouds#ec2-incidental#us-east-1, ownerId=993194456877, description=jclouds#ec2-incidental#us-east-1, ipPermissions=[[fromPort=-1, toPort=-1, userIdGroupPairs={993194456877=[jclouds#ec2-incidental#us-east-1]}, groupIds=[], ipProtocol=icmp, ipRanges=[]], [fromPort=1, toPort=65535, userIdGroupPairs={993194456877=[jclouds#ec2-incidental#us-east-1]}, groupIds=[], ipProtocol=tcp, ipRanges=[]], [fromPort=1, toPort=65535, userIdGroupPairs={993194456877=[jclouds#ec2-incidental#us-east-1]}, groupIds=[], ipProtocol=udp, ipRanges=[]], [fromPort=22, toPort=22, userIdGroupPairs={}, groupIds=[], ipProtocol=tcp, ipRanges=[0.0.0.0/0]]]]]
  testIncidentalResourcesGetCleanedUpOnlyOnLastInstanceDestroyNodesMatching(org.jclouds.aws.ec2.compute.AWSEC2ComputeServiceLiveTest): The key pair 'jclouds#ec2-incidental#us-east-1#85' does not exist
  testCorrectAuthException(org.jclouds.aws.ec2.compute.AWSEC2ComputeServiceLiveTest): (..)
  testCreateAndRunAService(org.jclouds.aws.ec2.compute.AWSEC2ComputeServiceLiveTest): error running 1 node group(ec2-s) location(us-east-1) image(ami-98835ff1) size(t1.micro) options([groupIds=[], keyPair=null, noKeyPair=false, monitoringEnabled=false, placementGroup=null, noPlacementGroup=false, subnetId=null, userData=[35, 99, 108, 111, 117, 100, 45, 99, 111, 110, 102, 105, 103, 10, 114, 101, 112, 111, 95, 117, 112, 103, 114, 97, 100, 101, 58, 32, 110, 111, 110, 101, 10], blockDeviceMappings=[], spotPrice=null, spotOptions=[formParameters={}]])(..)

Tests run: 159, Failures: 10, Errors: 0, Skipped: 2

[INFO] ------------------------------------------------------------------------
[INFO] BUILD FAILURE
[INFO] ------------------------------------------------------------------------
[INFO] Total time: 43:49.140s
[INFO] Finished at: Mon Apr 23 20:13:17 PDT 2012
[INFO] Final Memory: 20M/265M
[INFO] ------------------------------------------------------------------------
[ERROR] Failed to execute goal org.apache.maven.plugins:maven-surefire-plugin:2.12:test (integration) on project aws-ec2: There are test failures.
[ERROR] 
[ERROR] Please refer to /Users/adriancole/workspace/git/jclouds/providers/aws-ec2/target/surefire-reports for the individual test results.
[ERROR] -> [Help 1]
[ERROR] 
[ERROR] To see the full stack trace of the errors, re-run Maven with the -e switch.
[ERROR] Re-run Maven using the -X switch to enable full debug logging.
[ERROR] 
[ERROR] For more information about the errors and possible solutions, please read the following articles:
[ERROR] [Help 1] http://cwiki.apache.org/confluence/display/MAVEN/MojoFailureException
