[INFO] Scanning for projects...
[WARNING] 
[WARNING] Some problems were encountered while building the effective model for org.jclouds.provider:aws-s3:bundle:1.5.0-SNAPSHOT
[WARNING] 'parent.relativePath' of POM org.jclouds:jclouds-project:1.5.0-SNAPSHOT (/Users/adriancole/workspace/git/jclouds/project/pom.xml) points at org.jclouds:jclouds-multi instead of org.sonatype.oss:oss-parent, please verify your project structure @ org.jclouds:jclouds-project:1.5.0-SNAPSHOT, /Users/adriancole/workspace/git/jclouds/project/pom.xml, line 24, column 13
[WARNING] 
[WARNING] It is highly recommended to fix these problems because they threaten the stability of your build.
[WARNING] 
[WARNING] For this reason, future Maven versions might no longer support building such malformed projects.
[WARNING] 
[INFO]                                                                         
[INFO] ------------------------------------------------------------------------
[INFO] Building jclouds Amazon Simple Storage Service (S3) provider 1.5.0-SNAPSHOT
[INFO] ------------------------------------------------------------------------
[INFO] 
[INFO] --- maven-clean-plugin:2.4.1:clean (default-clean) @ aws-s3 ---
[INFO] Deleting /Users/adriancole/workspace/git/jclouds/providers/aws-s3/target
[INFO] 
[INFO] --- maven-enforcer-plugin:1.0.1:enforce (enforce-maven) @ aws-s3 ---
[INFO] 
[INFO] --- maven-enforcer-plugin:1.0.1:enforce (enforce-banned-dependencies) @ aws-s3 ---
[INFO] 
[INFO] --- maven-enforcer-plugin:1.0.1:enforce (enforce-java) @ aws-s3 ---
[INFO] 
[INFO] --- maven-remote-resources-plugin:1.2.1:process (process-remote-resources) @ aws-s3 ---
[INFO] 
[INFO] --- maven-resources-plugin:2.5:resources (default-resources) @ aws-s3 ---
[debug] execute contextualize
[INFO] Using 'UTF-8' encoding to copy filtered resources.
[INFO] skip non existing resourceDirectory /Users/adriancole/workspace/git/jclouds/providers/aws-s3/src/main/clojure
[INFO] Copying 1 resource
[INFO] Copying 2 resources
[INFO] 
[INFO] --- maven-compiler-plugin:2.3.2:compile (default-compile) @ aws-s3 ---
[INFO] Compiling 24 source files to /Users/adriancole/workspace/git/jclouds/providers/aws-s3/target/classes
[INFO] 
[INFO] --- maven-resources-plugin:2.5:testResources (default-testResources) @ aws-s3 ---
[debug] execute contextualize
[INFO] Using 'UTF-8' encoding to copy filtered resources.
[INFO] skip non existing resourceDirectory /Users/adriancole/workspace/git/jclouds/providers/aws-s3/src/test/clojure
[INFO] Copying 3 resources
[INFO] Copying 2 resources
[INFO] 
[INFO] --- maven-compiler-plugin:2.3.2:testCompile (default-testCompile) @ aws-s3 ---
[INFO] Compiling 21 source files to /Users/adriancole/workspace/git/jclouds/providers/aws-s3/target/test-classes
[INFO] 
[INFO] --- maven-surefire-plugin:2.12:test (default-test) @ aws-s3 ---
[INFO] Surefire report directory: /Users/adriancole/workspace/git/jclouds/providers/aws-s3/target/surefire-reports
[INFO] Using configured provider org.apache.maven.surefire.testng.TestNGProvider

-------------------------------------------------------
 T E S T S
-------------------------------------------------------
Running TestSuite
Configuring TestNG with: org.apache.maven.surefire.testng.conf.TestNGMapConfigurator@485329c5
Starting test testGetBucketLocationEU(org.jclouds.aws.s3.AWSS3AsyncClientTest)
Starting test testCompleteMultipartUpload(org.jclouds.aws.s3.AWSS3AsyncClientTest)
Starting test testGetBucketLocation(org.jclouds.aws.s3.AWSS3AsyncClientTest)
Starting test testAbortMultipartUpload(org.jclouds.aws.s3.AWSS3AsyncClientTest)
Starting test testInitiateMultipartUpload(org.jclouds.aws.s3.AWSS3AsyncClientTest)
[pool-2-thread-2] Test testCompleteMultipartUpload(org.jclouds.aws.s3.AWSS3AsyncClientTest) succeeded: 133ms
Test suite progress: tests succeeded: 1, failed: 0, skipped: 0.
Starting test testPutBucketDefault(org.jclouds.aws.s3.AWSS3AsyncClientTest)
[pool-2-thread-2] Test testPutBucketDefault(org.jclouds.aws.s3.AWSS3AsyncClientTest) succeeded: 27ms
Test suite progress: tests succeeded: 2, failed: 0, skipped: 0.
Starting test testPutBucketEu(org.jclouds.aws.s3.AWSS3AsyncClientTest)
[pool-2-thread-4] Test testGetBucketLocationEU(org.jclouds.aws.s3.AWSS3AsyncClientTest) succeeded: 161ms
Test suite progress: tests succeeded: 3, failed: 0, skipped: 0.
Starting test testPutObject(org.jclouds.aws.s3.AWSS3AsyncClientTest)
[pool-2-thread-1] Test testAbortMultipartUpload(org.jclouds.aws.s3.AWSS3AsyncClientTest) succeeded: 216ms
Test suite progress: tests succeeded: 4, failed: 0, skipped: 0.
Starting test testUploadPart(org.jclouds.aws.s3.AWSS3AsyncClientTest)
[pool-2-thread-2] Test testPutBucketEu(org.jclouds.aws.s3.AWSS3AsyncClientTest) succeeded: 59ms
Test suite progress: tests succeeded: 5, failed: 0, skipped: 0.
Starting test testAllRegions(org.jclouds.aws.s3.AWSS3AsyncClientTest)
[pool-2-thread-1] Test testUploadPart(org.jclouds.aws.s3.AWSS3AsyncClientTest) succeeded: 5ms
Test suite progress: tests succeeded: 6, failed: 0, skipped: 0.
Starting test testBucketExists(org.jclouds.aws.s3.AWSS3AsyncClientTest)
[pool-2-thread-2] Test testAllRegions(org.jclouds.aws.s3.AWSS3AsyncClientTest) succeeded: 44ms
Test suite progress: tests succeeded: 7, failed: 0, skipped: 0.
Starting test testCopyObject(org.jclouds.aws.s3.AWSS3AsyncClientTest)
[pool-2-thread-1] Test testBucketExists(org.jclouds.aws.s3.AWSS3AsyncClientTest) succeeded: 93ms
Test suite progress: tests succeeded: 8, failed: 0, skipped: 0.
Starting test testCopyObjectInvalidName(org.jclouds.aws.s3.AWSS3AsyncClientTest)
[pool-2-thread-1] Test testCopyObjectInvalidName(org.jclouds.aws.s3.AWSS3AsyncClientTest) succeeded: 1ms
Test suite progress: tests succeeded: 9, failed: 0, skipped: 0.
Starting test testDeleteBucketIfEmpty(org.jclouds.aws.s3.AWSS3AsyncClientTest)
[pool-2-thread-2] Test testCopyObject(org.jclouds.aws.s3.AWSS3AsyncClientTest) succeeded: 102ms
Test suite progress: tests succeeded: 10, failed: 0, skipped: 0.
Starting test testDeleteObject(org.jclouds.aws.s3.AWSS3AsyncClientTest)
[pool-2-thread-2] Test testDeleteObject(org.jclouds.aws.s3.AWSS3AsyncClientTest) succeeded: 3ms
Test suite progress: tests succeeded: 11, failed: 0, skipped: 0.
Starting test testDisableBucketLogging(org.jclouds.aws.s3.AWSS3AsyncClientTest)
[pool-2-thread-1] Test testDeleteBucketIfEmpty(org.jclouds.aws.s3.AWSS3AsyncClientTest) succeeded: 30ms
Test suite progress: tests succeeded: 12, failed: 0, skipped: 0.
[pool-2-thread-2] Test testDisableBucketLogging(org.jclouds.aws.s3.AWSS3AsyncClientTest) succeeded: 70ms
Test suite progress: tests succeeded: 13, failed: 0, skipped: 0.
Starting test testEnableBucketLoggingOwner(org.jclouds.aws.s3.AWSS3AsyncClientTest)
Starting test testGetBucketACL(org.jclouds.aws.s3.AWSS3AsyncClientTest)
[pool-2-thread-2] Test testGetBucketACL(org.jclouds.aws.s3.AWSS3AsyncClientTest) succeeded: 16ms
Test suite progress: tests succeeded: 14, failed: 0, skipped: 0.
Starting test testGetBucketLogging(org.jclouds.aws.s3.AWSS3AsyncClientTest)
[pool-2-thread-2] Test testGetBucketLogging(org.jclouds.aws.s3.AWSS3AsyncClientTest) succeeded: 19ms
Test suite progress: tests succeeded: 15, failed: 0, skipped: 0.
Starting test testGetBucketPayer(org.jclouds.aws.s3.AWSS3AsyncClientTest)
[pool-2-thread-2] Test testGetBucketPayer(org.jclouds.aws.s3.AWSS3AsyncClientTest) succeeded: 41ms
Test suite progress: tests succeeded: 16, failed: 0, skipped: 0.
Starting test testGetObject(org.jclouds.aws.s3.AWSS3AsyncClientTest)
[pool-2-thread-2] Test testGetObject(org.jclouds.aws.s3.AWSS3AsyncClientTest) succeeded: 96ms
Test suite progress: tests succeeded: 17, failed: 0, skipped: 0.
Starting test testGetObjectACL(org.jclouds.aws.s3.AWSS3AsyncClientTest)
[pool-2-thread-2] Test testGetObjectACL(org.jclouds.aws.s3.AWSS3AsyncClientTest) succeeded: 7ms
Test suite progress: tests succeeded: 18, failed: 0, skipped: 0.
Starting test testHeadObject(org.jclouds.aws.s3.AWSS3AsyncClientTest)
[pool-2-thread-2] Test testHeadObject(org.jclouds.aws.s3.AWSS3AsyncClientTest) succeeded: 9ms
Test suite progress: tests succeeded: 19, failed: 0, skipped: 0.
Starting test testListBucket(org.jclouds.aws.s3.AWSS3AsyncClientTest)
[pool-2-thread-1] Test testEnableBucketLoggingOwner(org.jclouds.aws.s3.AWSS3AsyncClientTest) succeeded: 211ms
Test suite progress: tests succeeded: 20, failed: 0, skipped: 0.
Starting test testListOwnedBuckets(org.jclouds.aws.s3.AWSS3AsyncClientTest)
[pool-2-thread-1] Test testListOwnedBuckets(org.jclouds.aws.s3.AWSS3AsyncClientTest) succeeded: 5ms
Test suite progress: tests succeeded: 21, failed: 0, skipped: 0.
Starting test testNewS3Object(org.jclouds.aws.s3.AWSS3AsyncClientTest)
[pool-2-thread-1] Test testNewS3Object(org.jclouds.aws.s3.AWSS3AsyncClientTest) succeeded: 0ms
Test suite progress: tests succeeded: 22, failed: 0, skipped: 0.
Starting test testObjectExists(org.jclouds.aws.s3.AWSS3AsyncClientTest)
[pool-2-thread-2] Test testListBucket(org.jclouds.aws.s3.AWSS3AsyncClientTest) succeeded: 14ms
Test suite progress: tests succeeded: 23, failed: 0, skipped: 0.
Starting test testPutBucketACL(org.jclouds.aws.s3.AWSS3AsyncClientTest)
[pool-2-thread-2] Test testPutBucketACL(org.jclouds.aws.s3.AWSS3AsyncClientTest) succeeded: 50ms
Test suite progress: tests succeeded: 24, failed: 0, skipped: 0.
Starting test testPutObjectACL(org.jclouds.aws.s3.AWSS3AsyncClientTest)
[pool-2-thread-2] Test testPutObjectACL(org.jclouds.aws.s3.AWSS3AsyncClientTest) succeeded: 6ms
Test suite progress: tests succeeded: 25, failed: 0, skipped: 0.
Starting test testSetBucketPayerOwner(org.jclouds.aws.s3.AWSS3AsyncClientTest)
[pool-2-thread-4] Test testPutObject(org.jclouds.aws.s3.AWSS3AsyncClientTest) succeeded: 591ms
Test suite progress: tests succeeded: 26, failed: 0, skipped: 0.
Starting test testSetBucketPayerRequester(org.jclouds.aws.s3.AWSS3AsyncClientTest)
[pool-2-thread-1] Test testObjectExists(org.jclouds.aws.s3.AWSS3AsyncClientTest) succeeded: 98ms
Test suite progress: tests succeeded: 27, failed: 0, skipped: 0.
[pool-2-thread-2] Test testSetBucketPayerOwner(org.jclouds.aws.s3.AWSS3AsyncClientTest) succeeded: 40ms
Test suite progress: tests succeeded: 28, failed: 0, skipped: 0.
[pool-2-thread-4] Test testSetBucketPayerRequester(org.jclouds.aws.s3.AWSS3AsyncClientTest) succeeded: 12ms
Test suite progress: tests succeeded: 29, failed: 0, skipped: 0.
[pool-2-thread-5] Test testInitiateMultipartUpload(org.jclouds.aws.s3.AWSS3AsyncClientTest) succeeded: 928ms
Test suite progress: tests succeeded: 30, failed: 0, skipped: 0.
[pool-2-thread-3] Test testGetBucketLocation(org.jclouds.aws.s3.AWSS3AsyncClientTest) succeeded: 931ms
Test suite progress: tests succeeded: 31, failed: 0, skipped: 0.
Starting test testPutWithReducedRedundancy(org.jclouds.aws.s3.AWSS3ClientExpectTest)
Starting test testLowerLimitFromWhereMultipartBecomeActive(org.jclouds.aws.s3.blobstore.strategy.internal.MpuPartitioningAlgorithmTest)
[pool-5-thread-2] Test testLowerLimitFromWhereMultipartBecomeActive(org.jclouds.aws.s3.blobstore.strategy.internal.MpuPartitioningAlgorithmTest) succeeded: 3ms
Test suite progress: tests succeeded: 32, failed: 0, skipped: 0.
Starting test testWhenChunkSizeHasToStartGrowing(org.jclouds.aws.s3.blobstore.strategy.internal.MpuPartitioningAlgorithmTest)
[pool-5-thread-3] Test testWhenChunkSizeHasToStartGrowing(org.jclouds.aws.s3.blobstore.strategy.internal.MpuPartitioningAlgorithmTest) succeeded: 0ms
Test suite progress: tests succeeded: 33, failed: 0, skipped: 0.
Starting test testWhenPartsExceedsMaxNumberOfParts(org.jclouds.aws.s3.blobstore.strategy.internal.MpuPartitioningAlgorithmTest)
[pool-5-thread-4] Test testWhenPartsExceedsMaxNumberOfParts(org.jclouds.aws.s3.blobstore.strategy.internal.MpuPartitioningAlgorithmTest) succeeded: 0ms
Test suite progress: tests succeeded: 34, failed: 0, skipped: 0.
Starting test testWhenPartsHasToStartGrowingFromMagnitudeBase(org.jclouds.aws.s3.blobstore.strategy.internal.MpuPartitioningAlgorithmTest)
[pool-5-thread-5] Test testWhenPartsHasToStartGrowingFromMagnitudeBase(org.jclouds.aws.s3.blobstore.strategy.internal.MpuPartitioningAlgorithmTest) succeeded: 0ms
Test suite progress: tests succeeded: 35, failed: 0, skipped: 0.
Starting test testWithTwoParts(org.jclouds.aws.s3.blobstore.strategy.internal.SequentialMultipartUploadStrategyTest)
Starting test testWithTimeout(org.jclouds.aws.s3.blobstore.strategy.internal.SequentialMultipartUploadStrategyTest)
[pool-5-thread-3] Test testWithTwoParts(org.jclouds.aws.s3.blobstore.strategy.internal.SequentialMultipartUploadStrategyTest) succeeded: 216ms
Test suite progress: tests succeeded: 36, failed: 0, skipped: 0.
[pool-5-thread-4] Test testWithTimeout(org.jclouds.aws.s3.blobstore.strategy.internal.SequentialMultipartUploadStrategyTest) succeeded: 220ms
Test suite progress: tests succeeded: 37, failed: 0, skipped: 0.
[pool-5-thread-1] Test testPutWithReducedRedundancy(org.jclouds.aws.s3.AWSS3ClientExpectTest) succeeded: 508ms
Test suite progress: tests succeeded: 38, failed: 0, skipped: 0.
Starting test testAllContains(org.jclouds.aws.s3.AWSS3ProviderTest)
[pool-6-thread-1] Test testAllContains(org.jclouds.aws.s3.AWSS3ProviderTest) succeeded: 3ms
Starting test testOfApiContains(org.jclouds.aws.s3.AWSS3ProviderTest)
Test suite progress: tests succeeded: 39, failed: 0, skipped: 0.
[pool-6-thread-2] Test testOfApiContains(org.jclouds.aws.s3.AWSS3ProviderTest) succeeded: 1ms
Test suite progress: tests succeeded: 40, failed: 0, skipped: 0.
Starting test testTransformableToContains(org.jclouds.aws.s3.AWSS3ProviderTest)
Starting test testWithId(org.jclouds.aws.s3.AWSS3ProviderTest)
[pool-6-thread-4] Test testWithId(org.jclouds.aws.s3.AWSS3ProviderTest) succeeded: 2ms
Test suite progress: tests succeeded: 41, failed: 0, skipped: 0.
[pool-6-thread-3] Test testTransformableToContains(org.jclouds.aws.s3.AWSS3ProviderTest) succeeded: 3ms
Test suite progress: tests succeeded: 42, failed: 0, skipped: 0.
Starting test testWhenBucketRegionMappingInCache(org.jclouds.aws.s3.binders.AssignCorrectHostnameAndBindAsHostPrefixIfConfiguredTest)
[pool-7-thread-1] Test testWhenBucketRegionMappingInCache(org.jclouds.aws.s3.binders.AssignCorrectHostnameAndBindAsHostPrefixIfConfiguredTest) succeeded: 0ms
Test suite progress: tests succeeded: 43, failed: 0, skipped: 0.
Starting test testWhenNoBucketRegionMappingInCache(org.jclouds.aws.s3.binders.AssignCorrectHostnameAndBindAsHostPrefixIfConfiguredTest)
[pool-7-thread-2] Test testWhenNoBucketRegionMappingInCache(org.jclouds.aws.s3.binders.AssignCorrectHostnameAndBindAsHostPrefixIfConfiguredTest) succeeded: 2ms
Test suite progress: tests succeeded: 44, failed: 0, skipped: 0.
Starting test testMustBeObjectMetadata(org.jclouds.aws.s3.binders.BindObjectMetadataToRequestTest)
Starting test testNullIsBad(org.jclouds.aws.s3.binders.BindObjectMetadataToRequestTest)
[pool-8-thread-2] Test testMustBeObjectMetadata(org.jclouds.aws.s3.binders.BindObjectMetadataToRequestTest) succeeded: 1ms
Test suite progress: tests succeeded: 45, failed: 0, skipped: 0.
Starting test testPassWithMinimumDetailsAndPayload5GB(org.jclouds.aws.s3.binders.BindObjectMetadataToRequestTest)
[pool-8-thread-5] Test testPassWithMinimumDetailsAndPayload5GB(org.jclouds.aws.s3.binders.BindObjectMetadataToRequestTest) succeeded: 2ms
Starting test testNoKeyIsBad(org.jclouds.aws.s3.binders.BindObjectMetadataToRequestTest)
Test suite progress: tests succeeded: 46, failed: 0, skipped: 0.
[pool-8-thread-4] Test testNullIsBad(org.jclouds.aws.s3.binders.BindObjectMetadataToRequestTest) succeeded: 3ms
Test suite progress: tests succeeded: 47, failed: 0, skipped: 0.
[pool-8-thread-3] Test testNoKeyIsBad(org.jclouds.aws.s3.binders.BindObjectMetadataToRequestTest) succeeded: 1ms
Test suite progress: tests succeeded: 48, failed: 0, skipped: 0.
Starting test testExtendedPropertiesBind(org.jclouds.aws.s3.binders.BindObjectMetadataToRequestTest)
[pool-8-thread-1] Test testExtendedPropertiesBind(org.jclouds.aws.s3.binders.BindObjectMetadataToRequestTest) succeeded: 2ms
Test suite progress: tests succeeded: 49, failed: 0, skipped: 0.
Starting test testEmptyIsBad(org.jclouds.aws.s3.binders.BindPartIdsAndETagsToRequestTest)
[pool-9-thread-1] Test testEmptyIsBad(org.jclouds.aws.s3.binders.BindPartIdsAndETagsToRequestTest) succeeded: 1ms
Test suite progress: tests succeeded: 50, failed: 0, skipped: 0.
Starting test testPassWithMinimumDetailsAndPayload5GB(org.jclouds.aws.s3.binders.BindPartIdsAndETagsToRequestTest)
Starting test testNullIsBad(org.jclouds.aws.s3.binders.BindPartIdsAndETagsToRequestTest)
[pool-9-thread-2] Test testNullIsBad(org.jclouds.aws.s3.binders.BindPartIdsAndETagsToRequestTest) succeeded: 0ms
Test suite progress: tests succeeded: 51, failed: 0, skipped: 0.
[pool-9-thread-3] Test testPassWithMinimumDetailsAndPayload5GB(org.jclouds.aws.s3.binders.BindPartIdsAndETagsToRequestTest) succeeded: 0ms
Test suite progress: tests succeeded: 52, failed: 0, skipped: 0.
Starting test test(org.jclouds.aws.s3.functions.ETagFromHttpResponseViaRegexTest)
[pool-10-thread-1] Test test(org.jclouds.aws.s3.functions.ETagFromHttpResponseViaRegexTest) succeeded: 2ms
Test suite progress: tests succeeded: 53, failed: 0, skipped: 0.
Starting test test(org.jclouds.aws.s3.functions.UploadIdFromHttpResponseViaRegexTest)
[pool-11-thread-1] Test test(org.jclouds.aws.s3.functions.UploadIdFromHttpResponseViaRegexTest) succeeded: 1ms
Test suite progress: tests succeeded: 54, failed: 0, skipped: 0.
Tests run: 54, Failures: 0, Errors: 0, Skipped: 0, Time elapsed: 4.142 sec

Results :

Tests run: 54, Failures: 0, Errors: 0, Skipped: 0

[INFO] 
[INFO] --- clojure-maven-plugin:1.3.9:test (test-clojure) @ aws-s3 ---

Testing com.theoryinpractise.clojure.testrunner

Ran 0 tests containing 0 assertions.
0 failures, 0 errors.
[INFO] 
[INFO] --- maven-bundle-plugin:2.3.7:bundle (default-bundle) @ aws-s3 ---
[INFO] 
[INFO] --- maven-source-plugin:2.1.2:jar-no-fork (attach-sources) @ aws-s3 ---
[INFO] META-INF already added, skipping
[INFO] META-INF already added, skipping
[INFO] META-INF/LICENSE.txt already added, skipping
[INFO] META-INF/NOTICE.txt already added, skipping
[INFO] Building jar: /Users/adriancole/workspace/git/jclouds/providers/aws-s3/target/aws-s3-1.5.0-SNAPSHOT-sources.jar
[INFO] META-INF already added, skipping
[INFO] META-INF already added, skipping
[INFO] META-INF/LICENSE.txt already added, skipping
[INFO] META-INF/NOTICE.txt already added, skipping
[INFO] 
[INFO] --- maven-javadoc-plugin:2.8.1:jar (javadoc) @ aws-s3 ---
[INFO] Skipping javadoc generation
[INFO] 
[INFO] --- maven-jar-plugin:2.4:test-jar (default) @ aws-s3 ---
[INFO] Building jar: /Users/adriancole/workspace/git/jclouds/providers/aws-s3/target/aws-s3-1.5.0-SNAPSHOT-tests.jar
[INFO] 
[INFO] --- maven-surefire-plugin:2.12:test (integration) @ aws-s3 ---
[INFO] Surefire report directory: /Users/adriancole/workspace/git/jclouds/providers/aws-s3/target/surefire-reports
[INFO] Using configured provider org.apache.maven.surefire.testng.TestNGProvider

-------------------------------------------------------
 T E S T S
-------------------------------------------------------
Running TestSuite
Configuring TestNG with: org.apache.maven.surefire.testng.conf.TestNGMapConfigurator@2c641e9a
*** containers to test: [adriancole-blobstore0, adriancole-blobstore1, adriancole-blobstore2, adriancole-blobstore3, adriancole-blobstore4, adriancole-blobstore5, adriancole-blobstore6, adriancole-blobstore7, adriancole-blobstore8, adriancole-blobstore9, adriancole-blobstore10, adriancole-blobstore11, adriancole-blobstore12, adriancole-blobstore13, adriancole-blobstore14, adriancole-blobstore15, adriancole-blobstore16, adriancole-blobstore17, adriancole-blobstore18, adriancole-blobstore19, adriancole-blobstore20, adriancole-blobstore21, adriancole-blobstore22, adriancole-blobstore23, adriancole-blobstore24]
Starting test testContains(org.jclouds.aws.s3.blobstore.integration.AWSS3BlobMapIntegrationLiveTest)
Starting test blobNotFound(org.jclouds.aws.s3.blobstore.integration.AWSS3BlobIntegrationLiveTest)
Starting test testMultipartChunkedFileStream(org.jclouds.aws.s3.AWSS3ClientLiveTest)
Starting test testCopyUrl(org.jclouds.aws.s3.blobstore.integration.AWSS3BlobLiveTest)
Starting test testSignGetUrl(org.jclouds.aws.s3.blobstore.integration.AWSS3BlobSignerLiveTest)
[TestNG] Test blobNotFound(org.jclouds.aws.s3.blobstore.integration.AWSS3BlobIntegrationLiveTest) succeeded: 18720ms
Test suite progress: tests succeeded: 1, failed: 0, skipped: 0.
Starting test deleteObject(org.jclouds.aws.s3.blobstore.integration.AWSS3BlobIntegrationLiveTest)
[TestNG] Test testSignGetUrl(org.jclouds.aws.s3.blobstore.integration.AWSS3BlobSignerLiveTest) succeeded: 19969ms
Test suite progress: tests succeeded: 2, failed: 0, skipped: 0.
Starting test testSignGetUrlOptions(org.jclouds.aws.s3.blobstore.integration.AWSS3BlobSignerLiveTest)
[TestNG] Test testContains(org.jclouds.aws.s3.blobstore.integration.AWSS3BlobMapIntegrationLiveTest) succeeded: 20084ms
Test suite progress: tests succeeded: 3, failed: 0, skipped: 0.
Starting test testEntrySet(org.jclouds.aws.s3.blobstore.integration.AWSS3BlobMapIntegrationLiveTest)
[TestNG] Test testCopyUrl(org.jclouds.aws.s3.blobstore.integration.AWSS3BlobLiveTest) succeeded: 22700ms
Test suite progress: tests succeeded: 4, failed: 0, skipped: 0.
Starting test containerDoesntExist(org.jclouds.aws.s3.blobstore.integration.AWSS3ContainerIntegrationLiveTest)
[TestNG] Test containerDoesntExist(org.jclouds.aws.s3.blobstore.integration.AWSS3ContainerIntegrationLiveTest) succeeded: 1668ms
Test suite progress: tests succeeded: 5, failed: 0, skipped: 0.
Starting test containerExists(org.jclouds.aws.s3.blobstore.integration.AWSS3ContainerIntegrationLiveTest)
[TestNG] Test testMultipartChunkedFileStream(org.jclouds.aws.s3.AWSS3ClientLiveTest) succeeded: 28936ms
Test suite progress: tests succeeded: 6, failed: 0, skipped: 0.
Starting test testMultipartSynchronously(org.jclouds.aws.s3.AWSS3ClientLiveTest)
[TestNG] Test deleteObject(org.jclouds.aws.s3.blobstore.integration.AWSS3BlobIntegrationLiveTest) succeeded: 21546ms
Test suite progress: tests succeeded: 7, failed: 0, skipped: 0.
Starting test deleteObject(org.jclouds.aws.s3.blobstore.integration.AWSS3BlobIntegrationLiveTest)
[TestNG] Test testSignGetUrlOptions(org.jclouds.aws.s3.blobstore.integration.AWSS3BlobSignerLiveTest) succeeded: 20232ms
Test suite progress: tests succeeded: 8, failed: 0, skipped: 0.
Starting test testSignPutUrl(org.jclouds.aws.s3.blobstore.integration.AWSS3BlobSignerLiveTest)
[TestNG] Test containerExists(org.jclouds.aws.s3.blobstore.integration.AWSS3ContainerIntegrationLiveTest) succeeded: 19415ms
Test suite progress: tests succeeded: 9, failed: 0, skipped: 0.
Starting test deleteContainerIfEmpty(org.jclouds.aws.s3.blobstore.integration.AWSS3ContainerIntegrationLiveTest)
[TestNG] Test testEntrySet(org.jclouds.aws.s3.blobstore.integration.AWSS3BlobMapIntegrationLiveTest) succeeded: 25663ms
Test suite progress: tests succeeded: 10, failed: 0, skipped: 0.
Starting test testPut(org.jclouds.aws.s3.blobstore.integration.AWSS3BlobMapIntegrationLiveTest)
*** allocated new container adriancole-blobstore12...
unable to delete container adriancole-blobstore12, ignoring...
org.jclouds.blobstore.ContainerNotFoundException: adriancole-blobstore12.s3.amazonaws.com not found: The specified bucket does not exist
	at org.jclouds.s3.handlers.ParseS3ErrorFromXmlContent.refineException(ParseS3ErrorFromXmlContent.java:74)
	at org.jclouds.aws.handlers.ParseAWSErrorFromXmlContent.handleError(ParseAWSErrorFromXmlContent.java:89)
	at org.jclouds.http.handlers.DelegatingErrorHandler.handleError(DelegatingErrorHandler.java:69)
	at org.jclouds.http.internal.BaseHttpCommandExecutorService$HttpResponseCallable.shouldContinue(BaseHttpCommandExecutorService.java:194)
	at org.jclouds.http.internal.BaseHttpCommandExecutorService$HttpResponseCallable.call(BaseHttpCommandExecutorService.java:164)
	at org.jclouds.http.internal.BaseHttpCommandExecutorService$HttpResponseCallable.call(BaseHttpCommandExecutorService.java:132)
	at java.util.concurrent.FutureTask$Sync.innerRun(FutureTask.java:303)
	at java.util.concurrent.FutureTask.run(FutureTask.java:138)
	at java.util.concurrent.ThreadPoolExecutor$Worker.runTask(ThreadPoolExecutor.java:886)
	at java.util.concurrent.ThreadPoolExecutor$Worker.run(ThreadPoolExecutor.java:908)
	at java.lang.Thread.run(Thread.java:680)
	at org.jclouds.concurrent.config.ExecutorServiceModule$DescribingExecutorService.submit(ExecutorServiceModule.java:182)
	at org.jclouds.http.internal.BaseHttpCommandExecutorService.submit(BaseHttpCommandExecutorService.java:129)
	at org.jclouds.http.TransformingHttpCommandExecutorServiceImpl.submit(TransformingHttpCommandExecutorServiceImpl.java:54)
	at org.jclouds.http.TransformingHttpCommandImpl.execute(TransformingHttpCommandImpl.java:73)
	at org.jclouds.rest.internal.AsyncRestClientProxy.createListenableFutureForHttpRequestMappedToMethodAndArgs(AsyncRestClientProxy.java:248)
	at org.jclouds.rest.internal.AsyncRestClientProxy.invoke(AsyncRestClientProxy.java:148)
	at $Proxy75.listBucket(Unknown Source)
	at sun.reflect.GeneratedMethodAccessor10.invoke(Unknown Source)
	at sun.reflect.DelegatingMethodAccessorImpl.invoke(DelegatingMethodAccessorImpl.java:25)
	at java.lang.reflect.Method.invoke(Method.java:597)
	at org.jclouds.concurrent.internal.SyncProxy.invoke(SyncProxy.java:159)
	at $Proxy76.listBucket(Unknown Source)
	at org.jclouds.s3.blobstore.S3BlobStore.list(S3BlobStore.java:151)
	at sun.reflect.GeneratedMethodAccessor9.invoke(Unknown Source)
	at sun.reflect.DelegatingMethodAccessorImpl.invoke(DelegatingMethodAccessorImpl.java:25)
	at java.lang.reflect.Method.invoke(Method.java:597)
	at com.google.inject.internal.DelegatingInvocationHandler.invoke(DelegatingInvocationHandler.java:37)
	at $Proxy80.list(Unknown Source)
	at org.jclouds.blobstore.strategy.internal.ConcatenateContainerLists.execute(ConcatenateContainerLists.java:59)
	at org.jclouds.blobstore.strategy.internal.DeleteAllKeysInList.getResourcesToDelete(DeleteAllKeysInList.java:146)
	at org.jclouds.blobstore.strategy.internal.DeleteAllKeysInList.execute(DeleteAllKeysInList.java:96)
	at org.jclouds.blobstore.util.internal.BlobUtilsImpl.clearContainer(BlobUtilsImpl.java:81)
	at org.jclouds.blobstore.internal.BaseBlobStore.clearContainer(BaseBlobStore.java:158)
	at org.jclouds.blobstore.internal.BaseBlobStore.clearContainer(BaseBlobStore.java:147)
	at org.jclouds.s3.blobstore.S3BlobStore$2.get(S3BlobStore.java:174)
	at org.jclouds.s3.blobstore.S3BlobStore$2.get(S3BlobStore.java:172)
	at org.jclouds.util.Assertions.eventuallyTrue(Assertions.java:33)
	at org.jclouds.s3.blobstore.S3BlobStore.clearAndDeleteContainer(S3BlobStore.java:172)
	at org.jclouds.s3.blobstore.S3BlobStore.deleteContainer(S3BlobStore.java:163)
	at org.jclouds.blobstore.integration.internal.BaseBlobStoreIntegrationTest.deleteContainerOrWarnIfUnable(BaseBlobStoreIntegrationTest.java:162)
	at org.jclouds.blobstore.integration.internal.BaseBlobStoreIntegrationTest.access$700(BaseBlobStoreIntegrationTest.java:62)
	at org.jclouds.blobstore.integration.internal.BaseBlobStoreIntegrationTest$7.run(BaseBlobStoreIntegrationTest.java:419)
	at java.util.concurrent.Executors$RunnableAdapter.call(Executors.java:441)
	at java.util.concurrent.FutureTask$Sync.innerRun(FutureTask.java:303)
	at java.util.concurrent.FutureTask.run(FutureTask.java:138)
	at java.util.concurrent.ThreadPoolExecutor$Worker.runTask(ThreadPoolExecutor.java:886)
	at java.util.concurrent.ThreadPoolExecutor$Worker.run(ThreadPoolExecutor.java:908)
	at java.lang.Thread.run(Thread.java:680)
	at org.jclouds.concurrent.config.ExecutorServiceModule$DescribingExecutorService.submit(ExecutorServiceModule.java:182)
	at org.jclouds.http.internal.BaseHttpCommandExecutorService.submit(BaseHttpCommandExecutorService.java:129)
	at org.jclouds.http.TransformingHttpCommandExecutorServiceImpl.submit(TransformingHttpCommandExecutorServiceImpl.java:54)
	at org.jclouds.http.TransformingHttpCommandImpl.execute(TransformingHttpCommandImpl.java:73)
	at org.jclouds.rest.internal.AsyncRestClientProxy.createListenableFutureForHttpRequestMappedToMethodAndArgs(AsyncRestClientProxy.java:248)
	at org.jclouds.rest.internal.AsyncRestClientProxy.invoke(AsyncRestClientProxy.java:148)
	at $Proxy75.listBucket(Unknown Source)
	at sun.reflect.GeneratedMethodAccessor10.invoke(Unknown Source)
	at sun.reflect.DelegatingMethodAccessorImpl.invoke(DelegatingMethodAccessorImpl.java:25)
	at java.lang.reflect.Method.invoke(Method.java:597)
	at org.jclouds.concurrent.internal.SyncProxy.invoke(SyncProxy.java:159)
	at $Proxy76.listBucket(Unknown Source)
	at org.jclouds.s3.blobstore.S3BlobStore.list(S3BlobStore.java:151)
	at sun.reflect.GeneratedMethodAccessor9.invoke(Unknown Source)
	at sun.reflect.DelegatingMethodAccessorImpl.invoke(DelegatingMethodAccessorImpl.java:25)
	at java.lang.reflect.Method.invoke(Method.java:597)
	at com.google.inject.internal.DelegatingInvocationHandler.invoke(DelegatingInvocationHandler.java:37)
	at $Proxy80.list(Unknown Source)
	at org.jclouds.blobstore.strategy.internal.ConcatenateContainerLists.execute(ConcatenateContainerLists.java:59)
	at org.jclouds.blobstore.strategy.internal.DeleteAllKeysInList.getResourcesToDelete(DeleteAllKeysInList.java:146)
	at org.jclouds.blobstore.strategy.internal.DeleteAllKeysInList.execute(DeleteAllKeysInList.java:96)
	at org.jclouds.blobstore.util.internal.BlobUtilsImpl.clearContainer(BlobUtilsImpl.java:81)
	at org.jclouds.blobstore.internal.BaseBlobStore.clearContainer(BaseBlobStore.java:158)
	at org.jclouds.blobstore.internal.BaseBlobStore.clearContainer(BaseBlobStore.java:147)
	at org.jclouds.s3.blobstore.S3BlobStore$2.get(S3BlobStore.java:174)
	at org.jclouds.s3.blobstore.S3BlobStore$2.get(S3BlobStore.java:172)
	at org.jclouds.util.Assertions.eventuallyTrue(Assertions.java:33)
	at org.jclouds.s3.blobstore.S3BlobStore.clearAndDeleteContainer(S3BlobStore.java:172)
	at org.jclouds.s3.blobstore.S3BlobStore.deleteContainer(S3BlobStore.java:163)
	at org.jclouds.blobstore.integration.internal.BaseBlobStoreIntegrationTest.deleteContainerOrWarnIfUnable(BaseBlobStoreIntegrationTest.java:162)
	at org.jclouds.blobstore.integration.internal.BaseBlobStoreIntegrationTest.access$700(BaseBlobStoreIntegrationTest.java:62)
	at org.jclouds.blobstore.integration.internal.BaseBlobStoreIntegrationTest$7.run(BaseBlobStoreIntegrationTest.java:419)
	at java.util.concurrent.Executors$RunnableAdapter.call(Executors.java:441)
	at java.util.concurrent.FutureTask$Sync.innerRun(FutureTask.java:303)
	at java.util.concurrent.FutureTask.run(FutureTask.java:138)
	at java.util.concurrent.ThreadPoolExecutor$Worker.runTask(ThreadPoolExecutor.java:886)
	at java.util.concurrent.ThreadPoolExecutor$Worker.run(ThreadPoolExecutor.java:908)
	at java.lang.Thread.run(Thread.java:680)
[TestNG] Test deleteContainerIfEmpty(org.jclouds.aws.s3.blobstore.integration.AWSS3ContainerIntegrationLiveTest) succeeded: 6154ms
Test suite progress: tests succeeded: 11, failed: 0, skipped: 0.
Starting test deleteContainerWithContents(org.jclouds.aws.s3.blobstore.integration.AWSS3ContainerIntegrationLiveTest)
*** allocated new container adriancole-blobstore14...
unable to delete container adriancole-blobstore14, ignoring...
org.jclouds.blobstore.ContainerNotFoundException: adriancole-blobstore14.s3.amazonaws.com not found: The specified bucket does not exist
	at org.jclouds.s3.handlers.ParseS3ErrorFromXmlContent.refineException(ParseS3ErrorFromXmlContent.java:74)
	at org.jclouds.aws.handlers.ParseAWSErrorFromXmlContent.handleError(ParseAWSErrorFromXmlContent.java:89)
	at org.jclouds.http.handlers.DelegatingErrorHandler.handleError(DelegatingErrorHandler.java:69)
	at org.jclouds.http.internal.BaseHttpCommandExecutorService$HttpResponseCallable.shouldContinue(BaseHttpCommandExecutorService.java:194)
	at org.jclouds.http.internal.BaseHttpCommandExecutorService$HttpResponseCallable.call(BaseHttpCommandExecutorService.java:164)
	at org.jclouds.http.internal.BaseHttpCommandExecutorService$HttpResponseCallable.call(BaseHttpCommandExecutorService.java:132)
	at java.util.concurrent.FutureTask$Sync.innerRun(FutureTask.java:303)
	at java.util.concurrent.FutureTask.run(FutureTask.java:138)
	at java.util.concurrent.ThreadPoolExecutor$Worker.runTask(ThreadPoolExecutor.java:886)
	at java.util.concurrent.ThreadPoolExecutor$Worker.run(ThreadPoolExecutor.java:908)
	at java.lang.Thread.run(Thread.java:680)
	at org.jclouds.concurrent.config.ExecutorServiceModule$DescribingExecutorService.submit(ExecutorServiceModule.java:182)
	at org.jclouds.http.internal.BaseHttpCommandExecutorService.submit(BaseHttpCommandExecutorService.java:129)
	at org.jclouds.http.TransformingHttpCommandExecutorServiceImpl.submit(TransformingHttpCommandExecutorServiceImpl.java:54)
	at org.jclouds.http.TransformingHttpCommandImpl.execute(TransformingHttpCommandImpl.java:73)
	at org.jclouds.rest.internal.AsyncRestClientProxy.createListenableFutureForHttpRequestMappedToMethodAndArgs(AsyncRestClientProxy.java:248)
	at org.jclouds.rest.internal.AsyncRestClientProxy.invoke(AsyncRestClientProxy.java:148)
	at $Proxy75.listBucket(Unknown Source)
	at sun.reflect.GeneratedMethodAccessor10.invoke(Unknown Source)
	at sun.reflect.DelegatingMethodAccessorImpl.invoke(DelegatingMethodAccessorImpl.java:25)
	at java.lang.reflect.Method.invoke(Method.java:597)
	at org.jclouds.concurrent.internal.SyncProxy.invoke(SyncProxy.java:159)
	at $Proxy76.listBucket(Unknown Source)
	at org.jclouds.s3.blobstore.S3BlobStore.list(S3BlobStore.java:151)
	at sun.reflect.GeneratedMethodAccessor9.invoke(Unknown Source)
	at sun.reflect.DelegatingMethodAccessorImpl.invoke(DelegatingMethodAccessorImpl.java:25)
	at java.lang.reflect.Method.invoke(Method.java:597)
	at com.google.inject.internal.DelegatingInvocationHandler.invoke(DelegatingInvocationHandler.java:37)
	at $Proxy80.list(Unknown Source)
	at org.jclouds.blobstore.strategy.internal.ConcatenateContainerLists.execute(ConcatenateContainerLists.java:59)
	at org.jclouds.blobstore.strategy.internal.DeleteAllKeysInList.getResourcesToDelete(DeleteAllKeysInList.java:146)
	at org.jclouds.blobstore.strategy.internal.DeleteAllKeysInList.execute(DeleteAllKeysInList.java:96)
	at org.jclouds.blobstore.util.internal.BlobUtilsImpl.clearContainer(BlobUtilsImpl.java:81)
	at org.jclouds.blobstore.internal.BaseBlobStore.clearContainer(BaseBlobStore.java:158)
	at org.jclouds.blobstore.internal.BaseBlobStore.clearContainer(BaseBlobStore.java:147)
	at org.jclouds.s3.blobstore.S3BlobStore$2.get(S3BlobStore.java:174)
	at org.jclouds.s3.blobstore.S3BlobStore$2.get(S3BlobStore.java:172)
	at org.jclouds.util.Assertions.eventuallyTrue(Assertions.java:33)
	at org.jclouds.s3.blobstore.S3BlobStore.clearAndDeleteContainer(S3BlobStore.java:172)
	at org.jclouds.s3.blobstore.S3BlobStore.deleteContainer(S3BlobStore.java:163)
	at org.jclouds.blobstore.integration.internal.BaseBlobStoreIntegrationTest.deleteContainerOrWarnIfUnable(BaseBlobStoreIntegrationTest.java:162)
	at org.jclouds.blobstore.integration.internal.BaseBlobStoreIntegrationTest.access$700(BaseBlobStoreIntegrationTest.java:62)
	at org.jclouds.blobstore.integration.internal.BaseBlobStoreIntegrationTest$7.run(BaseBlobStoreIntegrationTest.java:419)
	at java.util.concurrent.Executors$RunnableAdapter.call(Executors.java:441)
	at java.util.concurrent.FutureTask$Sync.innerRun(FutureTask.java:303)
	at java.util.concurrent.FutureTask.run(FutureTask.java:138)
	at java.util.concurrent.ThreadPoolExecutor$Worker.runTask(ThreadPoolExecutor.java:886)
	at java.util.concurrent.ThreadPoolExecutor$Worker.run(ThreadPoolExecutor.java:908)
	at java.lang.Thread.run(Thread.java:680)
	at org.jclouds.concurrent.config.ExecutorServiceModule$DescribingExecutorService.submit(ExecutorServiceModule.java:182)
	at org.jclouds.http.internal.BaseHttpCommandExecutorService.submit(BaseHttpCommandExecutorService.java:129)
	at org.jclouds.http.TransformingHttpCommandExecutorServiceImpl.submit(TransformingHttpCommandExecutorServiceImpl.java:54)
	at org.jclouds.http.TransformingHttpCommandImpl.execute(TransformingHttpCommandImpl.java:73)
	at org.jclouds.rest.internal.AsyncRestClientProxy.createListenableFutureForHttpRequestMappedToMethodAndArgs(AsyncRestClientProxy.java:248)
	at org.jclouds.rest.internal.AsyncRestClientProxy.invoke(AsyncRestClientProxy.java:148)
	at $Proxy75.listBucket(Unknown Source)
	at sun.reflect.GeneratedMethodAccessor10.invoke(Unknown Source)
	at sun.reflect.DelegatingMethodAccessorImpl.invoke(DelegatingMethodAccessorImpl.java:25)
	at java.lang.reflect.Method.invoke(Method.java:597)
	at org.jclouds.concurrent.internal.SyncProxy.invoke(SyncProxy.java:159)
	at $Proxy76.listBucket(Unknown Source)
	at org.jclouds.s3.blobstore.S3BlobStore.list(S3BlobStore.java:151)
	at sun.reflect.GeneratedMethodAccessor9.invoke(Unknown Source)
	at sun.reflect.DelegatingMethodAccessorImpl.invoke(DelegatingMethodAccessorImpl.java:25)
	at java.lang.reflect.Method.invoke(Method.java:597)
	at com.google.inject.internal.DelegatingInvocationHandler.invoke(DelegatingInvocationHandler.java:37)
	at $Proxy80.list(Unknown Source)
	at org.jclouds.blobstore.strategy.internal.ConcatenateContainerLists.execute(ConcatenateContainerLists.java:59)
	at org.jclouds.blobstore.strategy.internal.DeleteAllKeysInList.getResourcesToDelete(DeleteAllKeysInList.java:146)
	at org.jclouds.blobstore.strategy.internal.DeleteAllKeysInList.execute(DeleteAllKeysInList.java:96)
	at org.jclouds.blobstore.util.internal.BlobUtilsImpl.clearContainer(BlobUtilsImpl.java:81)
	at org.jclouds.blobstore.internal.BaseBlobStore.clearContainer(BaseBlobStore.java:158)
	at org.jclouds.blobstore.internal.BaseBlobStore.clearContainer(BaseBlobStore.java:147)
	at org.jclouds.s3.blobstore.S3BlobStore$2.get(S3BlobStore.java:174)
	at org.jclouds.s3.blobstore.S3BlobStore$2.get(S3BlobStore.java:172)
	at org.jclouds.util.Assertions.eventuallyTrue(Assertions.java:33)
	at org.jclouds.s3.blobstore.S3BlobStore.clearAndDeleteContainer(S3BlobStore.java:172)
	at org.jclouds.s3.blobstore.S3BlobStore.deleteContainer(S3BlobStore.java:163)
	at org.jclouds.blobstore.integration.internal.BaseBlobStoreIntegrationTest.deleteContainerOrWarnIfUnable(BaseBlobStoreIntegrationTest.java:162)
	at org.jclouds.blobstore.integration.internal.BaseBlobStoreIntegrationTest.access$700(BaseBlobStoreIntegrationTest.java:62)
	at org.jclouds.blobstore.integration.internal.BaseBlobStoreIntegrationTest$7.run(BaseBlobStoreIntegrationTest.java:419)
	at java.util.concurrent.Executors$RunnableAdapter.call(Executors.java:441)
	at java.util.concurrent.FutureTask$Sync.innerRun(FutureTask.java:303)
	at java.util.concurrent.FutureTask.run(FutureTask.java:138)
	at java.util.concurrent.ThreadPoolExecutor$Worker.runTask(ThreadPoolExecutor.java:886)
	at java.util.concurrent.ThreadPoolExecutor$Worker.run(ThreadPoolExecutor.java:908)
	at java.lang.Thread.run(Thread.java:680)
[TestNG] Test deleteObject(org.jclouds.aws.s3.blobstore.integration.AWSS3BlobIntegrationLiveTest) succeeded: 17198ms
Test suite progress: tests succeeded: 12, failed: 0, skipped: 0.
Starting test deleteObject(org.jclouds.aws.s3.blobstore.integration.AWSS3BlobIntegrationLiveTest)
[TestNG] Test deleteContainerWithContents(org.jclouds.aws.s3.blobstore.integration.AWSS3ContainerIntegrationLiveTest) succeeded: 7522ms
Test suite progress: tests succeeded: 13, failed: 0, skipped: 0.
Starting test testClearWhenContentsUnderPath(org.jclouds.aws.s3.blobstore.integration.AWSS3ContainerIntegrationLiveTest)
[TestNG] Test testSignPutUrl(org.jclouds.aws.s3.blobstore.integration.AWSS3BlobSignerLiveTest) succeeded: 17983ms
Test suite progress: tests succeeded: 14, failed: 0, skipped: 0.
Starting test testSignRemoveUrl(org.jclouds.aws.s3.blobstore.integration.AWSS3BlobSignerLiveTest)
[TestNG] Test testMultipartSynchronously(org.jclouds.aws.s3.AWSS3ClientLiveTest) succeeded: 35239ms
Test suite progress: tests succeeded: 15, failed: 0, skipped: 0.
Starting test testPutWithReducedRedundancyStorage(org.jclouds.aws.s3.AWSS3ClientLiveTest)
[TestNG] Test testPut(org.jclouds.aws.s3.blobstore.integration.AWSS3BlobMapIntegrationLiveTest) succeeded: 22649ms
Test suite progress: tests succeeded: 16, failed: 0, skipped: 0.
Starting test testPutAll(org.jclouds.aws.s3.blobstore.integration.AWSS3BlobMapIntegrationLiveTest)
[TestNG] Test deleteObject(org.jclouds.aws.s3.blobstore.integration.AWSS3BlobIntegrationLiveTest) succeeded: 17775ms
Test suite progress: tests succeeded: 17, failed: 0, skipped: 0.
Starting test deleteObject(org.jclouds.aws.s3.blobstore.integration.AWSS3BlobIntegrationLiveTest)
[TestNG] Test testSignRemoveUrl(org.jclouds.aws.s3.blobstore.integration.AWSS3BlobSignerLiveTest) succeeded: 17796ms
Test suite progress: tests succeeded: 18, failed: 0, skipped: 0.
Starting test testPublicAccess(org.jclouds.aws.s3.blobstore.integration.AWSS3ContainerLiveTest)
[TestNG] Test testClearWhenContentsUnderPath(org.jclouds.aws.s3.blobstore.integration.AWSS3ContainerIntegrationLiveTest) succeeded: 20187ms
Test suite progress: tests succeeded: 19, failed: 0, skipped: 0.
Starting test testDirectory(org.jclouds.aws.s3.blobstore.integration.AWSS3ContainerIntegrationLiveTest)
*** allocated new container adriancole-blobstore21...
*** allocated new container adriancole-blobstore2128...
[TestNG] Test testPutWithReducedRedundancyStorage(org.jclouds.aws.s3.AWSS3ClientLiveTest) succeeded: 18816ms
Test suite progress: tests succeeded: 20, failed: 0, skipped: 0.
Starting test deleteContainerIfEmptyButHasContents(org.jclouds.aws.s3.AWSS3ClientLiveTest)
[TestNG] Test testPublicAccess(org.jclouds.aws.s3.blobstore.integration.AWSS3ContainerLiveTest) succeeded: 8009ms
Test suite progress: tests succeeded: 21, failed: 0, skipped: 0.
Starting test testContainsBytesValue(org.jclouds.aws.s3.blobstore.integration.AWSS3InputStreamMapIntegrationLiveTest)
[TestNG] Test testPutAll(org.jclouds.aws.s3.blobstore.integration.AWSS3BlobMapIntegrationLiveTest) succeeded: 20945ms
Test suite progress: tests succeeded: 22, failed: 0, skipped: 0.
Starting test testPutMoreThanSingleListing(org.jclouds.aws.s3.blobstore.integration.AWSS3BlobMapIntegrationLiveTest)
[TestNG] Test deleteObject(org.jclouds.aws.s3.blobstore.integration.AWSS3BlobIntegrationLiveTest) succeeded: 16929ms
Test suite progress: tests succeeded: 23, failed: 0, skipped: 0.
Starting test deleteObject(org.jclouds.aws.s3.blobstore.integration.AWSS3BlobIntegrationLiveTest)
[TestNG] Test deleteContainerIfEmptyButHasContents(org.jclouds.aws.s3.AWSS3ClientLiveTest) succeeded: 16433ms
Test suite progress: tests succeeded: 24, failed: 0, skipped: 0.
Starting test deleteContainerIfEmptyNotFound(org.jclouds.aws.s3.AWSS3ClientLiveTest)
[TestNG] Test deleteContainerIfEmptyNotFound(org.jclouds.aws.s3.AWSS3ClientLiveTest) succeeded: 394ms
Test suite progress: tests succeeded: 25, failed: 0, skipped: 0.
Starting test testCopyCannedAccessPolicyPublic(org.jclouds.aws.s3.AWSS3ClientLiveTest)
[TestNG] Test testContainsBytesValue(org.jclouds.aws.s3.blobstore.integration.AWSS3InputStreamMapIntegrationLiveTest) succeeded: 16229ms
Test suite progress: tests succeeded: 26, failed: 0, skipped: 0.
Starting test testContainsFileValue(org.jclouds.aws.s3.blobstore.integration.AWSS3InputStreamMapIntegrationLiveTest)
[TestNG] Test testDirectory(org.jclouds.aws.s3.blobstore.integration.AWSS3ContainerIntegrationLiveTest) succeeded: 27099ms
Test suite progress: tests succeeded: 27, failed: 0, skipped: 0.
Starting test testListContainer(org.jclouds.aws.s3.blobstore.integration.AWSS3ContainerIntegrationLiveTest)
[TestNG] Test deleteObject(org.jclouds.aws.s3.blobstore.integration.AWSS3BlobIntegrationLiveTest) succeeded: 17905ms
Test suite progress: tests succeeded: 28, failed: 0, skipped: 0.
Starting test deleteObject(org.jclouds.aws.s3.blobstore.integration.AWSS3BlobIntegrationLiveTest)
[TestNG] Test testPutMoreThanSingleListing(org.jclouds.aws.s3.blobstore.integration.AWSS3BlobMapIntegrationLiveTest) succeeded: 21836ms
Test suite progress: tests succeeded: 29, failed: 0, skipped: 0.
Starting test testRemove(org.jclouds.aws.s3.blobstore.integration.AWSS3BlobMapIntegrationLiveTest)
[TestNG] Test testContainsFileValue(org.jclouds.aws.s3.blobstore.integration.AWSS3InputStreamMapIntegrationLiveTest) succeeded: 20598ms
Test suite progress: tests succeeded: 30, failed: 0, skipped: 0.
Starting test testContainsInputStreamValue(org.jclouds.aws.s3.blobstore.integration.AWSS3InputStreamMapIntegrationLiveTest)
[TestNG] Test deleteObject(org.jclouds.aws.s3.blobstore.integration.AWSS3BlobIntegrationLiveTest) succeeded: 17964ms
Test suite progress: tests succeeded: 31, failed: 0, skipped: 0.
Starting test deleteObject(org.jclouds.aws.s3.blobstore.integration.AWSS3BlobIntegrationLiveTest)
[TestNG] Test testListContainer(org.jclouds.aws.s3.blobstore.integration.AWSS3ContainerIntegrationLiveTest) succeeded: 23785ms
Test suite progress: tests succeeded: 32, failed: 0, skipped: 0.
Starting test testListContainerMarker(org.jclouds.aws.s3.blobstore.integration.AWSS3ContainerIntegrationLiveTest)
[TestNG] Test testRemove(org.jclouds.aws.s3.blobstore.integration.AWSS3BlobMapIntegrationLiveTest) succeeded: 18377ms
Test suite progress: tests succeeded: 33, failed: 0, skipped: 0.
Starting test testValues(org.jclouds.aws.s3.blobstore.integration.AWSS3BlobMapIntegrationLiveTest)
[TestNG] Test testCopyCannedAccessPolicyPublic(org.jclouds.aws.s3.AWSS3ClientLiveTest) succeeded: 37589ms
Test suite progress: tests succeeded: 34, failed: 0, skipped: 0.
Starting test testCopyIfMatch(org.jclouds.aws.s3.AWSS3ClientLiveTest)
[TestNG] Test testContainsInputStreamValue(org.jclouds.aws.s3.blobstore.integration.AWSS3InputStreamMapIntegrationLiveTest) succeeded: 19197ms
Test suite progress: tests succeeded: 35, failed: 0, skipped: 0.
Starting test testContainsStringValue(org.jclouds.aws.s3.blobstore.integration.AWSS3InputStreamMapIntegrationLiveTest)
[TestNG] Test deleteObject(org.jclouds.aws.s3.blobstore.integration.AWSS3BlobIntegrationLiveTest) succeeded: 17106ms
Test suite progress: tests succeeded: 36, failed: 0, skipped: 0.
Starting test deleteObject(org.jclouds.aws.s3.blobstore.integration.AWSS3BlobIntegrationLiveTest)
[TestNG] Test testValues(org.jclouds.aws.s3.blobstore.integration.AWSS3BlobMapIntegrationLiveTest) succeeded: 19814ms
Test suite progress: tests succeeded: 37, failed: 0, skipped: 0.
Starting test testClear(org.jclouds.aws.s3.blobstore.integration.AWSS3BlobMapIntegrationLiveTest)
[TestNG] Test testListContainerMarker(org.jclouds.aws.s3.blobstore.integration.AWSS3ContainerIntegrationLiveTest) succeeded: 23428ms
Test suite progress: tests succeeded: 38, failed: 0, skipped: 0.
Starting test testListContainerMaxResults(org.jclouds.aws.s3.blobstore.integration.AWSS3ContainerIntegrationLiveTest)
[TestNG] Test testContainsStringValue(org.jclouds.aws.s3.blobstore.integration.AWSS3InputStreamMapIntegrationLiveTest) succeeded: 16581ms
Test suite progress: tests succeeded: 39, failed: 0, skipped: 0.
Starting test testEntrySet(org.jclouds.aws.s3.blobstore.integration.AWSS3InputStreamMapIntegrationLiveTest)
[TestNG] Test deleteObject(org.jclouds.aws.s3.blobstore.integration.AWSS3BlobIntegrationLiveTest) succeeded: 16605ms
Test suite progress: tests succeeded: 40, failed: 0, skipped: 0.
Starting test deleteObject(org.jclouds.aws.s3.blobstore.integration.AWSS3BlobIntegrationLiveTest)
[TestNG] Test testClear(org.jclouds.aws.s3.blobstore.integration.AWSS3BlobMapIntegrationLiveTest) succeeded: 17543ms
Test suite progress: tests succeeded: 41, failed: 0, skipped: 0.
Starting test testContainsKey(org.jclouds.aws.s3.blobstore.integration.AWSS3BlobMapIntegrationLiveTest)
[TestNG] Test testCopyIfMatch(org.jclouds.aws.s3.AWSS3ClientLiveTest) succeeded: 34522ms
Test suite progress: tests succeeded: 42, failed: 0, skipped: 0.
Starting test testCopyIfModifiedSince(org.jclouds.aws.s3.AWSS3ClientLiveTest)
[TestNG] Test testListContainerMaxResults(org.jclouds.aws.s3.blobstore.integration.AWSS3ContainerIntegrationLiveTest) succeeded: 22138ms
Test suite progress: tests succeeded: 43, failed: 0, skipped: 0.
Starting test testListContainerPrefix(org.jclouds.aws.s3.blobstore.integration.AWSS3ContainerIntegrationLiveTest)
[TestNG] Test deleteObject(org.jclouds.aws.s3.blobstore.integration.AWSS3BlobIntegrationLiveTest) succeeded: 16472ms
Test suite progress: tests succeeded: 44, failed: 0, skipped: 0.
Starting test deleteObject(org.jclouds.aws.s3.blobstore.integration.AWSS3BlobIntegrationLiveTest)
[TestNG] Test testEntrySet(org.jclouds.aws.s3.blobstore.integration.AWSS3InputStreamMapIntegrationLiveTest) succeeded: 21642ms
Test suite progress: tests succeeded: 45, failed: 0, skipped: 0.
Starting test testPut(org.jclouds.aws.s3.blobstore.integration.AWSS3InputStreamMapIntegrationLiveTest)
[TestNG] Test testContainsKey(org.jclouds.aws.s3.blobstore.integration.AWSS3BlobMapIntegrationLiveTest) succeeded: 16629ms
Test suite progress: tests succeeded: 46, failed: 0, skipped: 0.
Starting test testDirectory(org.jclouds.aws.s3.blobstore.integration.AWSS3BlobMapIntegrationLiveTest)
[TestNG] Test testListContainerPrefix(org.jclouds.aws.s3.blobstore.integration.AWSS3ContainerIntegrationLiveTest) succeeded: 21150ms
Test suite progress: tests succeeded: 47, failed: 0, skipped: 0.
Starting test testListRootUsesDelimiter(org.jclouds.aws.s3.blobstore.integration.AWSS3ContainerIntegrationLiveTest)
[TestNG] Test testPut(org.jclouds.aws.s3.blobstore.integration.AWSS3InputStreamMapIntegrationLiveTest) succeeded: 18818ms
Test suite progress: tests succeeded: 48, failed: 0, skipped: 0.
Starting test testPutAll(org.jclouds.aws.s3.blobstore.integration.AWSS3InputStreamMapIntegrationLiveTest)
[TestNG] Test deleteObject(org.jclouds.aws.s3.blobstore.integration.AWSS3BlobIntegrationLiveTest) succeeded: 20141ms
Test suite progress: tests succeeded: 49, failed: 0, skipped: 0.
Starting test deleteObject(org.jclouds.aws.s3.blobstore.integration.AWSS3BlobIntegrationLiveTest)
[TestNG] Test testCopyIfModifiedSince(org.jclouds.aws.s3.AWSS3ClientLiveTest) succeeded: 36535ms
Test suite progress: tests succeeded: 50, failed: 0, skipped: 0.
Starting test testCopyIfNoneMatch(org.jclouds.aws.s3.AWSS3ClientLiveTest)
[TestNG] Test testPutAll(org.jclouds.aws.s3.blobstore.integration.AWSS3InputStreamMapIntegrationLiveTest) succeeded: 18200ms
Test suite progress: tests succeeded: 51, failed: 0, skipped: 0.
Starting test testPutAllBytes(org.jclouds.aws.s3.blobstore.integration.AWSS3InputStreamMapIntegrationLiveTest)
[TestNG] Test deleteObject(org.jclouds.aws.s3.blobstore.integration.AWSS3BlobIntegrationLiveTest) succeeded: 19382ms
Test suite progress: tests succeeded: 52, failed: 0, skipped: 0.
Starting test deleteObjectNoContainer(org.jclouds.aws.s3.blobstore.integration.AWSS3BlobIntegrationLiveTest)
[TestNG] Test deleteObjectNoContainer(org.jclouds.aws.s3.blobstore.integration.AWSS3BlobIntegrationLiveTest) succeeded: 277ms
Test suite progress: tests succeeded: 53, failed: 0, skipped: 0.
Starting test deleteObjectNotFound(org.jclouds.aws.s3.blobstore.integration.AWSS3BlobIntegrationLiveTest)
[TestNG] Test testDirectory(org.jclouds.aws.s3.blobstore.integration.AWSS3BlobMapIntegrationLiveTest) succeeded: 35609ms
Test suite progress: tests succeeded: 54, failed: 0, skipped: 0.
Starting test testIsEmpty(org.jclouds.aws.s3.blobstore.integration.AWSS3BlobMapIntegrationLiveTest)
[TestNG] Test testListRootUsesDelimiter(org.jclouds.aws.s3.blobstore.integration.AWSS3ContainerIntegrationLiveTest) succeeded: 30575ms
Test suite progress: tests succeeded: 55, failed: 0, skipped: 0.
Starting test testPutTwiceIsOkAndDoesntOverwrite(org.jclouds.aws.s3.blobstore.integration.AWSS3ContainerIntegrationLiveTest)
[TestNG] Test testPutAllBytes(org.jclouds.aws.s3.blobstore.integration.AWSS3InputStreamMapIntegrationLiveTest) succeeded: 18678ms
Test suite progress: tests succeeded: 56, failed: 0, skipped: 0.
Starting test testPutAllFiles(org.jclouds.aws.s3.blobstore.integration.AWSS3InputStreamMapIntegrationLiveTest)
[TestNG] Test deleteObjectNotFound(org.jclouds.aws.s3.blobstore.integration.AWSS3BlobIntegrationLiveTest) succeeded: 16938ms
Test suite progress: tests succeeded: 57, failed: 0, skipped: 0.
Starting test testBigFileGets(org.jclouds.aws.s3.blobstore.integration.AWSS3BlobIntegrationLiveTest)
[TestNG] Test testIsEmpty(org.jclouds.aws.s3.blobstore.integration.AWSS3BlobMapIntegrationLiveTest) succeeded: 18617ms
Test suite progress: tests succeeded: 58, failed: 0, skipped: 0.
Starting test testKeySet(org.jclouds.aws.s3.blobstore.integration.AWSS3BlobMapIntegrationLiveTest)
[TestNG] Test testCopyIfNoneMatch(org.jclouds.aws.s3.AWSS3ClientLiveTest) succeeded: 38050ms
Test suite progress: tests succeeded: 59, failed: 0, skipped: 0.
Starting test testCopyIfUnmodifiedSince(org.jclouds.aws.s3.AWSS3ClientLiveTest)
[TestNG] Test testPutTwiceIsOkAndDoesntOverwrite(org.jclouds.aws.s3.blobstore.integration.AWSS3ContainerIntegrationLiveTest) succeeded: 22553ms
Test suite progress: tests succeeded: 60, failed: 0, skipped: 0.
Starting test testWithDetails(org.jclouds.aws.s3.blobstore.integration.AWSS3ContainerIntegrationLiveTest)
[TestNG] Test testPutAllFiles(org.jclouds.aws.s3.blobstore.integration.AWSS3InputStreamMapIntegrationLiveTest) succeeded: 29815ms
Test suite progress: tests succeeded: 61, failed: 0, skipped: 0.
Starting test testPutAllStrings(org.jclouds.aws.s3.blobstore.integration.AWSS3InputStreamMapIntegrationLiveTest)
[TestNG] Test testKeySet(org.jclouds.aws.s3.blobstore.integration.AWSS3BlobMapIntegrationLiveTest) succeeded: 27194ms
Test suite progress: tests succeeded: 62, failed: 0, skipped: 0.
Starting test testListContainer(org.jclouds.aws.s3.blobstore.integration.AWSS3BlobMapIntegrationLiveTest)
[TestNG] Test testWithDetails(org.jclouds.aws.s3.blobstore.integration.AWSS3ContainerIntegrationLiveTest) succeeded: 22160ms
Test suite progress: tests succeeded: 63, failed: 0, skipped: 0.
Starting test containerDoesntExist(org.jclouds.aws.s3.blobstore.integration.AWSS3ServiceIntegrationLiveTest)
[TestNG] Test testBigFileGets(org.jclouds.aws.s3.blobstore.integration.AWSS3BlobIntegrationLiveTest) succeeded: 43970ms
Test suite progress: tests succeeded: 64, failed: 0, skipped: 0.
Starting test testGetIfMatch(org.jclouds.aws.s3.blobstore.integration.AWSS3BlobIntegrationLiveTest)
[TestNG] Test testListContainer(org.jclouds.aws.s3.blobstore.integration.AWSS3BlobMapIntegrationLiveTest) succeeded: 17836ms
Test suite progress: tests succeeded: 65, failed: 0, skipped: 0.
[TestNG] Test testPutAllStrings(org.jclouds.aws.s3.blobstore.integration.AWSS3InputStreamMapIntegrationLiveTest) succeeded: 18906ms
Test suite progress: tests succeeded: 66, failed: 0, skipped: 0.
Starting test testPutBytes(org.jclouds.aws.s3.blobstore.integration.AWSS3InputStreamMapIntegrationLiveTest)
[TestNG] Test containerDoesntExist(org.jclouds.aws.s3.blobstore.integration.AWSS3ServiceIntegrationLiveTest) succeeded: 13999ms
Test suite progress: tests succeeded: 67, failed: 0, skipped: 0.
Starting test testAllLocations(org.jclouds.aws.s3.blobstore.integration.AWSS3ServiceIntegrationLiveTest)
[TestNG] Test testCopyIfUnmodifiedSince(org.jclouds.aws.s3.AWSS3ClientLiveTest) succeeded: 40419ms
Test suite progress: tests succeeded: 68, failed: 0, skipped: 0.
Starting test testCopyObject(org.jclouds.aws.s3.AWSS3ClientLiveTest)
*** allocated new container adriancole-blobstore4...
 >> creating container in location [id=EU, scope=REGION, description=EU, parent=aws-s3, iso3166Codes=[IE], metadata={}]
 << call complete.. checking
[TestNG] Test testGetIfMatch(org.jclouds.aws.s3.blobstore.integration.AWSS3BlobIntegrationLiveTest) succeeded: 17923ms
Test suite progress: tests succeeded: 69, failed: 0, skipped: 0.
Starting test testGetIfModifiedSince(org.jclouds.aws.s3.blobstore.integration.AWSS3BlobIntegrationLiveTest)
*** allocated new container adriancole-blobstore430...
*** allocated new container adriancole-blobstore6...
 >> creating container in location [id=us-standard, scope=REGION, description=us-standard, parent=aws-s3, iso3166Codes=[US], metadata={}]
 << call complete.. checking
[TestNG] Test testPutBytes(org.jclouds.aws.s3.blobstore.integration.AWSS3InputStreamMapIntegrationLiveTest) succeeded: 31901ms
Test suite progress: tests succeeded: 70, failed: 0, skipped: 0.
Starting test testPutFile(org.jclouds.aws.s3.blobstore.integration.AWSS3InputStreamMapIntegrationLiveTest)
[TestNG] Test testGetIfModifiedSince(org.jclouds.aws.s3.blobstore.integration.AWSS3BlobIntegrationLiveTest) succeeded: 22200ms
Test suite progress: tests succeeded: 71, failed: 0, skipped: 0.
Starting test testGetIfNoneMatch(org.jclouds.aws.s3.blobstore.integration.AWSS3BlobIntegrationLiveTest)
[TestNG] Test testCopyObject(org.jclouds.aws.s3.AWSS3ClientLiveTest) succeeded: 36428ms
Test suite progress: tests succeeded: 72, failed: 0, skipped: 0.
Starting test testCopyWithMetadata(org.jclouds.aws.s3.AWSS3ClientLiveTest)
*** allocated new container adriancole-blobstore632...
*** allocated new container adriancole-blobstore17...
 >> creating container in location [id=us-west-1, scope=REGION, description=us-west-1, parent=aws-s3, iso3166Codes=[US-CA], metadata={}]
 << call complete.. checking
[TestNG] Test testPutFile(org.jclouds.aws.s3.blobstore.integration.AWSS3InputStreamMapIntegrationLiveTest) succeeded: 23723ms
Test suite progress: tests succeeded: 73, failed: 0, skipped: 0.
Starting test testPutMoreThanSingleListing(org.jclouds.aws.s3.blobstore.integration.AWSS3InputStreamMapIntegrationLiveTest)
[TestNG] Test testGetIfNoneMatch(org.jclouds.aws.s3.blobstore.integration.AWSS3BlobIntegrationLiveTest) succeeded: 19581ms
Test suite progress: tests succeeded: 74, failed: 0, skipped: 0.
Starting test testGetIfUnmodifiedSince(org.jclouds.aws.s3.blobstore.integration.AWSS3BlobIntegrationLiveTest)
*** allocated new container adriancole-blobstore1734...
*** allocated new container adriancole-blobstore16...
 >> creating container in location [id=us-west-2, scope=REGION, description=us-west-2, parent=aws-s3, iso3166Codes=[US-OR], metadata={}]
 << call complete.. checking
[TestNG] Test testGetIfUnmodifiedSince(org.jclouds.aws.s3.blobstore.integration.AWSS3BlobIntegrationLiveTest) succeeded: 19776ms
Test suite progress: tests succeeded: 75, failed: 0, skipped: 0.
Starting test testGetRange(org.jclouds.aws.s3.blobstore.integration.AWSS3BlobIntegrationLiveTest)
[TestNG] Test testCopyWithMetadata(org.jclouds.aws.s3.AWSS3ClientLiveTest) succeeded: 35838ms
Test suite progress: tests succeeded: 76, failed: 0, skipped: 0.
Starting test testMetadataContentEncoding(org.jclouds.aws.s3.AWSS3ClientLiveTest)
[TestNG] Test testPutMoreThanSingleListing(org.jclouds.aws.s3.blobstore.integration.AWSS3InputStreamMapIntegrationLiveTest) succeeded: 23229ms
Test suite progress: tests succeeded: 77, failed: 0, skipped: 0.
Starting test testPutString(org.jclouds.aws.s3.blobstore.integration.AWSS3InputStreamMapIntegrationLiveTest)
*** allocated new container adriancole-blobstore1636...
[TestNG] Test testGetRange(org.jclouds.aws.s3.blobstore.integration.AWSS3BlobIntegrationLiveTest) succeeded: 18075ms
Test suite progress: tests succeeded: 78, failed: 0, skipped: 0.
Starting test testGetTwoRanges(org.jclouds.aws.s3.blobstore.integration.AWSS3BlobIntegrationLiveTest)
[TestNG] Test testMetadataContentEncoding(org.jclouds.aws.s3.AWSS3ClientLiveTest) succeeded: 17736ms
Test suite progress: tests succeeded: 79, failed: 0, skipped: 0.
Starting test testMetadataWithCacheControlAndContentDisposition(org.jclouds.aws.s3.AWSS3ClientLiveTest)
*** allocated new container adriancole-blobstore18...
 >> creating container in location [id=sa-east-1, scope=REGION, description=sa-east-1, parent=aws-s3, iso3166Codes=[BR-SP], metadata={}]
 << call complete.. checking
[TestNG] Test testPutString(org.jclouds.aws.s3.blobstore.integration.AWSS3InputStreamMapIntegrationLiveTest) succeeded: 18484ms
Test suite progress: tests succeeded: 80, failed: 0, skipped: 0.
Starting test testRemove(org.jclouds.aws.s3.blobstore.integration.AWSS3InputStreamMapIntegrationLiveTest)
*** allocated new container adriancole-blobstore1838...
[TestNG] Test testGetTwoRanges(org.jclouds.aws.s3.blobstore.integration.AWSS3BlobIntegrationLiveTest) succeeded: 17648ms
Test suite progress: tests succeeded: 81, failed: 0, skipped: 0.
Starting test testMetadata(org.jclouds.aws.s3.blobstore.integration.AWSS3BlobIntegrationLiveTest)
[TestNG] Test testMetadataWithCacheControlAndContentDisposition(org.jclouds.aws.s3.AWSS3ClientLiveTest) succeeded: 19567ms
Test suite progress: tests succeeded: 82, failed: 0, skipped: 0.
Starting test testPrivateAclIsDefaultForObject(org.jclouds.aws.s3.AWSS3ClientLiveTest)
*** allocated new container adriancole-blobstore0...
 >> creating container in location [id=ap-southeast-1, scope=REGION, description=ap-southeast-1, parent=aws-s3, iso3166Codes=[SG], metadata={}]
 << call complete.. checking
[TestNG] Test testRemove(org.jclouds.aws.s3.blobstore.integration.AWSS3InputStreamMapIntegrationLiveTest) succeeded: 20379ms
Test suite progress: tests succeeded: 83, failed: 0, skipped: 0.
Starting test testValues(org.jclouds.aws.s3.blobstore.integration.AWSS3InputStreamMapIntegrationLiveTest)
[TestNG] Test testPrivateAclIsDefaultForObject(org.jclouds.aws.s3.AWSS3ClientLiveTest) succeeded: 16810ms
Test suite progress: tests succeeded: 84, failed: 0, skipped: 0.
Starting test testPublicReadOnObject(org.jclouds.aws.s3.AWSS3ClientLiveTest)
[TestNG] Test testMetadata(org.jclouds.aws.s3.blobstore.integration.AWSS3BlobIntegrationLiveTest) succeeded: 19278ms
Test suite progress: tests succeeded: 85, failed: 0, skipped: 0.
Starting test testPutFileParallel(org.jclouds.aws.s3.blobstore.integration.AWSS3BlobIntegrationLiveTest)
*** allocated new container adriancole-blobstore040...
*** allocated new container adriancole-blobstore7...
 >> creating container in location [id=ap-northeast-1, scope=REGION, description=ap-northeast-1, parent=aws-s3, iso3166Codes=[JP-13], metadata={}]
 << call complete.. checking
[TestNG] Test testValues(org.jclouds.aws.s3.blobstore.integration.AWSS3InputStreamMapIntegrationLiveTest) succeeded: 29622ms
Test suite progress: tests succeeded: 86, failed: 0, skipped: 0.
Starting test testClear(org.jclouds.aws.s3.blobstore.integration.AWSS3InputStreamMapIntegrationLiveTest)
[TestNG] Test testPublicReadOnObject(org.jclouds.aws.s3.AWSS3ClientLiveTest) succeeded: 38898ms
Test suite progress: tests succeeded: 87, failed: 0, skipped: 0.
Starting test testPublicWriteOnObject(org.jclouds.aws.s3.AWSS3ClientLiveTest)
*** allocated new container adriancole-blobstore742...
[TestNG] Test testAllLocations(org.jclouds.aws.s3.blobstore.integration.AWSS3ServiceIntegrationLiveTest) succeeded: 171727ms
Test suite progress: tests succeeded: 88, failed: 0, skipped: 0.
Starting test testGetAssignableLocations(org.jclouds.aws.s3.blobstore.integration.AWSS3ServiceIntegrationLiveTest)
location [id=EU, scope=REGION, description=EU, parent=aws-s3, iso3166Codes=[IE], metadata={}]
location [id=us-standard, scope=REGION, description=us-standard, parent=aws-s3, iso3166Codes=[US], metadata={}]
location [id=us-west-1, scope=REGION, description=us-west-1, parent=aws-s3, iso3166Codes=[US-CA], metadata={}]
location [id=us-west-2, scope=REGION, description=us-west-2, parent=aws-s3, iso3166Codes=[US-OR], metadata={}]
location [id=sa-east-1, scope=REGION, description=sa-east-1, parent=aws-s3, iso3166Codes=[BR-SP], metadata={}]
location [id=ap-southeast-1, scope=REGION, description=ap-southeast-1, parent=aws-s3, iso3166Codes=[SG], metadata={}]
location [id=ap-northeast-1, scope=REGION, description=ap-northeast-1, parent=aws-s3, iso3166Codes=[JP-13], metadata={}]
[TestNG] Test testGetAssignableLocations(org.jclouds.aws.s3.blobstore.integration.AWSS3ServiceIntegrationLiveTest) succeeded: 1ms
Test suite progress: tests succeeded: 89, failed: 0, skipped: 0.
unable to delete container adriancole-blobstore742, ignoring...
java.lang.reflect.UndeclaredThrowableException
	at $Proxy76.deleteBucketIfEmpty(Unknown Source)
	at org.jclouds.s3.blobstore.S3BlobStore$2.get(S3BlobStore.java:175)
	at org.jclouds.s3.blobstore.S3BlobStore$2.get(S3BlobStore.java:172)
	at org.jclouds.util.Assertions.eventuallyTrue(Assertions.java:33)
	at org.jclouds.s3.blobstore.S3BlobStore.clearAndDeleteContainer(S3BlobStore.java:172)
	at org.jclouds.s3.blobstore.S3BlobStore.deleteContainer(S3BlobStore.java:163)
	at org.jclouds.blobstore.integration.internal.BaseBlobStoreIntegrationTest.deleteContainerOrWarnIfUnable(BaseBlobStoreIntegrationTest.java:162)
	at org.jclouds.blobstore.integration.internal.BaseBlobStoreIntegrationTest.access$700(BaseBlobStoreIntegrationTest.java:62)
	at org.jclouds.blobstore.integration.internal.BaseBlobStoreIntegrationTest$7.run(BaseBlobStoreIntegrationTest.java:419)
	at java.util.concurrent.Executors$RunnableAdapter.call(Executors.java:441)
	at java.util.concurrent.FutureTask$Sync.innerRun(FutureTask.java:303)
	at java.util.concurrent.FutureTask.run(FutureTask.java:138)
	at java.util.concurrent.ThreadPoolExecutor$Worker.runTask(ThreadPoolExecutor.java:886)
	at java.util.concurrent.ThreadPoolExecutor$Worker.run(ThreadPoolExecutor.java:908)
	at java.lang.Thread.run(Thread.java:680)
Caused by: java.lang.InterruptedException
	at java.util.concurrent.locks.AbstractQueuedSynchronizer.doAcquireSharedNanos(AbstractQueuedSynchronizer.java:1024)
	at java.util.concurrent.locks.AbstractQueuedSynchronizer.tryAcquireSharedNanos(AbstractQueuedSynchronizer.java:1303)
	at com.google.common.util.concurrent.AbstractFuture$Sync.get(AbstractFuture.java:258)
	at com.google.common.util.concurrent.AbstractFuture.get(AbstractFuture.java:91)
	at org.jclouds.concurrent.ExceptionParsingListenableFuture.get(ExceptionParsingListenableFuture.java:76)
	at org.jclouds.concurrent.internal.SyncProxy.invoke(SyncProxy.java:159)
	... 15 more
Exception in thread "user thread 0" java.lang.IllegalStateException: interrupted calling get() on [[method=AWSS3AsyncClient.deleteBucketIfEmpty, request=DELETE https://adriancole-blobstore742.s3-ap-northeast-1.amazonaws.com/ HTTP/1.1]], so could not run listeners
	at org.jclouds.concurrent.Futures$CallGetAndRunExecutionList.run(Futures.java:66)
	at java.util.concurrent.ThreadPoolExecutor$Worker.runTask(ThreadPoolExecutor.java:886)
	at java.util.concurrent.ThreadPoolExecutor$Worker.run(ThreadPoolExecutor.java:908)
	at java.lang.Thread.run(Thread.java:680)
Caused by: java.lang.InterruptedException
	at java.util.concurrent.locks.AbstractQueuedSynchronizer.doAcquireSharedInterruptibly(AbstractQueuedSynchronizer.java:979)
	at java.util.concurrent.locks.AbstractQueuedSynchronizer.acquireSharedInterruptibly(AbstractQueuedSynchronizer.java:1281)
	at java.util.concurrent.FutureTask$Sync.innerGet(FutureTask.java:218)
	at java.util.concurrent.FutureTask.get(FutureTask.java:83)
	at org.jclouds.concurrent.config.ExecutorServiceModule$DescribedFuture.get(ExecutorServiceModule.java:237)
	at org.jclouds.concurrent.Futures$CallGetAndRunExecutionList.run(Futures.java:59)
	... 3 more
Caused by: java.util.concurrent.ExecutionException: task submitted from the following trace
	at org.jclouds.concurrent.config.ExecutorServiceModule$DescribedFuture.ensureCauseHasSubmissionTrace(ExecutorServiceModule.java:270)
	at org.jclouds.concurrent.config.ExecutorServiceModule$DescribedFuture.get(ExecutorServiceModule.java:241)
	... 4 more
[TestNG] Test testClear(org.jclouds.aws.s3.blobstore.integration.AWSS3InputStreamMapIntegrationLiveTest) succeeded: 27841ms
Test suite progress: tests succeeded: 90, failed: 0, skipped: 0.
Starting test testContainsKey(org.jclouds.aws.s3.blobstore.integration.AWSS3InputStreamMapIntegrationLiveTest)
[TestNG] Test testPutFileParallel(org.jclouds.aws.s3.blobstore.integration.AWSS3BlobIntegrationLiveTest) succeeded: 48908ms
Test suite progress: tests succeeded: 91, failed: 0, skipped: 0.
Starting test testPutObject(org.jclouds.aws.s3.blobstore.integration.AWSS3BlobIntegrationLiveTest)
[TestNG] Test testPublicWriteOnObject(org.jclouds.aws.s3.AWSS3ClientLiveTest) succeeded: 18564ms
Test suite progress: tests succeeded: 92, failed: 0, skipped: 0.
Starting test testPutCannedAccessPolicyPublic(org.jclouds.aws.s3.AWSS3ClientLiveTest)
[TestNG] Test testContainsKey(org.jclouds.aws.s3.blobstore.integration.AWSS3InputStreamMapIntegrationLiveTest) succeeded: 17156ms
Test suite progress: tests succeeded: 93, failed: 0, skipped: 0.
Starting test testDirectory(org.jclouds.aws.s3.blobstore.integration.AWSS3InputStreamMapIntegrationLiveTest)
[TestNG] Test testPutObject(org.jclouds.aws.s3.blobstore.integration.AWSS3BlobIntegrationLiveTest) succeeded: 16477ms
Test suite progress: tests succeeded: 94, failed: 0, skipped: 0.
Starting test testPutObject(org.jclouds.aws.s3.blobstore.integration.AWSS3BlobIntegrationLiveTest)
[TestNG] Test testPutCannedAccessPolicyPublic(org.jclouds.aws.s3.AWSS3ClientLiveTest) succeeded: 19959ms
Test suite progress: tests succeeded: 95, failed: 0, skipped: 0.
Starting test testUpdateObjectACL(org.jclouds.aws.s3.AWSS3ClientLiveTest)
[TestNG] Test testPutObject(org.jclouds.aws.s3.blobstore.integration.AWSS3BlobIntegrationLiveTest) succeeded: 19776ms
Test suite progress: tests succeeded: 96, failed: 0, skipped: 0.
Starting test testPutObject(org.jclouds.aws.s3.blobstore.integration.AWSS3BlobIntegrationLiveTest)
[TestNG] Test testDirectory(org.jclouds.aws.s3.blobstore.integration.AWSS3InputStreamMapIntegrationLiveTest) succeeded: 33964ms
Test suite progress: tests succeeded: 97, failed: 0, skipped: 0.
Starting test testIsEmpty(org.jclouds.aws.s3.blobstore.integration.AWSS3InputStreamMapIntegrationLiveTest)
[TestNG] Test testUpdateObjectACL(org.jclouds.aws.s3.AWSS3ClientLiveTest) succeeded: 19132ms
Test suite progress: tests succeeded: 98, failed: 0, skipped: 0.
[TestNG] Test testPutObject(org.jclouds.aws.s3.blobstore.integration.AWSS3BlobIntegrationLiveTest) succeeded: 17051ms
Test suite progress: tests succeeded: 99, failed: 0, skipped: 0.
Starting test testPutObjectStream(org.jclouds.aws.s3.blobstore.integration.AWSS3BlobIntegrationLiveTest)
[TestNG] Test testIsEmpty(org.jclouds.aws.s3.blobstore.integration.AWSS3InputStreamMapIntegrationLiveTest) succeeded: 17324ms
Test suite progress: tests succeeded: 100, failed: 0, skipped: 0.
Starting test testKeySet(org.jclouds.aws.s3.blobstore.integration.AWSS3InputStreamMapIntegrationLiveTest)
[TestNG] Test testPutObjectStream(org.jclouds.aws.s3.blobstore.integration.AWSS3BlobIntegrationLiveTest) succeeded: 17461ms
Test suite progress: tests succeeded: 101, failed: 0, skipped: 0.
[TestNG] Test testKeySet(org.jclouds.aws.s3.blobstore.integration.AWSS3InputStreamMapIntegrationLiveTest) succeeded: 18964ms
Test suite progress: tests succeeded: 102, failed: 0, skipped: 0.
Starting test testListContainer(org.jclouds.aws.s3.blobstore.integration.AWSS3InputStreamMapIntegrationLiveTest)
[TestNG] Test testListContainer(org.jclouds.aws.s3.blobstore.integration.AWSS3InputStreamMapIntegrationLiveTest) succeeded: 19838ms
Test suite progress: tests succeeded: 103, failed: 0, skipped: 0.
Tests run: 103, Failures: 0, Errors: 0, Skipped: 0, Time elapsed: 701.114 sec

Results :

Tests run: 103, Failures: 0, Errors: 0, Skipped: 0

[INFO] 
[INFO] --- maven-install-plugin:2.3.1:install (default-install) @ aws-s3 ---
[INFO] Installing /Users/adriancole/workspace/git/jclouds/providers/aws-s3/target/aws-s3-1.5.0-SNAPSHOT.jar to /Users/adriancole/.m2/repository/org/jclouds/provider/aws-s3/1.5.0-SNAPSHOT/aws-s3-1.5.0-SNAPSHOT.jar
[INFO] Installing /Users/adriancole/workspace/git/jclouds/providers/aws-s3/pom.xml to /Users/adriancole/.m2/repository/org/jclouds/provider/aws-s3/1.5.0-SNAPSHOT/aws-s3-1.5.0-SNAPSHOT.pom
[INFO] Installing /Users/adriancole/workspace/git/jclouds/providers/aws-s3/target/aws-s3-1.5.0-SNAPSHOT-sources.jar to /Users/adriancole/.m2/repository/org/jclouds/provider/aws-s3/1.5.0-SNAPSHOT/aws-s3-1.5.0-SNAPSHOT-sources.jar
[INFO] Installing /Users/adriancole/workspace/git/jclouds/providers/aws-s3/target/aws-s3-1.5.0-SNAPSHOT-tests.jar to /Users/adriancole/.m2/repository/org/jclouds/provider/aws-s3/1.5.0-SNAPSHOT/aws-s3-1.5.0-SNAPSHOT-tests.jar
[INFO] 
[INFO] --- maven-bundle-plugin:2.3.7:install (default-install) @ aws-s3 ---
[INFO] Installing org/jclouds/provider/aws-s3/1.5.0-SNAPSHOT/aws-s3-1.5.0-SNAPSHOT.jar
[INFO] Writing OBR metadata
[INFO] ------------------------------------------------------------------------
[INFO] BUILD SUCCESS
[INFO] ------------------------------------------------------------------------
[INFO] Total time: 12:14.391s
[INFO] Finished at: Mon Apr 23 20:25:43 PDT 2012
[INFO] Final Memory: 22M/265M
[INFO] ------------------------------------------------------------------------
