-------------------------------------------------------------------------------
Test set: TestSuite
-------------------------------------------------------------------------------
Tests run: 99, Failures: 4, Errors: 0, Skipped: 2, Time elapsed: 322.334 sec <<< FAILURE!
testCreateBlobWithExpiry(org.jclouds.cloudfiles.blobstore.integration.CloudFilesBlobIntegrationLiveTest)  Time elapsed: 2.18 sec  <<< FAILURE!
java.lang.AssertionError: expires=null; expected=Thu Sep 20 01:40:37 UTC 2012
	at org.jclouds.blobstore.integration.internal.BaseBlobStoreIntegrationTest$7.run(BaseBlobStoreIntegrationTest.java:392)
	at org.jclouds.blobstore.integration.internal.BaseBlobStoreIntegrationTest.assertConsistencyAware(BaseBlobStoreIntegrationTest.java:216)
	at org.jclouds.blobstore.integration.internal.BaseBlobStoreIntegrationTest.assertConsistencyAware(BaseBlobStoreIntegrationTest.java:236)
	at org.jclouds.blobstore.integration.internal.BaseBlobStoreIntegrationTest.assertConsistencyAwareBlobExpiryMetadata(BaseBlobStoreIntegrationTest.java:387)
	at org.jclouds.blobstore.integration.internal.BaseBlobIntegrationTest.testCreateBlobWithExpiry(BaseBlobIntegrationTest.java:253)
	at sun.reflect.NativeMethodAccessorImpl.invoke0(Native Method)
	at sun.reflect.NativeMethodAccessorImpl.invoke(NativeMethodAccessorImpl.java:57)
	at sun.reflect.DelegatingMethodAccessorImpl.invoke(DelegatingMethodAccessorImpl.java:43)
	at java.lang.reflect.Method.invoke(Method.java:616)
	at org.testng.internal.MethodInvocationHelper.invokeMethod(MethodInvocationHelper.java:80)
	at org.testng.internal.Invoker.invokeMethod(Invoker.java:702)
	at org.testng.internal.Invoker.invokeTestMethod(Invoker.java:894)
	at org.testng.internal.Invoker.invokeTestMethods(Invoker.java:1219)
	at org.testng.internal.TestMethodWorker.invokeTestMethods(TestMethodWorker.java:127)
	at org.testng.internal.TestMethodWorker.run(TestMethodWorker.java:111)
	at org.testng.TestRunner.privateRun(TestRunner.java:768)
	at org.testng.TestRunner.run(TestRunner.java:617)
	at org.testng.SuiteRunner.runTest(SuiteRunner.java:334)
	at org.testng.SuiteRunner.access$000(SuiteRunner.java:37)
	at org.testng.SuiteRunner$SuiteWorker.run(SuiteRunner.java:368)
	at org.testng.internal.thread.ThreadUtil$2.call(ThreadUtil.java:64)
	at java.util.concurrent.FutureTask$Sync.innerRun(FutureTask.java:334)
	at java.util.concurrent.FutureTask.run(FutureTask.java:166)
	at java.util.concurrent.ThreadPoolExecutor.runWorker(ThreadPoolExecutor.java:1110)
	at java.util.concurrent.ThreadPoolExecutor$Worker.run(ThreadPoolExecutor.java:603)
	at java.lang.Thread.run(Thread.java:679)
testGetIfModifiedSince(org.jclouds.cloudfiles.blobstore.integration.CloudFilesBlobIntegrationLiveTest)  Time elapsed: 0.734 sec  <<< FAILURE!
org.jclouds.http.HttpResponseException: command: GET https://storage101.dfw1.clouddrive.com/v1/MossoCloudFS_5bcf396e-39dd-45ff-93a1-712b9aba90a9/root-blobstore3/apples HTTP/1.1 failed with response: HTTP/1.1 304 Not Modified; content: []
	at org.jclouds.openstack.swift.handlers.ParseSwiftErrorFromHttpResponse.handleError(ParseSwiftErrorFromHttpResponse.java:57)
	at org.jclouds.http.handlers.DelegatingErrorHandler.handleError(DelegatingErrorHandler.java:67)
	at org.jclouds.http.internal.BaseHttpCommandExecutorService$HttpResponseCallable.shouldContinue(BaseHttpCommandExecutorService.java:197)
	at org.jclouds.http.internal.BaseHttpCommandExecutorService$HttpResponseCallable.call(BaseHttpCommandExecutorService.java:167)
	at org.jclouds.http.internal.BaseHttpCommandExecutorService$HttpResponseCallable.call(BaseHttpCommandExecutorService.java:135)
	at java.util.concurrent.FutureTask$Sync.innerRun(FutureTask.java:334)
	at java.util.concurrent.FutureTask.run(FutureTask.java:166)
	at java.util.concurrent.ThreadPoolExecutor.runWorker(ThreadPoolExecutor.java:1110)
	at java.util.concurrent.ThreadPoolExecutor$Worker.run(ThreadPoolExecutor.java:603)
	at java.lang.Thread.run(Thread.java:679)
	at org.jclouds.concurrent.config.DescribingExecutorService.submit(DescribingExecutorService.java:89)
	at org.jclouds.http.internal.BaseHttpCommandExecutorService.submit(BaseHttpCommandExecutorService.java:132)
	at sun.reflect.GeneratedMethodAccessor7.invoke(Unknown Source)
	at sun.reflect.DelegatingMethodAccessorImpl.invoke(DelegatingMethodAccessorImpl.java:43)
	at java.lang.reflect.Method.invoke(Method.java:616)
	at com.google.inject.internal.DelegatingInvocationHandler.invoke(DelegatingInvocationHandler.java:37)
	at $Proxy56.submit(Unknown Source)
	at org.jclouds.http.TransformingHttpCommandExecutorServiceImpl.submit(TransformingHttpCommandExecutorServiceImpl.java:54)
	at org.jclouds.http.TransformingHttpCommandImpl.execute(TransformingHttpCommandImpl.java:73)
	at org.jclouds.rest.internal.AsyncRestClientProxy.createListenableFutureForHttpRequestMappedToMethodAndArgs(AsyncRestClientProxy.java:248)
	at org.jclouds.rest.internal.AsyncRestClientProxy.invoke(AsyncRestClientProxy.java:148)
	at $Proxy78.getObject(Unknown Source)
	at sun.reflect.GeneratedMethodAccessor13.invoke(Unknown Source)
	at sun.reflect.DelegatingMethodAccessorImpl.invoke(DelegatingMethodAccessorImpl.java:43)
	at java.lang.reflect.Method.invoke(Method.java:616)
	at org.jclouds.concurrent.internal.SyncProxy.invoke(SyncProxy.java:164)
	at $Proxy79.getObject(Unknown Source)
	at org.jclouds.openstack.swift.blobstore.SwiftBlobStore.getBlob(SwiftBlobStore.java:186)
	at sun.reflect.NativeMethodAccessorImpl.invoke0(Native Method)
	at sun.reflect.NativeMethodAccessorImpl.invoke(NativeMethodAccessorImpl.java:57)
	at sun.reflect.DelegatingMethodAccessorImpl.invoke(DelegatingMethodAccessorImpl.java:43)
	at java.lang.reflect.Method.invoke(Method.java:616)
	at com.google.inject.internal.DelegatingInvocationHandler.invoke(DelegatingInvocationHandler.java:37)
	at $Proxy83.getBlob(Unknown Source)
	at org.jclouds.blobstore.integration.internal.BaseBlobIntegrationTest.testGetIfModifiedSince(BaseBlobIntegrationTest.java:228)
	at sun.reflect.NativeMethodAccessorImpl.invoke0(Native Method)
	at sun.reflect.NativeMethodAccessorImpl.invoke(NativeMethodAccessorImpl.java:57)
	at sun.reflect.DelegatingMethodAccessorImpl.invoke(DelegatingMethodAccessorImpl.java:43)
	at java.lang.reflect.Method.invoke(Method.java:616)
	at org.testng.internal.MethodInvocationHelper.invokeMethod(MethodInvocationHelper.java:80)
	at org.testng.internal.Invoker.invokeMethod(Invoker.java:702)
	at org.testng.internal.Invoker.invokeTestMethod(Invoker.java:894)
	at org.testng.internal.Invoker.invokeTestMethods(Invoker.java:1219)
	at org.testng.internal.TestMethodWorker.invokeTestMethods(TestMethodWorker.java:127)
	at org.testng.internal.TestMethodWorker.run(TestMethodWorker.java:111)
	at org.testng.TestRunner.privateRun(TestRunner.java:768)
	at org.testng.TestRunner.run(TestRunner.java:617)
	at org.testng.SuiteRunner.runTest(SuiteRunner.java:334)
	at org.testng.SuiteRunner.access$000(SuiteRunner.java:37)
	at org.testng.SuiteRunner$SuiteWorker.run(SuiteRunner.java:368)
	at org.testng.internal.thread.ThreadUtil$2.call(ThreadUtil.java:64)
	at java.util.concurrent.FutureTask$Sync.innerRun(FutureTask.java:334)
	at java.util.concurrent.FutureTask.run(FutureTask.java:166)
	at java.util.concurrent.ThreadPoolExecutor.runWorker(ThreadPoolExecutor.java:1110)
	at java.util.concurrent.ThreadPoolExecutor$Worker.run(ThreadPoolExecutor.java:603)
	at java.lang.Thread.run(Thread.java:679)
	at org.jclouds.concurrent.config.DescribingExecutorService.submit(DescribingExecutorService.java:89)
	at org.jclouds.http.internal.BaseHttpCommandExecutorService.submit(BaseHttpCommandExecutorService.java:132)
	at sun.reflect.GeneratedMethodAccessor7.invoke(Unknown Source)
	at sun.reflect.DelegatingMethodAccessorImpl.invoke(DelegatingMethodAccessorImpl.java:43)
	at java.lang.reflect.Method.invoke(Method.java:616)
	at com.google.inject.internal.DelegatingInvocationHandler.invoke(DelegatingInvocationHandler.java:37)
	at $Proxy56.submit(Unknown Source)
	at org.jclouds.http.TransformingHttpCommandExecutorServiceImpl.submit(TransformingHttpCommandExecutorServiceImpl.java:54)
	at org.jclouds.http.TransformingHttpCommandImpl.execute(TransformingHttpCommandImpl.java:73)
	at org.jclouds.rest.internal.AsyncRestClientProxy.createListenableFutureForHttpRequestMappedToMethodAndArgs(AsyncRestClientProxy.java:248)
	at org.jclouds.rest.internal.AsyncRestClientProxy.invoke(AsyncRestClientProxy.java:148)
	at $Proxy78.getObject(Unknown Source)
	at sun.reflect.GeneratedMethodAccessor13.invoke(Unknown Source)
	at sun.reflect.DelegatingMethodAccessorImpl.invoke(DelegatingMethodAccessorImpl.java:43)
	at java.lang.reflect.Method.invoke(Method.java:616)
	at org.jclouds.concurrent.internal.SyncProxy.invoke(SyncProxy.java:164)
	at $Proxy79.getObject(Unknown Source)
	at org.jclouds.openstack.swift.blobstore.SwiftBlobStore.getBlob(SwiftBlobStore.java:186)
	at sun.reflect.NativeMethodAccessorImpl.invoke0(Native Method)
	at sun.reflect.NativeMethodAccessorImpl.invoke(NativeMethodAccessorImpl.java:57)
	at sun.reflect.DelegatingMethodAccessorImpl.invoke(DelegatingMethodAccessorImpl.java:43)
	at java.lang.reflect.Method.invoke(Method.java:616)
	at com.google.inject.internal.DelegatingInvocationHandler.invoke(DelegatingInvocationHandler.java:37)
	at $Proxy83.getBlob(Unknown Source)
	at org.jclouds.blobstore.integration.internal.BaseBlobIntegrationTest.testGetIfModifiedSince(BaseBlobIntegrationTest.java:228)
	at sun.reflect.NativeMethodAccessorImpl.invoke0(Native Method)
	at sun.reflect.NativeMethodAccessorImpl.invoke(NativeMethodAccessorImpl.java:57)
	at sun.reflect.DelegatingMethodAccessorImpl.invoke(DelegatingMethodAccessorImpl.java:43)
	at java.lang.reflect.Method.invoke(Method.java:616)
	at org.testng.internal.MethodInvocationHelper.invokeMethod(MethodInvocationHelper.java:80)
	at org.testng.internal.Invoker.invokeMethod(Invoker.java:702)
	at org.testng.internal.Invoker.invokeTestMethod(Invoker.java:894)
	at org.testng.internal.Invoker.invokeTestMethods(Invoker.java:1219)
	at org.testng.internal.TestMethodWorker.invokeTestMethods(TestMethodWorker.java:127)
	at org.testng.internal.TestMethodWorker.run(TestMethodWorker.java:111)
	at org.testng.TestRunner.privateRun(TestRunner.java:768)
	at org.testng.TestRunner.run(TestRunner.java:617)
	at org.testng.SuiteRunner.runTest(SuiteRunner.java:334)
	at org.testng.SuiteRunner.access$000(SuiteRunner.java:37)
	at org.testng.SuiteRunner$SuiteWorker.run(SuiteRunner.java:368)
	at org.testng.internal.thread.ThreadUtil$2.call(ThreadUtil.java:64)
	at java.util.concurrent.FutureTask$Sync.innerRun(FutureTask.java:334)
	at java.util.concurrent.FutureTask.run(FutureTask.java:166)
	at java.util.concurrent.ThreadPoolExecutor.runWorker(ThreadPoolExecutor.java:1110)
	at java.util.concurrent.ThreadPoolExecutor$Worker.run(ThreadPoolExecutor.java:603)
	at java.lang.Thread.run(Thread.java:679)
testSignGetUrlWithTime(org.jclouds.cloudfiles.blobstore.integration.CloudFilesBlobSignerLiveTest)  Time elapsed: 4.63 sec  <<< FAILURE!
java.lang.AssertionError: Temporary URL did not expire as expected
	at org.testng.Assert.fail(Assert.java:89)
	at org.jclouds.blobstore.integration.internal.BaseBlobSignerLiveTest.testSignGetUrlWithTime(BaseBlobSignerLiveTest.java:99)
	at sun.reflect.NativeMethodAccessorImpl.invoke0(Native Method)
	at sun.reflect.NativeMethodAccessorImpl.invoke(NativeMethodAccessorImpl.java:57)
	at sun.reflect.DelegatingMethodAccessorImpl.invoke(DelegatingMethodAccessorImpl.java:43)
	at java.lang.reflect.Method.invoke(Method.java:616)
	at org.testng.internal.MethodInvocationHelper.invokeMethod(MethodInvocationHelper.java:80)
	at org.testng.internal.Invoker.invokeMethod(Invoker.java:702)
	at org.testng.internal.Invoker.invokeTestMethod(Invoker.java:894)
	at org.testng.internal.Invoker.invokeTestMethods(Invoker.java:1219)
	at org.testng.internal.TestMethodWorker.invokeTestMethods(TestMethodWorker.java:127)
	at org.testng.internal.TestMethodWorker.run(TestMethodWorker.java:111)
	at org.testng.TestRunner.privateRun(TestRunner.java:768)
	at org.testng.TestRunner.run(TestRunner.java:617)
	at org.testng.SuiteRunner.runTest(SuiteRunner.java:334)
	at org.testng.SuiteRunner.access$000(SuiteRunner.java:37)
	at org.testng.SuiteRunner$SuiteWorker.run(SuiteRunner.java:368)
	at org.testng.internal.thread.ThreadUtil$2.call(ThreadUtil.java:64)
	at java.util.concurrent.FutureTask$Sync.innerRun(FutureTask.java:334)
	at java.util.concurrent.FutureTask.run(FutureTask.java:166)
	at java.util.concurrent.ThreadPoolExecutor.runWorker(ThreadPoolExecutor.java:1110)
	at java.util.concurrent.ThreadPoolExecutor$Worker.run(ThreadPoolExecutor.java:603)
	at java.lang.Thread.run(Thread.java:679)
testSignPutUrlWithTime(org.jclouds.cloudfiles.blobstore.integration.CloudFilesBlobSignerLiveTest)  Time elapsed: 4.867 sec  <<< FAILURE!
java.lang.AssertionError: Temporary URL did not expire as expected
	at org.testng.Assert.fail(Assert.java:89)
	at org.jclouds.blobstore.integration.internal.BaseBlobSignerLiveTest.testSignPutUrlWithTime(BaseBlobSignerLiveTest.java:146)
	at sun.reflect.NativeMethodAccessorImpl.invoke0(Native Method)
	at sun.reflect.NativeMethodAccessorImpl.invoke(NativeMethodAccessorImpl.java:57)
	at sun.reflect.DelegatingMethodAccessorImpl.invoke(DelegatingMethodAccessorImpl.java:43)
	at java.lang.reflect.Method.invoke(Method.java:616)
	at org.testng.internal.MethodInvocationHelper.invokeMethod(MethodInvocationHelper.java:80)
	at org.testng.internal.Invoker.invokeMethod(Invoker.java:702)
	at org.testng.internal.Invoker.invokeTestMethod(Invoker.java:894)
	at org.testng.internal.Invoker.invokeTestMethods(Invoker.java:1219)
	at org.testng.internal.TestMethodWorker.invokeTestMethods(TestMethodWorker.java:127)
	at org.testng.internal.TestMethodWorker.run(TestMethodWorker.java:111)
	at org.testng.TestRunner.privateRun(TestRunner.java:768)
	at org.testng.TestRunner.run(TestRunner.java:617)
	at org.testng.SuiteRunner.runTest(SuiteRunner.java:334)
	at org.testng.SuiteRunner.access$000(SuiteRunner.java:37)
	at org.testng.SuiteRunner$SuiteWorker.run(SuiteRunner.java:368)
	at org.testng.internal.thread.ThreadUtil$2.call(ThreadUtil.java:64)
	at java.util.concurrent.FutureTask$Sync.innerRun(FutureTask.java:334)
	at java.util.concurrent.FutureTask.run(FutureTask.java:166)
	at java.util.concurrent.ThreadPoolExecutor.runWorker(ThreadPoolExecutor.java:1110)
	at java.util.concurrent.ThreadPoolExecutor$Worker.run(ThreadPoolExecutor.java:603)
	at java.lang.Thread.run(Thread.java:679)
