[INFO] Scanning for projects...
[WARNING] 
[WARNING] Some problems were encountered while building the effective model for org.jclouds.provider:elastichosts-lon-p:bundle:1.5.0-SNAPSHOT
[WARNING] 'parent.relativePath' of POM org.jclouds:jclouds-project:1.5.0-SNAPSHOT (/Users/adriancole/workspace/git/jclouds/project/pom.xml) points at org.jclouds:jclouds-multi instead of org.sonatype.oss:oss-parent, please verify your project structure @ org.jclouds:jclouds-project:1.5.0-SNAPSHOT, /Users/adriancole/workspace/git/jclouds/project/pom.xml, line 24, column 13
[WARNING] 
[WARNING] It is highly recommended to fix these problems because they threaten the stability of your build.
[WARNING] 
[WARNING] For this reason, future Maven versions might no longer support building such malformed projects.
[WARNING] 
[INFO]                                                                         
[INFO] ------------------------------------------------------------------------
[INFO] Building jclouds ElasticHosts Peer1 London provider 1.5.0-SNAPSHOT
[INFO] ------------------------------------------------------------------------
[INFO] 
[INFO] --- maven-clean-plugin:2.4.1:clean (default-clean) @ elastichosts-lon-p ---
[INFO] Deleting /Users/adriancole/workspace/git/jclouds/providers/elastichosts-lon-p/target
[INFO] 
[INFO] --- maven-enforcer-plugin:1.1:enforce (enforce-maven) @ elastichosts-lon-p ---
[INFO] 
[INFO] --- maven-enforcer-plugin:1.1:enforce (enforce-banned-dependencies) @ elastichosts-lon-p ---
[INFO] 
[INFO] --- maven-enforcer-plugin:1.1:enforce (enforce-java) @ elastichosts-lon-p ---
[INFO] 
[INFO] --- maven-remote-resources-plugin:1.3:process (process-remote-resources) @ elastichosts-lon-p ---
[INFO] 
[INFO] --- maven-resources-plugin:2.5:resources (default-resources) @ elastichosts-lon-p ---
[debug] execute contextualize
[INFO] Using 'UTF-8' encoding to copy filtered resources.
[INFO] skip non existing resourceDirectory /Users/adriancole/workspace/git/jclouds/providers/elastichosts-lon-p/src/main/clojure
[INFO] Copying 2 resources
[INFO] Copying 2 resources
[INFO] 
[INFO] --- maven-compiler-plugin:2.5:compile (default-compile) @ elastichosts-lon-p ---
[INFO] Compiling 1 source file to /Users/adriancole/workspace/git/jclouds/providers/elastichosts-lon-p/target/classes
[INFO] 
[INFO] --- maven-resources-plugin:2.5:testResources (default-testResources) @ elastichosts-lon-p ---
[debug] execute contextualize
[INFO] Using 'UTF-8' encoding to copy filtered resources.
[INFO] skip non existing resourceDirectory /Users/adriancole/workspace/git/jclouds/providers/elastichosts-lon-p/src/test/clojure
[INFO] skip non existing resourceDirectory /Users/adriancole/workspace/git/jclouds/providers/elastichosts-lon-p/src/test/resources
[INFO] Copying 2 resources
[INFO] 
[INFO] --- maven-compiler-plugin:2.5:testCompile (default-testCompile) @ elastichosts-lon-p ---
[INFO] Compiling 4 source files to /Users/adriancole/workspace/git/jclouds/providers/elastichosts-lon-p/target/test-classes
[INFO] 
[INFO] --- maven-surefire-plugin:2.12:test (default-test) @ elastichosts-lon-p ---
[INFO] Surefire report directory: /Users/adriancole/workspace/git/jclouds/providers/elastichosts-lon-p/target/surefire-reports

-------------------------------------------------------
 T E S T S
-------------------------------------------------------
Running org.jclouds.elastichosts.ElasticHostsPeer1LondonProviderTest
Configuring TestNG with: org.apache.maven.surefire.testng.conf.TestNGMapConfigurator@41fc2fb
Starting test testAllContains(org.jclouds.elastichosts.ElasticHostsPeer1LondonProviderTest)
Starting test testOfApiContains(org.jclouds.elastichosts.ElasticHostsPeer1LondonProviderTest)
Starting test testTransformableToContains(org.jclouds.elastichosts.ElasticHostsPeer1LondonProviderTest)
Starting test testWithId(org.jclouds.elastichosts.ElasticHostsPeer1LondonProviderTest)
[pool-2-thread-1] Test testAllContains(org.jclouds.elastichosts.ElasticHostsPeer1LondonProviderTest) succeeded: 37ms
Test suite progress: tests succeeded: 1, failed: 0, skipped: 0.
[pool-2-thread-3] Test testTransformableToContains(org.jclouds.elastichosts.ElasticHostsPeer1LondonProviderTest) succeeded: 26ms
Test suite progress: tests succeeded: 2, failed: 0, skipped: 0.
[pool-2-thread-2] Test testOfApiContains(org.jclouds.elastichosts.ElasticHostsPeer1LondonProviderTest) succeeded: 28ms
Test suite progress: tests succeeded: 3, failed: 0, skipped: 0.
[pool-2-thread-4] Test testWithId(org.jclouds.elastichosts.ElasticHostsPeer1LondonProviderTest) succeeded: 26ms
Test suite progress: tests succeeded: 4, failed: 0, skipped: 0.
Tests run: 4, Failures: 0, Errors: 0, Skipped: 0, Time elapsed: 1.286 sec

Results :

Tests run: 4, Failures: 0, Errors: 0, Skipped: 0

[INFO] 
[INFO] --- maven-bundle-plugin:2.3.7:bundle (default-bundle) @ elastichosts-lon-p ---
[INFO] 
[INFO] --- maven-jar-plugin:2.4:test-jar (default) @ elastichosts-lon-p ---
[INFO] Building jar: /Users/adriancole/workspace/git/jclouds/providers/elastichosts-lon-p/target/elastichosts-lon-p-1.5.0-SNAPSHOT-tests.jar
[INFO] 
[INFO] --- maven-surefire-plugin:2.12:test (integration) @ elastichosts-lon-p ---
[INFO] Surefire report directory: /Users/adriancole/workspace/git/jclouds/providers/elastichosts-lon-p/target/surefire-reports

-------------------------------------------------------
 T E S T S
-------------------------------------------------------
Running TestSuite
Configuring TestNG with: org.apache.maven.surefire.testng.conf.TestNGMapConfigurator@4de13d52
Starting test testCompareSizes(org.jclouds.elastichosts.compute.ElasticHostsPeer1LondonTemplateBuilderLiveTest)
Starting test setServiceDefaults(org.jclouds.elastichosts.compute.ElasticHostsPeer1LondonComputeServiceLiveTest)
[TestNG] Test setServiceDefaults(org.jclouds.elastichosts.compute.ElasticHostsPeer1LondonComputeServiceLiveTest) succeeded: 0ms
Test suite progress: tests succeeded: 1, failed: 0, skipped: 0.
Starting test testCompareSizes(org.jclouds.elastichosts.compute.ElasticHostsPeer1LondonComputeServiceLiveTest)
Starting test testCreateDrive(org.jclouds.elastichosts.ElasticHostsPeer1LondonClientLiveTest)
smallest {id=cpu=1000.000000,ram=512,disk=1.000000, providerId=cpu=1000.000000,ram=512,disk=1.000000, processors=[{cores=1.0, speed=1000.0}], ram=512, volumes=[{type=LOCAL, size=1.0, bootDevice=true, durable=true}], hypervisor=kvm, supportsImage=sizeLessThanOrEqual(1.0)}
fastest {id=cpu=20000.000000,ram=512,disk=20.000000, providerId=cpu=20000.000000,ram=512,disk=20.000000, processors=[{cores=1.0, speed=20000.0}], ram=512, volumes=[{type=LOCAL, size=20.0, bootDevice=true, durable=true}], hypervisor=kvm, supportsImage=sizeLessThanOrEqual(20.0)}
biggest {id=cpu=20000.000000,ram=8192,disk=20.000000, providerId=cpu=20000.000000,ram=8192,disk=20.000000, processors=[{cores=1.0, speed=20000.0}], ram=8192, volumes=[{type=LOCAL, size=20.0, bootDevice=true, durable=true}], hypervisor=kvm, supportsImage=sizeLessThanOrEqual(20.0)}
[TestNG] Test testCompareSizes(org.jclouds.elastichosts.compute.ElasticHostsPeer1LondonTemplateBuilderLiveTest) succeeded: 10737ms
Test suite progress: tests succeeded: 2, failed: 0, skipped: 0.
Starting test testDefaultTemplateBuilder(org.jclouds.elastichosts.compute.ElasticHostsPeer1LondonTemplateBuilderLiveTest)
Sep 16, 2012 8:55:35 PM org.jclouds.compute.internal.BaseComputeServiceLiveTest testCompareSizes
INFO: smallest {id=cpu=1000.000000,ram=512,disk=1.000000, providerId=cpu=1000.000000,ram=512,disk=1.000000, processors=[{cores=1.0, speed=1000.0}], ram=512, volumes=[{type=LOCAL, size=1.0, bootDevice=true, durable=true}], hypervisor=kvm, supportsImage=sizeLessThanOrEqual(1.0)}
[TestNG] Test testDefaultTemplateBuilder(org.jclouds.elastichosts.compute.ElasticHostsPeer1LondonTemplateBuilderLiveTest) succeeded: 4ms
Test suite progress: tests succeeded: 3, failed: 0, skipped: 0.
Starting test testFromTemplate(org.jclouds.elastichosts.compute.ElasticHostsPeer1LondonTemplateBuilderLiveTest)
[TestNG] Test testFromTemplate(org.jclouds.elastichosts.compute.ElasticHostsPeer1LondonTemplateBuilderLiveTest) succeeded: 12ms
Test suite progress: tests succeeded: 4, failed: 0, skipped: 0.
Starting test testGetAssignableLocations(org.jclouds.elastichosts.compute.ElasticHostsPeer1LondonTemplateBuilderLiveTest)
Sep 16, 2012 8:55:35 PM org.jclouds.compute.internal.BaseComputeServiceLiveTest testCompareSizes
INFO: fastest {id=cpu=20000.000000,ram=512,disk=20.000000, providerId=cpu=20000.000000,ram=512,disk=20.000000, processors=[{cores=1.0, speed=20000.0}], ram=512, volumes=[{type=LOCAL, size=20.0, bootDevice=true, durable=true}], hypervisor=kvm, supportsImage=sizeLessThanOrEqual(20.0)}
Sep 16, 2012 8:55:35 PM org.jclouds.compute.internal.BaseComputeServiceLiveTest testCompareSizes
INFO: biggest {id=cpu=20000.000000,ram=8192,disk=20.000000, providerId=cpu=20000.000000,ram=8192,disk=20.000000, processors=[{cores=1.0, speed=20000.0}], ram=8192, volumes=[{type=LOCAL, size=20.0, bootDevice=true, durable=true}], hypervisor=kvm, supportsImage=sizeLessThanOrEqual(20.0)}
[TestNG] Test testCompareSizes(org.jclouds.elastichosts.compute.ElasticHostsPeer1LondonComputeServiceLiveTest) succeeded: 10316ms
Test suite progress: tests succeeded: 5, failed: 0, skipped: 0.
Starting test testCorrectExceptionRunningNodesNotFound(org.jclouds.elastichosts.compute.ElasticHostsPeer1LondonComputeServiceLiveTest)
location {scope=PROVIDER, id=elastichosts-lon-p, description=https://api-lon-p.elastichosts.com, iso3166Codes=[GB-LND]}
[TestNG] Test testGetAssignableLocations(org.jclouds.elastichosts.compute.ElasticHostsPeer1LondonTemplateBuilderLiveTest) succeeded: 16ms
Test suite progress: tests succeeded: 6, failed: 0, skipped: 0.
Starting test testTemplateBuilderCanFind(org.jclouds.elastichosts.compute.ElasticHostsPeer1LondonTemplateBuilderLiveTest)
[TestNG] Test testTemplateBuilderCanFind(org.jclouds.elastichosts.compute.ElasticHostsPeer1LondonTemplateBuilderLiveTest) succeeded: 3ms
Test suite progress: tests succeeded: 7, failed: 0, skipped: 0.
Starting test testTemplateBuilderCanFind(org.jclouds.elastichosts.compute.ElasticHostsPeer1LondonTemplateBuilderLiveTest)
[TestNG] Test testTemplateBuilderCanFind(org.jclouds.elastichosts.compute.ElasticHostsPeer1LondonTemplateBuilderLiveTest) succeeded: 3ms
Test suite progress: tests succeeded: 8, failed: 0, skipped: 0.
Starting test testTemplateBuilderCanFind(org.jclouds.elastichosts.compute.ElasticHostsPeer1LondonTemplateBuilderLiveTest)
[TestNG] Test testTemplateBuilderCanFind(org.jclouds.elastichosts.compute.ElasticHostsPeer1LondonTemplateBuilderLiveTest) succeeded: 2ms
Test suite progress: tests succeeded: 9, failed: 0, skipped: 0.
Starting test testTemplateBuilderCanFind(org.jclouds.elastichosts.compute.ElasticHostsPeer1LondonTemplateBuilderLiveTest)
[TestNG] Test testTemplateBuilderCanFind(org.jclouds.elastichosts.compute.ElasticHostsPeer1LondonTemplateBuilderLiveTest) succeeded: 3ms
Test suite progress: tests succeeded: 10, failed: 0, skipped: 0.
Starting test testTemplateBuilderCanFind(org.jclouds.elastichosts.compute.ElasticHostsPeer1LondonTemplateBuilderLiveTest)
[TestNG] Test testTemplateBuilderCanFind(org.jclouds.elastichosts.compute.ElasticHostsPeer1LondonTemplateBuilderLiveTest) succeeded: 3ms
Test suite progress: tests succeeded: 11, failed: 0, skipped: 0.
Starting test testTemplateBuilderCanFind(org.jclouds.elastichosts.compute.ElasticHostsPeer1LondonTemplateBuilderLiveTest)
[TestNG] Test testTemplateBuilderCanFind(org.jclouds.elastichosts.compute.ElasticHostsPeer1LondonTemplateBuilderLiveTest) succeeded: 4ms
Test suite progress: tests succeeded: 12, failed: 0, skipped: 0.
Starting test testTemplateBuilderCanFind(org.jclouds.elastichosts.compute.ElasticHostsPeer1LondonTemplateBuilderLiveTest)
[TestNG] Test testTemplateBuilderCanFind(org.jclouds.elastichosts.compute.ElasticHostsPeer1LondonTemplateBuilderLiveTest) succeeded: 2ms
Test suite progress: tests succeeded: 13, failed: 0, skipped: 0.
Starting test testTemplateBuilderCanFind(org.jclouds.elastichosts.compute.ElasticHostsPeer1LondonTemplateBuilderLiveTest)
[TestNG] Test testTemplateBuilderCanFind(org.jclouds.elastichosts.compute.ElasticHostsPeer1LondonTemplateBuilderLiveTest) succeeded: 3ms
Test suite progress: tests succeeded: 14, failed: 0, skipped: 0.
Starting test testTemplateBuilderCanFind(org.jclouds.elastichosts.compute.ElasticHostsPeer1LondonTemplateBuilderLiveTest)
[TestNG] Test testTemplateBuilderCanFind(org.jclouds.elastichosts.compute.ElasticHostsPeer1LondonTemplateBuilderLiveTest) succeeded: 3ms
Test suite progress: tests succeeded: 15, failed: 0, skipped: 0.
Starting test testTemplateBuilderCanFind(org.jclouds.elastichosts.compute.ElasticHostsPeer1LondonTemplateBuilderLiveTest)
[TestNG] Test testTemplateBuilderCanFind(org.jclouds.elastichosts.compute.ElasticHostsPeer1LondonTemplateBuilderLiveTest) succeeded: 3ms
Test suite progress: tests succeeded: 16, failed: 0, skipped: 0.
Starting test testTemplateBuilderCanUseImageId(org.jclouds.elastichosts.compute.ElasticHostsPeer1LondonTemplateBuilderLiveTest)
[TestNG] Test testCorrectExceptionRunningNodesNotFound(org.jclouds.elastichosts.compute.ElasticHostsPeer1LondonComputeServiceLiveTest) succeeded: 1091ms
Test suite progress: tests succeeded: 17, failed: 0, skipped: 0.
Starting test testGetAssignableLocations(org.jclouds.elastichosts.compute.ElasticHostsPeer1LondonComputeServiceLiveTest)
Sep 16, 2012 8:55:36 PM org.jclouds.compute.internal.BaseComputeServiceLiveTest testGetAssignableLocations
WARNING: location {scope=PROVIDER, id=elastichosts-lon-p, description=https://api-lon-p.elastichosts.com, iso3166Codes=[GB-LND]}
[TestNG] Test testGetAssignableLocations(org.jclouds.elastichosts.compute.ElasticHostsPeer1LondonComputeServiceLiveTest) succeeded: 1ms
Test suite progress: tests succeeded: 18, failed: 0, skipped: 0.
Starting test testImageById(org.jclouds.elastichosts.compute.ElasticHostsPeer1LondonComputeServiceLiveTest)
[TestNG] Test testImageById(org.jclouds.elastichosts.compute.ElasticHostsPeer1LondonComputeServiceLiveTest) succeeded: 1041ms
Test suite progress: tests succeeded: 19, failed: 0, skipped: 0.
Starting test testImagesCache(org.jclouds.elastichosts.compute.ElasticHostsPeer1LondonComputeServiceLiveTest)
[TestNG] Test testImagesCache(org.jclouds.elastichosts.compute.ElasticHostsPeer1LondonComputeServiceLiveTest) succeeded: 1ms
Test suite progress: tests succeeded: 20, failed: 0, skipped: 0.
Starting test testListImages(org.jclouds.elastichosts.compute.ElasticHostsPeer1LondonComputeServiceLiveTest)
[TestNG] Test testListImages(org.jclouds.elastichosts.compute.ElasticHostsPeer1LondonComputeServiceLiveTest) succeeded: 0ms
Test suite progress: tests succeeded: 21, failed: 0, skipped: 0.
Starting test testListSizes(org.jclouds.elastichosts.compute.ElasticHostsPeer1LondonComputeServiceLiveTest)
[TestNG] Test testListSizes(org.jclouds.elastichosts.compute.ElasticHostsPeer1LondonComputeServiceLiveTest) succeeded: 1ms
Test suite progress: tests succeeded: 22, failed: 0, skipped: 0.
Starting test testOptionToNotBlock(org.jclouds.elastichosts.compute.ElasticHostsPeer1LondonComputeServiceLiveTest)
[TestNG] Test testOptionToNotBlock(org.jclouds.elastichosts.compute.ElasticHostsPeer1LondonComputeServiceLiveTest) succeeded: 0ms
Test suite progress: tests succeeded: 23, failed: 0, skipped: 0.
Starting test testCreateAndRunAService(org.jclouds.elastichosts.compute.ElasticHostsPeer1LondonComputeServiceLiveTest)
[TestNG] Test testTemplateBuilderCanUseImageId(org.jclouds.elastichosts.compute.ElasticHostsPeer1LondonTemplateBuilderLiveTest) succeeded: 9801ms
Test suite progress: tests succeeded: 24, failed: 0, skipped: 0.
Starting test testTemplateBuilderCannotFind(org.jclouds.elastichosts.compute.ElasticHostsPeer1LondonTemplateBuilderLiveTest)
[TestNG] Test testTemplateBuilderCannotFind(org.jclouds.elastichosts.compute.ElasticHostsPeer1LondonTemplateBuilderLiveTest) succeeded: 3ms
Test suite progress: tests succeeded: 25, failed: 0, skipped: 0.
Starting test testTemplateBuilderCannotFind(org.jclouds.elastichosts.compute.ElasticHostsPeer1LondonTemplateBuilderLiveTest)
[TestNG] Test testTemplateBuilderCannotFind(org.jclouds.elastichosts.compute.ElasticHostsPeer1LondonTemplateBuilderLiveTest) succeeded: 2ms
Test suite progress: tests succeeded: 26, failed: 0, skipped: 0.
Starting test testTemplateBuilderCannotFind(org.jclouds.elastichosts.compute.ElasticHostsPeer1LondonTemplateBuilderLiveTest)
[TestNG] Test testTemplateBuilderCannotFind(org.jclouds.elastichosts.compute.ElasticHostsPeer1LondonTemplateBuilderLiveTest) succeeded: 3ms
Test suite progress: tests succeeded: 27, failed: 0, skipped: 0.
Starting test testTemplateBuilderCannotFind(org.jclouds.elastichosts.compute.ElasticHostsPeer1LondonTemplateBuilderLiveTest)
[TestNG] Test testTemplateBuilderCannotFind(org.jclouds.elastichosts.compute.ElasticHostsPeer1LondonTemplateBuilderLiveTest) succeeded: 1ms
Test suite progress: tests succeeded: 28, failed: 0, skipped: 0.
Starting test testTemplateBuilderCannotFind(org.jclouds.elastichosts.compute.ElasticHostsPeer1LondonTemplateBuilderLiveTest)
[TestNG] Test testTemplateBuilderCannotFind(org.jclouds.elastichosts.compute.ElasticHostsPeer1LondonTemplateBuilderLiveTest) succeeded: 1ms
Test suite progress: tests succeeded: 29, failed: 0, skipped: 0.
Starting test testTemplateBuilderCannotFind(org.jclouds.elastichosts.compute.ElasticHostsPeer1LondonTemplateBuilderLiveTest)
[TestNG] Test testTemplateBuilderCannotFind(org.jclouds.elastichosts.compute.ElasticHostsPeer1LondonTemplateBuilderLiveTest) succeeded: 1ms
Test suite progress: tests succeeded: 30, failed: 0, skipped: 0.
Starting test testTemplateBuilderCannotFind(org.jclouds.elastichosts.compute.ElasticHostsPeer1LondonTemplateBuilderLiveTest)
[TestNG] Test testTemplateBuilderCannotFind(org.jclouds.elastichosts.compute.ElasticHostsPeer1LondonTemplateBuilderLiveTest) succeeded: 1ms
Test suite progress: tests succeeded: 31, failed: 0, skipped: 0.
Starting test testTemplateBuilderCannotFind(org.jclouds.elastichosts.compute.ElasticHostsPeer1LondonTemplateBuilderLiveTest)
[TestNG] Test testTemplateBuilderCannotFind(org.jclouds.elastichosts.compute.ElasticHostsPeer1LondonTemplateBuilderLiveTest) succeeded: 0ms
Test suite progress: tests succeeded: 32, failed: 0, skipped: 0.
Starting test testTemplateBuilderCannotFind(org.jclouds.elastichosts.compute.ElasticHostsPeer1LondonTemplateBuilderLiveTest)
[TestNG] Test testTemplateBuilderCannotFind(org.jclouds.elastichosts.compute.ElasticHostsPeer1LondonTemplateBuilderLiveTest) succeeded: 1ms
Test suite progress: tests succeeded: 33, failed: 0, skipped: 0.
Starting test testTemplateBuilderCannotFind(org.jclouds.elastichosts.compute.ElasticHostsPeer1LondonTemplateBuilderLiveTest)
[TestNG] Test testTemplateBuilderCannotFind(org.jclouds.elastichosts.compute.ElasticHostsPeer1LondonTemplateBuilderLiveTest) succeeded: 0ms
Test suite progress: tests succeeded: 34, failed: 0, skipped: 0.
Starting test testTemplateBuilderCannotFind(org.jclouds.elastichosts.compute.ElasticHostsPeer1LondonTemplateBuilderLiveTest)
[TestNG] Test testTemplateBuilderCannotFind(org.jclouds.elastichosts.compute.ElasticHostsPeer1LondonTemplateBuilderLiveTest) succeeded: 1ms
Test suite progress: tests succeeded: 35, failed: 0, skipped: 0.
Starting test testTemplateBuilderCannotFind(org.jclouds.elastichosts.compute.ElasticHostsPeer1LondonTemplateBuilderLiveTest)
[TestNG] Test testTemplateBuilderCannotFind(org.jclouds.elastichosts.compute.ElasticHostsPeer1LondonTemplateBuilderLiveTest) succeeded: 4ms
Test suite progress: tests succeeded: 36, failed: 0, skipped: 0.
Starting test testTemplateBuilderCannotFind(org.jclouds.elastichosts.compute.ElasticHostsPeer1LondonTemplateBuilderLiveTest)
[TestNG] Test testTemplateBuilderCannotFind(org.jclouds.elastichosts.compute.ElasticHostsPeer1LondonTemplateBuilderLiveTest) succeeded: 2ms
Test suite progress: tests succeeded: 37, failed: 0, skipped: 0.
Starting test testTemplateBuilderCannotFind(org.jclouds.elastichosts.compute.ElasticHostsPeer1LondonTemplateBuilderLiveTest)
[TestNG] Test testTemplateBuilderCannotFind(org.jclouds.elastichosts.compute.ElasticHostsPeer1LondonTemplateBuilderLiveTest) succeeded: 1ms
Test suite progress: tests succeeded: 38, failed: 0, skipped: 0.
Starting test testTemplateBuilderCannotFind(org.jclouds.elastichosts.compute.ElasticHostsPeer1LondonTemplateBuilderLiveTest)
[TestNG] Test testTemplateBuilderCannotFind(org.jclouds.elastichosts.compute.ElasticHostsPeer1LondonTemplateBuilderLiveTest) succeeded: 2ms
Test suite progress: tests succeeded: 39, failed: 0, skipped: 0.
Starting test testTemplateBuilderCannotFind(org.jclouds.elastichosts.compute.ElasticHostsPeer1LondonTemplateBuilderLiveTest)
[TestNG] Test testTemplateBuilderCannotFind(org.jclouds.elastichosts.compute.ElasticHostsPeer1LondonTemplateBuilderLiveTest) succeeded: 1ms
Test suite progress: tests succeeded: 40, failed: 0, skipped: 0.
Starting test testTemplateBuilderCannotFind(org.jclouds.elastichosts.compute.ElasticHostsPeer1LondonTemplateBuilderLiveTest)
[TestNG] Test testTemplateBuilderCannotFind(org.jclouds.elastichosts.compute.ElasticHostsPeer1LondonTemplateBuilderLiveTest) succeeded: 1ms
Test suite progress: tests succeeded: 41, failed: 0, skipped: 0.
Starting test testTemplateBuilderCannotFind(org.jclouds.elastichosts.compute.ElasticHostsPeer1LondonTemplateBuilderLiveTest)
[TestNG] Test testTemplateBuilderCannotFind(org.jclouds.elastichosts.compute.ElasticHostsPeer1LondonTemplateBuilderLiveTest) succeeded: 1ms
Test suite progress: tests succeeded: 42, failed: 0, skipped: 0.
Starting test testTemplateBuilderCannotFind(org.jclouds.elastichosts.compute.ElasticHostsPeer1LondonTemplateBuilderLiveTest)
[TestNG] Test testTemplateBuilderCannotFind(org.jclouds.elastichosts.compute.ElasticHostsPeer1LondonTemplateBuilderLiveTest) succeeded: 2ms
Test suite progress: tests succeeded: 43, failed: 0, skipped: 0.
Starting test testTemplateBuilderCannotFind(org.jclouds.elastichosts.compute.ElasticHostsPeer1LondonTemplateBuilderLiveTest)
[TestNG] Test testTemplateBuilderCannotFind(org.jclouds.elastichosts.compute.ElasticHostsPeer1LondonTemplateBuilderLiveTest) succeeded: 0ms
Test suite progress: tests succeeded: 44, failed: 0, skipped: 0.
Starting test testTemplateBuilderCannotFind(org.jclouds.elastichosts.compute.ElasticHostsPeer1LondonTemplateBuilderLiveTest)
[TestNG] Test testTemplateBuilderCannotFind(org.jclouds.elastichosts.compute.ElasticHostsPeer1LondonTemplateBuilderLiveTest) succeeded: 1ms
Test suite progress: tests succeeded: 45, failed: 0, skipped: 0.
Starting test testTemplateBuilderCannotFind(org.jclouds.elastichosts.compute.ElasticHostsPeer1LondonTemplateBuilderLiveTest)
[TestNG] Test testTemplateBuilderCannotFind(org.jclouds.elastichosts.compute.ElasticHostsPeer1LondonTemplateBuilderLiveTest) succeeded: 1ms
Test suite progress: tests succeeded: 46, failed: 0, skipped: 0.
Starting test testTemplateBuilderCannotFind(org.jclouds.elastichosts.compute.ElasticHostsPeer1LondonTemplateBuilderLiveTest)
[TestNG] Test testTemplateBuilderCannotFind(org.jclouds.elastichosts.compute.ElasticHostsPeer1LondonTemplateBuilderLiveTest) succeeded: 1ms
Test suite progress: tests succeeded: 47, failed: 0, skipped: 0.
Starting test testTemplateBuilderCannotFind(org.jclouds.elastichosts.compute.ElasticHostsPeer1LondonTemplateBuilderLiveTest)
[TestNG] Test testTemplateBuilderCannotFind(org.jclouds.elastichosts.compute.ElasticHostsPeer1LondonTemplateBuilderLiveTest) succeeded: 1ms
Test suite progress: tests succeeded: 48, failed: 0, skipped: 0.
Starting test testTemplateBuilderCannotFind(org.jclouds.elastichosts.compute.ElasticHostsPeer1LondonTemplateBuilderLiveTest)
[TestNG] Test testTemplateBuilderCannotFind(org.jclouds.elastichosts.compute.ElasticHostsPeer1LondonTemplateBuilderLiveTest) succeeded: 1ms
Test suite progress: tests succeeded: 49, failed: 0, skipped: 0.
Starting test testTemplateBuilderCannotFind(org.jclouds.elastichosts.compute.ElasticHostsPeer1LondonTemplateBuilderLiveTest)
[TestNG] Test testTemplateBuilderCannotFind(org.jclouds.elastichosts.compute.ElasticHostsPeer1LondonTemplateBuilderLiveTest) succeeded: 1ms
Test suite progress: tests succeeded: 50, failed: 0, skipped: 0.
Starting test testTemplateBuilderCannotFind(org.jclouds.elastichosts.compute.ElasticHostsPeer1LondonTemplateBuilderLiveTest)
[TestNG] Test testTemplateBuilderCannotFind(org.jclouds.elastichosts.compute.ElasticHostsPeer1LondonTemplateBuilderLiveTest) succeeded: 1ms
Test suite progress: tests succeeded: 51, failed: 0, skipped: 0.
Starting test testTemplateBuilderCannotFind(org.jclouds.elastichosts.compute.ElasticHostsPeer1LondonTemplateBuilderLiveTest)
[TestNG] Test testTemplateBuilderCannotFind(org.jclouds.elastichosts.compute.ElasticHostsPeer1LondonTemplateBuilderLiveTest) succeeded: 1ms
Test suite progress: tests succeeded: 52, failed: 0, skipped: 0.
Starting test testTemplateBuilderCannotFind(org.jclouds.elastichosts.compute.ElasticHostsPeer1LondonTemplateBuilderLiveTest)
[TestNG] Test testTemplateBuilderCannotFind(org.jclouds.elastichosts.compute.ElasticHostsPeer1LondonTemplateBuilderLiveTest) succeeded: 1ms
Test suite progress: tests succeeded: 53, failed: 0, skipped: 0.
Starting test testTemplateBuilderCannotFind(org.jclouds.elastichosts.compute.ElasticHostsPeer1LondonTemplateBuilderLiveTest)
[TestNG] Test testTemplateBuilderCannotFind(org.jclouds.elastichosts.compute.ElasticHostsPeer1LondonTemplateBuilderLiveTest) succeeded: 2ms
Test suite progress: tests succeeded: 54, failed: 0, skipped: 0.
Starting test testTemplateBuilderCannotFind(org.jclouds.elastichosts.compute.ElasticHostsPeer1LondonTemplateBuilderLiveTest)
[TestNG] Test testTemplateBuilderCannotFind(org.jclouds.elastichosts.compute.ElasticHostsPeer1LondonTemplateBuilderLiveTest) succeeded: 2ms
Test suite progress: tests succeeded: 55, failed: 0, skipped: 0.
Starting test testTemplateBuilderCannotFind(org.jclouds.elastichosts.compute.ElasticHostsPeer1LondonTemplateBuilderLiveTest)
[TestNG] Test testTemplateBuilderCannotFind(org.jclouds.elastichosts.compute.ElasticHostsPeer1LondonTemplateBuilderLiveTest) succeeded: 2ms
Test suite progress: tests succeeded: 56, failed: 0, skipped: 0.
Starting test testTemplateBuilderCannotFind(org.jclouds.elastichosts.compute.ElasticHostsPeer1LondonTemplateBuilderLiveTest)
[TestNG] Test testTemplateBuilderCannotFind(org.jclouds.elastichosts.compute.ElasticHostsPeer1LondonTemplateBuilderLiveTest) succeeded: 1ms
Test suite progress: tests succeeded: 57, failed: 0, skipped: 0.
Starting test testTemplateBuilderCannotFind(org.jclouds.elastichosts.compute.ElasticHostsPeer1LondonTemplateBuilderLiveTest)
[TestNG] Test testTemplateBuilderCannotFind(org.jclouds.elastichosts.compute.ElasticHostsPeer1LondonTemplateBuilderLiveTest) succeeded: 1ms
Test suite progress: tests succeeded: 58, failed: 0, skipped: 0.
Starting test testTemplateBuilderCannotFind(org.jclouds.elastichosts.compute.ElasticHostsPeer1LondonTemplateBuilderLiveTest)
[TestNG] Test testTemplateBuilderCannotFind(org.jclouds.elastichosts.compute.ElasticHostsPeer1LondonTemplateBuilderLiveTest) succeeded: 1ms
Test suite progress: tests succeeded: 59, failed: 0, skipped: 0.
Starting test testTemplateBuilderCannotFind(org.jclouds.elastichosts.compute.ElasticHostsPeer1LondonTemplateBuilderLiveTest)
[TestNG] Test testTemplateBuilderCannotFind(org.jclouds.elastichosts.compute.ElasticHostsPeer1LondonTemplateBuilderLiveTest) succeeded: 1ms
Test suite progress: tests succeeded: 60, failed: 0, skipped: 0.
Starting test testTemplateBuilderCannotFind(org.jclouds.elastichosts.compute.ElasticHostsPeer1LondonTemplateBuilderLiveTest)
[TestNG] Test testTemplateBuilderCannotFind(org.jclouds.elastichosts.compute.ElasticHostsPeer1LondonTemplateBuilderLiveTest) succeeded: 0ms
Test suite progress: tests succeeded: 61, failed: 0, skipped: 0.
Starting test testTemplateBuilderCannotFind(org.jclouds.elastichosts.compute.ElasticHostsPeer1LondonTemplateBuilderLiveTest)
[TestNG] Test testTemplateBuilderCannotFind(org.jclouds.elastichosts.compute.ElasticHostsPeer1LondonTemplateBuilderLiveTest) succeeded: 2ms
Test suite progress: tests succeeded: 62, failed: 0, skipped: 0.
Starting test testTemplateBuilderCannotFind(org.jclouds.elastichosts.compute.ElasticHostsPeer1LondonTemplateBuilderLiveTest)
[TestNG] Test testTemplateBuilderCannotFind(org.jclouds.elastichosts.compute.ElasticHostsPeer1LondonTemplateBuilderLiveTest) succeeded: 1ms
Test suite progress: tests succeeded: 63, failed: 0, skipped: 0.
Starting test testTemplateBuilderCannotFind(org.jclouds.elastichosts.compute.ElasticHostsPeer1LondonTemplateBuilderLiveTest)
[TestNG] Test testTemplateBuilderCannotFind(org.jclouds.elastichosts.compute.ElasticHostsPeer1LondonTemplateBuilderLiveTest) succeeded: 1ms
Test suite progress: tests succeeded: 64, failed: 0, skipped: 0.
Starting test testTemplateBuilderCannotFind(org.jclouds.elastichosts.compute.ElasticHostsPeer1LondonTemplateBuilderLiveTest)
[TestNG] Test testTemplateBuilderCannotFind(org.jclouds.elastichosts.compute.ElasticHostsPeer1LondonTemplateBuilderLiveTest) succeeded: 1ms
Test suite progress: tests succeeded: 65, failed: 0, skipped: 0.
Starting test testTemplateBuilderCannotFind(org.jclouds.elastichosts.compute.ElasticHostsPeer1LondonTemplateBuilderLiveTest)
[TestNG] Test testTemplateBuilderCannotFind(org.jclouds.elastichosts.compute.ElasticHostsPeer1LondonTemplateBuilderLiveTest) succeeded: 1ms
Test suite progress: tests succeeded: 66, failed: 0, skipped: 0.
Starting test testTemplateBuilderCannotFind(org.jclouds.elastichosts.compute.ElasticHostsPeer1LondonTemplateBuilderLiveTest)
[TestNG] Test testTemplateBuilderCannotFind(org.jclouds.elastichosts.compute.ElasticHostsPeer1LondonTemplateBuilderLiveTest) succeeded: 1ms
Test suite progress: tests succeeded: 67, failed: 0, skipped: 0.
Starting test testTemplateBuilderCannotFind(org.jclouds.elastichosts.compute.ElasticHostsPeer1LondonTemplateBuilderLiveTest)
[TestNG] Test testTemplateBuilderCannotFind(org.jclouds.elastichosts.compute.ElasticHostsPeer1LondonTemplateBuilderLiveTest) succeeded: 1ms
Test suite progress: tests succeeded: 68, failed: 0, skipped: 0.
Starting test testTemplateBuilderCannotFind(org.jclouds.elastichosts.compute.ElasticHostsPeer1LondonTemplateBuilderLiveTest)
[TestNG] Test testTemplateBuilderCannotFind(org.jclouds.elastichosts.compute.ElasticHostsPeer1LondonTemplateBuilderLiveTest) succeeded: 0ms
Test suite progress: tests succeeded: 69, failed: 0, skipped: 0.
Starting test testTemplateBuilderCannotFind(org.jclouds.elastichosts.compute.ElasticHostsPeer1LondonTemplateBuilderLiveTest)
[TestNG] Test testTemplateBuilderCannotFind(org.jclouds.elastichosts.compute.ElasticHostsPeer1LondonTemplateBuilderLiveTest) succeeded: 2ms
Test suite progress: tests succeeded: 70, failed: 0, skipped: 0.
Starting test testTemplateBuilderCannotFind(org.jclouds.elastichosts.compute.ElasticHostsPeer1LondonTemplateBuilderLiveTest)
[TestNG] Test testTemplateBuilderCannotFind(org.jclouds.elastichosts.compute.ElasticHostsPeer1LondonTemplateBuilderLiveTest) succeeded: 0ms
Test suite progress: tests succeeded: 71, failed: 0, skipped: 0.
Starting test testTemplateBuilderCannotFind(org.jclouds.elastichosts.compute.ElasticHostsPeer1LondonTemplateBuilderLiveTest)
[TestNG] Test testTemplateBuilderCannotFind(org.jclouds.elastichosts.compute.ElasticHostsPeer1LondonTemplateBuilderLiveTest) succeeded: 0ms
Test suite progress: tests succeeded: 72, failed: 0, skipped: 0.
Starting test testTemplateBuilderCannotFind(org.jclouds.elastichosts.compute.ElasticHostsPeer1LondonTemplateBuilderLiveTest)
[TestNG] Test testTemplateBuilderCannotFind(org.jclouds.elastichosts.compute.ElasticHostsPeer1LondonTemplateBuilderLiveTest) succeeded: 9ms
Test suite progress: tests succeeded: 73, failed: 0, skipped: 0.
Starting test testTemplateBuilderCannotFind(org.jclouds.elastichosts.compute.ElasticHostsPeer1LondonTemplateBuilderLiveTest)
[TestNG] Test testTemplateBuilderCannotFind(org.jclouds.elastichosts.compute.ElasticHostsPeer1LondonTemplateBuilderLiveTest) succeeded: 3ms
Test suite progress: tests succeeded: 74, failed: 0, skipped: 0.
Starting test testTemplateBuilderCannotFind(org.jclouds.elastichosts.compute.ElasticHostsPeer1LondonTemplateBuilderLiveTest)
[TestNG] Test testTemplateBuilderCannotFind(org.jclouds.elastichosts.compute.ElasticHostsPeer1LondonTemplateBuilderLiveTest) succeeded: 1ms
Test suite progress: tests succeeded: 75, failed: 0, skipped: 0.
Starting test testTemplateBuilderCannotFind(org.jclouds.elastichosts.compute.ElasticHostsPeer1LondonTemplateBuilderLiveTest)
[TestNG] Test testTemplateBuilderCannotFind(org.jclouds.elastichosts.compute.ElasticHostsPeer1LondonTemplateBuilderLiveTest) succeeded: 0ms
Test suite progress: tests succeeded: 76, failed: 0, skipped: 0.
Starting test testTemplateBuilderCannotFind(org.jclouds.elastichosts.compute.ElasticHostsPeer1LondonTemplateBuilderLiveTest)
[TestNG] Test testTemplateBuilderCannotFind(org.jclouds.elastichosts.compute.ElasticHostsPeer1LondonTemplateBuilderLiveTest) succeeded: 0ms
Test suite progress: tests succeeded: 77, failed: 0, skipped: 0.
Starting test testTemplateBuilderCannotFind(org.jclouds.elastichosts.compute.ElasticHostsPeer1LondonTemplateBuilderLiveTest)
[TestNG] Test testTemplateBuilderCannotFind(org.jclouds.elastichosts.compute.ElasticHostsPeer1LondonTemplateBuilderLiveTest) succeeded: 1ms
Test suite progress: tests succeeded: 78, failed: 0, skipped: 0.
Starting test testTemplateBuilderCannotFind(org.jclouds.elastichosts.compute.ElasticHostsPeer1LondonTemplateBuilderLiveTest)
[TestNG] Test testTemplateBuilderCannotFind(org.jclouds.elastichosts.compute.ElasticHostsPeer1LondonTemplateBuilderLiveTest) succeeded: 1ms
Test suite progress: tests succeeded: 79, failed: 0, skipped: 0.
Starting test testTemplateBuilderCannotFind(org.jclouds.elastichosts.compute.ElasticHostsPeer1LondonTemplateBuilderLiveTest)
[TestNG] Test testTemplateBuilderCannotFind(org.jclouds.elastichosts.compute.ElasticHostsPeer1LondonTemplateBuilderLiveTest) succeeded: 0ms
Test suite progress: tests succeeded: 80, failed: 0, skipped: 0.
Starting test testTemplateBuilderCannotFind(org.jclouds.elastichosts.compute.ElasticHostsPeer1LondonTemplateBuilderLiveTest)
[TestNG] Test testTemplateBuilderCannotFind(org.jclouds.elastichosts.compute.ElasticHostsPeer1LondonTemplateBuilderLiveTest) succeeded: 0ms
Test suite progress: tests succeeded: 81, failed: 0, skipped: 0.
Starting test testTemplateBuilderCannotFind(org.jclouds.elastichosts.compute.ElasticHostsPeer1LondonTemplateBuilderLiveTest)
[TestNG] Test testTemplateBuilderCannotFind(org.jclouds.elastichosts.compute.ElasticHostsPeer1LondonTemplateBuilderLiveTest) succeeded: 1ms
Test suite progress: tests succeeded: 82, failed: 0, skipped: 0.
Starting test testTemplateBuilderCannotFind(org.jclouds.elastichosts.compute.ElasticHostsPeer1LondonTemplateBuilderLiveTest)
[TestNG] Test testTemplateBuilderCannotFind(org.jclouds.elastichosts.compute.ElasticHostsPeer1LondonTemplateBuilderLiveTest) succeeded: 1ms
Test suite progress: tests succeeded: 83, failed: 0, skipped: 0.
Starting test testTemplateBuilderCannotFind(org.jclouds.elastichosts.compute.ElasticHostsPeer1LondonTemplateBuilderLiveTest)
[TestNG] Test testTemplateBuilderCannotFind(org.jclouds.elastichosts.compute.ElasticHostsPeer1LondonTemplateBuilderLiveTest) succeeded: 0ms
Test suite progress: tests succeeded: 84, failed: 0, skipped: 0.
Starting test testTemplateBuilderCannotFind(org.jclouds.elastichosts.compute.ElasticHostsPeer1LondonTemplateBuilderLiveTest)
[TestNG] Test testTemplateBuilderCannotFind(org.jclouds.elastichosts.compute.ElasticHostsPeer1LondonTemplateBuilderLiveTest) succeeded: 1ms
Test suite progress: tests succeeded: 85, failed: 0, skipped: 0.
Starting test testTemplateBuilderCannotFind(org.jclouds.elastichosts.compute.ElasticHostsPeer1LondonTemplateBuilderLiveTest)
[TestNG] Test testTemplateBuilderCannotFind(org.jclouds.elastichosts.compute.ElasticHostsPeer1LondonTemplateBuilderLiveTest) succeeded: 1ms
Test suite progress: tests succeeded: 86, failed: 0, skipped: 0.
Starting test testTemplateBuilderCannotFind(org.jclouds.elastichosts.compute.ElasticHostsPeer1LondonTemplateBuilderLiveTest)
[TestNG] Test testTemplateBuilderCannotFind(org.jclouds.elastichosts.compute.ElasticHostsPeer1LondonTemplateBuilderLiveTest) succeeded: 1ms
Test suite progress: tests succeeded: 87, failed: 0, skipped: 0.
Starting test testTemplateBuilderCannotFind(org.jclouds.elastichosts.compute.ElasticHostsPeer1LondonTemplateBuilderLiveTest)
[TestNG] Test testTemplateBuilderCannotFind(org.jclouds.elastichosts.compute.ElasticHostsPeer1LondonTemplateBuilderLiveTest) succeeded: 0ms
Test suite progress: tests succeeded: 88, failed: 0, skipped: 0.
Starting test testTemplateBuilderCannotFind(org.jclouds.elastichosts.compute.ElasticHostsPeer1LondonTemplateBuilderLiveTest)
[TestNG] Test testTemplateBuilderCannotFind(org.jclouds.elastichosts.compute.ElasticHostsPeer1LondonTemplateBuilderLiveTest) succeeded: 1ms
Test suite progress: tests succeeded: 89, failed: 0, skipped: 0.
Starting test testTemplateBuilderCannotFind(org.jclouds.elastichosts.compute.ElasticHostsPeer1LondonTemplateBuilderLiveTest)
[TestNG] Test testTemplateBuilderCannotFind(org.jclouds.elastichosts.compute.ElasticHostsPeer1LondonTemplateBuilderLiveTest) succeeded: 1ms
Test suite progress: tests succeeded: 90, failed: 0, skipped: 0.
Starting test testTemplateBuilderCannotFind(org.jclouds.elastichosts.compute.ElasticHostsPeer1LondonTemplateBuilderLiveTest)
[TestNG] Test testTemplateBuilderCannotFind(org.jclouds.elastichosts.compute.ElasticHostsPeer1LondonTemplateBuilderLiveTest) succeeded: 1ms
Test suite progress: tests succeeded: 91, failed: 0, skipped: 0.
Starting test testTemplateBuilderCannotFind(org.jclouds.elastichosts.compute.ElasticHostsPeer1LondonTemplateBuilderLiveTest)
[TestNG] Test testTemplateBuilderCannotFind(org.jclouds.elastichosts.compute.ElasticHostsPeer1LondonTemplateBuilderLiveTest) succeeded: 0ms
Test suite progress: tests succeeded: 92, failed: 0, skipped: 0.
Starting test testTemplateBuilderCannotFind(org.jclouds.elastichosts.compute.ElasticHostsPeer1LondonTemplateBuilderLiveTest)
[TestNG] Test testTemplateBuilderCannotFind(org.jclouds.elastichosts.compute.ElasticHostsPeer1LondonTemplateBuilderLiveTest) succeeded: 0ms
Test suite progress: tests succeeded: 93, failed: 0, skipped: 0.
Starting test testTemplateBuilderCannotFind(org.jclouds.elastichosts.compute.ElasticHostsPeer1LondonTemplateBuilderLiveTest)
[TestNG] Test testTemplateBuilderCannotFind(org.jclouds.elastichosts.compute.ElasticHostsPeer1LondonTemplateBuilderLiveTest) succeeded: 1ms
Test suite progress: tests succeeded: 94, failed: 0, skipped: 0.
Starting test testTemplateBuilderCannotFind(org.jclouds.elastichosts.compute.ElasticHostsPeer1LondonTemplateBuilderLiveTest)
[TestNG] Test testTemplateBuilderCannotFind(org.jclouds.elastichosts.compute.ElasticHostsPeer1LondonTemplateBuilderLiveTest) succeeded: 1ms
Test suite progress: tests succeeded: 95, failed: 0, skipped: 0.
Starting test testTemplateBuilderCannotFind(org.jclouds.elastichosts.compute.ElasticHostsPeer1LondonTemplateBuilderLiveTest)
[TestNG] Test testTemplateBuilderCannotFind(org.jclouds.elastichosts.compute.ElasticHostsPeer1LondonTemplateBuilderLiveTest) succeeded: 0ms
Test suite progress: tests succeeded: 96, failed: 0, skipped: 0.
Starting test testTemplateBuilderCannotFind(org.jclouds.elastichosts.compute.ElasticHostsPeer1LondonTemplateBuilderLiveTest)
[TestNG] Test testTemplateBuilderCannotFind(org.jclouds.elastichosts.compute.ElasticHostsPeer1LondonTemplateBuilderLiveTest) succeeded: 0ms
Test suite progress: tests succeeded: 97, failed: 0, skipped: 0.
Starting test testTemplateBuilderCannotFind(org.jclouds.elastichosts.compute.ElasticHostsPeer1LondonTemplateBuilderLiveTest)
[TestNG] Test testTemplateBuilderCannotFind(org.jclouds.elastichosts.compute.ElasticHostsPeer1LondonTemplateBuilderLiveTest) succeeded: 1ms
Test suite progress: tests succeeded: 98, failed: 0, skipped: 0.
Starting test testTemplateBuilderWithImageIdSpecified(org.jclouds.elastichosts.compute.ElasticHostsPeer1LondonTemplateBuilderLiveTest)
[TestNG] Test testCreateDrive(org.jclouds.elastichosts.ElasticHostsPeer1LondonClientLiveTest) succeeded: 13942ms
Test suite progress: tests succeeded: 99, failed: 0, skipped: 0.
Starting test testGetDrive(org.jclouds.elastichosts.ElasticHostsPeer1LondonClientLiveTest)
[TestNG] Test testGetDrive(org.jclouds.elastichosts.ElasticHostsPeer1LondonClientLiveTest) succeeded: 3721ms
Test suite progress: tests succeeded: 100, failed: 0, skipped: 0.
Starting test testGetServer(org.jclouds.elastichosts.ElasticHostsPeer1LondonClientLiveTest)
[TestNG] Test testGetServer(org.jclouds.elastichosts.ElasticHostsPeer1LondonClientLiveTest) succeeded: 895ms
Test suite progress: tests succeeded: 101, failed: 0, skipped: 0.
Starting test testListDriveInfo(org.jclouds.elastichosts.ElasticHostsPeer1LondonClientLiveTest)
[TestNG] Test testListDriveInfo(org.jclouds.elastichosts.ElasticHostsPeer1LondonClientLiveTest) succeeded: 987ms
Test suite progress: tests succeeded: 102, failed: 0, skipped: 0.
Starting test testListDrives(org.jclouds.elastichosts.ElasticHostsPeer1LondonClientLiveTest)
[TestNG] Test testListDrives(org.jclouds.elastichosts.ElasticHostsPeer1LondonClientLiveTest) succeeded: 977ms
Test suite progress: tests succeeded: 103, failed: 0, skipped: 0.
Starting test testListServers(org.jclouds.elastichosts.ElasticHostsPeer1LondonClientLiveTest)
[TestNG] Test testListServers(org.jclouds.elastichosts.ElasticHostsPeer1LondonClientLiveTest) succeeded: 15708ms
Test suite progress: tests succeeded: 104, failed: 0, skipped: 0.
Starting test testWeCanReadAndWriteToDrive(org.jclouds.elastichosts.ElasticHostsPeer1LondonClientLiveTest)
[TestNG] Test testTemplateBuilderWithImageIdSpecified(org.jclouds.elastichosts.compute.ElasticHostsPeer1LondonTemplateBuilderLiveTest) succeeded: 39186ms
Test suite progress: tests succeeded: 105, failed: 0, skipped: 0.
Starting test testTemplateBuilderWithLoginUserSpecified(org.jclouds.elastichosts.compute.ElasticHostsPeer1LondonTemplateBuilderLiveTest)
[TestNG] Test testTemplateBuilderWithLoginUserSpecified(org.jclouds.elastichosts.compute.ElasticHostsPeer1LondonTemplateBuilderLiveTest) succeeded: 22084ms
Test suite progress: tests succeeded: 106, failed: 0, skipped: 0.
Starting test testTemplateBuilder(org.jclouds.elastichosts.compute.ElasticHostsPeer1LondonTemplateBuilderLiveTest)
[TestNG] Test testTemplateBuilder(org.jclouds.elastichosts.compute.ElasticHostsPeer1LondonTemplateBuilderLiveTest) succeeded: 9ms
Test suite progress: tests succeeded: 107, failed: 0, skipped: 0.
[TestNG] Test testWeCanReadAndWriteToDrive(org.jclouds.elastichosts.ElasticHostsPeer1LondonClientLiveTest) succeeded: 55557ms
Test suite progress: tests succeeded: 108, failed: 0, skipped: 0.
Starting test testListServerInfo(org.jclouds.elastichosts.ElasticHostsPeer1LondonClientLiveTest)
[TestNG] Test testListServerInfo(org.jclouds.elastichosts.ElasticHostsPeer1LondonClientLiveTest) succeeded: 968ms
Test suite progress: tests succeeded: 109, failed: 0, skipped: 0.
Starting test testSetDriveData(org.jclouds.elastichosts.ElasticHostsPeer1LondonClientLiveTest)
[TestNG] Test testSetDriveData(org.jclouds.elastichosts.ElasticHostsPeer1LondonClientLiveTest) succeeded: 2591ms
Test suite progress: tests succeeded: 110, failed: 0, skipped: 0.
Starting test testWeCopyADriveContentsViaGzip(org.jclouds.elastichosts.ElasticHostsPeer1LondonClientLiveTest)
Sep 16, 2012 8:57:14 PM org.jclouds.compute.internal.BaseComputeServiceLiveTest createAndRunAServiceInGroup
INFO: << available node(c0b03da5-c8d2-42f3-a890-4a9c56cba514) os({family=ubuntu, name=Ubuntu Linux 11.10, version=11.10, description=OLD img/Ubuntu Linux 11.10/1, is64Bit=true}) in 96s
SLF4J: Failed to load class "org.slf4j.impl.StaticLoggerBinder".
SLF4J: Defaulting to no-operation (NOP) logger implementation
SLF4J: See http://www.slf4j.org/codes.html#StaticLoggerBinder for further details.
before image; drive 2[size=4194304, claimType=exclusive, readers=[], uuid=7c58c9df-8be0-4733-9df3-68d099a471a1, name=adriancole.test2, tags=[], userMetadata={}, status=active, user=2f6244eb-50bc-4403-847e-f03cc3706a1f, claimed=[], encryptionCipher=aes-xts-plain, imaging=null, metrics=[readBytes=0, readRequests=0, writeBytes=0, writeRequests=0]]
before image; drive 3[size=4194304, claimType=exclusive, readers=[], uuid=d5402242-8e3d-4001-8a0a-9788ab2293f4, name=adriancole.test3, tags=[], userMetadata={}, status=active, user=2f6244eb-50bc-4403-847e-f03cc3706a1f, claimed=[], encryptionCipher=aes-xts-plain, imaging=null, metrics=[readBytes=0, readRequests=0, writeBytes=0, writeRequests=0]]
after image; drive 2[size=4194304, claimType=exclusive, readers=[], uuid=7c58c9df-8be0-4733-9df3-68d099a471a1, name=adriancole.test2, tags=[], userMetadata={}, status=active, user=2f6244eb-50bc-4403-847e-f03cc3706a1f, claimed=[], encryptionCipher=aes-xts-plain, imaging=null, metrics=[readBytes=0, readRequests=0, writeBytes=0, writeRequests=0]]
after image; drive 3[size=4194304, claimType=exclusive, readers=[], uuid=d5402242-8e3d-4001-8a0a-9788ab2293f4, name=adriancole.test3, tags=[], userMetadata={}, status=active, user=2f6244eb-50bc-4403-847e-f03cc3706a1f, claimed=[], encryptionCipher=aes-xts-plain, imaging=null, metrics=[readBytes=0, readRequests=0, writeBytes=0, writeRequests=0]]
[TestNG] Test testWeCopyADriveContentsViaGzip(org.jclouds.elastichosts.ElasticHostsPeer1LondonClientLiveTest) succeeded: 24682ms
Test suite progress: tests succeeded: 111, failed: 0, skipped: 0.
Starting test testCreateAndStartServer(org.jclouds.elastichosts.ElasticHostsPeer1LondonClientLiveTest)
Sep 16, 2012 8:57:35 PM org.jclouds.elasticstack.ElasticStackClientLiveTest testCreateAndStartServer
INFO: preparing drive
before prepare[size=1073741824, claimType=shared, readers=[ffffffff-ffff-ffff-ffff-ffffffffffff], uuid=7ee3474f-d8fd-4d5b-acee-092617f11a48, name=rediculous, tags=[networking, security, gateway], userMetadata={foo=bar}, status=active, user=2f6244eb-50bc-4403-847e-f03cc3706a1f, claimed=[], encryptionCipher=aes-xts-plain, imaging=null, metrics=[readBytes=0, readRequests=0, writeBytes=0, writeRequests=0]]
Sep 16, 2012 8:58:22 PM org.jclouds.compute.internal.BaseComputeServiceLiveTest createAndRunAServiceInGroup
INFO: << configured node(c0b03da5-c8d2-42f3-a890-4a9c56cba514) with java full version "1.6.0_24-b24" and jetty jetty-8.1.5.v20120716 in 60s
Sep 16, 2012 8:58:31 PM org.jclouds.compute.internal.BaseComputeServiceLiveTest trackAvailabilityOfProcessOnNode
INFO: << start jetty on node(c0b03da5-c8d2-42f3-a890-4a9c56cba514)[83.222.241.116:8080] [backgroundProcessMilliseconds=4368, socketOpenMilliseconds=5454]
after prepare[size=1073741824, claimType=shared, readers=[ffffffff-ffff-ffff-ffff-ffffffffffff], uuid=7ee3474f-d8fd-4d5b-acee-092617f11a48, name=rediculous, tags=[networking, security, gateway], userMetadata={foo=bar}, status=active, user=2f6244eb-50bc-4403-847e-f03cc3706a1f, claimed=[], encryptionCipher=aes-xts-plain, imaging=null, metrics=[readBytes=0, readRequests=0, writeBytes=0, writeRequests=0]]
Sep 16, 2012 8:58:36 PM org.jclouds.elasticstack.ElasticStackClientLiveTest testCreateAndStartServer
INFO: starting server
{"status":"ACTIVE","started":"Jan 16, 1970 6:24:14 AM","user":"2f6244eb-50bc-4403-847e-f03cc3706a1f","metrics":{"txPackets":0,"tx":0,"rxPackets":0,"rx":0,"driveMetrics":{"ide:0:0":{"readBytes":0,"readRequests":0,"writeBytes":0,"writeRequests":0}}},"cpu":1000,"smp":1,"mem":512,"persistent":true,"devices":{"ide:0:0":{"bus":0,"unit":0,"driveUuid":"7ee3474f-d8fd-4d5b-acee-092617f11a48","mediaType":"DISK"}},"bootDeviceIds":["ide:0:0"],"nics":[{"dhcp":"83.222.226.191","model":"E1000","mac":"02:00:53:de:e2:bf","block":["tcp/43594","tcp/5902","udp/5060","tcp/5900","tcp/5901","tcp/21","tcp/22","tcp/23","tcp/25","tcp/110","tcp/143","tcp/43595"]}],"vnc":{"ip":"83.222.226.191","password":"Il0veVNC","tls":false},"uuid":"53266557-63f2-485d-98ea-a8fbf72ca4e0","name":"adriancole.test","tags":[],"userMetadata":{}}
Sep 16, 2012 8:58:47 PM org.jclouds.compute.internal.BaseComputeServiceLiveTest trackAvailabilityOfProcessOnNode
INFO: << start jetty on node(c0b03da5-c8d2-42f3-a890-4a9c56cba514)[83.222.241.116:8080] [backgroundProcessMilliseconds=4346, socketOpenMilliseconds=5462]
[TestNG] Test testCreateAndStartServer(org.jclouds.elastichosts.ElasticHostsPeer1LondonClientLiveTest) succeeded: 72355ms
Test suite progress: tests succeeded: 112, failed: 0, skipped: 0.
Starting test testConnectivity(org.jclouds.elastichosts.ElasticHostsPeer1LondonClientLiveTest)
Sep 16, 2012 8:58:47 PM org.jclouds.elasticstack.ElasticStackClientLiveTest testConnectivity
INFO: awaiting vnc: 83.222.226.191:5900
Sep 16, 2012 8:58:47 PM org.jclouds.elasticstack.ElasticStackClientLiveTest testConnectivity
INFO: awaiting ssh: 83.222.226.191:22
[TestNG] Test testCreateAndRunAService(org.jclouds.elastichosts.compute.ElasticHostsPeer1LondonComputeServiceLiveTest) succeeded: 201532ms
Test suite progress: tests succeeded: 113, failed: 0, skipped: 0.
Starting test testCorrectAuthException(org.jclouds.elastichosts.compute.ElasticHostsPeer1LondonComputeServiceLiveTest)
[TestNG] Test testCorrectAuthException(org.jclouds.elastichosts.compute.ElasticHostsPeer1LondonComputeServiceLiveTest) succeeded: 1102ms
Test suite progress: tests succeeded: 114, failed: 0, skipped: 0.
Starting test testAScriptExecutionAfterBootWithBasicTemplate(org.jclouds.elastichosts.compute.ElasticHostsPeer1LondonComputeServiceLiveTest)
Filesystem           1K-blocks      Used Available Use% Mounted on
/dev/sda               1033144    661656    322024  68% /
udev                    244340         4    244336   1% /dev
tmpfs                   100900       216    100684   1% /run
none                      5120         4      5116   1% /run/lock
none                    252248         0    252248   0% /run/shm

/dev/sda on / type ext3 (rw,noatime)
proc on /proc type proc (rw)
sysfs on /sys type sysfs (rw,noexec,nosuid,nodev)
fusectl on /sys/fs/fuse/connections type fusectl (rw)
none on /sys/kernel/debug type debugfs (rw)
none on /sys/kernel/security type securityfs (rw)
udev on /dev type devtmpfs (rw,mode=0755)
devpts on /dev/pts type devpts (rw,noexec,nosuid,gid=5,mode=0620)
tmpfs on /run type tmpfs (rw,noexec,nosuid,size=10%,mode=0755)
none on /run/lock type tmpfs (rw,noexec,nosuid,nodev,size=5242880)
none on /run/shm type tmpfs (rw,nosuid,nodev)

Linux ubuntu 3.0.0-12-generic #20-Ubuntu SMP Fri Oct 7 14:56:25 UTC 2011 x86_64 x86_64 x86_64 GNU/Linux

[TestNG] Test testConnectivity(org.jclouds.elastichosts.ElasticHostsPeer1LondonClientLiveTest) succeeded: 28269ms
Test suite progress: tests succeeded: 115, failed: 0, skipped: 0.
Starting test testLifeCycle(org.jclouds.elastichosts.ElasticHostsPeer1LondonClientLiveTest)
[TestNG] Test testLifeCycle(org.jclouds.elastichosts.ElasticHostsPeer1LondonClientLiveTest) succeeded: 16641ms
Test suite progress: tests succeeded: 116, failed: 0, skipped: 0.
Starting test testSetServerConfiguration(org.jclouds.elastichosts.ElasticHostsPeer1LondonClientLiveTest)
[TestNG] Test testSetServerConfiguration(org.jclouds.elastichosts.ElasticHostsPeer1LondonClientLiveTest) succeeded: 5816ms
Test suite progress: tests succeeded: 117, failed: 0, skipped: 0.
Starting test testDestroyServer(org.jclouds.elastichosts.ElasticHostsPeer1LondonClientLiveTest)
[TestNG] Test testDestroyServer(org.jclouds.elastichosts.ElasticHostsPeer1LondonClientLiveTest) succeeded: 1919ms
Test suite progress: tests succeeded: 118, failed: 0, skipped: 0.
Starting test testDestroyDrive(org.jclouds.elastichosts.ElasticHostsPeer1LondonClientLiveTest)
[TestNG] Test testDestroyDrive(org.jclouds.elastichosts.ElasticHostsPeer1LondonClientLiveTest) succeeded: 4094ms
Test suite progress: tests succeeded: 119, failed: 0, skipped: 0.
<< problem applying options to node(28a042e3-bdee-49cd-8eb7-6e850c49d060): 
org.jclouds.rest.AuthorizationException: (toor:pw[5d907853a9617cfd55fb62eae803595b]@83.222.241.116:22) (toor:pw[5d907853a9617cfd55fb62eae803595b]@83.222.241.116:22) error acquiring {hostAndPort=83.222.241.116:22, loginUser=toor, ssh=null, connectTimeout=60000, sessionTimeout=60000} (out of retries - max 5): Exhausted available authentication methods
	at org.jclouds.sshj.SshjSshClient.propagate(SshjSshClient.java:380)
	at org.jclouds.sshj.SshjSshClient.acquire(SshjSshClient.java:201)
	at org.jclouds.sshj.SshjSshClient.connect(SshjSshClient.java:221)
	at org.jclouds.compute.callables.RunScriptOnNodeUsingSsh.call(RunScriptOnNodeUsingSsh.java:80)
	at org.jclouds.compute.strategy.RunScriptOnNodeAndAddToGoodMapOrPutExceptionIntoBadMap.call(RunScriptOnNodeAndAddToGoodMapOrPutExceptionIntoBadMap.java:69)
	at org.jclouds.compute.strategy.RunScriptOnNodeAndAddToGoodMapOrPutExceptionIntoBadMap.call(RunScriptOnNodeAndAddToGoodMapOrPutExceptionIntoBadMap.java:44)
	at java.util.concurrent.FutureTask$Sync.innerRun(FutureTask.java:303)
	at java.util.concurrent.FutureTask.run(FutureTask.java:138)
	at java.util.concurrent.ThreadPoolExecutor$Worker.runTask(ThreadPoolExecutor.java:886)
	at java.util.concurrent.ThreadPoolExecutor$Worker.run(ThreadPoolExecutor.java:908)
	at java.lang.Thread.run(Thread.java:680)
Caused by: net.schmizz.sshj.userauth.UserAuthException: Exhausted available authentication methods
	at net.schmizz.sshj.userauth.UserAuthImpl.authenticate(UserAuthImpl.java:114)
	at net.schmizz.sshj.SSHClient.auth(SSHClient.java:205)
	at net.schmizz.sshj.SSHClient.auth(SSHClient.java:190)
	at net.schmizz.sshj.SSHClient.authPassword(SSHClient.java:266)
	at net.schmizz.sshj.SSHClient.authPassword(SSHClient.java:236)
	at net.schmizz.sshj.SSHClient.authPassword(SSHClient.java:220)
	at org.jclouds.sshj.SSHClientConnection.create(SSHClientConnection.java:140)
	at org.jclouds.sshj.SSHClientConnection.create(SSHClientConnection.java:40)
	at org.jclouds.sshj.SshjSshClient.acquire(SshjSshClient.java:191)
	... 9 more
Caused by: net.schmizz.sshj.userauth.UserAuthException: keyboard-interactive auth not allowed by server
	at net.schmizz.sshj.userauth.UserAuthImpl.authenticate(UserAuthImpl.java:81)
	... 17 more
[TestNG] Test testAScriptExecutionAfterBootWithBasicTemplate(org.jclouds.elastichosts.compute.ElasticHostsPeer1LondonComputeServiceLiveTest) succeeded: 259278ms
Test suite progress: tests succeeded: 120, failed: 0, skipped: 0.
Starting test testConcurrentUseOfComputeServiceToCreateNodes(org.jclouds.elastichosts.compute.ElasticHostsPeer1LondonComputeServiceLiveTest)
[TestNG] Test testConcurrentUseOfComputeServiceToCreateNodes(org.jclouds.elastichosts.compute.ElasticHostsPeer1LondonComputeServiceLiveTest) failed.
Test suite progress: tests succeeded: 120, failed: 1, skipped: 0.
Starting test testTemplateMatch(org.jclouds.elastichosts.compute.ElasticHostsPeer1LondonComputeServiceLiveTest)
[TestNG] Test testTemplateMatch(org.jclouds.elastichosts.compute.ElasticHostsPeer1LondonComputeServiceLiveTest) succeeded: 5ms
Test suite progress: tests succeeded: 121, failed: 1, skipped: 0.
[TestNG] Test testCreateTwoNodesWithRunScript(org.jclouds.elastichosts.compute.ElasticHostsPeer1LondonComputeServiceLiveTest) skipped.
Test suite progress: tests succeeded: 121, failed: 1, skipped: 1.
[TestNG] Test testCreateAnotherNodeWithANewContextToEnsureSharedMemIsntRequired(org.jclouds.elastichosts.compute.ElasticHostsPeer1LondonComputeServiceLiveTest) skipped.
Test suite progress: tests succeeded: 121, failed: 1, skipped: 2.
[TestNG] Test testCredentialsCache(org.jclouds.elastichosts.compute.ElasticHostsPeer1LondonComputeServiceLiveTest) skipped.
Test suite progress: tests succeeded: 121, failed: 1, skipped: 3.
[TestNG] Test testGet(org.jclouds.elastichosts.compute.ElasticHostsPeer1LondonComputeServiceLiveTest) skipped.
Test suite progress: tests succeeded: 121, failed: 1, skipped: 4.
[TestNG] Test testReboot(org.jclouds.elastichosts.compute.ElasticHostsPeer1LondonComputeServiceLiveTest) skipped.
Test suite progress: tests succeeded: 121, failed: 1, skipped: 5.
[TestNG] Test testSuspendResume(org.jclouds.elastichosts.compute.ElasticHostsPeer1LondonComputeServiceLiveTest) skipped.
Test suite progress: tests succeeded: 121, failed: 1, skipped: 6.
[TestNG] Test testGetNodesWithDetails(org.jclouds.elastichosts.compute.ElasticHostsPeer1LondonComputeServiceLiveTest) skipped.
Test suite progress: tests succeeded: 121, failed: 1, skipped: 7.
[TestNG] Test testListNodes(org.jclouds.elastichosts.compute.ElasticHostsPeer1LondonComputeServiceLiveTest) skipped.
Test suite progress: tests succeeded: 121, failed: 1, skipped: 8.
[TestNG] Test testDestroyNodes(org.jclouds.elastichosts.compute.ElasticHostsPeer1LondonComputeServiceLiveTest) skipped.
Test suite progress: tests succeeded: 121, failed: 1, skipped: 9.
Tests run: 131, Failures: 1, Errors: 0, Skipped: 9, Time elapsed: 828.936 sec <<< FAILURE!

Results :

Failed tests:   testConcurrentUseOfComputeServiceToCreateNodes(org.jclouds.elastichosts.compute.ElasticHostsPeer1LondonComputeServiceLiveTest): org.jclouds.compute.RunNodesException: error running 1 node group(twin1) location(elastichosts-lon-p) image(24ea9dad-f014-4836-bcb0-f03184c74e7a) size(cpu=1000.000000,ram=512,disk=1.000000) options({blockOnPort:seconds=22:301, inboundPorts=[22, 8080]})(..)

Tests run: 131, Failures: 1, Errors: 0, Skipped: 9

[INFO] ------------------------------------------------------------------------
[INFO] BUILD FAILURE
[INFO] ------------------------------------------------------------------------
[INFO] Total time: 14:05.883s
[INFO] Finished at: Sun Sep 16 21:09:10 PDT 2012
[INFO] Final Memory: 18M/265M
[INFO] ------------------------------------------------------------------------
[ERROR] Failed to execute goal org.apache.maven.plugins:maven-surefire-plugin:2.12:test (integration) on project elastichosts-lon-p: There are test failures.
[ERROR] 
[ERROR] Please refer to /Users/adriancole/workspace/git/jclouds/providers/elastichosts-lon-p/target/surefire-reports for the individual test results.
[ERROR] -> [Help 1]
[ERROR] 
[ERROR] To see the full stack trace of the errors, re-run Maven with the -e switch.
[ERROR] Re-run Maven using the -X switch to enable full debug logging.
[ERROR] 
[ERROR] For more information about the errors and possible solutions, please read the following articles:
[ERROR] [Help 1] http://cwiki.apache.org/confluence/display/MAVEN/MojoFailureException
