[INFO] Scanning for projects...
[WARNING] 
[WARNING] Some problems were encountered while building the effective model for org.jclouds.provider:elastichosts-lon-b:bundle:1.5.0-SNAPSHOT
[WARNING] 'parent.relativePath' of POM org.jclouds:jclouds-project:1.5.0-SNAPSHOT (/Users/adriancole/workspace/git/jclouds/project/pom.xml) points at org.jclouds:jclouds-multi instead of org.sonatype.oss:oss-parent, please verify your project structure @ org.jclouds:jclouds-project:1.5.0-SNAPSHOT, /Users/adriancole/workspace/git/jclouds/project/pom.xml, line 24, column 13
[WARNING] 
[WARNING] It is highly recommended to fix these problems because they threaten the stability of your build.
[WARNING] 
[WARNING] For this reason, future Maven versions might no longer support building such malformed projects.
[WARNING] 
[INFO]                                                                         
[INFO] ------------------------------------------------------------------------
[INFO] Building jclouds ElasticHosts BlueSquare London provider 1.5.0-SNAPSHOT
[INFO] ------------------------------------------------------------------------
[INFO] 
[INFO] --- maven-clean-plugin:2.4.1:clean (default-clean) @ elastichosts-lon-b ---
[INFO] Deleting /Users/adriancole/workspace/git/jclouds/providers/elastichosts-lon-b/target
[INFO] 
[INFO] --- maven-enforcer-plugin:1.1:enforce (enforce-maven) @ elastichosts-lon-b ---
[INFO] 
[INFO] --- maven-enforcer-plugin:1.1:enforce (enforce-banned-dependencies) @ elastichosts-lon-b ---
[INFO] 
[INFO] --- maven-enforcer-plugin:1.1:enforce (enforce-java) @ elastichosts-lon-b ---
[INFO] 
[INFO] --- maven-remote-resources-plugin:1.3:process (process-remote-resources) @ elastichosts-lon-b ---
[INFO] 
[INFO] --- maven-resources-plugin:2.5:resources (default-resources) @ elastichosts-lon-b ---
[debug] execute contextualize
[INFO] Using 'UTF-8' encoding to copy filtered resources.
[INFO] skip non existing resourceDirectory /Users/adriancole/workspace/git/jclouds/providers/elastichosts-lon-b/src/main/clojure
[INFO] Copying 2 resources
[INFO] Copying 2 resources
[INFO] 
[INFO] --- maven-compiler-plugin:2.5:compile (default-compile) @ elastichosts-lon-b ---
[INFO] Compiling 1 source file to /Users/adriancole/workspace/git/jclouds/providers/elastichosts-lon-b/target/classes
[INFO] 
[INFO] --- maven-resources-plugin:2.5:testResources (default-testResources) @ elastichosts-lon-b ---
[debug] execute contextualize
[INFO] Using 'UTF-8' encoding to copy filtered resources.
[INFO] skip non existing resourceDirectory /Users/adriancole/workspace/git/jclouds/providers/elastichosts-lon-b/src/test/clojure
[INFO] skip non existing resourceDirectory /Users/adriancole/workspace/git/jclouds/providers/elastichosts-lon-b/src/test/resources
[INFO] Copying 2 resources
[INFO] 
[INFO] --- maven-compiler-plugin:2.5:testCompile (default-testCompile) @ elastichosts-lon-b ---
[INFO] Compiling 4 source files to /Users/adriancole/workspace/git/jclouds/providers/elastichosts-lon-b/target/test-classes
[INFO] 
[INFO] --- maven-surefire-plugin:2.12:test (default-test) @ elastichosts-lon-b ---
[INFO] Surefire report directory: /Users/adriancole/workspace/git/jclouds/providers/elastichosts-lon-b/target/surefire-reports

-------------------------------------------------------
 T E S T S
-------------------------------------------------------
Running org.jclouds.elastichosts.ElasticHostsBlueSquareLondonProviderTest
Configuring TestNG with: org.apache.maven.surefire.testng.conf.TestNGMapConfigurator@42704baa
Starting test testAllContains(org.jclouds.elastichosts.ElasticHostsBlueSquareLondonProviderTest)
Starting test testOfApiContains(org.jclouds.elastichosts.ElasticHostsBlueSquareLondonProviderTest)
Starting test testTransformableToContains(org.jclouds.elastichosts.ElasticHostsBlueSquareLondonProviderTest)
Starting test testWithId(org.jclouds.elastichosts.ElasticHostsBlueSquareLondonProviderTest)
[pool-2-thread-1] Test testAllContains(org.jclouds.elastichosts.ElasticHostsBlueSquareLondonProviderTest) succeeded: 36ms
Test suite progress: tests succeeded: 1, failed: 0, skipped: 0.
[pool-2-thread-3] Test testTransformableToContains(org.jclouds.elastichosts.ElasticHostsBlueSquareLondonProviderTest) succeeded: 11ms
Test suite progress: tests succeeded: 2, failed: 0, skipped: 0.
[pool-2-thread-2] Test testOfApiContains(org.jclouds.elastichosts.ElasticHostsBlueSquareLondonProviderTest) succeeded: 26ms
Test suite progress: tests succeeded: 3, failed: 0, skipped: 0.
[pool-2-thread-4] Test testWithId(org.jclouds.elastichosts.ElasticHostsBlueSquareLondonProviderTest) succeeded: 14ms
Test suite progress: tests succeeded: 4, failed: 0, skipped: 0.
Tests run: 4, Failures: 0, Errors: 0, Skipped: 0, Time elapsed: 1.186 sec

Results :

Tests run: 4, Failures: 0, Errors: 0, Skipped: 0

[INFO] 
[INFO] --- maven-bundle-plugin:2.3.7:bundle (default-bundle) @ elastichosts-lon-b ---
[INFO] 
[INFO] --- maven-jar-plugin:2.4:test-jar (default) @ elastichosts-lon-b ---
[INFO] Building jar: /Users/adriancole/workspace/git/jclouds/providers/elastichosts-lon-b/target/elastichosts-lon-b-1.5.0-SNAPSHOT-tests.jar
[INFO] 
[INFO] --- maven-surefire-plugin:2.12:test (integration) @ elastichosts-lon-b ---
[INFO] Surefire report directory: /Users/adriancole/workspace/git/jclouds/providers/elastichosts-lon-b/target/surefire-reports

-------------------------------------------------------
 T E S T S
-------------------------------------------------------
Running TestSuite
Configuring TestNG with: org.apache.maven.surefire.testng.conf.TestNGMapConfigurator@4de13d52
Starting test testCompareSizes(org.jclouds.elastichosts.compute.ElasticHostsBlueSquareLondonTemplateBuilderLiveTest)
Starting test setServiceDefaults(org.jclouds.elastichosts.compute.ElasticHostsBlueSquareLondonComputeServiceLiveTest)
[TestNG] Test setServiceDefaults(org.jclouds.elastichosts.compute.ElasticHostsBlueSquareLondonComputeServiceLiveTest) succeeded: 1ms
Test suite progress: tests succeeded: 1, failed: 0, skipped: 0.
Starting test testCompareSizes(org.jclouds.elastichosts.compute.ElasticHostsBlueSquareLondonComputeServiceLiveTest)
Starting test testCreateDrive(org.jclouds.elastichosts.ElasticHostsBlueSquareLondonClientLiveTest)
smallest {id=cpu=1000.000000,ram=512,disk=1.000000, providerId=cpu=1000.000000,ram=512,disk=1.000000, processors=[{cores=1.0, speed=1000.0}], ram=512, volumes=[{type=LOCAL, size=1.0, bootDevice=true, durable=true}], hypervisor=kvm, supportsImage=sizeLessThanOrEqual(1.0)}
fastest {id=cpu=20000.000000,ram=512,disk=20.000000, providerId=cpu=20000.000000,ram=512,disk=20.000000, processors=[{cores=1.0, speed=20000.0}], ram=512, volumes=[{type=LOCAL, size=20.0, bootDevice=true, durable=true}], hypervisor=kvm, supportsImage=sizeLessThanOrEqual(20.0)}
biggest {id=cpu=20000.000000,ram=8192,disk=20.000000, providerId=cpu=20000.000000,ram=8192,disk=20.000000, processors=[{cores=1.0, speed=20000.0}], ram=8192, volumes=[{type=LOCAL, size=20.0, bootDevice=true, durable=true}], hypervisor=kvm, supportsImage=sizeLessThanOrEqual(20.0)}
[TestNG] Test testCompareSizes(org.jclouds.elastichosts.compute.ElasticHostsBlueSquareLondonTemplateBuilderLiveTest) succeeded: 11156ms
Test suite progress: tests succeeded: 2, failed: 0, skipped: 0.
Starting test testDefaultTemplateBuilder(org.jclouds.elastichosts.compute.ElasticHostsBlueSquareLondonTemplateBuilderLiveTest)
[TestNG] Test testDefaultTemplateBuilder(org.jclouds.elastichosts.compute.ElasticHostsBlueSquareLondonTemplateBuilderLiveTest) succeeded: 3ms
Test suite progress: tests succeeded: 3, failed: 0, skipped: 0.
Starting test testFromTemplate(org.jclouds.elastichosts.compute.ElasticHostsBlueSquareLondonTemplateBuilderLiveTest)
[TestNG] Test testFromTemplate(org.jclouds.elastichosts.compute.ElasticHostsBlueSquareLondonTemplateBuilderLiveTest) succeeded: 7ms
Test suite progress: tests succeeded: 4, failed: 0, skipped: 0.
Starting test testGetAssignableLocations(org.jclouds.elastichosts.compute.ElasticHostsBlueSquareLondonTemplateBuilderLiveTest)
location {scope=PROVIDER, id=elastichosts-lon-b, description=https://api-lon-b.elastichosts.com, iso3166Codes=[GB-LND]}
[TestNG] Test testGetAssignableLocations(org.jclouds.elastichosts.compute.ElasticHostsBlueSquareLondonTemplateBuilderLiveTest) succeeded: 1ms
Test suite progress: tests succeeded: 5, failed: 0, skipped: 0.
Starting test testTemplateBuilderCanFind(org.jclouds.elastichosts.compute.ElasticHostsBlueSquareLondonTemplateBuilderLiveTest)
[TestNG] Test testTemplateBuilderCanFind(org.jclouds.elastichosts.compute.ElasticHostsBlueSquareLondonTemplateBuilderLiveTest) succeeded: 5ms
Test suite progress: tests succeeded: 6, failed: 0, skipped: 0.
Starting test testTemplateBuilderCanFind(org.jclouds.elastichosts.compute.ElasticHostsBlueSquareLondonTemplateBuilderLiveTest)
[TestNG] Test testTemplateBuilderCanFind(org.jclouds.elastichosts.compute.ElasticHostsBlueSquareLondonTemplateBuilderLiveTest) succeeded: 5ms
Test suite progress: tests succeeded: 7, failed: 0, skipped: 0.
Starting test testTemplateBuilderCanFind(org.jclouds.elastichosts.compute.ElasticHostsBlueSquareLondonTemplateBuilderLiveTest)
Sep 16, 2012 4:02:13 PM org.jclouds.compute.internal.BaseComputeServiceLiveTest testCompareSizes
INFO: smallest {id=cpu=1000.000000,ram=512,disk=1.000000, providerId=cpu=1000.000000,ram=512,disk=1.000000, processors=[{cores=1.0, speed=1000.0}], ram=512, volumes=[{type=LOCAL, size=1.0, bootDevice=true, durable=true}], hypervisor=kvm, supportsImage=sizeLessThanOrEqual(1.0)}
Sep 16, 2012 4:02:13 PM org.jclouds.compute.internal.BaseComputeServiceLiveTest testCompareSizes
INFO: fastest {id=cpu=20000.000000,ram=512,disk=20.000000, providerId=cpu=20000.000000,ram=512,disk=20.000000, processors=[{cores=1.0, speed=20000.0}], ram=512, volumes=[{type=LOCAL, size=20.0, bootDevice=true, durable=true}], hypervisor=kvm, supportsImage=sizeLessThanOrEqual(20.0)}
Sep 16, 2012 4:02:13 PM org.jclouds.compute.internal.BaseComputeServiceLiveTest testCompareSizes
INFO: biggest {id=cpu=20000.000000,ram=8192,disk=20.000000, providerId=cpu=20000.000000,ram=8192,disk=20.000000, processors=[{cores=1.0, speed=20000.0}], ram=8192, volumes=[{type=LOCAL, size=20.0, bootDevice=true, durable=true}], hypervisor=kvm, supportsImage=sizeLessThanOrEqual(20.0)}
[TestNG] Test testCompareSizes(org.jclouds.elastichosts.compute.ElasticHostsBlueSquareLondonComputeServiceLiveTest) succeeded: 10637ms
Test suite progress: tests succeeded: 8, failed: 0, skipped: 0.
Starting test testCorrectExceptionRunningNodesNotFound(org.jclouds.elastichosts.compute.ElasticHostsBlueSquareLondonComputeServiceLiveTest)
[TestNG] Test testTemplateBuilderCanFind(org.jclouds.elastichosts.compute.ElasticHostsBlueSquareLondonTemplateBuilderLiveTest) succeeded: 6ms
Test suite progress: tests succeeded: 9, failed: 0, skipped: 0.
Starting test testTemplateBuilderCanFind(org.jclouds.elastichosts.compute.ElasticHostsBlueSquareLondonTemplateBuilderLiveTest)
[TestNG] Test testTemplateBuilderCanFind(org.jclouds.elastichosts.compute.ElasticHostsBlueSquareLondonTemplateBuilderLiveTest) succeeded: 14ms
Test suite progress: tests succeeded: 10, failed: 0, skipped: 0.
Starting test testTemplateBuilderCanFind(org.jclouds.elastichosts.compute.ElasticHostsBlueSquareLondonTemplateBuilderLiveTest)
[TestNG] Test testTemplateBuilderCanFind(org.jclouds.elastichosts.compute.ElasticHostsBlueSquareLondonTemplateBuilderLiveTest) succeeded: 2ms
Test suite progress: tests succeeded: 11, failed: 0, skipped: 0.
Starting test testTemplateBuilderCanFind(org.jclouds.elastichosts.compute.ElasticHostsBlueSquareLondonTemplateBuilderLiveTest)
[TestNG] Test testTemplateBuilderCanFind(org.jclouds.elastichosts.compute.ElasticHostsBlueSquareLondonTemplateBuilderLiveTest) succeeded: 4ms
Test suite progress: tests succeeded: 12, failed: 0, skipped: 0.
Starting test testTemplateBuilderCanFind(org.jclouds.elastichosts.compute.ElasticHostsBlueSquareLondonTemplateBuilderLiveTest)
[TestNG] Test testTemplateBuilderCanFind(org.jclouds.elastichosts.compute.ElasticHostsBlueSquareLondonTemplateBuilderLiveTest) succeeded: 6ms
Test suite progress: tests succeeded: 13, failed: 0, skipped: 0.
Starting test testTemplateBuilderCanFind(org.jclouds.elastichosts.compute.ElasticHostsBlueSquareLondonTemplateBuilderLiveTest)
[TestNG] Test testTemplateBuilderCanFind(org.jclouds.elastichosts.compute.ElasticHostsBlueSquareLondonTemplateBuilderLiveTest) succeeded: 3ms
Test suite progress: tests succeeded: 14, failed: 0, skipped: 0.
Starting test testTemplateBuilderCanFind(org.jclouds.elastichosts.compute.ElasticHostsBlueSquareLondonTemplateBuilderLiveTest)
[TestNG] Test testTemplateBuilderCanFind(org.jclouds.elastichosts.compute.ElasticHostsBlueSquareLondonTemplateBuilderLiveTest) succeeded: 2ms
Test suite progress: tests succeeded: 15, failed: 0, skipped: 0.
Starting test testTemplateBuilderCanFind(org.jclouds.elastichosts.compute.ElasticHostsBlueSquareLondonTemplateBuilderLiveTest)
[TestNG] Test testTemplateBuilderCanFind(org.jclouds.elastichosts.compute.ElasticHostsBlueSquareLondonTemplateBuilderLiveTest) succeeded: 3ms
Test suite progress: tests succeeded: 16, failed: 0, skipped: 0.
Starting test testTemplateBuilderCanUseImageId(org.jclouds.elastichosts.compute.ElasticHostsBlueSquareLondonTemplateBuilderLiveTest)
[TestNG] Test testCorrectExceptionRunningNodesNotFound(org.jclouds.elastichosts.compute.ElasticHostsBlueSquareLondonComputeServiceLiveTest) succeeded: 1889ms
Test suite progress: tests succeeded: 17, failed: 0, skipped: 0.
Starting test testGetAssignableLocations(org.jclouds.elastichosts.compute.ElasticHostsBlueSquareLondonComputeServiceLiveTest)
Sep 16, 2012 4:02:15 PM org.jclouds.compute.internal.BaseComputeServiceLiveTest testGetAssignableLocations
WARNING: location {scope=PROVIDER, id=elastichosts-lon-b, description=https://api-lon-b.elastichosts.com, iso3166Codes=[GB-LND]}
[TestNG] Test testGetAssignableLocations(org.jclouds.elastichosts.compute.ElasticHostsBlueSquareLondonComputeServiceLiveTest) succeeded: 1ms
Test suite progress: tests succeeded: 18, failed: 0, skipped: 0.
Starting test testImageById(org.jclouds.elastichosts.compute.ElasticHostsBlueSquareLondonComputeServiceLiveTest)
[TestNG] Test testImageById(org.jclouds.elastichosts.compute.ElasticHostsBlueSquareLondonComputeServiceLiveTest) succeeded: 941ms
Test suite progress: tests succeeded: 19, failed: 0, skipped: 0.
Starting test testImagesCache(org.jclouds.elastichosts.compute.ElasticHostsBlueSquareLondonComputeServiceLiveTest)
[TestNG] Test testImagesCache(org.jclouds.elastichosts.compute.ElasticHostsBlueSquareLondonComputeServiceLiveTest) succeeded: 0ms
Test suite progress: tests succeeded: 20, failed: 0, skipped: 0.
Starting test testListImages(org.jclouds.elastichosts.compute.ElasticHostsBlueSquareLondonComputeServiceLiveTest)
[TestNG] Test testListImages(org.jclouds.elastichosts.compute.ElasticHostsBlueSquareLondonComputeServiceLiveTest) succeeded: 1ms
Test suite progress: tests succeeded: 21, failed: 0, skipped: 0.
Starting test testListSizes(org.jclouds.elastichosts.compute.ElasticHostsBlueSquareLondonComputeServiceLiveTest)
[TestNG] Test testListSizes(org.jclouds.elastichosts.compute.ElasticHostsBlueSquareLondonComputeServiceLiveTest) succeeded: 0ms
Test suite progress: tests succeeded: 22, failed: 0, skipped: 0.
Starting test testOptionToNotBlock(org.jclouds.elastichosts.compute.ElasticHostsBlueSquareLondonComputeServiceLiveTest)
[TestNG] Test testOptionToNotBlock(org.jclouds.elastichosts.compute.ElasticHostsBlueSquareLondonComputeServiceLiveTest) succeeded: 0ms
Test suite progress: tests succeeded: 23, failed: 0, skipped: 0.
Starting test testCreateAndRunAService(org.jclouds.elastichosts.compute.ElasticHostsBlueSquareLondonComputeServiceLiveTest)
[TestNG] Test testTemplateBuilderCanUseImageId(org.jclouds.elastichosts.compute.ElasticHostsBlueSquareLondonTemplateBuilderLiveTest) succeeded: 8775ms
Test suite progress: tests succeeded: 24, failed: 0, skipped: 0.
Starting test testTemplateBuilderCannotFind(org.jclouds.elastichosts.compute.ElasticHostsBlueSquareLondonTemplateBuilderLiveTest)
[TestNG] Test testTemplateBuilderCannotFind(org.jclouds.elastichosts.compute.ElasticHostsBlueSquareLondonTemplateBuilderLiveTest) succeeded: 5ms
Test suite progress: tests succeeded: 25, failed: 0, skipped: 0.
Starting test testTemplateBuilderCannotFind(org.jclouds.elastichosts.compute.ElasticHostsBlueSquareLondonTemplateBuilderLiveTest)
[TestNG] Test testTemplateBuilderCannotFind(org.jclouds.elastichosts.compute.ElasticHostsBlueSquareLondonTemplateBuilderLiveTest) succeeded: 1ms
Test suite progress: tests succeeded: 26, failed: 0, skipped: 0.
Starting test testTemplateBuilderCannotFind(org.jclouds.elastichosts.compute.ElasticHostsBlueSquareLondonTemplateBuilderLiveTest)
[TestNG] Test testTemplateBuilderCannotFind(org.jclouds.elastichosts.compute.ElasticHostsBlueSquareLondonTemplateBuilderLiveTest) succeeded: 1ms
Test suite progress: tests succeeded: 27, failed: 0, skipped: 0.
Starting test testTemplateBuilderCannotFind(org.jclouds.elastichosts.compute.ElasticHostsBlueSquareLondonTemplateBuilderLiveTest)
[TestNG] Test testTemplateBuilderCannotFind(org.jclouds.elastichosts.compute.ElasticHostsBlueSquareLondonTemplateBuilderLiveTest) succeeded: 1ms
Test suite progress: tests succeeded: 28, failed: 0, skipped: 0.
Starting test testTemplateBuilderCannotFind(org.jclouds.elastichosts.compute.ElasticHostsBlueSquareLondonTemplateBuilderLiveTest)
[TestNG] Test testTemplateBuilderCannotFind(org.jclouds.elastichosts.compute.ElasticHostsBlueSquareLondonTemplateBuilderLiveTest) succeeded: 1ms
Test suite progress: tests succeeded: 29, failed: 0, skipped: 0.
Starting test testTemplateBuilderCannotFind(org.jclouds.elastichosts.compute.ElasticHostsBlueSquareLondonTemplateBuilderLiveTest)
[TestNG] Test testTemplateBuilderCannotFind(org.jclouds.elastichosts.compute.ElasticHostsBlueSquareLondonTemplateBuilderLiveTest) succeeded: 6ms
Test suite progress: tests succeeded: 30, failed: 0, skipped: 0.
Starting test testTemplateBuilderCannotFind(org.jclouds.elastichosts.compute.ElasticHostsBlueSquareLondonTemplateBuilderLiveTest)
[TestNG] Test testTemplateBuilderCannotFind(org.jclouds.elastichosts.compute.ElasticHostsBlueSquareLondonTemplateBuilderLiveTest) succeeded: 1ms
Test suite progress: tests succeeded: 31, failed: 0, skipped: 0.
Starting test testTemplateBuilderCannotFind(org.jclouds.elastichosts.compute.ElasticHostsBlueSquareLondonTemplateBuilderLiveTest)
[TestNG] Test testTemplateBuilderCannotFind(org.jclouds.elastichosts.compute.ElasticHostsBlueSquareLondonTemplateBuilderLiveTest) succeeded: 1ms
Test suite progress: tests succeeded: 32, failed: 0, skipped: 0.
Starting test testTemplateBuilderCannotFind(org.jclouds.elastichosts.compute.ElasticHostsBlueSquareLondonTemplateBuilderLiveTest)
[TestNG] Test testTemplateBuilderCannotFind(org.jclouds.elastichosts.compute.ElasticHostsBlueSquareLondonTemplateBuilderLiveTest) succeeded: 1ms
Test suite progress: tests succeeded: 33, failed: 0, skipped: 0.
Starting test testTemplateBuilderCannotFind(org.jclouds.elastichosts.compute.ElasticHostsBlueSquareLondonTemplateBuilderLiveTest)
[TestNG] Test testTemplateBuilderCannotFind(org.jclouds.elastichosts.compute.ElasticHostsBlueSquareLondonTemplateBuilderLiveTest) succeeded: 1ms
Test suite progress: tests succeeded: 34, failed: 0, skipped: 0.
Starting test testTemplateBuilderCannotFind(org.jclouds.elastichosts.compute.ElasticHostsBlueSquareLondonTemplateBuilderLiveTest)
[TestNG] Test testTemplateBuilderCannotFind(org.jclouds.elastichosts.compute.ElasticHostsBlueSquareLondonTemplateBuilderLiveTest) succeeded: 1ms
Test suite progress: tests succeeded: 35, failed: 0, skipped: 0.
Starting test testTemplateBuilderCannotFind(org.jclouds.elastichosts.compute.ElasticHostsBlueSquareLondonTemplateBuilderLiveTest)
[TestNG] Test testTemplateBuilderCannotFind(org.jclouds.elastichosts.compute.ElasticHostsBlueSquareLondonTemplateBuilderLiveTest) succeeded: 1ms
Test suite progress: tests succeeded: 36, failed: 0, skipped: 0.
Starting test testTemplateBuilderCannotFind(org.jclouds.elastichosts.compute.ElasticHostsBlueSquareLondonTemplateBuilderLiveTest)
[TestNG] Test testTemplateBuilderCannotFind(org.jclouds.elastichosts.compute.ElasticHostsBlueSquareLondonTemplateBuilderLiveTest) succeeded: 0ms
Test suite progress: tests succeeded: 37, failed: 0, skipped: 0.
Starting test testTemplateBuilderCannotFind(org.jclouds.elastichosts.compute.ElasticHostsBlueSquareLondonTemplateBuilderLiveTest)
[TestNG] Test testTemplateBuilderCannotFind(org.jclouds.elastichosts.compute.ElasticHostsBlueSquareLondonTemplateBuilderLiveTest) succeeded: 0ms
Test suite progress: tests succeeded: 38, failed: 0, skipped: 0.
Starting test testTemplateBuilderCannotFind(org.jclouds.elastichosts.compute.ElasticHostsBlueSquareLondonTemplateBuilderLiveTest)
[TestNG] Test testTemplateBuilderCannotFind(org.jclouds.elastichosts.compute.ElasticHostsBlueSquareLondonTemplateBuilderLiveTest) succeeded: 1ms
Test suite progress: tests succeeded: 39, failed: 0, skipped: 0.
Starting test testTemplateBuilderCannotFind(org.jclouds.elastichosts.compute.ElasticHostsBlueSquareLondonTemplateBuilderLiveTest)
[TestNG] Test testTemplateBuilderCannotFind(org.jclouds.elastichosts.compute.ElasticHostsBlueSquareLondonTemplateBuilderLiveTest) succeeded: 3ms
Test suite progress: tests succeeded: 40, failed: 0, skipped: 0.
Starting test testTemplateBuilderCannotFind(org.jclouds.elastichosts.compute.ElasticHostsBlueSquareLondonTemplateBuilderLiveTest)
[TestNG] Test testTemplateBuilderCannotFind(org.jclouds.elastichosts.compute.ElasticHostsBlueSquareLondonTemplateBuilderLiveTest) succeeded: 2ms
Test suite progress: tests succeeded: 41, failed: 0, skipped: 0.
Starting test testTemplateBuilderCannotFind(org.jclouds.elastichosts.compute.ElasticHostsBlueSquareLondonTemplateBuilderLiveTest)
[TestNG] Test testTemplateBuilderCannotFind(org.jclouds.elastichosts.compute.ElasticHostsBlueSquareLondonTemplateBuilderLiveTest) succeeded: 1ms
Test suite progress: tests succeeded: 42, failed: 0, skipped: 0.
Starting test testTemplateBuilderCannotFind(org.jclouds.elastichosts.compute.ElasticHostsBlueSquareLondonTemplateBuilderLiveTest)
[TestNG] Test testTemplateBuilderCannotFind(org.jclouds.elastichosts.compute.ElasticHostsBlueSquareLondonTemplateBuilderLiveTest) succeeded: 1ms
Test suite progress: tests succeeded: 43, failed: 0, skipped: 0.
Starting test testTemplateBuilderCannotFind(org.jclouds.elastichosts.compute.ElasticHostsBlueSquareLondonTemplateBuilderLiveTest)
[TestNG] Test testTemplateBuilderCannotFind(org.jclouds.elastichosts.compute.ElasticHostsBlueSquareLondonTemplateBuilderLiveTest) succeeded: 2ms
Test suite progress: tests succeeded: 44, failed: 0, skipped: 0.
Starting test testTemplateBuilderCannotFind(org.jclouds.elastichosts.compute.ElasticHostsBlueSquareLondonTemplateBuilderLiveTest)
[TestNG] Test testTemplateBuilderCannotFind(org.jclouds.elastichosts.compute.ElasticHostsBlueSquareLondonTemplateBuilderLiveTest) succeeded: 3ms
Test suite progress: tests succeeded: 45, failed: 0, skipped: 0.
Starting test testTemplateBuilderCannotFind(org.jclouds.elastichosts.compute.ElasticHostsBlueSquareLondonTemplateBuilderLiveTest)
[TestNG] Test testTemplateBuilderCannotFind(org.jclouds.elastichosts.compute.ElasticHostsBlueSquareLondonTemplateBuilderLiveTest) succeeded: 2ms
Test suite progress: tests succeeded: 46, failed: 0, skipped: 0.
Starting test testTemplateBuilderCannotFind(org.jclouds.elastichosts.compute.ElasticHostsBlueSquareLondonTemplateBuilderLiveTest)
[TestNG] Test testTemplateBuilderCannotFind(org.jclouds.elastichosts.compute.ElasticHostsBlueSquareLondonTemplateBuilderLiveTest) succeeded: 2ms
Test suite progress: tests succeeded: 47, failed: 0, skipped: 0.
Starting test testTemplateBuilderCannotFind(org.jclouds.elastichosts.compute.ElasticHostsBlueSquareLondonTemplateBuilderLiveTest)
[TestNG] Test testTemplateBuilderCannotFind(org.jclouds.elastichosts.compute.ElasticHostsBlueSquareLondonTemplateBuilderLiveTest) succeeded: 2ms
Test suite progress: tests succeeded: 48, failed: 0, skipped: 0.
Starting test testTemplateBuilderCannotFind(org.jclouds.elastichosts.compute.ElasticHostsBlueSquareLondonTemplateBuilderLiveTest)
[TestNG] Test testTemplateBuilderCannotFind(org.jclouds.elastichosts.compute.ElasticHostsBlueSquareLondonTemplateBuilderLiveTest) succeeded: 3ms
Test suite progress: tests succeeded: 49, failed: 0, skipped: 0.
Starting test testTemplateBuilderCannotFind(org.jclouds.elastichosts.compute.ElasticHostsBlueSquareLondonTemplateBuilderLiveTest)
[TestNG] Test testTemplateBuilderCannotFind(org.jclouds.elastichosts.compute.ElasticHostsBlueSquareLondonTemplateBuilderLiveTest) succeeded: 2ms
Test suite progress: tests succeeded: 50, failed: 0, skipped: 0.
Starting test testTemplateBuilderCannotFind(org.jclouds.elastichosts.compute.ElasticHostsBlueSquareLondonTemplateBuilderLiveTest)
[TestNG] Test testTemplateBuilderCannotFind(org.jclouds.elastichosts.compute.ElasticHostsBlueSquareLondonTemplateBuilderLiveTest) succeeded: 1ms
Test suite progress: tests succeeded: 51, failed: 0, skipped: 0.
Starting test testTemplateBuilderCannotFind(org.jclouds.elastichosts.compute.ElasticHostsBlueSquareLondonTemplateBuilderLiveTest)
[TestNG] Test testTemplateBuilderCannotFind(org.jclouds.elastichosts.compute.ElasticHostsBlueSquareLondonTemplateBuilderLiveTest) succeeded: 2ms
Test suite progress: tests succeeded: 52, failed: 0, skipped: 0.
Starting test testTemplateBuilderCannotFind(org.jclouds.elastichosts.compute.ElasticHostsBlueSquareLondonTemplateBuilderLiveTest)
[TestNG] Test testTemplateBuilderCannotFind(org.jclouds.elastichosts.compute.ElasticHostsBlueSquareLondonTemplateBuilderLiveTest) succeeded: 2ms
Test suite progress: tests succeeded: 53, failed: 0, skipped: 0.
Starting test testTemplateBuilderCannotFind(org.jclouds.elastichosts.compute.ElasticHostsBlueSquareLondonTemplateBuilderLiveTest)
[TestNG] Test testTemplateBuilderCannotFind(org.jclouds.elastichosts.compute.ElasticHostsBlueSquareLondonTemplateBuilderLiveTest) succeeded: 2ms
Test suite progress: tests succeeded: 54, failed: 0, skipped: 0.
Starting test testTemplateBuilderCannotFind(org.jclouds.elastichosts.compute.ElasticHostsBlueSquareLondonTemplateBuilderLiveTest)
[TestNG] Test testTemplateBuilderCannotFind(org.jclouds.elastichosts.compute.ElasticHostsBlueSquareLondonTemplateBuilderLiveTest) succeeded: 2ms
Test suite progress: tests succeeded: 55, failed: 0, skipped: 0.
Starting test testTemplateBuilderCannotFind(org.jclouds.elastichosts.compute.ElasticHostsBlueSquareLondonTemplateBuilderLiveTest)
[TestNG] Test testTemplateBuilderCannotFind(org.jclouds.elastichosts.compute.ElasticHostsBlueSquareLondonTemplateBuilderLiveTest) succeeded: 2ms
Test suite progress: tests succeeded: 56, failed: 0, skipped: 0.
Starting test testTemplateBuilderCannotFind(org.jclouds.elastichosts.compute.ElasticHostsBlueSquareLondonTemplateBuilderLiveTest)
[TestNG] Test testTemplateBuilderCannotFind(org.jclouds.elastichosts.compute.ElasticHostsBlueSquareLondonTemplateBuilderLiveTest) succeeded: 1ms
Test suite progress: tests succeeded: 57, failed: 0, skipped: 0.
Starting test testTemplateBuilderCannotFind(org.jclouds.elastichosts.compute.ElasticHostsBlueSquareLondonTemplateBuilderLiveTest)
[TestNG] Test testTemplateBuilderCannotFind(org.jclouds.elastichosts.compute.ElasticHostsBlueSquareLondonTemplateBuilderLiveTest) succeeded: 0ms
Test suite progress: tests succeeded: 58, failed: 0, skipped: 0.
Starting test testTemplateBuilderCannotFind(org.jclouds.elastichosts.compute.ElasticHostsBlueSquareLondonTemplateBuilderLiveTest)
[TestNG] Test testTemplateBuilderCannotFind(org.jclouds.elastichosts.compute.ElasticHostsBlueSquareLondonTemplateBuilderLiveTest) succeeded: 1ms
Test suite progress: tests succeeded: 59, failed: 0, skipped: 0.
Starting test testTemplateBuilderCannotFind(org.jclouds.elastichosts.compute.ElasticHostsBlueSquareLondonTemplateBuilderLiveTest)
[TestNG] Test testTemplateBuilderCannotFind(org.jclouds.elastichosts.compute.ElasticHostsBlueSquareLondonTemplateBuilderLiveTest) succeeded: 0ms
Test suite progress: tests succeeded: 60, failed: 0, skipped: 0.
Starting test testTemplateBuilderCannotFind(org.jclouds.elastichosts.compute.ElasticHostsBlueSquareLondonTemplateBuilderLiveTest)
[TestNG] Test testTemplateBuilderCannotFind(org.jclouds.elastichosts.compute.ElasticHostsBlueSquareLondonTemplateBuilderLiveTest) succeeded: 1ms
Test suite progress: tests succeeded: 61, failed: 0, skipped: 0.
Starting test testTemplateBuilderCannotFind(org.jclouds.elastichosts.compute.ElasticHostsBlueSquareLondonTemplateBuilderLiveTest)
[TestNG] Test testTemplateBuilderCannotFind(org.jclouds.elastichosts.compute.ElasticHostsBlueSquareLondonTemplateBuilderLiveTest) succeeded: 1ms
Test suite progress: tests succeeded: 62, failed: 0, skipped: 0.
Starting test testTemplateBuilderCannotFind(org.jclouds.elastichosts.compute.ElasticHostsBlueSquareLondonTemplateBuilderLiveTest)
[TestNG] Test testTemplateBuilderCannotFind(org.jclouds.elastichosts.compute.ElasticHostsBlueSquareLondonTemplateBuilderLiveTest) succeeded: 1ms
Test suite progress: tests succeeded: 63, failed: 0, skipped: 0.
Starting test testTemplateBuilderCannotFind(org.jclouds.elastichosts.compute.ElasticHostsBlueSquareLondonTemplateBuilderLiveTest)
[TestNG] Test testTemplateBuilderCannotFind(org.jclouds.elastichosts.compute.ElasticHostsBlueSquareLondonTemplateBuilderLiveTest) succeeded: 14ms
Test suite progress: tests succeeded: 64, failed: 0, skipped: 0.
Starting test testTemplateBuilderCannotFind(org.jclouds.elastichosts.compute.ElasticHostsBlueSquareLondonTemplateBuilderLiveTest)
[TestNG] Test testTemplateBuilderCannotFind(org.jclouds.elastichosts.compute.ElasticHostsBlueSquareLondonTemplateBuilderLiveTest) succeeded: 3ms
Test suite progress: tests succeeded: 65, failed: 0, skipped: 0.
Starting test testTemplateBuilderCannotFind(org.jclouds.elastichosts.compute.ElasticHostsBlueSquareLondonTemplateBuilderLiveTest)
[TestNG] Test testTemplateBuilderCannotFind(org.jclouds.elastichosts.compute.ElasticHostsBlueSquareLondonTemplateBuilderLiveTest) succeeded: 0ms
Test suite progress: tests succeeded: 66, failed: 0, skipped: 0.
Starting test testTemplateBuilderCannotFind(org.jclouds.elastichosts.compute.ElasticHostsBlueSquareLondonTemplateBuilderLiveTest)
[TestNG] Test testTemplateBuilderCannotFind(org.jclouds.elastichosts.compute.ElasticHostsBlueSquareLondonTemplateBuilderLiveTest) succeeded: 0ms
Test suite progress: tests succeeded: 67, failed: 0, skipped: 0.
Starting test testTemplateBuilderCannotFind(org.jclouds.elastichosts.compute.ElasticHostsBlueSquareLondonTemplateBuilderLiveTest)
[TestNG] Test testTemplateBuilderCannotFind(org.jclouds.elastichosts.compute.ElasticHostsBlueSquareLondonTemplateBuilderLiveTest) succeeded: 1ms
Test suite progress: tests succeeded: 68, failed: 0, skipped: 0.
Starting test testTemplateBuilderCannotFind(org.jclouds.elastichosts.compute.ElasticHostsBlueSquareLondonTemplateBuilderLiveTest)
[TestNG] Test testTemplateBuilderCannotFind(org.jclouds.elastichosts.compute.ElasticHostsBlueSquareLondonTemplateBuilderLiveTest) succeeded: 1ms
Test suite progress: tests succeeded: 69, failed: 0, skipped: 0.
Starting test testTemplateBuilderCannotFind(org.jclouds.elastichosts.compute.ElasticHostsBlueSquareLondonTemplateBuilderLiveTest)
[TestNG] Test testTemplateBuilderCannotFind(org.jclouds.elastichosts.compute.ElasticHostsBlueSquareLondonTemplateBuilderLiveTest) succeeded: 0ms
Test suite progress: tests succeeded: 70, failed: 0, skipped: 0.
Starting test testTemplateBuilderCannotFind(org.jclouds.elastichosts.compute.ElasticHostsBlueSquareLondonTemplateBuilderLiveTest)
[TestNG] Test testTemplateBuilderCannotFind(org.jclouds.elastichosts.compute.ElasticHostsBlueSquareLondonTemplateBuilderLiveTest) succeeded: 0ms
Test suite progress: tests succeeded: 71, failed: 0, skipped: 0.
Starting test testTemplateBuilderCannotFind(org.jclouds.elastichosts.compute.ElasticHostsBlueSquareLondonTemplateBuilderLiveTest)
[TestNG] Test testTemplateBuilderCannotFind(org.jclouds.elastichosts.compute.ElasticHostsBlueSquareLondonTemplateBuilderLiveTest) succeeded: 1ms
Test suite progress: tests succeeded: 72, failed: 0, skipped: 0.
Starting test testTemplateBuilderCannotFind(org.jclouds.elastichosts.compute.ElasticHostsBlueSquareLondonTemplateBuilderLiveTest)
[TestNG] Test testTemplateBuilderCannotFind(org.jclouds.elastichosts.compute.ElasticHostsBlueSquareLondonTemplateBuilderLiveTest) succeeded: 1ms
Test suite progress: tests succeeded: 73, failed: 0, skipped: 0.
Starting test testTemplateBuilderCannotFind(org.jclouds.elastichosts.compute.ElasticHostsBlueSquareLondonTemplateBuilderLiveTest)
[TestNG] Test testTemplateBuilderCannotFind(org.jclouds.elastichosts.compute.ElasticHostsBlueSquareLondonTemplateBuilderLiveTest) succeeded: 0ms
Test suite progress: tests succeeded: 74, failed: 0, skipped: 0.
Starting test testTemplateBuilderCannotFind(org.jclouds.elastichosts.compute.ElasticHostsBlueSquareLondonTemplateBuilderLiveTest)
[TestNG] Test testTemplateBuilderCannotFind(org.jclouds.elastichosts.compute.ElasticHostsBlueSquareLondonTemplateBuilderLiveTest) succeeded: 0ms
Test suite progress: tests succeeded: 75, failed: 0, skipped: 0.
Starting test testTemplateBuilderCannotFind(org.jclouds.elastichosts.compute.ElasticHostsBlueSquareLondonTemplateBuilderLiveTest)
[TestNG] Test testTemplateBuilderCannotFind(org.jclouds.elastichosts.compute.ElasticHostsBlueSquareLondonTemplateBuilderLiveTest) succeeded: 1ms
Test suite progress: tests succeeded: 76, failed: 0, skipped: 0.
Starting test testTemplateBuilderCannotFind(org.jclouds.elastichosts.compute.ElasticHostsBlueSquareLondonTemplateBuilderLiveTest)
[TestNG] Test testTemplateBuilderCannotFind(org.jclouds.elastichosts.compute.ElasticHostsBlueSquareLondonTemplateBuilderLiveTest) succeeded: 1ms
Test suite progress: tests succeeded: 77, failed: 0, skipped: 0.
Starting test testTemplateBuilderCannotFind(org.jclouds.elastichosts.compute.ElasticHostsBlueSquareLondonTemplateBuilderLiveTest)
[TestNG] Test testTemplateBuilderCannotFind(org.jclouds.elastichosts.compute.ElasticHostsBlueSquareLondonTemplateBuilderLiveTest) succeeded: 1ms
Test suite progress: tests succeeded: 78, failed: 0, skipped: 0.
Starting test testTemplateBuilderCannotFind(org.jclouds.elastichosts.compute.ElasticHostsBlueSquareLondonTemplateBuilderLiveTest)
[TestNG] Test testTemplateBuilderCannotFind(org.jclouds.elastichosts.compute.ElasticHostsBlueSquareLondonTemplateBuilderLiveTest) succeeded: 0ms
Test suite progress: tests succeeded: 79, failed: 0, skipped: 0.
Starting test testTemplateBuilderCannotFind(org.jclouds.elastichosts.compute.ElasticHostsBlueSquareLondonTemplateBuilderLiveTest)
[TestNG] Test testTemplateBuilderCannotFind(org.jclouds.elastichosts.compute.ElasticHostsBlueSquareLondonTemplateBuilderLiveTest) succeeded: 1ms
Test suite progress: tests succeeded: 80, failed: 0, skipped: 0.
Starting test testTemplateBuilderCannotFind(org.jclouds.elastichosts.compute.ElasticHostsBlueSquareLondonTemplateBuilderLiveTest)
[TestNG] Test testTemplateBuilderCannotFind(org.jclouds.elastichosts.compute.ElasticHostsBlueSquareLondonTemplateBuilderLiveTest) succeeded: 1ms
Test suite progress: tests succeeded: 81, failed: 0, skipped: 0.
Starting test testTemplateBuilderCannotFind(org.jclouds.elastichosts.compute.ElasticHostsBlueSquareLondonTemplateBuilderLiveTest)
[TestNG] Test testTemplateBuilderCannotFind(org.jclouds.elastichosts.compute.ElasticHostsBlueSquareLondonTemplateBuilderLiveTest) succeeded: 1ms
Test suite progress: tests succeeded: 82, failed: 0, skipped: 0.
Starting test testTemplateBuilderCannotFind(org.jclouds.elastichosts.compute.ElasticHostsBlueSquareLondonTemplateBuilderLiveTest)
[TestNG] Test testTemplateBuilderCannotFind(org.jclouds.elastichosts.compute.ElasticHostsBlueSquareLondonTemplateBuilderLiveTest) succeeded: 1ms
Test suite progress: tests succeeded: 83, failed: 0, skipped: 0.
Starting test testTemplateBuilderCannotFind(org.jclouds.elastichosts.compute.ElasticHostsBlueSquareLondonTemplateBuilderLiveTest)
[TestNG] Test testTemplateBuilderCannotFind(org.jclouds.elastichosts.compute.ElasticHostsBlueSquareLondonTemplateBuilderLiveTest) succeeded: 0ms
Test suite progress: tests succeeded: 84, failed: 0, skipped: 0.
Starting test testTemplateBuilderCannotFind(org.jclouds.elastichosts.compute.ElasticHostsBlueSquareLondonTemplateBuilderLiveTest)
[TestNG] Test testTemplateBuilderCannotFind(org.jclouds.elastichosts.compute.ElasticHostsBlueSquareLondonTemplateBuilderLiveTest) succeeded: 1ms
Test suite progress: tests succeeded: 85, failed: 0, skipped: 0.
Starting test testTemplateBuilderCannotFind(org.jclouds.elastichosts.compute.ElasticHostsBlueSquareLondonTemplateBuilderLiveTest)
[TestNG] Test testTemplateBuilderCannotFind(org.jclouds.elastichosts.compute.ElasticHostsBlueSquareLondonTemplateBuilderLiveTest) succeeded: 1ms
Test suite progress: tests succeeded: 86, failed: 0, skipped: 0.
Starting test testTemplateBuilderCannotFind(org.jclouds.elastichosts.compute.ElasticHostsBlueSquareLondonTemplateBuilderLiveTest)
[TestNG] Test testTemplateBuilderCannotFind(org.jclouds.elastichosts.compute.ElasticHostsBlueSquareLondonTemplateBuilderLiveTest) succeeded: 1ms
Test suite progress: tests succeeded: 87, failed: 0, skipped: 0.
Starting test testTemplateBuilderCannotFind(org.jclouds.elastichosts.compute.ElasticHostsBlueSquareLondonTemplateBuilderLiveTest)
[TestNG] Test testTemplateBuilderCannotFind(org.jclouds.elastichosts.compute.ElasticHostsBlueSquareLondonTemplateBuilderLiveTest) succeeded: 0ms
Test suite progress: tests succeeded: 88, failed: 0, skipped: 0.
Starting test testTemplateBuilderCannotFind(org.jclouds.elastichosts.compute.ElasticHostsBlueSquareLondonTemplateBuilderLiveTest)
[TestNG] Test testTemplateBuilderCannotFind(org.jclouds.elastichosts.compute.ElasticHostsBlueSquareLondonTemplateBuilderLiveTest) succeeded: 1ms
Test suite progress: tests succeeded: 89, failed: 0, skipped: 0.
Starting test testTemplateBuilderCannotFind(org.jclouds.elastichosts.compute.ElasticHostsBlueSquareLondonTemplateBuilderLiveTest)
[TestNG] Test testTemplateBuilderCannotFind(org.jclouds.elastichosts.compute.ElasticHostsBlueSquareLondonTemplateBuilderLiveTest) succeeded: 1ms
Test suite progress: tests succeeded: 90, failed: 0, skipped: 0.
Starting test testTemplateBuilderCannotFind(org.jclouds.elastichosts.compute.ElasticHostsBlueSquareLondonTemplateBuilderLiveTest)
[TestNG] Test testTemplateBuilderCannotFind(org.jclouds.elastichosts.compute.ElasticHostsBlueSquareLondonTemplateBuilderLiveTest) succeeded: 1ms
Test suite progress: tests succeeded: 91, failed: 0, skipped: 0.
Starting test testTemplateBuilderCannotFind(org.jclouds.elastichosts.compute.ElasticHostsBlueSquareLondonTemplateBuilderLiveTest)
[TestNG] Test testTemplateBuilderCannotFind(org.jclouds.elastichosts.compute.ElasticHostsBlueSquareLondonTemplateBuilderLiveTest) succeeded: 1ms
Test suite progress: tests succeeded: 92, failed: 0, skipped: 0.
Starting test testTemplateBuilderCannotFind(org.jclouds.elastichosts.compute.ElasticHostsBlueSquareLondonTemplateBuilderLiveTest)
[TestNG] Test testTemplateBuilderCannotFind(org.jclouds.elastichosts.compute.ElasticHostsBlueSquareLondonTemplateBuilderLiveTest) succeeded: 0ms
Test suite progress: tests succeeded: 93, failed: 0, skipped: 0.
Starting test testTemplateBuilderCannotFind(org.jclouds.elastichosts.compute.ElasticHostsBlueSquareLondonTemplateBuilderLiveTest)
[TestNG] Test testTemplateBuilderCannotFind(org.jclouds.elastichosts.compute.ElasticHostsBlueSquareLondonTemplateBuilderLiveTest) succeeded: 1ms
Test suite progress: tests succeeded: 94, failed: 0, skipped: 0.
Starting test testTemplateBuilderCannotFind(org.jclouds.elastichosts.compute.ElasticHostsBlueSquareLondonTemplateBuilderLiveTest)
[TestNG] Test testTemplateBuilderCannotFind(org.jclouds.elastichosts.compute.ElasticHostsBlueSquareLondonTemplateBuilderLiveTest) succeeded: 1ms
Test suite progress: tests succeeded: 95, failed: 0, skipped: 0.
Starting test testTemplateBuilderCannotFind(org.jclouds.elastichosts.compute.ElasticHostsBlueSquareLondonTemplateBuilderLiveTest)
[TestNG] Test testTemplateBuilderCannotFind(org.jclouds.elastichosts.compute.ElasticHostsBlueSquareLondonTemplateBuilderLiveTest) succeeded: 1ms
Test suite progress: tests succeeded: 96, failed: 0, skipped: 0.
Starting test testTemplateBuilderCannotFind(org.jclouds.elastichosts.compute.ElasticHostsBlueSquareLondonTemplateBuilderLiveTest)
[TestNG] Test testTemplateBuilderCannotFind(org.jclouds.elastichosts.compute.ElasticHostsBlueSquareLondonTemplateBuilderLiveTest) succeeded: 0ms
Test suite progress: tests succeeded: 97, failed: 0, skipped: 0.
Starting test testTemplateBuilderCannotFind(org.jclouds.elastichosts.compute.ElasticHostsBlueSquareLondonTemplateBuilderLiveTest)
[TestNG] Test testTemplateBuilderCannotFind(org.jclouds.elastichosts.compute.ElasticHostsBlueSquareLondonTemplateBuilderLiveTest) succeeded: 1ms
Test suite progress: tests succeeded: 98, failed: 0, skipped: 0.
Starting test testTemplateBuilderWithImageIdSpecified(org.jclouds.elastichosts.compute.ElasticHostsBlueSquareLondonTemplateBuilderLiveTest)
[TestNG] Test testCreateDrive(org.jclouds.elastichosts.ElasticHostsBlueSquareLondonClientLiveTest) succeeded: 13923ms
Test suite progress: tests succeeded: 99, failed: 0, skipped: 0.
Starting test testGetDrive(org.jclouds.elastichosts.ElasticHostsBlueSquareLondonClientLiveTest)
[TestNG] Test testGetDrive(org.jclouds.elastichosts.ElasticHostsBlueSquareLondonClientLiveTest) succeeded: 2820ms
Test suite progress: tests succeeded: 100, failed: 0, skipped: 0.
Starting test testGetServer(org.jclouds.elastichosts.ElasticHostsBlueSquareLondonClientLiveTest)
[TestNG] Test testGetServer(org.jclouds.elastichosts.ElasticHostsBlueSquareLondonClientLiveTest) succeeded: 1907ms
Test suite progress: tests succeeded: 101, failed: 0, skipped: 0.
Starting test testListDriveInfo(org.jclouds.elastichosts.ElasticHostsBlueSquareLondonClientLiveTest)
[TestNG] Test testListDriveInfo(org.jclouds.elastichosts.ElasticHostsBlueSquareLondonClientLiveTest) succeeded: 939ms
Test suite progress: tests succeeded: 102, failed: 0, skipped: 0.
Starting test testListDrives(org.jclouds.elastichosts.ElasticHostsBlueSquareLondonClientLiveTest)
[TestNG] Test testListDrives(org.jclouds.elastichosts.ElasticHostsBlueSquareLondonClientLiveTest) succeeded: 1411ms
Test suite progress: tests succeeded: 103, failed: 0, skipped: 0.
Starting test testListServers(org.jclouds.elastichosts.ElasticHostsBlueSquareLondonClientLiveTest)
[TestNG] Test testListServers(org.jclouds.elastichosts.ElasticHostsBlueSquareLondonClientLiveTest) succeeded: 952ms
Test suite progress: tests succeeded: 104, failed: 0, skipped: 0.
Starting test testWeCanReadAndWriteToDrive(org.jclouds.elastichosts.ElasticHostsBlueSquareLondonClientLiveTest)
[TestNG] Test testWeCanReadAndWriteToDrive(org.jclouds.elastichosts.ElasticHostsBlueSquareLondonClientLiveTest) succeeded: 5979ms
Test suite progress: tests succeeded: 105, failed: 0, skipped: 0.
Starting test testListServerInfo(org.jclouds.elastichosts.ElasticHostsBlueSquareLondonClientLiveTest)
[TestNG] Test testListServerInfo(org.jclouds.elastichosts.ElasticHostsBlueSquareLondonClientLiveTest) succeeded: 966ms
Test suite progress: tests succeeded: 106, failed: 0, skipped: 0.
Starting test testSetDriveData(org.jclouds.elastichosts.ElasticHostsBlueSquareLondonClientLiveTest)
[TestNG] Test testTemplateBuilderWithImageIdSpecified(org.jclouds.elastichosts.compute.ElasticHostsBlueSquareLondonTemplateBuilderLiveTest) succeeded: 19380ms
Test suite progress: tests succeeded: 107, failed: 0, skipped: 0.
Starting test testTemplateBuilderWithLoginUserSpecified(org.jclouds.elastichosts.compute.ElasticHostsBlueSquareLondonTemplateBuilderLiveTest)
[TestNG] Test testSetDriveData(org.jclouds.elastichosts.ElasticHostsBlueSquareLondonClientLiveTest) succeeded: 9951ms
Test suite progress: tests succeeded: 108, failed: 0, skipped: 0.
Starting test testWeCopyADriveContentsViaGzip(org.jclouds.elastichosts.ElasticHostsBlueSquareLondonClientLiveTest)
[TestNG] Test testTemplateBuilderWithLoginUserSpecified(org.jclouds.elastichosts.compute.ElasticHostsBlueSquareLondonTemplateBuilderLiveTest) succeeded: 19038ms
Test suite progress: tests succeeded: 109, failed: 0, skipped: 0.
Starting test testTemplateBuilder(org.jclouds.elastichosts.compute.ElasticHostsBlueSquareLondonTemplateBuilderLiveTest)
[TestNG] Test testTemplateBuilder(org.jclouds.elastichosts.compute.ElasticHostsBlueSquareLondonTemplateBuilderLiveTest) succeeded: 18ms
Test suite progress: tests succeeded: 110, failed: 0, skipped: 0.
before image; drive 2[size=4194304, claimType=exclusive, readers=[], uuid=97410458-67df-4efb-9ff7-227c9b4fabfe, name=adriancole.test2, tags=[], userMetadata={}, status=active, user=2e5d4c10-eea0-4513-a28e-21bf1c8ccfdc, claimed=[], encryptionCipher=aes-xts-plain, imaging=null, metrics=[readBytes=0, readRequests=0, writeBytes=0, writeRequests=0]]
before image; drive 3[size=4194304, claimType=exclusive, readers=[], uuid=eedc67fd-054e-49a4-b6f8-553a151c4c3e, name=adriancole.test3, tags=[], userMetadata={}, status=active, user=2e5d4c10-eea0-4513-a28e-21bf1c8ccfdc, claimed=[], encryptionCipher=aes-xts-plain, imaging=null, metrics=[readBytes=0, readRequests=0, writeBytes=0, writeRequests=0]]
after image; drive 2[size=4194304, claimType=exclusive, readers=[], uuid=97410458-67df-4efb-9ff7-227c9b4fabfe, name=adriancole.test2, tags=[], userMetadata={}, status=active, user=2e5d4c10-eea0-4513-a28e-21bf1c8ccfdc, claimed=[], encryptionCipher=aes-xts-plain, imaging=null, metrics=[readBytes=0, readRequests=0, writeBytes=0, writeRequests=0]]
after image; drive 3[size=4194304, claimType=exclusive, readers=[], uuid=eedc67fd-054e-49a4-b6f8-553a151c4c3e, name=adriancole.test3, tags=[], userMetadata={}, status=active, user=2e5d4c10-eea0-4513-a28e-21bf1c8ccfdc, claimed=[], encryptionCipher=aes-xts-plain, imaging=null, metrics=[readBytes=0, readRequests=0, writeBytes=0, writeRequests=0]]
[TestNG] Test testWeCopyADriveContentsViaGzip(org.jclouds.elastichosts.ElasticHostsBlueSquareLondonClientLiveTest) succeeded: 38707ms
Test suite progress: tests succeeded: 111, failed: 0, skipped: 0.
Starting test testCreateAndStartServer(org.jclouds.elastichosts.ElasticHostsBlueSquareLondonClientLiveTest)
Sep 16, 2012 4:03:30 PM org.jclouds.elasticstack.ElasticStackClientLiveTest testCreateAndStartServer
INFO: preparing drive
before prepare[size=1073741824, claimType=shared, readers=[ffffffff-ffff-ffff-ffff-ffffffffffff], uuid=09282954-e435-4724-9e8a-03b90e513e22, name=rediculous, tags=[networking, security, gateway], userMetadata={foo=bar}, status=active, user=2e5d4c10-eea0-4513-a28e-21bf1c8ccfdc, claimed=[], encryptionCipher=aes-xts-plain, imaging=null, metrics=[readBytes=0, readRequests=0, writeBytes=0, writeRequests=0]]
Sep 16, 2012 4:06:52 PM org.jclouds.compute.internal.BaseComputeServiceLiveTest createAndRunAServiceInGroup
INFO: << available node(00c86992-5bf8-4f0a-80e2-a6bf023d84b2) os({family=ubuntu, name=Ubuntu Linux 11.10, version=11.10, description=OLD img/Ubuntu Linux 11.10/1, is64Bit=true}) in 274s
SLF4J: Failed to load class "org.slf4j.impl.StaticLoggerBinder".
SLF4J: Defaulting to no-operation (NOP) logger implementation
SLF4J: See http://www.slf4j.org/codes.html#StaticLoggerBinder for further details.
[TestNG] Test testCreateAndRunAService(org.jclouds.elastichosts.compute.ElasticHostsBlueSquareLondonComputeServiceLiveTest) failed.
Test suite progress: tests succeeded: 111, failed: 1, skipped: 0.
Starting test testCorrectAuthException(org.jclouds.elastichosts.compute.ElasticHostsBlueSquareLondonComputeServiceLiveTest)
[TestNG] Test testCorrectAuthException(org.jclouds.elastichosts.compute.ElasticHostsBlueSquareLondonComputeServiceLiveTest) succeeded: 1069ms
Test suite progress: tests succeeded: 112, failed: 1, skipped: 0.
Starting test testAScriptExecutionAfterBootWithBasicTemplate(org.jclouds.elastichosts.compute.ElasticHostsBlueSquareLondonComputeServiceLiveTest)
after prepare[size=1073741824, claimType=shared, readers=[ffffffff-ffff-ffff-ffff-ffffffffffff], uuid=09282954-e435-4724-9e8a-03b90e513e22, name=rediculous, tags=[networking, security, gateway], userMetadata={foo=bar}, status=active, user=2e5d4c10-eea0-4513-a28e-21bf1c8ccfdc, claimed=[], encryptionCipher=aes-xts-plain, imaging=null, metrics=[readBytes=0, readRequests=0, writeBytes=0, writeRequests=0]]
Sep 16, 2012 4:07:49 PM org.jclouds.elasticstack.ElasticStackClientLiveTest testCreateAndStartServer
INFO: starting server
{"status":"ACTIVE","started":"Jan 16, 1970 6:23:56 AM","user":"2e5d4c10-eea0-4513-a28e-21bf1c8ccfdc","metrics":{"txPackets":0,"tx":0,"rxPackets":0,"rx":0,"driveMetrics":{"ide:0:0":{"readBytes":0,"readRequests":0,"writeBytes":0,"writeRequests":0}}},"cpu":1000,"smp":1,"mem":512,"persistent":true,"devices":{"ide:0:0":{"bus":0,"unit":0,"driveUuid":"09282954-e435-4724-9e8a-03b90e513e22","mediaType":"DISK"}},"bootDeviceIds":["ide:0:0"],"nics":[{"dhcp":"84.45.121.120","model":"E1000","mac":"02:00:54:2d:79:78","block":["tcp/25"]}],"vnc":{"ip":"84.45.121.120","password":"Il0veVNC","tls":false},"uuid":"398bad91-473d-4649-a859-c2c3ce8bca97","name":"adriancole.test","tags":[],"userMetadata":{}}
[TestNG] Test testCreateAndStartServer(org.jclouds.elastichosts.ElasticHostsBlueSquareLondonClientLiveTest) succeeded: 274157ms
Test suite progress: tests succeeded: 113, failed: 1, skipped: 0.
Starting test testConnectivity(org.jclouds.elastichosts.ElasticHostsBlueSquareLondonClientLiveTest)
Sep 16, 2012 4:08:04 PM org.jclouds.elasticstack.ElasticStackClientLiveTest testConnectivity
INFO: awaiting vnc: 84.45.121.120:5900
Sep 16, 2012 4:08:05 PM org.jclouds.elasticstack.ElasticStackClientLiveTest testConnectivity
INFO: awaiting ssh: 84.45.121.120:22
Filesystem           1K-blocks      Used Available Use% Mounted on
/dev/sda               1033144    661644    322036  68% /
udev                    244340         4    244336   1% /dev
tmpfs                   100900       216    100684   1% /run
none                      5120         0      5120   0% /run/lock
none                    252248         0    252248   0% /run/shm

/dev/sda on / type ext3 (rw,noatime)
proc on /proc type proc (rw)
sysfs on /sys type sysfs (rw,noexec,nosuid,nodev)
fusectl on /sys/fs/fuse/connections type fusectl (rw)
none on /sys/kernel/debug type debugfs (rw)
none on /sys/kernel/security type securityfs (rw)
udev on /dev type devtmpfs (rw,mode=0755)
devpts on /dev/pts type devpts (rw,noexec,nosuid,gid=5,mode=0620)
tmpfs on /run type tmpfs (rw,noexec,nosuid,size=10%,mode=0755)
none on /run/lock type tmpfs (rw,noexec,nosuid,nodev,size=5242880)
none on /run/shm type tmpfs (rw,nosuid,nodev)

Linux ubuntu 3.0.0-12-generic #20-Ubuntu SMP Fri Oct 7 14:56:25 UTC 2011 x86_64 x86_64 x86_64 GNU/Linux

[TestNG] Test testConnectivity(org.jclouds.elastichosts.ElasticHostsBlueSquareLondonClientLiveTest) succeeded: 32360ms
Test suite progress: tests succeeded: 114, failed: 1, skipped: 0.
Starting test testLifeCycle(org.jclouds.elastichosts.ElasticHostsBlueSquareLondonClientLiveTest)
[TestNG] Test testLifeCycle(org.jclouds.elastichosts.ElasticHostsBlueSquareLondonClientLiveTest) succeeded: 15922ms
Test suite progress: tests succeeded: 115, failed: 1, skipped: 0.
Starting test testSetServerConfiguration(org.jclouds.elastichosts.ElasticHostsBlueSquareLondonClientLiveTest)
[TestNG] Test testSetServerConfiguration(org.jclouds.elastichosts.ElasticHostsBlueSquareLondonClientLiveTest) succeeded: 8288ms
Test suite progress: tests succeeded: 116, failed: 1, skipped: 0.
Starting test testDestroyServer(org.jclouds.elastichosts.ElasticHostsBlueSquareLondonClientLiveTest)
[TestNG] Test testDestroyServer(org.jclouds.elastichosts.ElasticHostsBlueSquareLondonClientLiveTest) succeeded: 1950ms
Test suite progress: tests succeeded: 117, failed: 1, skipped: 0.
Starting test testDestroyDrive(org.jclouds.elastichosts.ElasticHostsBlueSquareLondonClientLiveTest)
[TestNG] Test testDestroyDrive(org.jclouds.elastichosts.ElasticHostsBlueSquareLondonClientLiveTest) succeeded: 5578ms
Test suite progress: tests succeeded: 118, failed: 1, skipped: 0.
<< problem applying options to node(6dcb40bb-6754-4108-84b4-404ae7b3ba1c): 
org.jclouds.rest.AuthorizationException: (toor:pw[5d907853a9617cfd55fb62eae803595b]@84.45.121.107:22) (toor:pw[5d907853a9617cfd55fb62eae803595b]@84.45.121.107:22) error acquiring {hostAndPort=84.45.121.107:22, loginUser=toor, ssh=null, connectTimeout=60000, sessionTimeout=60000} (out of retries - max 5): Exhausted available authentication methods
	at org.jclouds.sshj.SshjSshClient.propagate(SshjSshClient.java:380)
	at org.jclouds.sshj.SshjSshClient.acquire(SshjSshClient.java:201)
	at org.jclouds.sshj.SshjSshClient.connect(SshjSshClient.java:221)
	at org.jclouds.compute.callables.RunScriptOnNodeUsingSsh.call(RunScriptOnNodeUsingSsh.java:80)
	at org.jclouds.compute.strategy.RunScriptOnNodeAndAddToGoodMapOrPutExceptionIntoBadMap.call(RunScriptOnNodeAndAddToGoodMapOrPutExceptionIntoBadMap.java:69)
	at org.jclouds.compute.strategy.RunScriptOnNodeAndAddToGoodMapOrPutExceptionIntoBadMap.call(RunScriptOnNodeAndAddToGoodMapOrPutExceptionIntoBadMap.java:44)
	at java.util.concurrent.FutureTask$Sync.innerRun(FutureTask.java:303)
	at java.util.concurrent.FutureTask.run(FutureTask.java:138)
	at java.util.concurrent.ThreadPoolExecutor$Worker.runTask(ThreadPoolExecutor.java:886)
	at java.util.concurrent.ThreadPoolExecutor$Worker.run(ThreadPoolExecutor.java:908)
	at java.lang.Thread.run(Thread.java:680)
Caused by: net.schmizz.sshj.userauth.UserAuthException: Exhausted available authentication methods
	at net.schmizz.sshj.userauth.UserAuthImpl.authenticate(UserAuthImpl.java:114)
	at net.schmizz.sshj.SSHClient.auth(SSHClient.java:205)
	at net.schmizz.sshj.SSHClient.auth(SSHClient.java:190)
	at net.schmizz.sshj.SSHClient.authPassword(SSHClient.java:266)
	at net.schmizz.sshj.SSHClient.authPassword(SSHClient.java:236)
	at net.schmizz.sshj.SSHClient.authPassword(SSHClient.java:220)
	at org.jclouds.sshj.SSHClientConnection.create(SSHClientConnection.java:140)
	at org.jclouds.sshj.SSHClientConnection.create(SSHClientConnection.java:40)
	at org.jclouds.sshj.SshjSshClient.acquire(SshjSshClient.java:191)
	... 9 more
Caused by: net.schmizz.sshj.userauth.UserAuthException: keyboard-interactive auth not allowed by server
	at net.schmizz.sshj.userauth.UserAuthImpl.authenticate(UserAuthImpl.java:81)
	... 17 more
[TestNG] Test testAScriptExecutionAfterBootWithBasicTemplate(org.jclouds.elastichosts.compute.ElasticHostsBlueSquareLondonComputeServiceLiveTest) succeeded: 212430ms
Test suite progress: tests succeeded: 119, failed: 1, skipped: 0.
Starting test testConcurrentUseOfComputeServiceToCreateNodes(org.jclouds.elastichosts.compute.ElasticHostsBlueSquareLondonComputeServiceLiveTest)
Sep 16, 2012 4:12:14 PM org.jclouds.compute.internal.BaseComputeServiceLiveTest$1 call
INFO: Started node 0aeb9a43-4af0-4814-9005-d672610fcfb7
Sep 16, 2012 4:12:34 PM org.jclouds.compute.internal.BaseComputeServiceLiveTest$1 call
INFO: Started node 568ba66e-aedf-4641-88a1-01fdafcd92da
[TestNG] Test testConcurrentUseOfComputeServiceToCreateNodes(org.jclouds.elastichosts.compute.ElasticHostsBlueSquareLondonComputeServiceLiveTest) succeeded: 116201ms
Test suite progress: tests succeeded: 120, failed: 1, skipped: 0.
Starting test testTemplateMatch(org.jclouds.elastichosts.compute.ElasticHostsBlueSquareLondonComputeServiceLiveTest)
[TestNG] Test testTemplateMatch(org.jclouds.elastichosts.compute.ElasticHostsBlueSquareLondonComputeServiceLiveTest) succeeded: 8ms
Test suite progress: tests succeeded: 121, failed: 1, skipped: 0.
Starting test testCreateTwoNodesWithRunScript(org.jclouds.elastichosts.compute.ElasticHostsBlueSquareLondonComputeServiceLiveTest)
[TestNG] Test testCreateTwoNodesWithRunScript(org.jclouds.elastichosts.compute.ElasticHostsBlueSquareLondonComputeServiceLiveTest) succeeded: 151619ms
Test suite progress: tests succeeded: 122, failed: 1, skipped: 0.
Starting test testCreateAnotherNodeWithANewContextToEnsureSharedMemIsntRequired(org.jclouds.elastichosts.compute.ElasticHostsBlueSquareLondonComputeServiceLiveTest)
Sep 16, 2012 4:15:26 PM org.jclouds.compute.internal.BaseComputeServiceLiveTest testCreateAnotherNodeWithANewContextToEnsureSharedMemIsntRequired
INFO: creating another node based on existing nodes' location: {scope=PROVIDER, id=elastichosts-lon-b, description=https://api-lon-b.elastichosts.com, iso3166Codes=[GB-LND]}
[TestNG] Test testCreateAnotherNodeWithANewContextToEnsureSharedMemIsntRequired(org.jclouds.elastichosts.compute.ElasticHostsBlueSquareLondonComputeServiceLiveTest) succeeded: 143435ms
Test suite progress: tests succeeded: 123, failed: 1, skipped: 0.
Starting test testCredentialsCache(org.jclouds.elastichosts.compute.ElasticHostsBlueSquareLondonComputeServiceLiveTest)
[TestNG] Test testCredentialsCache(org.jclouds.elastichosts.compute.ElasticHostsBlueSquareLondonComputeServiceLiveTest) succeeded: 104ms
Test suite progress: tests succeeded: 124, failed: 1, skipped: 0.
Starting test testGet(org.jclouds.elastichosts.compute.ElasticHostsBlueSquareLondonComputeServiceLiveTest)
[TestNG] Test testGet(org.jclouds.elastichosts.compute.ElasticHostsBlueSquareLondonComputeServiceLiveTest) succeeded: 17215ms
Test suite progress: tests succeeded: 125, failed: 1, skipped: 0.
Starting test testReboot(org.jclouds.elastichosts.compute.ElasticHostsBlueSquareLondonComputeServiceLiveTest)
[TestNG] Test testReboot(org.jclouds.elastichosts.compute.ElasticHostsBlueSquareLondonComputeServiceLiveTest) succeeded: 15347ms
Test suite progress: tests succeeded: 126, failed: 1, skipped: 0.
Starting test testSuspendResume(org.jclouds.elastichosts.compute.ElasticHostsBlueSquareLondonComputeServiceLiveTest)
[TestNG] Test testSuspendResume(org.jclouds.elastichosts.compute.ElasticHostsBlueSquareLondonComputeServiceLiveTest) succeeded: 49497ms
Test suite progress: tests succeeded: 127, failed: 1, skipped: 0.
Starting test testGetNodesWithDetails(org.jclouds.elastichosts.compute.ElasticHostsBlueSquareLondonComputeServiceLiveTest)
[TestNG] Test testGetNodesWithDetails(org.jclouds.elastichosts.compute.ElasticHostsBlueSquareLondonComputeServiceLiveTest) succeeded: 978ms
Test suite progress: tests succeeded: 128, failed: 1, skipped: 0.
Starting test testListNodes(org.jclouds.elastichosts.compute.ElasticHostsBlueSquareLondonComputeServiceLiveTest)
[TestNG] Test testListNodes(org.jclouds.elastichosts.compute.ElasticHostsBlueSquareLondonComputeServiceLiveTest) succeeded: 1508ms
Test suite progress: tests succeeded: 129, failed: 1, skipped: 0.
Starting test testDestroyNodes(org.jclouds.elastichosts.compute.ElasticHostsBlueSquareLondonComputeServiceLiveTest)
[TestNG] Test testDestroyNodes(org.jclouds.elastichosts.compute.ElasticHostsBlueSquareLondonComputeServiceLiveTest) succeeded: 12763ms
Test suite progress: tests succeeded: 130, failed: 1, skipped: 0.
Tests run: 131, Failures: 1, Errors: 0, Skipped: 0, Time elapsed: 1,050.926 sec <<< FAILURE!

Results :

Failed tests:   testCreateAndRunAService(org.jclouds.elastichosts.compute.ElasticHostsBlueSquareLondonComputeServiceLiveTest): (toor:pw[cb0704ede95d3683c58d674e71230eaf]@84.45.121.120:22) (toor:pw[cb0704ede95d3683c58d674e71230eaf]@84.45.121.120:22) error acquiring {hostAndPort=84.45.121.120:22, loginUser=toor, ssh=null, connectTimeout=60000, sessionTimeout=60000} (out of retries - max 5): Broken transport; encountered EOF

Tests run: 131, Failures: 1, Errors: 0, Skipped: 0

[INFO] ------------------------------------------------------------------------
[INFO] BUILD FAILURE
[INFO] ------------------------------------------------------------------------
[INFO] Total time: 17:43.980s
[INFO] Finished at: Sun Sep 16 16:19:30 PDT 2012
[INFO] Final Memory: 18M/265M
[INFO] ------------------------------------------------------------------------
[ERROR] Failed to execute goal org.apache.maven.plugins:maven-surefire-plugin:2.12:test (integration) on project elastichosts-lon-b: There are test failures.
[ERROR] 
[ERROR] Please refer to /Users/adriancole/workspace/git/jclouds/providers/elastichosts-lon-b/target/surefire-reports for the individual test results.
[ERROR] -> [Help 1]
[ERROR] 
[ERROR] To see the full stack trace of the errors, re-run Maven with the -e switch.
[ERROR] Re-run Maven using the -X switch to enable full debug logging.
[ERROR] 
[ERROR] For more information about the errors and possible solutions, please read the following articles:
[ERROR] [Help 1] http://cwiki.apache.org/confluence/display/MAVEN/MojoFailureException
