[INFO] Scanning for projects...
[WARNING] 
[WARNING] Some problems were encountered while building the effective model for org.jclouds.provider:greenhousedata-element-vcloud:bundle:1.6.0-SNAPSHOT
[WARNING] 'parent.relativePath' of POM org.jclouds:jclouds-project:1.6.0-SNAPSHOT (/Users/adriancole/workspace/git/jclouds/project/pom.xml) points at org.jclouds:jclouds-multi instead of org.sonatype.oss:oss-parent, please verify your project structure @ org.jclouds:jclouds-project:1.6.0-SNAPSHOT, /Users/adriancole/workspace/git/jclouds/project/pom.xml, line 24, column 13
[WARNING] 
[WARNING] It is highly recommended to fix these problems because they threaten the stability of your build.
[WARNING] 
[WARNING] For this reason, future Maven versions might no longer support building such malformed projects.
[WARNING] 
[INFO]                                                                         
[INFO] ------------------------------------------------------------------------
[INFO] Building jclouds Green House Data Element vCloud provider 1.6.0-SNAPSHOT
[INFO] ------------------------------------------------------------------------
[INFO] 
[INFO] --- maven-clean-plugin:2.4.1:clean (default-clean) @ greenhousedata-element-vcloud ---
[INFO] Deleting /Users/adriancole/workspace/git/jclouds/providers/greenhousedata-element-vcloud/target
[INFO] 
[INFO] --- maven-enforcer-plugin:1.1:enforce (enforce-maven) @ greenhousedata-element-vcloud ---
[INFO] 
[INFO] --- maven-enforcer-plugin:1.1:enforce (enforce-banned-dependencies) @ greenhousedata-element-vcloud ---
[INFO] 
[INFO] --- maven-enforcer-plugin:1.1:enforce (enforce-java) @ greenhousedata-element-vcloud ---
[INFO] 
[INFO] --- maven-remote-resources-plugin:1.3:process (process-remote-resources) @ greenhousedata-element-vcloud ---
[INFO] 
[INFO] --- maven-resources-plugin:2.5:resources (default-resources) @ greenhousedata-element-vcloud ---
[debug] execute contextualize
[INFO] Using 'UTF-8' encoding to copy filtered resources.
[INFO] skip non existing resourceDirectory /Users/adriancole/workspace/git/jclouds/providers/greenhousedata-element-vcloud/src/main/clojure
[INFO] Copying 1 resource
[INFO] Copying 2 resources
[INFO] 
[INFO] --- maven-compiler-plugin:2.5:compile (default-compile) @ greenhousedata-element-vcloud ---
[INFO] Compiling 2 source files to /Users/adriancole/workspace/git/jclouds/providers/greenhousedata-element-vcloud/target/classes
[INFO] 
[INFO] --- maven-resources-plugin:2.5:testResources (default-testResources) @ greenhousedata-element-vcloud ---
[debug] execute contextualize
[INFO] Using 'UTF-8' encoding to copy filtered resources.
[INFO] skip non existing resourceDirectory /Users/adriancole/workspace/git/jclouds/providers/greenhousedata-element-vcloud/src/test/clojure
[INFO] Copying 1 resource
[INFO] Copying 2 resources
[INFO] 
[INFO] --- maven-compiler-plugin:2.5:testCompile (default-testCompile) @ greenhousedata-element-vcloud ---
[INFO] Compiling 11 source files to /Users/adriancole/workspace/git/jclouds/providers/greenhousedata-element-vcloud/target/test-classes
[INFO] 
[INFO] --- maven-surefire-plugin:2.12:test (default-test) @ greenhousedata-element-vcloud ---
[INFO] Surefire report directory: /Users/adriancole/workspace/git/jclouds/providers/greenhousedata-element-vcloud/target/surefire-reports

-------------------------------------------------------
 T E S T S
-------------------------------------------------------
Running org.jclouds.greenhousedata.element.vcloud.GreenHouseDataElementVCloudProviderTest
Configuring TestNG with: org.apache.maven.surefire.testng.conf.TestNGMapConfigurator@4139eeda
Starting test testAllContains(org.jclouds.greenhousedata.element.vcloud.GreenHouseDataElementVCloudProviderTest)
[pool-2-thread-1] Test testAllContains(org.jclouds.greenhousedata.element.vcloud.GreenHouseDataElementVCloudProviderTest) succeeded: 12ms
Test suite progress: tests succeeded: 1, failed: 0, skipped: 0.
Starting test testOfApiContains(org.jclouds.greenhousedata.element.vcloud.GreenHouseDataElementVCloudProviderTest)
[pool-2-thread-2] Test testOfApiContains(org.jclouds.greenhousedata.element.vcloud.GreenHouseDataElementVCloudProviderTest) succeeded: 6ms
Test suite progress: tests succeeded: 2, failed: 0, skipped: 0.
Starting test testTransformableToContains(org.jclouds.greenhousedata.element.vcloud.GreenHouseDataElementVCloudProviderTest)
[pool-2-thread-3] Test testTransformableToContains(org.jclouds.greenhousedata.element.vcloud.GreenHouseDataElementVCloudProviderTest) succeeded: 6ms
Test suite progress: tests succeeded: 3, failed: 0, skipped: 0.
Starting test testWithId(org.jclouds.greenhousedata.element.vcloud.GreenHouseDataElementVCloudProviderTest)
[pool-2-thread-4] Test testWithId(org.jclouds.greenhousedata.element.vcloud.GreenHouseDataElementVCloudProviderTest) succeeded: 5ms
Test suite progress: tests succeeded: 4, failed: 0, skipped: 0.
Tests run: 4, Failures: 0, Errors: 0, Skipped: 0, Time elapsed: 1.017 sec

Results :

Tests run: 4, Failures: 0, Errors: 0, Skipped: 0

[INFO] 
[INFO] --- maven-bundle-plugin:2.3.7:bundle (default-bundle) @ greenhousedata-element-vcloud ---
[INFO] 
[INFO] --- maven-jar-plugin:2.4:test-jar (default) @ greenhousedata-element-vcloud ---
[INFO] Building jar: /Users/adriancole/workspace/git/jclouds/providers/greenhousedata-element-vcloud/target/greenhousedata-element-vcloud-1.6.0-SNAPSHOT-tests.jar
[INFO] 
[INFO] --- maven-surefire-plugin:2.12:test (integration) @ greenhousedata-element-vcloud ---
[INFO] Surefire report directory: /Users/adriancole/workspace/git/jclouds/providers/greenhousedata-element-vcloud/target/surefire-reports

-------------------------------------------------------
 T E S T S
-------------------------------------------------------
Running TestSuite
Configuring TestNG with: org.apache.maven.surefire.testng.conf.TestNGMapConfigurator@6115273a
Starting test testGetVApp(org.jclouds.greenhousedata.element.vcloud.features.GreenHouseDataElementVCloudVAppClientLiveTest)
Starting test testListOrgs(org.jclouds.greenhousedata.element.vcloud.features.GreenHouseDataElementVCloudOrgClientLiveTest)
Starting test testFindCatalogIsWriteableIfNotVersion1_5(org.jclouds.greenhousedata.element.vcloud.features.GreenHouseDataElementVCloudCatalogClientLiveTest)
Starting test testCompareSizes(org.jclouds.greenhousedata.element.vcloud.compute.GreenHouseDataElementVCloudTemplateBuilderLiveTest)
Starting test testCompareSizes(org.jclouds.greenhousedata.element.vcloud.compute.GreenHouseDataElementVCloudComputeServiceLiveTest)
[TestNG] Test testGetVApp(org.jclouds.greenhousedata.element.vcloud.features.GreenHouseDataElementVCloudVAppClientLiveTest) succeeded: 4657ms
Test suite progress: tests succeeded: 1, failed: 0, skipped: 0.
[TestNG] Test testListOrgs(org.jclouds.greenhousedata.element.vcloud.features.GreenHouseDataElementVCloudOrgClientLiveTest) succeeded: 4867ms
Test suite progress: tests succeeded: 2, failed: 0, skipped: 0.
Starting test testCaptureVApp(org.jclouds.greenhousedata.element.vcloud.features.GreenHouseDataElementVCloudVAppTemplateClientLiveTest)
Starting test testExtendedOptionsWithCustomizationScript(org.jclouds.greenhousedata.element.vcloud.features.GreenHouseDataElementVCloudVmClientLiveTest)
[TestNG] Test testFindCatalogIsWriteableIfNotVersion1_5(org.jclouds.greenhousedata.element.vcloud.features.GreenHouseDataElementVCloudCatalogClientLiveTest) failed.
Test suite progress: tests succeeded: 2, failed: 1, skipped: 0.
Starting test testGetCatalog(org.jclouds.greenhousedata.element.vcloud.features.GreenHouseDataElementVCloudCatalogClientLiveTest)
[TestNG] Test testGetCatalog(org.jclouds.greenhousedata.element.vcloud.features.GreenHouseDataElementVCloudCatalogClientLiveTest) succeeded: 3325ms
Test suite progress: tests succeeded: 3, failed: 1, skipped: 0.
Sep 17, 2012 8:29:50 AM org.jclouds.compute.internal.BaseComputeServiceLiveTest testCompareSizes
INFO: smallest {id=https://mycloud.greenhousedata.com/api/v1.0/vAppTemplate/vappTemplate-33578b29-1437-4b30-9f9a-4d4a3393b913, providerId=https://mycloud.greenhousedata.com/api/v1.0/vAppTemplate/vappTemplate-33578b29-1437-4b30-9f9a-4d4a3393b913, name=UbuntuServer-x64-2GB, processors=[{cores=1.0, speed=1.0}], ram=256, volumes=[{id=0, type=LOCAL, size=2.0, bootDevice=true, durable=true}], hypervisor=VMware, supportsImage=idEquals(https://mycloud.greenhousedata.com/api/v1.0/vAppTemplate/vappTemplate-33578b29-1437-4b30-9f9a-4d4a3393b913)}
smallest {id=https://mycloud.greenhousedata.com/api/v1.0/vAppTemplate/vappTemplate-33578b29-1437-4b30-9f9a-4d4a3393b913, providerId=https://mycloud.greenhousedata.com/api/v1.0/vAppTemplate/vappTemplate-33578b29-1437-4b30-9f9a-4d4a3393b913, name=UbuntuServer-x64-2GB, processors=[{cores=1.0, speed=1.0}], ram=256, volumes=[{id=0, type=LOCAL, size=2.0, bootDevice=true, durable=true}], hypervisor=VMware, supportsImage=idEquals(https://mycloud.greenhousedata.com/api/v1.0/vAppTemplate/vappTemplate-33578b29-1437-4b30-9f9a-4d4a3393b913)}
fastest {id=https://mycloud.greenhousedata.com/api/v1.0/vAppTemplate/vappTemplate-c896efae-f863-4a41-82ca-966322c25854, providerId=https://mycloud.greenhousedata.com/api/v1.0/vAppTemplate/vappTemplate-c896efae-f863-4a41-82ca-966322c25854, name=OpenVPN_64-bit, processors=[{cores=2.0, speed=1.0}], ram=512, volumes=[{id=0, type=LOCAL, size=8.0, bootDevice=true, durable=true}], hypervisor=VMware, supportsImage=idEquals(https://mycloud.greenhousedata.com/api/v1.0/vAppTemplate/vappTemplate-c896efae-f863-4a41-82ca-966322c25854)}
biggest Sep 17, 2012 8:29:50 AM org.jclouds.compute.internal.BaseComputeServiceLiveTest testCompareSizes
INFO: fastest {id=https://mycloud.greenhousedata.com/api/v1.0/vAppTemplate/vappTemplate-c896efae-f863-4a41-82ca-966322c25854, providerId=https://mycloud.greenhousedata.com/api/v1.0/vAppTemplate/vappTemplate-c896efae-f863-4a41-82ca-966322c25854, name=OpenVPN_64-bit, processors=[{cores=2.0, speed=1.0}], ram=512, volumes=[{id=0, type=LOCAL, size=8.0, bootDevice=true, durable=true}], hypervisor=VMware, supportsImage=idEquals(https://mycloud.greenhousedata.com/api/v1.0/vAppTemplate/vappTemplate-c896efae-f863-4a41-82ca-966322c25854)}
{id=https://mycloud.greenhousedata.com/api/v1.0/vAppTemplate/vappTemplate-c896efae-f863-4a41-82ca-966322c25854, providerId=https://mycloud.greenhousedata.com/api/v1.0/vAppTemplate/vappTemplate-c896efae-f863-4a41-82ca-966322c25854, name=OpenVPN_64-bit, processors=[{cores=2.0, speed=1.0}], ram=512, volumes=[{id=0, type=LOCAL, size=8.0, bootDevice=true, durable=true}], hypervisor=VMware, supportsImage=idEquals(https://mycloud.greenhousedata.com/api/v1.0/vAppTemplate/vappTemplate-c896efae-f863-4a41-82ca-966322c25854)}
[TestNG] Test testCompareSizes(org.jclouds.greenhousedata.element.vcloud.compute.GreenHouseDataElementVCloudTemplateBuilderLiveTest) succeeded: 41727ms
Test suite progress: tests succeeded: 4, failed: 1, skipped: 0.
Starting test testFromTemplate(org.jclouds.greenhousedata.element.vcloud.compute.GreenHouseDataElementVCloudTemplateBuilderLiveTest)
Sep 17, 2012 8:29:50 AM org.jclouds.compute.internal.BaseComputeServiceLiveTest testCompareSizes
INFO: biggest {id=https://mycloud.greenhousedata.com/api/v1.0/vAppTemplate/vappTemplate-c896efae-f863-4a41-82ca-966322c25854, providerId=https://mycloud.greenhousedata.com/api/v1.0/vAppTemplate/vappTemplate-c896efae-f863-4a41-82ca-966322c25854, name=OpenVPN_64-bit, processors=[{cores=2.0, speed=1.0}], ram=512, volumes=[{id=0, type=LOCAL, size=8.0, bootDevice=true, durable=true}], hypervisor=VMware, supportsImage=idEquals(https://mycloud.greenhousedata.com/api/v1.0/vAppTemplate/vappTemplate-c896efae-f863-4a41-82ca-966322c25854)}
[TestNG] Test testCompareSizes(org.jclouds.greenhousedata.element.vcloud.compute.GreenHouseDataElementVCloudComputeServiceLiveTest) succeeded: 41078ms
Test suite progress: tests succeeded: 5, failed: 1, skipped: 0.
Starting test testCorrectExceptionRunningNodesNotFound(org.jclouds.greenhousedata.element.vcloud.compute.GreenHouseDataElementVCloudComputeServiceLiveTest)
[TestNG] Test testFromTemplate(org.jclouds.greenhousedata.element.vcloud.compute.GreenHouseDataElementVCloudTemplateBuilderLiveTest) succeeded: 5ms
Test suite progress: tests succeeded: 6, failed: 1, skipped: 0.
Starting test testGetAssignableLocations(org.jclouds.greenhousedata.element.vcloud.compute.GreenHouseDataElementVCloudTemplateBuilderLiveTest)
location {scope=ZONE, id=https://mycloud.greenhousedata.com/api/v1.0/vdc/e9cd3387-ac57-4d27-a481-9bee75e0690f, description=orgVDC-cloudsoft-Tier1-PAYG, parent=https://mycloud.greenhousedata.com/api/v1.0/org/c076f90a-397a-49fa-89b8-b294c1599cd0}
[TestNG] Test testGetAssignableLocations(org.jclouds.greenhousedata.element.vcloud.compute.GreenHouseDataElementVCloudTemplateBuilderLiveTest) succeeded: 5ms
Test suite progress: tests succeeded: 7, failed: 1, skipped: 0.
Starting test testTemplateBuilderCanFind(org.jclouds.greenhousedata.element.vcloud.compute.GreenHouseDataElementVCloudTemplateBuilderLiveTest)
[TestNG] Test testTemplateBuilderCanFind(org.jclouds.greenhousedata.element.vcloud.compute.GreenHouseDataElementVCloudTemplateBuilderLiveTest) succeeded: 1ms
Test suite progress: tests succeeded: 8, failed: 1, skipped: 0.
Starting test testTemplateBuilderCanUseImageId(org.jclouds.greenhousedata.element.vcloud.compute.GreenHouseDataElementVCloudTemplateBuilderLiveTest)
[TestNG] Test testCorrectExceptionRunningNodesNotFound(org.jclouds.greenhousedata.element.vcloud.compute.GreenHouseDataElementVCloudComputeServiceLiveTest) succeeded: 652ms
Test suite progress: tests succeeded: 9, failed: 1, skipped: 0.
Starting test testGetAssignableLocations(org.jclouds.greenhousedata.element.vcloud.compute.GreenHouseDataElementVCloudComputeServiceLiveTest)
Sep 17, 2012 8:29:51 AM org.jclouds.compute.internal.BaseComputeServiceLiveTest testGetAssignableLocations
WARNING: location {scope=ZONE, id=https://mycloud.greenhousedata.com/api/v1.0/vdc/e9cd3387-ac57-4d27-a481-9bee75e0690f, description=orgVDC-cloudsoft-Tier1-PAYG, parent=https://mycloud.greenhousedata.com/api/v1.0/org/c076f90a-397a-49fa-89b8-b294c1599cd0}
[TestNG] Test testGetAssignableLocations(org.jclouds.greenhousedata.element.vcloud.compute.GreenHouseDataElementVCloudComputeServiceLiveTest) succeeded: 1ms
Test suite progress: tests succeeded: 10, failed: 1, skipped: 0.
Starting test testImageById(org.jclouds.greenhousedata.element.vcloud.compute.GreenHouseDataElementVCloudComputeServiceLiveTest)
[TestNG] Test testImageById(org.jclouds.greenhousedata.element.vcloud.compute.GreenHouseDataElementVCloudComputeServiceLiveTest) succeeded: 995ms
Test suite progress: tests succeeded: 11, failed: 1, skipped: 0.
Starting test testImagesCache(org.jclouds.greenhousedata.element.vcloud.compute.GreenHouseDataElementVCloudComputeServiceLiveTest)
[TestNG] Test testImagesCache(org.jclouds.greenhousedata.element.vcloud.compute.GreenHouseDataElementVCloudComputeServiceLiveTest) succeeded: 0ms
Test suite progress: tests succeeded: 12, failed: 1, skipped: 0.
Starting test testListImages(org.jclouds.greenhousedata.element.vcloud.compute.GreenHouseDataElementVCloudComputeServiceLiveTest)
[TestNG] Test testListImages(org.jclouds.greenhousedata.element.vcloud.compute.GreenHouseDataElementVCloudComputeServiceLiveTest) succeeded: 0ms
Test suite progress: tests succeeded: 13, failed: 1, skipped: 0.
Starting test testListSizes(org.jclouds.greenhousedata.element.vcloud.compute.GreenHouseDataElementVCloudComputeServiceLiveTest)
[TestNG] Test testListSizes(org.jclouds.greenhousedata.element.vcloud.compute.GreenHouseDataElementVCloudComputeServiceLiveTest) succeeded: 0ms
Test suite progress: tests succeeded: 14, failed: 1, skipped: 0.
Starting test setServiceDefaults(org.jclouds.greenhousedata.element.vcloud.compute.GreenHouseDataElementVCloudComputeServiceLiveTest)
[TestNG] Test setServiceDefaults(org.jclouds.greenhousedata.element.vcloud.compute.GreenHouseDataElementVCloudComputeServiceLiveTest) succeeded: 0ms
Test suite progress: tests succeeded: 15, failed: 1, skipped: 0.
Starting test testOptionToNotBlock(org.jclouds.greenhousedata.element.vcloud.compute.GreenHouseDataElementVCloudComputeServiceLiveTest)
[TestNG] Test testOptionToNotBlock(org.jclouds.greenhousedata.element.vcloud.compute.GreenHouseDataElementVCloudComputeServiceLiveTest) succeeded: 1ms
Test suite progress: tests succeeded: 16, failed: 1, skipped: 0.
Starting test testCreateAndRunAService(org.jclouds.greenhousedata.element.vcloud.compute.GreenHouseDataElementVCloudComputeServiceLiveTest)
[TestNG] Test testTemplateBuilderCanUseImageId(org.jclouds.greenhousedata.element.vcloud.compute.GreenHouseDataElementVCloudTemplateBuilderLiveTest) succeeded: 16972ms
Test suite progress: tests succeeded: 17, failed: 1, skipped: 0.
Starting test testTemplateBuilderCannotFind(org.jclouds.greenhousedata.element.vcloud.compute.GreenHouseDataElementVCloudTemplateBuilderLiveTest)
[TestNG] Test testTemplateBuilderCannotFind(org.jclouds.greenhousedata.element.vcloud.compute.GreenHouseDataElementVCloudTemplateBuilderLiveTest) succeeded: 25ms
Test suite progress: tests succeeded: 18, failed: 1, skipped: 0.
Starting test testTemplateBuilderCannotFind(org.jclouds.greenhousedata.element.vcloud.compute.GreenHouseDataElementVCloudTemplateBuilderLiveTest)
[TestNG] Test testTemplateBuilderCannotFind(org.jclouds.greenhousedata.element.vcloud.compute.GreenHouseDataElementVCloudTemplateBuilderLiveTest) succeeded: 1ms
Test suite progress: tests succeeded: 19, failed: 1, skipped: 0.
Starting test testTemplateBuilderCannotFind(org.jclouds.greenhousedata.element.vcloud.compute.GreenHouseDataElementVCloudTemplateBuilderLiveTest)
[TestNG] Test testTemplateBuilderCannotFind(org.jclouds.greenhousedata.element.vcloud.compute.GreenHouseDataElementVCloudTemplateBuilderLiveTest) succeeded: 1ms
Test suite progress: tests succeeded: 20, failed: 1, skipped: 0.
Starting test testTemplateBuilderCannotFind(org.jclouds.greenhousedata.element.vcloud.compute.GreenHouseDataElementVCloudTemplateBuilderLiveTest)
[TestNG] Test testTemplateBuilderCannotFind(org.jclouds.greenhousedata.element.vcloud.compute.GreenHouseDataElementVCloudTemplateBuilderLiveTest) succeeded: 1ms
Test suite progress: tests succeeded: 21, failed: 1, skipped: 0.
Starting test testTemplateBuilderCannotFind(org.jclouds.greenhousedata.element.vcloud.compute.GreenHouseDataElementVCloudTemplateBuilderLiveTest)
[TestNG] Test testTemplateBuilderCannotFind(org.jclouds.greenhousedata.element.vcloud.compute.GreenHouseDataElementVCloudTemplateBuilderLiveTest) succeeded: 0ms
Test suite progress: tests succeeded: 22, failed: 1, skipped: 0.
Starting test testTemplateBuilderCannotFind(org.jclouds.greenhousedata.element.vcloud.compute.GreenHouseDataElementVCloudTemplateBuilderLiveTest)
[TestNG] Test testTemplateBuilderCannotFind(org.jclouds.greenhousedata.element.vcloud.compute.GreenHouseDataElementVCloudTemplateBuilderLiveTest) succeeded: 0ms
Test suite progress: tests succeeded: 23, failed: 1, skipped: 0.
Starting test testTemplateBuilderCannotFind(org.jclouds.greenhousedata.element.vcloud.compute.GreenHouseDataElementVCloudTemplateBuilderLiveTest)
[TestNG] Test testTemplateBuilderCannotFind(org.jclouds.greenhousedata.element.vcloud.compute.GreenHouseDataElementVCloudTemplateBuilderLiveTest) succeeded: 1ms
Test suite progress: tests succeeded: 24, failed: 1, skipped: 0.
Starting test testTemplateBuilderCannotFind(org.jclouds.greenhousedata.element.vcloud.compute.GreenHouseDataElementVCloudTemplateBuilderLiveTest)
[TestNG] Test testTemplateBuilderCannotFind(org.jclouds.greenhousedata.element.vcloud.compute.GreenHouseDataElementVCloudTemplateBuilderLiveTest) succeeded: 0ms
Test suite progress: tests succeeded: 25, failed: 1, skipped: 0.
Starting test testTemplateBuilderCannotFind(org.jclouds.greenhousedata.element.vcloud.compute.GreenHouseDataElementVCloudTemplateBuilderLiveTest)
[TestNG] Test testTemplateBuilderCannotFind(org.jclouds.greenhousedata.element.vcloud.compute.GreenHouseDataElementVCloudTemplateBuilderLiveTest) succeeded: 0ms
Test suite progress: tests succeeded: 26, failed: 1, skipped: 0.
Starting test testTemplateBuilderCannotFind(org.jclouds.greenhousedata.element.vcloud.compute.GreenHouseDataElementVCloudTemplateBuilderLiveTest)
[TestNG] Test testTemplateBuilderCannotFind(org.jclouds.greenhousedata.element.vcloud.compute.GreenHouseDataElementVCloudTemplateBuilderLiveTest) succeeded: 1ms
Test suite progress: tests succeeded: 27, failed: 1, skipped: 0.
Starting test testTemplateBuilderCannotFind(org.jclouds.greenhousedata.element.vcloud.compute.GreenHouseDataElementVCloudTemplateBuilderLiveTest)
[TestNG] Test testTemplateBuilderCannotFind(org.jclouds.greenhousedata.element.vcloud.compute.GreenHouseDataElementVCloudTemplateBuilderLiveTest) succeeded: 0ms
Test suite progress: tests succeeded: 28, failed: 1, skipped: 0.
Starting test testTemplateBuilderCannotFind(org.jclouds.greenhousedata.element.vcloud.compute.GreenHouseDataElementVCloudTemplateBuilderLiveTest)
[TestNG] Test testTemplateBuilderCannotFind(org.jclouds.greenhousedata.element.vcloud.compute.GreenHouseDataElementVCloudTemplateBuilderLiveTest) succeeded: 0ms
Test suite progress: tests succeeded: 29, failed: 1, skipped: 0.
Starting test testTemplateBuilderCannotFind(org.jclouds.greenhousedata.element.vcloud.compute.GreenHouseDataElementVCloudTemplateBuilderLiveTest)
[TestNG] Test testTemplateBuilderCannotFind(org.jclouds.greenhousedata.element.vcloud.compute.GreenHouseDataElementVCloudTemplateBuilderLiveTest) succeeded: 1ms
Test suite progress: tests succeeded: 30, failed: 1, skipped: 0.
Starting test testTemplateBuilderCannotFind(org.jclouds.greenhousedata.element.vcloud.compute.GreenHouseDataElementVCloudTemplateBuilderLiveTest)
[TestNG] Test testTemplateBuilderCannotFind(org.jclouds.greenhousedata.element.vcloud.compute.GreenHouseDataElementVCloudTemplateBuilderLiveTest) succeeded: 3ms
Test suite progress: tests succeeded: 31, failed: 1, skipped: 0.
Starting test testTemplateBuilderCannotFind(org.jclouds.greenhousedata.element.vcloud.compute.GreenHouseDataElementVCloudTemplateBuilderLiveTest)
[TestNG] Test testTemplateBuilderCannotFind(org.jclouds.greenhousedata.element.vcloud.compute.GreenHouseDataElementVCloudTemplateBuilderLiveTest) succeeded: 1ms
Test suite progress: tests succeeded: 32, failed: 1, skipped: 0.
Starting test testTemplateBuilderCannotFind(org.jclouds.greenhousedata.element.vcloud.compute.GreenHouseDataElementVCloudTemplateBuilderLiveTest)
[TestNG] Test testTemplateBuilderCannotFind(org.jclouds.greenhousedata.element.vcloud.compute.GreenHouseDataElementVCloudTemplateBuilderLiveTest) succeeded: 1ms
Test suite progress: tests succeeded: 33, failed: 1, skipped: 0.
Starting test testTemplateBuilderCannotFind(org.jclouds.greenhousedata.element.vcloud.compute.GreenHouseDataElementVCloudTemplateBuilderLiveTest)
[TestNG] Test testTemplateBuilderCannotFind(org.jclouds.greenhousedata.element.vcloud.compute.GreenHouseDataElementVCloudTemplateBuilderLiveTest) succeeded: 2ms
Test suite progress: tests succeeded: 34, failed: 1, skipped: 0.
Starting test testTemplateBuilderCannotFind(org.jclouds.greenhousedata.element.vcloud.compute.GreenHouseDataElementVCloudTemplateBuilderLiveTest)
[TestNG] Test testTemplateBuilderCannotFind(org.jclouds.greenhousedata.element.vcloud.compute.GreenHouseDataElementVCloudTemplateBuilderLiveTest) succeeded: 1ms
Test suite progress: tests succeeded: 35, failed: 1, skipped: 0.
Starting test testTemplateBuilderCannotFind(org.jclouds.greenhousedata.element.vcloud.compute.GreenHouseDataElementVCloudTemplateBuilderLiveTest)
[TestNG] Test testTemplateBuilderCannotFind(org.jclouds.greenhousedata.element.vcloud.compute.GreenHouseDataElementVCloudTemplateBuilderLiveTest) succeeded: 0ms
Test suite progress: tests succeeded: 36, failed: 1, skipped: 0.
Starting test testTemplateBuilderCannotFind(org.jclouds.greenhousedata.element.vcloud.compute.GreenHouseDataElementVCloudTemplateBuilderLiveTest)
[TestNG] Test testTemplateBuilderCannotFind(org.jclouds.greenhousedata.element.vcloud.compute.GreenHouseDataElementVCloudTemplateBuilderLiveTest) succeeded: 0ms
Test suite progress: tests succeeded: 37, failed: 1, skipped: 0.
Starting test testTemplateBuilderCannotFind(org.jclouds.greenhousedata.element.vcloud.compute.GreenHouseDataElementVCloudTemplateBuilderLiveTest)
[TestNG] Test testTemplateBuilderCannotFind(org.jclouds.greenhousedata.element.vcloud.compute.GreenHouseDataElementVCloudTemplateBuilderLiveTest) succeeded: 1ms
Test suite progress: tests succeeded: 38, failed: 1, skipped: 0.
Starting test testTemplateBuilderCannotFind(org.jclouds.greenhousedata.element.vcloud.compute.GreenHouseDataElementVCloudTemplateBuilderLiveTest)
[TestNG] Test testTemplateBuilderCannotFind(org.jclouds.greenhousedata.element.vcloud.compute.GreenHouseDataElementVCloudTemplateBuilderLiveTest) failed.
Test suite progress: tests succeeded: 38, failed: 2, skipped: 0.
Starting test testTemplateBuilderCannotFind(org.jclouds.greenhousedata.element.vcloud.compute.GreenHouseDataElementVCloudTemplateBuilderLiveTest)
[TestNG] Test testTemplateBuilderCannotFind(org.jclouds.greenhousedata.element.vcloud.compute.GreenHouseDataElementVCloudTemplateBuilderLiveTest) succeeded: 0ms
Test suite progress: tests succeeded: 39, failed: 2, skipped: 0.
Starting test testTemplateBuilderCannotFind(org.jclouds.greenhousedata.element.vcloud.compute.GreenHouseDataElementVCloudTemplateBuilderLiveTest)
[TestNG] Test testTemplateBuilderCannotFind(org.jclouds.greenhousedata.element.vcloud.compute.GreenHouseDataElementVCloudTemplateBuilderLiveTest) succeeded: 1ms
Test suite progress: tests succeeded: 40, failed: 2, skipped: 0.
Starting test testTemplateBuilderCannotFind(org.jclouds.greenhousedata.element.vcloud.compute.GreenHouseDataElementVCloudTemplateBuilderLiveTest)
[TestNG] Test testTemplateBuilderCannotFind(org.jclouds.greenhousedata.element.vcloud.compute.GreenHouseDataElementVCloudTemplateBuilderLiveTest) succeeded: 1ms
Test suite progress: tests succeeded: 41, failed: 2, skipped: 0.
Starting test testTemplateBuilderCannotFind(org.jclouds.greenhousedata.element.vcloud.compute.GreenHouseDataElementVCloudTemplateBuilderLiveTest)
[TestNG] Test testTemplateBuilderCannotFind(org.jclouds.greenhousedata.element.vcloud.compute.GreenHouseDataElementVCloudTemplateBuilderLiveTest) succeeded: 0ms
Test suite progress: tests succeeded: 42, failed: 2, skipped: 0.
Starting test testTemplateBuilderCannotFind(org.jclouds.greenhousedata.element.vcloud.compute.GreenHouseDataElementVCloudTemplateBuilderLiveTest)
[TestNG] Test testTemplateBuilderCannotFind(org.jclouds.greenhousedata.element.vcloud.compute.GreenHouseDataElementVCloudTemplateBuilderLiveTest) succeeded: 1ms
Test suite progress: tests succeeded: 43, failed: 2, skipped: 0.
Starting test testTemplateBuilderCannotFind(org.jclouds.greenhousedata.element.vcloud.compute.GreenHouseDataElementVCloudTemplateBuilderLiveTest)
[TestNG] Test testTemplateBuilderCannotFind(org.jclouds.greenhousedata.element.vcloud.compute.GreenHouseDataElementVCloudTemplateBuilderLiveTest) succeeded: 0ms
Test suite progress: tests succeeded: 44, failed: 2, skipped: 0.
Starting test testTemplateBuilderCannotFind(org.jclouds.greenhousedata.element.vcloud.compute.GreenHouseDataElementVCloudTemplateBuilderLiveTest)
[TestNG] Test testTemplateBuilderCannotFind(org.jclouds.greenhousedata.element.vcloud.compute.GreenHouseDataElementVCloudTemplateBuilderLiveTest) succeeded: 2ms
Test suite progress: tests succeeded: 45, failed: 2, skipped: 0.
Starting test testTemplateBuilderCannotFind(org.jclouds.greenhousedata.element.vcloud.compute.GreenHouseDataElementVCloudTemplateBuilderLiveTest)
[TestNG] Test testTemplateBuilderCannotFind(org.jclouds.greenhousedata.element.vcloud.compute.GreenHouseDataElementVCloudTemplateBuilderLiveTest) succeeded: 1ms
Test suite progress: tests succeeded: 46, failed: 2, skipped: 0.
Starting test testTemplateBuilderCannotFind(org.jclouds.greenhousedata.element.vcloud.compute.GreenHouseDataElementVCloudTemplateBuilderLiveTest)
[TestNG] Test testTemplateBuilderCannotFind(org.jclouds.greenhousedata.element.vcloud.compute.GreenHouseDataElementVCloudTemplateBuilderLiveTest) succeeded: 0ms
Test suite progress: tests succeeded: 47, failed: 2, skipped: 0.
Starting test testTemplateBuilderCannotFind(org.jclouds.greenhousedata.element.vcloud.compute.GreenHouseDataElementVCloudTemplateBuilderLiveTest)
[TestNG] Test testTemplateBuilderCannotFind(org.jclouds.greenhousedata.element.vcloud.compute.GreenHouseDataElementVCloudTemplateBuilderLiveTest) succeeded: 0ms
Test suite progress: tests succeeded: 48, failed: 2, skipped: 0.
Starting test testTemplateBuilderCannotFind(org.jclouds.greenhousedata.element.vcloud.compute.GreenHouseDataElementVCloudTemplateBuilderLiveTest)
[TestNG] Test testTemplateBuilderCannotFind(org.jclouds.greenhousedata.element.vcloud.compute.GreenHouseDataElementVCloudTemplateBuilderLiveTest) succeeded: 1ms
Test suite progress: tests succeeded: 49, failed: 2, skipped: 0.
Starting test testTemplateBuilderCannotFind(org.jclouds.greenhousedata.element.vcloud.compute.GreenHouseDataElementVCloudTemplateBuilderLiveTest)
[TestNG] Test testTemplateBuilderCannotFind(org.jclouds.greenhousedata.element.vcloud.compute.GreenHouseDataElementVCloudTemplateBuilderLiveTest) succeeded: 1ms
Test suite progress: tests succeeded: 50, failed: 2, skipped: 0.
Starting test testTemplateBuilderCannotFind(org.jclouds.greenhousedata.element.vcloud.compute.GreenHouseDataElementVCloudTemplateBuilderLiveTest)
[TestNG] Test testTemplateBuilderCannotFind(org.jclouds.greenhousedata.element.vcloud.compute.GreenHouseDataElementVCloudTemplateBuilderLiveTest) succeeded: 0ms
Test suite progress: tests succeeded: 51, failed: 2, skipped: 0.
Starting test testTemplateBuilderCannotFind(org.jclouds.greenhousedata.element.vcloud.compute.GreenHouseDataElementVCloudTemplateBuilderLiveTest)
[TestNG] Test testTemplateBuilderCannotFind(org.jclouds.greenhousedata.element.vcloud.compute.GreenHouseDataElementVCloudTemplateBuilderLiveTest) succeeded: 1ms
Test suite progress: tests succeeded: 52, failed: 2, skipped: 0.
Starting test testTemplateBuilderCannotFind(org.jclouds.greenhousedata.element.vcloud.compute.GreenHouseDataElementVCloudTemplateBuilderLiveTest)
[TestNG] Test testTemplateBuilderCannotFind(org.jclouds.greenhousedata.element.vcloud.compute.GreenHouseDataElementVCloudTemplateBuilderLiveTest) succeeded: 1ms
Test suite progress: tests succeeded: 53, failed: 2, skipped: 0.
Starting test testTemplateBuilderCannotFind(org.jclouds.greenhousedata.element.vcloud.compute.GreenHouseDataElementVCloudTemplateBuilderLiveTest)
[TestNG] Test testTemplateBuilderCannotFind(org.jclouds.greenhousedata.element.vcloud.compute.GreenHouseDataElementVCloudTemplateBuilderLiveTest) succeeded: 1ms
Test suite progress: tests succeeded: 54, failed: 2, skipped: 0.
Starting test testTemplateBuilderCannotFind(org.jclouds.greenhousedata.element.vcloud.compute.GreenHouseDataElementVCloudTemplateBuilderLiveTest)
[TestNG] Test testTemplateBuilderCannotFind(org.jclouds.greenhousedata.element.vcloud.compute.GreenHouseDataElementVCloudTemplateBuilderLiveTest) succeeded: 2ms
Test suite progress: tests succeeded: 55, failed: 2, skipped: 0.
Starting test testTemplateBuilderCannotFind(org.jclouds.greenhousedata.element.vcloud.compute.GreenHouseDataElementVCloudTemplateBuilderLiveTest)
[TestNG] Test testTemplateBuilderCannotFind(org.jclouds.greenhousedata.element.vcloud.compute.GreenHouseDataElementVCloudTemplateBuilderLiveTest) succeeded: 1ms
Test suite progress: tests succeeded: 56, failed: 2, skipped: 0.
Starting test testTemplateBuilderCannotFind(org.jclouds.greenhousedata.element.vcloud.compute.GreenHouseDataElementVCloudTemplateBuilderLiveTest)
[TestNG] Test testTemplateBuilderCannotFind(org.jclouds.greenhousedata.element.vcloud.compute.GreenHouseDataElementVCloudTemplateBuilderLiveTest) succeeded: 0ms
Test suite progress: tests succeeded: 57, failed: 2, skipped: 0.
Starting test testTemplateBuilderCannotFind(org.jclouds.greenhousedata.element.vcloud.compute.GreenHouseDataElementVCloudTemplateBuilderLiveTest)
[TestNG] Test testTemplateBuilderCannotFind(org.jclouds.greenhousedata.element.vcloud.compute.GreenHouseDataElementVCloudTemplateBuilderLiveTest) succeeded: 1ms
Test suite progress: tests succeeded: 58, failed: 2, skipped: 0.
Starting test testTemplateBuilderCannotFind(org.jclouds.greenhousedata.element.vcloud.compute.GreenHouseDataElementVCloudTemplateBuilderLiveTest)
[TestNG] Test testTemplateBuilderCannotFind(org.jclouds.greenhousedata.element.vcloud.compute.GreenHouseDataElementVCloudTemplateBuilderLiveTest) succeeded: 0ms
Test suite progress: tests succeeded: 59, failed: 2, skipped: 0.
Starting test testTemplateBuilderCannotFind(org.jclouds.greenhousedata.element.vcloud.compute.GreenHouseDataElementVCloudTemplateBuilderLiveTest)
[TestNG] Test testTemplateBuilderCannotFind(org.jclouds.greenhousedata.element.vcloud.compute.GreenHouseDataElementVCloudTemplateBuilderLiveTest) succeeded: 19ms
Test suite progress: tests succeeded: 60, failed: 2, skipped: 0.
Starting test testTemplateBuilderCannotFind(org.jclouds.greenhousedata.element.vcloud.compute.GreenHouseDataElementVCloudTemplateBuilderLiveTest)
[TestNG] Test testTemplateBuilderCannotFind(org.jclouds.greenhousedata.element.vcloud.compute.GreenHouseDataElementVCloudTemplateBuilderLiveTest) succeeded: 0ms
Test suite progress: tests succeeded: 61, failed: 2, skipped: 0.
Starting test testTemplateBuilderCannotFind(org.jclouds.greenhousedata.element.vcloud.compute.GreenHouseDataElementVCloudTemplateBuilderLiveTest)
[TestNG] Test testTemplateBuilderCannotFind(org.jclouds.greenhousedata.element.vcloud.compute.GreenHouseDataElementVCloudTemplateBuilderLiveTest) succeeded: 1ms
Test suite progress: tests succeeded: 62, failed: 2, skipped: 0.
Starting test testTemplateBuilderCannotFind(org.jclouds.greenhousedata.element.vcloud.compute.GreenHouseDataElementVCloudTemplateBuilderLiveTest)
[TestNG] Test testTemplateBuilderCannotFind(org.jclouds.greenhousedata.element.vcloud.compute.GreenHouseDataElementVCloudTemplateBuilderLiveTest) succeeded: 1ms
Test suite progress: tests succeeded: 63, failed: 2, skipped: 0.
Starting test testTemplateBuilderCannotFind(org.jclouds.greenhousedata.element.vcloud.compute.GreenHouseDataElementVCloudTemplateBuilderLiveTest)
[TestNG] Test testTemplateBuilderCannotFind(org.jclouds.greenhousedata.element.vcloud.compute.GreenHouseDataElementVCloudTemplateBuilderLiveTest) succeeded: 0ms
Test suite progress: tests succeeded: 64, failed: 2, skipped: 0.
Starting test testTemplateBuilderCannotFind(org.jclouds.greenhousedata.element.vcloud.compute.GreenHouseDataElementVCloudTemplateBuilderLiveTest)
[TestNG] Test testTemplateBuilderCannotFind(org.jclouds.greenhousedata.element.vcloud.compute.GreenHouseDataElementVCloudTemplateBuilderLiveTest) succeeded: 1ms
Test suite progress: tests succeeded: 65, failed: 2, skipped: 0.
Starting test testTemplateBuilderCannotFind(org.jclouds.greenhousedata.element.vcloud.compute.GreenHouseDataElementVCloudTemplateBuilderLiveTest)
[TestNG] Test testTemplateBuilderCannotFind(org.jclouds.greenhousedata.element.vcloud.compute.GreenHouseDataElementVCloudTemplateBuilderLiveTest) succeeded: 4ms
Test suite progress: tests succeeded: 66, failed: 2, skipped: 0.
Starting test testTemplateBuilderCannotFind(org.jclouds.greenhousedata.element.vcloud.compute.GreenHouseDataElementVCloudTemplateBuilderLiveTest)
[TestNG] Test testTemplateBuilderCannotFind(org.jclouds.greenhousedata.element.vcloud.compute.GreenHouseDataElementVCloudTemplateBuilderLiveTest) succeeded: 1ms
Test suite progress: tests succeeded: 67, failed: 2, skipped: 0.
Starting test testTemplateBuilderCannotFind(org.jclouds.greenhousedata.element.vcloud.compute.GreenHouseDataElementVCloudTemplateBuilderLiveTest)
[TestNG] Test testTemplateBuilderCannotFind(org.jclouds.greenhousedata.element.vcloud.compute.GreenHouseDataElementVCloudTemplateBuilderLiveTest) succeeded: 3ms
Test suite progress: tests succeeded: 68, failed: 2, skipped: 0.
Starting test testTemplateBuilderCannotFind(org.jclouds.greenhousedata.element.vcloud.compute.GreenHouseDataElementVCloudTemplateBuilderLiveTest)
[TestNG] Test testTemplateBuilderCannotFind(org.jclouds.greenhousedata.element.vcloud.compute.GreenHouseDataElementVCloudTemplateBuilderLiveTest) succeeded: 5ms
Test suite progress: tests succeeded: 69, failed: 2, skipped: 0.
Starting test testTemplateBuilderCannotFind(org.jclouds.greenhousedata.element.vcloud.compute.GreenHouseDataElementVCloudTemplateBuilderLiveTest)
[TestNG] Test testTemplateBuilderCannotFind(org.jclouds.greenhousedata.element.vcloud.compute.GreenHouseDataElementVCloudTemplateBuilderLiveTest) succeeded: 1ms
Test suite progress: tests succeeded: 70, failed: 2, skipped: 0.
Starting test testTemplateBuilderCannotFind(org.jclouds.greenhousedata.element.vcloud.compute.GreenHouseDataElementVCloudTemplateBuilderLiveTest)
[TestNG] Test testTemplateBuilderCannotFind(org.jclouds.greenhousedata.element.vcloud.compute.GreenHouseDataElementVCloudTemplateBuilderLiveTest) succeeded: 0ms
Test suite progress: tests succeeded: 71, failed: 2, skipped: 0.
Starting test testTemplateBuilderCannotFind(org.jclouds.greenhousedata.element.vcloud.compute.GreenHouseDataElementVCloudTemplateBuilderLiveTest)
[TestNG] Test testTemplateBuilderCannotFind(org.jclouds.greenhousedata.element.vcloud.compute.GreenHouseDataElementVCloudTemplateBuilderLiveTest) succeeded: 3ms
Test suite progress: tests succeeded: 72, failed: 2, skipped: 0.
Starting test testTemplateBuilderCannotFind(org.jclouds.greenhousedata.element.vcloud.compute.GreenHouseDataElementVCloudTemplateBuilderLiveTest)
[TestNG] Test testTemplateBuilderCannotFind(org.jclouds.greenhousedata.element.vcloud.compute.GreenHouseDataElementVCloudTemplateBuilderLiveTest) succeeded: 1ms
Test suite progress: tests succeeded: 73, failed: 2, skipped: 0.
Starting test testTemplateBuilderCannotFind(org.jclouds.greenhousedata.element.vcloud.compute.GreenHouseDataElementVCloudTemplateBuilderLiveTest)
[TestNG] Test testTemplateBuilderCannotFind(org.jclouds.greenhousedata.element.vcloud.compute.GreenHouseDataElementVCloudTemplateBuilderLiveTest) succeeded: 0ms
Test suite progress: tests succeeded: 74, failed: 2, skipped: 0.
Starting test testTemplateBuilderCannotFind(org.jclouds.greenhousedata.element.vcloud.compute.GreenHouseDataElementVCloudTemplateBuilderLiveTest)
[TestNG] Test testTemplateBuilderCannotFind(org.jclouds.greenhousedata.element.vcloud.compute.GreenHouseDataElementVCloudTemplateBuilderLiveTest) succeeded: 0ms
Test suite progress: tests succeeded: 75, failed: 2, skipped: 0.
Starting test testTemplateBuilderCannotFind(org.jclouds.greenhousedata.element.vcloud.compute.GreenHouseDataElementVCloudTemplateBuilderLiveTest)
[TestNG] Test testTemplateBuilderCannotFind(org.jclouds.greenhousedata.element.vcloud.compute.GreenHouseDataElementVCloudTemplateBuilderLiveTest) succeeded: 1ms
Test suite progress: tests succeeded: 76, failed: 2, skipped: 0.
Starting test testTemplateBuilderCannotFind(org.jclouds.greenhousedata.element.vcloud.compute.GreenHouseDataElementVCloudTemplateBuilderLiveTest)
[TestNG] Test testTemplateBuilderCannotFind(org.jclouds.greenhousedata.element.vcloud.compute.GreenHouseDataElementVCloudTemplateBuilderLiveTest) succeeded: 1ms
Test suite progress: tests succeeded: 77, failed: 2, skipped: 0.
Starting test testTemplateBuilderCannotFind(org.jclouds.greenhousedata.element.vcloud.compute.GreenHouseDataElementVCloudTemplateBuilderLiveTest)
[TestNG] Test testTemplateBuilderCannotFind(org.jclouds.greenhousedata.element.vcloud.compute.GreenHouseDataElementVCloudTemplateBuilderLiveTest) succeeded: 1ms
Test suite progress: tests succeeded: 78, failed: 2, skipped: 0.
Starting test testTemplateBuilderCannotFind(org.jclouds.greenhousedata.element.vcloud.compute.GreenHouseDataElementVCloudTemplateBuilderLiveTest)
[TestNG] Test testTemplateBuilderCannotFind(org.jclouds.greenhousedata.element.vcloud.compute.GreenHouseDataElementVCloudTemplateBuilderLiveTest) succeeded: 0ms
Test suite progress: tests succeeded: 79, failed: 2, skipped: 0.
Starting test testTemplateBuilderCannotFind(org.jclouds.greenhousedata.element.vcloud.compute.GreenHouseDataElementVCloudTemplateBuilderLiveTest)
[TestNG] Test testTemplateBuilderCannotFind(org.jclouds.greenhousedata.element.vcloud.compute.GreenHouseDataElementVCloudTemplateBuilderLiveTest) succeeded: 1ms
Test suite progress: tests succeeded: 80, failed: 2, skipped: 0.
Starting test testTemplateBuilderCannotFind(org.jclouds.greenhousedata.element.vcloud.compute.GreenHouseDataElementVCloudTemplateBuilderLiveTest)
[TestNG] Test testTemplateBuilderCannotFind(org.jclouds.greenhousedata.element.vcloud.compute.GreenHouseDataElementVCloudTemplateBuilderLiveTest) succeeded: 1ms
Test suite progress: tests succeeded: 81, failed: 2, skipped: 0.
Starting test testTemplateBuilderCannotFind(org.jclouds.greenhousedata.element.vcloud.compute.GreenHouseDataElementVCloudTemplateBuilderLiveTest)
[TestNG] Test testTemplateBuilderCannotFind(org.jclouds.greenhousedata.element.vcloud.compute.GreenHouseDataElementVCloudTemplateBuilderLiveTest) succeeded: 2ms
Test suite progress: tests succeeded: 82, failed: 2, skipped: 0.
Starting test testTemplateBuilderCannotFind(org.jclouds.greenhousedata.element.vcloud.compute.GreenHouseDataElementVCloudTemplateBuilderLiveTest)
[TestNG] Test testTemplateBuilderCannotFind(org.jclouds.greenhousedata.element.vcloud.compute.GreenHouseDataElementVCloudTemplateBuilderLiveTest) succeeded: 0ms
Test suite progress: tests succeeded: 83, failed: 2, skipped: 0.
Starting test testTemplateBuilderCannotFind(org.jclouds.greenhousedata.element.vcloud.compute.GreenHouseDataElementVCloudTemplateBuilderLiveTest)
[TestNG] Test testTemplateBuilderCannotFind(org.jclouds.greenhousedata.element.vcloud.compute.GreenHouseDataElementVCloudTemplateBuilderLiveTest) succeeded: 1ms
Test suite progress: tests succeeded: 84, failed: 2, skipped: 0.
Starting test testTemplateBuilderCannotFind(org.jclouds.greenhousedata.element.vcloud.compute.GreenHouseDataElementVCloudTemplateBuilderLiveTest)
[TestNG] Test testTemplateBuilderCannotFind(org.jclouds.greenhousedata.element.vcloud.compute.GreenHouseDataElementVCloudTemplateBuilderLiveTest) succeeded: 1ms
Test suite progress: tests succeeded: 85, failed: 2, skipped: 0.
Starting test testTemplateBuilderCannotFind(org.jclouds.greenhousedata.element.vcloud.compute.GreenHouseDataElementVCloudTemplateBuilderLiveTest)
[TestNG] Test testTemplateBuilderCannotFind(org.jclouds.greenhousedata.element.vcloud.compute.GreenHouseDataElementVCloudTemplateBuilderLiveTest) succeeded: 0ms
Test suite progress: tests succeeded: 86, failed: 2, skipped: 0.
Starting test testTemplateBuilderCannotFind(org.jclouds.greenhousedata.element.vcloud.compute.GreenHouseDataElementVCloudTemplateBuilderLiveTest)
[TestNG] Test testTemplateBuilderCannotFind(org.jclouds.greenhousedata.element.vcloud.compute.GreenHouseDataElementVCloudTemplateBuilderLiveTest) succeeded: 1ms
Test suite progress: tests succeeded: 87, failed: 2, skipped: 0.
Starting test testTemplateBuilderCannotFind(org.jclouds.greenhousedata.element.vcloud.compute.GreenHouseDataElementVCloudTemplateBuilderLiveTest)
[TestNG] Test testTemplateBuilderCannotFind(org.jclouds.greenhousedata.element.vcloud.compute.GreenHouseDataElementVCloudTemplateBuilderLiveTest) succeeded: 0ms
Test suite progress: tests succeeded: 88, failed: 2, skipped: 0.
Starting test testTemplateBuilderCannotFind(org.jclouds.greenhousedata.element.vcloud.compute.GreenHouseDataElementVCloudTemplateBuilderLiveTest)
[TestNG] Test testTemplateBuilderCannotFind(org.jclouds.greenhousedata.element.vcloud.compute.GreenHouseDataElementVCloudTemplateBuilderLiveTest) succeeded: 1ms
Test suite progress: tests succeeded: 89, failed: 2, skipped: 0.
Starting test testTemplateBuilderCannotFind(org.jclouds.greenhousedata.element.vcloud.compute.GreenHouseDataElementVCloudTemplateBuilderLiveTest)
[TestNG] Test testTemplateBuilderCannotFind(org.jclouds.greenhousedata.element.vcloud.compute.GreenHouseDataElementVCloudTemplateBuilderLiveTest) succeeded: 0ms
Test suite progress: tests succeeded: 90, failed: 2, skipped: 0.
Starting test testTemplateBuilderCannotFind(org.jclouds.greenhousedata.element.vcloud.compute.GreenHouseDataElementVCloudTemplateBuilderLiveTest)
[TestNG] Test testTemplateBuilderCannotFind(org.jclouds.greenhousedata.element.vcloud.compute.GreenHouseDataElementVCloudTemplateBuilderLiveTest) succeeded: 1ms
Test suite progress: tests succeeded: 91, failed: 2, skipped: 0.
Starting test testTemplateBuilderCannotFind(org.jclouds.greenhousedata.element.vcloud.compute.GreenHouseDataElementVCloudTemplateBuilderLiveTest)
[TestNG] Test testTemplateBuilderCannotFind(org.jclouds.greenhousedata.element.vcloud.compute.GreenHouseDataElementVCloudTemplateBuilderLiveTest) succeeded: 5ms
Test suite progress: tests succeeded: 92, failed: 2, skipped: 0.
Starting test testTemplateBuilderCannotFind(org.jclouds.greenhousedata.element.vcloud.compute.GreenHouseDataElementVCloudTemplateBuilderLiveTest)
[TestNG] Test testTemplateBuilderCannotFind(org.jclouds.greenhousedata.element.vcloud.compute.GreenHouseDataElementVCloudTemplateBuilderLiveTest) succeeded: 0ms
Test suite progress: tests succeeded: 93, failed: 2, skipped: 0.
Starting test testTemplateBuilderCannotFind(org.jclouds.greenhousedata.element.vcloud.compute.GreenHouseDataElementVCloudTemplateBuilderLiveTest)
[TestNG] Test testTemplateBuilderCannotFind(org.jclouds.greenhousedata.element.vcloud.compute.GreenHouseDataElementVCloudTemplateBuilderLiveTest) succeeded: 0ms
Test suite progress: tests succeeded: 94, failed: 2, skipped: 0.
Starting test testTemplateBuilderCannotFind(org.jclouds.greenhousedata.element.vcloud.compute.GreenHouseDataElementVCloudTemplateBuilderLiveTest)
[TestNG] Test testTemplateBuilderCannotFind(org.jclouds.greenhousedata.element.vcloud.compute.GreenHouseDataElementVCloudTemplateBuilderLiveTest) succeeded: 1ms
Test suite progress: tests succeeded: 95, failed: 2, skipped: 0.
Starting test testTemplateBuilderCannotFind(org.jclouds.greenhousedata.element.vcloud.compute.GreenHouseDataElementVCloudTemplateBuilderLiveTest)
[TestNG] Test testTemplateBuilderCannotFind(org.jclouds.greenhousedata.element.vcloud.compute.GreenHouseDataElementVCloudTemplateBuilderLiveTest) succeeded: 0ms
Test suite progress: tests succeeded: 96, failed: 2, skipped: 0.
Starting test testTemplateBuilderCannotFind(org.jclouds.greenhousedata.element.vcloud.compute.GreenHouseDataElementVCloudTemplateBuilderLiveTest)
[TestNG] Test testTemplateBuilderCannotFind(org.jclouds.greenhousedata.element.vcloud.compute.GreenHouseDataElementVCloudTemplateBuilderLiveTest) succeeded: 1ms
Test suite progress: tests succeeded: 97, failed: 2, skipped: 0.
Starting test testTemplateBuilderCannotFind(org.jclouds.greenhousedata.element.vcloud.compute.GreenHouseDataElementVCloudTemplateBuilderLiveTest)
[TestNG] Test testTemplateBuilderCannotFind(org.jclouds.greenhousedata.element.vcloud.compute.GreenHouseDataElementVCloudTemplateBuilderLiveTest) succeeded: 0ms
Test suite progress: tests succeeded: 98, failed: 2, skipped: 0.
Starting test testTemplateBuilderCannotFind(org.jclouds.greenhousedata.element.vcloud.compute.GreenHouseDataElementVCloudTemplateBuilderLiveTest)
[TestNG] Test testTemplateBuilderCannotFind(org.jclouds.greenhousedata.element.vcloud.compute.GreenHouseDataElementVCloudTemplateBuilderLiveTest) succeeded: 1ms
Test suite progress: tests succeeded: 99, failed: 2, skipped: 0.
Starting test testTemplateBuilderWithImageIdSpecified(org.jclouds.greenhousedata.element.vcloud.compute.GreenHouseDataElementVCloudTemplateBuilderLiveTest)
[TestNG] Test testTemplateBuilderWithImageIdSpecified(org.jclouds.greenhousedata.element.vcloud.compute.GreenHouseDataElementVCloudTemplateBuilderLiveTest) succeeded: 31256ms
Test suite progress: tests succeeded: 100, failed: 2, skipped: 0.
Starting test testTemplateBuilderWithLoginUserSpecified(org.jclouds.greenhousedata.element.vcloud.compute.GreenHouseDataElementVCloudTemplateBuilderLiveTest)
Sep 17, 2012 8:30:45 AM org.jclouds.logging.jdk.JDKLogger logWarn
WARNING: Unsupported: multiple network connections are not supported: [id=https://mycloud.greenhousedata.com/api/v1.0/vAppTemplate/vappTemplate-e7f4085c-e245-43fe-bc0b-ff912447a241, name=CentOS-5.5-LAMP, vdc=null, description=This is a special place-holder used for disconnected network interfaces., status=OFF]
Sep 17, 2012 8:30:53 AM org.jclouds.logging.jdk.JDKLogger logWarn
WARNING: Unsupported: multiple network connections are not supported: [id=https://mycloud.greenhousedata.com/api/v1.0/vAppTemplate/vappTemplate-e7f4085c-e245-43fe-bc0b-ff912447a241, name=CentOS-5.5-LAMP, vdc=null, description=This is a special place-holder used for disconnected network interfaces., status=OFF]
Sep 17, 2012 8:31:00 AM org.jclouds.logging.jdk.JDKLogger logWarn
WARNING: Unsupported: multiple network connections are not supported: [id=https://mycloud.greenhousedata.com/api/v1.0/vAppTemplate/vappTemplate-e7f4085c-e245-43fe-bc0b-ff912447a241, name=CentOS-5.5-LAMP, vdc=null, description=This is a special place-holder used for disconnected network interfaces., status=OFF]
Sep 17, 2012 8:31:08 AM org.jclouds.logging.jdk.JDKLogger logWarn
WARNING: Unsupported: multiple network connections are not supported: [id=https://mycloud.greenhousedata.com/api/v1.0/vAppTemplate/vappTemplate-e7f4085c-e245-43fe-bc0b-ff912447a241, name=CentOS-5.5-LAMP, vdc=null, description=This is a special place-holder used for disconnected network interfaces., status=OFF]
[TestNG] Test testTemplateBuilderWithLoginUserSpecified(org.jclouds.greenhousedata.element.vcloud.compute.GreenHouseDataElementVCloudTemplateBuilderLiveTest) succeeded: 28907ms
Test suite progress: tests succeeded: 101, failed: 2, skipped: 0.
Starting test testDefaultTemplateBuilder(org.jclouds.greenhousedata.element.vcloud.compute.GreenHouseDataElementVCloudTemplateBuilderLiveTest)
[TestNG] Test testDefaultTemplateBuilder(org.jclouds.greenhousedata.element.vcloud.compute.GreenHouseDataElementVCloudTemplateBuilderLiveTest) succeeded: 2ms
Test suite progress: tests succeeded: 102, failed: 2, skipped: 0.
Sep 17, 2012 8:31:29 AM org.jclouds.compute.internal.BaseComputeServiceLiveTest createAndRunAServiceInGroup
INFO: << available node(https://mycloud.greenhousedata.com/api/v1.0/vApp/vapp-20d9a05b-3592-49db-984f-06207275faac) os({family=ubuntu, name=Ubuntu 64-Bit, version=, description=Ubuntu Linux (64-bit), is64Bit=true, osType=UBUNTU_64}) in 95s
SLF4J: Failed to load class "org.slf4j.impl.StaticLoggerBinder".
SLF4J: Defaulting to no-operation (NOP) logger implementation
SLF4J: See http://www.slf4j.org/codes.html#StaticLoggerBinder for further details.
[TestNG] Test testCreateAndRunAService(org.jclouds.greenhousedata.element.vcloud.compute.GreenHouseDataElementVCloudComputeServiceLiveTest) failed.
Test suite progress: tests succeeded: 102, failed: 3, skipped: 0.
Starting test testCorrectAuthException(org.jclouds.greenhousedata.element.vcloud.compute.GreenHouseDataElementVCloudComputeServiceLiveTest)
[TestNG] Test testCorrectAuthException(org.jclouds.greenhousedata.element.vcloud.compute.GreenHouseDataElementVCloudComputeServiceLiveTest) succeeded: 1048ms
Test suite progress: tests succeeded: 103, failed: 3, skipped: 0.
Starting test testAScriptExecutionAfterBootWithBasicTemplate(org.jclouds.greenhousedata.element.vcloud.compute.GreenHouseDataElementVCloudComputeServiceLiveTest)
<< problem applying options to node(https://mycloud.greenhousedata.com/api/v1.0/vApp/vapp-c6c395e4-17f6-405b-82b7-71289d6c7d03): 
org.jclouds.rest.AuthorizationException: (root:pw[f8d32fe15f20278948843fc3e91b36d5]@68.168.252.58:22) (root:pw[f8d32fe15f20278948843fc3e91b36d5]@68.168.252.58:22) error acquiring {hostAndPort=68.168.252.58:22, loginUser=root, ssh=null, connectTimeout=60000, sessionTimeout=60000} (not retryable): Exhausted available authentication methods
	at org.jclouds.sshj.SshjSshClient.propagate(SshjSshClient.java:380)
	at org.jclouds.sshj.SshjSshClient.acquire(SshjSshClient.java:211)
	at org.jclouds.sshj.SshjSshClient.connect(SshjSshClient.java:221)
	at org.jclouds.compute.callables.RunScriptOnNodeUsingSsh.call(RunScriptOnNodeUsingSsh.java:80)
	at org.jclouds.compute.strategy.RunScriptOnNodeAndAddToGoodMapOrPutExceptionIntoBadMap.call(RunScriptOnNodeAndAddToGoodMapOrPutExceptionIntoBadMap.java:69)
	at org.jclouds.compute.strategy.RunScriptOnNodeAndAddToGoodMapOrPutExceptionIntoBadMap.call(RunScriptOnNodeAndAddToGoodMapOrPutExceptionIntoBadMap.java:44)
	at java.util.concurrent.FutureTask$Sync.innerRun(FutureTask.java:303)
	at java.util.concurrent.FutureTask.run(FutureTask.java:138)
	at java.util.concurrent.ThreadPoolExecutor$Worker.runTask(ThreadPoolExecutor.java:886)
	at java.util.concurrent.ThreadPoolExecutor$Worker.run(ThreadPoolExecutor.java:908)
	at java.lang.Thread.run(Thread.java:680)
Caused by: net.schmizz.sshj.userauth.UserAuthException: Exhausted available authentication methods
	at net.schmizz.sshj.userauth.UserAuthImpl.authenticate(UserAuthImpl.java:114)
	at net.schmizz.sshj.SSHClient.auth(SSHClient.java:205)
	at net.schmizz.sshj.SSHClient.auth(SSHClient.java:190)
	at net.schmizz.sshj.SSHClient.authPassword(SSHClient.java:266)
	at net.schmizz.sshj.SSHClient.authPassword(SSHClient.java:236)
	at net.schmizz.sshj.SSHClient.authPassword(SSHClient.java:220)
	at org.jclouds.sshj.SSHClientConnection.create(SSHClientConnection.java:140)
	at org.jclouds.sshj.SSHClientConnection.create(SSHClientConnection.java:40)
	at org.jclouds.sshj.SshjSshClient.acquire(SshjSshClient.java:191)
	... 9 more
Caused by: net.schmizz.sshj.userauth.UserAuthException: keyboard-interactive auth not allowed by server
	at net.schmizz.sshj.userauth.UserAuthImpl.authenticate(UserAuthImpl.java:81)
	... 17 more
[TestNG] Test testCaptureVApp(org.jclouds.greenhousedata.element.vcloud.features.GreenHouseDataElementVCloudVAppTemplateClientLiveTest) succeeded: 263925ms
Test suite progress: tests succeeded: 104, failed: 3, skipped: 0.
Starting test testFindVAppTemplate(org.jclouds.greenhousedata.element.vcloud.features.GreenHouseDataElementVCloudVAppTemplateClientLiveTest)
[TestNG] Test testAScriptExecutionAfterBootWithBasicTemplate(org.jclouds.greenhousedata.element.vcloud.compute.GreenHouseDataElementVCloudComputeServiceLiveTest) failed.
Test suite progress: tests succeeded: 104, failed: 4, skipped: 0.
Starting test testConcurrentUseOfComputeServiceToCreateNodes(org.jclouds.greenhousedata.element.vcloud.compute.GreenHouseDataElementVCloudComputeServiceLiveTest)
[TestNG] Test testExtendedOptionsWithCustomizationScript(org.jclouds.greenhousedata.element.vcloud.features.GreenHouseDataElementVCloudVmClientLiveTest) succeeded: 289948ms
Test suite progress: tests succeeded: 105, failed: 4, skipped: 0.
Starting test testGetThumbnailOfVm(org.jclouds.greenhousedata.element.vcloud.features.GreenHouseDataElementVCloudVmClientLiveTest)
[TestNG] Test testGetThumbnailOfVm(org.jclouds.greenhousedata.element.vcloud.features.GreenHouseDataElementVCloudVmClientLiveTest) succeeded: 2689ms
Test suite progress: tests succeeded: 106, failed: 4, skipped: 0.
Starting test testGetVm(org.jclouds.greenhousedata.element.vcloud.features.GreenHouseDataElementVCloudVmClientLiveTest)
[TestNG] Test testGetVm(org.jclouds.greenhousedata.element.vcloud.features.GreenHouseDataElementVCloudVmClientLiveTest) succeeded: 2379ms
Test suite progress: tests succeeded: 107, failed: 4, skipped: 0.
[TestNG] Test testFindVAppTemplate(org.jclouds.greenhousedata.element.vcloud.features.GreenHouseDataElementVCloudVAppTemplateClientLiveTest) succeeded: 46721ms
Test suite progress: tests succeeded: 108, failed: 4, skipped: 0.
Starting test testGetOvfEnvelopeForVAppTemplate(org.jclouds.greenhousedata.element.vcloud.features.GreenHouseDataElementVCloudVAppTemplateClientLiveTest)
[TestNG] Test testGetOvfEnvelopeForVAppTemplate(org.jclouds.greenhousedata.element.vcloud.features.GreenHouseDataElementVCloudVAppTemplateClientLiveTest) succeeded: 24740ms
Test suite progress: tests succeeded: 109, failed: 4, skipped: 0.
Starting test testGetVAppTemplate(org.jclouds.greenhousedata.element.vcloud.features.GreenHouseDataElementVCloudVAppTemplateClientLiveTest)
[TestNG] Test testGetVAppTemplate(org.jclouds.greenhousedata.element.vcloud.features.GreenHouseDataElementVCloudVAppTemplateClientLiveTest) succeeded: 27329ms
Test suite progress: tests succeeded: 110, failed: 4, skipped: 0.
Sep 17, 2012 8:35:29 AM org.jclouds.compute.internal.BaseComputeServiceLiveTest$1 call
INFO: Started node https://mycloud.greenhousedata.com/api/v1.0/vApp/vapp-79bf2ae7-52f6-486c-b4c7-e4f1267e0355
Sep 17, 2012 8:35:38 AM org.jclouds.compute.internal.BaseComputeServiceLiveTest$1 call
INFO: Started node https://mycloud.greenhousedata.com/api/v1.0/vApp/vapp-5d631a8b-bca4-4816-81e8-0ba2e4f160bf
[TestNG] Test testConcurrentUseOfComputeServiceToCreateNodes(org.jclouds.greenhousedata.element.vcloud.compute.GreenHouseDataElementVCloudComputeServiceLiveTest) succeeded: 167363ms
Test suite progress: tests succeeded: 111, failed: 4, skipped: 0.
Starting test testTemplateMatch(org.jclouds.greenhousedata.element.vcloud.compute.GreenHouseDataElementVCloudComputeServiceLiveTest)
[TestNG] Test testTemplateMatch(org.jclouds.greenhousedata.element.vcloud.compute.GreenHouseDataElementVCloudComputeServiceLiveTest) succeeded: 10766ms
Test suite progress: tests succeeded: 112, failed: 4, skipped: 0.
Starting test testCreateTwoNodesWithRunScript(org.jclouds.greenhousedata.element.vcloud.compute.GreenHouseDataElementVCloudComputeServiceLiveTest)
[TestNG] Test testCreateTwoNodesWithRunScript(org.jclouds.greenhousedata.element.vcloud.compute.GreenHouseDataElementVCloudComputeServiceLiveTest) failed.
Test suite progress: tests succeeded: 112, failed: 5, skipped: 0.
[TestNG] Test testCreateAnotherNodeWithANewContextToEnsureSharedMemIsntRequired(org.jclouds.greenhousedata.element.vcloud.compute.GreenHouseDataElementVCloudComputeServiceLiveTest) skipped.
Test suite progress: tests succeeded: 112, failed: 5, skipped: 1.
[TestNG] Test testCredentialsCache(org.jclouds.greenhousedata.element.vcloud.compute.GreenHouseDataElementVCloudComputeServiceLiveTest) skipped.
Test suite progress: tests succeeded: 112, failed: 5, skipped: 2.
[TestNG] Test testGet(org.jclouds.greenhousedata.element.vcloud.compute.GreenHouseDataElementVCloudComputeServiceLiveTest) skipped.
Test suite progress: tests succeeded: 112, failed: 5, skipped: 3.
[TestNG] Test testReboot(org.jclouds.greenhousedata.element.vcloud.compute.GreenHouseDataElementVCloudComputeServiceLiveTest) skipped.
Test suite progress: tests succeeded: 112, failed: 5, skipped: 4.
[TestNG] Test testSuspendResume(org.jclouds.greenhousedata.element.vcloud.compute.GreenHouseDataElementVCloudComputeServiceLiveTest) skipped.
Test suite progress: tests succeeded: 112, failed: 5, skipped: 5.
[TestNG] Test testGetNodesWithDetails(org.jclouds.greenhousedata.element.vcloud.compute.GreenHouseDataElementVCloudComputeServiceLiveTest) skipped.
Test suite progress: tests succeeded: 112, failed: 5, skipped: 6.
[TestNG] Test testListNodes(org.jclouds.greenhousedata.element.vcloud.compute.GreenHouseDataElementVCloudComputeServiceLiveTest) skipped.
Test suite progress: tests succeeded: 112, failed: 5, skipped: 7.
[TestNG] Test testDestroyNodes(org.jclouds.greenhousedata.element.vcloud.compute.GreenHouseDataElementVCloudComputeServiceLiveTest) skipped.
Test suite progress: tests succeeded: 112, failed: 5, skipped: 8.
Tests run: 125, Failures: 5, Errors: 0, Skipped: 8, Time elapsed: 580.676 sec <<< FAILURE!

Results :

Failed tests:   testFindCatalogIsWriteableIfNotVersion1_5(org.jclouds.greenhousedata.element.vcloud.features.GreenHouseDataElementVCloudCatalogClientLiveTest): expected:<true> but was:<false>
  testTemplateBuilderCannotFind(org.jclouds.greenhousedata.element.vcloud.compute.GreenHouseDataElementVCloudTemplateBuilderLiveTest): (..)
  testCreateAndRunAService(org.jclouds.greenhousedata.element.vcloud.compute.GreenHouseDataElementVCloudComputeServiceLiveTest): (root:pw[59e4e2426b92a3787093384de3e53a6b]@68.168.252.58:22) (root:pw[59e4e2426b92a3787093384de3e53a6b]@68.168.252.58:22) error acquiring {hostAndPort=68.168.252.58:22, loginUser=root, ssh=null, connectTimeout=60000, sessionTimeout=60000} (not retryable): Exhausted available authentication methods
  testAScriptExecutionAfterBootWithBasicTemplate(org.jclouds.greenhousedata.element.vcloud.compute.GreenHouseDataElementVCloudComputeServiceLiveTest): error runScript on filtered nodes options({loginUser=root, loginPasswordPresent=true, loginPrivateKeyPresent=true, runAsRoot=false, wrapInInitScript=false})(..)
  testCreateTwoNodesWithRunScript(org.jclouds.greenhousedata.element.vcloud.compute.GreenHouseDataElementVCloudComputeServiceLiveTest): error running 2 nodes group(vcd) location(https://mycloud.greenhousedata.com/api/v1.0/vdc/e9cd3387-ac57-4d27-a481-9bee75e0690f) image(https://mycloud.greenhousedata.com/api/v1.0/vAppTemplate/vappTemplate-33578b29-1437-4b30-9f9a-4d4a3393b913) size(https://mycloud.greenhousedata.com/api/v1.0/vAppTemplate/vappTemplate-33578b29-1437-4b30-9f9a-4d4a3393b913) options({taskName=bootstrap, scriptPresent=true, ipAddressAllocationMode=POOL})(..)

Tests run: 125, Failures: 5, Errors: 0, Skipped: 8

[INFO] ------------------------------------------------------------------------
[INFO] BUILD FAILURE
[INFO] ------------------------------------------------------------------------
[INFO] Total time: 9:53.175s
[INFO] Finished at: Mon Sep 17 08:38:45 PDT 2012
[INFO] Final Memory: 18M/265M
[INFO] ------------------------------------------------------------------------
[ERROR] Failed to execute goal org.apache.maven.plugins:maven-surefire-plugin:2.12:test (integration) on project greenhousedata-element-vcloud: There are test failures.
[ERROR] 
[ERROR] Please refer to /Users/adriancole/workspace/git/jclouds/providers/greenhousedata-element-vcloud/target/surefire-reports for the individual test results.
[ERROR] -> [Help 1]
[ERROR] 
[ERROR] To see the full stack trace of the errors, re-run Maven with the -e switch.
[ERROR] Re-run Maven using the -X switch to enable full debug logging.
[ERROR] 
[ERROR] For more information about the errors and possible solutions, please read the following articles:
[ERROR] [Help 1] http://cwiki.apache.org/confluence/display/MAVEN/MojoFailureException
