[INFO] Scanning for projects...
[WARNING] 
[WARNING] Some problems were encountered while building the effective model for org.jclouds.provider:ninefold-storage:bundle:1.5.0-SNAPSHOT
[WARNING] 'parent.relativePath' of POM org.jclouds:jclouds-project:1.5.0-SNAPSHOT (/Users/adriancole/workspace/git/jclouds/project/pom.xml) points at org.jclouds:jclouds-multi instead of org.sonatype.oss:oss-parent, please verify your project structure @ org.jclouds:jclouds-project:1.5.0-SNAPSHOT, /Users/adriancole/workspace/git/jclouds/project/pom.xml, line 24, column 13
[WARNING] 
[WARNING] It is highly recommended to fix these problems because they threaten the stability of your build.
[WARNING] 
[WARNING] For this reason, future Maven versions might no longer support building such malformed projects.
[WARNING] 
[INFO]                                                                         
[INFO] ------------------------------------------------------------------------
[INFO] Building jclouds ninefold storage provider 1.5.0-SNAPSHOT
[INFO] ------------------------------------------------------------------------
[INFO] 
[INFO] --- maven-clean-plugin:2.4.1:clean (default-clean) @ ninefold-storage ---
[INFO] Deleting /Users/adriancole/workspace/git/jclouds/providers/ninefold-storage/target
[INFO] 
[INFO] --- maven-enforcer-plugin:1.0.1:enforce (enforce-maven) @ ninefold-storage ---
[INFO] 
[INFO] --- maven-enforcer-plugin:1.0.1:enforce (enforce-banned-dependencies) @ ninefold-storage ---
[INFO] 
[INFO] --- maven-enforcer-plugin:1.0.1:enforce (enforce-java) @ ninefold-storage ---
[INFO] 
[INFO] --- maven-remote-resources-plugin:1.2.1:process (process-remote-resources) @ ninefold-storage ---
[INFO] 
[INFO] --- maven-resources-plugin:2.5:resources (default-resources) @ ninefold-storage ---
[debug] execute contextualize
[INFO] Using 'UTF-8' encoding to copy filtered resources.
[INFO] skip non existing resourceDirectory /Users/adriancole/workspace/git/jclouds/providers/ninefold-storage/src/main/clojure
[INFO] Copying 1 resource
[INFO] Copying 2 resources
[INFO] 
[INFO] --- maven-compiler-plugin:2.3.2:compile (default-compile) @ ninefold-storage ---
[INFO] Compiling 1 source file to /Users/adriancole/workspace/git/jclouds/providers/ninefold-storage/target/classes
[INFO] 
[INFO] --- maven-resources-plugin:2.5:testResources (default-testResources) @ ninefold-storage ---
[debug] execute contextualize
[INFO] Using 'UTF-8' encoding to copy filtered resources.
[INFO] skip non existing resourceDirectory /Users/adriancole/workspace/git/jclouds/providers/ninefold-storage/src/test/clojure
[INFO] skip non existing resourceDirectory /Users/adriancole/workspace/git/jclouds/providers/ninefold-storage/src/test/resources
[INFO] Copying 2 resources
[INFO] 
[INFO] --- maven-compiler-plugin:2.3.2:testCompile (default-testCompile) @ ninefold-storage ---
[INFO] Compiling 11 source files to /Users/adriancole/workspace/git/jclouds/providers/ninefold-storage/target/test-classes
[INFO] 
[INFO] --- maven-surefire-plugin:2.12:test (default-test) @ ninefold-storage ---
[INFO] Surefire report directory: /Users/adriancole/workspace/git/jclouds/providers/ninefold-storage/target/surefire-reports
[INFO] Using configured provider org.apache.maven.surefire.testng.TestNGProvider

-------------------------------------------------------
 T E S T S
-------------------------------------------------------
Running TestSuite
Configuring TestNG with: org.apache.maven.surefire.testng.conf.TestNGMapConfigurator@7bea5671
Starting test testCreateDirectoryOptions(org.jclouds.ninefold.storage.NinefoldStorageAsyncClientTest)
Starting test testCreateDirectory(org.jclouds.ninefold.storage.NinefoldStorageAsyncClientTest)
Starting test testCreateFileOptions(org.jclouds.ninefold.storage.NinefoldStorageAsyncClientTest)
Starting test testCreateFile(org.jclouds.ninefold.storage.NinefoldStorageAsyncClientTest)
Starting test testDeletePath(org.jclouds.ninefold.storage.NinefoldStorageAsyncClientTest)
[pool-2-thread-2] Test testCreateDirectoryOptions(org.jclouds.ninefold.storage.NinefoldStorageAsyncClientTest) succeeded: 95ms
Test suite progress: tests succeeded: 1, failed: 0, skipped: 0.
Starting test testGetSystemMetadata(org.jclouds.ninefold.storage.NinefoldStorageAsyncClientTest)
[pool-2-thread-5] Test testDeletePath(org.jclouds.ninefold.storage.NinefoldStorageAsyncClientTest) succeeded: 116ms
Test suite progress: tests succeeded: 2, failed: 0, skipped: 0.
Starting test testIsPublic(org.jclouds.ninefold.storage.NinefoldStorageAsyncClientTest)
[pool-2-thread-5] Test testIsPublic(org.jclouds.ninefold.storage.NinefoldStorageAsyncClientTest) succeeded: 15ms
Test suite progress: tests succeeded: 3, failed: 0, skipped: 0.
Starting test testListDirectories(org.jclouds.ninefold.storage.NinefoldStorageAsyncClientTest)
[pool-2-thread-1] Test testCreateDirectory(org.jclouds.ninefold.storage.NinefoldStorageAsyncClientTest) succeeded: 167ms
Test suite progress: tests succeeded: 4, failed: 0, skipped: 0.
[pool-2-thread-5] Test testListDirectories(org.jclouds.ninefold.storage.NinefoldStorageAsyncClientTest) succeeded: 15ms
Test suite progress: tests succeeded: 5, failed: 0, skipped: 0.
Starting test testListDirectoriesOptions(org.jclouds.ninefold.storage.NinefoldStorageAsyncClientTest)
[pool-2-thread-5] Test testListDirectoriesOptions(org.jclouds.ninefold.storage.NinefoldStorageAsyncClientTest) succeeded: 2ms
Test suite progress: tests succeeded: 6, failed: 0, skipped: 0.
Starting test testListDirectoryOptions(org.jclouds.ninefold.storage.NinefoldStorageAsyncClientTest)
Starting test testListDirectory(org.jclouds.ninefold.storage.NinefoldStorageAsyncClientTest)
[pool-2-thread-2] Test testGetSystemMetadata(org.jclouds.ninefold.storage.NinefoldStorageAsyncClientTest) succeeded: 82ms
Test suite progress: tests succeeded: 7, failed: 0, skipped: 0.
Starting test testNewObject(org.jclouds.ninefold.storage.NinefoldStorageAsyncClientTest)
[pool-2-thread-2] Test testNewObject(org.jclouds.ninefold.storage.NinefoldStorageAsyncClientTest) succeeded: 0ms
Test suite progress: tests succeeded: 8, failed: 0, skipped: 0.
Starting test testReadFile(org.jclouds.ninefold.storage.NinefoldStorageAsyncClientTest)
[pool-2-thread-2] Test testReadFile(org.jclouds.ninefold.storage.NinefoldStorageAsyncClientTest) succeeded: 11ms
Test suite progress: tests succeeded: 9, failed: 0, skipped: 0.
Starting test testUpdateFile(org.jclouds.ninefold.storage.NinefoldStorageAsyncClientTest)
[pool-2-thread-5] Test testListDirectoryOptions(org.jclouds.ninefold.storage.NinefoldStorageAsyncClientTest) succeeded: 23ms
Test suite progress: tests succeeded: 10, failed: 0, skipped: 0.
Starting test testUpdateFileOptions(org.jclouds.ninefold.storage.NinefoldStorageAsyncClientTest)
[pool-2-thread-1] Test testListDirectory(org.jclouds.ninefold.storage.NinefoldStorageAsyncClientTest) succeeded: 23ms
Test suite progress: tests succeeded: 11, failed: 0, skipped: 0.
[pool-2-thread-4] Test testCreateFileOptions(org.jclouds.ninefold.storage.NinefoldStorageAsyncClientTest) succeeded: 269ms
Test suite progress: tests succeeded: 12, failed: 0, skipped: 0.
[pool-2-thread-2] Test testUpdateFile(org.jclouds.ninefold.storage.NinefoldStorageAsyncClientTest) succeeded: 88ms
Test suite progress: tests succeeded: 13, failed: 0, skipped: 0.
[pool-2-thread-5] Test testUpdateFileOptions(org.jclouds.ninefold.storage.NinefoldStorageAsyncClientTest) succeeded: 86ms
Test suite progress: tests succeeded: 14, failed: 0, skipped: 0.
[pool-2-thread-3] Test testCreateFile(org.jclouds.ninefold.storage.NinefoldStorageAsyncClientTest) succeeded: 273ms
Test suite progress: tests succeeded: 15, failed: 0, skipped: 0.
Starting test testAllContains(org.jclouds.ninefold.storage.NinefoldStorageProviderTest)
Starting test testOfApiContains(org.jclouds.ninefold.storage.NinefoldStorageProviderTest)
[pool-5-thread-1] Test testAllContains(org.jclouds.ninefold.storage.NinefoldStorageProviderTest) succeeded: 1ms
Test suite progress: tests succeeded: 16, failed: 0, skipped: 0.
[pool-5-thread-2] Test testOfApiContains(org.jclouds.ninefold.storage.NinefoldStorageProviderTest) succeeded: 2ms
Test suite progress: tests succeeded: 17, failed: 0, skipped: 0.
Starting test testTransformableToContains(org.jclouds.ninefold.storage.NinefoldStorageProviderTest)
Starting test testWithId(org.jclouds.ninefold.storage.NinefoldStorageProviderTest)
[pool-5-thread-4] Test testWithId(org.jclouds.ninefold.storage.NinefoldStorageProviderTest) succeeded: 1ms
Test suite progress: tests succeeded: 18, failed: 0, skipped: 0.
[pool-5-thread-3] Test testTransformableToContains(org.jclouds.ninefold.storage.NinefoldStorageProviderTest) succeeded: 3ms
Test suite progress: tests succeeded: 19, failed: 0, skipped: 0.
Tests run: 19, Failures: 0, Errors: 0, Skipped: 0, Time elapsed: 2.604 sec

Results :

Tests run: 19, Failures: 0, Errors: 0, Skipped: 0

[INFO] 
[INFO] --- clojure-maven-plugin:1.3.9:test (test-clojure) @ ninefold-storage ---

Testing com.theoryinpractise.clojure.testrunner

Ran 0 tests containing 0 assertions.
0 failures, 0 errors.
[INFO] 
[INFO] --- maven-bundle-plugin:2.3.7:bundle (default-bundle) @ ninefold-storage ---
[INFO] 
[INFO] --- maven-source-plugin:2.1.2:jar-no-fork (attach-sources) @ ninefold-storage ---
[INFO] META-INF already added, skipping
[INFO] META-INF already added, skipping
[INFO] META-INF/LICENSE.txt already added, skipping
[INFO] META-INF/NOTICE.txt already added, skipping
[INFO] Building jar: /Users/adriancole/workspace/git/jclouds/providers/ninefold-storage/target/ninefold-storage-1.5.0-SNAPSHOT-sources.jar
[INFO] META-INF already added, skipping
[INFO] META-INF already added, skipping
[INFO] META-INF/LICENSE.txt already added, skipping
[INFO] META-INF/NOTICE.txt already added, skipping
[INFO] 
[INFO] --- maven-javadoc-plugin:2.8.1:jar (javadoc) @ ninefold-storage ---
[INFO] Skipping javadoc generation
[INFO] 
[INFO] --- maven-jar-plugin:2.4:test-jar (default) @ ninefold-storage ---
[INFO] Building jar: /Users/adriancole/workspace/git/jclouds/providers/ninefold-storage/target/ninefold-storage-1.5.0-SNAPSHOT-tests.jar
[INFO] 
[INFO] --- maven-surefire-plugin:2.12:test (integration) @ ninefold-storage ---
[INFO] Surefire report directory: /Users/adriancole/workspace/git/jclouds/providers/ninefold-storage/target/surefire-reports
[INFO] Using configured provider org.apache.maven.surefire.testng.TestNGProvider

-------------------------------------------------------
 T E S T S
-------------------------------------------------------
Running TestSuite
Configuring TestNG with: org.apache.maven.surefire.testng.conf.TestNGMapConfigurator@19968e23
Starting test testSignGetUrl(org.jclouds.ninefold.storage.blobstore.integration.NinefoldStorageBlobSignerLiveTest)
[TestNG] Test testSignGetUrl(org.jclouds.ninefold.storage.blobstore.integration.NinefoldStorageBlobSignerLiveTest) skipped.
Test suite progress: tests succeeded: 0, failed: 0, skipped: 1.
Starting test testContains(org.jclouds.ninefold.storage.blobstore.integration.NinefoldStorageBlobMapIntegrationLiveTest)
[TestNG] Test testContains(org.jclouds.ninefold.storage.blobstore.integration.NinefoldStorageBlobMapIntegrationLiveTest) skipped.
Starting test testSignGetUrlOptions(org.jclouds.ninefold.storage.blobstore.integration.NinefoldStorageBlobSignerLiveTest)
Test suite progress: tests succeeded: 0, failed: 0, skipped: 2.
[TestNG] Test testSignGetUrlOptions(org.jclouds.ninefold.storage.blobstore.integration.NinefoldStorageBlobSignerLiveTest) skipped.
Test suite progress: tests succeeded: 0, failed: 0, skipped: 3.
Starting test testSignPutUrl(org.jclouds.ninefold.storage.blobstore.integration.NinefoldStorageBlobSignerLiveTest)
[TestNG] Test testSignPutUrl(org.jclouds.ninefold.storage.blobstore.integration.NinefoldStorageBlobSignerLiveTest) skipped.
Test suite progress: tests succeeded: 0, failed: 0, skipped: 4.
Starting test testSignRemoveUrl(org.jclouds.ninefold.storage.blobstore.integration.NinefoldStorageBlobSignerLiveTest)
[TestNG] Test testSignRemoveUrl(org.jclouds.ninefold.storage.blobstore.integration.NinefoldStorageBlobSignerLiveTest) skipped.
Test suite progress: tests succeeded: 0, failed: 0, skipped: 5.
Starting test testEntrySet(org.jclouds.ninefold.storage.blobstore.integration.NinefoldStorageBlobMapIntegrationLiveTest)
[TestNG] Test testEntrySet(org.jclouds.ninefold.storage.blobstore.integration.NinefoldStorageBlobMapIntegrationLiveTest) skipped.
Test suite progress: tests succeeded: 0, failed: 0, skipped: 6.
Starting test testPut(org.jclouds.ninefold.storage.blobstore.integration.NinefoldStorageBlobMapIntegrationLiveTest)
[TestNG] Test testPut(org.jclouds.ninefold.storage.blobstore.integration.NinefoldStorageBlobMapIntegrationLiveTest) skipped.
Test suite progress: tests succeeded: 0, failed: 0, skipped: 7.
Starting test testPutAll(org.jclouds.ninefold.storage.blobstore.integration.NinefoldStorageBlobMapIntegrationLiveTest)
[TestNG] Test testPutAll(org.jclouds.ninefold.storage.blobstore.integration.NinefoldStorageBlobMapIntegrationLiveTest) skipped.
Test suite progress: tests succeeded: 0, failed: 0, skipped: 8.
Starting test testPutMoreThanSingleListing(org.jclouds.ninefold.storage.blobstore.integration.NinefoldStorageBlobMapIntegrationLiveTest)
[TestNG] Test testPutMoreThanSingleListing(org.jclouds.ninefold.storage.blobstore.integration.NinefoldStorageBlobMapIntegrationLiveTest) skipped.
Test suite progress: tests succeeded: 0, failed: 0, skipped: 9.
Starting test testRemove(org.jclouds.ninefold.storage.blobstore.integration.NinefoldStorageBlobMapIntegrationLiveTest)
[TestNG] Test testRemove(org.jclouds.ninefold.storage.blobstore.integration.NinefoldStorageBlobMapIntegrationLiveTest) skipped.
Test suite progress: tests succeeded: 0, failed: 0, skipped: 10.
Starting test testCopyUrl(org.jclouds.ninefold.storage.blobstore.integration.NinefoldStorageBlobLiveTest)
[TestNG] Test testCopyUrl(org.jclouds.ninefold.storage.blobstore.integration.NinefoldStorageBlobLiveTest) skipped.
Test suite progress: tests succeeded: 0, failed: 0, skipped: 11.
Starting test testListContainerMarker(org.jclouds.ninefold.storage.blobstore.integration.NinefoldStorageContainerIntegrationLiveTest)
[TestNG] Test testListContainerMarker(org.jclouds.ninefold.storage.blobstore.integration.NinefoldStorageContainerIntegrationLiveTest) skipped.
Test suite progress: tests succeeded: 0, failed: 0, skipped: 12.
Starting test testListContainerMaxResults(org.jclouds.ninefold.storage.blobstore.integration.NinefoldStorageContainerIntegrationLiveTest)
[TestNG] Test testListContainerMaxResults(org.jclouds.ninefold.storage.blobstore.integration.NinefoldStorageContainerIntegrationLiveTest) skipped.
Test suite progress: tests succeeded: 0, failed: 0, skipped: 13.
Starting test containerDoesntExist(org.jclouds.ninefold.storage.blobstore.integration.NinefoldStorageContainerIntegrationLiveTest)
[TestNG] Test containerDoesntExist(org.jclouds.ninefold.storage.blobstore.integration.NinefoldStorageContainerIntegrationLiveTest) skipped.
Test suite progress: tests succeeded: 0, failed: 0, skipped: 14.
Starting test containerExists(org.jclouds.ninefold.storage.blobstore.integration.NinefoldStorageContainerIntegrationLiveTest)
[TestNG] Test containerExists(org.jclouds.ninefold.storage.blobstore.integration.NinefoldStorageContainerIntegrationLiveTest) skipped.
Test suite progress: tests succeeded: 0, failed: 0, skipped: 15.
Starting test deleteContainerIfEmpty(org.jclouds.ninefold.storage.blobstore.integration.NinefoldStorageContainerIntegrationLiveTest)
[TestNG] Test deleteContainerIfEmpty(org.jclouds.ninefold.storage.blobstore.integration.NinefoldStorageContainerIntegrationLiveTest) skipped.
Test suite progress: tests succeeded: 0, failed: 0, skipped: 16.
Starting test deleteContainerWithContents(org.jclouds.ninefold.storage.blobstore.integration.NinefoldStorageContainerIntegrationLiveTest)
[TestNG] Test deleteContainerWithContents(org.jclouds.ninefold.storage.blobstore.integration.NinefoldStorageContainerIntegrationLiveTest) skipped.
Test suite progress: tests succeeded: 0, failed: 0, skipped: 17.
Starting test testClearWhenContentsUnderPath(org.jclouds.ninefold.storage.blobstore.integration.NinefoldStorageContainerIntegrationLiveTest)
[TestNG] Test testClearWhenContentsUnderPath(org.jclouds.ninefold.storage.blobstore.integration.NinefoldStorageContainerIntegrationLiveTest) skipped.
Test suite progress: tests succeeded: 0, failed: 0, skipped: 18.
Starting test testDirectory(org.jclouds.ninefold.storage.blobstore.integration.NinefoldStorageContainerIntegrationLiveTest)
[TestNG] Test testDirectory(org.jclouds.ninefold.storage.blobstore.integration.NinefoldStorageContainerIntegrationLiveTest) skipped.
Test suite progress: tests succeeded: 0, failed: 0, skipped: 19.
Starting test testListContainer(org.jclouds.ninefold.storage.blobstore.integration.NinefoldStorageContainerIntegrationLiveTest)
[TestNG] Test testListContainer(org.jclouds.ninefold.storage.blobstore.integration.NinefoldStorageContainerIntegrationLiveTest) skipped.
Test suite progress: tests succeeded: 0, failed: 0, skipped: 20.
Starting test testListContainerPrefix(org.jclouds.ninefold.storage.blobstore.integration.NinefoldStorageContainerIntegrationLiveTest)
[TestNG] Test testListContainerPrefix(org.jclouds.ninefold.storage.blobstore.integration.NinefoldStorageContainerIntegrationLiveTest) skipped.
Test suite progress: tests succeeded: 0, failed: 0, skipped: 21.
Starting test testListRootUsesDelimiter(org.jclouds.ninefold.storage.blobstore.integration.NinefoldStorageContainerIntegrationLiveTest)
[TestNG] Test testListRootUsesDelimiter(org.jclouds.ninefold.storage.blobstore.integration.NinefoldStorageContainerIntegrationLiveTest) skipped.
Test suite progress: tests succeeded: 0, failed: 0, skipped: 22.
Starting test testPutTwiceIsOkAndDoesntOverwrite(org.jclouds.ninefold.storage.blobstore.integration.NinefoldStorageContainerIntegrationLiveTest)
[TestNG] Test testPutTwiceIsOkAndDoesntOverwrite(org.jclouds.ninefold.storage.blobstore.integration.NinefoldStorageContainerIntegrationLiveTest) skipped.
Test suite progress: tests succeeded: 0, failed: 0, skipped: 23.
Starting test testWithDetails(org.jclouds.ninefold.storage.blobstore.integration.NinefoldStorageContainerIntegrationLiveTest)
[TestNG] Test testWithDetails(org.jclouds.ninefold.storage.blobstore.integration.NinefoldStorageContainerIntegrationLiveTest) skipped.
Test suite progress: tests succeeded: 0, failed: 0, skipped: 24.
Starting test testPutObjectStream(org.jclouds.ninefold.storage.blobstore.integration.NinefoldStorageBlobIntegrationLiveTest)
[TestNG] Test testPutObjectStream(org.jclouds.ninefold.storage.blobstore.integration.NinefoldStorageBlobIntegrationLiveTest) skipped.
Test suite progress: tests succeeded: 0, failed: 0, skipped: 25.
Starting test blobNotFound(org.jclouds.ninefold.storage.blobstore.integration.NinefoldStorageBlobIntegrationLiveTest)
[TestNG] Test blobNotFound(org.jclouds.ninefold.storage.blobstore.integration.NinefoldStorageBlobIntegrationLiveTest) skipped.
Test suite progress: tests succeeded: 0, failed: 0, skipped: 26.
Starting test testValues(org.jclouds.ninefold.storage.blobstore.integration.NinefoldStorageBlobMapIntegrationLiveTest)
[TestNG] Test testValues(org.jclouds.ninefold.storage.blobstore.integration.NinefoldStorageBlobMapIntegrationLiveTest) skipped.
Test suite progress: tests succeeded: 0, failed: 0, skipped: 27.
Starting test testClear(org.jclouds.ninefold.storage.blobstore.integration.NinefoldStorageBlobMapIntegrationLiveTest)
[TestNG] Test testClear(org.jclouds.ninefold.storage.blobstore.integration.NinefoldStorageBlobMapIntegrationLiveTest) skipped.
Test suite progress: tests succeeded: 0, failed: 0, skipped: 28.
Starting test testContainsKey(org.jclouds.ninefold.storage.blobstore.integration.NinefoldStorageBlobMapIntegrationLiveTest)
[TestNG] Test testContainsKey(org.jclouds.ninefold.storage.blobstore.integration.NinefoldStorageBlobMapIntegrationLiveTest) skipped.
Test suite progress: tests succeeded: 0, failed: 0, skipped: 29.
Starting test testDirectory(org.jclouds.ninefold.storage.blobstore.integration.NinefoldStorageBlobMapIntegrationLiveTest)
[TestNG] Test testDirectory(org.jclouds.ninefold.storage.blobstore.integration.NinefoldStorageBlobMapIntegrationLiveTest) skipped.
Test suite progress: tests succeeded: 0, failed: 0, skipped: 30.
Starting test testIsEmpty(org.jclouds.ninefold.storage.blobstore.integration.NinefoldStorageBlobMapIntegrationLiveTest)
[TestNG] Test testIsEmpty(org.jclouds.ninefold.storage.blobstore.integration.NinefoldStorageBlobMapIntegrationLiveTest) skipped.
Test suite progress: tests succeeded: 0, failed: 0, skipped: 31.
Starting test testKeySet(org.jclouds.ninefold.storage.blobstore.integration.NinefoldStorageBlobMapIntegrationLiveTest)
[TestNG] Test testKeySet(org.jclouds.ninefold.storage.blobstore.integration.NinefoldStorageBlobMapIntegrationLiveTest) skipped.
Test suite progress: tests succeeded: 0, failed: 0, skipped: 32.
Starting test testListContainer(org.jclouds.ninefold.storage.blobstore.integration.NinefoldStorageBlobMapIntegrationLiveTest)
[TestNG] Test testListContainer(org.jclouds.ninefold.storage.blobstore.integration.NinefoldStorageBlobMapIntegrationLiveTest) skipped.
Test suite progress: tests succeeded: 0, failed: 0, skipped: 33.
Starting test deleteObject(org.jclouds.ninefold.storage.blobstore.integration.NinefoldStorageBlobIntegrationLiveTest)
[TestNG] Test deleteObject(org.jclouds.ninefold.storage.blobstore.integration.NinefoldStorageBlobIntegrationLiveTest) skipped.
Test suite progress: tests succeeded: 0, failed: 0, skipped: 34.
Starting test deleteObjectNoContainer(org.jclouds.ninefold.storage.blobstore.integration.NinefoldStorageBlobIntegrationLiveTest)
[TestNG] Test deleteObjectNoContainer(org.jclouds.ninefold.storage.blobstore.integration.NinefoldStorageBlobIntegrationLiveTest) skipped.
Test suite progress: tests succeeded: 0, failed: 0, skipped: 35.
Starting test deleteObjectNotFound(org.jclouds.ninefold.storage.blobstore.integration.NinefoldStorageBlobIntegrationLiveTest)
[TestNG] Test deleteObjectNotFound(org.jclouds.ninefold.storage.blobstore.integration.NinefoldStorageBlobIntegrationLiveTest) skipped.
Test suite progress: tests succeeded: 0, failed: 0, skipped: 36.
Starting test testBigFileGets(org.jclouds.ninefold.storage.blobstore.integration.NinefoldStorageBlobIntegrationLiveTest)
[TestNG] Test testBigFileGets(org.jclouds.ninefold.storage.blobstore.integration.NinefoldStorageBlobIntegrationLiveTest) skipped.
Test suite progress: tests succeeded: 0, failed: 0, skipped: 37.
Starting test testPutFileParallel(org.jclouds.ninefold.storage.blobstore.integration.NinefoldStorageBlobIntegrationLiveTest)
[TestNG] Test testPutFileParallel(org.jclouds.ninefold.storage.blobstore.integration.NinefoldStorageBlobIntegrationLiveTest) skipped.
Test suite progress: tests succeeded: 0, failed: 0, skipped: 38.
Starting test testPublicAccess(org.jclouds.ninefold.storage.blobstore.integration.NinefoldStorageContainerLiveTest)
[TestNG] Test testPublicAccess(org.jclouds.ninefold.storage.blobstore.integration.NinefoldStorageContainerLiveTest) skipped.
Test suite progress: tests succeeded: 0, failed: 0, skipped: 39.
Starting test testPutObject(org.jclouds.ninefold.storage.blobstore.integration.NinefoldStorageBlobIntegrationLiveTest)
[TestNG] Test testPutObject(org.jclouds.ninefold.storage.blobstore.integration.NinefoldStorageBlobIntegrationLiveTest) skipped.
Test suite progress: tests succeeded: 0, failed: 0, skipped: 40.
Starting test containerDoesntExist(org.jclouds.ninefold.storage.blobstore.integration.NinefoldStorageServiceIntegrationLiveTest)
Starting test testPutObject(org.jclouds.ninefold.storage.blobstore.integration.NinefoldStorageBlobIntegrationLiveTest)
[TestNG] Test containerDoesntExist(org.jclouds.ninefold.storage.blobstore.integration.NinefoldStorageServiceIntegrationLiveTest) skipped.
Test suite progress: tests succeeded: 0, failed: 0, skipped: 41.
Starting test testAllLocations(org.jclouds.ninefold.storage.blobstore.integration.NinefoldStorageServiceIntegrationLiveTest)
Starting test testEntrySet(org.jclouds.ninefold.storage.blobstore.integration.NinefoldStorageInputStreamMapIntegrationLiveTest)
[TestNG] Test testPutObject(org.jclouds.ninefold.storage.blobstore.integration.NinefoldStorageBlobIntegrationLiveTest) skipped.
Test suite progress: tests succeeded: 0, failed: 0, skipped: 42.
[TestNG] Test testEntrySet(org.jclouds.ninefold.storage.blobstore.integration.NinefoldStorageInputStreamMapIntegrationLiveTest) skipped.
Test suite progress: tests succeeded: 0, failed: 0, skipped: 43.
[TestNG] Test testAllLocations(org.jclouds.ninefold.storage.blobstore.integration.NinefoldStorageServiceIntegrationLiveTest) skipped.
Test suite progress: tests succeeded: 0, failed: 0, skipped: 44.
Starting test testGetAssignableLocations(org.jclouds.ninefold.storage.blobstore.integration.NinefoldStorageServiceIntegrationLiveTest)
[TestNG] Test testGetAssignableLocations(org.jclouds.ninefold.storage.blobstore.integration.NinefoldStorageServiceIntegrationLiveTest) skipped.
Test suite progress: tests succeeded: 0, failed: 0, skipped: 45.
Starting test testPutObject(org.jclouds.ninefold.storage.blobstore.integration.NinefoldStorageBlobIntegrationLiveTest)
[TestNG] Test testPutObject(org.jclouds.ninefold.storage.blobstore.integration.NinefoldStorageBlobIntegrationLiveTest) skipped.
Test suite progress: tests succeeded: 0, failed: 0, skipped: 46.
Starting test testPutAll(org.jclouds.ninefold.storage.blobstore.integration.NinefoldStorageInputStreamMapIntegrationLiveTest)
Starting test testCreateDirectory(org.jclouds.ninefold.storage.NinefoldStorageClientLiveTest)
[TestNG] Test testCreateDirectory(org.jclouds.ninefold.storage.NinefoldStorageClientLiveTest) skipped.
Test suite progress: tests succeeded: 0, failed: 0, skipped: 47.
Starting test testListDirectorys(org.jclouds.ninefold.storage.NinefoldStorageClientLiveTest)
[TestNG] Test testListDirectorys(org.jclouds.ninefold.storage.NinefoldStorageClientLiveTest) skipped.
Test suite progress: tests succeeded: 0, failed: 0, skipped: 48.
[TestNG] Test testListOptions(org.jclouds.ninefold.storage.NinefoldStorageClientLiveTest) skipped.
Test suite progress: tests succeeded: 0, failed: 0, skipped: 49.
[TestNG] Test testFileOperations(org.jclouds.ninefold.storage.NinefoldStorageClientLiveTest) skipped.
Test suite progress: tests succeeded: 0, failed: 0, skipped: 50.
[TestNG] Test testPutAll(org.jclouds.ninefold.storage.blobstore.integration.NinefoldStorageInputStreamMapIntegrationLiveTest) skipped.
Test suite progress: tests succeeded: 0, failed: 0, skipped: 51.
Starting test testPutAllBytes(org.jclouds.ninefold.storage.blobstore.integration.NinefoldStorageInputStreamMapIntegrationLiveTest)
[TestNG] Test testPutAllBytes(org.jclouds.ninefold.storage.blobstore.integration.NinefoldStorageInputStreamMapIntegrationLiveTest) skipped.
Test suite progress: tests succeeded: 0, failed: 0, skipped: 52.
Starting test testPutAllFiles(org.jclouds.ninefold.storage.blobstore.integration.NinefoldStorageInputStreamMapIntegrationLiveTest)
[TestNG] Test testPutAllFiles(org.jclouds.ninefold.storage.blobstore.integration.NinefoldStorageInputStreamMapIntegrationLiveTest) skipped.
Test suite progress: tests succeeded: 0, failed: 0, skipped: 53.
Starting test testPutAllStrings(org.jclouds.ninefold.storage.blobstore.integration.NinefoldStorageInputStreamMapIntegrationLiveTest)
[TestNG] Test testPutAllStrings(org.jclouds.ninefold.storage.blobstore.integration.NinefoldStorageInputStreamMapIntegrationLiveTest) skipped.
Test suite progress: tests succeeded: 0, failed: 0, skipped: 54.
Starting test testPutMoreThanSingleListing(org.jclouds.ninefold.storage.blobstore.integration.NinefoldStorageInputStreamMapIntegrationLiveTest)
[TestNG] Test testPutMoreThanSingleListing(org.jclouds.ninefold.storage.blobstore.integration.NinefoldStorageInputStreamMapIntegrationLiveTest) skipped.
Test suite progress: tests succeeded: 0, failed: 0, skipped: 55.
Starting test testRemove(org.jclouds.ninefold.storage.blobstore.integration.NinefoldStorageInputStreamMapIntegrationLiveTest)
[TestNG] Test testRemove(org.jclouds.ninefold.storage.blobstore.integration.NinefoldStorageInputStreamMapIntegrationLiveTest) skipped.
Test suite progress: tests succeeded: 0, failed: 0, skipped: 56.
Starting test testValues(org.jclouds.ninefold.storage.blobstore.integration.NinefoldStorageInputStreamMapIntegrationLiveTest)
[TestNG] Test testValues(org.jclouds.ninefold.storage.blobstore.integration.NinefoldStorageInputStreamMapIntegrationLiveTest) skipped.
Test suite progress: tests succeeded: 0, failed: 0, skipped: 57.
Starting test testClear(org.jclouds.ninefold.storage.blobstore.integration.NinefoldStorageInputStreamMapIntegrationLiveTest)
[TestNG] Test testClear(org.jclouds.ninefold.storage.blobstore.integration.NinefoldStorageInputStreamMapIntegrationLiveTest) skipped.
Test suite progress: tests succeeded: 0, failed: 0, skipped: 58.
Starting test testContainsKey(org.jclouds.ninefold.storage.blobstore.integration.NinefoldStorageInputStreamMapIntegrationLiveTest)
[TestNG] Test testContainsKey(org.jclouds.ninefold.storage.blobstore.integration.NinefoldStorageInputStreamMapIntegrationLiveTest) skipped.
Test suite progress: tests succeeded: 0, failed: 0, skipped: 59.
Starting test testDirectory(org.jclouds.ninefold.storage.blobstore.integration.NinefoldStorageInputStreamMapIntegrationLiveTest)
[TestNG] Test testDirectory(org.jclouds.ninefold.storage.blobstore.integration.NinefoldStorageInputStreamMapIntegrationLiveTest) skipped.
Test suite progress: tests succeeded: 0, failed: 0, skipped: 60.
Starting test testIsEmpty(org.jclouds.ninefold.storage.blobstore.integration.NinefoldStorageInputStreamMapIntegrationLiveTest)
[TestNG] Test testIsEmpty(org.jclouds.ninefold.storage.blobstore.integration.NinefoldStorageInputStreamMapIntegrationLiveTest) skipped.
Test suite progress: tests succeeded: 0, failed: 0, skipped: 61.
Starting test testKeySet(org.jclouds.ninefold.storage.blobstore.integration.NinefoldStorageInputStreamMapIntegrationLiveTest)
[TestNG] Test testKeySet(org.jclouds.ninefold.storage.blobstore.integration.NinefoldStorageInputStreamMapIntegrationLiveTest) skipped.
Test suite progress: tests succeeded: 0, failed: 0, skipped: 62.
Starting test testListContainer(org.jclouds.ninefold.storage.blobstore.integration.NinefoldStorageInputStreamMapIntegrationLiveTest)
[TestNG] Test testListContainer(org.jclouds.ninefold.storage.blobstore.integration.NinefoldStorageInputStreamMapIntegrationLiveTest) skipped.
Test suite progress: tests succeeded: 0, failed: 0, skipped: 63.
Tests run: 120, Failures: 1, Errors: 0, Skipped: 119, Time elapsed: 1.55 sec <<< FAILURE!

Results :

Failed tests:   setUpResourcesForAllThreads(org.jclouds.ninefold.storage.NinefoldStorageClientLiveTest): id must be defined

Tests run: 120, Failures: 1, Errors: 0, Skipped: 119

[INFO] ------------------------------------------------------------------------
[INFO] BUILD FAILURE
[INFO] ------------------------------------------------------------------------
[INFO] Total time: 17.198s
[INFO] Finished at: Tue Apr 24 03:10:50 PDT 2012
[INFO] Final Memory: 21M/265M
[INFO] ------------------------------------------------------------------------
[ERROR] Failed to execute goal org.apache.maven.plugins:maven-surefire-plugin:2.12:test (integration) on project ninefold-storage: There are test failures.
[ERROR] 
[ERROR] Please refer to /Users/adriancole/workspace/git/jclouds/providers/ninefold-storage/target/surefire-reports for the individual test results.
[ERROR] -> [Help 1]
[ERROR] 
[ERROR] To see the full stack trace of the errors, re-run Maven with the -e switch.
[ERROR] Re-run Maven using the -X switch to enable full debug logging.
[ERROR] 
[ERROR] For more information about the errors and possible solutions, please read the following articles:
[ERROR] [Help 1] http://cwiki.apache.org/confluence/display/MAVEN/MojoFailureException
