-------------------------------------------------------------------------------
Test set: TestSuite
-------------------------------------------------------------------------------
Tests run: 124, Failures: 1, Errors: 0, Skipped: 0, Time elapsed: 2,786.23 sec <<< FAILURE!
testAScriptExecutionAfterBootWithBasicTemplate(org.jclouds.rackspace.cloudservers.uk.compute.CloudServersUKComputeServiceLiveTest)  Time elapsed: 570.146 sec  <<< FAILURE!
java.lang.AssertionError
	at net.schmizz.sshj.SSHClient.auth(SSHClient.java:204)
	at net.schmizz.sshj.SSHClient.authPublickey(SSHClient.java:305)
	at net.schmizz.sshj.SSHClient.authPublickey(SSHClient.java:324)
	at org.jclouds.sshj.SSHClientConnection.create(SSHClientConnection.java:144)
	at org.jclouds.sshj.SSHClientConnection.create(SSHClientConnection.java:40)
	at org.jclouds.sshj.SshjSshClient.acquire(SshjSshClient.java:191)
	at org.jclouds.sshj.SshjSshClient.connect(SshjSshClient.java:221)
	at org.jclouds.compute.callables.SudoAwareInitManager.refreshAndRunAction(SudoAwareInitManager.java:80)
	at org.jclouds.compute.callables.BlockUntilInitScriptStatusIsZeroThenReturnOutput.interruptTask(BlockUntilInitScriptStatusIsZeroThenReturnOutput.java:173)
	at com.google.common.util.concurrent.AbstractFuture.cancel(AbstractFuture.java:136)
	at org.jclouds.compute.internal.BaseComputeServiceLiveTest.weCanCancelTasks(BaseComputeServiceLiveTest.java:302)
	at org.jclouds.compute.internal.BaseComputeServiceLiveTest.testAScriptExecutionAfterBootWithBasicTemplate(BaseComputeServiceLiveTest.java:259)
	at sun.reflect.NativeMethodAccessorImpl.invoke0(Native Method)
	at sun.reflect.NativeMethodAccessorImpl.invoke(NativeMethodAccessorImpl.java:39)
	at sun.reflect.DelegatingMethodAccessorImpl.invoke(DelegatingMethodAccessorImpl.java:25)
	at java.lang.reflect.Method.invoke(Method.java:597)
	at org.testng.internal.MethodInvocationHelper.invokeMethod(MethodInvocationHelper.java:80)
	at org.testng.internal.Invoker.invokeMethod(Invoker.java:702)
	at org.testng.internal.Invoker.invokeTestMethod(Invoker.java:894)
	at org.testng.internal.Invoker.invokeTestMethods(Invoker.java:1219)
	at org.testng.internal.TestMethodWorker.invokeTestMethods(TestMethodWorker.java:127)
	at org.testng.internal.TestMethodWorker.run(TestMethodWorker.java:111)
	at org.testng.TestRunner.privateRun(TestRunner.java:768)
	at org.testng.TestRunner.run(TestRunner.java:617)
	at org.testng.SuiteRunner.runTest(SuiteRunner.java:334)
	at org.testng.SuiteRunner.access$000(SuiteRunner.java:37)
	at org.testng.SuiteRunner$SuiteWorker.run(SuiteRunner.java:368)
	at org.testng.internal.thread.ThreadUtil$2.call(ThreadUtil.java:64)
	at java.util.concurrent.FutureTask$Sync.innerRun(FutureTask.java:303)
	at java.util.concurrent.FutureTask.run(FutureTask.java:138)
	at java.util.concurrent.ThreadPoolExecutor$Worker.runTask(ThreadPoolExecutor.java:886)
	at java.util.concurrent.ThreadPoolExecutor$Worker.run(ThreadPoolExecutor.java:908)
	at java.lang.Thread.run(Thread.java:680)
