-------------------------------------------------------------------------------
Test set: TestSuite
-------------------------------------------------------------------------------
Tests run: 125, Failures: 4, Errors: 0, Skipped: 8, Time elapsed: 5,612.599 sec <<< FAILURE!
testAScriptExecutionAfterBootWithBasicTemplate(org.jclouds.rackspace.cloudservers.us.compute.CloudServersUSComputeServiceLiveTest)  Time elapsed: 1,249.593 sec  <<< FAILURE!
org.jclouds.compute.RunNodesException: error running 1 node group(rackspace-cloudservers-usr) location(ORD) image(5cebb13a-f783-4f8c-8058-c4182c724ccd) size(2) options({blockOnPort:seconds=22:120, autoAssignFloatingIp=false})
Execution failures:
0 error[s]
Node failures:
1) IllegalStateException on node ORD/671f13d8-b41c-4f7b-a30e-9efa90df7428:
java.lang.IllegalStateException: node(ORD/671f13d8-b41c-4f7b-a30e-9efa90df7428) didn't achieve the status running within 1200 seconds, so we couldn't customize; final status: PENDING
	at org.jclouds.compute.strategy.CustomizeNodeAndAddToGoodMapOrPutExceptionIntoBadMap.call(CustomizeNodeAndAddToGoodMapOrPutExceptionIntoBadMap.java:147)
	at org.jclouds.compute.strategy.CustomizeNodeAndAddToGoodMapOrPutExceptionIntoBadMap.apply(CustomizeNodeAndAddToGoodMapOrPutExceptionIntoBadMap.java:184)
	at org.jclouds.compute.strategy.CustomizeNodeAndAddToGoodMapOrPutExceptionIntoBadMap.apply(CustomizeNodeAndAddToGoodMapOrPutExceptionIntoBadMap.java:60)
	at com.google.common.util.concurrent.Futures$3.apply(Futures.java:376)
	at com.google.common.util.concurrent.Futures$ChainingListenableFuture.run(Futures.java:518)
	at java.util.concurrent.ThreadPoolExecutor$Worker.runTask(ThreadPoolExecutor.java:886)
	at java.util.concurrent.ThreadPoolExecutor$Worker.run(ThreadPoolExecutor.java:908)
	at java.lang.Thread.run(Thread.java:680)
1 error[s]
	at org.jclouds.compute.internal.BaseComputeService.createNodesInGroup(BaseComputeService.java:221)
	at org.jclouds.compute.internal.BaseComputeService.createNodesInGroup(BaseComputeService.java:229)
	at sun.reflect.NativeMethodAccessorImpl.invoke0(Native Method)
	at sun.reflect.NativeMethodAccessorImpl.invoke(NativeMethodAccessorImpl.java:39)
	at sun.reflect.DelegatingMethodAccessorImpl.invoke(DelegatingMethodAccessorImpl.java:25)
	at java.lang.reflect.Method.invoke(Method.java:597)
	at com.google.inject.internal.DelegatingInvocationHandler.invoke(DelegatingInvocationHandler.java:37)
	at $Proxy77.createNodesInGroup(Unknown Source)
	at org.jclouds.compute.internal.BaseComputeServiceLiveTest.testAScriptExecutionAfterBootWithBasicTemplate(BaseComputeServiceLiveTest.java:220)
	at sun.reflect.NativeMethodAccessorImpl.invoke0(Native Method)
	at sun.reflect.NativeMethodAccessorImpl.invoke(NativeMethodAccessorImpl.java:39)
	at sun.reflect.DelegatingMethodAccessorImpl.invoke(DelegatingMethodAccessorImpl.java:25)
	at java.lang.reflect.Method.invoke(Method.java:597)
	at org.testng.internal.MethodInvocationHelper.invokeMethod(MethodInvocationHelper.java:80)
	at org.testng.internal.Invoker.invokeMethod(Invoker.java:702)
	at org.testng.internal.Invoker.invokeTestMethod(Invoker.java:894)
	at org.testng.internal.Invoker.invokeTestMethods(Invoker.java:1219)
	at org.testng.internal.TestMethodWorker.invokeTestMethods(TestMethodWorker.java:127)
	at org.testng.internal.TestMethodWorker.run(TestMethodWorker.java:111)
	at org.testng.TestRunner.privateRun(TestRunner.java:768)
	at org.testng.TestRunner.run(TestRunner.java:617)
	at org.testng.SuiteRunner.runTest(SuiteRunner.java:334)
	at org.testng.SuiteRunner.access$000(SuiteRunner.java:37)
	at org.testng.SuiteRunner$SuiteWorker.run(SuiteRunner.java:368)
	at org.testng.internal.thread.ThreadUtil$2.call(ThreadUtil.java:64)
	at java.util.concurrent.FutureTask$Sync.innerRun(FutureTask.java:303)
	at java.util.concurrent.FutureTask.run(FutureTask.java:138)
	at java.util.concurrent.ThreadPoolExecutor$Worker.runTask(ThreadPoolExecutor.java:886)
	at java.util.concurrent.ThreadPoolExecutor$Worker.run(ThreadPoolExecutor.java:908)
	at java.lang.Thread.run(Thread.java:680)
testCreateTwoNodesWithRunScript(org.jclouds.rackspace.cloudservers.us.compute.CloudServersUSComputeServiceLiveTest)  Time elapsed: 1,781.748 sec  <<< FAILURE!
org.jclouds.compute.RunNodesException: error running 2 nodes group(rackspace-cloudservers-us) location(ORD) image(5cebb13a-f783-4f8c-8058-c4182c724ccd) size(2) options({scriptPresent=true, autoAssignFloatingIp=false})
Execution failures:
0 error[s]
Node failures:
1) IllegalStateException on node ORD/20fc23aa-ce6e-4526-8dab-3e5f9ba867d2:
java.lang.IllegalStateException: node(ORD/20fc23aa-ce6e-4526-8dab-3e5f9ba867d2) didn't achieve the status running within 1200 seconds, so we couldn't customize; final status: PENDING
	at org.jclouds.compute.strategy.CustomizeNodeAndAddToGoodMapOrPutExceptionIntoBadMap.call(CustomizeNodeAndAddToGoodMapOrPutExceptionIntoBadMap.java:147)
	at org.jclouds.compute.strategy.CustomizeNodeAndAddToGoodMapOrPutExceptionIntoBadMap.apply(CustomizeNodeAndAddToGoodMapOrPutExceptionIntoBadMap.java:184)
	at org.jclouds.compute.strategy.CustomizeNodeAndAddToGoodMapOrPutExceptionIntoBadMap.apply(CustomizeNodeAndAddToGoodMapOrPutExceptionIntoBadMap.java:60)
	at com.google.common.util.concurrent.Futures$3.apply(Futures.java:376)
	at com.google.common.util.concurrent.Futures$ChainingListenableFuture.run(Futures.java:518)
	at java.util.concurrent.ThreadPoolExecutor$Worker.runTask(ThreadPoolExecutor.java:886)
	at java.util.concurrent.ThreadPoolExecutor$Worker.run(ThreadPoolExecutor.java:908)
	at java.lang.Thread.run(Thread.java:680)
2) NoSuchElementException on node ORD/626b0975-da04-47ba-b1f4-b140b16be5b9:
java.util.NoSuchElementException: could not connect to any ip address port 22 on node {id=ORD/626b0975-da04-47ba-b1f4-b140b16be5b9, providerId=626b0975-da04-47ba-b1f4-b140b16be5b9, name=rackspace-cloudservers-us-b09, location={scope=HOST, id=f8007024260592ee009f74b7f98db8c9efa774344df0a2f8f7597337, description=f8007024260592ee009f74b7f98db8c9efa774344df0a2f8f7597337, parent=ORD}, group=rackspace-cloudservers-us, imageId=ORD/5cebb13a-f783-4f8c-8058-c4182c724ccd, os={family=ubuntu, name=Ubuntu 12.04 LTS (Precise Pangolin), version=12.04, description=Ubuntu 12.04 LTS (Precise Pangolin), is64Bit=true}, status=RUNNING, loginPort=22, hostname=rackspace-cloudservers-us-b09, privateAddresses=[10.177.8.145], publicAddresses=[198.61.169.9], hardware={id=ORD/2, providerId=2, name=512MB Standard Instance, location={scope=ZONE, id=ORD, description=ORD, parent=rackspace-cloudservers-us, iso3166Codes=[US-IL]}, processors=[{cores=1.0, speed=1.0}], ram=512, volumes=[{type=LOCAL, size=20.0, bootDevice=true, durable=true}], supportsImage=ALWAYS_TRUE}, loginUser=root}
	at org.jclouds.compute.util.ConcurrentOpenSocketFinder.findOpenSocketOnNode(ConcurrentOpenSocketFinder.java:98)
	at org.jclouds.compute.functions.CreateSshClientOncePortIsListeningOnNode.apply(CreateSshClientOncePortIsListeningOnNode.java:72)
	at org.jclouds.compute.functions.CreateSshClientOncePortIsListeningOnNode.apply(CreateSshClientOncePortIsListeningOnNode.java:46)
	at org.jclouds.compute.callables.SudoAwareInitManager.init(SudoAwareInitManager.java:73)
	at org.jclouds.compute.callables.RunScriptOnNodeAsInitScriptUsingSsh.init(RunScriptOnNodeAsInitScriptUsingSsh.java:70)
	at org.jclouds.compute.callables.RunScriptOnNodeAsInitScriptUsingSshAndBlockUntilComplete.init(RunScriptOnNodeAsInitScriptUsingSshAndBlockUntilComplete.java:83)
	at org.jclouds.compute.callables.RunScriptOnNodeAsInitScriptUsingSshAndBlockUntilComplete.init(RunScriptOnNodeAsInitScriptUsingSshAndBlockUntilComplete.java:44)
	at org.jclouds.compute.strategy.InitializeRunScriptOnNodeOrPlaceInBadMap.call(InitializeRunScriptOnNodeOrPlaceInBadMap.java:67)
	at org.jclouds.compute.strategy.InitializeRunScriptOnNodeOrPlaceInBadMap.call(InitializeRunScriptOnNodeOrPlaceInBadMap.java:40)
	at org.jclouds.compute.strategy.CustomizeNodeAndAddToGoodMapOrPutExceptionIntoBadMap.call(CustomizeNodeAndAddToGoodMapOrPutExceptionIntoBadMap.java:161)
	at org.jclouds.compute.strategy.CustomizeNodeAndAddToGoodMapOrPutExceptionIntoBadMap.apply(CustomizeNodeAndAddToGoodMapOrPutExceptionIntoBadMap.java:184)
	at org.jclouds.compute.strategy.CustomizeNodeAndAddToGoodMapOrPutExceptionIntoBadMap.apply(CustomizeNodeAndAddToGoodMapOrPutExceptionIntoBadMap.java:60)
	at com.google.common.util.concurrent.Futures$3.apply(Futures.java:376)
	at com.google.common.util.concurrent.Futures$ChainingListenableFuture.run(Futures.java:518)
	at java.util.concurrent.ThreadPoolExecutor$Worker.runTask(ThreadPoolExecutor.java:886)
	at java.util.concurrent.ThreadPoolExecutor$Worker.run(ThreadPoolExecutor.java:908)
	at java.lang.Thread.run(Thread.java:680)
2 error[s]
	at org.jclouds.compute.internal.BaseComputeService.createNodesInGroup(BaseComputeService.java:221)
	at sun.reflect.NativeMethodAccessorImpl.invoke0(Native Method)
	at sun.reflect.NativeMethodAccessorImpl.invoke(NativeMethodAccessorImpl.java:39)
	at sun.reflect.DelegatingMethodAccessorImpl.invoke(DelegatingMethodAccessorImpl.java:25)
	at java.lang.reflect.Method.invoke(Method.java:597)
	at com.google.inject.internal.DelegatingInvocationHandler.invoke(DelegatingInvocationHandler.java:37)
	at $Proxy77.createNodesInGroup(Unknown Source)
	at org.jclouds.compute.internal.BaseComputeServiceLiveTest.testCreateTwoNodesWithRunScript(BaseComputeServiceLiveTest.java:339)
	at sun.reflect.NativeMethodAccessorImpl.invoke0(Native Method)
	at sun.reflect.NativeMethodAccessorImpl.invoke(NativeMethodAccessorImpl.java:39)
	at sun.reflect.DelegatingMethodAccessorImpl.invoke(DelegatingMethodAccessorImpl.java:25)
	at java.lang.reflect.Method.invoke(Method.java:597)
	at org.testng.internal.MethodInvocationHelper.invokeMethod(MethodInvocationHelper.java:80)
	at org.testng.internal.Invoker.invokeMethod(Invoker.java:702)
	at org.testng.internal.Invoker.invokeTestMethod(Invoker.java:894)
	at org.testng.internal.Invoker.invokeTestMethods(Invoker.java:1219)
	at org.testng.internal.TestMethodWorker.invokeTestMethods(TestMethodWorker.java:127)
	at org.testng.internal.TestMethodWorker.run(TestMethodWorker.java:111)
	at org.testng.TestRunner.privateRun(TestRunner.java:768)
	at org.testng.TestRunner.run(TestRunner.java:617)
	at org.testng.SuiteRunner.runTest(SuiteRunner.java:334)
	at org.testng.SuiteRunner.access$000(SuiteRunner.java:37)
	at org.testng.SuiteRunner$SuiteWorker.run(SuiteRunner.java:368)
	at org.testng.internal.thread.ThreadUtil$2.call(ThreadUtil.java:64)
	at java.util.concurrent.FutureTask$Sync.innerRun(FutureTask.java:303)
	at java.util.concurrent.FutureTask.run(FutureTask.java:138)
	at java.util.concurrent.ThreadPoolExecutor$Worker.runTask(ThreadPoolExecutor.java:886)
	at java.util.concurrent.ThreadPoolExecutor$Worker.run(ThreadPoolExecutor.java:908)
	at java.lang.Thread.run(Thread.java:680)
tearDownContext(org.jclouds.rackspace.cloudservers.us.compute.CloudServersUSComputeServiceLiveTest)  Time elapsed: 1,830.401 sec  <<< FAILURE!
java.lang.AssertionError: {id=ORD/626b0975-da04-47ba-b1f4-b140b16be5b9, providerId=626b0975-da04-47ba-b1f4-b140b16be5b9, name=rackspace-cloudservers-us-b09, location={scope=HOST, id=f8007024260592ee009f74b7f98db8c9efa774344df0a2f8f7597337, description=f8007024260592ee009f74b7f98db8c9efa774344df0a2f8f7597337, parent=ORD}, group=rackspace-cloudservers-us, imageId=ORD/5cebb13a-f783-4f8c-8058-c4182c724ccd, os={family=ubuntu, name=Ubuntu 12.04 LTS (Precise Pangolin), version=12.04, description=Ubuntu 12.04 LTS (Precise Pangolin), is64Bit=true}, status=RUNNING, loginPort=22, hostname=rackspace-cloudservers-us-b09, privateAddresses=[10.177.8.145], publicAddresses=[198.61.169.9], hardware={id=ORD/2, providerId=2, name=512MB Standard Instance, location={scope=ZONE, id=ORD, description=ORD, parent=rackspace-cloudservers-us, iso3166Codes=[US-IL]}, processors=[{cores=1.0, speed=1.0}], ram=512, volumes=[{type=LOCAL, size=20.0, bootDevice=true, durable=true}], supportsImage=ALWAYS_TRUE}, loginUser=adriancole}
	at org.jclouds.compute.internal.BaseComputeServiceLiveTest.testDestroyNodes(BaseComputeServiceLiveTest.java:588)
	at org.jclouds.openstack.nova.v2_0.compute.NovaComputeServiceLiveTest.testDestroyNodes(NovaComputeServiceLiveTest.java:64)
	at org.jclouds.compute.internal.BaseComputeServiceLiveTest.tearDownContext(BaseComputeServiceLiveTest.java:841)
	at sun.reflect.NativeMethodAccessorImpl.invoke0(Native Method)
	at sun.reflect.NativeMethodAccessorImpl.invoke(NativeMethodAccessorImpl.java:39)
	at sun.reflect.DelegatingMethodAccessorImpl.invoke(DelegatingMethodAccessorImpl.java:25)
	at java.lang.reflect.Method.invoke(Method.java:597)
	at org.testng.internal.MethodInvocationHelper.invokeMethod(MethodInvocationHelper.java:80)
	at org.testng.internal.Invoker.invokeConfigurationMethod(Invoker.java:551)
	at org.testng.internal.Invoker.invokeConfigurations(Invoker.java:213)
	at org.testng.internal.Invoker.invokeConfigurations(Invoker.java:138)
	at org.testng.internal.TestMethodWorker.invokeAfterClassMethods(TestMethodWorker.java:225)
	at org.testng.internal.TestMethodWorker.run(TestMethodWorker.java:114)
	at org.testng.TestRunner.privateRun(TestRunner.java:768)
	at org.testng.TestRunner.run(TestRunner.java:617)
	at org.testng.SuiteRunner.runTest(SuiteRunner.java:334)
	at org.testng.SuiteRunner.access$000(SuiteRunner.java:37)
	at org.testng.SuiteRunner$SuiteWorker.run(SuiteRunner.java:368)
	at org.testng.internal.thread.ThreadUtil$2.call(ThreadUtil.java:64)
	at java.util.concurrent.FutureTask$Sync.innerRun(FutureTask.java:303)
	at java.util.concurrent.FutureTask.run(FutureTask.java:138)
	at java.util.concurrent.ThreadPoolExecutor$Worker.runTask(ThreadPoolExecutor.java:886)
	at java.util.concurrent.ThreadPoolExecutor$Worker.run(ThreadPoolExecutor.java:908)
	at java.lang.Thread.run(Thread.java:680)
testTemplateBuilder(org.jclouds.rackspace.cloudservers.us.compute.CloudServersUSTemplateBuilderLiveTest)  Time elapsed: 0.001 sec  <<< FAILURE!
java.lang.AssertionError: expected:<ORD> but was:<DFW>
	at org.testng.Assert.fail(Assert.java:89)
	at org.testng.Assert.failNotEquals(Assert.java:489)
	at org.testng.Assert.assertEquals(Assert.java:118)
	at org.testng.Assert.assertEquals(Assert.java:171)
	at org.testng.Assert.assertEquals(Assert.java:181)
	at org.jclouds.rackspace.cloudservers.us.compute.CloudServersUSTemplateBuilderLiveTest.testTemplateBuilder(CloudServersUSTemplateBuilderLiveTest.java:82)
