[INFO] Scanning for projects...
[WARNING] 
[WARNING] Some problems were encountered while building the effective model for org.jclouds.provider:slicehost:bundle:1.6.0-SNAPSHOT
[WARNING] 'parent.relativePath' of POM org.jclouds:jclouds-project:1.6.0-SNAPSHOT (/Users/adriancole/workspace/git/jclouds/project/pom.xml) points at org.jclouds:jclouds-multi instead of org.sonatype.oss:oss-parent, please verify your project structure @ org.jclouds:jclouds-project:1.6.0-SNAPSHOT, /Users/adriancole/workspace/git/jclouds/project/pom.xml, line 24, column 13
[WARNING] 
[WARNING] It is highly recommended to fix these problems because they threaten the stability of your build.
[WARNING] 
[WARNING] For this reason, future Maven versions might no longer support building such malformed projects.
[WARNING] 
[INFO]                                                                         
[INFO] ------------------------------------------------------------------------
[INFO] Building jclouds Slicehost provider 1.6.0-SNAPSHOT
[INFO] ------------------------------------------------------------------------
[INFO] 
[INFO] --- maven-clean-plugin:2.4.1:clean (default-clean) @ slicehost ---
[INFO] Deleting /Users/adriancole/workspace/git/jclouds/providers/slicehost/target
[INFO] 
[INFO] --- maven-enforcer-plugin:1.1:enforce (enforce-maven) @ slicehost ---
[INFO] 
[INFO] --- maven-enforcer-plugin:1.1:enforce (enforce-banned-dependencies) @ slicehost ---
[INFO] 
[INFO] --- maven-enforcer-plugin:1.1:enforce (enforce-java) @ slicehost ---
[INFO] 
[INFO] --- maven-remote-resources-plugin:1.3:process (process-remote-resources) @ slicehost ---
[INFO] 
[INFO] --- maven-resources-plugin:2.5:resources (default-resources) @ slicehost ---
[debug] execute contextualize
[INFO] Using 'UTF-8' encoding to copy filtered resources.
[INFO] skip non existing resourceDirectory /Users/adriancole/workspace/git/jclouds/providers/slicehost/src/main/clojure
[INFO] Copying 1 resource
[INFO] Copying 2 resources
[INFO] 
[INFO] --- maven-compiler-plugin:2.5:compile (default-compile) @ slicehost ---
[INFO] Compiling 30 source files to /Users/adriancole/workspace/git/jclouds/providers/slicehost/target/classes
[INFO] 
[INFO] --- maven-resources-plugin:2.5:testResources (default-testResources) @ slicehost ---
[debug] execute contextualize
[INFO] Using 'UTF-8' encoding to copy filtered resources.
[INFO] skip non existing resourceDirectory /Users/adriancole/workspace/git/jclouds/providers/slicehost/src/test/clojure
[INFO] Copying 10 resources
[INFO] Copying 2 resources
[INFO] 
[INFO] --- maven-compiler-plugin:2.5:testCompile (default-testCompile) @ slicehost ---
[INFO] Compiling 15 source files to /Users/adriancole/workspace/git/jclouds/providers/slicehost/target/test-classes
[INFO] 
[INFO] --- maven-surefire-plugin:2.12:test (default-test) @ slicehost ---
[INFO] Surefire report directory: /Users/adriancole/workspace/git/jclouds/providers/slicehost/target/surefire-reports

-------------------------------------------------------
 T E S T S
-------------------------------------------------------
Running TestSuite
Configuring TestNG with: org.apache.maven.surefire.testng.conf.TestNGMapConfigurator@26544ec1
Starting test test(org.jclouds.slicehost.xml.FlavorHandlerTest)
Starting test test(org.jclouds.slicehost.compute.functions.FlavorToHardwareTest)
Starting test test(org.jclouds.slicehost.xml.ImageHandlerTest)
Starting test test32(org.jclouds.slicehost.xml.ImageHandlerTest)
Starting test testAllStatusCovered(org.jclouds.slicehost.compute.config.SlicehostComputeServiceContextModuleTest)
[pool-2-thread-5] Test testAllStatusCovered(org.jclouds.slicehost.compute.config.SlicehostComputeServiceContextModuleTest) succeeded: 10ms
Test suite progress: tests succeeded: 1, failed: 0, skipped: 0.
[pool-2-thread-4] Test test32(org.jclouds.slicehost.xml.ImageHandlerTest) succeeded: 37ms
Test suite progress: tests succeeded: 2, failed: 0, skipped: 0.
[pool-2-thread-3] Test test(org.jclouds.slicehost.xml.ImageHandlerTest) succeeded: 44ms
Test suite progress: tests succeeded: 3, failed: 0, skipped: 0.
[pool-2-thread-1] Test test(org.jclouds.slicehost.xml.FlavorHandlerTest) succeeded: 69ms
Test suite progress: tests succeeded: 4, failed: 0, skipped: 0.
[pool-2-thread-2] Test test(org.jclouds.slicehost.compute.functions.FlavorToHardwareTest) succeeded: 58ms
Test suite progress: tests succeeded: 5, failed: 0, skipped: 0.
Starting test test(org.jclouds.slicehost.compute.functions.SlicehostImageToImageTest)
Starting test test32(org.jclouds.slicehost.compute.functions.SlicehostImageToImageTest)
[pool-3-thread-1] Test test(org.jclouds.slicehost.compute.functions.SlicehostImageToImageTest) succeeded: 248ms
Test suite progress: tests succeeded: 6, failed: 0, skipped: 0.
[pool-3-thread-2] Test test32(org.jclouds.slicehost.compute.functions.SlicehostImageToImageTest) succeeded: 239ms
Test suite progress: tests succeeded: 7, failed: 0, skipped: 0.
Starting test testApplyWhereImageAndHardwareFound(org.jclouds.slicehost.compute.functions.SliceToNodeMetadataTest)
Starting test testApplyWhereImageAndHardwareNotFound(org.jclouds.slicehost.compute.functions.SliceToNodeMetadataTest)
Starting test testApplyWhereImageFoundAndHardwareNotFound(org.jclouds.slicehost.compute.functions.SliceToNodeMetadataTest)
[pool-4-thread-3] Test testApplyWhereImageFoundAndHardwareNotFound(org.jclouds.slicehost.compute.functions.SliceToNodeMetadataTest) succeeded: 34ms
Test suite progress: tests succeeded: 8, failed: 0, skipped: 0.
[pool-4-thread-2] Test testApplyWhereImageAndHardwareNotFound(org.jclouds.slicehost.compute.functions.SliceToNodeMetadataTest) succeeded: 45ms
Test suite progress: tests succeeded: 9, failed: 0, skipped: 0.
[pool-4-thread-1] Test testApplyWhereImageAndHardwareFound(org.jclouds.slicehost.compute.functions.SliceToNodeMetadataTest) succeeded: 48ms
Test suite progress: tests succeeded: 10, failed: 0, skipped: 0.
Starting test testGetSlice(org.jclouds.slicehost.SlicehostAsyncClientTest)
Starting test testGetImage(org.jclouds.slicehost.SlicehostAsyncClientTest)
Starting test testGetFlavor(org.jclouds.slicehost.SlicehostAsyncClientTest)
Starting test testDestroySlice(org.jclouds.slicehost.SlicehostAsyncClientTest)
Starting test testCreateSlice(org.jclouds.slicehost.SlicehostAsyncClientTest)
[pool-5-thread-4] Test testGetImage(org.jclouds.slicehost.SlicehostAsyncClientTest) succeeded: 46ms
Test suite progress: tests succeeded: 11, failed: 0, skipped: 0.
Starting test testHardReboot(org.jclouds.slicehost.SlicehostAsyncClientTest)
[pool-5-thread-4] Test testHardReboot(org.jclouds.slicehost.SlicehostAsyncClientTest) succeeded: 8ms
Test suite progress: tests succeeded: 12, failed: 0, skipped: 0.
Starting test testListFlavors(org.jclouds.slicehost.SlicehostAsyncClientTest)
[pool-5-thread-4] Test testListFlavors(org.jclouds.slicehost.SlicehostAsyncClientTest) succeeded: 7ms
Test suite progress: tests succeeded: 13, failed: 0, skipped: 0.
Starting test testListImages(org.jclouds.slicehost.SlicehostAsyncClientTest)
[pool-5-thread-4] Test testListImages(org.jclouds.slicehost.SlicehostAsyncClientTest) succeeded: 8ms
Test suite progress: tests succeeded: 14, failed: 0, skipped: 0.
Starting test testListSlices(org.jclouds.slicehost.SlicehostAsyncClientTest)
[pool-5-thread-4] Test testListSlices(org.jclouds.slicehost.SlicehostAsyncClientTest) succeeded: 7ms
Test suite progress: tests succeeded: 15, failed: 0, skipped: 0.
Starting test testReboot(org.jclouds.slicehost.SlicehostAsyncClientTest)
[pool-5-thread-4] Test testReboot(org.jclouds.slicehost.SlicehostAsyncClientTest) succeeded: 2ms
Test suite progress: tests succeeded: 16, failed: 0, skipped: 0.
Starting test testRebuildSliceFromBackup(org.jclouds.slicehost.SlicehostAsyncClientTest)
[pool-5-thread-4] Test testRebuildSliceFromBackup(org.jclouds.slicehost.SlicehostAsyncClientTest) succeeded: 5ms
Test suite progress: tests succeeded: 17, failed: 0, skipped: 0.
Starting test testRebuildSliceFromImage(org.jclouds.slicehost.SlicehostAsyncClientTest)
[pool-5-thread-4] Test testRebuildSliceFromImage(org.jclouds.slicehost.SlicehostAsyncClientTest) succeeded: 3ms
Test suite progress: tests succeeded: 18, failed: 0, skipped: 0.
[pool-5-thread-3] Test testGetFlavor(org.jclouds.slicehost.SlicehostAsyncClientTest) succeeded: 92ms
Test suite progress: tests succeeded: 19, failed: 0, skipped: 0.
[pool-5-thread-2] Test testDestroySlice(org.jclouds.slicehost.SlicehostAsyncClientTest) succeeded: 93ms
Test suite progress: tests succeeded: 20, failed: 0, skipped: 0.
[pool-5-thread-5] Test testGetSlice(org.jclouds.slicehost.SlicehostAsyncClientTest) succeeded: 101ms
Test suite progress: tests succeeded: 21, failed: 0, skipped: 0.
[pool-5-thread-1] Test testCreateSlice(org.jclouds.slicehost.SlicehostAsyncClientTest) succeeded: 110ms
Test suite progress: tests succeeded: 22, failed: 0, skipped: 0.
Starting test testAllContains(org.jclouds.slicehost.SlicehostProviderTest)
[pool-6-thread-1] Test testAllContains(org.jclouds.slicehost.SlicehostProviderTest) succeeded: 2ms
Test suite progress: tests succeeded: 23, failed: 0, skipped: 0.
Starting test testOfApiContains(org.jclouds.slicehost.SlicehostProviderTest)
[pool-6-thread-2] Test testOfApiContains(org.jclouds.slicehost.SlicehostProviderTest) succeeded: 3ms
Test suite progress: tests succeeded: 24, failed: 0, skipped: 0.
Starting test testTransformableToContains(org.jclouds.slicehost.SlicehostProviderTest)
[pool-6-thread-3] Test testTransformableToContains(org.jclouds.slicehost.SlicehostProviderTest) succeeded: 2ms
Test suite progress: tests succeeded: 25, failed: 0, skipped: 0.
Starting test testWithId(org.jclouds.slicehost.SlicehostProviderTest)
[pool-6-thread-4] Test testWithId(org.jclouds.slicehost.SlicehostProviderTest) succeeded: 2ms
Test suite progress: tests succeeded: 26, failed: 0, skipped: 0.
Starting test test(org.jclouds.slicehost.xml.FlavorsHandlerTest)
[pool-7-thread-1] Test test(org.jclouds.slicehost.xml.FlavorsHandlerTest) succeeded: 3ms
Test suite progress: tests succeeded: 27, failed: 0, skipped: 0.
Starting test test(org.jclouds.slicehost.xml.ImagesHandlerTest)
[pool-8-thread-1] Test test(org.jclouds.slicehost.xml.ImagesHandlerTest) succeeded: 3ms
Test suite progress: tests succeeded: 28, failed: 0, skipped: 0.
Starting test test(org.jclouds.slicehost.xml.SliceHandlerTest)
[pool-9-thread-1] Test test(org.jclouds.slicehost.xml.SliceHandlerTest) succeeded: 4ms
Test suite progress: tests succeeded: 29, failed: 0, skipped: 0.
Starting test testNew(org.jclouds.slicehost.xml.SliceHandlerTest)
[pool-9-thread-2] Test testNew(org.jclouds.slicehost.xml.SliceHandlerTest) succeeded: 4ms
Test suite progress: tests succeeded: 30, failed: 0, skipped: 0.
Starting test test(org.jclouds.slicehost.xml.SlicesHandlerTest)
[pool-10-thread-1] Test test(org.jclouds.slicehost.xml.SlicesHandlerTest) succeeded: 3ms
Test suite progress: tests succeeded: 31, failed: 0, skipped: 0.
Tests run: 31, Failures: 0, Errors: 0, Skipped: 0, Time elapsed: 3.209 sec

Results :

Tests run: 31, Failures: 0, Errors: 0, Skipped: 0

[INFO] 
[INFO] --- maven-bundle-plugin:2.3.7:bundle (default-bundle) @ slicehost ---
[INFO] 
[INFO] --- maven-jar-plugin:2.4:test-jar (default) @ slicehost ---
[INFO] Building jar: /Users/adriancole/workspace/git/jclouds/providers/slicehost/target/slicehost-1.6.0-SNAPSHOT-tests.jar
[INFO] 
[INFO] --- maven-surefire-plugin:2.12:test (integration) @ slicehost ---
[INFO] Surefire report directory: /Users/adriancole/workspace/git/jclouds/providers/slicehost/target/surefire-reports

-------------------------------------------------------
 T E S T S
-------------------------------------------------------
Running TestSuite
Configuring TestNG with: org.apache.maven.surefire.testng.conf.TestNGMapConfigurator@43b09468
Starting test setServiceDefaults(org.jclouds.slicehost.compute.SlicehostComputeServiceLiveTest)
[TestNG] Test setServiceDefaults(org.jclouds.slicehost.compute.SlicehostComputeServiceLiveTest) succeeded: 2ms
Test suite progress: tests succeeded: 1, failed: 0, skipped: 0.
Starting test testCompareSizes(org.jclouds.slicehost.compute.SlicehostComputeServiceLiveTest)
Sep 17, 2012 9:14:16 AM org.jclouds.compute.internal.BaseComputeServiceLiveTest testCompareSizes
INFO: smallest {id=1, providerId=1, name=256 slice, processors=[{cores=0.25, speed=1.0}], ram=256, volumes=[{type=LOCAL, size=1.0, bootDevice=true, durable=true}], hypervisor=xen, supportsImage=ALWAYS_TRUE}
Sep 17, 2012 9:14:16 AM org.jclouds.compute.internal.BaseComputeServiceLiveTest testCompareSizes
INFO: fastest {id=8, providerId=8, name=30GB slice, processors=[{cores=30.0, speed=1.0}], ram=30720, volumes=[{type=LOCAL, size=120.0, bootDevice=true, durable=true}], hypervisor=xen, supportsImage=ALWAYS_TRUE}
Sep 17, 2012 9:14:16 AM org.jclouds.compute.internal.BaseComputeServiceLiveTest testCompareSizes
INFO: biggest {id=8, providerId=8, name=30GB slice, processors=[{cores=30.0, speed=1.0}], ram=30720, volumes=[{type=LOCAL, size=120.0, bootDevice=true, durable=true}], hypervisor=xen, supportsImage=ALWAYS_TRUE}
[TestNG] Test testCompareSizes(org.jclouds.slicehost.compute.SlicehostComputeServiceLiveTest) succeeded: 2362ms
Test suite progress: tests succeeded: 2, failed: 0, skipped: 0.
Starting test testCorrectExceptionRunningNodesNotFound(org.jclouds.slicehost.compute.SlicehostComputeServiceLiveTest)
[TestNG] Test testCorrectExceptionRunningNodesNotFound(org.jclouds.slicehost.compute.SlicehostComputeServiceLiveTest) succeeded: 1471ms
Test suite progress: tests succeeded: 3, failed: 0, skipped: 0.
Starting test testGetAssignableLocations(org.jclouds.slicehost.compute.SlicehostComputeServiceLiveTest)
Sep 17, 2012 9:14:17 AM org.jclouds.compute.internal.BaseComputeServiceLiveTest testGetAssignableLocations
WARNING: location {scope=PROVIDER, id=slicehost, description=https://api.slicehost.com, iso3166Codes=[US-IL, US-TX, US-MO]}
[TestNG] Test testGetAssignableLocations(org.jclouds.slicehost.compute.SlicehostComputeServiceLiveTest) succeeded: 1ms
Test suite progress: tests succeeded: 4, failed: 0, skipped: 0.
Starting test testImageById(org.jclouds.slicehost.compute.SlicehostComputeServiceLiveTest)
[TestNG] Test testImageById(org.jclouds.slicehost.compute.SlicehostComputeServiceLiveTest) succeeded: 1151ms
Test suite progress: tests succeeded: 5, failed: 0, skipped: 0.
Starting test testImagesCache(org.jclouds.slicehost.compute.SlicehostComputeServiceLiveTest)
[TestNG] Test testImagesCache(org.jclouds.slicehost.compute.SlicehostComputeServiceLiveTest) succeeded: 0ms
Test suite progress: tests succeeded: 6, failed: 0, skipped: 0.
Starting test testListImages(org.jclouds.slicehost.compute.SlicehostComputeServiceLiveTest)
[TestNG] Test testListImages(org.jclouds.slicehost.compute.SlicehostComputeServiceLiveTest) succeeded: 0ms
Test suite progress: tests succeeded: 7, failed: 0, skipped: 0.
Starting test testListSizes(org.jclouds.slicehost.compute.SlicehostComputeServiceLiveTest)
[TestNG] Test testListSizes(org.jclouds.slicehost.compute.SlicehostComputeServiceLiveTest) succeeded: 0ms
Test suite progress: tests succeeded: 8, failed: 0, skipped: 0.
Starting test testOptionToNotBlock(org.jclouds.slicehost.compute.SlicehostComputeServiceLiveTest)
[TestNG] Test testOptionToNotBlock(org.jclouds.slicehost.compute.SlicehostComputeServiceLiveTest) failed.
Test suite progress: tests succeeded: 8, failed: 1, skipped: 0.
Starting test testSuspendResume(org.jclouds.slicehost.compute.SlicehostComputeServiceLiveTest)
[TestNG] Test testSuspendResume(org.jclouds.slicehost.compute.SlicehostComputeServiceLiveTest) failed.
Test suite progress: tests succeeded: 8, failed: 2, skipped: 0.
Starting test testCreateAndRunAService(org.jclouds.slicehost.compute.SlicehostComputeServiceLiveTest)
[TestNG] Test testCreateAndRunAService(org.jclouds.slicehost.compute.SlicehostComputeServiceLiveTest) failed.
Test suite progress: tests succeeded: 8, failed: 3, skipped: 0.
Starting test testCorrectAuthException(org.jclouds.slicehost.compute.SlicehostComputeServiceLiveTest)
[TestNG] Test testCorrectAuthException(org.jclouds.slicehost.compute.SlicehostComputeServiceLiveTest) succeeded: 418ms
Test suite progress: tests succeeded: 9, failed: 3, skipped: 0.
Starting test testCompareSizes(org.jclouds.slicehost.compute.SlicehostTemplateBuilderLiveTest)
smallest {id=1, providerId=1, name=256 slice, processors=[{cores=0.25, speed=1.0}], ram=256, volumes=[{type=LOCAL, size=1.0, bootDevice=true, durable=true}], hypervisor=xen, supportsImage=ALWAYS_TRUE}
fastest {id=8, providerId=8, name=30GB slice, processors=[{cores=30.0, speed=1.0}], ram=30720, volumes=[{type=LOCAL, size=120.0, bootDevice=true, durable=true}], hypervisor=xen, supportsImage=ALWAYS_TRUE}
biggest {id=8, providerId=8, name=30GB slice, processors=[{cores=30.0, speed=1.0}], ram=30720, volumes=[{type=LOCAL, size=120.0, bootDevice=true, durable=true}], hypervisor=xen, supportsImage=ALWAYS_TRUE}
[TestNG] Test testCompareSizes(org.jclouds.slicehost.compute.SlicehostTemplateBuilderLiveTest) succeeded: 1603ms
Test suite progress: tests succeeded: 10, failed: 3, skipped: 0.
Starting test testGetAssignableLocations(org.jclouds.slicehost.compute.SlicehostTemplateBuilderLiveTest)
location {scope=PROVIDER, id=slicehost, description=https://api.slicehost.com, iso3166Codes=[US-IL, US-TX, US-MO]}
[TestNG] Test testGetAssignableLocations(org.jclouds.slicehost.compute.SlicehostTemplateBuilderLiveTest) succeeded: 1ms
Test suite progress: tests succeeded: 11, failed: 3, skipped: 0.
Starting test testTemplateBuilderCanFind(org.jclouds.slicehost.compute.SlicehostTemplateBuilderLiveTest)
[TestNG] Test testTemplateBuilderCanFind(org.jclouds.slicehost.compute.SlicehostTemplateBuilderLiveTest) succeeded: 2ms
Test suite progress: tests succeeded: 12, failed: 3, skipped: 0.
Starting test testTemplateBuilderCanFind(org.jclouds.slicehost.compute.SlicehostTemplateBuilderLiveTest)
[TestNG] Test testTemplateBuilderCanFind(org.jclouds.slicehost.compute.SlicehostTemplateBuilderLiveTest) succeeded: 1ms
Test suite progress: tests succeeded: 13, failed: 3, skipped: 0.
Starting test testTemplateBuilderCanFind(org.jclouds.slicehost.compute.SlicehostTemplateBuilderLiveTest)
[TestNG] Test testTemplateBuilderCanFind(org.jclouds.slicehost.compute.SlicehostTemplateBuilderLiveTest) succeeded: 1ms
Test suite progress: tests succeeded: 14, failed: 3, skipped: 0.
Starting test testTemplateBuilderCanFind(org.jclouds.slicehost.compute.SlicehostTemplateBuilderLiveTest)
[TestNG] Test testTemplateBuilderCanFind(org.jclouds.slicehost.compute.SlicehostTemplateBuilderLiveTest) succeeded: 2ms
Test suite progress: tests succeeded: 15, failed: 3, skipped: 0.
Starting test testTemplateBuilderCanFind(org.jclouds.slicehost.compute.SlicehostTemplateBuilderLiveTest)
[TestNG] Test testTemplateBuilderCanFind(org.jclouds.slicehost.compute.SlicehostTemplateBuilderLiveTest) succeeded: 2ms
Test suite progress: tests succeeded: 16, failed: 3, skipped: 0.
Starting test testTemplateBuilderCanFind(org.jclouds.slicehost.compute.SlicehostTemplateBuilderLiveTest)
[TestNG] Test testTemplateBuilderCanFind(org.jclouds.slicehost.compute.SlicehostTemplateBuilderLiveTest) succeeded: 1ms
Test suite progress: tests succeeded: 17, failed: 3, skipped: 0.
Starting test testTemplateBuilderCanFind(org.jclouds.slicehost.compute.SlicehostTemplateBuilderLiveTest)
[TestNG] Test testTemplateBuilderCanFind(org.jclouds.slicehost.compute.SlicehostTemplateBuilderLiveTest) succeeded: 1ms
Test suite progress: tests succeeded: 18, failed: 3, skipped: 0.
Starting test testTemplateBuilderCanFind(org.jclouds.slicehost.compute.SlicehostTemplateBuilderLiveTest)
[TestNG] Test testTemplateBuilderCanFind(org.jclouds.slicehost.compute.SlicehostTemplateBuilderLiveTest) succeeded: 2ms
Test suite progress: tests succeeded: 19, failed: 3, skipped: 0.
Starting test testTemplateBuilderCanFind(org.jclouds.slicehost.compute.SlicehostTemplateBuilderLiveTest)
[TestNG] Test testTemplateBuilderCanFind(org.jclouds.slicehost.compute.SlicehostTemplateBuilderLiveTest) failed.
Test suite progress: tests succeeded: 19, failed: 4, skipped: 0.
Starting test testTemplateBuilderCanFind(org.jclouds.slicehost.compute.SlicehostTemplateBuilderLiveTest)
[TestNG] Test testTemplateBuilderCanFind(org.jclouds.slicehost.compute.SlicehostTemplateBuilderLiveTest) succeeded: 5ms
Test suite progress: tests succeeded: 20, failed: 4, skipped: 0.
Starting test testTemplateBuilderCanFind(org.jclouds.slicehost.compute.SlicehostTemplateBuilderLiveTest)
[TestNG] Test testTemplateBuilderCanFind(org.jclouds.slicehost.compute.SlicehostTemplateBuilderLiveTest) succeeded: 2ms
Test suite progress: tests succeeded: 21, failed: 4, skipped: 0.
Starting test testTemplateBuilderCanFind(org.jclouds.slicehost.compute.SlicehostTemplateBuilderLiveTest)
[TestNG] Test testTemplateBuilderCanFind(org.jclouds.slicehost.compute.SlicehostTemplateBuilderLiveTest) succeeded: 3ms
Test suite progress: tests succeeded: 22, failed: 4, skipped: 0.
Starting test testTemplateBuilderCanFind(org.jclouds.slicehost.compute.SlicehostTemplateBuilderLiveTest)
[TestNG] Test testTemplateBuilderCanFind(org.jclouds.slicehost.compute.SlicehostTemplateBuilderLiveTest) succeeded: 3ms
Test suite progress: tests succeeded: 23, failed: 4, skipped: 0.
Starting test testTemplateBuilderCanFind(org.jclouds.slicehost.compute.SlicehostTemplateBuilderLiveTest)
[TestNG] Test testTemplateBuilderCanFind(org.jclouds.slicehost.compute.SlicehostTemplateBuilderLiveTest) succeeded: 2ms
Test suite progress: tests succeeded: 24, failed: 4, skipped: 0.
Starting test testTemplateBuilderCanFind(org.jclouds.slicehost.compute.SlicehostTemplateBuilderLiveTest)
[TestNG] Test testTemplateBuilderCanFind(org.jclouds.slicehost.compute.SlicehostTemplateBuilderLiveTest) succeeded: 2ms
Test suite progress: tests succeeded: 25, failed: 4, skipped: 0.
Starting test testTemplateBuilderCanFind(org.jclouds.slicehost.compute.SlicehostTemplateBuilderLiveTest)
[TestNG] Test testTemplateBuilderCanFind(org.jclouds.slicehost.compute.SlicehostTemplateBuilderLiveTest) succeeded: 1ms
Test suite progress: tests succeeded: 26, failed: 4, skipped: 0.
Starting test testTemplateBuilderCanFind(org.jclouds.slicehost.compute.SlicehostTemplateBuilderLiveTest)
[TestNG] Test testTemplateBuilderCanFind(org.jclouds.slicehost.compute.SlicehostTemplateBuilderLiveTest) succeeded: 1ms
Test suite progress: tests succeeded: 27, failed: 4, skipped: 0.
Starting test testTemplateBuilderCanFind(org.jclouds.slicehost.compute.SlicehostTemplateBuilderLiveTest)
[TestNG] Test testTemplateBuilderCanFind(org.jclouds.slicehost.compute.SlicehostTemplateBuilderLiveTest) succeeded: 1ms
Test suite progress: tests succeeded: 28, failed: 4, skipped: 0.
Starting test testTemplateBuilderCanFind(org.jclouds.slicehost.compute.SlicehostTemplateBuilderLiveTest)
[TestNG] Test testTemplateBuilderCanFind(org.jclouds.slicehost.compute.SlicehostTemplateBuilderLiveTest) succeeded: 2ms
Test suite progress: tests succeeded: 29, failed: 4, skipped: 0.
Starting test testTemplateBuilderCanUseImageId(org.jclouds.slicehost.compute.SlicehostTemplateBuilderLiveTest)
[TestNG] Test testTemplateBuilderCanUseImageId(org.jclouds.slicehost.compute.SlicehostTemplateBuilderLiveTest) succeeded: 2201ms
Test suite progress: tests succeeded: 30, failed: 4, skipped: 0.
Starting test testTemplateBuilderCannotFind(org.jclouds.slicehost.compute.SlicehostTemplateBuilderLiveTest)
[TestNG] Test testTemplateBuilderCannotFind(org.jclouds.slicehost.compute.SlicehostTemplateBuilderLiveTest) succeeded: 1ms
Test suite progress: tests succeeded: 31, failed: 4, skipped: 0.
Starting test testTemplateBuilderCannotFind(org.jclouds.slicehost.compute.SlicehostTemplateBuilderLiveTest)
[TestNG] Test testTemplateBuilderCannotFind(org.jclouds.slicehost.compute.SlicehostTemplateBuilderLiveTest) succeeded: 1ms
Test suite progress: tests succeeded: 32, failed: 4, skipped: 0.
Starting test testTemplateBuilderCannotFind(org.jclouds.slicehost.compute.SlicehostTemplateBuilderLiveTest)
[TestNG] Test testTemplateBuilderCannotFind(org.jclouds.slicehost.compute.SlicehostTemplateBuilderLiveTest) succeeded: 1ms
Test suite progress: tests succeeded: 33, failed: 4, skipped: 0.
Starting test testTemplateBuilderCannotFind(org.jclouds.slicehost.compute.SlicehostTemplateBuilderLiveTest)
[TestNG] Test testTemplateBuilderCannotFind(org.jclouds.slicehost.compute.SlicehostTemplateBuilderLiveTest) succeeded: 1ms
Test suite progress: tests succeeded: 34, failed: 4, skipped: 0.
Starting test testTemplateBuilderCannotFind(org.jclouds.slicehost.compute.SlicehostTemplateBuilderLiveTest)
[TestNG] Test testTemplateBuilderCannotFind(org.jclouds.slicehost.compute.SlicehostTemplateBuilderLiveTest) succeeded: 1ms
Test suite progress: tests succeeded: 35, failed: 4, skipped: 0.
Starting test testTemplateBuilderCannotFind(org.jclouds.slicehost.compute.SlicehostTemplateBuilderLiveTest)
[TestNG] Test testTemplateBuilderCannotFind(org.jclouds.slicehost.compute.SlicehostTemplateBuilderLiveTest) succeeded: 0ms
Test suite progress: tests succeeded: 36, failed: 4, skipped: 0.
Starting test testTemplateBuilderCannotFind(org.jclouds.slicehost.compute.SlicehostTemplateBuilderLiveTest)
[TestNG] Test testTemplateBuilderCannotFind(org.jclouds.slicehost.compute.SlicehostTemplateBuilderLiveTest) succeeded: 0ms
Test suite progress: tests succeeded: 37, failed: 4, skipped: 0.
Starting test testTemplateBuilderCannotFind(org.jclouds.slicehost.compute.SlicehostTemplateBuilderLiveTest)
[TestNG] Test testTemplateBuilderCannotFind(org.jclouds.slicehost.compute.SlicehostTemplateBuilderLiveTest) succeeded: 1ms
Test suite progress: tests succeeded: 38, failed: 4, skipped: 0.
Starting test testTemplateBuilderCannotFind(org.jclouds.slicehost.compute.SlicehostTemplateBuilderLiveTest)
[TestNG] Test testTemplateBuilderCannotFind(org.jclouds.slicehost.compute.SlicehostTemplateBuilderLiveTest) succeeded: 1ms
Test suite progress: tests succeeded: 39, failed: 4, skipped: 0.
Starting test testTemplateBuilderCannotFind(org.jclouds.slicehost.compute.SlicehostTemplateBuilderLiveTest)
[TestNG] Test testTemplateBuilderCannotFind(org.jclouds.slicehost.compute.SlicehostTemplateBuilderLiveTest) succeeded: 1ms
Test suite progress: tests succeeded: 40, failed: 4, skipped: 0.
Starting test testTemplateBuilderCannotFind(org.jclouds.slicehost.compute.SlicehostTemplateBuilderLiveTest)
[TestNG] Test testTemplateBuilderCannotFind(org.jclouds.slicehost.compute.SlicehostTemplateBuilderLiveTest) succeeded: 4ms
Test suite progress: tests succeeded: 41, failed: 4, skipped: 0.
Starting test testTemplateBuilderCannotFind(org.jclouds.slicehost.compute.SlicehostTemplateBuilderLiveTest)
[TestNG] Test testTemplateBuilderCannotFind(org.jclouds.slicehost.compute.SlicehostTemplateBuilderLiveTest) succeeded: 1ms
Test suite progress: tests succeeded: 42, failed: 4, skipped: 0.
Starting test testTemplateBuilderCannotFind(org.jclouds.slicehost.compute.SlicehostTemplateBuilderLiveTest)
[TestNG] Test testTemplateBuilderCannotFind(org.jclouds.slicehost.compute.SlicehostTemplateBuilderLiveTest) succeeded: 1ms
Test suite progress: tests succeeded: 43, failed: 4, skipped: 0.
Starting test testTemplateBuilderCannotFind(org.jclouds.slicehost.compute.SlicehostTemplateBuilderLiveTest)
[TestNG] Test testTemplateBuilderCannotFind(org.jclouds.slicehost.compute.SlicehostTemplateBuilderLiveTest) succeeded: 1ms
Test suite progress: tests succeeded: 44, failed: 4, skipped: 0.
Starting test testTemplateBuilderCannotFind(org.jclouds.slicehost.compute.SlicehostTemplateBuilderLiveTest)
[TestNG] Test testTemplateBuilderCannotFind(org.jclouds.slicehost.compute.SlicehostTemplateBuilderLiveTest) succeeded: 0ms
Test suite progress: tests succeeded: 45, failed: 4, skipped: 0.
Starting test testTemplateBuilderCannotFind(org.jclouds.slicehost.compute.SlicehostTemplateBuilderLiveTest)
[TestNG] Test testTemplateBuilderCannotFind(org.jclouds.slicehost.compute.SlicehostTemplateBuilderLiveTest) succeeded: 1ms
Test suite progress: tests succeeded: 46, failed: 4, skipped: 0.
Starting test testTemplateBuilderCannotFind(org.jclouds.slicehost.compute.SlicehostTemplateBuilderLiveTest)
[TestNG] Test testTemplateBuilderCannotFind(org.jclouds.slicehost.compute.SlicehostTemplateBuilderLiveTest) succeeded: 0ms
Test suite progress: tests succeeded: 47, failed: 4, skipped: 0.
Starting test testTemplateBuilderCannotFind(org.jclouds.slicehost.compute.SlicehostTemplateBuilderLiveTest)
[TestNG] Test testTemplateBuilderCannotFind(org.jclouds.slicehost.compute.SlicehostTemplateBuilderLiveTest) succeeded: 3ms
Test suite progress: tests succeeded: 48, failed: 4, skipped: 0.
Starting test testTemplateBuilderCannotFind(org.jclouds.slicehost.compute.SlicehostTemplateBuilderLiveTest)
[TestNG] Test testTemplateBuilderCannotFind(org.jclouds.slicehost.compute.SlicehostTemplateBuilderLiveTest) succeeded: 4ms
Test suite progress: tests succeeded: 49, failed: 4, skipped: 0.
Starting test testTemplateBuilderCannotFind(org.jclouds.slicehost.compute.SlicehostTemplateBuilderLiveTest)
[TestNG] Test testTemplateBuilderCannotFind(org.jclouds.slicehost.compute.SlicehostTemplateBuilderLiveTest) succeeded: 1ms
Test suite progress: tests succeeded: 50, failed: 4, skipped: 0.
Starting test testTemplateBuilderCannotFind(org.jclouds.slicehost.compute.SlicehostTemplateBuilderLiveTest)
[TestNG] Test testTemplateBuilderCannotFind(org.jclouds.slicehost.compute.SlicehostTemplateBuilderLiveTest) succeeded: 16ms
Test suite progress: tests succeeded: 51, failed: 4, skipped: 0.
Starting test testTemplateBuilderCannotFind(org.jclouds.slicehost.compute.SlicehostTemplateBuilderLiveTest)
[TestNG] Test testTemplateBuilderCannotFind(org.jclouds.slicehost.compute.SlicehostTemplateBuilderLiveTest) succeeded: 2ms
Test suite progress: tests succeeded: 52, failed: 4, skipped: 0.
Starting test testTemplateBuilderCannotFind(org.jclouds.slicehost.compute.SlicehostTemplateBuilderLiveTest)
[TestNG] Test testTemplateBuilderCannotFind(org.jclouds.slicehost.compute.SlicehostTemplateBuilderLiveTest) succeeded: 0ms
Test suite progress: tests succeeded: 53, failed: 4, skipped: 0.
Starting test testTemplateBuilderCannotFind(org.jclouds.slicehost.compute.SlicehostTemplateBuilderLiveTest)
[TestNG] Test testTemplateBuilderCannotFind(org.jclouds.slicehost.compute.SlicehostTemplateBuilderLiveTest) succeeded: 0ms
Test suite progress: tests succeeded: 54, failed: 4, skipped: 0.
Starting test testTemplateBuilderCannotFind(org.jclouds.slicehost.compute.SlicehostTemplateBuilderLiveTest)
[TestNG] Test testTemplateBuilderCannotFind(org.jclouds.slicehost.compute.SlicehostTemplateBuilderLiveTest) succeeded: 0ms
Test suite progress: tests succeeded: 55, failed: 4, skipped: 0.
Starting test testTemplateBuilderCannotFind(org.jclouds.slicehost.compute.SlicehostTemplateBuilderLiveTest)
[TestNG] Test testTemplateBuilderCannotFind(org.jclouds.slicehost.compute.SlicehostTemplateBuilderLiveTest) succeeded: 1ms
Test suite progress: tests succeeded: 56, failed: 4, skipped: 0.
Starting test testTemplateBuilderCannotFind(org.jclouds.slicehost.compute.SlicehostTemplateBuilderLiveTest)
[TestNG] Test testTemplateBuilderCannotFind(org.jclouds.slicehost.compute.SlicehostTemplateBuilderLiveTest) succeeded: 1ms
Test suite progress: tests succeeded: 57, failed: 4, skipped: 0.
Starting test testTemplateBuilderCannotFind(org.jclouds.slicehost.compute.SlicehostTemplateBuilderLiveTest)
[TestNG] Test testTemplateBuilderCannotFind(org.jclouds.slicehost.compute.SlicehostTemplateBuilderLiveTest) succeeded: 1ms
Test suite progress: tests succeeded: 58, failed: 4, skipped: 0.
Starting test testTemplateBuilderCannotFind(org.jclouds.slicehost.compute.SlicehostTemplateBuilderLiveTest)
[TestNG] Test testTemplateBuilderCannotFind(org.jclouds.slicehost.compute.SlicehostTemplateBuilderLiveTest) succeeded: 7ms
Test suite progress: tests succeeded: 59, failed: 4, skipped: 0.
Starting test testTemplateBuilderCannotFind(org.jclouds.slicehost.compute.SlicehostTemplateBuilderLiveTest)
[TestNG] Test testTemplateBuilderCannotFind(org.jclouds.slicehost.compute.SlicehostTemplateBuilderLiveTest) succeeded: 1ms
Test suite progress: tests succeeded: 60, failed: 4, skipped: 0.
Starting test testTemplateBuilderCannotFind(org.jclouds.slicehost.compute.SlicehostTemplateBuilderLiveTest)
[TestNG] Test testTemplateBuilderCannotFind(org.jclouds.slicehost.compute.SlicehostTemplateBuilderLiveTest) failed.
Test suite progress: tests succeeded: 60, failed: 5, skipped: 0.
Starting test testTemplateBuilderCannotFind(org.jclouds.slicehost.compute.SlicehostTemplateBuilderLiveTest)
[TestNG] Test testTemplateBuilderCannotFind(org.jclouds.slicehost.compute.SlicehostTemplateBuilderLiveTest) succeeded: 1ms
Test suite progress: tests succeeded: 61, failed: 5, skipped: 0.
Starting test testTemplateBuilderCannotFind(org.jclouds.slicehost.compute.SlicehostTemplateBuilderLiveTest)
[TestNG] Test testTemplateBuilderCannotFind(org.jclouds.slicehost.compute.SlicehostTemplateBuilderLiveTest) succeeded: 1ms
Test suite progress: tests succeeded: 62, failed: 5, skipped: 0.
Starting test testTemplateBuilderCannotFind(org.jclouds.slicehost.compute.SlicehostTemplateBuilderLiveTest)
[TestNG] Test testTemplateBuilderCannotFind(org.jclouds.slicehost.compute.SlicehostTemplateBuilderLiveTest) succeeded: 0ms
Test suite progress: tests succeeded: 63, failed: 5, skipped: 0.
Starting test testTemplateBuilderCannotFind(org.jclouds.slicehost.compute.SlicehostTemplateBuilderLiveTest)
[TestNG] Test testTemplateBuilderCannotFind(org.jclouds.slicehost.compute.SlicehostTemplateBuilderLiveTest) succeeded: 0ms
Test suite progress: tests succeeded: 64, failed: 5, skipped: 0.
Starting test testTemplateBuilderCannotFind(org.jclouds.slicehost.compute.SlicehostTemplateBuilderLiveTest)
[TestNG] Test testTemplateBuilderCannotFind(org.jclouds.slicehost.compute.SlicehostTemplateBuilderLiveTest) succeeded: 2ms
Test suite progress: tests succeeded: 65, failed: 5, skipped: 0.
Starting test testTemplateBuilderCannotFind(org.jclouds.slicehost.compute.SlicehostTemplateBuilderLiveTest)
[TestNG] Test testTemplateBuilderCannotFind(org.jclouds.slicehost.compute.SlicehostTemplateBuilderLiveTest) succeeded: 1ms
Test suite progress: tests succeeded: 66, failed: 5, skipped: 0.
Starting test testTemplateBuilderCannotFind(org.jclouds.slicehost.compute.SlicehostTemplateBuilderLiveTest)
[TestNG] Test testTemplateBuilderCannotFind(org.jclouds.slicehost.compute.SlicehostTemplateBuilderLiveTest) succeeded: 0ms
Test suite progress: tests succeeded: 67, failed: 5, skipped: 0.
Starting test testTemplateBuilderCannotFind(org.jclouds.slicehost.compute.SlicehostTemplateBuilderLiveTest)
[TestNG] Test testTemplateBuilderCannotFind(org.jclouds.slicehost.compute.SlicehostTemplateBuilderLiveTest) succeeded: 0ms
Test suite progress: tests succeeded: 68, failed: 5, skipped: 0.
Starting test testTemplateBuilderCannotFind(org.jclouds.slicehost.compute.SlicehostTemplateBuilderLiveTest)
[TestNG] Test testTemplateBuilderCannotFind(org.jclouds.slicehost.compute.SlicehostTemplateBuilderLiveTest) succeeded: 1ms
Test suite progress: tests succeeded: 69, failed: 5, skipped: 0.
Starting test testTemplateBuilderCannotFind(org.jclouds.slicehost.compute.SlicehostTemplateBuilderLiveTest)
[TestNG] Test testTemplateBuilderCannotFind(org.jclouds.slicehost.compute.SlicehostTemplateBuilderLiveTest) succeeded: 0ms
Test suite progress: tests succeeded: 70, failed: 5, skipped: 0.
Starting test testTemplateBuilderCannotFind(org.jclouds.slicehost.compute.SlicehostTemplateBuilderLiveTest)
[TestNG] Test testTemplateBuilderCannotFind(org.jclouds.slicehost.compute.SlicehostTemplateBuilderLiveTest) succeeded: 0ms
Test suite progress: tests succeeded: 71, failed: 5, skipped: 0.
Starting test testTemplateBuilderCannotFind(org.jclouds.slicehost.compute.SlicehostTemplateBuilderLiveTest)
[TestNG] Test testTemplateBuilderCannotFind(org.jclouds.slicehost.compute.SlicehostTemplateBuilderLiveTest) succeeded: 1ms
Test suite progress: tests succeeded: 72, failed: 5, skipped: 0.
Starting test testTemplateBuilderCannotFind(org.jclouds.slicehost.compute.SlicehostTemplateBuilderLiveTest)
[TestNG] Test testTemplateBuilderCannotFind(org.jclouds.slicehost.compute.SlicehostTemplateBuilderLiveTest) succeeded: 1ms
Test suite progress: tests succeeded: 73, failed: 5, skipped: 0.
Starting test testTemplateBuilderCannotFind(org.jclouds.slicehost.compute.SlicehostTemplateBuilderLiveTest)
[TestNG] Test testTemplateBuilderCannotFind(org.jclouds.slicehost.compute.SlicehostTemplateBuilderLiveTest) succeeded: 0ms
Test suite progress: tests succeeded: 74, failed: 5, skipped: 0.
Starting test testTemplateBuilderCannotFind(org.jclouds.slicehost.compute.SlicehostTemplateBuilderLiveTest)
[TestNG] Test testTemplateBuilderCannotFind(org.jclouds.slicehost.compute.SlicehostTemplateBuilderLiveTest) succeeded: 2ms
Test suite progress: tests succeeded: 75, failed: 5, skipped: 0.
Starting test testTemplateBuilderCannotFind(org.jclouds.slicehost.compute.SlicehostTemplateBuilderLiveTest)
[TestNG] Test testTemplateBuilderCannotFind(org.jclouds.slicehost.compute.SlicehostTemplateBuilderLiveTest) succeeded: 0ms
Test suite progress: tests succeeded: 76, failed: 5, skipped: 0.
Starting test testTemplateBuilderCannotFind(org.jclouds.slicehost.compute.SlicehostTemplateBuilderLiveTest)
[TestNG] Test testTemplateBuilderCannotFind(org.jclouds.slicehost.compute.SlicehostTemplateBuilderLiveTest) succeeded: 0ms
Test suite progress: tests succeeded: 77, failed: 5, skipped: 0.
Starting test testTemplateBuilderCannotFind(org.jclouds.slicehost.compute.SlicehostTemplateBuilderLiveTest)
[TestNG] Test testTemplateBuilderCannotFind(org.jclouds.slicehost.compute.SlicehostTemplateBuilderLiveTest) succeeded: 1ms
Test suite progress: tests succeeded: 78, failed: 5, skipped: 0.
Starting test testTemplateBuilderCannotFind(org.jclouds.slicehost.compute.SlicehostTemplateBuilderLiveTest)
[TestNG] Test testTemplateBuilderCannotFind(org.jclouds.slicehost.compute.SlicehostTemplateBuilderLiveTest) succeeded: 1ms
Test suite progress: tests succeeded: 79, failed: 5, skipped: 0.
Starting test testTemplateBuilderCannotFind(org.jclouds.slicehost.compute.SlicehostTemplateBuilderLiveTest)
[TestNG] Test testTemplateBuilderCannotFind(org.jclouds.slicehost.compute.SlicehostTemplateBuilderLiveTest) succeeded: 1ms
Test suite progress: tests succeeded: 80, failed: 5, skipped: 0.
Starting test testTemplateBuilderCannotFind(org.jclouds.slicehost.compute.SlicehostTemplateBuilderLiveTest)
[TestNG] Test testTemplateBuilderCannotFind(org.jclouds.slicehost.compute.SlicehostTemplateBuilderLiveTest) succeeded: 0ms
Test suite progress: tests succeeded: 81, failed: 5, skipped: 0.
Starting test testTemplateBuilderCannotFind(org.jclouds.slicehost.compute.SlicehostTemplateBuilderLiveTest)
[TestNG] Test testTemplateBuilderCannotFind(org.jclouds.slicehost.compute.SlicehostTemplateBuilderLiveTest) succeeded: 1ms
Test suite progress: tests succeeded: 82, failed: 5, skipped: 0.
Starting test testTemplateBuilderCannotFind(org.jclouds.slicehost.compute.SlicehostTemplateBuilderLiveTest)
[TestNG] Test testTemplateBuilderCannotFind(org.jclouds.slicehost.compute.SlicehostTemplateBuilderLiveTest) succeeded: 1ms
Test suite progress: tests succeeded: 83, failed: 5, skipped: 0.
Starting test testTemplateBuilderCannotFind(org.jclouds.slicehost.compute.SlicehostTemplateBuilderLiveTest)
[TestNG] Test testTemplateBuilderCannotFind(org.jclouds.slicehost.compute.SlicehostTemplateBuilderLiveTest) succeeded: 0ms
Test suite progress: tests succeeded: 84, failed: 5, skipped: 0.
Starting test testTemplateBuilderCannotFind(org.jclouds.slicehost.compute.SlicehostTemplateBuilderLiveTest)
[TestNG] Test testTemplateBuilderCannotFind(org.jclouds.slicehost.compute.SlicehostTemplateBuilderLiveTest) succeeded: 1ms
Test suite progress: tests succeeded: 85, failed: 5, skipped: 0.
Starting test testTemplateBuilderCannotFind(org.jclouds.slicehost.compute.SlicehostTemplateBuilderLiveTest)
[TestNG] Test testTemplateBuilderCannotFind(org.jclouds.slicehost.compute.SlicehostTemplateBuilderLiveTest) succeeded: 1ms
Test suite progress: tests succeeded: 86, failed: 5, skipped: 0.
Starting test testTemplateBuilderCannotFind(org.jclouds.slicehost.compute.SlicehostTemplateBuilderLiveTest)
[TestNG] Test testTemplateBuilderCannotFind(org.jclouds.slicehost.compute.SlicehostTemplateBuilderLiveTest) succeeded: 0ms
Test suite progress: tests succeeded: 87, failed: 5, skipped: 0.
Starting test testTemplateBuilderCannotFind(org.jclouds.slicehost.compute.SlicehostTemplateBuilderLiveTest)
[TestNG] Test testTemplateBuilderCannotFind(org.jclouds.slicehost.compute.SlicehostTemplateBuilderLiveTest) succeeded: 0ms
Test suite progress: tests succeeded: 88, failed: 5, skipped: 0.
Starting test testTemplateBuilderCannotFind(org.jclouds.slicehost.compute.SlicehostTemplateBuilderLiveTest)
[TestNG] Test testTemplateBuilderCannotFind(org.jclouds.slicehost.compute.SlicehostTemplateBuilderLiveTest) succeeded: 1ms
Test suite progress: tests succeeded: 89, failed: 5, skipped: 0.
Starting test testTemplateBuilderCannotFind(org.jclouds.slicehost.compute.SlicehostTemplateBuilderLiveTest)
[TestNG] Test testTemplateBuilderCannotFind(org.jclouds.slicehost.compute.SlicehostTemplateBuilderLiveTest) succeeded: 1ms
Test suite progress: tests succeeded: 90, failed: 5, skipped: 0.
Starting test testTemplateBuilderCannotFind(org.jclouds.slicehost.compute.SlicehostTemplateBuilderLiveTest)
[TestNG] Test testTemplateBuilderCannotFind(org.jclouds.slicehost.compute.SlicehostTemplateBuilderLiveTest) succeeded: 0ms
Test suite progress: tests succeeded: 91, failed: 5, skipped: 0.
Starting test testTemplateBuilderCannotFind(org.jclouds.slicehost.compute.SlicehostTemplateBuilderLiveTest)
[TestNG] Test testTemplateBuilderCannotFind(org.jclouds.slicehost.compute.SlicehostTemplateBuilderLiveTest) succeeded: 1ms
Test suite progress: tests succeeded: 92, failed: 5, skipped: 0.
Starting test testTemplateBuilderCannotFind(org.jclouds.slicehost.compute.SlicehostTemplateBuilderLiveTest)
[TestNG] Test testTemplateBuilderCannotFind(org.jclouds.slicehost.compute.SlicehostTemplateBuilderLiveTest) succeeded: 1ms
Test suite progress: tests succeeded: 93, failed: 5, skipped: 0.
Starting test testTemplateBuilderCannotFind(org.jclouds.slicehost.compute.SlicehostTemplateBuilderLiveTest)
[TestNG] Test testTemplateBuilderCannotFind(org.jclouds.slicehost.compute.SlicehostTemplateBuilderLiveTest) succeeded: 0ms
Test suite progress: tests succeeded: 94, failed: 5, skipped: 0.
Starting test testTemplateBuilderWithImageIdSpecified(org.jclouds.slicehost.compute.SlicehostTemplateBuilderLiveTest)
[TestNG] Test testTemplateBuilderWithImageIdSpecified(org.jclouds.slicehost.compute.SlicehostTemplateBuilderLiveTest) succeeded: 3352ms
Test suite progress: tests succeeded: 95, failed: 5, skipped: 0.
Starting test testTemplateBuilderWithLoginUserSpecified(org.jclouds.slicehost.compute.SlicehostTemplateBuilderLiveTest)
[TestNG] Test testTemplateBuilderWithLoginUserSpecified(org.jclouds.slicehost.compute.SlicehostTemplateBuilderLiveTest) succeeded: 3341ms
Test suite progress: tests succeeded: 96, failed: 5, skipped: 0.
Starting test testDefaultTemplateBuilder(org.jclouds.slicehost.compute.SlicehostTemplateBuilderLiveTest)
[TestNG] Test testDefaultTemplateBuilder(org.jclouds.slicehost.compute.SlicehostTemplateBuilderLiveTest) failed.
Test suite progress: tests succeeded: 96, failed: 6, skipped: 0.
Starting test testFromTemplate(org.jclouds.slicehost.compute.SlicehostTemplateBuilderLiveTest)
[TestNG] Test testFromTemplate(org.jclouds.slicehost.compute.SlicehostTemplateBuilderLiveTest) succeeded: 0ms
Test suite progress: tests succeeded: 97, failed: 6, skipped: 0.
Starting test testAScriptExecutionAfterBootWithBasicTemplate(org.jclouds.slicehost.compute.SlicehostComputeServiceLiveTest)
[TestNG] Test testAScriptExecutionAfterBootWithBasicTemplate(org.jclouds.slicehost.compute.SlicehostComputeServiceLiveTest) failed.
Test suite progress: tests succeeded: 97, failed: 7, skipped: 0.
Starting test testConcurrentUseOfComputeServiceToCreateNodes(org.jclouds.slicehost.compute.SlicehostComputeServiceLiveTest)
[TestNG] Test testConcurrentUseOfComputeServiceToCreateNodes(org.jclouds.slicehost.compute.SlicehostComputeServiceLiveTest) failed.
Test suite progress: tests succeeded: 97, failed: 8, skipped: 0.
Starting test testTemplateMatch(org.jclouds.slicehost.compute.SlicehostComputeServiceLiveTest)
[TestNG] Test testTemplateMatch(org.jclouds.slicehost.compute.SlicehostComputeServiceLiveTest) succeeded: 3ms
Test suite progress: tests succeeded: 98, failed: 8, skipped: 0.
[TestNG] Test testGetNodesWithDetails(org.jclouds.slicehost.compute.SlicehostComputeServiceLiveTest) skipped.
Test suite progress: tests succeeded: 98, failed: 8, skipped: 1.
[TestNG] Test testListNodes(org.jclouds.slicehost.compute.SlicehostComputeServiceLiveTest) skipped.
Test suite progress: tests succeeded: 98, failed: 8, skipped: 2.
[TestNG] Test testCreateTwoNodesWithRunScript(org.jclouds.slicehost.compute.SlicehostComputeServiceLiveTest) skipped.
Test suite progress: tests succeeded: 98, failed: 8, skipped: 3.
[TestNG] Test testDestroyNodes(org.jclouds.slicehost.compute.SlicehostComputeServiceLiveTest) skipped.
Test suite progress: tests succeeded: 98, failed: 8, skipped: 4.
[TestNG] Test testCreateAnotherNodeWithANewContextToEnsureSharedMemIsntRequired(org.jclouds.slicehost.compute.SlicehostComputeServiceLiveTest) skipped.
Test suite progress: tests succeeded: 98, failed: 8, skipped: 5.
[TestNG] Test testCredentialsCache(org.jclouds.slicehost.compute.SlicehostComputeServiceLiveTest) skipped.
Test suite progress: tests succeeded: 98, failed: 8, skipped: 6.
[TestNG] Test testGet(org.jclouds.slicehost.compute.SlicehostComputeServiceLiveTest) skipped.
Test suite progress: tests succeeded: 98, failed: 8, skipped: 7.
[TestNG] Test testReboot(org.jclouds.slicehost.compute.SlicehostComputeServiceLiveTest) skipped.
Test suite progress: tests succeeded: 98, failed: 8, skipped: 8.
Starting test testCreateSlice(org.jclouds.slicehost.SlicehostClientLiveTest)
[TestNG] Test testCreateSlice(org.jclouds.slicehost.SlicehostClientLiveTest) skipped.
Test suite progress: tests succeeded: 98, failed: 8, skipped: 9.
Starting test testGetImageDetailsNotFound(org.jclouds.slicehost.SlicehostClientLiveTest)
[TestNG] Test testGetImageDetailsNotFound(org.jclouds.slicehost.SlicehostClientLiveTest) skipped.
Test suite progress: tests succeeded: 98, failed: 8, skipped: 10.
Starting test testGetImagesDetail(org.jclouds.slicehost.SlicehostClientLiveTest)
[TestNG] Test testGetImagesDetail(org.jclouds.slicehost.SlicehostClientLiveTest) skipped.
Test suite progress: tests succeeded: 98, failed: 8, skipped: 11.
Starting test testGetSlicesDetail(org.jclouds.slicehost.SlicehostClientLiveTest)
[TestNG] Test testGetSlicesDetail(org.jclouds.slicehost.SlicehostClientLiveTest) skipped.
Test suite progress: tests succeeded: 98, failed: 8, skipped: 12.
Starting test testListFlavorsDetail(org.jclouds.slicehost.SlicehostClientLiveTest)
[TestNG] Test testListFlavorsDetail(org.jclouds.slicehost.SlicehostClientLiveTest) skipped.
Test suite progress: tests succeeded: 98, failed: 8, skipped: 13.
Starting test testListImages(org.jclouds.slicehost.SlicehostClientLiveTest)
[TestNG] Test testListImages(org.jclouds.slicehost.SlicehostClientLiveTest) skipped.
Test suite progress: tests succeeded: 98, failed: 8, skipped: 14.
Starting test testListImagesDetail(org.jclouds.slicehost.SlicehostClientLiveTest)
[TestNG] Test testListImagesDetail(org.jclouds.slicehost.SlicehostClientLiveTest) skipped.
Test suite progress: tests succeeded: 98, failed: 8, skipped: 15.
Starting test testListSlices(org.jclouds.slicehost.SlicehostClientLiveTest)
[TestNG] Test testListSlices(org.jclouds.slicehost.SlicehostClientLiveTest) skipped.
Test suite progress: tests succeeded: 98, failed: 8, skipped: 16.
Starting test testListSlicesDetail(org.jclouds.slicehost.SlicehostClientLiveTest)
[TestNG] Test testListSlicesDetail(org.jclouds.slicehost.SlicehostClientLiveTest) skipped.
Test suite progress: tests succeeded: 98, failed: 8, skipped: 17.
Starting test testGetFlavorDetailsNotFound(org.jclouds.slicehost.SlicehostClientLiveTest)
[TestNG] Test testGetFlavorDetailsNotFound(org.jclouds.slicehost.SlicehostClientLiveTest) skipped.
Test suite progress: tests succeeded: 98, failed: 8, skipped: 18.
Starting test testGetFlavorsDetail(org.jclouds.slicehost.SlicehostClientLiveTest)
[TestNG] Test testGetFlavorsDetail(org.jclouds.slicehost.SlicehostClientLiveTest) skipped.
Test suite progress: tests succeeded: 98, failed: 8, skipped: 19.
Starting test testListFlavors(org.jclouds.slicehost.SlicehostClientLiveTest)
[TestNG] Test testListFlavors(org.jclouds.slicehost.SlicehostClientLiveTest) skipped.
Test suite progress: tests succeeded: 98, failed: 8, skipped: 20.
Starting test testGetSliceDetailsNotFound(org.jclouds.slicehost.SlicehostClientLiveTest)
[TestNG] Test testGetSliceDetailsNotFound(org.jclouds.slicehost.SlicehostClientLiveTest) skipped.
Test suite progress: tests succeeded: 98, failed: 8, skipped: 21.
[TestNG] Test testSliceDetails(org.jclouds.slicehost.SlicehostClientLiveTest) skipped.
Test suite progress: tests succeeded: 98, failed: 8, skipped: 22.
[TestNG] Test testRebootHard(org.jclouds.slicehost.SlicehostClientLiveTest) skipped.
Test suite progress: tests succeeded: 98, failed: 8, skipped: 23.
[TestNG] Test testRebootSoft(org.jclouds.slicehost.SlicehostClientLiveTest) skipped.
Test suite progress: tests succeeded: 98, failed: 8, skipped: 24.
[TestNG] Test destroySlice1(org.jclouds.slicehost.SlicehostClientLiveTest) skipped.
Test suite progress: tests succeeded: 98, failed: 8, skipped: 25.
Tests run: 134, Failures: 9, Errors: 0, Skipped: 27, Time elapsed: 38.062 sec <<< FAILURE!

Results :

Failed tests:   testOptionToNotBlock(org.jclouds.slicehost.compute.SlicehostComputeServiceLiveTest): error running 1 node group(slicehost-block) location(slicehost) image(217) size(1) options({inboundPorts=[], blockUntilRunning=false})(..)
  testSuspendResume(org.jclouds.slicehost.compute.SlicehostComputeServiceLiveTest): (..)
  testCreateAndRunAService(org.jclouds.slicehost.compute.SlicehostComputeServiceLiveTest): error running 1 node group(slicehost-s) location(slicehost) image(217) size(1) options({blockOnPort:seconds=22:300, inboundPorts=[22, 8080], tags=[slicehost-s], userMetadata={name=slicehost-s}})(..)
  testTemplateBuilderCanFind(org.jclouds.slicehost.compute.SlicehostTemplateBuilderLiveTest): no image matched predicate: And(nullEqualToIsParentOrIsGrandparentOfCurrentLocation(),And(osFamily(centos),osVersion(^5.4$),os64Bit(true)))
  testTemplateBuilderCannotFind(org.jclouds.slicehost.compute.SlicehostTemplateBuilderLiveTest): (..)
  testDefaultTemplateBuilder(org.jclouds.slicehost.compute.SlicehostTemplateBuilderLiveTest): expected:<11.10> but was:<12.04>
  testAScriptExecutionAfterBootWithBasicTemplate(org.jclouds.slicehost.compute.SlicehostComputeServiceLiveTest): error running 1 node group(slicehost-r) location(slicehost) image(217) size(1) options({blockOnPort:seconds=22:120})(..)
  testConcurrentUseOfComputeServiceToCreateNodes(org.jclouds.slicehost.compute.SlicehostComputeServiceLiveTest): org.jclouds.compute.RunNodesException: error running 1 node group(twin1) location(slicehost) image(217) size(1) options({blockOnPort:seconds=22:301, inboundPorts=[22, 8080]})(..)
  setupContext(org.jclouds.slicehost.SlicehostClientLiveTest): Guice configuration errors:(..)

Tests run: 134, Failures: 9, Errors: 0, Skipped: 27

[INFO] ------------------------------------------------------------------------
[INFO] BUILD FAILURE
[INFO] ------------------------------------------------------------------------
[INFO] Total time: 52.190s
[INFO] Finished at: Mon Sep 17 09:14:49 PDT 2012
[INFO] Final Memory: 18M/265M
[INFO] ------------------------------------------------------------------------
[ERROR] Failed to execute goal org.apache.maven.plugins:maven-surefire-plugin:2.12:test (integration) on project slicehost: There are test failures.
[ERROR] 
[ERROR] Please refer to /Users/adriancole/workspace/git/jclouds/providers/slicehost/target/surefire-reports for the individual test results.
[ERROR] -> [Help 1]
[ERROR] 
[ERROR] To see the full stack trace of the errors, re-run Maven with the -e switch.
[ERROR] Re-run Maven using the -X switch to enable full debug logging.
[ERROR] 
[ERROR] For more information about the errors and possible solutions, please read the following articles:
[ERROR] [Help 1] http://cwiki.apache.org/confluence/display/MAVEN/MojoFailureException
