-------------------------------------------------------------------------------
Test set: TestSuite
-------------------------------------------------------------------------------
Tests run: 150, Failures: 4, Errors: 0, Skipped: 146, Time elapsed: 3.261 sec <<< FAILURE!
setupContext(org.jclouds.softlayer.features.ProductPackageClientLiveTest)  Time elapsed: 0.71 sec  <<< FAILURE!
java.lang.IllegalArgumentException: id must be defined
	at com.google.common.base.Preconditions.checkArgument(Preconditions.java:92)
	at org.jclouds.util.Preconditions2.checkNotEmpty(Preconditions2.java:50)
	at org.jclouds.providers.ProviderPredicates.id(ProviderPredicates.java:107)
	at org.jclouds.providers.Providers.withId(Providers.java:100)
	at org.jclouds.apis.BaseContextLiveTest.createProviderMetadata(BaseContextLiveTest.java:100)
	at org.jclouds.apis.BaseContextLiveTest.newBuilder(BaseContextLiveTest.java:134)
	at org.jclouds.apis.BaseViewLiveTest.createView(BaseViewLiveTest.java:53)
	at org.jclouds.apis.BaseViewLiveTest.initializeContext(BaseViewLiveTest.java:41)
	at org.jclouds.apis.BaseContextLiveTest.setupContext(BaseContextLiveTest.java:79)
	at org.jclouds.softlayer.features.BaseSoftLayerClientLiveTest.setupContext(BaseSoftLayerClientLiveTest.java:41)
	at org.jclouds.softlayer.features.ProductPackageClientLiveTest.setupContext(ProductPackageClientLiveTest.java:66)
setupContext(org.jclouds.softlayer.compute.SoftLayerComputeServiceAdapterLiveTest)  Time elapsed: 0.711 sec  <<< FAILURE!
java.lang.IllegalArgumentException: id must be defined
	at com.google.common.base.Preconditions.checkArgument(Preconditions.java:92)
	at org.jclouds.util.Preconditions2.checkNotEmpty(Preconditions2.java:50)
	at org.jclouds.providers.ProviderPredicates.id(ProviderPredicates.java:107)
	at org.jclouds.providers.Providers.withId(Providers.java:100)
	at org.jclouds.apis.BaseContextLiveTest.createProviderMetadata(BaseContextLiveTest.java:100)
	at org.jclouds.apis.BaseContextLiveTest.newBuilder(BaseContextLiveTest.java:134)
	at org.jclouds.apis.BaseViewLiveTest.createView(BaseViewLiveTest.java:53)
	at org.jclouds.apis.BaseViewLiveTest.initializeContext(BaseViewLiveTest.java:41)
	at org.jclouds.apis.BaseContextLiveTest.setupContext(BaseContextLiveTest.java:79)
	at org.jclouds.softlayer.features.BaseSoftLayerClientLiveTest.setupContext(BaseSoftLayerClientLiveTest.java:41)
	at org.jclouds.softlayer.compute.SoftLayerComputeServiceAdapterLiveTest.setupContext(SoftLayerComputeServiceAdapterLiveTest.java:54)
setupContext(org.jclouds.softlayer.compute.SoftLayerExperimentLiveTest)  Time elapsed: 0.191 sec  <<< FAILURE!
java.lang.NullPointerException: either createApiMetadata or createProviderMetadata must be overridden
	at com.google.common.base.Preconditions.checkNotNull(Preconditions.java:208)
	at org.jclouds.apis.BaseContextLiveTest.newBuilder(BaseContextLiveTest.java:136)
	at org.jclouds.apis.BaseViewLiveTest.createView(BaseViewLiveTest.java:53)
	at org.jclouds.apis.BaseViewLiveTest.initializeContext(BaseViewLiveTest.java:41)
	at org.jclouds.apis.BaseContextLiveTest.setupContext(BaseContextLiveTest.java:79)
	at sun.reflect.NativeMethodAccessorImpl.invoke0(Native Method)
	at sun.reflect.NativeMethodAccessorImpl.invoke(NativeMethodAccessorImpl.java:39)
	at sun.reflect.DelegatingMethodAccessorImpl.invoke(DelegatingMethodAccessorImpl.java:25)
	at java.lang.reflect.Method.invoke(Method.java:597)
	at org.testng.internal.MethodInvocationHelper.invokeMethod(MethodInvocationHelper.java:80)
	at org.testng.internal.Invoker.invokeConfigurationMethod(Invoker.java:551)
	at org.testng.internal.Invoker.invokeConfigurations(Invoker.java:213)
	at org.testng.internal.Invoker.invokeConfigurations(Invoker.java:138)
	at org.testng.internal.TestMethodWorker.invokeBeforeClassMethods(TestMethodWorker.java:175)
	at org.testng.internal.TestMethodWorker.run(TestMethodWorker.java:107)
	at org.testng.TestRunner.privateRun(TestRunner.java:758)
	at org.testng.TestRunner.run(TestRunner.java:613)
	at org.testng.SuiteRunner.runTest(SuiteRunner.java:334)
	at org.testng.SuiteRunner.access$000(SuiteRunner.java:37)
	at org.testng.SuiteRunner$SuiteWorker.run(SuiteRunner.java:368)
	at org.testng.internal.thread.ThreadUtil$2.call(ThreadUtil.java:64)
	at java.util.concurrent.FutureTask$Sync.innerRun(FutureTask.java:303)
	at java.util.concurrent.FutureTask.run(FutureTask.java:138)
	at java.util.concurrent.ThreadPoolExecutor$Worker.runTask(ThreadPoolExecutor.java:886)
	at java.util.concurrent.ThreadPoolExecutor$Worker.run(ThreadPoolExecutor.java:908)
	at java.lang.Thread.run(Thread.java:680)
setupContext(org.jclouds.softlayer.compute.SoftLayerComputeServiceLiveTest)  Time elapsed: 1.093 sec  <<< FAILURE!
java.lang.IllegalArgumentException: id must be defined
	at com.google.common.base.Preconditions.checkArgument(Preconditions.java:92)
	at org.jclouds.util.Preconditions2.checkNotEmpty(Preconditions2.java:50)
	at org.jclouds.providers.ProviderPredicates.id(ProviderPredicates.java:107)
	at org.jclouds.providers.Providers.withId(Providers.java:100)
	at org.jclouds.apis.BaseContextLiveTest.createProviderMetadata(BaseContextLiveTest.java:100)
	at org.jclouds.apis.BaseContextLiveTest.newBuilder(BaseContextLiveTest.java:134)
	at org.jclouds.apis.BaseViewLiveTest.createView(BaseViewLiveTest.java:53)
	at org.jclouds.apis.BaseViewLiveTest.initializeContext(BaseViewLiveTest.java:41)
	at org.jclouds.apis.BaseContextLiveTest.setupContext(BaseContextLiveTest.java:79)
	at org.jclouds.softlayer.features.BaseSoftLayerClientLiveTest.setupContext(BaseSoftLayerClientLiveTest.java:41)
	at sun.reflect.NativeMethodAccessorImpl.invoke0(Native Method)
	at sun.reflect.NativeMethodAccessorImpl.invoke(NativeMethodAccessorImpl.java:39)
	at sun.reflect.DelegatingMethodAccessorImpl.invoke(DelegatingMethodAccessorImpl.java:25)
	at java.lang.reflect.Method.invoke(Method.java:597)
	at org.testng.internal.MethodInvocationHelper.invokeMethod(MethodInvocationHelper.java:80)
	at org.testng.internal.Invoker.invokeConfigurationMethod(Invoker.java:551)
	at org.testng.internal.Invoker.invokeConfigurations(Invoker.java:213)
	at org.testng.internal.Invoker.invokeConfigurations(Invoker.java:138)
	at org.testng.internal.Invoker.invokeBeforeGroupsConfigurations(Invoker.java:930)
	at org.testng.internal.Invoker.invokeMethod(Invoker.java:631)
	at org.testng.internal.Invoker.invokeTestMethod(Invoker.java:893)
	at org.testng.internal.Invoker.invokeTestMethods(Invoker.java:1218)
	at org.testng.internal.TestMethodWorker.invokeTestMethods(TestMethodWorker.java:127)
	at org.testng.internal.TestMethodWorker.run(TestMethodWorker.java:111)
	at org.testng.TestRunner.privateRun(TestRunner.java:758)
	at org.testng.TestRunner.run(TestRunner.java:613)
	at org.testng.SuiteRunner.runTest(SuiteRunner.java:334)
	at org.testng.SuiteRunner.access$000(SuiteRunner.java:37)
	at org.testng.SuiteRunner$SuiteWorker.run(SuiteRunner.java:368)
	at org.testng.internal.thread.ThreadUtil$2.call(ThreadUtil.java:64)
	at java.util.concurrent.FutureTask$Sync.innerRun(FutureTask.java:303)
	at java.util.concurrent.FutureTask.run(FutureTask.java:138)
	at java.util.concurrent.ThreadPoolExecutor$Worker.runTask(ThreadPoolExecutor.java:886)
	at java.util.concurrent.ThreadPoolExecutor$Worker.run(ThreadPoolExecutor.java:908)
	at java.lang.Thread.run(Thread.java:680)
