[INFO] Scanning for projects...
[WARNING] 
[WARNING] Some problems were encountered while building the effective model for org.jclouds.provider:trmk-ecloud:bundle:1.5.0-SNAPSHOT
[WARNING] 'parent.relativePath' of POM org.jclouds:jclouds-project:1.5.0-SNAPSHOT (/Users/adriancole/workspace/git/jclouds/project/pom.xml) points at org.jclouds:jclouds-multi instead of org.sonatype.oss:oss-parent, please verify your project structure @ org.jclouds:jclouds-project:1.5.0-SNAPSHOT, /Users/adriancole/workspace/git/jclouds/project/pom.xml, line 24, column 13
[WARNING] 
[WARNING] It is highly recommended to fix these problems because they threaten the stability of your build.
[WARNING] 
[WARNING] For this reason, future Maven versions might no longer support building such malformed projects.
[WARNING] 
[INFO]                                                                         
[INFO] ------------------------------------------------------------------------
[INFO] Building jclouds Terremark Enterprise Cloud provider 1.5.0-SNAPSHOT
[INFO] ------------------------------------------------------------------------
[INFO] 
[INFO] --- maven-clean-plugin:2.4.1:clean (default-clean) @ trmk-ecloud ---
[INFO] Deleting /Users/adriancole/workspace/git/jclouds/providers/trmk-ecloud/target
[INFO] 
[INFO] --- maven-enforcer-plugin:1.1:enforce (enforce-maven) @ trmk-ecloud ---
[INFO] 
[INFO] --- maven-enforcer-plugin:1.1:enforce (enforce-banned-dependencies) @ trmk-ecloud ---
[INFO] 
[INFO] --- maven-enforcer-plugin:1.1:enforce (enforce-java) @ trmk-ecloud ---
[INFO] 
[INFO] --- maven-remote-resources-plugin:1.3:process (process-remote-resources) @ trmk-ecloud ---
[INFO] 
[INFO] --- maven-resources-plugin:2.5:resources (default-resources) @ trmk-ecloud ---
[debug] execute contextualize
[INFO] Using 'UTF-8' encoding to copy filtered resources.
[INFO] skip non existing resourceDirectory /Users/adriancole/workspace/git/jclouds/providers/trmk-ecloud/src/main/clojure
[INFO] Copying 1 resource
[INFO] Copying 2 resources
[INFO] 
[INFO] --- maven-compiler-plugin:2.5:compile (default-compile) @ trmk-ecloud ---
[INFO] Compiling 19 source files to /Users/adriancole/workspace/git/jclouds/providers/trmk-ecloud/target/classes
[INFO] 
[INFO] --- maven-resources-plugin:2.5:testResources (default-testResources) @ trmk-ecloud ---
[debug] execute contextualize
[INFO] Using 'UTF-8' encoding to copy filtered resources.
[INFO] skip non existing resourceDirectory /Users/adriancole/workspace/git/jclouds/providers/trmk-ecloud/src/test/clojure
[INFO] Copying 5 resources
[INFO] Copying 2 resources
[INFO] 
[INFO] --- maven-compiler-plugin:2.5:testCompile (default-testCompile) @ trmk-ecloud ---
[INFO] Compiling 14 source files to /Users/adriancole/workspace/git/jclouds/providers/trmk-ecloud/target/test-classes
[INFO] 
[INFO] --- maven-surefire-plugin:2.12:test (default-test) @ trmk-ecloud ---
[INFO] Surefire report directory: /Users/adriancole/workspace/git/jclouds/providers/trmk-ecloud/target/surefire-reports

-------------------------------------------------------
 T E S T S
-------------------------------------------------------
Running TestSuite
Configuring TestNG with: org.apache.maven.surefire.testng.conf.TestNGMapConfigurator@1f292d26
Starting test test(org.jclouds.trmk.ecloud.compute.functions.TerremarkECloudParseOsFromVAppTemplateNameTest)
;[pool-2-thread-1] Test test(org.jclouds.trmk.ecloud.compute.functions.TerremarkECloudParseOsFromVAppTemplateNameTest) succeeded: 844ms
Test suite progress: tests succeeded: 1, failed: 0, skipped: 0.
Starting test testlistDataCenters(org.jclouds.trmk.ecloud.features.DataCenterOperationsAsyncClientTest)
Starting test testlistDataCentersInOrg(org.jclouds.trmk.ecloud.features.DataCenterOperationsAsyncClientTest)
[pool-3-thread-2] Test testlistDataCentersInOrg(org.jclouds.trmk.ecloud.features.DataCenterOperationsAsyncClientTest) succeeded: 54ms
Test suite progress: tests succeeded: 2, failed: 0, skipped: 0.
[pool-3-thread-1] Test testlistDataCenters(org.jclouds.trmk.ecloud.features.DataCenterOperationsAsyncClientTest) succeeded: 54ms
Test suite progress: tests succeeded: 3, failed: 0, skipped: 0.
Starting test testgetTagNameToUsageCount(org.jclouds.trmk.ecloud.features.TagOperationsAsyncClientTest)
Starting test testgetTagNameToUsageCountInOrg(org.jclouds.trmk.ecloud.features.TagOperationsAsyncClientTest)
[pool-4-thread-2] Test testgetTagNameToUsageCountInOrg(org.jclouds.trmk.ecloud.features.TagOperationsAsyncClientTest) succeeded: 11ms
Test suite progress: tests succeeded: 4, failed: 0, skipped: 0.
[pool-4-thread-1] Test testgetTagNameToUsageCount(org.jclouds.trmk.ecloud.features.TagOperationsAsyncClientTest) succeeded: 14ms
Test suite progress: tests succeeded: 5, failed: 0, skipped: 0.
Starting test testActivatePublicIpInVDC(org.jclouds.trmk.ecloud.TerremarkECloudAsyncClientTest)
[pool-5-thread-1] Test testActivatePublicIpInVDC(org.jclouds.trmk.ecloud.TerremarkECloudAsyncClientTest) succeeded: 10ms
Test suite progress: tests succeeded: 6, failed: 0, skipped: 0.
Starting test testAddInternetServiceToExistingIp(org.jclouds.trmk.ecloud.TerremarkECloudAsyncClientTest)
[pool-5-thread-1] Test testAddInternetServiceToExistingIp(org.jclouds.trmk.ecloud.TerremarkECloudAsyncClientTest) succeeded: 34ms
Test suite progress: tests succeeded: 7, failed: 0, skipped: 0.
Starting test testAddInternetServiceToExistingIpOptions(org.jclouds.trmk.ecloud.TerremarkECloudAsyncClientTest)
[pool-5-thread-1] Test testAddInternetServiceToExistingIpOptions(org.jclouds.trmk.ecloud.TerremarkECloudAsyncClientTest) succeeded: 25ms
Test suite progress: tests succeeded: 8, failed: 0, skipped: 0.
Starting test testAddNode(org.jclouds.trmk.ecloud.TerremarkECloudAsyncClientTest)
[pool-5-thread-1] Test testAddNode(org.jclouds.trmk.ecloud.TerremarkECloudAsyncClientTest) succeeded: 40ms
Test suite progress: tests succeeded: 9, failed: 0, skipped: 0.
Starting test testAddNodeOptions(org.jclouds.trmk.ecloud.TerremarkECloudAsyncClientTest)
[pool-5-thread-1] Test testAddNodeOptions(org.jclouds.trmk.ecloud.TerremarkECloudAsyncClientTest) succeeded: 6ms
Test suite progress: tests succeeded: 10, failed: 0, skipped: 0.
Starting test testCatalog(org.jclouds.trmk.ecloud.TerremarkECloudAsyncClientTest)
[pool-5-thread-1] Test testCatalog(org.jclouds.trmk.ecloud.TerremarkECloudAsyncClientTest) succeeded: 3ms
Test suite progress: tests succeeded: 11, failed: 0, skipped: 0.
Starting test testConfigureNodeNoDescription(org.jclouds.trmk.ecloud.TerremarkECloudAsyncClientTest)
[pool-5-thread-1] Test testConfigureNodeNoDescription(org.jclouds.trmk.ecloud.TerremarkECloudAsyncClientTest) succeeded: 129ms
Test suite progress: tests succeeded: 12, failed: 0, skipped: 0.
Starting test testConfigureNodeWithDescription(org.jclouds.trmk.ecloud.TerremarkECloudAsyncClientTest)
[pool-5-thread-1] Test testConfigureNodeWithDescription(org.jclouds.trmk.ecloud.TerremarkECloudAsyncClientTest) succeeded: 83ms
Test suite progress: tests succeeded: 13, failed: 0, skipped: 0.
Starting test testDelete(org.jclouds.trmk.ecloud.TerremarkECloudAsyncClientTest)
[pool-5-thread-1] Test testDelete(org.jclouds.trmk.ecloud.TerremarkECloudAsyncClientTest) succeeded: 5ms
Test suite progress: tests succeeded: 14, failed: 0, skipped: 0.
Starting test testDeleteInternetService(org.jclouds.trmk.ecloud.TerremarkECloudAsyncClientTest)
[pool-5-thread-1] Test testDeleteInternetService(org.jclouds.trmk.ecloud.TerremarkECloudAsyncClientTest) succeeded: 5ms
Test suite progress: tests succeeded: 15, failed: 0, skipped: 0.
Starting test testDeleteKeyPair(org.jclouds.trmk.ecloud.TerremarkECloudAsyncClientTest)
[pool-5-thread-1] Test testDeleteKeyPair(org.jclouds.trmk.ecloud.TerremarkECloudAsyncClientTest) succeeded: 2ms
Test suite progress: tests succeeded: 16, failed: 0, skipped: 0.
Starting test testDeleteNode(org.jclouds.trmk.ecloud.TerremarkECloudAsyncClientTest)
[pool-5-thread-1] Test testDeleteNode(org.jclouds.trmk.ecloud.TerremarkECloudAsyncClientTest) succeeded: 2ms
Test suite progress: tests succeeded: 17, failed: 0, skipped: 0.
Starting test testFindNetworkInOrgVDCNamed(org.jclouds.trmk.ecloud.TerremarkECloudAsyncClientTest)
[pool-5-thread-1] Test testFindNetworkInOrgVDCNamed(org.jclouds.trmk.ecloud.TerremarkECloudAsyncClientTest) succeeded: 10ms
Test suite progress: tests succeeded: 18, failed: 0, skipped: 0.
Starting test testGetAllInternetServices(org.jclouds.trmk.ecloud.TerremarkECloudAsyncClientTest)
[pool-5-thread-1] Test testGetAllInternetServices(org.jclouds.trmk.ecloud.TerremarkECloudAsyncClientTest) succeeded: 9ms
Test suite progress: tests succeeded: 19, failed: 0, skipped: 0.
Starting test testGetCustomizationOptionsOfCatalogItem(org.jclouds.trmk.ecloud.TerremarkECloudAsyncClientTest)
[pool-5-thread-1] Test testGetCustomizationOptionsOfCatalogItem(org.jclouds.trmk.ecloud.TerremarkECloudAsyncClientTest) succeeded: 6ms
Test suite progress: tests succeeded: 20, failed: 0, skipped: 0.
Starting test testGetExtendedInfo(org.jclouds.trmk.ecloud.TerremarkECloudAsyncClientTest)
[pool-5-thread-1] Test testGetExtendedInfo(org.jclouds.trmk.ecloud.TerremarkECloudAsyncClientTest) succeeded: 9ms
Test suite progress: tests succeeded: 21, failed: 0, skipped: 0.
Starting test testGetInternetService(org.jclouds.trmk.ecloud.TerremarkECloudAsyncClientTest)
[pool-5-thread-1] Test testGetInternetService(org.jclouds.trmk.ecloud.TerremarkECloudAsyncClientTest) succeeded: 2ms
Test suite progress: tests succeeded: 22, failed: 0, skipped: 0.
Starting test testGetKeyPair(org.jclouds.trmk.ecloud.TerremarkECloudAsyncClientTest)
[pool-5-thread-1] Test testGetKeyPair(org.jclouds.trmk.ecloud.TerremarkECloudAsyncClientTest) succeeded: 6ms
Test suite progress: tests succeeded: 23, failed: 0, skipped: 0.
Starting test testGetKeyPairInOrg(org.jclouds.trmk.ecloud.TerremarkECloudAsyncClientTest)
[pool-5-thread-1] Test testGetKeyPairInOrg(org.jclouds.trmk.ecloud.TerremarkECloudAsyncClientTest) succeeded: 290ms
Test suite progress: tests succeeded: 24, failed: 0, skipped: 0.
Starting test testGetNode(org.jclouds.trmk.ecloud.TerremarkECloudAsyncClientTest)
[pool-5-thread-1] Test testGetNode(org.jclouds.trmk.ecloud.TerremarkECloudAsyncClientTest) succeeded: 30ms
Test suite progress: tests succeeded: 25, failed: 0, skipped: 0.
Starting test testGetNodes(org.jclouds.trmk.ecloud.TerremarkECloudAsyncClientTest)
[pool-5-thread-1] Test testGetNodes(org.jclouds.trmk.ecloud.TerremarkECloudAsyncClientTest) succeeded: 6ms
Test suite progress: tests succeeded: 26, failed: 0, skipped: 0.
Starting test testGetVDC(org.jclouds.trmk.ecloud.TerremarkECloudAsyncClientTest)
[pool-5-thread-1] Test testGetVDC(org.jclouds.trmk.ecloud.TerremarkECloudAsyncClientTest) succeeded: 6ms
Test suite progress: tests succeeded: 27, failed: 0, skipped: 0.
Starting test testInstantiateVAppTemplateInVDCURI(org.jclouds.trmk.ecloud.TerremarkECloudAsyncClientTest)
[pool-5-thread-1] Test testInstantiateVAppTemplateInVDCURI(org.jclouds.trmk.ecloud.TerremarkECloudAsyncClientTest) succeeded: 205ms
Test suite progress: tests succeeded: 28, failed: 0, skipped: 0.
Starting test testInstantiateVAppTemplateInVDCURIOptions(org.jclouds.trmk.ecloud.TerremarkECloudAsyncClientTest)
[pool-5-thread-1] Test testInstantiateVAppTemplateInVDCURIOptions(org.jclouds.trmk.ecloud.TerremarkECloudAsyncClientTest) succeeded: 42ms
Test suite progress: tests succeeded: 29, failed: 0, skipped: 0.
Starting test testListKeyPairsInOrg(org.jclouds.trmk.ecloud.TerremarkECloudAsyncClientTest)
[pool-5-thread-1] Test testListKeyPairsInOrg(org.jclouds.trmk.ecloud.TerremarkECloudAsyncClientTest) succeeded: 2ms
Test suite progress: tests succeeded: 30, failed: 0, skipped: 0.
Starting test testListKeyPairsInOrgNotFound(org.jclouds.trmk.ecloud.TerremarkECloudAsyncClientTest)
[pool-5-thread-1] Test testListKeyPairsInOrgNotFound(org.jclouds.trmk.ecloud.TerremarkECloudAsyncClientTest) succeeded: 1ms
Test suite progress: tests succeeded: 31, failed: 0, skipped: 0.
Starting test testListOrgs(org.jclouds.trmk.ecloud.TerremarkECloudAsyncClientTest)
[pool-5-thread-1] Test testListOrgs(org.jclouds.trmk.ecloud.TerremarkECloudAsyncClientTest) succeeded: 1ms
Test suite progress: tests succeeded: 32, failed: 0, skipped: 0.
Starting test testNetwork(org.jclouds.trmk.ecloud.TerremarkECloudAsyncClientTest)
[pool-5-thread-1] Test testNetwork(org.jclouds.trmk.ecloud.TerremarkECloudAsyncClientTest) succeeded: 2ms
Test suite progress: tests succeeded: 33, failed: 0, skipped: 0.
Starting test testAllContains(org.jclouds.trmk.ecloud.TerremarkECloudProviderTest)
Starting test testOfApiContains(org.jclouds.trmk.ecloud.TerremarkECloudProviderTest)
Starting test testTransformableToContains(org.jclouds.trmk.ecloud.TerremarkECloudProviderTest)
Starting test testWithId(org.jclouds.trmk.ecloud.TerremarkECloudProviderTest)
[pool-6-thread-4] Test testWithId(org.jclouds.trmk.ecloud.TerremarkECloudProviderTest) succeeded: 97ms
Test suite progress: tests succeeded: 34, failed: 0, skipped: 0.
[pool-6-thread-2] Test testOfApiContains(org.jclouds.trmk.ecloud.TerremarkECloudProviderTest) succeeded: 108ms
Test suite progress: tests succeeded: 35, failed: 0, skipped: 0.
[pool-6-thread-1] Test testAllContains(org.jclouds.trmk.ecloud.TerremarkECloudProviderTest) succeeded: 114ms
Test suite progress: tests succeeded: 36, failed: 0, skipped: 0.
[pool-6-thread-3] Test testTransformableToContains(org.jclouds.trmk.ecloud.TerremarkECloudProviderTest) succeeded: 112ms
Test suite progress: tests succeeded: 37, failed: 0, skipped: 0.
Starting test testApplyInputStream(org.jclouds.trmk.ecloud.xml.ECloudOrgHandlerTest)
[pool-7-thread-1] Test testApplyInputStream(org.jclouds.trmk.ecloud.xml.ECloudOrgHandlerTest) succeeded: 36ms
Test suite progress: tests succeeded: 38, failed: 0, skipped: 0.
Starting test testApplyInputStream(org.jclouds.trmk.ecloud.xml.TagNameToUsageCountHandlerTest)
[pool-8-thread-1] Test testApplyInputStream(org.jclouds.trmk.ecloud.xml.TagNameToUsageCountHandlerTest) succeeded: 31ms
Test suite progress: tests succeeded: 39, failed: 0, skipped: 0.
Tests run: 39, Failures: 0, Errors: 0, Skipped: 0, Time elapsed: 6.481 sec

Results :

Tests run: 39, Failures: 0, Errors: 0, Skipped: 0

[INFO] 
[INFO] --- maven-bundle-plugin:2.3.7:bundle (default-bundle) @ trmk-ecloud ---
[INFO] 
[INFO] --- maven-jar-plugin:2.4:test-jar (default) @ trmk-ecloud ---
[INFO] Building jar: /Users/adriancole/workspace/git/jclouds/providers/trmk-ecloud/target/trmk-ecloud-1.5.0-SNAPSHOT-tests.jar
[INFO] 
[INFO] --- maven-surefire-plugin:2.12:test (integration) @ trmk-ecloud ---
[INFO] Surefire report directory: /Users/adriancole/workspace/git/jclouds/providers/trmk-ecloud/target/surefire-reports

-------------------------------------------------------
 T E S T S
-------------------------------------------------------
Running TestSuite
Configuring TestNG with: org.apache.maven.surefire.testng.conf.TestNGMapConfigurator@3d66aa18
Starting test testCompareSizes(org.jclouds.trmk.ecloud.compute.TerremarkECloudComputeServiceLiveTest)
;Sep 17, 2012 1:08:20 AM org.jclouds.compute.internal.BaseComputeServiceLiveTest testCompareSizes
INFO: smallest {id=cpu=1,ram=512,disk=10, providerId=cpu=1,ram=512,disk=10, processors=[{cores=1.0, speed=1.0}], ram=512, volumes=[{type=LOCAL, size=10.0, bootDevice=true, durable=true}], hypervisor=VMware, supportsImage=ALWAYS_TRUE}
Sep 17, 2012 1:08:20 AM org.jclouds.compute.internal.BaseComputeServiceLiveTest testCompareSizes
INFO: fastest {id=cpu=8,ram=512,disk=10, providerId=cpu=8,ram=512,disk=10, processors=[{cores=8.0, speed=1.0}], ram=512, volumes=[{type=LOCAL, size=10.0, bootDevice=true, durable=true}], hypervisor=VMware, supportsImage=ALWAYS_TRUE}
Sep 17, 2012 1:08:20 AM org.jclouds.compute.internal.BaseComputeServiceLiveTest testCompareSizes
INFO: biggest {id=cpu=8,ram=16384,disk=10, providerId=cpu=8,ram=16384,disk=10, processors=[{cores=8.0, speed=1.0}], ram=16384, volumes=[{type=LOCAL, size=10.0, bootDevice=true, durable=true}], hypervisor=VMware, supportsImage=ALWAYS_TRUE}
[TestNG] Test testCompareSizes(org.jclouds.trmk.ecloud.compute.TerremarkECloudComputeServiceLiveTest) succeeded: 9975ms
Test suite progress: tests succeeded: 1, failed: 0, skipped: 0.
Starting test testCorrectExceptionRunningNodesNotFound(org.jclouds.trmk.ecloud.compute.TerremarkECloudComputeServiceLiveTest)
[TestNG] Test testCorrectExceptionRunningNodesNotFound(org.jclouds.trmk.ecloud.compute.TerremarkECloudComputeServiceLiveTest) succeeded: 1076ms
Test suite progress: tests succeeded: 2, failed: 0, skipped: 0.
Starting test testGetAssignableLocations(org.jclouds.trmk.ecloud.compute.TerremarkECloudComputeServiceLiveTest)
Sep 17, 2012 1:08:21 AM org.jclouds.compute.internal.BaseComputeServiceLiveTest testGetAssignableLocations
WARNING: location {scope=ZONE, id=https://services.enterprisecloud.terremark.com/api/v0.8b-ext2.8/vdc/691, description=jclouds.org, parent=https://services.enterprisecloud.terremark.com/api/v0.8b-ext2.8/org/1907529}
[TestNG] Test testGetAssignableLocations(org.jclouds.trmk.ecloud.compute.TerremarkECloudComputeServiceLiveTest) succeeded: 1ms
Test suite progress: tests succeeded: 3, failed: 0, skipped: 0.
Starting test testImageById(org.jclouds.trmk.ecloud.compute.TerremarkECloudComputeServiceLiveTest)
[TestNG] Test testImageById(org.jclouds.trmk.ecloud.compute.TerremarkECloudComputeServiceLiveTest) failed.
Test suite progress: tests succeeded: 3, failed: 1, skipped: 0.
Starting test testImagesCache(org.jclouds.trmk.ecloud.compute.TerremarkECloudComputeServiceLiveTest)
[TestNG] Test testImagesCache(org.jclouds.trmk.ecloud.compute.TerremarkECloudComputeServiceLiveTest) succeeded: 0ms
Test suite progress: tests succeeded: 4, failed: 1, skipped: 0.
Starting test testListSizes(org.jclouds.trmk.ecloud.compute.TerremarkECloudComputeServiceLiveTest)
[TestNG] Test testListSizes(org.jclouds.trmk.ecloud.compute.TerremarkECloudComputeServiceLiveTest) succeeded: 0ms
Test suite progress: tests succeeded: 5, failed: 1, skipped: 0.
Starting test testOptionToNotBlock(org.jclouds.trmk.ecloud.compute.TerremarkECloudComputeServiceLiveTest)
[TestNG] Test testOptionToNotBlock(org.jclouds.trmk.ecloud.compute.TerremarkECloudComputeServiceLiveTest) failed.
Test suite progress: tests succeeded: 5, failed: 2, skipped: 0.
Starting test setServiceDefaults(org.jclouds.trmk.ecloud.compute.TerremarkECloudComputeServiceLiveTest)
[TestNG] Test setServiceDefaults(org.jclouds.trmk.ecloud.compute.TerremarkECloudComputeServiceLiveTest) succeeded: 0ms
Test suite progress: tests succeeded: 6, failed: 2, skipped: 0.
Starting test testDestroyNodes(org.jclouds.trmk.ecloud.compute.TerremarkECloudComputeServiceLiveTest)
[TestNG] Test testDestroyNodes(org.jclouds.trmk.ecloud.compute.TerremarkECloudComputeServiceLiveTest) succeeded: 10124ms
Test suite progress: tests succeeded: 7, failed: 2, skipped: 0.
Starting test testListImages(org.jclouds.trmk.ecloud.compute.TerremarkECloudComputeServiceLiveTest)
[TestNG] Test testListImages(org.jclouds.trmk.ecloud.compute.TerremarkECloudComputeServiceLiveTest) succeeded: 1ms
Test suite progress: tests succeeded: 8, failed: 2, skipped: 0.
Starting test testListNodes(org.jclouds.trmk.ecloud.compute.TerremarkECloudComputeServiceLiveTest)
[TestNG] Test testListNodes(org.jclouds.trmk.ecloud.compute.TerremarkECloudComputeServiceLiveTest) succeeded: 4079ms
Test suite progress: tests succeeded: 9, failed: 2, skipped: 0.
Starting test testCreateAndRunAService(org.jclouds.trmk.ecloud.compute.TerremarkECloudComputeServiceLiveTest)
[TestNG] Test testCreateAndRunAService(org.jclouds.trmk.ecloud.compute.TerremarkECloudComputeServiceLiveTest) failed.
Test suite progress: tests succeeded: 9, failed: 3, skipped: 0.
Starting test testCorrectAuthException(org.jclouds.trmk.ecloud.compute.TerremarkECloudComputeServiceLiveTest)
[TestNG] Test testCorrectAuthException(org.jclouds.trmk.ecloud.compute.TerremarkECloudComputeServiceLiveTest) succeeded: 1026ms
Test suite progress: tests succeeded: 10, failed: 3, skipped: 0.
Starting test testAScriptExecutionAfterBootWithBasicTemplate(org.jclouds.trmk.ecloud.compute.TerremarkECloudComputeServiceLiveTest)
[TestNG] Test testAScriptExecutionAfterBootWithBasicTemplate(org.jclouds.trmk.ecloud.compute.TerremarkECloudComputeServiceLiveTest) failed.
Test suite progress: tests succeeded: 10, failed: 4, skipped: 0.
Starting test testConcurrentUseOfComputeServiceToCreateNodes(org.jclouds.trmk.ecloud.compute.TerremarkECloudComputeServiceLiveTest)
;[TestNG] Test testConcurrentUseOfComputeServiceToCreateNodes(org.jclouds.trmk.ecloud.compute.TerremarkECloudComputeServiceLiveTest) failed.
Test suite progress: tests succeeded: 10, failed: 5, skipped: 0.
Starting test testTemplateMatch(org.jclouds.trmk.ecloud.compute.TerremarkECloudComputeServiceLiveTest)
[TestNG] Test testTemplateMatch(org.jclouds.trmk.ecloud.compute.TerremarkECloudComputeServiceLiveTest) succeeded: 9ms
Test suite progress: tests succeeded: 11, failed: 5, skipped: 0.
[TestNG] Test testCreateTwoNodesWithRunScript(org.jclouds.trmk.ecloud.compute.TerremarkECloudComputeServiceLiveTest) skipped.
Test suite progress: tests succeeded: 11, failed: 5, skipped: 1.
[TestNG] Test testCreateAnotherNodeWithANewContextToEnsureSharedMemIsntRequired(org.jclouds.trmk.ecloud.compute.TerremarkECloudComputeServiceLiveTest) skipped.
Test suite progress: tests succeeded: 11, failed: 5, skipped: 2.
[TestNG] Test testCredentialsCache(org.jclouds.trmk.ecloud.compute.TerremarkECloudComputeServiceLiveTest) skipped.
Test suite progress: tests succeeded: 11, failed: 5, skipped: 3.
[TestNG] Test testGet(org.jclouds.trmk.ecloud.compute.TerremarkECloudComputeServiceLiveTest) skipped.
Test suite progress: tests succeeded: 11, failed: 5, skipped: 4.
[TestNG] Test testReboot(org.jclouds.trmk.ecloud.compute.TerremarkECloudComputeServiceLiveTest) skipped.
Test suite progress: tests succeeded: 11, failed: 5, skipped: 5.
[TestNG] Test testSuspendResume(org.jclouds.trmk.ecloud.compute.TerremarkECloudComputeServiceLiveTest) skipped.
Test suite progress: tests succeeded: 11, failed: 5, skipped: 6.
[TestNG] Test testGetNodesWithDetails(org.jclouds.trmk.ecloud.compute.TerremarkECloudComputeServiceLiveTest) skipped.
Test suite progress: tests succeeded: 11, failed: 5, skipped: 7.
Starting test testCompareSizes(org.jclouds.trmk.ecloud.compute.TerremarkECloudTemplateBuilderLiveTest)
;smallest {id=cpu=1,ram=512,disk=10, providerId=cpu=1,ram=512,disk=10, processors=[{cores=1.0, speed=1.0}], ram=512, volumes=[{type=LOCAL, size=10.0, bootDevice=true, durable=true}], hypervisor=VMware, supportsImage=ALWAYS_TRUE}
fastest {id=cpu=8,ram=512,disk=10, providerId=cpu=8,ram=512,disk=10, processors=[{cores=8.0, speed=1.0}], ram=512, volumes=[{type=LOCAL, size=10.0, bootDevice=true, durable=true}], hypervisor=VMware, supportsImage=ALWAYS_TRUE}
biggest {id=cpu=8,ram=16384,disk=10, providerId=cpu=8,ram=16384,disk=10, processors=[{cores=8.0, speed=1.0}], ram=16384, volumes=[{type=LOCAL, size=10.0, bootDevice=true, durable=true}], hypervisor=VMware, supportsImage=ALWAYS_TRUE}
[TestNG] Test testCompareSizes(org.jclouds.trmk.ecloud.compute.TerremarkECloudTemplateBuilderLiveTest) succeeded: 4287ms
Test suite progress: tests succeeded: 12, failed: 5, skipped: 7.
Starting test testFromTemplate(org.jclouds.trmk.ecloud.compute.TerremarkECloudTemplateBuilderLiveTest)
[TestNG] Test testFromTemplate(org.jclouds.trmk.ecloud.compute.TerremarkECloudTemplateBuilderLiveTest) succeeded: 35ms
Test suite progress: tests succeeded: 13, failed: 5, skipped: 7.
Starting test testGetAssignableLocations(org.jclouds.trmk.ecloud.compute.TerremarkECloudTemplateBuilderLiveTest)
location {scope=ZONE, id=https://services.enterprisecloud.terremark.com/api/v0.8b-ext2.8/vdc/691, description=jclouds.org, parent=https://services.enterprisecloud.terremark.com/api/v0.8b-ext2.8/org/1907529}
[TestNG] Test testGetAssignableLocations(org.jclouds.trmk.ecloud.compute.TerremarkECloudTemplateBuilderLiveTest) succeeded: 1ms
Test suite progress: tests succeeded: 14, failed: 5, skipped: 7.
Starting test testTemplateBuilderCanFind(org.jclouds.trmk.ecloud.compute.TerremarkECloudTemplateBuilderLiveTest)
[TestNG] Test testTemplateBuilderCanFind(org.jclouds.trmk.ecloud.compute.TerremarkECloudTemplateBuilderLiveTest) succeeded: 5ms
Test suite progress: tests succeeded: 15, failed: 5, skipped: 7.
Starting test testTemplateBuilderCanFind(org.jclouds.trmk.ecloud.compute.TerremarkECloudTemplateBuilderLiveTest)
[TestNG] Test testTemplateBuilderCanFind(org.jclouds.trmk.ecloud.compute.TerremarkECloudTemplateBuilderLiveTest) succeeded: 2ms
Test suite progress: tests succeeded: 16, failed: 5, skipped: 7.
Starting test testTemplateBuilderCanFind(org.jclouds.trmk.ecloud.compute.TerremarkECloudTemplateBuilderLiveTest)
[TestNG] Test testTemplateBuilderCanFind(org.jclouds.trmk.ecloud.compute.TerremarkECloudTemplateBuilderLiveTest) succeeded: 6ms
Test suite progress: tests succeeded: 17, failed: 5, skipped: 7.
Starting test testTemplateBuilderCanFind(org.jclouds.trmk.ecloud.compute.TerremarkECloudTemplateBuilderLiveTest)
[TestNG] Test testTemplateBuilderCanFind(org.jclouds.trmk.ecloud.compute.TerremarkECloudTemplateBuilderLiveTest) succeeded: 25ms
Test suite progress: tests succeeded: 18, failed: 5, skipped: 7.
Starting test testTemplateBuilderCanFind(org.jclouds.trmk.ecloud.compute.TerremarkECloudTemplateBuilderLiveTest)
[TestNG] Test testTemplateBuilderCanFind(org.jclouds.trmk.ecloud.compute.TerremarkECloudTemplateBuilderLiveTest) succeeded: 2ms
Test suite progress: tests succeeded: 19, failed: 5, skipped: 7.
Starting test testTemplateBuilderCanFind(org.jclouds.trmk.ecloud.compute.TerremarkECloudTemplateBuilderLiveTest)
[TestNG] Test testTemplateBuilderCanFind(org.jclouds.trmk.ecloud.compute.TerremarkECloudTemplateBuilderLiveTest) succeeded: 3ms
Test suite progress: tests succeeded: 20, failed: 5, skipped: 7.
Starting test testTemplateBuilderCanFind(org.jclouds.trmk.ecloud.compute.TerremarkECloudTemplateBuilderLiveTest)
[TestNG] Test testTemplateBuilderCanFind(org.jclouds.trmk.ecloud.compute.TerremarkECloudTemplateBuilderLiveTest) succeeded: 2ms
Test suite progress: tests succeeded: 21, failed: 5, skipped: 7.
Starting test testTemplateBuilderCanFind(org.jclouds.trmk.ecloud.compute.TerremarkECloudTemplateBuilderLiveTest)
[TestNG] Test testTemplateBuilderCanFind(org.jclouds.trmk.ecloud.compute.TerremarkECloudTemplateBuilderLiveTest) succeeded: 2ms
Test suite progress: tests succeeded: 22, failed: 5, skipped: 7.
Starting test testTemplateBuilderCanFind(org.jclouds.trmk.ecloud.compute.TerremarkECloudTemplateBuilderLiveTest)
[TestNG] Test testTemplateBuilderCanFind(org.jclouds.trmk.ecloud.compute.TerremarkECloudTemplateBuilderLiveTest) succeeded: 2ms
Test suite progress: tests succeeded: 23, failed: 5, skipped: 7.
Starting test testTemplateBuilderCanFind(org.jclouds.trmk.ecloud.compute.TerremarkECloudTemplateBuilderLiveTest)
[TestNG] Test testTemplateBuilderCanFind(org.jclouds.trmk.ecloud.compute.TerremarkECloudTemplateBuilderLiveTest) succeeded: 6ms
Test suite progress: tests succeeded: 24, failed: 5, skipped: 7.
Starting test testTemplateBuilderCanFind(org.jclouds.trmk.ecloud.compute.TerremarkECloudTemplateBuilderLiveTest)
[TestNG] Test testTemplateBuilderCanFind(org.jclouds.trmk.ecloud.compute.TerremarkECloudTemplateBuilderLiveTest) succeeded: 3ms
Test suite progress: tests succeeded: 25, failed: 5, skipped: 7.
Starting test testTemplateBuilderCanFind(org.jclouds.trmk.ecloud.compute.TerremarkECloudTemplateBuilderLiveTest)
[TestNG] Test testTemplateBuilderCanFind(org.jclouds.trmk.ecloud.compute.TerremarkECloudTemplateBuilderLiveTest) succeeded: 1ms
Test suite progress: tests succeeded: 26, failed: 5, skipped: 7.
Starting test testTemplateBuilderCanFind(org.jclouds.trmk.ecloud.compute.TerremarkECloudTemplateBuilderLiveTest)
[TestNG] Test testTemplateBuilderCanFind(org.jclouds.trmk.ecloud.compute.TerremarkECloudTemplateBuilderLiveTest) succeeded: 6ms
Test suite progress: tests succeeded: 27, failed: 5, skipped: 7.
Starting test testTemplateBuilderCanFind(org.jclouds.trmk.ecloud.compute.TerremarkECloudTemplateBuilderLiveTest)
[TestNG] Test testTemplateBuilderCanFind(org.jclouds.trmk.ecloud.compute.TerremarkECloudTemplateBuilderLiveTest) succeeded: 2ms
Test suite progress: tests succeeded: 28, failed: 5, skipped: 7.
Starting test testTemplateBuilderCanFind(org.jclouds.trmk.ecloud.compute.TerremarkECloudTemplateBuilderLiveTest)
[TestNG] Test testTemplateBuilderCanFind(org.jclouds.trmk.ecloud.compute.TerremarkECloudTemplateBuilderLiveTest) succeeded: 2ms
Test suite progress: tests succeeded: 29, failed: 5, skipped: 7.
Starting test testTemplateBuilderCanFind(org.jclouds.trmk.ecloud.compute.TerremarkECloudTemplateBuilderLiveTest)
[TestNG] Test testTemplateBuilderCanFind(org.jclouds.trmk.ecloud.compute.TerremarkECloudTemplateBuilderLiveTest) succeeded: 4ms
Test suite progress: tests succeeded: 30, failed: 5, skipped: 7.
Starting test testTemplateBuilderCanFind(org.jclouds.trmk.ecloud.compute.TerremarkECloudTemplateBuilderLiveTest)
[TestNG] Test testTemplateBuilderCanFind(org.jclouds.trmk.ecloud.compute.TerremarkECloudTemplateBuilderLiveTest) succeeded: 1ms
Test suite progress: tests succeeded: 31, failed: 5, skipped: 7.
Starting test testTemplateBuilderCanFind(org.jclouds.trmk.ecloud.compute.TerremarkECloudTemplateBuilderLiveTest)
[TestNG] Test testTemplateBuilderCanFind(org.jclouds.trmk.ecloud.compute.TerremarkECloudTemplateBuilderLiveTest) succeeded: 2ms
Test suite progress: tests succeeded: 32, failed: 5, skipped: 7.
Starting test testTemplateBuilderCanFind(org.jclouds.trmk.ecloud.compute.TerremarkECloudTemplateBuilderLiveTest)
[TestNG] Test testTemplateBuilderCanFind(org.jclouds.trmk.ecloud.compute.TerremarkECloudTemplateBuilderLiveTest) succeeded: 2ms
Test suite progress: tests succeeded: 33, failed: 5, skipped: 7.
Starting test testTemplateBuilderCanFind(org.jclouds.trmk.ecloud.compute.TerremarkECloudTemplateBuilderLiveTest)
[TestNG] Test testTemplateBuilderCanFind(org.jclouds.trmk.ecloud.compute.TerremarkECloudTemplateBuilderLiveTest) succeeded: 2ms
Test suite progress: tests succeeded: 34, failed: 5, skipped: 7.
Starting test testTemplateBuilderCanFind(org.jclouds.trmk.ecloud.compute.TerremarkECloudTemplateBuilderLiveTest)
[TestNG] Test testTemplateBuilderCanFind(org.jclouds.trmk.ecloud.compute.TerremarkECloudTemplateBuilderLiveTest) succeeded: 1ms
Test suite progress: tests succeeded: 35, failed: 5, skipped: 7.
Starting test testTemplateBuilderCanFind(org.jclouds.trmk.ecloud.compute.TerremarkECloudTemplateBuilderLiveTest)
[TestNG] Test testTemplateBuilderCanFind(org.jclouds.trmk.ecloud.compute.TerremarkECloudTemplateBuilderLiveTest) succeeded: 2ms
Test suite progress: tests succeeded: 36, failed: 5, skipped: 7.
Starting test testTemplateBuilderCanFind(org.jclouds.trmk.ecloud.compute.TerremarkECloudTemplateBuilderLiveTest)
[TestNG] Test testTemplateBuilderCanFind(org.jclouds.trmk.ecloud.compute.TerremarkECloudTemplateBuilderLiveTest) succeeded: 3ms
Test suite progress: tests succeeded: 37, failed: 5, skipped: 7.
Starting test testTemplateBuilderCanFind(org.jclouds.trmk.ecloud.compute.TerremarkECloudTemplateBuilderLiveTest)
[TestNG] Test testTemplateBuilderCanFind(org.jclouds.trmk.ecloud.compute.TerremarkECloudTemplateBuilderLiveTest) succeeded: 2ms
Test suite progress: tests succeeded: 38, failed: 5, skipped: 7.
Starting test testTemplateBuilderCanFind(org.jclouds.trmk.ecloud.compute.TerremarkECloudTemplateBuilderLiveTest)
[TestNG] Test testTemplateBuilderCanFind(org.jclouds.trmk.ecloud.compute.TerremarkECloudTemplateBuilderLiveTest) succeeded: 2ms
Test suite progress: tests succeeded: 39, failed: 5, skipped: 7.
Starting test testTemplateBuilderCanFind(org.jclouds.trmk.ecloud.compute.TerremarkECloudTemplateBuilderLiveTest)
[TestNG] Test testTemplateBuilderCanFind(org.jclouds.trmk.ecloud.compute.TerremarkECloudTemplateBuilderLiveTest) succeeded: 2ms
Test suite progress: tests succeeded: 40, failed: 5, skipped: 7.
Starting test testTemplateBuilderCanFind(org.jclouds.trmk.ecloud.compute.TerremarkECloudTemplateBuilderLiveTest)
[TestNG] Test testTemplateBuilderCanFind(org.jclouds.trmk.ecloud.compute.TerremarkECloudTemplateBuilderLiveTest) succeeded: 3ms
Test suite progress: tests succeeded: 41, failed: 5, skipped: 7.
Starting test testTemplateBuilderCanUseImageId(org.jclouds.trmk.ecloud.compute.TerremarkECloudTemplateBuilderLiveTest)
;[TestNG] Test testTemplateBuilderCanUseImageId(org.jclouds.trmk.ecloud.compute.TerremarkECloudTemplateBuilderLiveTest) succeeded: 4217ms
Test suite progress: tests succeeded: 42, failed: 5, skipped: 7.
Starting test testTemplateBuilderCannotFind(org.jclouds.trmk.ecloud.compute.TerremarkECloudTemplateBuilderLiveTest)
[TestNG] Test testTemplateBuilderCannotFind(org.jclouds.trmk.ecloud.compute.TerremarkECloudTemplateBuilderLiveTest) succeeded: 1ms
Test suite progress: tests succeeded: 43, failed: 5, skipped: 7.
Starting test testTemplateBuilderCannotFind(org.jclouds.trmk.ecloud.compute.TerremarkECloudTemplateBuilderLiveTest)
[TestNG] Test testTemplateBuilderCannotFind(org.jclouds.trmk.ecloud.compute.TerremarkECloudTemplateBuilderLiveTest) succeeded: 1ms
Test suite progress: tests succeeded: 44, failed: 5, skipped: 7.
Starting test testTemplateBuilderCannotFind(org.jclouds.trmk.ecloud.compute.TerremarkECloudTemplateBuilderLiveTest)
[TestNG] Test testTemplateBuilderCannotFind(org.jclouds.trmk.ecloud.compute.TerremarkECloudTemplateBuilderLiveTest) succeeded: 0ms
Test suite progress: tests succeeded: 45, failed: 5, skipped: 7.
Starting test testTemplateBuilderCannotFind(org.jclouds.trmk.ecloud.compute.TerremarkECloudTemplateBuilderLiveTest)
[TestNG] Test testTemplateBuilderCannotFind(org.jclouds.trmk.ecloud.compute.TerremarkECloudTemplateBuilderLiveTest) succeeded: 1ms
Test suite progress: tests succeeded: 46, failed: 5, skipped: 7.
Starting test testTemplateBuilderCannotFind(org.jclouds.trmk.ecloud.compute.TerremarkECloudTemplateBuilderLiveTest)
[TestNG] Test testTemplateBuilderCannotFind(org.jclouds.trmk.ecloud.compute.TerremarkECloudTemplateBuilderLiveTest) succeeded: 1ms
Test suite progress: tests succeeded: 47, failed: 5, skipped: 7.
Starting test testTemplateBuilderCannotFind(org.jclouds.trmk.ecloud.compute.TerremarkECloudTemplateBuilderLiveTest)
[TestNG] Test testTemplateBuilderCannotFind(org.jclouds.trmk.ecloud.compute.TerremarkECloudTemplateBuilderLiveTest) succeeded: 2ms
Test suite progress: tests succeeded: 48, failed: 5, skipped: 7.
Starting test testTemplateBuilderCannotFind(org.jclouds.trmk.ecloud.compute.TerremarkECloudTemplateBuilderLiveTest)
[TestNG] Test testTemplateBuilderCannotFind(org.jclouds.trmk.ecloud.compute.TerremarkECloudTemplateBuilderLiveTest) succeeded: 0ms
Test suite progress: tests succeeded: 49, failed: 5, skipped: 7.
Starting test testTemplateBuilderCannotFind(org.jclouds.trmk.ecloud.compute.TerremarkECloudTemplateBuilderLiveTest)
[TestNG] Test testTemplateBuilderCannotFind(org.jclouds.trmk.ecloud.compute.TerremarkECloudTemplateBuilderLiveTest) succeeded: 2ms
Test suite progress: tests succeeded: 50, failed: 5, skipped: 7.
Starting test testTemplateBuilderCannotFind(org.jclouds.trmk.ecloud.compute.TerremarkECloudTemplateBuilderLiveTest)
[TestNG] Test testTemplateBuilderCannotFind(org.jclouds.trmk.ecloud.compute.TerremarkECloudTemplateBuilderLiveTest) succeeded: 1ms
Test suite progress: tests succeeded: 51, failed: 5, skipped: 7.
Starting test testTemplateBuilderCannotFind(org.jclouds.trmk.ecloud.compute.TerremarkECloudTemplateBuilderLiveTest)
[TestNG] Test testTemplateBuilderCannotFind(org.jclouds.trmk.ecloud.compute.TerremarkECloudTemplateBuilderLiveTest) succeeded: 1ms
Test suite progress: tests succeeded: 52, failed: 5, skipped: 7.
Starting test testTemplateBuilderCannotFind(org.jclouds.trmk.ecloud.compute.TerremarkECloudTemplateBuilderLiveTest)
[TestNG] Test testTemplateBuilderCannotFind(org.jclouds.trmk.ecloud.compute.TerremarkECloudTemplateBuilderLiveTest) succeeded: 0ms
Test suite progress: tests succeeded: 53, failed: 5, skipped: 7.
Starting test testTemplateBuilderCannotFind(org.jclouds.trmk.ecloud.compute.TerremarkECloudTemplateBuilderLiveTest)
[TestNG] Test testTemplateBuilderCannotFind(org.jclouds.trmk.ecloud.compute.TerremarkECloudTemplateBuilderLiveTest) succeeded: 0ms
Test suite progress: tests succeeded: 54, failed: 5, skipped: 7.
Starting test testTemplateBuilderCannotFind(org.jclouds.trmk.ecloud.compute.TerremarkECloudTemplateBuilderLiveTest)
[TestNG] Test testTemplateBuilderCannotFind(org.jclouds.trmk.ecloud.compute.TerremarkECloudTemplateBuilderLiveTest) succeeded: 1ms
Test suite progress: tests succeeded: 55, failed: 5, skipped: 7.
Starting test testTemplateBuilderCannotFind(org.jclouds.trmk.ecloud.compute.TerremarkECloudTemplateBuilderLiveTest)
[TestNG] Test testTemplateBuilderCannotFind(org.jclouds.trmk.ecloud.compute.TerremarkECloudTemplateBuilderLiveTest) succeeded: 1ms
Test suite progress: tests succeeded: 56, failed: 5, skipped: 7.
Starting test testTemplateBuilderCannotFind(org.jclouds.trmk.ecloud.compute.TerremarkECloudTemplateBuilderLiveTest)
[TestNG] Test testTemplateBuilderCannotFind(org.jclouds.trmk.ecloud.compute.TerremarkECloudTemplateBuilderLiveTest) succeeded: 0ms
Test suite progress: tests succeeded: 57, failed: 5, skipped: 7.
Starting test testTemplateBuilderCannotFind(org.jclouds.trmk.ecloud.compute.TerremarkECloudTemplateBuilderLiveTest)
[TestNG] Test testTemplateBuilderCannotFind(org.jclouds.trmk.ecloud.compute.TerremarkECloudTemplateBuilderLiveTest) succeeded: 1ms
Test suite progress: tests succeeded: 58, failed: 5, skipped: 7.
Starting test testTemplateBuilderCannotFind(org.jclouds.trmk.ecloud.compute.TerremarkECloudTemplateBuilderLiveTest)
[TestNG] Test testTemplateBuilderCannotFind(org.jclouds.trmk.ecloud.compute.TerremarkECloudTemplateBuilderLiveTest) succeeded: 1ms
Test suite progress: tests succeeded: 59, failed: 5, skipped: 7.
Starting test testTemplateBuilderCannotFind(org.jclouds.trmk.ecloud.compute.TerremarkECloudTemplateBuilderLiveTest)
[TestNG] Test testTemplateBuilderCannotFind(org.jclouds.trmk.ecloud.compute.TerremarkECloudTemplateBuilderLiveTest) succeeded: 1ms
Test suite progress: tests succeeded: 60, failed: 5, skipped: 7.
Starting test testTemplateBuilderCannotFind(org.jclouds.trmk.ecloud.compute.TerremarkECloudTemplateBuilderLiveTest)
[TestNG] Test testTemplateBuilderCannotFind(org.jclouds.trmk.ecloud.compute.TerremarkECloudTemplateBuilderLiveTest) succeeded: 0ms
Test suite progress: tests succeeded: 61, failed: 5, skipped: 7.
Starting test testTemplateBuilderCannotFind(org.jclouds.trmk.ecloud.compute.TerremarkECloudTemplateBuilderLiveTest)
[TestNG] Test testTemplateBuilderCannotFind(org.jclouds.trmk.ecloud.compute.TerremarkECloudTemplateBuilderLiveTest) succeeded: 2ms
Test suite progress: tests succeeded: 62, failed: 5, skipped: 7.
Starting test testTemplateBuilderCannotFind(org.jclouds.trmk.ecloud.compute.TerremarkECloudTemplateBuilderLiveTest)
[TestNG] Test testTemplateBuilderCannotFind(org.jclouds.trmk.ecloud.compute.TerremarkECloudTemplateBuilderLiveTest) succeeded: 1ms
Test suite progress: tests succeeded: 63, failed: 5, skipped: 7.
Starting test testTemplateBuilderCannotFind(org.jclouds.trmk.ecloud.compute.TerremarkECloudTemplateBuilderLiveTest)
[TestNG] Test testTemplateBuilderCannotFind(org.jclouds.trmk.ecloud.compute.TerremarkECloudTemplateBuilderLiveTest) succeeded: 0ms
Test suite progress: tests succeeded: 64, failed: 5, skipped: 7.
Starting test testTemplateBuilderCannotFind(org.jclouds.trmk.ecloud.compute.TerremarkECloudTemplateBuilderLiveTest)
[TestNG] Test testTemplateBuilderCannotFind(org.jclouds.trmk.ecloud.compute.TerremarkECloudTemplateBuilderLiveTest) succeeded: 4ms
Test suite progress: tests succeeded: 65, failed: 5, skipped: 7.
Starting test testTemplateBuilderCannotFind(org.jclouds.trmk.ecloud.compute.TerremarkECloudTemplateBuilderLiveTest)
[TestNG] Test testTemplateBuilderCannotFind(org.jclouds.trmk.ecloud.compute.TerremarkECloudTemplateBuilderLiveTest) succeeded: 0ms
Test suite progress: tests succeeded: 66, failed: 5, skipped: 7.
Starting test testTemplateBuilderCannotFind(org.jclouds.trmk.ecloud.compute.TerremarkECloudTemplateBuilderLiveTest)
[TestNG] Test testTemplateBuilderCannotFind(org.jclouds.trmk.ecloud.compute.TerremarkECloudTemplateBuilderLiveTest) succeeded: 1ms
Test suite progress: tests succeeded: 67, failed: 5, skipped: 7.
Starting test testTemplateBuilderCannotFind(org.jclouds.trmk.ecloud.compute.TerremarkECloudTemplateBuilderLiveTest)
[TestNG] Test testTemplateBuilderCannotFind(org.jclouds.trmk.ecloud.compute.TerremarkECloudTemplateBuilderLiveTest) succeeded: 2ms
Test suite progress: tests succeeded: 68, failed: 5, skipped: 7.
Starting test testTemplateBuilderCannotFind(org.jclouds.trmk.ecloud.compute.TerremarkECloudTemplateBuilderLiveTest)
[TestNG] Test testTemplateBuilderCannotFind(org.jclouds.trmk.ecloud.compute.TerremarkECloudTemplateBuilderLiveTest) succeeded: 0ms
Test suite progress: tests succeeded: 69, failed: 5, skipped: 7.
Starting test testTemplateBuilderCannotFind(org.jclouds.trmk.ecloud.compute.TerremarkECloudTemplateBuilderLiveTest)
[TestNG] Test testTemplateBuilderCannotFind(org.jclouds.trmk.ecloud.compute.TerremarkECloudTemplateBuilderLiveTest) succeeded: 1ms
Test suite progress: tests succeeded: 70, failed: 5, skipped: 7.
Starting test testTemplateBuilderCannotFind(org.jclouds.trmk.ecloud.compute.TerremarkECloudTemplateBuilderLiveTest)
[TestNG] Test testTemplateBuilderCannotFind(org.jclouds.trmk.ecloud.compute.TerremarkECloudTemplateBuilderLiveTest) succeeded: 0ms
Test suite progress: tests succeeded: 71, failed: 5, skipped: 7.
Starting test testTemplateBuilderCannotFind(org.jclouds.trmk.ecloud.compute.TerremarkECloudTemplateBuilderLiveTest)
[TestNG] Test testTemplateBuilderCannotFind(org.jclouds.trmk.ecloud.compute.TerremarkECloudTemplateBuilderLiveTest) succeeded: 1ms
Test suite progress: tests succeeded: 72, failed: 5, skipped: 7.
Starting test testTemplateBuilderCannotFind(org.jclouds.trmk.ecloud.compute.TerremarkECloudTemplateBuilderLiveTest)
[TestNG] Test testTemplateBuilderCannotFind(org.jclouds.trmk.ecloud.compute.TerremarkECloudTemplateBuilderLiveTest) succeeded: 0ms
Test suite progress: tests succeeded: 73, failed: 5, skipped: 7.
Starting test testTemplateBuilderCannotFind(org.jclouds.trmk.ecloud.compute.TerremarkECloudTemplateBuilderLiveTest)
[TestNG] Test testTemplateBuilderCannotFind(org.jclouds.trmk.ecloud.compute.TerremarkECloudTemplateBuilderLiveTest) succeeded: 1ms
Test suite progress: tests succeeded: 74, failed: 5, skipped: 7.
Starting test testTemplateBuilderCannotFind(org.jclouds.trmk.ecloud.compute.TerremarkECloudTemplateBuilderLiveTest)
[TestNG] Test testTemplateBuilderCannotFind(org.jclouds.trmk.ecloud.compute.TerremarkECloudTemplateBuilderLiveTest) succeeded: 2ms
Test suite progress: tests succeeded: 75, failed: 5, skipped: 7.
Starting test testTemplateBuilderCannotFind(org.jclouds.trmk.ecloud.compute.TerremarkECloudTemplateBuilderLiveTest)
[TestNG] Test testTemplateBuilderCannotFind(org.jclouds.trmk.ecloud.compute.TerremarkECloudTemplateBuilderLiveTest) succeeded: 3ms
Test suite progress: tests succeeded: 76, failed: 5, skipped: 7.
Starting test testTemplateBuilderCannotFind(org.jclouds.trmk.ecloud.compute.TerremarkECloudTemplateBuilderLiveTest)
[TestNG] Test testTemplateBuilderCannotFind(org.jclouds.trmk.ecloud.compute.TerremarkECloudTemplateBuilderLiveTest) succeeded: 2ms
Test suite progress: tests succeeded: 77, failed: 5, skipped: 7.
Starting test testTemplateBuilderCannotFind(org.jclouds.trmk.ecloud.compute.TerremarkECloudTemplateBuilderLiveTest)
[TestNG] Test testTemplateBuilderCannotFind(org.jclouds.trmk.ecloud.compute.TerremarkECloudTemplateBuilderLiveTest) succeeded: 2ms
Test suite progress: tests succeeded: 78, failed: 5, skipped: 7.
Starting test testTemplateBuilderCannotFind(org.jclouds.trmk.ecloud.compute.TerremarkECloudTemplateBuilderLiveTest)
[TestNG] Test testTemplateBuilderCannotFind(org.jclouds.trmk.ecloud.compute.TerremarkECloudTemplateBuilderLiveTest) succeeded: 1ms
Test suite progress: tests succeeded: 79, failed: 5, skipped: 7.
Starting test testTemplateBuilderCannotFind(org.jclouds.trmk.ecloud.compute.TerremarkECloudTemplateBuilderLiveTest)
[TestNG] Test testTemplateBuilderCannotFind(org.jclouds.trmk.ecloud.compute.TerremarkECloudTemplateBuilderLiveTest) succeeded: 2ms
Test suite progress: tests succeeded: 80, failed: 5, skipped: 7.
Starting test testTemplateBuilderCannotFind(org.jclouds.trmk.ecloud.compute.TerremarkECloudTemplateBuilderLiveTest)
[TestNG] Test testTemplateBuilderCannotFind(org.jclouds.trmk.ecloud.compute.TerremarkECloudTemplateBuilderLiveTest) succeeded: 7ms
Test suite progress: tests succeeded: 81, failed: 5, skipped: 7.
Starting test testTemplateBuilderCannotFind(org.jclouds.trmk.ecloud.compute.TerremarkECloudTemplateBuilderLiveTest)
[TestNG] Test testTemplateBuilderCannotFind(org.jclouds.trmk.ecloud.compute.TerremarkECloudTemplateBuilderLiveTest) succeeded: 2ms
Test suite progress: tests succeeded: 82, failed: 5, skipped: 7.
Starting test testTemplateBuilderCannotFind(org.jclouds.trmk.ecloud.compute.TerremarkECloudTemplateBuilderLiveTest)
[TestNG] Test testTemplateBuilderCannotFind(org.jclouds.trmk.ecloud.compute.TerremarkECloudTemplateBuilderLiveTest) succeeded: 1ms
Test suite progress: tests succeeded: 83, failed: 5, skipped: 7.
Starting test testTemplateBuilderCannotFind(org.jclouds.trmk.ecloud.compute.TerremarkECloudTemplateBuilderLiveTest)
[TestNG] Test testTemplateBuilderCannotFind(org.jclouds.trmk.ecloud.compute.TerremarkECloudTemplateBuilderLiveTest) succeeded: 3ms
Test suite progress: tests succeeded: 84, failed: 5, skipped: 7.
Starting test testTemplateBuilderCannotFind(org.jclouds.trmk.ecloud.compute.TerremarkECloudTemplateBuilderLiveTest)
[TestNG] Test testTemplateBuilderCannotFind(org.jclouds.trmk.ecloud.compute.TerremarkECloudTemplateBuilderLiveTest) succeeded: 0ms
Test suite progress: tests succeeded: 85, failed: 5, skipped: 7.
Starting test testTemplateBuilderCannotFind(org.jclouds.trmk.ecloud.compute.TerremarkECloudTemplateBuilderLiveTest)
[TestNG] Test testTemplateBuilderCannotFind(org.jclouds.trmk.ecloud.compute.TerremarkECloudTemplateBuilderLiveTest) succeeded: 0ms
Test suite progress: tests succeeded: 86, failed: 5, skipped: 7.
Starting test testTemplateBuilderCannotFind(org.jclouds.trmk.ecloud.compute.TerremarkECloudTemplateBuilderLiveTest)
[TestNG] Test testTemplateBuilderCannotFind(org.jclouds.trmk.ecloud.compute.TerremarkECloudTemplateBuilderLiveTest) succeeded: 1ms
Test suite progress: tests succeeded: 87, failed: 5, skipped: 7.
Starting test testTemplateBuilderCannotFind(org.jclouds.trmk.ecloud.compute.TerremarkECloudTemplateBuilderLiveTest)
[TestNG] Test testTemplateBuilderCannotFind(org.jclouds.trmk.ecloud.compute.TerremarkECloudTemplateBuilderLiveTest) succeeded: 1ms
Test suite progress: tests succeeded: 88, failed: 5, skipped: 7.
Starting test testTemplateBuilderCannotFind(org.jclouds.trmk.ecloud.compute.TerremarkECloudTemplateBuilderLiveTest)
[TestNG] Test testTemplateBuilderCannotFind(org.jclouds.trmk.ecloud.compute.TerremarkECloudTemplateBuilderLiveTest) succeeded: 0ms
Test suite progress: tests succeeded: 89, failed: 5, skipped: 7.
Starting test testTemplateBuilderCannotFind(org.jclouds.trmk.ecloud.compute.TerremarkECloudTemplateBuilderLiveTest)
[TestNG] Test testTemplateBuilderCannotFind(org.jclouds.trmk.ecloud.compute.TerremarkECloudTemplateBuilderLiveTest) succeeded: 1ms
Test suite progress: tests succeeded: 90, failed: 5, skipped: 7.
Starting test testTemplateBuilderCannotFind(org.jclouds.trmk.ecloud.compute.TerremarkECloudTemplateBuilderLiveTest)
[TestNG] Test testTemplateBuilderCannotFind(org.jclouds.trmk.ecloud.compute.TerremarkECloudTemplateBuilderLiveTest) succeeded: 0ms
Test suite progress: tests succeeded: 91, failed: 5, skipped: 7.
Starting test testTemplateBuilderCannotFind(org.jclouds.trmk.ecloud.compute.TerremarkECloudTemplateBuilderLiveTest)
[TestNG] Test testTemplateBuilderCannotFind(org.jclouds.trmk.ecloud.compute.TerremarkECloudTemplateBuilderLiveTest) succeeded: 0ms
Test suite progress: tests succeeded: 92, failed: 5, skipped: 7.
Starting test testTemplateBuilderCannotFind(org.jclouds.trmk.ecloud.compute.TerremarkECloudTemplateBuilderLiveTest)
[TestNG] Test testTemplateBuilderCannotFind(org.jclouds.trmk.ecloud.compute.TerremarkECloudTemplateBuilderLiveTest) succeeded: 1ms
Test suite progress: tests succeeded: 93, failed: 5, skipped: 7.
Starting test testTemplateBuilderCannotFind(org.jclouds.trmk.ecloud.compute.TerremarkECloudTemplateBuilderLiveTest)
[TestNG] Test testTemplateBuilderCannotFind(org.jclouds.trmk.ecloud.compute.TerremarkECloudTemplateBuilderLiveTest) succeeded: 0ms
Test suite progress: tests succeeded: 94, failed: 5, skipped: 7.
Starting test testTemplateBuilderCannotFind(org.jclouds.trmk.ecloud.compute.TerremarkECloudTemplateBuilderLiveTest)
[TestNG] Test testTemplateBuilderCannotFind(org.jclouds.trmk.ecloud.compute.TerremarkECloudTemplateBuilderLiveTest) succeeded: 1ms
Test suite progress: tests succeeded: 95, failed: 5, skipped: 7.
Starting test testTemplateBuilderCannotFind(org.jclouds.trmk.ecloud.compute.TerremarkECloudTemplateBuilderLiveTest)
[TestNG] Test testTemplateBuilderCannotFind(org.jclouds.trmk.ecloud.compute.TerremarkECloudTemplateBuilderLiveTest) succeeded: 1ms
Test suite progress: tests succeeded: 96, failed: 5, skipped: 7.
Starting test testTemplateBuilderCannotFind(org.jclouds.trmk.ecloud.compute.TerremarkECloudTemplateBuilderLiveTest)
[TestNG] Test testTemplateBuilderCannotFind(org.jclouds.trmk.ecloud.compute.TerremarkECloudTemplateBuilderLiveTest) succeeded: 0ms
Test suite progress: tests succeeded: 97, failed: 5, skipped: 7.
Starting test testTemplateBuilderCannotFind(org.jclouds.trmk.ecloud.compute.TerremarkECloudTemplateBuilderLiveTest)
[TestNG] Test testTemplateBuilderCannotFind(org.jclouds.trmk.ecloud.compute.TerremarkECloudTemplateBuilderLiveTest) succeeded: 1ms
Test suite progress: tests succeeded: 98, failed: 5, skipped: 7.
Starting test testTemplateBuilderCannotFind(org.jclouds.trmk.ecloud.compute.TerremarkECloudTemplateBuilderLiveTest)
[TestNG] Test testTemplateBuilderCannotFind(org.jclouds.trmk.ecloud.compute.TerremarkECloudTemplateBuilderLiveTest) succeeded: 1ms
Test suite progress: tests succeeded: 99, failed: 5, skipped: 7.
Starting test testTemplateBuilderWithImageIdSpecified(org.jclouds.trmk.ecloud.compute.TerremarkECloudTemplateBuilderLiveTest)
;[TestNG] Test testTemplateBuilderWithImageIdSpecified(org.jclouds.trmk.ecloud.compute.TerremarkECloudTemplateBuilderLiveTest) failed.
Test suite progress: tests succeeded: 99, failed: 6, skipped: 7.
Starting test testTemplateBuilderWithLoginUserSpecified(org.jclouds.trmk.ecloud.compute.TerremarkECloudTemplateBuilderLiveTest)
;;[TestNG] Test testTemplateBuilderWithLoginUserSpecified(org.jclouds.trmk.ecloud.compute.TerremarkECloudTemplateBuilderLiveTest) succeeded: 8030ms
Test suite progress: tests succeeded: 100, failed: 6, skipped: 7.
Starting test testDefaultTemplateBuilder(org.jclouds.trmk.ecloud.compute.TerremarkECloudTemplateBuilderLiveTest)
[TestNG] Test testDefaultTemplateBuilder(org.jclouds.trmk.ecloud.compute.TerremarkECloudTemplateBuilderLiveTest) succeeded: 3ms
Test suite progress: tests succeeded: 101, failed: 6, skipped: 7.
Starting test testListDataCentersInOrg(org.jclouds.trmk.ecloud.features.DataCenterOperationsClientLiveTest)
[TestNG] Test testListDataCentersInOrg(org.jclouds.trmk.ecloud.features.DataCenterOperationsClientLiveTest) succeeded: 2426ms
Test suite progress: tests succeeded: 102, failed: 6, skipped: 7.
Starting test testListTagsInOrg(org.jclouds.trmk.ecloud.features.TagOperationsClientLiveTest)
[TestNG] Test testListTagsInOrg(org.jclouds.trmk.ecloud.features.TagOperationsClientLiveTest) succeeded: 2414ms
Test suite progress: tests succeeded: 103, failed: 6, skipped: 7.
Starting test testCatalog(org.jclouds.trmk.ecloud.TerremarkECloudClientLiveTest)
[TestNG] Test testCatalog(org.jclouds.trmk.ecloud.TerremarkECloudClientLiveTest) succeeded: 1714ms
Test suite progress: tests succeeded: 104, failed: 6, skipped: 7.
Starting test testCreateInternetServiceMonitorDisabled(org.jclouds.trmk.ecloud.TerremarkECloudClientLiveTest)
[TestNG] Test testCreateInternetServiceMonitorDisabled(org.jclouds.trmk.ecloud.TerremarkECloudClientLiveTest) succeeded: 6122ms
Test suite progress: tests succeeded: 105, failed: 6, skipped: 7.
Starting test testDefaultTasksList(org.jclouds.trmk.ecloud.TerremarkECloudClientLiveTest)
[TestNG] Test testDefaultTasksList(org.jclouds.trmk.ecloud.TerremarkECloudClientLiveTest) succeeded: 1216ms
Test suite progress: tests succeeded: 106, failed: 6, skipped: 7.
Starting test testDefaultVDC(org.jclouds.trmk.ecloud.TerremarkECloudClientLiveTest)
[TestNG] Test testDefaultVDC(org.jclouds.trmk.ecloud.TerremarkECloudClientLiveTest) succeeded: 1566ms
Test suite progress: tests succeeded: 107, failed: 6, skipped: 7.
Starting test testFindCatalogItem(org.jclouds.trmk.ecloud.TerremarkECloudClientLiveTest)
[TestNG] Test testFindCatalogItem(org.jclouds.trmk.ecloud.TerremarkECloudClientLiveTest) succeeded: 32837ms
Test suite progress: tests succeeded: 108, failed: 6, skipped: 7.
Starting test testFindVAppTemplate(org.jclouds.trmk.ecloud.TerremarkECloudClientLiveTest)
[TestNG] Test testFindVAppTemplate(org.jclouds.trmk.ecloud.TerremarkECloudClientLiveTest) succeeded: 84863ms
Test suite progress: tests succeeded: 109, failed: 6, skipped: 7.
Starting test testGetAllInternetServices(org.jclouds.trmk.ecloud.TerremarkECloudClientLiveTest)
[TestNG] Test testGetAllInternetServices(org.jclouds.trmk.ecloud.TerremarkECloudClientLiveTest) succeeded: 1213ms
Test suite progress: tests succeeded: 110, failed: 6, skipped: 7.
Starting test testGetCatalogItem(org.jclouds.trmk.ecloud.TerremarkECloudClientLiveTest)
[TestNG] Test testGetCatalogItem(org.jclouds.trmk.ecloud.TerremarkECloudClientLiveTest) succeeded: 14891ms
Test suite progress: tests succeeded: 111, failed: 6, skipped: 7.
Starting test testGetConfigCustomizationOptions(org.jclouds.trmk.ecloud.TerremarkECloudClientLiveTest)
[TestNG] Test testGetConfigCustomizationOptions(org.jclouds.trmk.ecloud.TerremarkECloudClientLiveTest) succeeded: 47230ms
Test suite progress: tests succeeded: 112, failed: 6, skipped: 7.
Starting test testGetPublicIpsAssociatedWithVDC(org.jclouds.trmk.ecloud.TerremarkECloudClientLiveTest)
[TestNG] Test testGetPublicIpsAssociatedWithVDC(org.jclouds.trmk.ecloud.TerremarkECloudClientLiveTest) succeeded: 4997ms
Test suite progress: tests succeeded: 113, failed: 6, skipped: 7.
Starting test testGetTask(org.jclouds.trmk.ecloud.TerremarkECloudClientLiveTest)
[TestNG] Test testGetTask(org.jclouds.trmk.ecloud.TerremarkECloudClientLiveTest) succeeded: 1183ms
Test suite progress: tests succeeded: 114, failed: 6, skipped: 7.
Starting test testGetVApp(org.jclouds.trmk.ecloud.TerremarkECloudClientLiveTest)
[TestNG] Test testGetVApp(org.jclouds.trmk.ecloud.TerremarkECloudClientLiveTest) succeeded: 1463ms
Test suite progress: tests succeeded: 115, failed: 6, skipped: 7.
Starting test testGetVAppTemplate(org.jclouds.trmk.ecloud.TerremarkECloudClientLiveTest)
[TestNG] Test testGetVAppTemplate(org.jclouds.trmk.ecloud.TerremarkECloudClientLiveTest) succeeded: 29239ms
Test suite progress: tests succeeded: 116, failed: 6, skipped: 7.
Starting test testGetVDCNetwork(org.jclouds.trmk.ecloud.TerremarkECloudClientLiveTest)
[TestNG] Test testGetVDCNetwork(org.jclouds.trmk.ecloud.TerremarkECloudClientLiveTest) succeeded: 4155ms
Test suite progress: tests succeeded: 117, failed: 6, skipped: 7.
Starting test testInstantiateAndPowerOn(org.jclouds.trmk.ecloud.TerremarkECloudClientLiveTest)
[TestNG] Test testInstantiateAndPowerOn(org.jclouds.trmk.ecloud.TerremarkECloudClientLiveTest) failed.
Test suite progress: tests succeeded: 117, failed: 7, skipped: 7.
Starting test testKeysList(org.jclouds.trmk.ecloud.TerremarkECloudClientLiveTest)
[TestNG] Test testKeysList(org.jclouds.trmk.ecloud.TerremarkECloudClientLiveTest) succeeded: 736ms
Test suite progress: tests succeeded: 118, failed: 7, skipped: 7.
Starting test testOrg(org.jclouds.trmk.ecloud.TerremarkECloudClientLiveTest)
[TestNG] Test testOrg(org.jclouds.trmk.ecloud.TerremarkECloudClientLiveTest) succeeded: 755ms
Test suite progress: tests succeeded: 119, failed: 7, skipped: 7.
Starting test testPropertiesCanOverrideDefaultCatalog(org.jclouds.trmk.ecloud.TerremarkECloudClientLiveTest)
[TestNG] Test testPropertiesCanOverrideDefaultCatalog(org.jclouds.trmk.ecloud.TerremarkECloudClientLiveTest) succeeded: 2841ms
Test suite progress: tests succeeded: 120, failed: 7, skipped: 7.
Starting test testPropertiesCanOverrideDefaultNetwork(org.jclouds.trmk.ecloud.TerremarkECloudClientLiveTest)
[TestNG] Test testPropertiesCanOverrideDefaultNetwork(org.jclouds.trmk.ecloud.TerremarkECloudClientLiveTest) succeeded: 6683ms
Test suite progress: tests succeeded: 121, failed: 7, skipped: 7.
Starting test testPropertiesCanOverrideDefaultOrg(org.jclouds.trmk.ecloud.TerremarkECloudClientLiveTest)
[TestNG] Test testPropertiesCanOverrideDefaultOrg(org.jclouds.trmk.ecloud.TerremarkECloudClientLiveTest) succeeded: 1811ms
Test suite progress: tests succeeded: 122, failed: 7, skipped: 7.
Starting test testPropertiesCanOverrideDefaultTasksList(org.jclouds.trmk.ecloud.TerremarkECloudClientLiveTest)
[TestNG] Test testPropertiesCanOverrideDefaultTasksList(org.jclouds.trmk.ecloud.TerremarkECloudClientLiveTest) succeeded: 2545ms
Test suite progress: tests succeeded: 123, failed: 7, skipped: 7.
Starting test testPropertiesCanOverrideDefaultVDC(org.jclouds.trmk.ecloud.TerremarkECloudClientLiveTest)
[TestNG] Test testPropertiesCanOverrideDefaultVDC(org.jclouds.trmk.ecloud.TerremarkECloudClientLiveTest) succeeded: 2860ms
Test suite progress: tests succeeded: 124, failed: 7, skipped: 7.
[TestNG] Test testAddInternetService(org.jclouds.trmk.ecloud.TerremarkECloudClientLiveTest) skipped.
Test suite progress: tests succeeded: 124, failed: 7, skipped: 8.
[TestNG] Test testCloneVApp(org.jclouds.trmk.ecloud.TerremarkECloudClientLiveTest) skipped.
Test suite progress: tests succeeded: 124, failed: 7, skipped: 9.
[TestNG] Test testPublicIp(org.jclouds.trmk.ecloud.TerremarkECloudClientLiveTest) skipped.
Test suite progress: tests succeeded: 124, failed: 7, skipped: 10.
[TestNG] Test testConfigureNode(org.jclouds.trmk.ecloud.TerremarkECloudClientLiveTest) skipped.
Test suite progress: tests succeeded: 124, failed: 7, skipped: 11.
[TestNG] Test testLifeCycle(org.jclouds.trmk.ecloud.TerremarkECloudClientLiveTest) skipped.
Test suite progress: tests succeeded: 124, failed: 7, skipped: 12.
[TestNG] Test testConfigure(org.jclouds.trmk.ecloud.TerremarkECloudClientLiveTest) skipped.
Test suite progress: tests succeeded: 124, failed: 7, skipped: 13.
Tests run: 144, Failures: 7, Errors: 0, Skipped: 13, Time elapsed: 2,244.382 sec <<< FAILURE!

Results :

Failed tests:   testImageById(org.jclouds.trmk.ecloud.compute.TerremarkECloudComputeServiceLiveTest): parent
  testOptionToNotBlock(org.jclouds.trmk.ecloud.compute.TerremarkECloudComputeServiceLiveTest): error destroyNodesMatching(inGroup(te-block)): {{id=https://services.enterprisecloud.terremark.com/api/v0.8b-ext2.8/vapp/10024754, providerId=https://services.enterprisecloud.terremark.com/api/v0.8b-ext2.8/vapp/10024754, uri=https://services.enterprisecloud.terremark.com/api/v0.8b-ext2.8/vapp/10024754, name=te-block-2051, uri=https://services.enterprisecloud.terremark.com/api/v0.8b-ext2.8/vapp/10024754, location={scope=ZONE, id=https://services.enterprisecloud.terremark.com/api/v0.8b-ext2.8/vdc/691, description=jclouds.org, parent=https://services.enterprisecloud.terremark.com/api/v0.8b-ext2.8/org/1907529}, group=te-block, status=PENDING, loginPort=22, hostname=te-block-2051, loginUser=ecloud}=java.util.concurrent.ExecutionException: org.jclouds.http.HttpResponseException: command: POST https://services.enterprisecloud.terremark.com/api/v0.8b-ext2.8/vapp/10024754/power/action/powerOff HTTP/1.1 failed with response: HTTP/1.1 500 Internal Server Error; content: [<html version="-//W3C//DTD XHTML 2.0//EN" xml:lang="en" xsi:schemaLocation="http://www.w3.org/1999/xhtml http://www.w3.org/MarkUp/SCHEMA/xhtml2.xsd" xmlns="http://www.w3.org/1999/xhtml" xmlns:xsi="http://www.w3.org/2001/XMLSchema-instance"><HEAD><TITLE>Request Error</TITLE></HEAD><BODY><DIV id="content"><P class="heading1"><B>Error Status Code:</B> 'InternalServerError'</P><P><B>Details: </B>Cannot power off te-block-2051 because it is already powered off.</P><!-- Padding xxxxxxxxxxxxxxxxxxxxxxxxxxxxxxxxxxxxxxxxxxxxxxxxxxxxxxxxxxxxxxxxxxxxxxxxxxxxxxxxxxxxxxxxxxxxxxxxxxxxxxxxxxxxxxxxxxxxxxxxxxxxxxxxxxxxxxxxxxxxxxxxxxxxxxxxxxxxxxxxxxxxxxxxxxxxxxxxxxxxxxxxxxxxxxxxxxxxxxxxxxxxxxxxxxxxxxxxxxxxxxxxxxxxxxxxxxxxxxxxxxxxxxxxxxxxxxxxxxxxxxxxxxxxxxxxxxxxxxxxxxxxxxxxxxxxxxxxxxxxxxxxxxxxxxxxxxxxxxxxxxxxxxxxxxxxxxxxxxxxxxxxxxxxxxxxxxxxxxxxxxxxxxxxxxxxxxxxxxxxxxxxxxxxxxxxxxxxxxxxxxxxxxxxxxxxxxxxxxxxxxxxxxxxxxxxxxxxxxxxxxxxxxxxxxxxxxxxxxxxxxxxxxxxxxxxxxxxxxxxxxxxxxxxxxxxxxxxxxxxxxxxxxxxxxxx--></DIV></BODY></html>]}
  testCreateAndRunAService(org.jclouds.trmk.ecloud.compute.TerremarkECloudComputeServiceLiveTest): error running 1 node group(tes) location(https://services.enterprisecloud.terremark.com/api/v0.8b-ext2.8/vdc/691) image(https://services.enterprisecloud.terremark.com/api/v0.8b-ext2.8/vappTemplate/351) size(cpu=1,ram=512,disk=10) options(TerremarkVCloudTemplateOptions [keyPair=9e:f3:60:fa:63:48:8d:fb:48:cb:3b:4c:24:06:b0:a2, noKeyPair=false, inboundPorts=[22, 8080], privateKey=false, publicKey=false, runScript=false, port:seconds=22:300, userMetadata: {name=tes}])(..)
  testAScriptExecutionAfterBootWithBasicTemplate(org.jclouds.trmk.ecloud.compute.TerremarkECloudComputeServiceLiveTest): error running 1 node group(ter) location(https://services.enterprisecloud.terremark.com/api/v0.8b-ext2.8/vdc/691) image(https://services.enterprisecloud.terremark.com/api/v0.8b-ext2.8/vappTemplate/351) size(cpu=1,ram=512,disk=10) options(TerremarkVCloudTemplateOptions [keyPair=20:38:65:b1:25:1c:01:f6:a5:3a:d3:79:26:59:5c:73, noKeyPair=false, inboundPorts=[22], privateKey=false, publicKey=false, runScript=false, port:seconds=22:120, userMetadata: {}])(..)
  testConcurrentUseOfComputeServiceToCreateNodes(org.jclouds.trmk.ecloud.compute.TerremarkECloudComputeServiceLiveTest): org.jclouds.compute.RunNodesException: error running 1 node group(twin1) location(https://services.enterprisecloud.terremark.com/api/v0.8b-ext2.8/vdc/691) image(https://services.enterprisecloud.terremark.com/api/v0.8b-ext2.8/vappTemplate/351) size(cpu=1,ram=512,disk=10) options(TerremarkVCloudTemplateOptions [keyPair=25:c2:6a:94:59:85:61:08:ed:9a:02:4a:76:3a:4d:04, noKeyPair=false, inboundPorts=[22, 8080], privateKey=false, publicKey=false, runScript=false, port:seconds=22:301, userMetadata: {}])(..)
  testTemplateBuilderWithImageIdSpecified(org.jclouds.trmk.ecloud.compute.TerremarkECloudTemplateBuilderLiveTest): expected:<{image={id=https://services.enterprisecloud.terremark.com/api/v0.8b-ext2.8/vappTemplate/351, providerId=https://services.enterprisecloud.terremark.com/api/v0.8b-ext2.8/vappTemplate/351, uri=https://services.enterprisecloud.terremark.com/api/v0.8b-ext2.8/vappTemplate/351, name=Ubuntu Server 10.04 x64, uri=https://services.enterprisecloud.terremark.com/api/v0.8b-ext2.8/vappTemplate/351, location={scope=REGION, id=https://services.enterprisecloud.terremark.com/api/v0.8b-ext2.8/org/1907529, description=Opscode, Inc., parent=trmk-ecloud}, os={family=ubuntu, version=10.04, description=Ubuntu Server 10.04 x64, is64Bit=true}, description=username: ecloud(..)
  testInstantiateAndPowerOn(org.jclouds.trmk.ecloud.TerremarkECloudClientLiveTest): command: POST https://services.enterprisecloud.terremark.com/api/v0.8b-ext2.8/task/10082905/action/cancel HTTP/1.1 failed with response: HTTP/1.1 501 Not Implemented; content: [<html version="-//W3C//DTD XHTML 2.0//EN" xml:lang="en" xsi:schemaLocation="http://www.w3.org/1999/xhtml http://www.w3.org/MarkUp/SCHEMA/xhtml2.xsd" xmlns="http://www.w3.org/1999/xhtml" xmlns:xsi="http://www.w3.org/2001/XMLSchema-instance"><HEAD><TITLE>Request Error</TITLE></HEAD><BODY><DIV id="content"><P class="heading1"><B>Error Status Code:</B> 'NotImplemented'</P><P><B>Details: </B>NotImplemented</P><!-- Padding xxxxxxxxxxxxxxxxxxxxxxxxxxxxxxxxxxxxxxxxxxxxxxxxxxxxxxxxxxxxxxxxxxxxxxxxxxxxxxxxxxxxxxxxxxxxxxxxxxxxxxxxxxxxxxxxxxxxxxxxxxxxxxxxxxxxxxxxxxxxxxxxxxxxxxxxxxxxxxxxxxxxxxxxxxxxxxxxxxxxxxxxxxxxxxxxxxxxxxxxxxxxxxxxxxxxxxxxxxxxxxxxxxxxxxxxxxxxxxxxxxxxxxxxxxxxxxxxxxxxxxxxxxxxxxxxxxxxxxxxxxxxxxxxxxxxxxxxxxxxxxxxxxxxxxxxxxxxxxxxxxxxxxxxxxxxxxxxxxxxxxxxxxxxxxxxxxxxxxxxxxxxxxxxxxxxxxxxxxxxxxxxxxxxxxxxxxxxxxxxxxxxxxxxxxxxxxxxxxxxxxxxxxxxxxxxxxxxxxxxxxxxxxxxxxxxxxxxxxxxxxxxxxxxxxxxxxxxxxxxxxxxxxxxxxxxxxxxxxxxxxxxxxxxxxxx--></DIV></BODY></html>]

Tests run: 144, Failures: 7, Errors: 0, Skipped: 13

[INFO] ------------------------------------------------------------------------
[INFO] BUILD FAILURE
[INFO] ------------------------------------------------------------------------
[INFO] Total time: 37:52.183s
[INFO] Finished at: Mon Sep 17 01:45:31 PDT 2012
[INFO] Final Memory: 19M/265M
[INFO] ------------------------------------------------------------------------
[ERROR] Failed to execute goal org.apache.maven.plugins:maven-surefire-plugin:2.12:test (integration) on project trmk-ecloud: There are test failures.
[ERROR] 
[ERROR] Please refer to /Users/adriancole/workspace/git/jclouds/providers/trmk-ecloud/target/surefire-reports for the individual test results.
[ERROR] -> [Help 1]
[ERROR] 
[ERROR] To see the full stack trace of the errors, re-run Maven with the -e switch.
[ERROR] Re-run Maven using the -X switch to enable full debug logging.
[ERROR] 
[ERROR] For more information about the errors and possible solutions, please read the following articles:
[ERROR] [Help 1] http://cwiki.apache.org/confluence/display/MAVEN/MojoFailureException
