[INFO] Scanning for projects...
[WARNING] 
[WARNING] Some problems were encountered while building the effective model for org.jclouds.provider:aws-ec2:bundle:1.6.0-SNAPSHOT
[WARNING] 'parent.relativePath' of POM org.jclouds:jclouds-project:1.6.0-SNAPSHOT (/Users/adriancole/workspace/git/1.6.x/jclouds/project/pom.xml) points at org.jclouds:jclouds-multi instead of org.sonatype.oss:oss-parent, please verify your project structure @ org.jclouds:jclouds-project:1.6.0-SNAPSHOT, /Users/adriancole/workspace/git/1.6.x/jclouds/project/pom.xml, line 24, column 13
[WARNING] 
[WARNING] It is highly recommended to fix these problems because they threaten the stability of your build.
[WARNING] 
[WARNING] For this reason, future Maven versions might no longer support building such malformed projects.
[WARNING] 
[INFO]                                                                         
[INFO] ------------------------------------------------------------------------
[INFO] Building jclouds Amazon EC2 provider 1.6.0-SNAPSHOT
[INFO] ------------------------------------------------------------------------
[INFO] 
[INFO] --- maven-clean-plugin:2.4.1:clean (default-clean) @ aws-ec2 ---
[INFO] 
[INFO] --- maven-enforcer-plugin:1.1.1:enforce (enforce-maven) @ aws-ec2 ---
[INFO] 
[INFO] --- maven-enforcer-plugin:1.1.1:enforce (enforce-banned-dependencies) @ aws-ec2 ---
[INFO] 
[INFO] --- maven-enforcer-plugin:1.1.1:enforce (enforce-java) @ aws-ec2 ---
[INFO] 
[INFO] --- maven-remote-resources-plugin:1.4:process (process-remote-resources) @ aws-ec2 ---
[INFO] 
[INFO] --- maven-resources-plugin:2.6:resources (default-resources) @ aws-ec2 ---
[INFO] Using 'UTF-8' encoding to copy filtered resources.
[INFO] Copying 1 resource
[INFO] Copying 1 resource
[INFO] Copying 2 resources
[INFO] 
[INFO] --- maven-compiler-plugin:2.5.1:compile (default-compile) @ aws-ec2 ---
[INFO] Compiling 78 source files to /Users/adriancole/workspace/git/1.6.x/jclouds/providers/aws-ec2/target/classes
[INFO] 
[INFO] --- maven-resources-plugin:2.6:testResources (default-testResources) @ aws-ec2 ---
[INFO] Using 'UTF-8' encoding to copy filtered resources.
[INFO] Copying 1 resource
[INFO] Copying 23 resources
[INFO] Copying 2 resources
[INFO] 
[INFO] --- maven-compiler-plugin:2.5.1:testCompile (default-testCompile) @ aws-ec2 ---
[INFO] Compiling 52 source files to /Users/adriancole/workspace/git/1.6.x/jclouds/providers/aws-ec2/target/test-classes
[INFO] 
[INFO] --- maven-surefire-plugin:2.12.4:test (default-test) @ aws-ec2 ---
[INFO] Surefire report directory: /Users/adriancole/workspace/git/1.6.x/jclouds/providers/aws-ec2/target/surefire-reports

-------------------------------------------------------
 T E S T S
-------------------------------------------------------
Running TestSuite
Configuring TestNG with: org.apache.maven.surefire.testng.conf.TestNG652Configurator@60765a16
Starting test testAsync(org.jclouds.aws.ec2.AWSEC2AsyncClientTest)
Starting test testSync(org.jclouds.aws.ec2.AWSEC2AsyncClientTest)
[pool-1-thread-2] Test testSync(org.jclouds.aws.ec2.AWSEC2AsyncClientTest) succeeded: 14ms
Test suite progress: tests succeeded: 1, failed: 0, skipped: 0.
[pool-1-thread-1] Test testAsync(org.jclouds.aws.ec2.AWSEC2AsyncClientTest) succeeded: 27ms
Test suite progress: tests succeeded: 2, failed: 0, skipped: 0.
Starting test testBlankAmiOwnersRemovesAmiQuery(org.jclouds.aws.ec2.AWSEC2ContextBuilderTest)
Starting test testConvertImageSyntax(org.jclouds.aws.ec2.AWSEC2ContextBuilderTest)
Starting test testConvertImageSyntaxWhenStar(org.jclouds.aws.ec2.AWSEC2ContextBuilderTest)
[pool-2-thread-3] Test testConvertImageSyntaxWhenStar(org.jclouds.aws.ec2.AWSEC2ContextBuilderTest) succeeded: 989ms
Test suite progress: tests succeeded: 3, failed: 0, skipped: 0.
[pool-2-thread-2] Test testConvertImageSyntax(org.jclouds.aws.ec2.AWSEC2ContextBuilderTest) succeeded: 1024ms
Test suite progress: tests succeeded: 4, failed: 0, skipped: 0.
[pool-2-thread-1] Test testBlankAmiOwnersRemovesAmiQuery(org.jclouds.aws.ec2.AWSEC2ContextBuilderTest) succeeded: 1039ms
Test suite progress: tests succeeded: 5, failed: 0, skipped: 0.
Starting test testAllContains(org.jclouds.aws.ec2.AWSEC2ProviderTest)
Starting test testOfApiContains(org.jclouds.aws.ec2.AWSEC2ProviderTest)
Starting test testWithId(org.jclouds.aws.ec2.AWSEC2ProviderTest)
Starting test testTransformableToContains(org.jclouds.aws.ec2.AWSEC2ProviderTest)
[pool-9-thread-1] Test testAllContains(org.jclouds.aws.ec2.AWSEC2ProviderTest) succeeded: 125ms
Test suite progress: tests succeeded: 6, failed: 0, skipped: 0.
[pool-9-thread-3] Test testTransformableToContains(org.jclouds.aws.ec2.AWSEC2ProviderTest) succeeded: 145ms
Test suite progress: tests succeeded: 7, failed: 0, skipped: 0.
[pool-9-thread-2] Test testOfApiContains(org.jclouds.aws.ec2.AWSEC2ProviderTest) succeeded: 162ms
Test suite progress: tests succeeded: 8, failed: 0, skipped: 0.
[pool-9-thread-4] Test testWithId(org.jclouds.aws.ec2.AWSEC2ProviderTest) succeeded: 153ms
Test suite progress: tests succeeded: 9, failed: 0, skipped: 0.
Starting test testAssignability(org.jclouds.aws.ec2.options.AWSDescribeImagesOptionsTest)
[pool-10-thread-1] Test testAssignability(org.jclouds.aws.ec2.options.AWSDescribeImagesOptionsTest) succeeded: 6ms
Test suite progress: tests succeeded: 10, failed: 0, skipped: 0.
Starting test testExecutableBy(org.jclouds.aws.ec2.options.AWSDescribeImagesOptionsTest)
Starting test testExecutableByStatic(org.jclouds.aws.ec2.options.AWSDescribeImagesOptionsTest)
Starting test testExecutableByNPE(org.jclouds.aws.ec2.options.AWSDescribeImagesOptionsTest)
Starting test testImageIds(org.jclouds.aws.ec2.options.AWSDescribeImagesOptionsTest)
[pool-10-thread-2] Test testExecutableBy(org.jclouds.aws.ec2.options.AWSDescribeImagesOptionsTest) succeeded: 5ms
Test suite progress: tests succeeded: 11, failed: 0, skipped: 0.
Starting test testImageIdsStatic(org.jclouds.aws.ec2.options.AWSDescribeImagesOptionsTest)
Starting test testMapFilters(org.jclouds.aws.ec2.options.AWSDescribeImagesOptionsTest)
[pool-10-thread-4] Test testExecutableByStatic(org.jclouds.aws.ec2.options.AWSDescribeImagesOptionsTest) succeeded: 31ms
Test suite progress: tests succeeded: 12, failed: 0, skipped: 0.
Starting test testMapFiltersStatic(org.jclouds.aws.ec2.options.AWSDescribeImagesOptionsTest)
[pool-10-thread-5] Test testImageIds(org.jclouds.aws.ec2.options.AWSDescribeImagesOptionsTest) succeeded: 32ms
Test suite progress: tests succeeded: 13, failed: 0, skipped: 0.
Starting test testMultimapFilters(org.jclouds.aws.ec2.options.AWSDescribeImagesOptionsTest)
[pool-10-thread-2] Test testImageIdsStatic(org.jclouds.aws.ec2.options.AWSDescribeImagesOptionsTest) succeeded: 29ms
Test suite progress: tests succeeded: 14, failed: 0, skipped: 0.
Starting test testMultimapFiltersStatic(org.jclouds.aws.ec2.options.AWSDescribeImagesOptionsTest)
[pool-10-thread-2] Test testMultimapFiltersStatic(org.jclouds.aws.ec2.options.AWSDescribeImagesOptionsTest) succeeded: 0ms
Test suite progress: tests succeeded: 15, failed: 0, skipped: 0.
[pool-10-thread-1] Test testMapFilters(org.jclouds.aws.ec2.options.AWSDescribeImagesOptionsTest) succeeded: 30ms
Test suite progress: tests succeeded: 16, failed: 0, skipped: 0.
[pool-10-thread-4] Test testMapFiltersStatic(org.jclouds.aws.ec2.options.AWSDescribeImagesOptionsTest) succeeded: 5ms
Test suite progress: tests succeeded: 17, failed: 0, skipped: 0.
[pool-10-thread-3] Test testExecutableByNPE(org.jclouds.aws.ec2.options.AWSDescribeImagesOptionsTest) succeeded: 38ms
Test suite progress: tests succeeded: 18, failed: 0, skipped: 0.
Starting test testNullImageIds(org.jclouds.aws.ec2.options.AWSDescribeImagesOptionsTest)
[pool-10-thread-3] Test testNullImageIds(org.jclouds.aws.ec2.options.AWSDescribeImagesOptionsTest) succeeded: 0ms
Test suite progress: tests succeeded: 19, failed: 0, skipped: 0.
[pool-10-thread-5] Test testMultimapFilters(org.jclouds.aws.ec2.options.AWSDescribeImagesOptionsTest) succeeded: 4ms
Test suite progress: tests succeeded: 20, failed: 0, skipped: 0.
Starting test testNullOwners(org.jclouds.aws.ec2.options.AWSDescribeImagesOptionsTest)
[pool-10-thread-3] Test testNullOwners(org.jclouds.aws.ec2.options.AWSDescribeImagesOptionsTest) succeeded: 0ms
Test suite progress: tests succeeded: 21, failed: 0, skipped: 0.
Starting test testNullExecutableBy(org.jclouds.aws.ec2.options.AWSDescribeImagesOptionsTest)
[pool-10-thread-4] Test testNullExecutableBy(org.jclouds.aws.ec2.options.AWSDescribeImagesOptionsTest) succeeded: 0ms
Test suite progress: tests succeeded: 22, failed: 0, skipped: 0.
Starting test testCacheLoaderDoesNotReloadAfterAuthorizationException(org.jclouds.aws.ec2.compute.config.AWSEC2ComputeServiceContextModuleTest)
Starting test testMultipleOwners(org.jclouds.aws.ec2.options.AWSDescribeImagesOptionsTest)
[pool-10-thread-1] Test testMultipleOwners(org.jclouds.aws.ec2.options.AWSDescribeImagesOptionsTest) succeeded: 0ms
Test suite progress: tests succeeded: 23, failed: 0, skipped: 0.
Starting test testMultipleImageIds(org.jclouds.aws.ec2.options.AWSDescribeImagesOptionsTest)
[pool-10-thread-2] Test testMultipleImageIds(org.jclouds.aws.ec2.options.AWSDescribeImagesOptionsTest) succeeded: 1ms
Test suite progress: tests succeeded: 24, failed: 0, skipped: 0.
Starting test testOwnersStatic(org.jclouds.aws.ec2.options.AWSDescribeImagesOptionsTest)
[pool-10-thread-3] Test testOwnersStatic(org.jclouds.aws.ec2.options.AWSDescribeImagesOptionsTest) succeeded: 1ms
Test suite progress: tests succeeded: 25, failed: 0, skipped: 0.
Starting test testDefaultGroupIdsVarArgsEmpty(org.jclouds.aws.ec2.compute.options.AWSEC2TemplateOptionsTest)
Starting test testOwners(org.jclouds.aws.ec2.options.AWSDescribeImagesOptionsTest)
[pool-10-thread-5] Test testOwners(org.jclouds.aws.ec2.options.AWSDescribeImagesOptionsTest) succeeded: 0ms
Test suite progress: tests succeeded: 26, failed: 0, skipped: 0.
Starting test testDefaultGroupsVarArgsEmpty(org.jclouds.aws.ec2.compute.options.AWSEC2TemplateOptionsTest)
[pool-10-thread-3] Test testDefaultGroupIdsVarArgsEmpty(org.jclouds.aws.ec2.compute.options.AWSEC2TemplateOptionsTest) succeeded: 30ms
Test suite progress: tests succeeded: 27, failed: 0, skipped: 0.
Starting test testDefaultOpen22(org.jclouds.aws.ec2.compute.options.AWSEC2TemplateOptionsTest)
[pool-10-thread-3] Test testDefaultOpen22(org.jclouds.aws.ec2.compute.options.AWSEC2TemplateOptionsTest) succeeded: 1ms
Test suite progress: tests succeeded: 28, failed: 0, skipped: 0.
Starting test testEnableMonitoringStatic(org.jclouds.aws.ec2.compute.options.AWSEC2TemplateOptionsTest)
[pool-10-thread-5] Test testDefaultGroupsVarArgsEmpty(org.jclouds.aws.ec2.compute.options.AWSEC2TemplateOptionsTest) succeeded: 32ms
Test suite progress: tests succeeded: 29, failed: 0, skipped: 0.
Starting test testFalsenoKeyPair(org.jclouds.aws.ec2.compute.options.AWSEC2TemplateOptionsTest)
[pool-10-thread-5] Test testFalsenoKeyPair(org.jclouds.aws.ec2.compute.options.AWSEC2TemplateOptionsTest) succeeded: 2ms
Test suite progress: tests succeeded: 30, failed: 0, skipped: 0.
Starting test testIAMInstanceProfileArn(org.jclouds.aws.ec2.compute.options.AWSEC2TemplateOptionsTest)
[pool-10-thread-5] Test testIAMInstanceProfileArn(org.jclouds.aws.ec2.compute.options.AWSEC2TemplateOptionsTest) succeeded: 0ms
Test suite progress: tests succeeded: 31, failed: 0, skipped: 0.
Starting test testIAMInstanceProfileArnNPE(org.jclouds.aws.ec2.compute.options.AWSEC2TemplateOptionsTest)
[pool-10-thread-3] Test testEnableMonitoringStatic(org.jclouds.aws.ec2.compute.options.AWSEC2TemplateOptionsTest) succeeded: 10ms
Test suite progress: tests succeeded: 32, failed: 0, skipped: 0.
Starting test testIAMInstanceProfileArnStatic(org.jclouds.aws.ec2.compute.options.AWSEC2TemplateOptionsTest)
[pool-10-thread-3] Test testIAMInstanceProfileArnStatic(org.jclouds.aws.ec2.compute.options.AWSEC2TemplateOptionsTest) succeeded: 0ms
Test suite progress: tests succeeded: 33, failed: 0, skipped: 0.
Starting test testIAMInstanceProfileName(org.jclouds.aws.ec2.compute.options.AWSEC2TemplateOptionsTest)
[pool-10-thread-3] Test testIAMInstanceProfileName(org.jclouds.aws.ec2.compute.options.AWSEC2TemplateOptionsTest) succeeded: 0ms
Test suite progress: tests succeeded: 34, failed: 0, skipped: 0.
Starting test testIAMInstanceProfileNameNPE(org.jclouds.aws.ec2.compute.options.AWSEC2TemplateOptionsTest)
[pool-10-thread-3] Test testIAMInstanceProfileNameNPE(org.jclouds.aws.ec2.compute.options.AWSEC2TemplateOptionsTest) succeeded: 0ms
Test suite progress: tests succeeded: 35, failed: 0, skipped: 0.
Starting test testIAMInstanceProfileNameStatic(org.jclouds.aws.ec2.compute.options.AWSEC2TemplateOptionsTest)
[pool-10-thread-3] Test testIAMInstanceProfileNameStatic(org.jclouds.aws.ec2.compute.options.AWSEC2TemplateOptionsTest) succeeded: 0ms
Test suite progress: tests succeeded: 36, failed: 0, skipped: 0.
Starting test testMonitoringEnabled(org.jclouds.aws.ec2.compute.options.AWSEC2TemplateOptionsTest)
[pool-10-thread-3] Test testMonitoringEnabled(org.jclouds.aws.ec2.compute.options.AWSEC2TemplateOptionsTest) succeeded: 1ms
Test suite progress: tests succeeded: 37, failed: 0, skipped: 0.
Starting test testMonitoringEnabledDefault(org.jclouds.aws.ec2.compute.options.AWSEC2TemplateOptionsTest)
[pool-10-thread-3] Test testMonitoringEnabledDefault(org.jclouds.aws.ec2.compute.options.AWSEC2TemplateOptionsTest) succeeded: 0ms
Test suite progress: tests succeeded: 38, failed: 0, skipped: 0.
Starting test testNoKeyPairAndKeyPair(org.jclouds.aws.ec2.compute.options.AWSEC2TemplateOptionsTest)
[pool-10-thread-3] Test testNoKeyPairAndKeyPair(org.jclouds.aws.ec2.compute.options.AWSEC2TemplateOptionsTest) succeeded: 0ms
Test suite progress: tests succeeded: 39, failed: 0, skipped: 0.
Starting test testNullIAMInstanceProfileArn(org.jclouds.aws.ec2.compute.options.AWSEC2TemplateOptionsTest)
[pool-10-thread-3] Test testNullIAMInstanceProfileArn(org.jclouds.aws.ec2.compute.options.AWSEC2TemplateOptionsTest) succeeded: 1ms
Test suite progress: tests succeeded: 40, failed: 0, skipped: 0.
Starting test testNullIAMInstanceProfileName(org.jclouds.aws.ec2.compute.options.AWSEC2TemplateOptionsTest)
[pool-10-thread-3] Test testNullIAMInstanceProfileName(org.jclouds.aws.ec2.compute.options.AWSEC2TemplateOptionsTest) succeeded: 0ms
Test suite progress: tests succeeded: 41, failed: 0, skipped: 0.
Starting test testNullauthorizePublicKey(org.jclouds.aws.ec2.compute.options.AWSEC2TemplateOptionsTest)
[pool-10-thread-3] Test testNullauthorizePublicKey(org.jclouds.aws.ec2.compute.options.AWSEC2TemplateOptionsTest) succeeded: 0ms
Test suite progress: tests succeeded: 42, failed: 0, skipped: 0.
Starting test testNullblockOnPort(org.jclouds.aws.ec2.compute.options.AWSEC2TemplateOptionsTest)
[pool-10-thread-3] Test testNullblockOnPort(org.jclouds.aws.ec2.compute.options.AWSEC2TemplateOptionsTest) succeeded: 10ms
Test suite progress: tests succeeded: 43, failed: 0, skipped: 0.
Starting test testOldWindowsName(org.jclouds.aws.ec2.compute.strategy.AWSEC2ReviseParsedImageTest)
Starting test testNullinstallPrivateKey(org.jclouds.aws.ec2.compute.options.AWSEC2TemplateOptionsTest)
[pool-10-thread-3] Test testNullinstallPrivateKey(org.jclouds.aws.ec2.compute.options.AWSEC2TemplateOptionsTest) succeeded: 0ms
Test suite progress: tests succeeded: 44, failed: 0, skipped: 0.
Starting test testNullkeyPair(org.jclouds.aws.ec2.compute.options.AWSEC2TemplateOptionsTest)
[pool-10-thread-3] Test testNullkeyPair(org.jclouds.aws.ec2.compute.options.AWSEC2TemplateOptionsTest) succeeded: 1ms
Test suite progress: tests succeeded: 45, failed: 0, skipped: 0.
Starting test testauthorizePublicKey(org.jclouds.aws.ec2.compute.options.AWSEC2TemplateOptionsTest)
[pool-10-thread-3] Test testauthorizePublicKey(org.jclouds.aws.ec2.compute.options.AWSEC2TemplateOptionsTest) succeeded: 1ms
Test suite progress: tests succeeded: 46, failed: 0, skipped: 0.
Starting test testauthorizePublicKeyBadFormat(org.jclouds.aws.ec2.compute.options.AWSEC2TemplateOptionsTest)
[pool-10-thread-3] Test testauthorizePublicKeyBadFormat(org.jclouds.aws.ec2.compute.options.AWSEC2TemplateOptionsTest) succeeded: 0ms
Test suite progress: tests succeeded: 47, failed: 0, skipped: 0.
Starting test testauthorizePublicKeyNPE(org.jclouds.aws.ec2.compute.options.AWSEC2TemplateOptionsTest)
[pool-10-thread-3] Test testauthorizePublicKeyNPE(org.jclouds.aws.ec2.compute.options.AWSEC2TemplateOptionsTest) succeeded: 1ms
Test suite progress: tests succeeded: 48, failed: 0, skipped: 0.
Starting test testNewWindowsName(org.jclouds.aws.ec2.compute.strategy.AWSEC2ReviseParsedImageTest)
[pool-10-thread-5] Test testIAMInstanceProfileArnNPE(org.jclouds.aws.ec2.compute.options.AWSEC2TemplateOptionsTest) succeeded: 33ms
Test suite progress: tests succeeded: 49, failed: 0, skipped: 0.
Starting test testblockOnPort(org.jclouds.aws.ec2.compute.options.AWSEC2TemplateOptionsTest)
[pool-10-thread-4] Test testCacheLoaderDoesNotReloadAfterAuthorizationException(org.jclouds.aws.ec2.compute.config.AWSEC2ComputeServiceContextModuleTest) succeeded: 85ms
Test suite progress: tests succeeded: 50, failed: 0, skipped: 0.
[pool-10-thread-5] Test testblockOnPort(org.jclouds.aws.ec2.compute.options.AWSEC2TemplateOptionsTest) succeeded: 1ms
Test suite progress: tests succeeded: 51, failed: 0, skipped: 0.
[pool-10-thread-2] Test testOldWindowsName(org.jclouds.aws.ec2.compute.strategy.AWSEC2ReviseParsedImageTest) succeeded: 11ms
Test suite progress: tests succeeded: 52, failed: 0, skipped: 0.
Starting test testinboundPorts(org.jclouds.aws.ec2.compute.options.AWSEC2TemplateOptionsTest)
[pool-10-thread-2] Test testinboundPorts(org.jclouds.aws.ec2.compute.options.AWSEC2TemplateOptionsTest) succeeded: 0ms
Test suite progress: tests succeeded: 53, failed: 0, skipped: 0.
Starting test testinboundPortsBadFormat(org.jclouds.aws.ec2.compute.options.AWSEC2TemplateOptionsTest)
Starting test testblockOnPortStatic(org.jclouds.aws.ec2.compute.options.AWSEC2TemplateOptionsTest)
[pool-10-thread-2] Test testinboundPortsBadFormat(org.jclouds.aws.ec2.compute.options.AWSEC2TemplateOptionsTest) succeeded: 0ms
Test suite progress: tests succeeded: 54, failed: 0, skipped: 0.
[pool-10-thread-5] Test testblockOnPortStatic(org.jclouds.aws.ec2.compute.options.AWSEC2TemplateOptionsTest) succeeded: 1ms
Test suite progress: tests succeeded: 55, failed: 0, skipped: 0.
Starting test testblockOnPortBadFormat(org.jclouds.aws.ec2.compute.options.AWSEC2TemplateOptionsTest)
[pool-10-thread-4] Test testblockOnPortBadFormat(org.jclouds.aws.ec2.compute.options.AWSEC2TemplateOptionsTest) succeeded: 2ms
Test suite progress: tests succeeded: 56, failed: 0, skipped: 0.
Starting test testinstallPrivateKey(org.jclouds.aws.ec2.compute.options.AWSEC2TemplateOptionsTest)
[pool-10-thread-4] Test testinstallPrivateKey(org.jclouds.aws.ec2.compute.options.AWSEC2TemplateOptionsTest) succeeded: 0ms
Starting test testinboundPortsStatic(org.jclouds.aws.ec2.compute.options.AWSEC2TemplateOptionsTest)
Test suite progress: tests succeeded: 57, failed: 0, skipped: 0.
[pool-10-thread-1] Test testNewWindowsName(org.jclouds.aws.ec2.compute.strategy.AWSEC2ReviseParsedImageTest) succeeded: 6ms
Test suite progress: tests succeeded: 58, failed: 0, skipped: 0.
[pool-10-thread-5] Test testinboundPortsStatic(org.jclouds.aws.ec2.compute.options.AWSEC2TemplateOptionsTest) succeeded: 1ms
Test suite progress: tests succeeded: 59, failed: 0, skipped: 0.
Starting test testinstallPrivateKeyNPE(org.jclouds.aws.ec2.compute.options.AWSEC2TemplateOptionsTest)
[pool-10-thread-4] Test testinstallPrivateKeyNPE(org.jclouds.aws.ec2.compute.options.AWSEC2TemplateOptionsTest) succeeded: 1ms
Test suite progress: tests succeeded: 60, failed: 0, skipped: 0.
Starting test testinstallPrivateKeyBadFormat(org.jclouds.aws.ec2.compute.options.AWSEC2TemplateOptionsTest)
Starting test testinstallPrivateKeyStatic(org.jclouds.aws.ec2.compute.options.AWSEC2TemplateOptionsTest)
[pool-10-thread-5] Test testinstallPrivateKeyStatic(org.jclouds.aws.ec2.compute.options.AWSEC2TemplateOptionsTest) succeeded: 0ms
Test suite progress: tests succeeded: 61, failed: 0, skipped: 0.
Starting test testkeyPairAndNoKeyPair(org.jclouds.aws.ec2.compute.options.AWSEC2TemplateOptionsTest)
[pool-10-thread-5] Test testkeyPairAndNoKeyPair(org.jclouds.aws.ec2.compute.options.AWSEC2TemplateOptionsTest) succeeded: 0ms
Test suite progress: tests succeeded: 62, failed: 0, skipped: 0.
Starting test testkeyPairBadFormat(org.jclouds.aws.ec2.compute.options.AWSEC2TemplateOptionsTest)
[pool-10-thread-5] Test testkeyPairBadFormat(org.jclouds.aws.ec2.compute.options.AWSEC2TemplateOptionsTest) succeeded: 0ms
Test suite progress: tests succeeded: 63, failed: 0, skipped: 0.
Starting test testkeyPairNPE(org.jclouds.aws.ec2.compute.options.AWSEC2TemplateOptionsTest)
[pool-10-thread-5] Test testkeyPairNPE(org.jclouds.aws.ec2.compute.options.AWSEC2TemplateOptionsTest) succeeded: 0ms
Test suite progress: tests succeeded: 64, failed: 0, skipped: 0.
Starting test testkeyPairStatic(org.jclouds.aws.ec2.compute.options.AWSEC2TemplateOptionsTest)
[pool-10-thread-2] Test testinstallPrivateKeyBadFormat(org.jclouds.aws.ec2.compute.options.AWSEC2TemplateOptionsTest) succeeded: 5ms
Test suite progress: tests succeeded: 65, failed: 0, skipped: 0.
[pool-10-thread-5] Test testkeyPairStatic(org.jclouds.aws.ec2.compute.options.AWSEC2TemplateOptionsTest) succeeded: 1ms
Test suite progress: tests succeeded: 66, failed: 0, skipped: 0.
Starting test testauthorizePublicKeyStatic(org.jclouds.aws.ec2.compute.options.AWSEC2TemplateOptionsTest)
Starting test testnoKeyPair(org.jclouds.aws.ec2.compute.options.AWSEC2TemplateOptionsTest)
[pool-10-thread-5] Test testnoKeyPair(org.jclouds.aws.ec2.compute.options.AWSEC2TemplateOptionsTest) succeeded: 0ms
Test suite progress: tests succeeded: 67, failed: 0, skipped: 0.
Starting test testsecurityGroupIdsIterableBadFormat(org.jclouds.aws.ec2.compute.options.AWSEC2TemplateOptionsTest)
[pool-10-thread-5] Test testsecurityGroupIdsIterableBadFormat(org.jclouds.aws.ec2.compute.options.AWSEC2TemplateOptionsTest) succeeded: 0ms
Test suite progress: tests succeeded: 68, failed: 0, skipped: 0.
Starting test testsecurityGroupIdsIterableEmptyNotOk(org.jclouds.aws.ec2.compute.options.AWSEC2TemplateOptionsTest)
[pool-10-thread-5] Test testsecurityGroupIdsIterableEmptyNotOk(org.jclouds.aws.ec2.compute.options.AWSEC2TemplateOptionsTest) succeeded: 0ms
Test suite progress: tests succeeded: 69, failed: 0, skipped: 0.
Starting test testsecurityGroupIdsIterableStatic(org.jclouds.aws.ec2.compute.options.AWSEC2TemplateOptionsTest)
[pool-10-thread-5] Test testsecurityGroupIdsIterableStatic(org.jclouds.aws.ec2.compute.options.AWSEC2TemplateOptionsTest) succeeded: 0ms
Test suite progress: tests succeeded: 70, failed: 0, skipped: 0.
Starting test testsecurityGroupIdsVarArgs(org.jclouds.aws.ec2.compute.options.AWSEC2TemplateOptionsTest)
[pool-10-thread-5] Test testsecurityGroupIdsVarArgs(org.jclouds.aws.ec2.compute.options.AWSEC2TemplateOptionsTest) succeeded: 0ms
Test suite progress: tests succeeded: 71, failed: 0, skipped: 0.
Starting test testsecurityGroupIdsVarArgsBadFormat(org.jclouds.aws.ec2.compute.options.AWSEC2TemplateOptionsTest)
[pool-10-thread-5] Test testsecurityGroupIdsVarArgsBadFormat(org.jclouds.aws.ec2.compute.options.AWSEC2TemplateOptionsTest) succeeded: 1ms
Test suite progress: tests succeeded: 72, failed: 0, skipped: 0.
Starting test testsecurityGroupIdsVarArgsEmptyNotOk(org.jclouds.aws.ec2.compute.options.AWSEC2TemplateOptionsTest)
[pool-10-thread-5] Test testsecurityGroupIdsVarArgsEmptyNotOk(org.jclouds.aws.ec2.compute.options.AWSEC2TemplateOptionsTest) succeeded: 1ms
Test suite progress: tests succeeded: 73, failed: 0, skipped: 0.
Starting test testsecurityGroupIdsVarArgsStatic(org.jclouds.aws.ec2.compute.options.AWSEC2TemplateOptionsTest)
[pool-10-thread-5] Test testsecurityGroupIdsVarArgsStatic(org.jclouds.aws.ec2.compute.options.AWSEC2TemplateOptionsTest) succeeded: 0ms
Test suite progress: tests succeeded: 74, failed: 0, skipped: 0.
Starting test testsecurityGroupsIterable(org.jclouds.aws.ec2.compute.options.AWSEC2TemplateOptionsTest)
[pool-10-thread-5] Test testsecurityGroupsIterable(org.jclouds.aws.ec2.compute.options.AWSEC2TemplateOptionsTest) succeeded: 0ms
Test suite progress: tests succeeded: 75, failed: 0, skipped: 0.
Starting test testsecurityGroupsIterableBadFormat(org.jclouds.aws.ec2.compute.options.AWSEC2TemplateOptionsTest)
[pool-10-thread-5] Test testsecurityGroupsIterableBadFormat(org.jclouds.aws.ec2.compute.options.AWSEC2TemplateOptionsTest) succeeded: 0ms
Test suite progress: tests succeeded: 76, failed: 0, skipped: 0.
Starting test testsecurityGroupsIterableEmptyNotOk(org.jclouds.aws.ec2.compute.options.AWSEC2TemplateOptionsTest)
[pool-10-thread-5] Test testsecurityGroupsIterableEmptyNotOk(org.jclouds.aws.ec2.compute.options.AWSEC2TemplateOptionsTest) succeeded: 0ms
Test suite progress: tests succeeded: 77, failed: 0, skipped: 0.
Starting test testsecurityGroupsIterableStatic(org.jclouds.aws.ec2.compute.options.AWSEC2TemplateOptionsTest)
Starting test testkeyPair(org.jclouds.aws.ec2.compute.options.AWSEC2TemplateOptionsTest)
Starting test testsecurityGroupIdsIterable(org.jclouds.aws.ec2.compute.options.AWSEC2TemplateOptionsTest)
[pool-10-thread-3] Test testauthorizePublicKeyStatic(org.jclouds.aws.ec2.compute.options.AWSEC2TemplateOptionsTest) succeeded: 2ms
Starting test testnoKeyPairStatic(org.jclouds.aws.ec2.compute.options.AWSEC2TemplateOptionsTest)
Test suite progress: tests succeeded: 78, failed: 0, skipped: 0.
[pool-10-thread-2] Test testnoKeyPairStatic(org.jclouds.aws.ec2.compute.options.AWSEC2TemplateOptionsTest) succeeded: 1ms
Test suite progress: tests succeeded: 79, failed: 0, skipped: 0.
[pool-10-thread-4] Test testkeyPair(org.jclouds.aws.ec2.compute.options.AWSEC2TemplateOptionsTest) succeeded: 2ms
Test suite progress: tests succeeded: 80, failed: 0, skipped: 0.
[pool-10-thread-1] Test testsecurityGroupIdsIterable(org.jclouds.aws.ec2.compute.options.AWSEC2TemplateOptionsTest) succeeded: 2ms
Test suite progress: tests succeeded: 81, failed: 0, skipped: 0.
Starting test testsecurityGroupsVarArgs(org.jclouds.aws.ec2.compute.options.AWSEC2TemplateOptionsTest)
Starting test testsecurityGroupsVarArgsEmptyNotOk(org.jclouds.aws.ec2.compute.options.AWSEC2TemplateOptionsTest)
Starting test testsecurityGroupsVarArgsBadFormat(org.jclouds.aws.ec2.compute.options.AWSEC2TemplateOptionsTest)
[pool-10-thread-3] Test testsecurityGroupsVarArgs(org.jclouds.aws.ec2.compute.options.AWSEC2TemplateOptionsTest) succeeded: 0ms
Test suite progress: tests succeeded: 82, failed: 0, skipped: 0.
[pool-10-thread-4] Test testsecurityGroupsVarArgsEmptyNotOk(org.jclouds.aws.ec2.compute.options.AWSEC2TemplateOptionsTest) succeeded: 1ms
Test suite progress: tests succeeded: 83, failed: 0, skipped: 0.
Starting test testsecurityGroupsVarArgsStatic(org.jclouds.aws.ec2.compute.options.AWSEC2TemplateOptionsTest)
[pool-10-thread-1] Test testsecurityGroupsVarArgsStatic(org.jclouds.aws.ec2.compute.options.AWSEC2TemplateOptionsTest) succeeded: 1ms
Test suite progress: tests succeeded: 84, failed: 0, skipped: 0.
Starting test testNullWithBlockDeviceMapping(org.jclouds.aws.ec2.options.AWSRunInstancesOptionsTest)
[pool-10-thread-1] Test testNullWithBlockDeviceMapping(org.jclouds.aws.ec2.options.AWSRunInstancesOptionsTest) succeeded: 1ms
Test suite progress: tests succeeded: 85, failed: 0, skipped: 0.
Starting test testNullWithIAMInstanceProfileArn(org.jclouds.aws.ec2.options.AWSRunInstancesOptionsTest)
Starting test testAssignability(org.jclouds.aws.ec2.options.AWSRunInstancesOptionsTest)
[pool-10-thread-3] Test testAssignability(org.jclouds.aws.ec2.options.AWSRunInstancesOptionsTest) succeeded: 0ms
Test suite progress: tests succeeded: 86, failed: 0, skipped: 0.
Starting test testNullWithIAMInstanceProfileName(org.jclouds.aws.ec2.options.AWSRunInstancesOptionsTest)
[pool-10-thread-3] Test testNullWithIAMInstanceProfileName(org.jclouds.aws.ec2.options.AWSRunInstancesOptionsTest) succeeded: 0ms
Test suite progress: tests succeeded: 87, failed: 0, skipped: 0.
Starting test testNullWithInstanceType(org.jclouds.aws.ec2.options.AWSRunInstancesOptionsTest)
[pool-10-thread-3] Test testNullWithInstanceType(org.jclouds.aws.ec2.options.AWSRunInstancesOptionsTest) succeeded: 1ms
Test suite progress: tests succeeded: 88, failed: 0, skipped: 0.
[pool-10-thread-2] Test testsecurityGroupsVarArgsBadFormat(org.jclouds.aws.ec2.compute.options.AWSEC2TemplateOptionsTest) succeeded: 7ms
Test suite progress: tests succeeded: 89, failed: 0, skipped: 0.
[pool-10-thread-1] Test testNullWithIAMInstanceProfileArn(org.jclouds.aws.ec2.options.AWSRunInstancesOptionsTest) succeeded: 3ms
Test suite progress: tests succeeded: 90, failed: 0, skipped: 0.
Starting test testNullWithMonitoringEnabled(org.jclouds.aws.ec2.options.AWSRunInstancesOptionsTest)
[pool-10-thread-1] Test testNullWithMonitoringEnabled(org.jclouds.aws.ec2.options.AWSRunInstancesOptionsTest) succeeded: 0ms
Test suite progress: tests succeeded: 91, failed: 0, skipped: 0.
Starting test testNullWithRamdisk(org.jclouds.aws.ec2.options.AWSRunInstancesOptionsTest)
[pool-10-thread-1] Test testNullWithRamdisk(org.jclouds.aws.ec2.options.AWSRunInstancesOptionsTest) succeeded: 0ms
Test suite progress: tests succeeded: 92, failed: 0, skipped: 0.
Starting test testNullWithSecurityGroup(org.jclouds.aws.ec2.options.AWSRunInstancesOptionsTest)
[pool-10-thread-1] Test testNullWithSecurityGroup(org.jclouds.aws.ec2.options.AWSRunInstancesOptionsTest) succeeded: 0ms
Test suite progress: tests succeeded: 93, failed: 0, skipped: 0.
Starting test testNullWithSecurityGroupId(org.jclouds.aws.ec2.options.AWSRunInstancesOptionsTest)
[pool-10-thread-1] Test testNullWithSecurityGroupId(org.jclouds.aws.ec2.options.AWSRunInstancesOptionsTest) succeeded: 0ms
Test suite progress: tests succeeded: 94, failed: 0, skipped: 0.
Starting test testNullWithSubnetId(org.jclouds.aws.ec2.options.AWSRunInstancesOptionsTest)
[pool-10-thread-1] Test testNullWithSubnetId(org.jclouds.aws.ec2.options.AWSRunInstancesOptionsTest) succeeded: 0ms
Test suite progress: tests succeeded: 95, failed: 0, skipped: 0.
Starting test testNullWithAdditionalInfo(org.jclouds.aws.ec2.options.AWSRunInstancesOptionsTest)
[pool-10-thread-5] Test testsecurityGroupsIterableStatic(org.jclouds.aws.ec2.compute.options.AWSEC2TemplateOptionsTest) succeeded: 16ms
Test suite progress: tests succeeded: 96, failed: 0, skipped: 0.
[pool-10-thread-4] Test testNullWithAdditionalInfo(org.jclouds.aws.ec2.options.AWSRunInstancesOptionsTest) succeeded: 1ms
Test suite progress: tests succeeded: 97, failed: 0, skipped: 0.
Starting test testWithBlockDeviceMapping(org.jclouds.aws.ec2.options.AWSRunInstancesOptionsTest)
Starting test testNullWithUserData(org.jclouds.aws.ec2.options.AWSRunInstancesOptionsTest)
Starting test testNullWithKeyName(org.jclouds.aws.ec2.options.AWSRunInstancesOptionsTest)
[pool-10-thread-2] Test testNullWithKeyName(org.jclouds.aws.ec2.options.AWSRunInstancesOptionsTest) succeeded: 0ms
Test suite progress: tests succeeded: 98, failed: 0, skipped: 0.
Starting test testWithBlockDeviceMappingNPE(org.jclouds.aws.ec2.options.AWSRunInstancesOptionsTest)
Starting test testNullWithVirtualName(org.jclouds.aws.ec2.options.AWSRunInstancesOptionsTest)
Starting test testNullWithKernelId(org.jclouds.aws.ec2.options.AWSRunInstancesOptionsTest)
[pool-10-thread-1] Test testNullWithUserData(org.jclouds.aws.ec2.options.AWSRunInstancesOptionsTest) succeeded: 2ms
Test suite progress: tests succeeded: 99, failed: 0, skipped: 0.
Starting test testWithBlockDeviceMappingStatic(org.jclouds.aws.ec2.options.AWSRunInstancesOptionsTest)
[pool-10-thread-4] Test testNullWithVirtualName(org.jclouds.aws.ec2.options.AWSRunInstancesOptionsTest) succeeded: 2ms
Test suite progress: tests succeeded: 100, failed: 0, skipped: 0.
Starting test testWithIAMInstanceProfileArn(org.jclouds.aws.ec2.options.AWSRunInstancesOptionsTest)
[pool-10-thread-4] Test testWithIAMInstanceProfileArn(org.jclouds.aws.ec2.options.AWSRunInstancesOptionsTest) succeeded: 1ms
Test suite progress: tests succeeded: 101, failed: 0, skipped: 0.
Starting test testWithIAMInstanceProfileArnNPE(org.jclouds.aws.ec2.options.AWSRunInstancesOptionsTest)
[pool-10-thread-3] Test testNullWithKernelId(org.jclouds.aws.ec2.options.AWSRunInstancesOptionsTest) succeeded: 8ms
Test suite progress: tests succeeded: 102, failed: 0, skipped: 0.
Starting test testWithIAMInstanceProfileArnStatic(org.jclouds.aws.ec2.options.AWSRunInstancesOptionsTest)
[pool-10-thread-5] Test testWithBlockDeviceMapping(org.jclouds.aws.ec2.options.AWSRunInstancesOptionsTest) succeeded: 16ms
Test suite progress: tests succeeded: 103, failed: 0, skipped: 0.
Starting test testWithIAMInstanceProfileName(org.jclouds.aws.ec2.options.AWSRunInstancesOptionsTest)
[pool-10-thread-5] Test testWithIAMInstanceProfileName(org.jclouds.aws.ec2.options.AWSRunInstancesOptionsTest) succeeded: 1ms
Test suite progress: tests succeeded: 104, failed: 0, skipped: 0.
Starting test testWithIAMInstanceProfileNameNPE(org.jclouds.aws.ec2.options.AWSRunInstancesOptionsTest)
[pool-10-thread-2] Test testWithBlockDeviceMappingNPE(org.jclouds.aws.ec2.options.AWSRunInstancesOptionsTest) succeeded: 24ms
Test suite progress: tests succeeded: 105, failed: 0, skipped: 0.
Starting test testWithIAMInstanceProfileNameStatic(org.jclouds.aws.ec2.options.AWSRunInstancesOptionsTest)
[pool-10-thread-2] Test testWithIAMInstanceProfileNameStatic(org.jclouds.aws.ec2.options.AWSRunInstancesOptionsTest) succeeded: 1ms
Test suite progress: tests succeeded: 106, failed: 0, skipped: 0.
Starting test testWithInstanceType(org.jclouds.aws.ec2.options.AWSRunInstancesOptionsTest)
[pool-10-thread-2] Test testWithInstanceType(org.jclouds.aws.ec2.options.AWSRunInstancesOptionsTest) succeeded: 1ms
Test suite progress: tests succeeded: 107, failed: 0, skipped: 0.
Starting test testWithInstanceTypeNPE(org.jclouds.aws.ec2.options.AWSRunInstancesOptionsTest)
[pool-10-thread-2] Test testWithInstanceTypeNPE(org.jclouds.aws.ec2.options.AWSRunInstancesOptionsTest) succeeded: 0ms
Test suite progress: tests succeeded: 108, failed: 0, skipped: 0.
Starting test testWithInstanceTypeStatic(org.jclouds.aws.ec2.options.AWSRunInstancesOptionsTest)
[pool-10-thread-2] Test testWithInstanceTypeStatic(org.jclouds.aws.ec2.options.AWSRunInstancesOptionsTest) succeeded: 0ms
Test suite progress: tests succeeded: 109, failed: 0, skipped: 0.
Starting test testWithKernelId(org.jclouds.aws.ec2.options.AWSRunInstancesOptionsTest)
[pool-10-thread-2] Test testWithKernelId(org.jclouds.aws.ec2.options.AWSRunInstancesOptionsTest) succeeded: 0ms
Test suite progress: tests succeeded: 110, failed: 0, skipped: 0.
Starting test testWithKernelIdNPE(org.jclouds.aws.ec2.options.AWSRunInstancesOptionsTest)
[pool-10-thread-2] Test testWithKernelIdNPE(org.jclouds.aws.ec2.options.AWSRunInstancesOptionsTest) succeeded: 0ms
Test suite progress: tests succeeded: 111, failed: 0, skipped: 0.
Starting test testWithKernelIdStatic(org.jclouds.aws.ec2.options.AWSRunInstancesOptionsTest)
[pool-10-thread-2] Test testWithKernelIdStatic(org.jclouds.aws.ec2.options.AWSRunInstancesOptionsTest) succeeded: 0ms
Test suite progress: tests succeeded: 112, failed: 0, skipped: 0.
Starting test testWithKeyName(org.jclouds.aws.ec2.options.AWSRunInstancesOptionsTest)
[pool-10-thread-2] Test testWithKeyName(org.jclouds.aws.ec2.options.AWSRunInstancesOptionsTest) succeeded: 1ms
Test suite progress: tests succeeded: 113, failed: 0, skipped: 0.
Starting test testWithKeyNameNPE(org.jclouds.aws.ec2.options.AWSRunInstancesOptionsTest)
[pool-10-thread-2] Test testWithKeyNameNPE(org.jclouds.aws.ec2.options.AWSRunInstancesOptionsTest) succeeded: 0ms
Test suite progress: tests succeeded: 114, failed: 0, skipped: 0.
[pool-10-thread-3] Test testWithIAMInstanceProfileArnStatic(org.jclouds.aws.ec2.options.AWSRunInstancesOptionsTest) succeeded: 29ms
Test suite progress: tests succeeded: 115, failed: 0, skipped: 0.
[pool-10-thread-4] Test testWithIAMInstanceProfileArnNPE(org.jclouds.aws.ec2.options.AWSRunInstancesOptionsTest) succeeded: 30ms
Test suite progress: tests succeeded: 116, failed: 0, skipped: 0.
Starting test testWithMonitoringEnabledStatic(org.jclouds.aws.ec2.options.AWSRunInstancesOptionsTest)
[pool-10-thread-4] Test testWithMonitoringEnabledStatic(org.jclouds.aws.ec2.options.AWSRunInstancesOptionsTest) succeeded: 0ms
Test suite progress: tests succeeded: 117, failed: 0, skipped: 0.
Starting test testWithRamdisk(org.jclouds.aws.ec2.options.AWSRunInstancesOptionsTest)
[pool-10-thread-4] Test testWithRamdisk(org.jclouds.aws.ec2.options.AWSRunInstancesOptionsTest) succeeded: 0ms
Test suite progress: tests succeeded: 118, failed: 0, skipped: 0.
[pool-10-thread-1] Test testWithBlockDeviceMappingStatic(org.jclouds.aws.ec2.options.AWSRunInstancesOptionsTest) succeeded: 38ms
Test suite progress: tests succeeded: 119, failed: 0, skipped: 0.
Starting test testWithMonitoringEnabled(org.jclouds.aws.ec2.options.AWSRunInstancesOptionsTest)
[pool-10-thread-5] Test testWithIAMInstanceProfileNameNPE(org.jclouds.aws.ec2.options.AWSRunInstancesOptionsTest) succeeded: 28ms
Test suite progress: tests succeeded: 120, failed: 0, skipped: 0.
[pool-10-thread-3] Test testWithMonitoringEnabled(org.jclouds.aws.ec2.options.AWSRunInstancesOptionsTest) succeeded: 1ms
Test suite progress: tests succeeded: 121, failed: 0, skipped: 0.
Starting test testWithSecurityGroup(org.jclouds.aws.ec2.options.AWSRunInstancesOptionsTest)
[pool-10-thread-5] Test testWithSecurityGroup(org.jclouds.aws.ec2.options.AWSRunInstancesOptionsTest) succeeded: 0ms
Test suite progress: tests succeeded: 122, failed: 0, skipped: 0.
Starting test testWithSecurityGroupIdNPE(org.jclouds.aws.ec2.options.AWSRunInstancesOptionsTest)
[pool-10-thread-5] Test testWithSecurityGroupIdNPE(org.jclouds.aws.ec2.options.AWSRunInstancesOptionsTest) succeeded: 0ms
Test suite progress: tests succeeded: 123, failed: 0, skipped: 0.
Starting test testWithSecurityGroupIdStatic(org.jclouds.aws.ec2.options.AWSRunInstancesOptionsTest)
[pool-10-thread-5] Test testWithSecurityGroupIdStatic(org.jclouds.aws.ec2.options.AWSRunInstancesOptionsTest) succeeded: 0ms
Test suite progress: tests succeeded: 124, failed: 0, skipped: 0.
Starting test testWithSecurityGroupNPE(org.jclouds.aws.ec2.options.AWSRunInstancesOptionsTest)
[pool-10-thread-5] Test testWithSecurityGroupNPE(org.jclouds.aws.ec2.options.AWSRunInstancesOptionsTest) succeeded: 0ms
Test suite progress: tests succeeded: 125, failed: 0, skipped: 0.
Starting test testWithKeyNameStatic(org.jclouds.aws.ec2.options.AWSRunInstancesOptionsTest)
[pool-10-thread-2] Test testWithKeyNameStatic(org.jclouds.aws.ec2.options.AWSRunInstancesOptionsTest) succeeded: 0ms
Test suite progress: tests succeeded: 126, failed: 0, skipped: 0.
Starting test testWithSubnetId(org.jclouds.aws.ec2.options.AWSRunInstancesOptionsTest)
[pool-10-thread-2] Test testWithSubnetId(org.jclouds.aws.ec2.options.AWSRunInstancesOptionsTest) succeeded: 0ms
Test suite progress: tests succeeded: 127, failed: 0, skipped: 0.
Starting test testWithSubnetIdNPE(org.jclouds.aws.ec2.options.AWSRunInstancesOptionsTest)
[pool-10-thread-2] Test testWithSubnetIdNPE(org.jclouds.aws.ec2.options.AWSRunInstancesOptionsTest) succeeded: 0ms
Test suite progress: tests succeeded: 128, failed: 0, skipped: 0.
Starting test testWithSubnetIdStatic(org.jclouds.aws.ec2.options.AWSRunInstancesOptionsTest)
[pool-10-thread-2] Test testWithSubnetIdStatic(org.jclouds.aws.ec2.options.AWSRunInstancesOptionsTest) succeeded: 0ms
Test suite progress: tests succeeded: 129, failed: 0, skipped: 0.
Starting test testWithUserData(org.jclouds.aws.ec2.options.AWSRunInstancesOptionsTest)
Starting test testWithSecurityGroupId(org.jclouds.aws.ec2.options.AWSRunInstancesOptionsTest)
[pool-10-thread-3] Test testWithSecurityGroupId(org.jclouds.aws.ec2.options.AWSRunInstancesOptionsTest) succeeded: 0ms
Test suite progress: tests succeeded: 130, failed: 0, skipped: 0.
Starting test testWithRamdiskStatic(org.jclouds.aws.ec2.options.AWSRunInstancesOptionsTest)
[pool-10-thread-1] Test testWithRamdiskStatic(org.jclouds.aws.ec2.options.AWSRunInstancesOptionsTest) succeeded: 0ms
Test suite progress: tests succeeded: 131, failed: 0, skipped: 0.
Starting test testWithRamdiskNPE(org.jclouds.aws.ec2.options.AWSRunInstancesOptionsTest)
Starting test testWithUserDataEmpty(org.jclouds.aws.ec2.options.AWSRunInstancesOptionsTest)
[pool-10-thread-4] Test testWithRamdiskNPE(org.jclouds.aws.ec2.options.AWSRunInstancesOptionsTest) succeeded: 0ms
Test suite progress: tests succeeded: 132, failed: 0, skipped: 0.
[pool-10-thread-3] Test testWithUserDataEmpty(org.jclouds.aws.ec2.options.AWSRunInstancesOptionsTest) succeeded: 0ms
Test suite progress: tests succeeded: 133, failed: 0, skipped: 0.
Starting test testWithUserDataStatic(org.jclouds.aws.ec2.options.AWSRunInstancesOptionsTest)
[pool-10-thread-4] Test testWithUserDataStatic(org.jclouds.aws.ec2.options.AWSRunInstancesOptionsTest) succeeded: 0ms
Test suite progress: tests succeeded: 134, failed: 0, skipped: 0.
Starting test testApplyWithBlockDeviceMappings(org.jclouds.aws.ec2.binders.BindLaunchSpecificationToFormParamsTest)
[pool-10-thread-2] Test testWithUserData(org.jclouds.aws.ec2.options.AWSRunInstancesOptionsTest) succeeded: 7ms
Test suite progress: tests succeeded: 135, failed: 0, skipped: 0.
Starting test testWithSecurityGroupStatic(org.jclouds.aws.ec2.options.AWSRunInstancesOptionsTest)
[pool-10-thread-5] Test testWithSecurityGroupStatic(org.jclouds.aws.ec2.options.AWSRunInstancesOptionsTest) succeeded: 0ms
Test suite progress: tests succeeded: 136, failed: 0, skipped: 0.
Starting test testApplyWithIAMInstanceProfileArn(org.jclouds.aws.ec2.binders.BindLaunchSpecificationToFormParamsTest)
Starting test test2Nodes(org.jclouds.aws.ec2.compute.functions.AWSRunningInstanceToNodeMetadataTest)
Starting test testApplyWithIAMInstanceProfileName(org.jclouds.aws.ec2.binders.BindLaunchSpecificationToFormParamsTest)
[pool-10-thread-4] Test testApplyWithBlockDeviceMappings(org.jclouds.aws.ec2.binders.BindLaunchSpecificationToFormParamsTest) succeeded: 6ms
Test suite progress: tests succeeded: 137, failed: 0, skipped: 0.
Starting test testWithUserDataNPE(org.jclouds.aws.ec2.options.AWSRunInstancesOptionsTest)
[pool-10-thread-1] Test testWithUserDataNPE(org.jclouds.aws.ec2.options.AWSRunInstancesOptionsTest) succeeded: 0ms
Test suite progress: tests succeeded: 138, failed: 0, skipped: 0.
[pool-10-thread-5] Test testApplyWithIAMInstanceProfileName(org.jclouds.aws.ec2.binders.BindLaunchSpecificationToFormParamsTest) succeeded: 2ms
Test suite progress: tests succeeded: 139, failed: 0, skipped: 0.
Starting test testApplyWithSubnetId(org.jclouds.aws.ec2.binders.BindLaunchSpecificationToFormParamsTest)
[pool-10-thread-1] Test testApplyWithSubnetId(org.jclouds.aws.ec2.binders.BindLaunchSpecificationToFormParamsTest) succeeded: 0ms
Test suite progress: tests succeeded: 140, failed: 0, skipped: 0.
Starting test testApplyWithSecurityId(org.jclouds.aws.ec2.binders.BindLaunchSpecificationToFormParamsTest)
[pool-10-thread-4] Test testApplyWithSecurityId(org.jclouds.aws.ec2.binders.BindLaunchSpecificationToFormParamsTest) succeeded: 1ms
Test suite progress: tests succeeded: 141, failed: 0, skipped: 0.
Starting test testEmpty(org.jclouds.aws.ec2.binders.BindTagsToIndexedFormParamsTest)
Starting test test(org.jclouds.aws.ec2.binders.BindTagsToIndexedFormParamsTest)
Starting test testApplyWithUserData(org.jclouds.aws.ec2.binders.BindLaunchSpecificationToFormParamsTest)
[pool-10-thread-2] Test testApplyWithIAMInstanceProfileArn(org.jclouds.aws.ec2.binders.BindLaunchSpecificationToFormParamsTest) succeeded: 8ms
Test suite progress: tests succeeded: 142, failed: 0, skipped: 0.
Starting test testMustBeArray(org.jclouds.aws.ec2.binders.BindTagsToIndexedFormParamsTest)
[pool-10-thread-4] Test testEmpty(org.jclouds.aws.ec2.binders.BindTagsToIndexedFormParamsTest) succeeded: 5ms
Test suite progress: tests succeeded: 143, failed: 0, skipped: 0.
Starting test testNullIsBad(org.jclouds.aws.ec2.binders.BindTagsToIndexedFormParamsTest)
[pool-10-thread-4] Test testNullIsBad(org.jclouds.aws.ec2.binders.BindTagsToIndexedFormParamsTest) succeeded: 1ms
Test suite progress: tests succeeded: 144, failed: 0, skipped: 0.
Starting test testAssignability(org.jclouds.aws.ec2.options.DescribeSpotPriceHistoryOptionsTest)
[pool-10-thread-4] Test testAssignability(org.jclouds.aws.ec2.options.DescribeSpotPriceHistoryOptionsTest) succeeded: 0ms
Test suite progress: tests succeeded: 145, failed: 0, skipped: 0.
Starting test testDescription(org.jclouds.aws.ec2.options.DescribeSpotPriceHistoryOptionsTest)
[pool-10-thread-4] Test testDescription(org.jclouds.aws.ec2.options.DescribeSpotPriceHistoryOptionsTest) succeeded: 1ms
Test suite progress: tests succeeded: 146, failed: 0, skipped: 0.
Starting test testDescriptionNPE(org.jclouds.aws.ec2.options.DescribeSpotPriceHistoryOptionsTest)
[pool-10-thread-4] Test testDescriptionNPE(org.jclouds.aws.ec2.options.DescribeSpotPriceHistoryOptionsTest) succeeded: 2ms
Test suite progress: tests succeeded: 147, failed: 0, skipped: 0.
Starting test testDescriptionStatic(org.jclouds.aws.ec2.options.DescribeSpotPriceHistoryOptionsTest)
[pool-10-thread-4] Test testDescriptionStatic(org.jclouds.aws.ec2.options.DescribeSpotPriceHistoryOptionsTest) succeeded: 0ms
Test suite progress: tests succeeded: 148, failed: 0, skipped: 0.
Starting test testFrom(org.jclouds.aws.ec2.options.DescribeSpotPriceHistoryOptionsTest)
[pool-10-thread-4] Test testFrom(org.jclouds.aws.ec2.options.DescribeSpotPriceHistoryOptionsTest) succeeded: 1ms
Test suite progress: tests succeeded: 149, failed: 0, skipped: 0.
Starting test testFromNPE(org.jclouds.aws.ec2.options.DescribeSpotPriceHistoryOptionsTest)
[pool-10-thread-4] Test testFromNPE(org.jclouds.aws.ec2.options.DescribeSpotPriceHistoryOptionsTest) succeeded: 1ms
Test suite progress: tests succeeded: 150, failed: 0, skipped: 0.
Starting test testFromStatic(org.jclouds.aws.ec2.options.DescribeSpotPriceHistoryOptionsTest)
[pool-10-thread-4] Test testFromStatic(org.jclouds.aws.ec2.options.DescribeSpotPriceHistoryOptionsTest) succeeded: 1ms
Test suite progress: tests succeeded: 151, failed: 0, skipped: 0.
Starting test testInstanceType(org.jclouds.aws.ec2.options.DescribeSpotPriceHistoryOptionsTest)
[pool-10-thread-4] Test testInstanceType(org.jclouds.aws.ec2.options.DescribeSpotPriceHistoryOptionsTest) succeeded: 1ms
Test suite progress: tests succeeded: 152, failed: 0, skipped: 0.
Starting test testInstanceTypeNPE(org.jclouds.aws.ec2.options.DescribeSpotPriceHistoryOptionsTest)
[pool-10-thread-4] Test testInstanceTypeNPE(org.jclouds.aws.ec2.options.DescribeSpotPriceHistoryOptionsTest) succeeded: 0ms
Test suite progress: tests succeeded: 153, failed: 0, skipped: 0.
Starting test testInstanceTypeStatic(org.jclouds.aws.ec2.options.DescribeSpotPriceHistoryOptionsTest)
[pool-10-thread-4] Test testInstanceTypeStatic(org.jclouds.aws.ec2.options.DescribeSpotPriceHistoryOptionsTest) succeeded: 0ms
Test suite progress: tests succeeded: 154, failed: 0, skipped: 0.
Starting test testTo(org.jclouds.aws.ec2.options.DescribeSpotPriceHistoryOptionsTest)
[pool-10-thread-4] Test testTo(org.jclouds.aws.ec2.options.DescribeSpotPriceHistoryOptionsTest) succeeded: 0ms
Test suite progress: tests succeeded: 155, failed: 0, skipped: 0.
[pool-10-thread-2] Test testMustBeArray(org.jclouds.aws.ec2.binders.BindTagsToIndexedFormParamsTest) succeeded: 24ms
Test suite progress: tests succeeded: 156, failed: 0, skipped: 0.
Starting test testToNPE(org.jclouds.aws.ec2.options.DescribeSpotPriceHistoryOptionsTest)
[pool-10-thread-2] Test testToNPE(org.jclouds.aws.ec2.options.DescribeSpotPriceHistoryOptionsTest) succeeded: 0ms
Test suite progress: tests succeeded: 157, failed: 0, skipped: 0.
[pool-10-thread-1] Test test(org.jclouds.aws.ec2.binders.BindTagsToIndexedFormParamsTest) succeeded: 29ms
Test suite progress: tests succeeded: 158, failed: 0, skipped: 0.
Starting test testToStatic(org.jclouds.aws.ec2.options.DescribeSpotPriceHistoryOptionsTest)
Starting test testApply(org.jclouds.aws.ec2.functions.ImportOrReturnExistingKeypairTest)
[pool-10-thread-5] Test testApplyWithUserData(org.jclouds.aws.ec2.binders.BindLaunchSpecificationToFormParamsTest) succeeded: 29ms
Test suite progress: tests succeeded: 159, failed: 0, skipped: 0.
Starting test testApplyWithIllegalStateExceptionRetriesWhenExistingKeyNotFound(org.jclouds.aws.ec2.functions.ImportOrReturnExistingKeypairTest)
Starting test testApplyWithIllegalStateExceptionReturnsExistingKey(org.jclouds.aws.ec2.functions.ImportOrReturnExistingKeypairTest)
[pool-10-thread-1] Test testApply(org.jclouds.aws.ec2.functions.ImportOrReturnExistingKeypairTest) succeeded: 10ms
Test suite progress: tests succeeded: 160, failed: 0, skipped: 0.
Starting test testWhenInstancesPresentSingleCall(org.jclouds.aws.ec2.compute.functions.PresentSpotRequestsAndInstancesTest)
[pool-10-thread-2] Test testToStatic(org.jclouds.aws.ec2.options.DescribeSpotPriceHistoryOptionsTest) succeeded: 15ms
Test suite progress: tests succeeded: 161, failed: 0, skipped: 0.
Starting test testWhenSpotsPresentSingleCall(org.jclouds.aws.ec2.compute.functions.PresentSpotRequestsAndInstancesTest)
[pool-10-thread-4] Test testApplyWithIllegalStateExceptionReturnsExistingKey(org.jclouds.aws.ec2.functions.ImportOrReturnExistingKeypairTest) succeeded: 16ms
Test suite progress: tests succeeded: 162, failed: 0, skipped: 0.
Starting test testAssignability(org.jclouds.aws.ec2.options.RequestSpotInstancesOptionsTest)
[pool-10-thread-2] Test testWhenSpotsPresentSingleCall(org.jclouds.aws.ec2.compute.functions.PresentSpotRequestsAndInstancesTest) succeeded: 6ms
Test suite progress: tests succeeded: 163, failed: 0, skipped: 0.
Starting test testAvailabilityZoneGroup(org.jclouds.aws.ec2.options.RequestSpotInstancesOptionsTest)
[pool-10-thread-2] Test testAvailabilityZoneGroup(org.jclouds.aws.ec2.options.RequestSpotInstancesOptionsTest) succeeded: 0ms
Test suite progress: tests succeeded: 164, failed: 0, skipped: 0.
Starting test testAvailabilityZoneGroupNPE(org.jclouds.aws.ec2.options.RequestSpotInstancesOptionsTest)
[pool-10-thread-2] Test testAvailabilityZoneGroupNPE(org.jclouds.aws.ec2.options.RequestSpotInstancesOptionsTest) succeeded: 1ms
Test suite progress: tests succeeded: 165, failed: 0, skipped: 0.
Starting test testAvailabilityZoneGroupStatic(org.jclouds.aws.ec2.options.RequestSpotInstancesOptionsTest)
[pool-10-thread-2] Test testAvailabilityZoneGroupStatic(org.jclouds.aws.ec2.options.RequestSpotInstancesOptionsTest) succeeded: 0ms
Test suite progress: tests succeeded: 166, failed: 0, skipped: 0.
Starting test testFrom(org.jclouds.aws.ec2.options.RequestSpotInstancesOptionsTest)
[pool-10-thread-2] Test testFrom(org.jclouds.aws.ec2.options.RequestSpotInstancesOptionsTest) succeeded: 0ms
Test suite progress: tests succeeded: 167, failed: 0, skipped: 0.
Starting test testFromNPE(org.jclouds.aws.ec2.options.RequestSpotInstancesOptionsTest)
[pool-10-thread-2] Test testFromNPE(org.jclouds.aws.ec2.options.RequestSpotInstancesOptionsTest) succeeded: 0ms
Test suite progress: tests succeeded: 168, failed: 0, skipped: 0.
Starting test testFromStatic(org.jclouds.aws.ec2.options.RequestSpotInstancesOptionsTest)
[pool-10-thread-2] Test testFromStatic(org.jclouds.aws.ec2.options.RequestSpotInstancesOptionsTest) succeeded: 0ms
Test suite progress: tests succeeded: 169, failed: 0, skipped: 0.
Starting test testInstanceType(org.jclouds.aws.ec2.options.RequestSpotInstancesOptionsTest)
[pool-10-thread-2] Test testInstanceType(org.jclouds.aws.ec2.options.RequestSpotInstancesOptionsTest) succeeded: 5ms
Test suite progress: tests succeeded: 170, failed: 0, skipped: 0.
[pool-10-thread-3] Test test2Nodes(org.jclouds.aws.ec2.compute.functions.AWSRunningInstanceToNodeMetadataTest) succeeded: 70ms
Test suite progress: tests succeeded: 171, failed: 0, skipped: 0.
[pool-10-thread-1] Test testWhenInstancesPresentSingleCall(org.jclouds.aws.ec2.compute.functions.PresentSpotRequestsAndInstancesTest) succeeded: 24ms
Test suite progress: tests succeeded: 172, failed: 0, skipped: 0.
[pool-10-thread-5] Test testApplyWithIllegalStateExceptionRetriesWhenExistingKeyNotFound(org.jclouds.aws.ec2.functions.ImportOrReturnExistingKeypairTest) succeeded: 35ms
Test suite progress: tests succeeded: 173, failed: 0, skipped: 0.
Starting test testInstanceTypeNPE(org.jclouds.aws.ec2.options.RequestSpotInstancesOptionsTest)
[pool-10-thread-4] Test testAssignability(org.jclouds.aws.ec2.options.RequestSpotInstancesOptionsTest) succeeded: 18ms
Test suite progress: tests succeeded: 174, failed: 0, skipped: 0.
[pool-10-thread-2] Test testInstanceTypeNPE(org.jclouds.aws.ec2.options.RequestSpotInstancesOptionsTest) succeeded: 0ms
Test suite progress: tests succeeded: 175, failed: 0, skipped: 0.
Starting test testLaunchGroup(org.jclouds.aws.ec2.options.RequestSpotInstancesOptionsTest)
[pool-10-thread-1] Test testLaunchGroup(org.jclouds.aws.ec2.options.RequestSpotInstancesOptionsTest) succeeded: 0ms
Test suite progress: tests succeeded: 176, failed: 0, skipped: 0.
Starting test testToNPE(org.jclouds.aws.ec2.options.RequestSpotInstancesOptionsTest)
[pool-10-thread-1] Test testToNPE(org.jclouds.aws.ec2.options.RequestSpotInstancesOptionsTest) succeeded: 0ms
Test suite progress: tests succeeded: 177, failed: 0, skipped: 0.
Starting test testToStatic(org.jclouds.aws.ec2.options.RequestSpotInstancesOptionsTest)
[pool-10-thread-1] Test testToStatic(org.jclouds.aws.ec2.options.RequestSpotInstancesOptionsTest) succeeded: 0ms
Test suite progress: tests succeeded: 178, failed: 0, skipped: 0.
Starting test testInstanceTypeStatic(org.jclouds.aws.ec2.options.RequestSpotInstancesOptionsTest)
[pool-10-thread-3] Test testInstanceTypeStatic(org.jclouds.aws.ec2.options.RequestSpotInstancesOptionsTest) succeeded: 0ms
Test suite progress: tests succeeded: 179, failed: 0, skipped: 0.
Starting test testTo(org.jclouds.aws.ec2.options.RequestSpotInstancesOptionsTest)
Starting test testLaunchGroupNPE(org.jclouds.aws.ec2.options.RequestSpotInstancesOptionsTest)
[pool-10-thread-5] Test testLaunchGroupNPE(org.jclouds.aws.ec2.options.RequestSpotInstancesOptionsTest) succeeded: 0ms
Test suite progress: tests succeeded: 180, failed: 0, skipped: 0.
Starting test testLaunchGroupStatic(org.jclouds.aws.ec2.options.RequestSpotInstancesOptionsTest)
[pool-10-thread-2] Test testLaunchGroupStatic(org.jclouds.aws.ec2.options.RequestSpotInstancesOptionsTest) succeeded: 1ms
Test suite progress: tests succeeded: 181, failed: 0, skipped: 0.
[pool-10-thread-4] Test testTo(org.jclouds.aws.ec2.options.RequestSpotInstancesOptionsTest) succeeded: 5ms
Test suite progress: tests succeeded: 182, failed: 0, skipped: 0.
Starting test testCreateNodeWithIAMInstanceProfileArn(org.jclouds.aws.ec2.compute.AWSEC2ComputeServiceExpectTest)
Starting test testLaunchVPCSpotInstanceSubnetId(org.jclouds.aws.ec2.compute.AWSEC2ComputeServiceExpectTest)
Starting test testLaunchSpotInstanceIAMInstanceProfileArn(org.jclouds.aws.ec2.compute.AWSEC2ComputeServiceExpectTest)
Starting test testLaunchSpotInstanceIAMInstanceProfileName(org.jclouds.aws.ec2.compute.AWSEC2ComputeServiceExpectTest)
Starting test testCreateNodeWithIAMInstanceProfileName(org.jclouds.aws.ec2.compute.AWSEC2ComputeServiceExpectTest)
[pool-11-thread-2] Test testCreateNodeWithIAMInstanceProfileName(org.jclouds.aws.ec2.compute.AWSEC2ComputeServiceExpectTest) succeeded: 1168ms
Test suite progress: tests succeeded: 183, failed: 0, skipped: 0.
Starting test testListNodesWhereImageDoesntExist(org.jclouds.aws.ec2.compute.AWSEC2ComputeServiceExpectTest)
[pool-11-thread-1] Test testCreateNodeWithIAMInstanceProfileArn(org.jclouds.aws.ec2.compute.AWSEC2ComputeServiceExpectTest) succeeded: 1212ms
Test suite progress: tests succeeded: 184, failed: 0, skipped: 0.
[pool-11-thread-4] Test testLaunchSpotInstanceIAMInstanceProfileName(org.jclouds.aws.ec2.compute.AWSEC2ComputeServiceExpectTest) succeeded: 1197ms
Test suite progress: tests succeeded: 185, failed: 0, skipped: 0.
[pool-11-thread-3] Test testLaunchSpotInstanceIAMInstanceProfileArn(org.jclouds.aws.ec2.compute.AWSEC2ComputeServiceExpectTest) succeeded: 1237ms
Test suite progress: tests succeeded: 186, failed: 0, skipped: 0.
[pool-11-thread-5] Test testLaunchVPCSpotInstanceSubnetId(org.jclouds.aws.ec2.compute.AWSEC2ComputeServiceExpectTest) succeeded: 1261ms
Test suite progress: tests succeeded: 187, failed: 0, skipped: 0.
[pool-11-thread-2] Test testListNodesWhereImageDoesntExist(org.jclouds.aws.ec2.compute.AWSEC2ComputeServiceExpectTest) succeeded: 399ms
Test suite progress: tests succeeded: 188, failed: 0, skipped: 0.
Starting test testParseAlesticCanonicalImage(org.jclouds.aws.ec2.compute.strategy.AWSEC2ImageParserTest)
Starting test testParseCCImage(org.jclouds.aws.ec2.compute.strategy.AWSEC2ImageParserTest)
Starting test testParseRightScaleImage(org.jclouds.aws.ec2.compute.strategy.AWSEC2ImageParserTest)
Starting test testParseAmznImage(org.jclouds.aws.ec2.compute.strategy.AWSEC2ImageParserTest)
Starting test testParseVostokImage(org.jclouds.aws.ec2.compute.strategy.AWSEC2ImageParserTest)
[pool-12-thread-3] Test testParseCCImage(org.jclouds.aws.ec2.compute.strategy.AWSEC2ImageParserTest) succeeded: 174ms
Test suite progress: tests succeeded: 189, failed: 0, skipped: 0.
[pool-12-thread-2] Test testParseAmznImage(org.jclouds.aws.ec2.compute.strategy.AWSEC2ImageParserTest) succeeded: 177ms
Test suite progress: tests succeeded: 190, failed: 0, skipped: 0.
[pool-12-thread-5] Test testParseVostokImage(org.jclouds.aws.ec2.compute.strategy.AWSEC2ImageParserTest) succeeded: 181ms
Test suite progress: tests succeeded: 191, failed: 0, skipped: 0.
[pool-12-thread-1] Test testParseAlesticCanonicalImage(org.jclouds.aws.ec2.compute.strategy.AWSEC2ImageParserTest) succeeded: 197ms
Test suite progress: tests succeeded: 192, failed: 0, skipped: 0.
[pool-12-thread-4] Test testParseRightScaleImage(org.jclouds.aws.ec2.compute.strategy.AWSEC2ImageParserTest) succeeded: 216ms
Test suite progress: tests succeeded: 193, failed: 0, skipped: 0.
Starting test testCreateNewKeyPairUnlessUserSpecifiedOtherwise_ImportPublicKeyWhenOptionIsSet(org.jclouds.aws.ec2.compute.strategy.CreateKeyPairPlacementAndSecurityGroupsAsNeededAndReturnRunOptionsTest)
[pool-13-thread-1] Test testCreateNewKeyPairUnlessUserSpecifiedOtherwise_ImportPublicKeyWhenOptionIsSet(org.jclouds.aws.ec2.compute.strategy.CreateKeyPairPlacementAndSecurityGroupsAsNeededAndReturnRunOptionsTest) succeeded: 58ms
Test suite progress: tests succeeded: 194, failed: 0, skipped: 0.
Starting test testCreateNewKeyPairUnlessUserSpecifiedOtherwise_createsNewKeyPairAndReturnsItsNameWhenNoPublicKeySupplied(org.jclouds.aws.ec2.compute.strategy.CreateKeyPairPlacementAndSecurityGroupsAsNeededAndReturnRunOptionsTest)
[pool-13-thread-1] Test testCreateNewKeyPairUnlessUserSpecifiedOtherwise_createsNewKeyPairAndReturnsItsNameWhenNoPublicKeySupplied(org.jclouds.aws.ec2.compute.strategy.CreateKeyPairPlacementAndSecurityGroupsAsNeededAndReturnRunOptionsTest) succeeded: 74ms
Test suite progress: tests succeeded: 195, failed: 0, skipped: 0.
Starting test testCreateNewKeyPairUnlessUserSpecifiedOtherwise_doesntCreateAKeyPairAndReturnsNullWhenToldNotTo(org.jclouds.aws.ec2.compute.strategy.CreateKeyPairPlacementAndSecurityGroupsAsNeededAndReturnRunOptionsTest)
[pool-13-thread-1] Test testCreateNewKeyPairUnlessUserSpecifiedOtherwise_doesntCreateAKeyPairAndReturnsNullWhenToldNotTo(org.jclouds.aws.ec2.compute.strategy.CreateKeyPairPlacementAndSecurityGroupsAsNeededAndReturnRunOptionsTest) succeeded: 1ms
Test suite progress: tests succeeded: 196, failed: 0, skipped: 0.
Starting test testCreateNewKeyPairUnlessUserSpecifiedOtherwise_importsKeyPairAndUnsetsTemplateInstructionWhenPublicKeySupplied(org.jclouds.aws.ec2.compute.strategy.CreateKeyPairPlacementAndSecurityGroupsAsNeededAndReturnRunOptionsTest)
[pool-13-thread-1] Test testCreateNewKeyPairUnlessUserSpecifiedOtherwise_importsKeyPairAndUnsetsTemplateInstructionWhenPublicKeySupplied(org.jclouds.aws.ec2.compute.strategy.CreateKeyPairPlacementAndSecurityGroupsAsNeededAndReturnRunOptionsTest) succeeded: 0ms
Test suite progress: tests succeeded: 197, failed: 0, skipped: 0.
Starting test testCreateNewKeyPairUnlessUserSpecifiedOtherwise_importsKeyPairAndUnsetsTemplateInstructionWhenPublicKeySuppliedAndAddsCredentialToMapWhenOverridingCredsAreSet(org.jclouds.aws.ec2.compute.strategy.CreateKeyPairPlacementAndSecurityGroupsAsNeededAndReturnRunOptionsTest)
[pool-13-thread-1] Test testCreateNewKeyPairUnlessUserSpecifiedOtherwise_importsKeyPairAndUnsetsTemplateInstructionWhenPublicKeySuppliedAndAddsCredentialToMapWhenOverridingCredsAreSet(org.jclouds.aws.ec2.compute.strategy.CreateKeyPairPlacementAndSecurityGroupsAsNeededAndReturnRunOptionsTest) succeeded: 12ms
Test suite progress: tests succeeded: 198, failed: 0, skipped: 0.
Starting test testCreateNewKeyPairUnlessUserSpecifiedOtherwise_returnsExistingKeyIfAlreadyPresent(org.jclouds.aws.ec2.compute.strategy.CreateKeyPairPlacementAndSecurityGroupsAsNeededAndReturnRunOptionsTest)
[pool-13-thread-1] Test testCreateNewKeyPairUnlessUserSpecifiedOtherwise_returnsExistingKeyIfAlreadyPresent(org.jclouds.aws.ec2.compute.strategy.CreateKeyPairPlacementAndSecurityGroupsAsNeededAndReturnRunOptionsTest) succeeded: 1ms
Test suite progress: tests succeeded: 199, failed: 0, skipped: 0.
Starting test testCreateNewKeyPairUnlessUserSpecifiedOtherwise_reusesKeyWhenToldToWithRunScriptAndCredentialsAlreadyInMap(org.jclouds.aws.ec2.compute.strategy.CreateKeyPairPlacementAndSecurityGroupsAsNeededAndReturnRunOptionsTest)
[pool-13-thread-1] Test testCreateNewKeyPairUnlessUserSpecifiedOtherwise_reusesKeyWhenToldToWithRunScriptAndCredentialsAlreadyInMap(org.jclouds.aws.ec2.compute.strategy.CreateKeyPairPlacementAndSecurityGroupsAsNeededAndReturnRunOptionsTest) succeeded: 1ms
Test suite progress: tests succeeded: 200, failed: 0, skipped: 0.
Starting test testCreateNewKeyPairUnlessUserSpecifiedOtherwise_reusesKeyWhenToldToWithRunScriptButNoCredentials(org.jclouds.aws.ec2.compute.strategy.CreateKeyPairPlacementAndSecurityGroupsAsNeededAndReturnRunOptionsTest)
[pool-13-thread-1] Test testCreateNewKeyPairUnlessUserSpecifiedOtherwise_reusesKeyWhenToldToWithRunScriptButNoCredentials(org.jclouds.aws.ec2.compute.strategy.CreateKeyPairPlacementAndSecurityGroupsAsNeededAndReturnRunOptionsTest) succeeded: 1ms
Test suite progress: tests succeeded: 201, failed: 0, skipped: 0.
Starting test testCreateNewPlacementGroupUnlessUserSpecifiedOtherwise_createsNewPlacementGroupAndReturnsItsNameByDefault(org.jclouds.aws.ec2.compute.strategy.CreateKeyPairPlacementAndSecurityGroupsAsNeededAndReturnRunOptionsTest)
[pool-13-thread-1] Test testCreateNewPlacementGroupUnlessUserSpecifiedOtherwise_createsNewPlacementGroupAndReturnsItsNameByDefault(org.jclouds.aws.ec2.compute.strategy.CreateKeyPairPlacementAndSecurityGroupsAsNeededAndReturnRunOptionsTest) succeeded: 5ms
Test suite progress: tests succeeded: 202, failed: 0, skipped: 0.
Starting test testCreateNewPlacementGroupUnlessUserSpecifiedOtherwise_doesntCreateAPlacementGroupAndReturnsNullWhenToldNotTo(org.jclouds.aws.ec2.compute.strategy.CreateKeyPairPlacementAndSecurityGroupsAsNeededAndReturnRunOptionsTest)
[pool-13-thread-1] Test testCreateNewPlacementGroupUnlessUserSpecifiedOtherwise_doesntCreateAPlacementGroupAndReturnsNullWhenToldNotTo(org.jclouds.aws.ec2.compute.strategy.CreateKeyPairPlacementAndSecurityGroupsAsNeededAndReturnRunOptionsTest) succeeded: 6ms
Test suite progress: tests succeeded: 203, failed: 0, skipped: 0.
Starting test testCreateNewPlacementGroupUnlessUserSpecifiedOtherwise_reusesKeyWhenToldTo(org.jclouds.aws.ec2.compute.strategy.CreateKeyPairPlacementAndSecurityGroupsAsNeededAndReturnRunOptionsTest)
[pool-13-thread-1] Test testCreateNewPlacementGroupUnlessUserSpecifiedOtherwise_reusesKeyWhenToldTo(org.jclouds.aws.ec2.compute.strategy.CreateKeyPairPlacementAndSecurityGroupsAsNeededAndReturnRunOptionsTest) succeeded: 1ms
Test suite progress: tests succeeded: 204, failed: 0, skipped: 0.
Starting test testGetSecurityGroupsForTagAndOptions_createsNewGroupByDefaultWhenNoPortsAreSpecifiedWhenDoesntExist(org.jclouds.aws.ec2.compute.strategy.CreateKeyPairPlacementAndSecurityGroupsAsNeededAndReturnRunOptionsTest)
[pool-13-thread-1] Test testGetSecurityGroupsForTagAndOptions_createsNewGroupByDefaultWhenNoPortsAreSpecifiedWhenDoesntExist(org.jclouds.aws.ec2.compute.strategy.CreateKeyPairPlacementAndSecurityGroupsAsNeededAndReturnRunOptionsTest) succeeded: 1ms
Test suite progress: tests succeeded: 205, failed: 0, skipped: 0.
Starting test testGetSecurityGroupsForTagAndOptions_createsNewGroupByDefaultWhenPortsAreSpecifiedWhenDoesntExist(org.jclouds.aws.ec2.compute.strategy.CreateKeyPairPlacementAndSecurityGroupsAsNeededAndReturnRunOptionsTest)
[pool-13-thread-1] Test testGetSecurityGroupsForTagAndOptions_createsNewGroupByDefaultWhenPortsAreSpecifiedWhenDoesntExist(org.jclouds.aws.ec2.compute.strategy.CreateKeyPairPlacementAndSecurityGroupsAsNeededAndReturnRunOptionsTest) succeeded: 1ms
Test suite progress: tests succeeded: 206, failed: 0, skipped: 0.
Starting test testGetSecurityGroupsForTagAndOptions_reusesGroupByDefaultWhenNoPortsAreSpecifiedWhenDoesExist(org.jclouds.aws.ec2.compute.strategy.CreateKeyPairPlacementAndSecurityGroupsAsNeededAndReturnRunOptionsTest)
[pool-13-thread-1] Test testGetSecurityGroupsForTagAndOptions_reusesGroupByDefaultWhenNoPortsAreSpecifiedWhenDoesExist(org.jclouds.aws.ec2.compute.strategy.CreateKeyPairPlacementAndSecurityGroupsAsNeededAndReturnRunOptionsTest) succeeded: 1ms
Test suite progress: tests succeeded: 207, failed: 0, skipped: 0.
Starting test testGetSecurityGroupsForTagAndOptions_reusesGroupByDefaultWhenNoPortsAreSpecifiedWhenDoesExistAndAcceptsUserSuppliedGroupIds(org.jclouds.aws.ec2.compute.strategy.CreateKeyPairPlacementAndSecurityGroupsAsNeededAndReturnRunOptionsTest)
[pool-13-thread-1] Test testGetSecurityGroupsForTagAndOptions_reusesGroupByDefaultWhenNoPortsAreSpecifiedWhenDoesExistAndAcceptsUserSuppliedGroupIds(org.jclouds.aws.ec2.compute.strategy.CreateKeyPairPlacementAndSecurityGroupsAsNeededAndReturnRunOptionsTest) succeeded: 1ms
Test suite progress: tests succeeded: 208, failed: 0, skipped: 0.
Starting test testGetSecurityGroupsForTagAndOptions_reusesGroupByDefaultWhenNoPortsAreSpecifiedWhenDoesExistAndAcceptsUserSuppliedGroups(org.jclouds.aws.ec2.compute.strategy.CreateKeyPairPlacementAndSecurityGroupsAsNeededAndReturnRunOptionsTest)
[pool-13-thread-1] Test testGetSecurityGroupsForTagAndOptions_reusesGroupByDefaultWhenNoPortsAreSpecifiedWhenDoesExistAndAcceptsUserSuppliedGroups(org.jclouds.aws.ec2.compute.strategy.CreateKeyPairPlacementAndSecurityGroupsAsNeededAndReturnRunOptionsTest) succeeded: 1ms
Test suite progress: tests succeeded: 209, failed: 0, skipped: 0.
Starting test testConvert(org.jclouds.aws.ec2.functions.SpotInstanceRequestToAWSRunningInstanceTest)
[pool-14-thread-1] Test testConvert(org.jclouds.aws.ec2.functions.SpotInstanceRequestToAWSRunningInstanceTest) succeeded: 2ms
Test suite progress: tests succeeded: 210, failed: 0, skipped: 0.
Starting test testConvertWhenNotOpenReturnsNull(org.jclouds.aws.ec2.functions.SpotInstanceRequestToAWSRunningInstanceTest)
[pool-14-thread-2] Test testConvertWhenNotOpenReturnsNull(org.jclouds.aws.ec2.functions.SpotInstanceRequestToAWSRunningInstanceTest) succeeded: 0ms
Test suite progress: tests succeeded: 211, failed: 0, skipped: 0.
Starting test testParseNoNPE(org.jclouds.aws.ec2.xml.AWSDescribeInstancesResponseHandlerTest)
Starting test testWhenRunningLatest(org.jclouds.aws.ec2.xml.AWSDescribeInstancesResponseHandlerTest)
Starting test test(org.jclouds.aws.ec2.parse.DescribeInstancesResponseTest)
[pool-15-thread-3] Test test(org.jclouds.aws.ec2.parse.DescribeInstancesResponseTest) succeeded: 17ms
Test suite progress: tests succeeded: 212, failed: 0, skipped: 0.
[pool-15-thread-2] Test testWhenRunningLatest(org.jclouds.aws.ec2.xml.AWSDescribeInstancesResponseHandlerTest) succeeded: 21ms
Test suite progress: tests succeeded: 213, failed: 0, skipped: 0.
[pool-15-thread-1] Test testParseNoNPE(org.jclouds.aws.ec2.xml.AWSDescribeInstancesResponseHandlerTest) succeeded: 56ms
Test suite progress: tests succeeded: 214, failed: 0, skipped: 0.
Starting test test(org.jclouds.aws.ec2.parse.DescribeSecurityGroupsResponseTest)
[pool-16-thread-1] Test test(org.jclouds.aws.ec2.parse.DescribeSecurityGroupsResponseTest) succeeded: 3ms
Test suite progress: tests succeeded: 215, failed: 0, skipped: 0.
Starting test testAddLaunchPermissionsToImage(org.jclouds.aws.ec2.services.AWSAMIAsyncClientTest)
Starting test testAddProductCodesToImage(org.jclouds.aws.ec2.services.AWSAMIAsyncClientTest)
[pool-17-thread-2] Test testAddProductCodesToImage(org.jclouds.aws.ec2.services.AWSAMIAsyncClientTest) succeeded: 7ms
Test suite progress: tests succeeded: 216, failed: 0, skipped: 0.
[pool-17-thread-1] Test testAddLaunchPermissionsToImage(org.jclouds.aws.ec2.services.AWSAMIAsyncClientTest) succeeded: 18ms
Test suite progress: tests succeeded: 217, failed: 0, skipped: 0.
Starting test testCreateImage(org.jclouds.aws.ec2.services.AWSAMIAsyncClientTest)
Starting test testDeregisterImage(org.jclouds.aws.ec2.services.AWSAMIAsyncClientTest)
Starting test testCreateImageOptions(org.jclouds.aws.ec2.services.AWSAMIAsyncClientTest)
[pool-17-thread-5] Test testDeregisterImage(org.jclouds.aws.ec2.services.AWSAMIAsyncClientTest) succeeded: 8ms
Test suite progress: tests succeeded: 218, failed: 0, skipped: 0.
[pool-17-thread-3] Test testCreateImage(org.jclouds.aws.ec2.services.AWSAMIAsyncClientTest) succeeded: 10ms
Test suite progress: tests succeeded: 219, failed: 0, skipped: 0.
Starting test testDescribeImages(org.jclouds.aws.ec2.services.AWSAMIAsyncClientTest)
Starting test testDescribeImagesOptions(org.jclouds.aws.ec2.services.AWSAMIAsyncClientTest)
[pool-17-thread-4] Test testCreateImageOptions(org.jclouds.aws.ec2.services.AWSAMIAsyncClientTest) succeeded: 9ms
Test suite progress: tests succeeded: 220, failed: 0, skipped: 0.
Starting test testGetBlockDeviceMappingsForImage(org.jclouds.aws.ec2.services.AWSAMIAsyncClientTest)
Starting test testGetLaunchPermissionForImage(org.jclouds.aws.ec2.services.AWSAMIAsyncClientTest)
Starting test testGetProductCodesForImage(org.jclouds.aws.ec2.services.AWSAMIAsyncClientTest)
[pool-17-thread-5] Test testDescribeImages(org.jclouds.aws.ec2.services.AWSAMIAsyncClientTest) succeeded: 7ms
Test suite progress: tests succeeded: 221, failed: 0, skipped: 0.
[pool-17-thread-3] Test testDescribeImagesOptions(org.jclouds.aws.ec2.services.AWSAMIAsyncClientTest) succeeded: 6ms
Test suite progress: tests succeeded: 222, failed: 0, skipped: 0.
Starting test testRegisterImageBackedByEBS(org.jclouds.aws.ec2.services.AWSAMIAsyncClientTest)
Starting test testRegisterImageBackedByEBSOptions(org.jclouds.aws.ec2.services.AWSAMIAsyncClientTest)
[pool-17-thread-2] Test testGetLaunchPermissionForImage(org.jclouds.aws.ec2.services.AWSAMIAsyncClientTest) succeeded: 12ms
Test suite progress: tests succeeded: 223, failed: 0, skipped: 0.
Starting test testRegisterImageFromManifest(org.jclouds.aws.ec2.services.AWSAMIAsyncClientTest)
[pool-17-thread-3] Test testRegisterImageBackedByEBSOptions(org.jclouds.aws.ec2.services.AWSAMIAsyncClientTest) succeeded: 13ms
Test suite progress: tests succeeded: 224, failed: 0, skipped: 0.
Starting test testRegisterImageFromManifestOptions(org.jclouds.aws.ec2.services.AWSAMIAsyncClientTest)
[pool-17-thread-5] Test testRegisterImageBackedByEBS(org.jclouds.aws.ec2.services.AWSAMIAsyncClientTest) succeeded: 14ms
Test suite progress: tests succeeded: 225, failed: 0, skipped: 0.
Starting test testRemoveLaunchPermissionsFromImage(org.jclouds.aws.ec2.services.AWSAMIAsyncClientTest)
[pool-17-thread-3] Test testRegisterImageFromManifestOptions(org.jclouds.aws.ec2.services.AWSAMIAsyncClientTest) succeeded: 4ms
Test suite progress: tests succeeded: 226, failed: 0, skipped: 0.
Starting test testRemoveProductCodesFromImage(org.jclouds.aws.ec2.services.AWSAMIAsyncClientTest)
[pool-17-thread-5] Test testRemoveLaunchPermissionsFromImage(org.jclouds.aws.ec2.services.AWSAMIAsyncClientTest) succeeded: 5ms
Test suite progress: tests succeeded: 227, failed: 0, skipped: 0.
Starting test testResetLaunchPermissionsOnImage(org.jclouds.aws.ec2.services.AWSAMIAsyncClientTest)
[pool-17-thread-3] Test testRemoveProductCodesFromImage(org.jclouds.aws.ec2.services.AWSAMIAsyncClientTest) succeeded: 2ms
Test suite progress: tests succeeded: 228, failed: 0, skipped: 0.
[pool-17-thread-5] Test testResetLaunchPermissionsOnImage(org.jclouds.aws.ec2.services.AWSAMIAsyncClientTest) succeeded: 8ms
Test suite progress: tests succeeded: 229, failed: 0, skipped: 0.
[pool-17-thread-4] Test testGetBlockDeviceMappingsForImage(org.jclouds.aws.ec2.services.AWSAMIAsyncClientTest) succeeded: 35ms
Test suite progress: tests succeeded: 230, failed: 0, skipped: 0.
[pool-17-thread-1] Test testGetProductCodesForImage(org.jclouds.aws.ec2.services.AWSAMIAsyncClientTest) succeeded: 36ms
Test suite progress: tests succeeded: 231, failed: 0, skipped: 0.
[pool-17-thread-2] Test testRegisterImageFromManifest(org.jclouds.aws.ec2.services.AWSAMIAsyncClientTest) succeeded: 24ms
Test suite progress: tests succeeded: 232, failed: 0, skipped: 0.
Starting test testDescribeInstances(org.jclouds.aws.ec2.services.AWSInstanceAsyncClientTest)
Starting test testDescribeInstancesArgs(org.jclouds.aws.ec2.services.AWSInstanceAsyncClientTest)
Starting test testGetBlockDeviceMappingForInstanceInRegion(org.jclouds.aws.ec2.services.AWSInstanceAsyncClientTest)
Starting test testGetDisableApiTerminationForInstanceInRegion(org.jclouds.aws.ec2.services.AWSInstanceAsyncClientTest)
Starting test testGetInstanceInitiatedShutdownBehaviorForInstanceInRegion(org.jclouds.aws.ec2.services.AWSInstanceAsyncClientTest)
[pool-18-thread-4] Test testGetDisableApiTerminationForInstanceInRegion(org.jclouds.aws.ec2.services.AWSInstanceAsyncClientTest) succeeded: 10ms
Test suite progress: tests succeeded: 233, failed: 0, skipped: 0.
[pool-18-thread-3] Test testGetBlockDeviceMappingForInstanceInRegion(org.jclouds.aws.ec2.services.AWSInstanceAsyncClientTest) succeeded: 13ms
Test suite progress: tests succeeded: 234, failed: 0, skipped: 0.
[pool-18-thread-1] Test testDescribeInstances(org.jclouds.aws.ec2.services.AWSInstanceAsyncClientTest) succeeded: 18ms
Test suite progress: tests succeeded: 235, failed: 0, skipped: 0.
[pool-18-thread-2] Test testDescribeInstancesArgs(org.jclouds.aws.ec2.services.AWSInstanceAsyncClientTest) succeeded: 15ms
Test suite progress: tests succeeded: 236, failed: 0, skipped: 0.
[pool-18-thread-5] Test testGetInstanceInitiatedShutdownBehaviorForInstanceInRegion(org.jclouds.aws.ec2.services.AWSInstanceAsyncClientTest) succeeded: 8ms
Test suite progress: tests succeeded: 237, failed: 0, skipped: 0.
Starting test testGetInstanceTypeForInstanceInRegion(org.jclouds.aws.ec2.services.AWSInstanceAsyncClientTest)
Starting test testGetKernelForInstanceInRegion(org.jclouds.aws.ec2.services.AWSInstanceAsyncClientTest)
Starting test testGetRamdiskForInstanceInRegion(org.jclouds.aws.ec2.services.AWSInstanceAsyncClientTest)
Starting test testGetRootDeviceNameForInstanceInRegion(org.jclouds.aws.ec2.services.AWSInstanceAsyncClientTest)
Starting test testGetUserDataForInstanceInRegion(org.jclouds.aws.ec2.services.AWSInstanceAsyncClientTest)
[pool-18-thread-5] Test testGetInstanceTypeForInstanceInRegion(org.jclouds.aws.ec2.services.AWSInstanceAsyncClientTest) succeeded: 6ms
Test suite progress: tests succeeded: 238, failed: 0, skipped: 0.
Starting test testRebootInstances(org.jclouds.aws.ec2.services.AWSInstanceAsyncClientTest)
[pool-18-thread-5] Test testRebootInstances(org.jclouds.aws.ec2.services.AWSInstanceAsyncClientTest) succeeded: 3ms
Test suite progress: tests succeeded: 239, failed: 0, skipped: 0.
Starting test testRunInstances(org.jclouds.aws.ec2.services.AWSInstanceAsyncClientTest)
[pool-18-thread-2] Test testGetKernelForInstanceInRegion(org.jclouds.aws.ec2.services.AWSInstanceAsyncClientTest) succeeded: 14ms
Test suite progress: tests succeeded: 240, failed: 0, skipped: 0.
Starting test testRunInstancesOptions(org.jclouds.aws.ec2.services.AWSInstanceAsyncClientTest)
[pool-18-thread-4] Test testGetUserDataForInstanceInRegion(org.jclouds.aws.ec2.services.AWSInstanceAsyncClientTest) succeeded: 18ms
Test suite progress: tests succeeded: 241, failed: 0, skipped: 0.
Starting test testSetApiTerminationDisabledForInstanceInRegion(org.jclouds.aws.ec2.services.AWSInstanceAsyncClientTest)
[pool-18-thread-3] Test testGetRootDeviceNameForInstanceInRegion(org.jclouds.aws.ec2.services.AWSInstanceAsyncClientTest) succeeded: 21ms
Test suite progress: tests succeeded: 242, failed: 0, skipped: 0.
[pool-18-thread-1] Test testGetRamdiskForInstanceInRegion(org.jclouds.aws.ec2.services.AWSInstanceAsyncClientTest) succeeded: 22ms
Test suite progress: tests succeeded: 243, failed: 0, skipped: 0.
Starting test testSetBlockDeviceMappingForInstanceInRegion(org.jclouds.aws.ec2.services.AWSInstanceAsyncClientTest)
Starting test testSetInstanceInitiatedShutdownBehaviorForInstanceInRegion(org.jclouds.aws.ec2.services.AWSInstanceAsyncClientTest)
[pool-18-thread-3] Test testSetInstanceInitiatedShutdownBehaviorForInstanceInRegion(org.jclouds.aws.ec2.services.AWSInstanceAsyncClientTest) succeeded: 4ms
Test suite progress: tests succeeded: 244, failed: 0, skipped: 0.
Starting test testSetInstanceTypeForInstanceInRegion(org.jclouds.aws.ec2.services.AWSInstanceAsyncClientTest)
[pool-18-thread-3] Test testSetInstanceTypeForInstanceInRegion(org.jclouds.aws.ec2.services.AWSInstanceAsyncClientTest) succeeded: 3ms
Test suite progress: tests succeeded: 245, failed: 0, skipped: 0.
Starting test testSetKernelForInstanceInRegion(org.jclouds.aws.ec2.services.AWSInstanceAsyncClientTest)
[pool-18-thread-1] Test testSetBlockDeviceMappingForInstanceInRegion(org.jclouds.aws.ec2.services.AWSInstanceAsyncClientTest) succeeded: 9ms
Test suite progress: tests succeeded: 246, failed: 0, skipped: 0.
Starting test testSetRamdiskForInstanceInRegion(org.jclouds.aws.ec2.services.AWSInstanceAsyncClientTest)
[pool-18-thread-2] Test testRunInstancesOptions(org.jclouds.aws.ec2.services.AWSInstanceAsyncClientTest) succeeded: 22ms
Test suite progress: tests succeeded: 247, failed: 0, skipped: 0.
Starting test testSetUserDataForInstanceInRegion(org.jclouds.aws.ec2.services.AWSInstanceAsyncClientTest)
[pool-18-thread-2] Test testSetUserDataForInstanceInRegion(org.jclouds.aws.ec2.services.AWSInstanceAsyncClientTest) succeeded: 6ms
Test suite progress: tests succeeded: 248, failed: 0, skipped: 0.
Starting test testStartInstances(org.jclouds.aws.ec2.services.AWSInstanceAsyncClientTest)
[pool-18-thread-3] Test testSetKernelForInstanceInRegion(org.jclouds.aws.ec2.services.AWSInstanceAsyncClientTest) succeeded: 14ms
Test suite progress: tests succeeded: 249, failed: 0, skipped: 0.
Starting test testStopInstances(org.jclouds.aws.ec2.services.AWSInstanceAsyncClientTest)
[pool-18-thread-5] Test testRunInstances(org.jclouds.aws.ec2.services.AWSInstanceAsyncClientTest) succeeded: 48ms
Test suite progress: tests succeeded: 250, failed: 0, skipped: 0.
[pool-18-thread-3] Test testStopInstances(org.jclouds.aws.ec2.services.AWSInstanceAsyncClientTest) succeeded: 10ms
Test suite progress: tests succeeded: 251, failed: 0, skipped: 0.
Starting test testTerminateInstances(org.jclouds.aws.ec2.services.AWSInstanceAsyncClientTest)
[pool-18-thread-1] Test testSetRamdiskForInstanceInRegion(org.jclouds.aws.ec2.services.AWSInstanceAsyncClientTest) succeeded: 25ms
Test suite progress: tests succeeded: 252, failed: 0, skipped: 0.
[pool-18-thread-5] Test testTerminateInstances(org.jclouds.aws.ec2.services.AWSInstanceAsyncClientTest) succeeded: 4ms
Test suite progress: tests succeeded: 253, failed: 0, skipped: 0.
[pool-18-thread-2] Test testStartInstances(org.jclouds.aws.ec2.services.AWSInstanceAsyncClientTest) succeeded: 19ms
Test suite progress: tests succeeded: 254, failed: 0, skipped: 0.
[pool-18-thread-4] Test testSetApiTerminationDisabledForInstanceInRegion(org.jclouds.aws.ec2.services.AWSInstanceAsyncClientTest) succeeded: 42ms
Test suite progress: tests succeeded: 255, failed: 0, skipped: 0.
Starting test testCreateKeyPair(org.jclouds.aws.ec2.services.AWSKeyPairAsyncClientTest)
[pool-19-thread-1] Test testCreateKeyPair(org.jclouds.aws.ec2.services.AWSKeyPairAsyncClientTest) succeeded: 11ms
Test suite progress: tests succeeded: 256, failed: 0, skipped: 0.
Starting test testDescribeKeyPairs(org.jclouds.aws.ec2.services.AWSKeyPairAsyncClientTest)
Starting test testDeleteKeyPair(org.jclouds.aws.ec2.services.AWSKeyPairAsyncClientTest)
[pool-19-thread-2] Test testDeleteKeyPair(org.jclouds.aws.ec2.services.AWSKeyPairAsyncClientTest) succeeded: 2ms
Test suite progress: tests succeeded: 257, failed: 0, skipped: 0.
[pool-19-thread-3] Test testDescribeKeyPairs(org.jclouds.aws.ec2.services.AWSKeyPairAsyncClientTest) succeeded: 8ms
Starting test testDescribeKeyPairsArgs(org.jclouds.aws.ec2.services.AWSKeyPairAsyncClientTest)
Test suite progress: tests succeeded: 258, failed: 0, skipped: 0.
Starting test testImportKeyPair(org.jclouds.aws.ec2.services.AWSKeyPairAsyncClientTest)
[pool-19-thread-4] Test testDescribeKeyPairsArgs(org.jclouds.aws.ec2.services.AWSKeyPairAsyncClientTest) succeeded: 3ms
Test suite progress: tests succeeded: 259, failed: 0, skipped: 0.
[pool-19-thread-5] Test testImportKeyPair(org.jclouds.aws.ec2.services.AWSKeyPairAsyncClientTest) succeeded: 6ms
Test suite progress: tests succeeded: 260, failed: 0, skipped: 0.
Starting test testAuthorizeSecurityGroupIpPermission(org.jclouds.aws.ec2.services.AWSSecurityGroupAsyncClientTest)
Starting test testAuthorizeSecurityGroupIpPermissions(org.jclouds.aws.ec2.services.AWSSecurityGroupAsyncClientTest)
Starting test testCreateSecurityGroup(org.jclouds.aws.ec2.services.AWSSecurityGroupAsyncClientTest)
[pool-20-thread-1] Test testAuthorizeSecurityGroupIpPermission(org.jclouds.aws.ec2.services.AWSSecurityGroupAsyncClientTest) succeeded: 10ms
Test suite progress: tests succeeded: 261, failed: 0, skipped: 0.
[pool-20-thread-3] Test testCreateSecurityGroup(org.jclouds.aws.ec2.services.AWSSecurityGroupAsyncClientTest) succeeded: 7ms
Test suite progress: tests succeeded: 262, failed: 0, skipped: 0.
[pool-20-thread-2] Test testAuthorizeSecurityGroupIpPermissions(org.jclouds.aws.ec2.services.AWSSecurityGroupAsyncClientTest) succeeded: 9ms
Test suite progress: tests succeeded: 263, failed: 0, skipped: 0.
Starting test testDeleteSecurityGroup(org.jclouds.aws.ec2.services.AWSSecurityGroupAsyncClientTest)
[pool-20-thread-4] Test testDeleteSecurityGroup(org.jclouds.aws.ec2.services.AWSSecurityGroupAsyncClientTest) succeeded: 3ms
Test suite progress: tests succeeded: 264, failed: 0, skipped: 0.
Starting test testDescribeSecurityGroups(org.jclouds.aws.ec2.services.AWSSecurityGroupAsyncClientTest)
Starting test testDescribeSecurityGroupsArgs(org.jclouds.aws.ec2.services.AWSSecurityGroupAsyncClientTest)
Starting test testRevokeSecurityGroupIpPermission(org.jclouds.aws.ec2.services.AWSSecurityGroupAsyncClientTest)
Starting test testRevokeSecurityGroupIpPermissions(org.jclouds.aws.ec2.services.AWSSecurityGroupAsyncClientTest)
[pool-20-thread-3] Test testRevokeSecurityGroupIpPermissions(org.jclouds.aws.ec2.services.AWSSecurityGroupAsyncClientTest) succeeded: 4ms
Test suite progress: tests succeeded: 265, failed: 0, skipped: 0.
[pool-20-thread-4] Test testDescribeSecurityGroupsArgs(org.jclouds.aws.ec2.services.AWSSecurityGroupAsyncClientTest) succeeded: 7ms
Test suite progress: tests succeeded: 266, failed: 0, skipped: 0.
[pool-20-thread-5] Test testDescribeSecurityGroups(org.jclouds.aws.ec2.services.AWSSecurityGroupAsyncClientTest) succeeded: 7ms
Test suite progress: tests succeeded: 267, failed: 0, skipped: 0.
[pool-20-thread-2] Test testRevokeSecurityGroupIpPermission(org.jclouds.aws.ec2.services.AWSSecurityGroupAsyncClientTest) succeeded: 8ms
Test suite progress: tests succeeded: 268, failed: 0, skipped: 0.
Starting test testMonitorInstances(org.jclouds.aws.ec2.services.MonitoringAsyncClientTest)
Starting test testUnmonitorInstances(org.jclouds.aws.ec2.services.MonitoringAsyncClientTest)
[pool-21-thread-2] Test testUnmonitorInstances(org.jclouds.aws.ec2.services.MonitoringAsyncClientTest) succeeded: 9ms
Test suite progress: tests succeeded: 269, failed: 0, skipped: 0.
[pool-21-thread-1] Test testMonitorInstances(org.jclouds.aws.ec2.services.MonitoringAsyncClientTest) succeeded: 11ms
Test suite progress: tests succeeded: 270, failed: 0, skipped: 0.
Starting test testCreatePlacementGroup(org.jclouds.aws.ec2.services.PlacementGroupAsyncClientTest)
[pool-22-thread-1] Test testCreatePlacementGroup(org.jclouds.aws.ec2.services.PlacementGroupAsyncClientTest) succeeded: 4ms
Test suite progress: tests succeeded: 271, failed: 0, skipped: 0.
Starting test testCreatePlacementGroupDefault(org.jclouds.aws.ec2.services.PlacementGroupAsyncClientTest)
[pool-22-thread-2] Test testCreatePlacementGroupDefault(org.jclouds.aws.ec2.services.PlacementGroupAsyncClientTest) succeeded: 2ms
Test suite progress: tests succeeded: 272, failed: 0, skipped: 0.
Starting test testDeletePlacementGroup(org.jclouds.aws.ec2.services.PlacementGroupAsyncClientTest)
[pool-22-thread-3] Test testDeletePlacementGroup(org.jclouds.aws.ec2.services.PlacementGroupAsyncClientTest) succeeded: 1ms
Test suite progress: tests succeeded: 273, failed: 0, skipped: 0.
Starting test testDescribePlacementGroups(org.jclouds.aws.ec2.services.PlacementGroupAsyncClientTest)
Starting test testDescribePlacementGroupsArgs(org.jclouds.aws.ec2.services.PlacementGroupAsyncClientTest)
[pool-22-thread-4] Test testDescribePlacementGroups(org.jclouds.aws.ec2.services.PlacementGroupAsyncClientTest) succeeded: 10ms
Test suite progress: tests succeeded: 274, failed: 0, skipped: 0.
[pool-22-thread-5] Test testDescribePlacementGroupsArgs(org.jclouds.aws.ec2.services.PlacementGroupAsyncClientTest) succeeded: 9ms
Test suite progress: tests succeeded: 275, failed: 0, skipped: 0.
Starting test testCancelSpotInstanceRequests(org.jclouds.aws.ec2.services.SpotInstanceAsyncClientTest)
Starting test testDescribeSpotPriceHistory(org.jclouds.aws.ec2.services.SpotInstanceAsyncClientTest)
[pool-23-thread-1] Test testCancelSpotInstanceRequests(org.jclouds.aws.ec2.services.SpotInstanceAsyncClientTest) succeeded: 4ms
Test suite progress: tests succeeded: 276, failed: 0, skipped: 0.
Starting test testDescribeSpotPriceHistoryArgs(org.jclouds.aws.ec2.services.SpotInstanceAsyncClientTest)
[pool-23-thread-2] Test testDescribeSpotPriceHistory(org.jclouds.aws.ec2.services.SpotInstanceAsyncClientTest) succeeded: 14ms
Test suite progress: tests succeeded: 277, failed: 0, skipped: 0.
[pool-23-thread-3] Test testDescribeSpotPriceHistoryArgs(org.jclouds.aws.ec2.services.SpotInstanceAsyncClientTest) succeeded: 12ms
Test suite progress: tests succeeded: 278, failed: 0, skipped: 0.
Starting test testApplyInputStream(org.jclouds.aws.ec2.xml.AWSRunInstancesResponseHandlerTest)
Starting test testApplyInputStreamDoesntNPE(org.jclouds.aws.ec2.xml.AWSRunInstancesResponseHandlerTest)
[pool-24-thread-2] Test testApplyInputStreamDoesntNPE(org.jclouds.aws.ec2.xml.AWSRunInstancesResponseHandlerTest) succeeded: 3ms
Test suite progress: tests succeeded: 279, failed: 0, skipped: 0.
[pool-24-thread-1] Test testApplyInputStream(org.jclouds.aws.ec2.xml.AWSRunInstancesResponseHandlerTest) succeeded: 8ms
Test suite progress: tests succeeded: 280, failed: 0, skipped: 0.
Starting test testApplyInputStream(org.jclouds.aws.ec2.xml.DescribePlacementGroupsResponseHandlerTest)
[pool-25-thread-1] Test testApplyInputStream(org.jclouds.aws.ec2.xml.DescribePlacementGroupsResponseHandlerTest) succeeded: 2ms
Test suite progress: tests succeeded: 281, failed: 0, skipped: 0.
Starting test testApplyInputStream(org.jclouds.aws.ec2.xml.DescribeReservedInstancesOfferingResponseHandlerTest)
[pool-26-thread-1] Test testApplyInputStream(org.jclouds.aws.ec2.xml.DescribeReservedInstancesOfferingResponseHandlerTest) succeeded: 9ms
Test suite progress: tests succeeded: 282, failed: 0, skipped: 0.
Starting test testApplyInputStream(org.jclouds.aws.ec2.xml.DescribeSpotPriceHistoryResponseHandlerTest)
[pool-27-thread-1] Test testApplyInputStream(org.jclouds.aws.ec2.xml.DescribeSpotPriceHistoryResponseHandlerTest) succeeded: 10ms
Test suite progress: tests succeeded: 283, failed: 0, skipped: 0.
Starting test testApplyInputStream(org.jclouds.aws.ec2.xml.MonitoringStateHandlerTest)
[pool-28-thread-1] Test testApplyInputStream(org.jclouds.aws.ec2.xml.MonitoringStateHandlerTest) succeeded: 3ms
Test suite progress: tests succeeded: 284, failed: 0, skipped: 0.
Starting test testApplyInputStream(org.jclouds.aws.ec2.xml.ProductCodesHandlerTest)
[pool-29-thread-1] Test testApplyInputStream(org.jclouds.aws.ec2.xml.ProductCodesHandlerTest) succeeded: 3ms
Test suite progress: tests succeeded: 285, failed: 0, skipped: 0.
Starting test testApplyInputStream(org.jclouds.aws.ec2.xml.SpotInstanceHandlerTest)
Starting test testApplyInputStream1(org.jclouds.aws.ec2.xml.SpotInstanceHandlerTest)
[pool-30-thread-2] Test testApplyInputStream1(org.jclouds.aws.ec2.xml.SpotInstanceHandlerTest) succeeded: 3ms
Test suite progress: tests succeeded: 286, failed: 0, skipped: 0.
[pool-30-thread-1] Test testApplyInputStream(org.jclouds.aws.ec2.xml.SpotInstanceHandlerTest) succeeded: 9ms
Test suite progress: tests succeeded: 287, failed: 0, skipped: 0.
Starting test testDescribe(org.jclouds.aws.ec2.xml.SpotInstancesHandlerTest)
Starting test testParseNoNPE(org.jclouds.aws.ec2.xml.SpotInstancesHandlerTest)
Starting test testRequest(org.jclouds.aws.ec2.xml.SpotInstancesHandlerTest)
Starting test testParseTags(org.jclouds.aws.ec2.xml.SpotInstancesHandlerTest)
[pool-31-thread-2] Test testParseNoNPE(org.jclouds.aws.ec2.xml.SpotInstancesHandlerTest) succeeded: 9ms
Test suite progress: tests succeeded: 288, failed: 0, skipped: 0.
[pool-31-thread-4] Test testRequest(org.jclouds.aws.ec2.xml.SpotInstancesHandlerTest) succeeded: 16ms
Test suite progress: tests succeeded: 289, failed: 0, skipped: 0.
[pool-31-thread-3] Test testParseTags(org.jclouds.aws.ec2.xml.SpotInstancesHandlerTest) succeeded: 20ms
Test suite progress: tests succeeded: 290, failed: 0, skipped: 0.
[pool-31-thread-1] Test testDescribe(org.jclouds.aws.ec2.xml.SpotInstancesHandlerTest) succeeded: 35ms
Test suite progress: tests succeeded: 291, failed: 0, skipped: 0.
Tests run: 291, Failures: 0, Errors: 0, Skipped: 0, Time elapsed: 12.029 sec

Results :

Tests run: 291, Failures: 0, Errors: 0, Skipped: 0

[INFO] 
[INFO] --- clojure-maven-plugin:1.3.10:test (test-clojure) @ aws-ec2 ---

Testing org.jclouds.aws.ec2-test

Ran 2 tests containing 2 assertions.
0 failures, 0 errors.
[INFO] 
[INFO] --- maven-bundle-plugin:2.3.7:bundle (default-bundle) @ aws-ec2 ---
[INFO] 
[INFO] --- maven-jar-plugin:2.4:test-jar (default) @ aws-ec2 ---
[INFO] Building jar: /Users/adriancole/workspace/git/1.6.x/jclouds/providers/aws-ec2/target/aws-ec2-1.6.0-SNAPSHOT-tests.jar
[INFO] 
[INFO] --- maven-surefire-plugin:2.12.4:test (integration) @ aws-ec2 ---
[INFO] Surefire report directory: /Users/adriancole/workspace/git/1.6.x/jclouds/providers/aws-ec2/target/surefire-reports

-------------------------------------------------------
 T E S T S
-------------------------------------------------------
Running TestSuite
Configuring TestNG with: org.apache.maven.surefire.testng.conf.TestNG652Configurator@6115273a
Starting test testCreateImage(org.jclouds.aws.ec2.compute.extensions.AWSEC2ImageExtensionLiveTest)
Starting test testAmazonLinuxInstanceStore(org.jclouds.aws.ec2.compute.AWSEC2TemplateBuilderLiveTest)
Starting test testWindowsAdminWorks(org.jclouds.aws.ec2.compute.functions.AWSPasswordCredentialsFromWindowsInstanceLiveTest)
Starting test testFilterWhenNotFound(org.jclouds.aws.ec2.features.AWSSubnetApiLiveTest)
Starting test testExtendedOptionsAndLogin(org.jclouds.aws.ec2.compute.AWSEC2ComputeServiceLiveTest)
[TestNG] Test testFilterWhenNotFound(org.jclouds.aws.ec2.features.AWSSubnetApiLiveTest) succeeded: 3788ms
Test suite progress: tests succeeded: 1, failed: 0, skipped: 0.
Starting test testListSubnets(org.jclouds.aws.ec2.features.AWSSubnetApiLiveTest)
[TestNG] Test testListSubnets(org.jclouds.aws.ec2.features.AWSSubnetApiLiveTest) succeeded: 3964ms
Test suite progress: tests succeeded: 2, failed: 0, skipped: 0.
[TestNG] Test testAmazonLinuxInstanceStore(org.jclouds.aws.ec2.compute.AWSEC2TemplateBuilderLiveTest) failed.
Test suite progress: tests succeeded: 2, failed: 1, skipped: 0.
Starting test testAssignability(org.jclouds.aws.ec2.compute.AWSEC2TemplateBuilderLiveTest)
[TestNG] Test testAssignability(org.jclouds.aws.ec2.compute.AWSEC2TemplateBuilderLiveTest) succeeded: 1ms
Test suite progress: tests succeeded: 3, failed: 1, skipped: 0.
Starting test testDefaultTemplateBuilder(org.jclouds.aws.ec2.compute.AWSEC2TemplateBuilderLiveTest)
[TestNG] Test testDefaultTemplateBuilder(org.jclouds.aws.ec2.compute.AWSEC2TemplateBuilderLiveTest) failed.
Test suite progress: tests succeeded: 3, failed: 2, skipped: 0.
Starting test testFastestTemplateBuilder(org.jclouds.aws.ec2.compute.AWSEC2TemplateBuilderLiveTest)
[TestNG] Test testFastestTemplateBuilder(org.jclouds.aws.ec2.compute.AWSEC2TemplateBuilderLiveTest) succeeded: 209ms
Test suite progress: tests succeeded: 4, failed: 2, skipped: 0.
Starting test testTemplateBuilderCanUseImageIdAndhardwareIdAndAZ(org.jclouds.aws.ec2.compute.AWSEC2TemplateBuilderLiveTest)
{id=m2.2xlarge, providerId=m2.2xlarge, processors=[{cores=4.0, speed=3.25}], ram=35020, volumes=[{type=LOCAL, size=10.0, device=/dev/sda1, bootDevice=true, durable=false}, {type=LOCAL, size=840.0, device=/dev/sdb, bootDevice=false, durable=false}], supportsImage=And(ALWAYS_TRUE,Or(isWindows(),requiresVirtualizationType(paravirtual)),ALWAYS_TRUE,is64Bit())}
[TestNG] Test testTemplateBuilderCanUseImageIdAndhardwareIdAndAZ(org.jclouds.aws.ec2.compute.AWSEC2TemplateBuilderLiveTest) succeeded: 3ms
Test suite progress: tests succeeded: 5, failed: 2, skipped: 0.
Starting test testTemplateBuilderCanUseImageIdFromNonDefaultOwner(org.jclouds.aws.ec2.compute.AWSEC2TemplateBuilderLiveTest)
[TestNG] Test testTemplateBuilderCanUseImageIdFromNonDefaultOwner(org.jclouds.aws.ec2.compute.AWSEC2TemplateBuilderLiveTest) succeeded: 493ms
Test suite progress: tests succeeded: 6, failed: 2, skipped: 0.
Starting test testTemplateBuilderM1MEDIUMWithNegativeLookaroundDoesntMatchTestImages(org.jclouds.aws.ec2.compute.AWSEC2TemplateBuilderLiveTest)
[TestNG] Test testTemplateBuilderM1MEDIUMWithNegativeLookaroundDoesntMatchTestImages(org.jclouds.aws.ec2.compute.AWSEC2TemplateBuilderLiveTest) succeeded: 119ms
Test suite progress: tests succeeded: 7, failed: 2, skipped: 0.
Starting test testTemplateBuilderMicro(org.jclouds.aws.ec2.compute.AWSEC2TemplateBuilderLiveTest)
[TestNG] Test testTemplateBuilderMicro(org.jclouds.aws.ec2.compute.AWSEC2TemplateBuilderLiveTest) succeeded: 96ms
Test suite progress: tests succeeded: 8, failed: 2, skipped: 0.
Starting test testTemplateBuilderWithLessRegions(org.jclouds.aws.ec2.compute.AWSEC2TemplateBuilderLiveTest)
[TestNG] Test testTemplateBuilderWithLessRegions(org.jclouds.aws.ec2.compute.AWSEC2TemplateBuilderLiveTest) failed.
Test suite progress: tests succeeded: 8, failed: 3, skipped: 0.
Starting test testTemplateBuilderWithNoOwnersParsesImageOnDemand(org.jclouds.aws.ec2.compute.AWSEC2TemplateBuilderLiveTest)
Starting test testCreateAndListEBSBackedImage(org.jclouds.aws.ec2.services.AWSAMIClientLiveTest)
{id=m1.small, providerId=m1.small, processors=[{cores=1.0, speed=1.0}], ram=1740, volumes=[{type=LOCAL, size=10.0, device=/dev/sda1, bootDevice=true, durable=false}, {type=LOCAL, size=150.0, device=/dev/sda2, bootDevice=false, durable=false}], supportsImage=And(ALWAYS_TRUE,Or(isWindows(),requiresVirtualizationType(paravirtual)),ALWAYS_TRUE,ALWAYS_TRUE)}
[TestNG] Test testTemplateBuilderWithNoOwnersParsesImageOnDemand(org.jclouds.aws.ec2.compute.AWSEC2TemplateBuilderLiveTest) succeeded: 6464ms
Test suite progress: tests succeeded: 9, failed: 3, skipped: 0.
Starting test testTemplateBuilderWithNoOwnersParsesImageOnDemandDeprecated(org.jclouds.aws.ec2.compute.AWSEC2TemplateBuilderLiveTest)
{id=m1.small, providerId=m1.small, processors=[{cores=1.0, speed=1.0}], ram=1740, volumes=[{type=LOCAL, size=10.0, device=/dev/sda1, bootDevice=true, durable=false}, {type=LOCAL, size=150.0, device=/dev/sda2, bootDevice=false, durable=false}], supportsImage=And(ALWAYS_TRUE,Or(isWindows(),requiresVirtualizationType(paravirtual)),ALWAYS_TRUE,ALWAYS_TRUE)}
[TestNG] Test testTemplateBuilderWithNoOwnersParsesImageOnDemandDeprecated(org.jclouds.aws.ec2.compute.AWSEC2TemplateBuilderLiveTest) succeeded: 5771ms
Test suite progress: tests succeeded: 10, failed: 3, skipped: 0.
Starting test testUbuntuInstanceStoreGoesM1SmallNegativeLookaroundDoesntMatchTestImages(org.jclouds.aws.ec2.compute.AWSEC2TemplateBuilderLiveTest)
[TestNG] Test testUbuntuInstanceStoreGoesM1SmallNegativeLookaroundDoesntMatchTestImages(org.jclouds.aws.ec2.compute.AWSEC2TemplateBuilderLiveTest) succeeded: 422ms
Test suite progress: tests succeeded: 11, failed: 3, skipped: 0.
Starting test testCompareSizes(org.jclouds.aws.ec2.compute.AWSEC2TemplateBuilderLiveTest)
smallest {id=t1.micro, providerId=t1.micro, processors=[{cores=1.0, speed=1.0}], ram=630, supportsImage=And(requiresRootDeviceType(ebs),Or(isWindows(),requiresVirtualizationType(paravirtual)),ALWAYS_TRUE,ALWAYS_TRUE)}
fastest {id=cc2.8xlarge, providerId=cc2.8xlarge, processors=[{cores=8.0, speed=5.5}, {cores=8.0, speed=5.5}], ram=61952, volumes=[{type=LOCAL, size=10.0, device=/dev/sda1, bootDevice=true, durable=false}, {type=LOCAL, size=840.0, device=/dev/sdb, bootDevice=false, durable=false}, {type=LOCAL, size=840.0, device=/dev/sdc, bootDevice=false, durable=false}, {type=LOCAL, size=840.0, device=/dev/sdb, bootDevice=false, durable=false}, {type=LOCAL, size=840.0, device=/dev/sdc, bootDevice=false, durable=false}], supportsImage=And(ALWAYS_TRUE,requiresVirtualizationType(hvm),idIn([eu-west-1/ami-0c000b78, us-east-1/ami-0601f16f, eu-west-1/ami-31d9d845, eu-west-1/ami-2d9a9859, eu-west-1/ami-a1a4a7d5, us-west-2/ami-4cc9437c, us-west-2/ami-60ab2250, eu-west-1/ami-67555113, us-east-1/ami-bb61e7d2, us-east-1/ami-769b071f, us-east-1/ami-08249861, us-east-1/ami-db9e37b2, us-east-1/ami-ed35f384, us-west-2/ami-b68f1a86, us-west-2/ami-3e65ec0e, us-east-1/ami-c622beaf, eu-west-1/ami-af0706db, us-west-2/ami-b0b32680, us-west-2/ami-f8961dc8, us-west-2/ami-a2941d92, us-east-1/ami-b79754de, us-west-2/ami-445ecb74, us-west-2/ami-6e93195e, us-west-2/ami-a6b83296, us-west-2/ami-ba77f98a, eu-west-1/ami-1f9e996b, eu-west-1/ami-8fa2a0fb, us-east-1/ami-bff539d6, eu-west-1/ami-99d3d0ed, us-east-1/ami-b3da5bda, us-west-2/ami-e2941ed2, us-west-2/ami-e45bd2d4, us-east-1/ami-78e15b11, us-east-1/ami-0da96764, us-east-1/ami-534f9e3a, us-east-1/ami-b8e172d1, us-west-2/ami-9044cca0, us-east-1/ami-eccf6285, eu-west-1/ami-69fffd1d, us-east-1/ami-ec76ce85, us-east-1/ami-eb7bcf82, us-east-1/ami-f120ad98, us-east-1/ami-98900ff1, us-west-2/ami-1c4fda2c, eu-west-1/ami-57b6b023, us-east-1/ami-2ac85b43, eu-west-1/ami-ed404399, us-east-1/ami-892d9ce0, us-east-1/ami-c6b111af, eu-west-1/ami-d5bfbba1, us-east-1/ami-f6fd429f, us-east-1/ami-87cf46ee, us-west-2/ami-b2ac3982, eu-west-1/ami-9a2b20ee, eu-west-1/ami-48262d3c, eu-west-1/ami-c41810b0, us-west-2/ami-5e89016e, us-east-1/ami-0ed44b67, eu-west-1/ami-01969475, us-east-1/ami-90bd04f9, eu-west-1/ami-3b21274f, us-east-1/ami-e965ba80, us-east-1/ami-d7a317be, eu-west-1/ami-eb01069f, us-west-2/ami-205fca10, us-east-1/ami-72f0491b, eu-west-1/ami-47b6b033, us-west-2/ami-602da550, us-east-1/ami-df4183b6, us-east-1/ami-d8fc61b1, us-west-2/ami-2e33ba1e, us-west-2/ami-38c25708, us-west-2/ami-46f66376, us-west-2/ami-103ab020, us-east-1/ami-4419a32d, us-west-2/ami-4e8a037e, us-west-2/ami-0c4adf3c, eu-west-1/ami-b70d00c3, eu-west-1/ami-9dabaae9, us-east-1/ami-11dd1678, eu-west-1/ami-561a1122, us-east-1/ami-1797257e, eu-west-1/ami-d6f3faa2, us-east-1/ami-a0a73bc9, eu-west-1/ami-cf8c8cbb, us-east-1/ami-02b14b6b, eu-west-1/ami-66636a12, us-east-1/ami-ef2d9c86, us-west-2/ami-64e26a54, us-east-1/ami-fd65ba94, eu-west-1/ami-d91d1fad, us-east-1/ami-4fad7426, us-east-1/ami-e9da6980, eu-west-1/ami-997f7fed, eu-west-1/ami-25656651, eu-west-1/ami-2a1d165e, us-west-2/ami-caaa23fa, us-east-1/ami-7739b41e, us-west-2/ami-2431bf14, us-east-1/ami-522eb23b, eu-west-1/ami-3e5e564a, eu-west-1/ami-22414856, us-west-2/ami-5e43d66e, us-east-1/ami-e01da289, us-west-2/ami-b67af486, eu-west-1/ami-e6c0cd92, eu-west-1/ami-1b02026f, eu-west-1/ami-7e202b0a, eu-west-1/ami-333e3e47, us-west-2/ami-d8a732e8, eu-west-1/ami-13000167, us-west-2/ami-26871216, eu-west-1/ami-8a0b00fe, us-east-1/ami-edba2d84, eu-west-1/ami-127a7166, us-east-1/ami-440f9d2d, us-east-1/ami-474df02e, us-west-2/ami-06e06836, us-west-2/ami-7e97024e, eu-west-1/ami-62565d16, us-east-1/ami-6d9f3604, eu-west-1/ami-3c545c48, eu-west-1/ami-bbb2b0cf, eu-west-1/ami-5b595a2f, us-east-1/ami-1caa1275, eu-west-1/ami-d23d35a6, us-east-1/ami-ba801fd3, eu-west-1/ami-900f03e4, us-west-2/ami-5275fc62, eu-west-1/ami-c5595fb1, eu-west-1/ami-b75452c3, eu-west-1/ami-81b7b2f5, us-east-1/ami-ee38a987, us-east-1/ami-1dda6974, us-east-1/ami-2c49d445, eu-west-1/ami-8e2b23fa, us-west-2/ami-c89917f8, eu-west-1/ami-756a6901, eu-west-1/ami-65dfdf11, us-east-1/ami-70f94119, us-west-2/ami-ea58d6da, us-west-2/ami-0457d934, us-west-2/ami-f0e36ac0, eu-west-1/ami-00000b74, eu-west-1/ami-cd3a38b9, us-west-2/ami-8a0d84ba, us-east-1/ami-02df496b, us-east-1/ami-dd42f5b4, eu-west-1/ami-7947450d, us-west-2/ami-7851c448, us-east-1/ami-b637abdf, us-east-1/ami-16b6247f, us-west-2/ami-f0109ec0, us-east-1/ami-beb10ad7, eu-west-1/ami-99e6e6ed, eu-west-1/ami-67bab913, us-west-2/ami-5efb736e, eu-west-1/ami-a70706d3, us-east-1/ami-b7ea34de, us-east-1/ami-33ec795a, us-east-1/ami-e416ca8d, us-west-2/ami-acd55c9c, eu-west-1/ami-67797a13, us-east-1/ami-8a8a27e3, us-east-1/ami-2661b34f, eu-west-1/ami-ea414a9e, eu-west-1/ami-45f5f331, eu-west-1/ami-ebeded9f, us-west-2/ami-f65bcec6, us-east-1/ami-16c85b7f, us-west-2/ami-42f97072, eu-west-1/ami-4d575039, us-east-1/ami-0745d26e, us-west-2/ami-cc77f9fc, us-east-1/ami-98fa58f1, eu-west-1/ami-d0f8f0a4, us-east-1/ami-bed549d7, us-east-1/ami-4478da2d, us-west-2/ami-e25ed7d2, us-east-1/ami-d932b4b0, us-west-2/ami-1627ad26, eu-west-1/ami-1c6c6768, eu-west-1/ami-1b66626f, us-east-1/ami-80378fe9, us-west-2/ami-a6ca4396, eu-west-1/ami-999b9bed, us-east-1/ami-eb8f4c82, us-west-2/ami-2277fd12, us-west-2/ami-44da5574, us-east-1/ami-989807f1, us-east-1/ami-13b6357a, us-west-2/ami-b6cf4786, us-east-1/ami-c73a93ae, us-west-2/ami-12a02822, eu-west-1/ami-873c3ff3, us-east-1/ami-976da7fe, us-east-1/ami-beba68d7, eu-west-1/ami-506d6224, us-east-1/ami-1cad5275, us-east-1/ami-482eb221, eu-west-1/ami-289f975c, eu-west-1/ami-7b14170f, eu-west-1/ami-d97474ad, us-east-1/ami-153f977c, us-east-1/ami-724ab91b, us-west-2/ami-42bb3572, eu-west-1/ami-c3aaabb7, eu-west-1/ami-46727932, us-west-2/ami-7e9c154e, us-west-2/ami-f059ccc0, us-west-2/ami-5ae0756a, us-east-1/ami-5761d43e, us-east-1/ami-72b00a1b, eu-west-1/ami-bfd7d6cb, us-east-1/ami-9a259ef3, us-west-2/ami-cada54fa, eu-west-1/ami-2986845d, us-west-2/ami-ee5dc8de, us-east-1/ami-93c31afa, us-east-1/ami-1da22274, us-east-1/ami-828c10eb, us-west-2/ami-24e76e14, us-west-2/ami-4445cc74, us-east-1/ami-66f46b0f, eu-west-1/ami-60aea614, us-east-1/ami-f1589598, us-east-1/ami-70da2319, us-east-1/ami-59932130, eu-west-1/ami-9bd8dbef, us-west-2/ami-48109e78, eu-west-1/ami-660a0612, eu-west-1/ami-39f8fe4d, us-east-1/ami-147ec07d, eu-west-1/ami-ae242fda, us-west-2/ami-90ba2fa0, us-east-1/ami-67a2750e, us-east-1/ami-f4039f9d, eu-west-1/ami-fed3db8a, us-east-1/ami-f9931290, eu-west-1/ami-3fcacb4b, eu-west-1/ami-fd848789, us-east-1/ami-9078c0f9, us-west-2/ami-c6f179f6, eu-west-1/ami-2a5e565e, us-east-1/ami-3f4ff256, us-west-2/ami-442ea674, us-east-1/ami-66f4660f, us-east-1/ami-5217923b, us-west-2/ami-9455c0a4, us-east-1/ami-4393262a, us-west-2/ami-9cfb75ac, eu-west-1/ami-ae4c47da, us-east-1/ami-40148929, eu-west-1/ami-afa4a3db, us-west-2/ami-c04fdaf0, eu-west-1/ami-fc191788, eu-west-1/ami-9c464de8, eu-west-1/ami-87bfbbf3, us-east-1/ami-3c7ee255, us-west-2/ami-c25acff2, us-west-2/ami-68e76f58, us-east-1/ami-c940c7a0, us-east-1/ami-02f54a6b, us-west-2/ami-70b23b40, us-west-2/ami-aef47d9e, us-east-1/ami-a8cd60c1, us-east-1/ami-292ea840, us-west-2/ami-fe028bce, us-east-1/ami-d00d9eb9, us-west-2/ami-4aa22b7a, us-east-1/ami-1058dd79, us-east-1/ami-b32a9cda, us-east-1/ami-c134f6a8, us-east-1/ami-9b0e88f2, us-east-1/ami-4e992727, us-east-1/ami-321eed5b, us-west-2/ami-4cd94c7c, us-east-1/ami-58906c31, us-east-1/ami-1f55d376, eu-west-1/ami-ecb0be98, eu-west-1/ami-a98d8fdd, us-east-1/ami-10ef6879, us-west-2/ami-e8b82dd8, us-east-1/ami-c863ffa1, us-east-1/ami-5af40933, us-east-1/ami-f49a1f9d, us-east-1/ami-a6eb77cf, us-east-1/ami-cfc072a6, us-east-1/ami-9665dbff, us-east-1/ami-6678da0f, us-east-1/ami-9d8548f4, eu-west-1/ami-aebfb7da, us-east-1/ami-b562a9dc, us-east-1/ami-33e5565a, us-east-1/ami-9e0b97f7, eu-west-1/ami-f0030884, us-east-1/ami-a69943cf, us-west-2/ami-1afd752a]),ALWAYS_TRUE)}
biggest {id=hs1.8xlarge, providerId=hs1.8xlarge, processors=[{cores=16.0, speed=2.1875}], ram=119808, volumes=[{type=LOCAL, size=2097152.0, device=/dev/sda1, bootDevice=true, durable=false}, {type=LOCAL, size=2097152.0, device=/dev/sdb, bootDevice=false, durable=false}, {type=LOCAL, size=2097152.0, device=/dev/sdc, bootDevice=false, durable=false}, {type=LOCAL, size=2097152.0, device=/dev/sdd, bootDevice=false, durable=false}, {type=LOCAL, size=2097152.0, device=/dev/sde, bootDevice=false, durable=false}, {type=LOCAL, size=2097152.0, device=/dev/sdf, bootDevice=false, durable=false}, {type=LOCAL, size=2097152.0, device=/dev/sdg, bootDevice=false, durable=false}, {type=LOCAL, size=2097152.0, device=/dev/sdh, bootDevice=false, durable=false}, {type=LOCAL, size=2097152.0, device=/dev/sdi, bootDevice=false, durable=false}, {type=LOCAL, size=2097152.0, device=/dev/sdj, bootDevice=false, durable=false}, {type=LOCAL, size=2097152.0, device=/dev/sdk, bootDevice=false, durable=false}, {type=LOCAL, size=2097152.0, device=/dev/sdl, bootDevice=false, durable=false}, {type=LOCAL, size=2097152.0, device=/dev/sdm, bootDevice=false, durable=false}, {type=LOCAL, size=2097152.0, device=/dev/sdn, bootDevice=false, durable=false}, {type=LOCAL, size=2097152.0, device=/dev/sdo, bootDevice=false, durable=false}, {type=LOCAL, size=2097152.0, device=/dev/sdp, bootDevice=false, durable=false}, {type=LOCAL, size=2097152.0, device=/dev/sdq, bootDevice=false, durable=false}, {type=LOCAL, size=2097152.0, device=/dev/sdr, bootDevice=false, durable=false}, {type=LOCAL, size=2097152.0, device=/dev/sds, bootDevice=false, durable=false}, {type=LOCAL, size=2097152.0, device=/dev/sdt, bootDevice=false, durable=false}, {type=LOCAL, size=2097152.0, device=/dev/sdu, bootDevice=false, durable=false}, {type=LOCAL, size=2097152.0, device=/dev/sdv, bootDevice=false, durable=false}, {type=LOCAL, size=2097152.0, device=/dev/sdw, bootDevice=false, durable=false}, {type=LOCAL, size=2097152.0, device=/dev/sdx, bootDevice=false, durable=false}], supportsImage=And(ALWAYS_TRUE,requiresVirtualizationType(hvm),idIn([eu-west-1/ami-0c000b78, us-east-1/ami-0601f16f, eu-west-1/ami-31d9d845, eu-west-1/ami-2d9a9859, eu-west-1/ami-a1a4a7d5, us-west-2/ami-4cc9437c, us-west-2/ami-60ab2250, eu-west-1/ami-67555113, us-east-1/ami-bb61e7d2, us-east-1/ami-769b071f, us-east-1/ami-08249861, us-east-1/ami-db9e37b2, us-east-1/ami-ed35f384, us-west-2/ami-b68f1a86, us-west-2/ami-3e65ec0e, us-east-1/ami-c622beaf, eu-west-1/ami-af0706db, us-west-2/ami-b0b32680, us-west-2/ami-f8961dc8, us-west-2/ami-a2941d92, us-east-1/ami-b79754de, us-west-2/ami-445ecb74, us-west-2/ami-6e93195e, us-west-2/ami-a6b83296, us-west-2/ami-ba77f98a, eu-west-1/ami-1f9e996b, eu-west-1/ami-8fa2a0fb, us-east-1/ami-bff539d6, eu-west-1/ami-99d3d0ed, us-east-1/ami-b3da5bda, us-west-2/ami-e2941ed2, us-west-2/ami-e45bd2d4, us-east-1/ami-78e15b11, us-east-1/ami-0da96764, us-east-1/ami-534f9e3a, us-east-1/ami-b8e172d1, us-west-2/ami-9044cca0, us-east-1/ami-eccf6285, eu-west-1/ami-69fffd1d, us-east-1/ami-ec76ce85, us-east-1/ami-eb7bcf82, us-east-1/ami-f120ad98, us-east-1/ami-98900ff1, us-west-2/ami-1c4fda2c, eu-west-1/ami-57b6b023, us-east-1/ami-2ac85b43, eu-west-1/ami-ed404399, us-east-1/ami-892d9ce0, us-east-1/ami-c6b111af, eu-west-1/ami-d5bfbba1, us-east-1/ami-f6fd429f, us-east-1/ami-87cf46ee, us-west-2/ami-b2ac3982, eu-west-1/ami-9a2b20ee, eu-west-1/ami-48262d3c, eu-west-1/ami-c41810b0, us-west-2/ami-5e89016e, us-east-1/ami-0ed44b67, eu-west-1/ami-01969475, us-east-1/ami-90bd04f9, eu-west-1/ami-3b21274f, us-east-1/ami-e965ba80, us-east-1/ami-d7a317be, eu-west-1/ami-eb01069f, us-west-2/ami-205fca10, us-east-1/ami-72f0491b, eu-west-1/ami-47b6b033, us-west-2/ami-602da550, us-east-1/ami-df4183b6, us-east-1/ami-d8fc61b1, us-west-2/ami-2e33ba1e, us-west-2/ami-38c25708, us-west-2/ami-46f66376, us-west-2/ami-103ab020, us-east-1/ami-4419a32d, us-west-2/ami-4e8a037e, us-west-2/ami-0c4adf3c, eu-west-1/ami-b70d00c3, eu-west-1/ami-9dabaae9, us-east-1/ami-11dd1678, eu-west-1/ami-561a1122, us-east-1/ami-1797257e, eu-west-1/ami-d6f3faa2, us-east-1/ami-a0a73bc9, eu-west-1/ami-cf8c8cbb, us-east-1/ami-02b14b6b, eu-west-1/ami-66636a12, us-east-1/ami-ef2d9c86, us-west-2/ami-64e26a54, us-east-1/ami-fd65ba94, eu-west-1/ami-d91d1fad, us-east-1/ami-4fad7426, us-east-1/ami-e9da6980, eu-west-1/ami-997f7fed, eu-west-1/ami-25656651, eu-west-1/ami-2a1d165e, us-west-2/ami-caaa23fa, us-east-1/ami-7739b41e, us-west-2/ami-2431bf14, us-east-1/ami-522eb23b, eu-west-1/ami-3e5e564a, eu-west-1/ami-22414856, us-west-2/ami-5e43d66e, us-east-1/ami-e01da289, us-west-2/ami-b67af486, eu-west-1/ami-e6c0cd92, eu-west-1/ami-1b02026f, eu-west-1/ami-7e202b0a, eu-west-1/ami-333e3e47, us-west-2/ami-d8a732e8, eu-west-1/ami-13000167, us-west-2/ami-26871216, eu-west-1/ami-8a0b00fe, us-east-1/ami-edba2d84, eu-west-1/ami-127a7166, us-east-1/ami-440f9d2d, us-east-1/ami-474df02e, us-west-2/ami-06e06836, us-west-2/ami-7e97024e, eu-west-1/ami-62565d16, us-east-1/ami-6d9f3604, eu-west-1/ami-3c545c48, eu-west-1/ami-bbb2b0cf, eu-west-1/ami-5b595a2f, us-east-1/ami-1caa1275, eu-west-1/ami-d23d35a6, us-east-1/ami-ba801fd3, eu-west-1/ami-900f03e4, us-west-2/ami-5275fc62, eu-west-1/ami-c5595fb1, eu-west-1/ami-b75452c3, eu-west-1/ami-81b7b2f5, us-east-1/ami-ee38a987, us-east-1/ami-1dda6974, us-east-1/ami-2c49d445, eu-west-1/ami-8e2b23fa, us-west-2/ami-c89917f8, eu-west-1/ami-756a6901, eu-west-1/ami-65dfdf11, us-east-1/ami-70f94119, us-west-2/ami-ea58d6da, us-west-2/ami-0457d934, us-west-2/ami-f0e36ac0, eu-west-1/ami-00000b74, eu-west-1/ami-cd3a38b9, us-west-2/ami-8a0d84ba, us-east-1/ami-02df496b, us-east-1/ami-dd42f5b4, eu-west-1/ami-7947450d, us-west-2/ami-7851c448, us-east-1/ami-b637abdf, us-east-1/ami-16b6247f, us-west-2/ami-f0109ec0, us-east-1/ami-beb10ad7, eu-west-1/ami-99e6e6ed, eu-west-1/ami-67bab913, us-west-2/ami-5efb736e, eu-west-1/ami-a70706d3, us-east-1/ami-b7ea34de, us-east-1/ami-33ec795a, us-east-1/ami-e416ca8d, us-west-2/ami-acd55c9c, eu-west-1/ami-67797a13, us-east-1/ami-8a8a27e3, us-east-1/ami-2661b34f, eu-west-1/ami-ea414a9e, eu-west-1/ami-45f5f331, eu-west-1/ami-ebeded9f, us-west-2/ami-f65bcec6, us-east-1/ami-16c85b7f, us-west-2/ami-42f97072, eu-west-1/ami-4d575039, us-east-1/ami-0745d26e, us-west-2/ami-cc77f9fc, us-east-1/ami-98fa58f1, eu-west-1/ami-d0f8f0a4, us-east-1/ami-bed549d7, us-east-1/ami-4478da2d, us-west-2/ami-e25ed7d2, us-east-1/ami-d932b4b0, us-west-2/ami-1627ad26, eu-west-1/ami-1c6c6768, eu-west-1/ami-1b66626f, us-east-1/ami-80378fe9, us-west-2/ami-a6ca4396, eu-west-1/ami-999b9bed, us-east-1/ami-eb8f4c82, us-west-2/ami-2277fd12, us-west-2/ami-44da5574, us-east-1/ami-989807f1, us-east-1/ami-13b6357a, us-west-2/ami-b6cf4786, us-east-1/ami-c73a93ae, us-west-2/ami-12a02822, eu-west-1/ami-873c3ff3, us-east-1/ami-976da7fe, us-east-1/ami-beba68d7, eu-west-1/ami-506d6224, us-east-1/ami-1cad5275, us-east-1/ami-482eb221, eu-west-1/ami-289f975c, eu-west-1/ami-7b14170f, eu-west-1/ami-d97474ad, us-east-1/ami-153f977c, us-east-1/ami-724ab91b, us-west-2/ami-42bb3572, eu-west-1/ami-c3aaabb7, eu-west-1/ami-46727932, us-west-2/ami-7e9c154e, us-west-2/ami-f059ccc0, us-west-2/ami-5ae0756a, us-east-1/ami-5761d43e, us-east-1/ami-72b00a1b, eu-west-1/ami-bfd7d6cb, us-east-1/ami-9a259ef3, us-west-2/ami-cada54fa, eu-west-1/ami-2986845d, us-west-2/ami-ee5dc8de, us-east-1/ami-93c31afa, us-east-1/ami-1da22274, us-east-1/ami-828c10eb, us-west-2/ami-24e76e14, us-west-2/ami-4445cc74, us-east-1/ami-66f46b0f, eu-west-1/ami-60aea614, us-east-1/ami-f1589598, us-east-1/ami-70da2319, us-east-1/ami-59932130, eu-west-1/ami-9bd8dbef, us-west-2/ami-48109e78, eu-west-1/ami-660a0612, eu-west-1/ami-39f8fe4d, us-east-1/ami-147ec07d, eu-west-1/ami-ae242fda, us-west-2/ami-90ba2fa0, us-east-1/ami-67a2750e, us-east-1/ami-f4039f9d, eu-west-1/ami-fed3db8a, us-east-1/ami-f9931290, eu-west-1/ami-3fcacb4b, eu-west-1/ami-fd848789, us-east-1/ami-9078c0f9, us-west-2/ami-c6f179f6, eu-west-1/ami-2a5e565e, us-east-1/ami-3f4ff256, us-west-2/ami-442ea674, us-east-1/ami-66f4660f, us-east-1/ami-5217923b, us-west-2/ami-9455c0a4, us-east-1/ami-4393262a, us-west-2/ami-9cfb75ac, eu-west-1/ami-ae4c47da, us-east-1/ami-40148929, eu-west-1/ami-afa4a3db, us-west-2/ami-c04fdaf0, eu-west-1/ami-fc191788, eu-west-1/ami-9c464de8, eu-west-1/ami-87bfbbf3, us-east-1/ami-3c7ee255, us-west-2/ami-c25acff2, us-west-2/ami-68e76f58, us-east-1/ami-c940c7a0, us-east-1/ami-02f54a6b, us-west-2/ami-70b23b40, us-west-2/ami-aef47d9e, us-east-1/ami-a8cd60c1, us-east-1/ami-292ea840, us-west-2/ami-fe028bce, us-east-1/ami-d00d9eb9, us-west-2/ami-4aa22b7a, us-east-1/ami-1058dd79, us-east-1/ami-b32a9cda, us-east-1/ami-c134f6a8, us-east-1/ami-9b0e88f2, us-east-1/ami-4e992727, us-east-1/ami-321eed5b, us-west-2/ami-4cd94c7c, us-east-1/ami-58906c31, us-east-1/ami-1f55d376, eu-west-1/ami-ecb0be98, eu-west-1/ami-a98d8fdd, us-east-1/ami-10ef6879, us-west-2/ami-e8b82dd8, us-east-1/ami-c863ffa1, us-east-1/ami-5af40933, us-east-1/ami-f49a1f9d, us-east-1/ami-a6eb77cf, us-east-1/ami-cfc072a6, us-east-1/ami-9665dbff, us-east-1/ami-6678da0f, us-east-1/ami-9d8548f4, eu-west-1/ami-aebfb7da, us-east-1/ami-b562a9dc, us-east-1/ami-33e5565a, us-east-1/ami-9e0b97f7, eu-west-1/ami-f0030884, us-east-1/ami-a69943cf, us-west-2/ami-1afd752a]),ALWAYS_TRUE)}
[TestNG] Test testCompareSizes(org.jclouds.aws.ec2.compute.AWSEC2TemplateBuilderLiveTest) succeeded: 685ms
Test suite progress: tests succeeded: 12, failed: 3, skipped: 0.
Starting test testFromTemplate(org.jclouds.aws.ec2.compute.AWSEC2TemplateBuilderLiveTest)
[TestNG] Test testFromTemplate(org.jclouds.aws.ec2.compute.AWSEC2TemplateBuilderLiveTest) succeeded: 418ms
Test suite progress: tests succeeded: 13, failed: 3, skipped: 0.
Starting test testGetAssignableLocations(org.jclouds.aws.ec2.compute.AWSEC2TemplateBuilderLiveTest)
[TestNG] Test testGetAssignableLocations(org.jclouds.aws.ec2.compute.AWSEC2TemplateBuilderLiveTest) succeeded: 24ms
Test suite progress: tests succeeded: 14, failed: 3, skipped: 0.
Starting test testTemplateBuilderCanFind(org.jclouds.aws.ec2.compute.AWSEC2TemplateBuilderLiveTest)
[TestNG] Test testTemplateBuilderCanFind(org.jclouds.aws.ec2.compute.AWSEC2TemplateBuilderLiveTest) succeeded: 240ms
Test suite progress: tests succeeded: 15, failed: 3, skipped: 0.
Starting test testTemplateBuilderCanFind(org.jclouds.aws.ec2.compute.AWSEC2TemplateBuilderLiveTest)
[TestNG] Test testTemplateBuilderCanFind(org.jclouds.aws.ec2.compute.AWSEC2TemplateBuilderLiveTest) succeeded: 230ms
Test suite progress: tests succeeded: 16, failed: 3, skipped: 0.
Starting test testTemplateBuilderCanFind(org.jclouds.aws.ec2.compute.AWSEC2TemplateBuilderLiveTest)
[TestNG] Test testTemplateBuilderCanFind(org.jclouds.aws.ec2.compute.AWSEC2TemplateBuilderLiveTest) succeeded: 230ms
Test suite progress: tests succeeded: 17, failed: 3, skipped: 0.
Starting test testTemplateBuilderCanFind(org.jclouds.aws.ec2.compute.AWSEC2TemplateBuilderLiveTest)
[TestNG] Test testTemplateBuilderCanFind(org.jclouds.aws.ec2.compute.AWSEC2TemplateBuilderLiveTest) succeeded: 228ms
Test suite progress: tests succeeded: 18, failed: 3, skipped: 0.
Starting test testTemplateBuilderCanFind(org.jclouds.aws.ec2.compute.AWSEC2TemplateBuilderLiveTest)
[TestNG] Test testTemplateBuilderCanFind(org.jclouds.aws.ec2.compute.AWSEC2TemplateBuilderLiveTest) succeeded: 192ms
Test suite progress: tests succeeded: 19, failed: 3, skipped: 0.
Starting test testTemplateBuilderCanFind(org.jclouds.aws.ec2.compute.AWSEC2TemplateBuilderLiveTest)
[TestNG] Test testTemplateBuilderCanFind(org.jclouds.aws.ec2.compute.AWSEC2TemplateBuilderLiveTest) succeeded: 247ms
Test suite progress: tests succeeded: 20, failed: 3, skipped: 0.
Starting test testTemplateBuilderCanFind(org.jclouds.aws.ec2.compute.AWSEC2TemplateBuilderLiveTest)
[TestNG] Test testTemplateBuilderCanFind(org.jclouds.aws.ec2.compute.AWSEC2TemplateBuilderLiveTest) succeeded: 182ms
Test suite progress: tests succeeded: 21, failed: 3, skipped: 0.
Starting test testTemplateBuilderCanFind(org.jclouds.aws.ec2.compute.AWSEC2TemplateBuilderLiveTest)
[TestNG] Test testTemplateBuilderCanFind(org.jclouds.aws.ec2.compute.AWSEC2TemplateBuilderLiveTest) succeeded: 192ms
Test suite progress: tests succeeded: 22, failed: 3, skipped: 0.
Starting test testTemplateBuilderCanFind(org.jclouds.aws.ec2.compute.AWSEC2TemplateBuilderLiveTest)
[TestNG] Test testTemplateBuilderCanFind(org.jclouds.aws.ec2.compute.AWSEC2TemplateBuilderLiveTest) succeeded: 204ms
Test suite progress: tests succeeded: 23, failed: 3, skipped: 0.
Starting test testTemplateBuilderCanFind(org.jclouds.aws.ec2.compute.AWSEC2TemplateBuilderLiveTest)
[TestNG] Test testTemplateBuilderCanFind(org.jclouds.aws.ec2.compute.AWSEC2TemplateBuilderLiveTest) succeeded: 195ms
Test suite progress: tests succeeded: 24, failed: 3, skipped: 0.
Starting test testTemplateBuilderCanFind(org.jclouds.aws.ec2.compute.AWSEC2TemplateBuilderLiveTest)
[TestNG] Test testTemplateBuilderCanFind(org.jclouds.aws.ec2.compute.AWSEC2TemplateBuilderLiveTest) succeeded: 223ms
Test suite progress: tests succeeded: 25, failed: 3, skipped: 0.
Starting test testTemplateBuilderCanFind(org.jclouds.aws.ec2.compute.AWSEC2TemplateBuilderLiveTest)
[TestNG] Test testTemplateBuilderCanFind(org.jclouds.aws.ec2.compute.AWSEC2TemplateBuilderLiveTest) succeeded: 149ms
Test suite progress: tests succeeded: 26, failed: 3, skipped: 0.
Starting test testTemplateBuilderCanFind(org.jclouds.aws.ec2.compute.AWSEC2TemplateBuilderLiveTest)
[TestNG] Test testTemplateBuilderCanFind(org.jclouds.aws.ec2.compute.AWSEC2TemplateBuilderLiveTest) succeeded: 208ms
Test suite progress: tests succeeded: 27, failed: 3, skipped: 0.
Starting test testTemplateBuilderCanFind(org.jclouds.aws.ec2.compute.AWSEC2TemplateBuilderLiveTest)
[TestNG] Test testTemplateBuilderCanFind(org.jclouds.aws.ec2.compute.AWSEC2TemplateBuilderLiveTest) succeeded: 220ms
Test suite progress: tests succeeded: 28, failed: 3, skipped: 0.
Starting test testTemplateBuilderCanFind(org.jclouds.aws.ec2.compute.AWSEC2TemplateBuilderLiveTest)
[TestNG] Test testTemplateBuilderCanFind(org.jclouds.aws.ec2.compute.AWSEC2TemplateBuilderLiveTest) succeeded: 269ms
Test suite progress: tests succeeded: 29, failed: 3, skipped: 0.
Starting test testTemplateBuilderCanFind(org.jclouds.aws.ec2.compute.AWSEC2TemplateBuilderLiveTest)
[TestNG] Test testTemplateBuilderCanFind(org.jclouds.aws.ec2.compute.AWSEC2TemplateBuilderLiveTest) succeeded: 201ms
Test suite progress: tests succeeded: 30, failed: 3, skipped: 0.
Starting test testTemplateBuilderCanFind(org.jclouds.aws.ec2.compute.AWSEC2TemplateBuilderLiveTest)
[TestNG] Test testTemplateBuilderCanFind(org.jclouds.aws.ec2.compute.AWSEC2TemplateBuilderLiveTest) succeeded: 219ms
Test suite progress: tests succeeded: 31, failed: 3, skipped: 0.
Starting test testTemplateBuilderCanFind(org.jclouds.aws.ec2.compute.AWSEC2TemplateBuilderLiveTest)
[TestNG] Test testTemplateBuilderCanFind(org.jclouds.aws.ec2.compute.AWSEC2TemplateBuilderLiveTest) succeeded: 217ms
Test suite progress: tests succeeded: 32, failed: 3, skipped: 0.
Starting test testTemplateBuilderCanFind(org.jclouds.aws.ec2.compute.AWSEC2TemplateBuilderLiveTest)
[TestNG] Test testTemplateBuilderCanFind(org.jclouds.aws.ec2.compute.AWSEC2TemplateBuilderLiveTest) succeeded: 185ms
Test suite progress: tests succeeded: 33, failed: 3, skipped: 0.
Starting test testTemplateBuilderCanFind(org.jclouds.aws.ec2.compute.AWSEC2TemplateBuilderLiveTest)
[TestNG] Test testTemplateBuilderCanFind(org.jclouds.aws.ec2.compute.AWSEC2TemplateBuilderLiveTest) succeeded: 224ms
Test suite progress: tests succeeded: 34, failed: 3, skipped: 0.
Starting test testTemplateBuilderCanFind(org.jclouds.aws.ec2.compute.AWSEC2TemplateBuilderLiveTest)
[TestNG] Test testTemplateBuilderCanFind(org.jclouds.aws.ec2.compute.AWSEC2TemplateBuilderLiveTest) succeeded: 251ms
Test suite progress: tests succeeded: 35, failed: 3, skipped: 0.
Starting test testTemplateBuilderCanFind(org.jclouds.aws.ec2.compute.AWSEC2TemplateBuilderLiveTest)
[TestNG] Test testTemplateBuilderCanFind(org.jclouds.aws.ec2.compute.AWSEC2TemplateBuilderLiveTest) succeeded: 160ms
Test suite progress: tests succeeded: 36, failed: 3, skipped: 0.
Starting test testTemplateBuilderCanFind(org.jclouds.aws.ec2.compute.AWSEC2TemplateBuilderLiveTest)
[TestNG] Test testTemplateBuilderCanFind(org.jclouds.aws.ec2.compute.AWSEC2TemplateBuilderLiveTest) succeeded: 186ms
Test suite progress: tests succeeded: 37, failed: 3, skipped: 0.
Starting test testTemplateBuilderCanFind(org.jclouds.aws.ec2.compute.AWSEC2TemplateBuilderLiveTest)
[TestNG] Test testTemplateBuilderCanFind(org.jclouds.aws.ec2.compute.AWSEC2TemplateBuilderLiveTest) succeeded: 173ms
Test suite progress: tests succeeded: 38, failed: 3, skipped: 0.
Starting test testTemplateBuilderCanFind(org.jclouds.aws.ec2.compute.AWSEC2TemplateBuilderLiveTest)
[TestNG] Test testTemplateBuilderCanFind(org.jclouds.aws.ec2.compute.AWSEC2TemplateBuilderLiveTest) succeeded: 220ms
Test suite progress: tests succeeded: 39, failed: 3, skipped: 0.
Starting test testTemplateBuilderCanFind(org.jclouds.aws.ec2.compute.AWSEC2TemplateBuilderLiveTest)
[TestNG] Test testTemplateBuilderCanFind(org.jclouds.aws.ec2.compute.AWSEC2TemplateBuilderLiveTest) succeeded: 225ms
Test suite progress: tests succeeded: 40, failed: 3, skipped: 0.
Starting test testTemplateBuilderCanFind(org.jclouds.aws.ec2.compute.AWSEC2TemplateBuilderLiveTest)
[TestNG] Test testTemplateBuilderCanFind(org.jclouds.aws.ec2.compute.AWSEC2TemplateBuilderLiveTest) succeeded: 220ms
Test suite progress: tests succeeded: 41, failed: 3, skipped: 0.
Starting test testTemplateBuilderCanFind(org.jclouds.aws.ec2.compute.AWSEC2TemplateBuilderLiveTest)
[TestNG] Test testTemplateBuilderCanFind(org.jclouds.aws.ec2.compute.AWSEC2TemplateBuilderLiveTest) succeeded: 155ms
Test suite progress: tests succeeded: 42, failed: 3, skipped: 0.
Starting test testTemplateBuilderCanFind(org.jclouds.aws.ec2.compute.AWSEC2TemplateBuilderLiveTest)
[TestNG] Test testTemplateBuilderCanFind(org.jclouds.aws.ec2.compute.AWSEC2TemplateBuilderLiveTest) succeeded: 181ms
Test suite progress: tests succeeded: 43, failed: 3, skipped: 0.
Starting test testTemplateBuilderCanFind(org.jclouds.aws.ec2.compute.AWSEC2TemplateBuilderLiveTest)
[TestNG] Test testTemplateBuilderCanFind(org.jclouds.aws.ec2.compute.AWSEC2TemplateBuilderLiveTest) succeeded: 208ms
Test suite progress: tests succeeded: 44, failed: 3, skipped: 0.
Starting test testTemplateBuilderCanFind(org.jclouds.aws.ec2.compute.AWSEC2TemplateBuilderLiveTest)
[TestNG] Test testTemplateBuilderCanFind(org.jclouds.aws.ec2.compute.AWSEC2TemplateBuilderLiveTest) succeeded: 201ms
Test suite progress: tests succeeded: 45, failed: 3, skipped: 0.
Starting test testTemplateBuilderCanFind(org.jclouds.aws.ec2.compute.AWSEC2TemplateBuilderLiveTest)
[TestNG] Test testTemplateBuilderCanFind(org.jclouds.aws.ec2.compute.AWSEC2TemplateBuilderLiveTest) succeeded: 232ms
Test suite progress: tests succeeded: 46, failed: 3, skipped: 0.
Starting test testTemplateBuilderCanFind(org.jclouds.aws.ec2.compute.AWSEC2TemplateBuilderLiveTest)
[TestNG] Test testTemplateBuilderCanFind(org.jclouds.aws.ec2.compute.AWSEC2TemplateBuilderLiveTest) succeeded: 152ms
Test suite progress: tests succeeded: 47, failed: 3, skipped: 0.
Starting test testTemplateBuilderCanFind(org.jclouds.aws.ec2.compute.AWSEC2TemplateBuilderLiveTest)
[TestNG] Test testTemplateBuilderCanFind(org.jclouds.aws.ec2.compute.AWSEC2TemplateBuilderLiveTest) succeeded: 210ms
Test suite progress: tests succeeded: 48, failed: 3, skipped: 0.
Starting test testTemplateBuilderCanFind(org.jclouds.aws.ec2.compute.AWSEC2TemplateBuilderLiveTest)
[TestNG] Test testTemplateBuilderCanFind(org.jclouds.aws.ec2.compute.AWSEC2TemplateBuilderLiveTest) succeeded: 194ms
Test suite progress: tests succeeded: 49, failed: 3, skipped: 0.
Starting test testTemplateBuilderCanFind(org.jclouds.aws.ec2.compute.AWSEC2TemplateBuilderLiveTest)
[TestNG] Test testTemplateBuilderCanFind(org.jclouds.aws.ec2.compute.AWSEC2TemplateBuilderLiveTest) succeeded: 157ms
Test suite progress: tests succeeded: 50, failed: 3, skipped: 0.
Starting test testTemplateBuilderCanFind(org.jclouds.aws.ec2.compute.AWSEC2TemplateBuilderLiveTest)
[TestNG] Test testTemplateBuilderCanFind(org.jclouds.aws.ec2.compute.AWSEC2TemplateBuilderLiveTest) succeeded: 209ms
Test suite progress: tests succeeded: 51, failed: 3, skipped: 0.
Starting test testTemplateBuilderCanFind(org.jclouds.aws.ec2.compute.AWSEC2TemplateBuilderLiveTest)
[TestNG] Test testTemplateBuilderCanFind(org.jclouds.aws.ec2.compute.AWSEC2TemplateBuilderLiveTest) succeeded: 167ms
Test suite progress: tests succeeded: 52, failed: 3, skipped: 0.
Starting test testTemplateBuilderCanFind(org.jclouds.aws.ec2.compute.AWSEC2TemplateBuilderLiveTest)
[TestNG] Test testTemplateBuilderCanFind(org.jclouds.aws.ec2.compute.AWSEC2TemplateBuilderLiveTest) succeeded: 243ms
Test suite progress: tests succeeded: 53, failed: 3, skipped: 0.
Starting test testTemplateBuilderCanFind(org.jclouds.aws.ec2.compute.AWSEC2TemplateBuilderLiveTest)
[TestNG] Test testTemplateBuilderCanFind(org.jclouds.aws.ec2.compute.AWSEC2TemplateBuilderLiveTest) succeeded: 209ms
Test suite progress: tests succeeded: 54, failed: 3, skipped: 0.
Starting test testTemplateBuilderCanFind(org.jclouds.aws.ec2.compute.AWSEC2TemplateBuilderLiveTest)
[TestNG] Test testTemplateBuilderCanFind(org.jclouds.aws.ec2.compute.AWSEC2TemplateBuilderLiveTest) succeeded: 202ms
Test suite progress: tests succeeded: 55, failed: 3, skipped: 0.
Starting test testTemplateBuilderCanFind(org.jclouds.aws.ec2.compute.AWSEC2TemplateBuilderLiveTest)
[TestNG] Test testTemplateBuilderCanFind(org.jclouds.aws.ec2.compute.AWSEC2TemplateBuilderLiveTest) succeeded: 340ms
Test suite progress: tests succeeded: 56, failed: 3, skipped: 0.
Starting test testTemplateBuilderCanFind(org.jclouds.aws.ec2.compute.AWSEC2TemplateBuilderLiveTest)
[TestNG] Test testTemplateBuilderCanFind(org.jclouds.aws.ec2.compute.AWSEC2TemplateBuilderLiveTest) succeeded: 212ms
Test suite progress: tests succeeded: 57, failed: 3, skipped: 0.
Starting test testTemplateBuilderCanFind(org.jclouds.aws.ec2.compute.AWSEC2TemplateBuilderLiveTest)
[TestNG] Test testTemplateBuilderCanFind(org.jclouds.aws.ec2.compute.AWSEC2TemplateBuilderLiveTest) succeeded: 252ms
Test suite progress: tests succeeded: 58, failed: 3, skipped: 0.
Starting test testTemplateBuilderCanFind(org.jclouds.aws.ec2.compute.AWSEC2TemplateBuilderLiveTest)
[TestNG] Test testTemplateBuilderCanFind(org.jclouds.aws.ec2.compute.AWSEC2TemplateBuilderLiveTest) succeeded: 216ms
Test suite progress: tests succeeded: 59, failed: 3, skipped: 0.
Starting test testTemplateBuilderCanFind(org.jclouds.aws.ec2.compute.AWSEC2TemplateBuilderLiveTest)
[TestNG] Test testTemplateBuilderCanFind(org.jclouds.aws.ec2.compute.AWSEC2TemplateBuilderLiveTest) succeeded: 235ms
Test suite progress: tests succeeded: 60, failed: 3, skipped: 0.
Starting test testTemplateBuilderCanUseImageId(org.jclouds.aws.ec2.compute.AWSEC2TemplateBuilderLiveTest)
[TestNG] Test testTemplateBuilderCanUseImageId(org.jclouds.aws.ec2.compute.AWSEC2TemplateBuilderLiveTest) succeeded: 7002ms
Test suite progress: tests succeeded: 61, failed: 3, skipped: 0.
Starting test testTemplateBuilderCannotFind(org.jclouds.aws.ec2.compute.AWSEC2TemplateBuilderLiveTest)
[TestNG] Test testTemplateBuilderCannotFind(org.jclouds.aws.ec2.compute.AWSEC2TemplateBuilderLiveTest) succeeded: 29754ms
Test suite progress: tests succeeded: 62, failed: 3, skipped: 0.
Starting test testTemplateBuilderCannotFind(org.jclouds.aws.ec2.compute.AWSEC2TemplateBuilderLiveTest)
[TestNG] Test testTemplateBuilderCannotFind(org.jclouds.aws.ec2.compute.AWSEC2TemplateBuilderLiveTest) succeeded: 84ms
Test suite progress: tests succeeded: 63, failed: 3, skipped: 0.
Starting test testTemplateBuilderCannotFind(org.jclouds.aws.ec2.compute.AWSEC2TemplateBuilderLiveTest)
[TestNG] Test testTemplateBuilderCannotFind(org.jclouds.aws.ec2.compute.AWSEC2TemplateBuilderLiveTest) succeeded: 115ms
Test suite progress: tests succeeded: 64, failed: 3, skipped: 0.
Starting test testTemplateBuilderCannotFind(org.jclouds.aws.ec2.compute.AWSEC2TemplateBuilderLiveTest)
[TestNG] Test testTemplateBuilderCannotFind(org.jclouds.aws.ec2.compute.AWSEC2TemplateBuilderLiveTest) succeeded: 64ms
Test suite progress: tests succeeded: 65, failed: 3, skipped: 0.
Starting test testTemplateBuilderCannotFind(org.jclouds.aws.ec2.compute.AWSEC2TemplateBuilderLiveTest)
[TestNG] Test testTemplateBuilderCannotFind(org.jclouds.aws.ec2.compute.AWSEC2TemplateBuilderLiveTest) succeeded: 97ms
Test suite progress: tests succeeded: 66, failed: 3, skipped: 0.
Starting test testTemplateBuilderCannotFind(org.jclouds.aws.ec2.compute.AWSEC2TemplateBuilderLiveTest)
[TestNG] Test testTemplateBuilderCannotFind(org.jclouds.aws.ec2.compute.AWSEC2TemplateBuilderLiveTest) succeeded: 92ms
Test suite progress: tests succeeded: 67, failed: 3, skipped: 0.
Starting test testTemplateBuilderCannotFind(org.jclouds.aws.ec2.compute.AWSEC2TemplateBuilderLiveTest)
[TestNG] Test testTemplateBuilderCannotFind(org.jclouds.aws.ec2.compute.AWSEC2TemplateBuilderLiveTest) succeeded: 61ms
Test suite progress: tests succeeded: 68, failed: 3, skipped: 0.
Starting test testTemplateBuilderCannotFind(org.jclouds.aws.ec2.compute.AWSEC2TemplateBuilderLiveTest)
[TestNG] Test testTemplateBuilderCannotFind(org.jclouds.aws.ec2.compute.AWSEC2TemplateBuilderLiveTest) succeeded: 52ms
Test suite progress: tests succeeded: 69, failed: 3, skipped: 0.
Starting test testTemplateBuilderCannotFind(org.jclouds.aws.ec2.compute.AWSEC2TemplateBuilderLiveTest)
[TestNG] Test testTemplateBuilderCannotFind(org.jclouds.aws.ec2.compute.AWSEC2TemplateBuilderLiveTest) succeeded: 40ms
Test suite progress: tests succeeded: 70, failed: 3, skipped: 0.
Starting test testTemplateBuilderCannotFind(org.jclouds.aws.ec2.compute.AWSEC2TemplateBuilderLiveTest)
[TestNG] Test testTemplateBuilderCannotFind(org.jclouds.aws.ec2.compute.AWSEC2TemplateBuilderLiveTest) succeeded: 128ms
Test suite progress: tests succeeded: 71, failed: 3, skipped: 0.
Starting test testTemplateBuilderCannotFind(org.jclouds.aws.ec2.compute.AWSEC2TemplateBuilderLiveTest)
[TestNG] Test testTemplateBuilderCannotFind(org.jclouds.aws.ec2.compute.AWSEC2TemplateBuilderLiveTest) succeeded: 75ms
Test suite progress: tests succeeded: 72, failed: 3, skipped: 0.
Starting test testTemplateBuilderCannotFind(org.jclouds.aws.ec2.compute.AWSEC2TemplateBuilderLiveTest)
[TestNG] Test testTemplateBuilderCannotFind(org.jclouds.aws.ec2.compute.AWSEC2TemplateBuilderLiveTest) succeeded: 31ms
Test suite progress: tests succeeded: 73, failed: 3, skipped: 0.
Starting test testTemplateBuilderCannotFind(org.jclouds.aws.ec2.compute.AWSEC2TemplateBuilderLiveTest)
[TestNG] Test testTemplateBuilderCannotFind(org.jclouds.aws.ec2.compute.AWSEC2TemplateBuilderLiveTest) succeeded: 29ms
Test suite progress: tests succeeded: 74, failed: 3, skipped: 0.
Starting test testTemplateBuilderCannotFind(org.jclouds.aws.ec2.compute.AWSEC2TemplateBuilderLiveTest)
[TestNG] Test testTemplateBuilderCannotFind(org.jclouds.aws.ec2.compute.AWSEC2TemplateBuilderLiveTest) succeeded: 43ms
Test suite progress: tests succeeded: 75, failed: 3, skipped: 0.
Starting test testTemplateBuilderCannotFind(org.jclouds.aws.ec2.compute.AWSEC2TemplateBuilderLiveTest)
[TestNG] Test testTemplateBuilderCannotFind(org.jclouds.aws.ec2.compute.AWSEC2TemplateBuilderLiveTest) succeeded: 46ms
Test suite progress: tests succeeded: 76, failed: 3, skipped: 0.
Starting test testTemplateBuilderCannotFind(org.jclouds.aws.ec2.compute.AWSEC2TemplateBuilderLiveTest)
[TestNG] Test testTemplateBuilderCannotFind(org.jclouds.aws.ec2.compute.AWSEC2TemplateBuilderLiveTest) succeeded: 43ms
Test suite progress: tests succeeded: 77, failed: 3, skipped: 0.
Starting test testTemplateBuilderCannotFind(org.jclouds.aws.ec2.compute.AWSEC2TemplateBuilderLiveTest)
[TestNG] Test testTemplateBuilderCannotFind(org.jclouds.aws.ec2.compute.AWSEC2TemplateBuilderLiveTest) succeeded: 33ms
Test suite progress: tests succeeded: 78, failed: 3, skipped: 0.
Starting test testTemplateBuilderCannotFind(org.jclouds.aws.ec2.compute.AWSEC2TemplateBuilderLiveTest)
[TestNG] Test testTemplateBuilderCannotFind(org.jclouds.aws.ec2.compute.AWSEC2TemplateBuilderLiveTest) succeeded: 46ms
Test suite progress: tests succeeded: 79, failed: 3, skipped: 0.
Starting test testTemplateBuilderCannotFind(org.jclouds.aws.ec2.compute.AWSEC2TemplateBuilderLiveTest)
[TestNG] Test testTemplateBuilderCannotFind(org.jclouds.aws.ec2.compute.AWSEC2TemplateBuilderLiveTest) succeeded: 52ms
Test suite progress: tests succeeded: 80, failed: 3, skipped: 0.
Starting test testTemplateBuilderCannotFind(org.jclouds.aws.ec2.compute.AWSEC2TemplateBuilderLiveTest)
[TestNG] Test testTemplateBuilderCannotFind(org.jclouds.aws.ec2.compute.AWSEC2TemplateBuilderLiveTest) succeeded: 44ms
Test suite progress: tests succeeded: 81, failed: 3, skipped: 0.
Starting test testTemplateBuilderCannotFind(org.jclouds.aws.ec2.compute.AWSEC2TemplateBuilderLiveTest)
[TestNG] Test testTemplateBuilderCannotFind(org.jclouds.aws.ec2.compute.AWSEC2TemplateBuilderLiveTest) succeeded: 44ms
Test suite progress: tests succeeded: 82, failed: 3, skipped: 0.
Starting test testTemplateBuilderCannotFind(org.jclouds.aws.ec2.compute.AWSEC2TemplateBuilderLiveTest)
[TestNG] Test testTemplateBuilderCannotFind(org.jclouds.aws.ec2.compute.AWSEC2TemplateBuilderLiveTest) succeeded: 48ms
Test suite progress: tests succeeded: 83, failed: 3, skipped: 0.
Starting test testTemplateBuilderCannotFind(org.jclouds.aws.ec2.compute.AWSEC2TemplateBuilderLiveTest)
[TestNG] Test testTemplateBuilderCannotFind(org.jclouds.aws.ec2.compute.AWSEC2TemplateBuilderLiveTest) succeeded: 35ms
Test suite progress: tests succeeded: 84, failed: 3, skipped: 0.
Starting test testTemplateBuilderCannotFind(org.jclouds.aws.ec2.compute.AWSEC2TemplateBuilderLiveTest)
[TestNG] Test testTemplateBuilderCannotFind(org.jclouds.aws.ec2.compute.AWSEC2TemplateBuilderLiveTest) succeeded: 34ms
Test suite progress: tests succeeded: 85, failed: 3, skipped: 0.
Starting test testTemplateBuilderCannotFind(org.jclouds.aws.ec2.compute.AWSEC2TemplateBuilderLiveTest)
[TestNG] Test testTemplateBuilderCannotFind(org.jclouds.aws.ec2.compute.AWSEC2TemplateBuilderLiveTest) succeeded: 31ms
Test suite progress: tests succeeded: 86, failed: 3, skipped: 0.
Starting test testTemplateBuilderCannotFind(org.jclouds.aws.ec2.compute.AWSEC2TemplateBuilderLiveTest)
[TestNG] Test testTemplateBuilderCannotFind(org.jclouds.aws.ec2.compute.AWSEC2TemplateBuilderLiveTest) succeeded: 33ms
Test suite progress: tests succeeded: 87, failed: 3, skipped: 0.
Starting test testTemplateBuilderCannotFind(org.jclouds.aws.ec2.compute.AWSEC2TemplateBuilderLiveTest)
[TestNG] Test testTemplateBuilderCannotFind(org.jclouds.aws.ec2.compute.AWSEC2TemplateBuilderLiveTest) succeeded: 43ms
Test suite progress: tests succeeded: 88, failed: 3, skipped: 0.
Starting test testTemplateBuilderCannotFind(org.jclouds.aws.ec2.compute.AWSEC2TemplateBuilderLiveTest)
[TestNG] Test testTemplateBuilderCannotFind(org.jclouds.aws.ec2.compute.AWSEC2TemplateBuilderLiveTest) succeeded: 36ms
Test suite progress: tests succeeded: 89, failed: 3, skipped: 0.
Starting test testTemplateBuilderCannotFind(org.jclouds.aws.ec2.compute.AWSEC2TemplateBuilderLiveTest)
[TestNG] Test testTemplateBuilderCannotFind(org.jclouds.aws.ec2.compute.AWSEC2TemplateBuilderLiveTest) succeeded: 37ms
Test suite progress: tests succeeded: 90, failed: 3, skipped: 0.
Starting test testTemplateBuilderCannotFind(org.jclouds.aws.ec2.compute.AWSEC2TemplateBuilderLiveTest)
[TestNG] Test testTemplateBuilderCannotFind(org.jclouds.aws.ec2.compute.AWSEC2TemplateBuilderLiveTest) succeeded: 34ms
Test suite progress: tests succeeded: 91, failed: 3, skipped: 0.
Starting test testTemplateBuilderCannotFind(org.jclouds.aws.ec2.compute.AWSEC2TemplateBuilderLiveTest)
[TestNG] Test testTemplateBuilderCannotFind(org.jclouds.aws.ec2.compute.AWSEC2TemplateBuilderLiveTest) succeeded: 32ms
Test suite progress: tests succeeded: 92, failed: 3, skipped: 0.
Starting test testTemplateBuilderCannotFind(org.jclouds.aws.ec2.compute.AWSEC2TemplateBuilderLiveTest)
[TestNG] Test testTemplateBuilderCannotFind(org.jclouds.aws.ec2.compute.AWSEC2TemplateBuilderLiveTest) succeeded: 46ms
Test suite progress: tests succeeded: 93, failed: 3, skipped: 0.
Starting test testTemplateBuilderCannotFind(org.jclouds.aws.ec2.compute.AWSEC2TemplateBuilderLiveTest)
[TestNG] Test testTemplateBuilderCannotFind(org.jclouds.aws.ec2.compute.AWSEC2TemplateBuilderLiveTest) succeeded: 38ms
Test suite progress: tests succeeded: 94, failed: 3, skipped: 0.
Starting test testTemplateBuilderCannotFind(org.jclouds.aws.ec2.compute.AWSEC2TemplateBuilderLiveTest)
[TestNG] Test testTemplateBuilderCannotFind(org.jclouds.aws.ec2.compute.AWSEC2TemplateBuilderLiveTest) succeeded: 41ms
Test suite progress: tests succeeded: 95, failed: 3, skipped: 0.
Starting test testTemplateBuilderCannotFind(org.jclouds.aws.ec2.compute.AWSEC2TemplateBuilderLiveTest)
[TestNG] Test testTemplateBuilderCannotFind(org.jclouds.aws.ec2.compute.AWSEC2TemplateBuilderLiveTest) succeeded: 30ms
Test suite progress: tests succeeded: 96, failed: 3, skipped: 0.
Starting test testTemplateBuilderCannotFind(org.jclouds.aws.ec2.compute.AWSEC2TemplateBuilderLiveTest)
[TestNG] Test testTemplateBuilderCannotFind(org.jclouds.aws.ec2.compute.AWSEC2TemplateBuilderLiveTest) succeeded: 28ms
Test suite progress: tests succeeded: 97, failed: 3, skipped: 0.
Starting test testTemplateBuilderCannotFind(org.jclouds.aws.ec2.compute.AWSEC2TemplateBuilderLiveTest)
[TestNG] Test testTemplateBuilderCannotFind(org.jclouds.aws.ec2.compute.AWSEC2TemplateBuilderLiveTest) succeeded: 29ms
Test suite progress: tests succeeded: 98, failed: 3, skipped: 0.
Starting test testTemplateBuilderCannotFind(org.jclouds.aws.ec2.compute.AWSEC2TemplateBuilderLiveTest)
[TestNG] Test testTemplateBuilderCannotFind(org.jclouds.aws.ec2.compute.AWSEC2TemplateBuilderLiveTest) succeeded: 29ms
Test suite progress: tests succeeded: 99, failed: 3, skipped: 0.
Starting test testTemplateBuilderWithImageIdSpecified(org.jclouds.aws.ec2.compute.AWSEC2TemplateBuilderLiveTest)
[TestNG] Test testTemplateBuilderWithImageIdSpecified(org.jclouds.aws.ec2.compute.AWSEC2TemplateBuilderLiveTest) succeeded: 15281ms
Test suite progress: tests succeeded: 100, failed: 3, skipped: 0.
Starting test testTemplateBuilderWithLoginUserSpecified(org.jclouds.aws.ec2.compute.AWSEC2TemplateBuilderLiveTest)
[TestNG] Test testCreateAndListEBSBackedImage(org.jclouds.aws.ec2.services.AWSAMIClientLiveTest) succeeded: 113958ms
Test suite progress: tests succeeded: 101, failed: 3, skipped: 0.
Starting test testDescribeImageBadId(org.jclouds.aws.ec2.services.AWSAMIClientLiveTest)
[TestNG] Test testDescribeImageBadId(org.jclouds.aws.ec2.services.AWSAMIClientLiveTest) succeeded: 564ms
Test suite progress: tests succeeded: 102, failed: 3, skipped: 0.
Starting test testDescribeImageNotExists(org.jclouds.aws.ec2.services.AWSAMIClientLiveTest)
[TestNG] Test testDescribeImageNotExists(org.jclouds.aws.ec2.services.AWSAMIClientLiveTest) succeeded: 514ms
Test suite progress: tests succeeded: 103, failed: 3, skipped: 0.
Starting test testDescribeImages(org.jclouds.aws.ec2.services.AWSAMIClientLiveTest)
[TestNG] Test testTemplateBuilderWithLoginUserSpecified(org.jclouds.aws.ec2.compute.AWSEC2TemplateBuilderLiveTest) succeeded: 48487ms
Test suite progress: tests succeeded: 104, failed: 3, skipped: 0.
Starting test testTemplateBuilderCanUseImageIdWithoutFetchingAllImages(org.jclouds.aws.ec2.compute.AWSEC2TemplateBuilderLiveTest)
[TestNG] Test testCreateImage(org.jclouds.aws.ec2.compute.extensions.AWSEC2ImageExtensionLiveTest) succeeded: 250350ms
Test suite progress: tests succeeded: 105, failed: 3, skipped: 0.
Starting test testSpawnNodeFromImage(org.jclouds.aws.ec2.compute.extensions.AWSEC2ImageExtensionLiveTest)
[TestNG] Test testTemplateBuilderCanUseImageIdWithoutFetchingAllImages(org.jclouds.aws.ec2.compute.AWSEC2TemplateBuilderLiveTest) failed.
Test suite progress: tests succeeded: 105, failed: 4, skipped: 0.
Starting test testCreatePlacementGroup(org.jclouds.aws.ec2.services.PlacementGroupClientLiveTest)
[TestNG] Test testCreatePlacementGroup(org.jclouds.aws.ec2.services.PlacementGroupClientLiveTest) succeeded: 8099ms
Test suite progress: tests succeeded: 106, failed: 4, skipped: 0.
Starting test testDescribe(org.jclouds.aws.ec2.services.PlacementGroupClientLiveTest)
[TestNG] Test testDescribe(org.jclouds.aws.ec2.services.PlacementGroupClientLiveTest) succeeded: 7367ms
Test suite progress: tests succeeded: 107, failed: 4, skipped: 0.
Starting test testStartCCInstance(org.jclouds.aws.ec2.services.PlacementGroupClientLiveTest)
[TestNG] Test testSpawnNodeFromImage(org.jclouds.aws.ec2.compute.extensions.AWSEC2ImageExtensionLiveTest) succeeded: 116144ms
Test suite progress: tests succeeded: 108, failed: 4, skipped: 0.
Starting test testDeleteImage(org.jclouds.aws.ec2.compute.extensions.AWSEC2ImageExtensionLiveTest)
[TestNG] Test testDeleteImage(org.jclouds.aws.ec2.compute.extensions.AWSEC2ImageExtensionLiveTest) succeeded: 951ms
Test suite progress: tests succeeded: 109, failed: 4, skipped: 0.
[TestNG] Test testDescribeImages(org.jclouds.aws.ec2.services.AWSAMIClientLiveTest) succeeded: 344660ms
Test suite progress: tests succeeded: 110, failed: 4, skipped: 0.
Starting test testDescribeImagesCC(org.jclouds.aws.ec2.services.AWSAMIClientLiveTest)
[TestNG] Test testDescribeImagesCC(org.jclouds.aws.ec2.services.AWSAMIClientLiveTest) succeeded: 2163ms
Test suite progress: tests succeeded: 111, failed: 4, skipped: 0.
Starting test testApplyTag(org.jclouds.aws.ec2.features.TagSecurityGroupLiveTest)
[TestNG] Test testApplyTag(org.jclouds.aws.ec2.features.TagSecurityGroupLiveTest) succeeded: 1510ms
Test suite progress: tests succeeded: 112, failed: 4, skipped: 0.
Starting test testApplyTagWithValue(org.jclouds.aws.ec2.features.TagSecurityGroupLiveTest)
[TestNG] Test testApplyTagWithValue(org.jclouds.aws.ec2.features.TagSecurityGroupLiveTest) succeeded: 927ms
Test suite progress: tests succeeded: 113, failed: 4, skipped: 0.
Starting test testCreateKeyPair(org.jclouds.aws.ec2.services.AWSKeyPairClientLiveTest)
[TestNG] Test testCreateKeyPair(org.jclouds.aws.ec2.services.AWSKeyPairClientLiveTest) succeeded: 4245ms
Test suite progress: tests succeeded: 114, failed: 4, skipped: 0.
Starting test testDescribeAWSKeyPairs(org.jclouds.aws.ec2.services.AWSKeyPairClientLiveTest)
[TestNG] Test testDescribeAWSKeyPairs(org.jclouds.aws.ec2.services.AWSKeyPairClientLiveTest) succeeded: 6807ms
Test suite progress: tests succeeded: 115, failed: 4, skipped: 0.
Starting test testNoSsh(org.jclouds.aws.ec2.services.AWSKeyPairClientLiveTest)
[TestNG] Test testWindowsAdminWorks(org.jclouds.aws.ec2.compute.functions.AWSPasswordCredentialsFromWindowsInstanceLiveTest) succeeded: 579132ms
Test suite progress: tests succeeded: 116, failed: 4, skipped: 0.
[TestNG] Test testStartCCInstance(org.jclouds.aws.ec2.services.PlacementGroupClientLiveTest) succeeded: 304510ms
Test suite progress: tests succeeded: 117, failed: 4, skipped: 0.
[TestNG] Test testExtendedOptionsAndLogin(org.jclouds.aws.ec2.compute.AWSEC2ComputeServiceLiveTest) succeeded: 647316ms
Test suite progress: tests succeeded: 118, failed: 4, skipped: 0.
Starting test setServiceDefaults(org.jclouds.aws.ec2.compute.AWSEC2ComputeServiceLiveTest)
[TestNG] Test setServiceDefaults(org.jclouds.aws.ec2.compute.AWSEC2ComputeServiceLiveTest) succeeded: 1ms
Test suite progress: tests succeeded: 119, failed: 4, skipped: 0.
Starting test testCompareSizes(org.jclouds.aws.ec2.compute.AWSEC2ComputeServiceLiveTest)
[TestNG] Test testCompareSizes(org.jclouds.aws.ec2.compute.AWSEC2ComputeServiceLiveTest) succeeded: 31759ms
Test suite progress: tests succeeded: 120, failed: 4, skipped: 0.
Starting test testCorrectAuthException(org.jclouds.aws.ec2.compute.AWSEC2ComputeServiceLiveTest)
[TestNG] Test testCorrectAuthException(org.jclouds.aws.ec2.compute.AWSEC2ComputeServiceLiveTest) succeeded: 605ms
Test suite progress: tests succeeded: 121, failed: 4, skipped: 0.
Starting test testCorrectExceptionRunningNodesNotFound(org.jclouds.aws.ec2.compute.AWSEC2ComputeServiceLiveTest)
[TestNG] Test testCorrectExceptionRunningNodesNotFound(org.jclouds.aws.ec2.compute.AWSEC2ComputeServiceLiveTest) succeeded: 3327ms
Test suite progress: tests succeeded: 122, failed: 4, skipped: 0.
Starting test testGetAssignableLocations(org.jclouds.aws.ec2.compute.AWSEC2ComputeServiceLiveTest)
[TestNG] Test testGetAssignableLocations(org.jclouds.aws.ec2.compute.AWSEC2ComputeServiceLiveTest) succeeded: 6ms
Test suite progress: tests succeeded: 123, failed: 4, skipped: 0.
Starting test testImageById(org.jclouds.aws.ec2.compute.AWSEC2ComputeServiceLiveTest)
[TestNG] Test testImageById(org.jclouds.aws.ec2.compute.AWSEC2ComputeServiceLiveTest) succeeded: 634ms
Test suite progress: tests succeeded: 124, failed: 4, skipped: 0.
Starting test testImagesCache(org.jclouds.aws.ec2.compute.AWSEC2ComputeServiceLiveTest)
[TestNG] Test testImagesCache(org.jclouds.aws.ec2.compute.AWSEC2ComputeServiceLiveTest) succeeded: 0ms
Test suite progress: tests succeeded: 125, failed: 4, skipped: 0.
Starting test testListImages(org.jclouds.aws.ec2.compute.AWSEC2ComputeServiceLiveTest)
[TestNG] Test testListImages(org.jclouds.aws.ec2.compute.AWSEC2ComputeServiceLiveTest) succeeded: 11ms
Test suite progress: tests succeeded: 126, failed: 4, skipped: 0.
Starting test testListSizes(org.jclouds.aws.ec2.compute.AWSEC2ComputeServiceLiveTest)
[TestNG] Test testListSizes(org.jclouds.aws.ec2.compute.AWSEC2ComputeServiceLiveTest) succeeded: 0ms
Test suite progress: tests succeeded: 127, failed: 4, skipped: 0.
Starting test testOptionToNotBlock(org.jclouds.aws.ec2.compute.AWSEC2ComputeServiceLiveTest)
[TestNG] Test testOptionToNotBlock(org.jclouds.aws.ec2.compute.AWSEC2ComputeServiceLiveTest) succeeded: 16684ms
Test suite progress: tests succeeded: 128, failed: 4, skipped: 0.
Starting test testAutoIpAllocation(org.jclouds.aws.ec2.compute.AWSEC2ComputeServiceLiveTest)
[TestNG] Test testNoSsh(org.jclouds.aws.ec2.services.AWSKeyPairClientLiveTest) succeeded: 178006ms
Test suite progress: tests succeeded: 129, failed: 4, skipped: 0.
Starting test testImportKeyPair(org.jclouds.aws.ec2.services.AWSKeyPairClientLiveTest)
[TestNG] Test testImportKeyPair(org.jclouds.aws.ec2.services.AWSKeyPairClientLiveTest) succeeded: 3526ms
Test suite progress: tests succeeded: 130, failed: 4, skipped: 0.
Starting test testAuthorizeSecurityGroupIngressIpPermission(org.jclouds.aws.ec2.services.AWSSecurityGroupClientLiveTest)
[TestNG] Test testAuthorizeSecurityGroupIngressIpPermission(org.jclouds.aws.ec2.services.AWSSecurityGroupClientLiveTest) succeeded: 12501ms
Test suite progress: tests succeeded: 131, failed: 4, skipped: 0.
Starting test testAuthorizeSecurityGroupIngressSourcePort(org.jclouds.aws.ec2.services.AWSSecurityGroupClientLiveTest)
[TestNG] Test testAuthorizeSecurityGroupIngressSourcePort(org.jclouds.aws.ec2.services.AWSSecurityGroupClientLiveTest) succeeded: 5745ms
Test suite progress: tests succeeded: 132, failed: 4, skipped: 0.
Starting test testAuthorizeSecurityGroupIngressCidr(org.jclouds.aws.ec2.services.AWSSecurityGroupClientLiveTest)
[TestNG] Test testAuthorizeSecurityGroupIngressCidr(org.jclouds.aws.ec2.services.AWSSecurityGroupClientLiveTest) succeeded: 6038ms
Test suite progress: tests succeeded: 133, failed: 4, skipped: 0.
Starting test testAuthorizeSecurityGroupIngressSourceGroup(org.jclouds.aws.ec2.services.AWSSecurityGroupClientLiveTest)
[TestNG] Test testAuthorizeSecurityGroupIngressSourceGroup(org.jclouds.aws.ec2.services.AWSSecurityGroupClientLiveTest) succeeded: 10711ms
Test suite progress: tests succeeded: 134, failed: 4, skipped: 0.
Starting test testCreateSecurityGroup(org.jclouds.aws.ec2.services.AWSSecurityGroupClientLiveTest)
[TestNG] Test testCreateSecurityGroup(org.jclouds.aws.ec2.services.AWSSecurityGroupClientLiveTest) succeeded: 4291ms
Test suite progress: tests succeeded: 135, failed: 4, skipped: 0.
Starting test testDescribe(org.jclouds.aws.ec2.services.AWSSecurityGroupClientLiveTest)
[TestNG] Test testDescribe(org.jclouds.aws.ec2.services.AWSSecurityGroupClientLiveTest) succeeded: 12324ms
Test suite progress: tests succeeded: 136, failed: 4, skipped: 0.
Starting test testDescribeInstances(org.jclouds.aws.ec2.services.AWSInstanceClientLiveTest)
[TestNG] Test testDescribeInstances(org.jclouds.aws.ec2.services.AWSInstanceClientLiveTest) succeeded: 5809ms
Test suite progress: tests succeeded: 137, failed: 4, skipped: 0.
Starting test testCreateSpotInstance(org.jclouds.aws.ec2.services.SpotInstanceClientLiveTest)
82863
[TestNG] Test testCreateSpotInstance(org.jclouds.aws.ec2.services.SpotInstanceClientLiveTest) succeeded: 90211ms
Test suite progress: tests succeeded: 138, failed: 4, skipped: 0.
Starting test testDescribeSpotRequestsInRegion(org.jclouds.aws.ec2.services.SpotInstanceClientLiveTest)
[TestNG] Test testDescribeSpotRequestsInRegion(org.jclouds.aws.ec2.services.SpotInstanceClientLiveTest) succeeded: 6543ms
Test suite progress: tests succeeded: 139, failed: 4, skipped: 0.
Starting test testDescribeSpotPriceHistoryInRegion(org.jclouds.aws.ec2.services.SpotInstanceClientLiveTest)
[TestNG] Test testDescribeSpotPriceHistoryInRegion(org.jclouds.aws.ec2.services.SpotInstanceClientLiveTest) failed.
Test suite progress: tests succeeded: 139, failed: 5, skipped: 0.
Starting test testGetLaunchPermissionForImage(org.jclouds.aws.ec2.services.AWSAMIClientLiveTest)
[TestNG] Test testGetLaunchPermissionForImage(org.jclouds.aws.ec2.services.AWSAMIClientLiveTest) succeeded: 739ms
Test suite progress: tests succeeded: 140, failed: 5, skipped: 0.
Starting test testList(org.jclouds.aws.ec2.features.TagSecurityGroupLiveTest)
[TestNG] Test testList(org.jclouds.aws.ec2.features.TagSecurityGroupLiveTest) succeeded: 565ms
Test suite progress: tests succeeded: 141, failed: 5, skipped: 0.
Starting test testDeleteTags(org.jclouds.aws.ec2.features.TagSecurityGroupLiveTest)
[TestNG] Test testDeleteTags(org.jclouds.aws.ec2.features.TagSecurityGroupLiveTest) failed.
Test suite progress: tests succeeded: 141, failed: 6, skipped: 0.
[TestNG] Test testAutoIpAllocation(org.jclouds.aws.ec2.compute.AWSEC2ComputeServiceLiveTest) succeeded: 188294ms
Test suite progress: tests succeeded: 142, failed: 6, skipped: 0.
Starting test testMapEBS(org.jclouds.aws.ec2.compute.AWSEC2ComputeServiceLiveTest)
[TestNG] Test testMapEBS(org.jclouds.aws.ec2.compute.AWSEC2ComputeServiceLiveTest) succeeded: 89466ms
Test suite progress: tests succeeded: 143, failed: 6, skipped: 0.
Starting test testCreateAndRunAService(org.jclouds.aws.ec2.compute.AWSEC2ComputeServiceLiveTest)
[TestNG] Test testCreateAndRunAService(org.jclouds.aws.ec2.compute.AWSEC2ComputeServiceLiveTest) succeeded: 200887ms
Test suite progress: tests succeeded: 144, failed: 6, skipped: 0.
Starting test testAScriptExecutionAfterBootWithBasicTemplate(org.jclouds.aws.ec2.compute.AWSEC2ComputeServiceLiveTest)
[TestNG] Test testAScriptExecutionAfterBootWithBasicTemplate(org.jclouds.aws.ec2.compute.AWSEC2ComputeServiceLiveTest) succeeded: 261387ms
Test suite progress: tests succeeded: 145, failed: 6, skipped: 0.
Starting test testConcurrentUseOfComputeServiceToCreateNodes(org.jclouds.aws.ec2.compute.AWSEC2ComputeServiceLiveTest)
[TestNG] Test testConcurrentUseOfComputeServiceToCreateNodes(org.jclouds.aws.ec2.compute.AWSEC2ComputeServiceLiveTest) succeeded: 257247ms
Test suite progress: tests succeeded: 146, failed: 6, skipped: 0.
Starting test testTemplateMatch(org.jclouds.aws.ec2.compute.AWSEC2ComputeServiceLiveTest)
[TestNG] Test testTemplateMatch(org.jclouds.aws.ec2.compute.AWSEC2ComputeServiceLiveTest) succeeded: 104201ms
Test suite progress: tests succeeded: 147, failed: 6, skipped: 0.
Starting test testImagesResolveCorrectly(org.jclouds.aws.ec2.compute.AWSEC2ComputeServiceLiveTest)
[TestNG] Test testImagesResolveCorrectly(org.jclouds.aws.ec2.compute.AWSEC2ComputeServiceLiveTest) succeeded: 149ms
Test suite progress: tests succeeded: 148, failed: 6, skipped: 0.
Starting test testCreateTwoNodesWithRunScript(org.jclouds.aws.ec2.compute.AWSEC2ComputeServiceLiveTest)
[TestNG] Test testCreateTwoNodesWithRunScript(org.jclouds.aws.ec2.compute.AWSEC2ComputeServiceLiveTest) succeeded: 105061ms
Test suite progress: tests succeeded: 149, failed: 6, skipped: 0.
Starting test testCreateAnotherNodeWithANewContextToEnsureSharedMemIsntRequired(org.jclouds.aws.ec2.compute.AWSEC2ComputeServiceLiveTest)
[TestNG] Test testCreateAnotherNodeWithANewContextToEnsureSharedMemIsntRequired(org.jclouds.aws.ec2.compute.AWSEC2ComputeServiceLiveTest) succeeded: 128895ms
Test suite progress: tests succeeded: 150, failed: 6, skipped: 0.
Starting test testCredentialsCache(org.jclouds.aws.ec2.compute.AWSEC2ComputeServiceLiveTest)
[TestNG] Test testCredentialsCache(org.jclouds.aws.ec2.compute.AWSEC2ComputeServiceLiveTest) succeeded: 105ms
Test suite progress: tests succeeded: 151, failed: 6, skipped: 0.
Starting test testGet(org.jclouds.aws.ec2.compute.AWSEC2ComputeServiceLiveTest)
[TestNG] Test testGet(org.jclouds.aws.ec2.compute.AWSEC2ComputeServiceLiveTest) succeeded: 12327ms
Test suite progress: tests succeeded: 152, failed: 6, skipped: 0.
Starting test testReboot(org.jclouds.aws.ec2.compute.AWSEC2ComputeServiceLiveTest)
[TestNG] Test testReboot(org.jclouds.aws.ec2.compute.AWSEC2ComputeServiceLiveTest) succeeded: 10458ms
Test suite progress: tests succeeded: 153, failed: 6, skipped: 0.
Starting test testSuspendResume(org.jclouds.aws.ec2.compute.AWSEC2ComputeServiceLiveTest)
[TestNG] Test testSuspendResume(org.jclouds.aws.ec2.compute.AWSEC2ComputeServiceLiveTest) succeeded: 251405ms
Test suite progress: tests succeeded: 154, failed: 6, skipped: 0.
Starting test testGetNodesWithDetails(org.jclouds.aws.ec2.compute.AWSEC2ComputeServiceLiveTest)
[TestNG] Test testGetNodesWithDetails(org.jclouds.aws.ec2.compute.AWSEC2ComputeServiceLiveTest) succeeded: 2319ms
Test suite progress: tests succeeded: 155, failed: 6, skipped: 0.
Starting test testListNodes(org.jclouds.aws.ec2.compute.AWSEC2ComputeServiceLiveTest)
[TestNG] Test testListNodes(org.jclouds.aws.ec2.compute.AWSEC2ComputeServiceLiveTest) succeeded: 2438ms
Test suite progress: tests succeeded: 156, failed: 6, skipped: 0.
Starting test testDestroyNodes(org.jclouds.aws.ec2.compute.AWSEC2ComputeServiceLiveTest)
[TestNG] Test testDestroyNodes(org.jclouds.aws.ec2.compute.AWSEC2ComputeServiceLiveTest) succeeded: 43873ms
Test suite progress: tests succeeded: 157, failed: 6, skipped: 0.
Tests run: 164, Failures: 7, Errors: 0, Skipped: 0, Time elapsed: 2,373.024 sec <<< FAILURE!
testAmazonLinuxInstanceStore(org.jclouds.aws.ec2.compute.AWSEC2TemplateBuilderLiveTest)  Time elapsed: 38.332 sec  <<< FAILURE!
java.lang.AssertionError: expected [pv-2012.09.rc-1] but found [pv-2013.03.rc-0]
	at org.testng.Assert.fail(Assert.java:94)
	at org.testng.Assert.failNotEquals(Assert.java:494)
	at org.testng.Assert.assertEquals(Assert.java:123)
	at org.testng.Assert.assertEquals(Assert.java:176)
	at org.testng.Assert.assertEquals(Assert.java:186)
	at org.jclouds.aws.ec2.compute.AWSEC2TemplateBuilderLiveTest.testAmazonLinuxInstanceStore(AWSEC2TemplateBuilderLiveTest.java:187)

testDefaultTemplateBuilder(org.jclouds.aws.ec2.compute.AWSEC2TemplateBuilderLiveTest)  Time elapsed: 0.179 sec  <<< FAILURE!
java.lang.AssertionError: expected [pv-2012.09.rc-1] but found [pv-2013.03.rc-0]
	at org.testng.Assert.fail(Assert.java:94)
	at org.testng.Assert.failNotEquals(Assert.java:494)
	at org.testng.Assert.assertEquals(Assert.java:123)
	at org.testng.Assert.assertEquals(Assert.java:176)
	at org.testng.Assert.assertEquals(Assert.java:186)
	at org.jclouds.aws.ec2.compute.AWSEC2TemplateBuilderLiveTest.testDefaultTemplateBuilder(AWSEC2TemplateBuilderLiveTest.java:172)

testTemplateBuilderWithLessRegions(org.jclouds.aws.ec2.compute.AWSEC2TemplateBuilderLiveTest)  Time elapsed: 1.391 sec  <<< FAILURE!
java.lang.AssertionError: []
	at org.jclouds.aws.ec2.compute.AWSEC2TemplateBuilderLiveTest.assertOnlyOneRegionQueriedForAvailabilityZone(AWSEC2TemplateBuilderLiveTest.java:339)
	at org.jclouds.aws.ec2.compute.AWSEC2TemplateBuilderLiveTest.testTemplateBuilderWithLessRegions(AWSEC2TemplateBuilderLiveTest.java:316)

testTemplateBuilderCanUseImageIdWithoutFetchingAllImages(org.jclouds.aws.ec2.compute.AWSEC2TemplateBuilderLiveTest)  Time elapsed: 14.787 sec  <<< FAILURE!
java.lang.AssertionError: []
	at org.jclouds.ec2.compute.EC2TemplateBuilderLiveTest.testTemplateBuilderCanUseImageIdWithoutFetchingAllImages(EC2TemplateBuilderLiveTest.java:80)
	at sun.reflect.NativeMethodAccessorImpl.invoke0(Native Method)
	at sun.reflect.NativeMethodAccessorImpl.invoke(NativeMethodAccessorImpl.java:39)
	at sun.reflect.DelegatingMethodAccessorImpl.invoke(DelegatingMethodAccessorImpl.java:25)
	at java.lang.reflect.Method.invoke(Method.java:597)
	at org.testng.internal.MethodInvocationHelper.invokeMethod(MethodInvocationHelper.java:80)
	at org.testng.internal.Invoker.invokeMethod(Invoker.java:714)
	at org.testng.internal.Invoker.invokeTestMethod(Invoker.java:901)
	at org.testng.internal.Invoker.invokeTestMethods(Invoker.java:1231)
	at org.testng.internal.TestMethodWorker.invokeTestMethods(TestMethodWorker.java:127)
	at org.testng.internal.TestMethodWorker.run(TestMethodWorker.java:111)
	at org.testng.TestRunner.privateRun(TestRunner.java:767)
	at org.testng.TestRunner.run(TestRunner.java:617)
	at org.testng.SuiteRunner.runTest(SuiteRunner.java:334)
	at org.testng.SuiteRunner.access$000(SuiteRunner.java:37)
	at org.testng.SuiteRunner$SuiteWorker.run(SuiteRunner.java:368)
	at org.testng.internal.thread.ThreadUtil$2.call(ThreadUtil.java:64)
	at java.util.concurrent.FutureTask$Sync.innerRun(FutureTask.java:303)
	at java.util.concurrent.FutureTask.run(FutureTask.java:138)
	at java.util.concurrent.ThreadPoolExecutor$Worker.runTask(ThreadPoolExecutor.java:895)
	at java.util.concurrent.ThreadPoolExecutor$Worker.run(ThreadPoolExecutor.java:918)
	at java.lang.Thread.run(Thread.java:680)

tearDownContext(org.jclouds.aws.ec2.services.PlacementGroupClientLiveTest)  Time elapsed: 122.24 sec  <<< FAILURE!
java.lang.AssertionError: [name=adriancoleec21, region=eu-west-1, state=available, strategy=cluster]
	at org.jclouds.aws.ec2.services.PlacementGroupClientLiveTest.tearDownContext(PlacementGroupClientLiveTest.java:177)

testDescribeSpotPriceHistoryInRegion(org.jclouds.aws.ec2.services.SpotInstanceClientLiveTest)  Time elapsed: 0.899 sec  <<< FAILURE!
java.lang.AssertionError: [region=us-east-1, instanceType=cr1.8xlarge, productDescription=Linux/UNIX (Amazon VPC), spotPrice=0.343, timestamp=Fri Mar 08 12:00:28 PST 2013]
	at org.jclouds.aws.ec2.services.SpotInstanceClientLiveTest.testDescribeSpotPriceHistoryInRegion(SpotInstanceClientLiveTest.java:113)

testDeleteTags(org.jclouds.aws.ec2.features.TagSecurityGroupLiveTest)  Time elapsed: 1.834 sec  <<< FAILURE!
java.lang.AssertionError: expected [0] but found [2]
	at org.testng.Assert.fail(Assert.java:94)
	at org.testng.Assert.failNotEquals(Assert.java:494)
	at org.testng.Assert.assertEquals(Assert.java:123)
	at org.testng.Assert.assertEquals(Assert.java:370)
	at org.testng.Assert.assertEquals(Assert.java:380)
	at org.jclouds.ec2.features.internal.BaseTagApiLiveTest.testDeleteTags(BaseTagApiLiveTest.java:111)
	at sun.reflect.NativeMethodAccessorImpl.invoke0(Native Method)
	at sun.reflect.NativeMethodAccessorImpl.invoke(NativeMethodAccessorImpl.java:39)
	at sun.reflect.DelegatingMethodAccessorImpl.invoke(DelegatingMethodAccessorImpl.java:25)
	at java.lang.reflect.Method.invoke(Method.java:597)
	at org.testng.internal.MethodInvocationHelper.invokeMethod(MethodInvocationHelper.java:80)
	at org.testng.internal.Invoker.invokeMethod(Invoker.java:714)
	at org.testng.internal.Invoker.invokeTestMethod(Invoker.java:901)
	at org.testng.internal.Invoker.invokeTestMethods(Invoker.java:1231)
	at org.testng.internal.TestMethodWorker.invokeTestMethods(TestMethodWorker.java:127)
	at org.testng.internal.TestMethodWorker.run(TestMethodWorker.java:111)
	at org.testng.TestRunner.privateRun(TestRunner.java:767)
	at org.testng.TestRunner.run(TestRunner.java:617)
	at org.testng.SuiteRunner.runTest(SuiteRunner.java:334)
	at org.testng.SuiteRunner.access$000(SuiteRunner.java:37)
	at org.testng.SuiteRunner$SuiteWorker.run(SuiteRunner.java:368)
	at org.testng.internal.thread.ThreadUtil$2.call(ThreadUtil.java:64)
	at java.util.concurrent.FutureTask$Sync.innerRun(FutureTask.java:303)
	at java.util.concurrent.FutureTask.run(FutureTask.java:138)
	at java.util.concurrent.ThreadPoolExecutor$Worker.runTask(ThreadPoolExecutor.java:895)
	at java.util.concurrent.ThreadPoolExecutor$Worker.run(ThreadPoolExecutor.java:918)
	at java.lang.Thread.run(Thread.java:680)


Results :

Failed tests:   testAmazonLinuxInstanceStore(org.jclouds.aws.ec2.compute.AWSEC2TemplateBuilderLiveTest): expected [pv-2012.09.rc-1] but found [pv-2013.03.rc-0]
  testDefaultTemplateBuilder(org.jclouds.aws.ec2.compute.AWSEC2TemplateBuilderLiveTest): expected [pv-2012.09.rc-1] but found [pv-2013.03.rc-0]
  testTemplateBuilderWithLessRegions(org.jclouds.aws.ec2.compute.AWSEC2TemplateBuilderLiveTest): []
  testTemplateBuilderCanUseImageIdWithoutFetchingAllImages(org.jclouds.aws.ec2.compute.AWSEC2TemplateBuilderLiveTest): []
  tearDownContext(org.jclouds.aws.ec2.services.PlacementGroupClientLiveTest): [name=adriancoleec21, region=eu-west-1, state=available, strategy=cluster]
  testDescribeSpotPriceHistoryInRegion(org.jclouds.aws.ec2.services.SpotInstanceClientLiveTest): [region=us-east-1, instanceType=cr1.8xlarge, productDescription=Linux/UNIX (Amazon VPC), spotPrice=0.343, timestamp=Fri Mar 08 12:00:28 PST 2013]
  testDeleteTags(org.jclouds.aws.ec2.features.TagSecurityGroupLiveTest): expected [0] but found [2]

Tests run: 164, Failures: 7, Errors: 0, Skipped: 0

[INFO] ------------------------------------------------------------------------
[INFO] BUILD FAILURE
[INFO] ------------------------------------------------------------------------
[INFO] Total time: 40:21.490s
[INFO] Finished at: Sat Mar 09 11:39:57 PST 2013
[INFO] Final Memory: 21M/265M
[INFO] ------------------------------------------------------------------------
[ERROR] Failed to execute goal org.apache.maven.plugins:maven-surefire-plugin:2.12.4:test (integration) on project aws-ec2: There are test failures.
[ERROR] 
[ERROR] Please refer to /Users/adriancole/workspace/git/1.6.x/jclouds/providers/aws-ec2/target/surefire-reports for the individual test results.
[ERROR] -> [Help 1]
[ERROR] 
[ERROR] To see the full stack trace of the errors, re-run Maven with the -e switch.
[ERROR] Re-run Maven using the -X switch to enable full debug logging.
[ERROR] 
[ERROR] For more information about the errors and possible solutions, please read the following articles:
[ERROR] [Help 1] http://cwiki.apache.org/confluence/display/MAVEN/MojoFailureException
