[INFO] Scanning for projects...
[WARNING] 
[WARNING] Some problems were encountered while building the effective model for org.jclouds.provider:azureblob:bundle:1.6.0-SNAPSHOT
[WARNING] 'parent.relativePath' of POM org.jclouds:jclouds-project:1.6.0-SNAPSHOT (/Users/adriancole/workspace/git/1.6.x/jclouds/project/pom.xml) points at org.jclouds:jclouds-multi instead of org.sonatype.oss:oss-parent, please verify your project structure @ org.jclouds:jclouds-project:1.6.0-SNAPSHOT, /Users/adriancole/workspace/git/1.6.x/jclouds/project/pom.xml, line 24, column 13
[WARNING] 
[WARNING] It is highly recommended to fix these problems because they threaten the stability of your build.
[WARNING] 
[WARNING] For this reason, future Maven versions might no longer support building such malformed projects.
[WARNING] 
[INFO]                                                                         
[INFO] ------------------------------------------------------------------------
[INFO] Building jclouds Azure Storage provider 1.6.0-SNAPSHOT
[INFO] ------------------------------------------------------------------------
[INFO] 
[INFO] --- maven-clean-plugin:2.4.1:clean (default-clean) @ azureblob ---
[INFO] Deleting /Users/adriancole/workspace/git/1.6.x/jclouds/providers/azureblob/target
[INFO] 
[INFO] --- maven-enforcer-plugin:1.1.1:enforce (enforce-maven) @ azureblob ---
[INFO] 
[INFO] --- maven-enforcer-plugin:1.1.1:enforce (enforce-banned-dependencies) @ azureblob ---
[INFO] 
[INFO] --- maven-enforcer-plugin:1.1.1:enforce (enforce-java) @ azureblob ---
[INFO] 
[INFO] --- maven-remote-resources-plugin:1.4:process (process-remote-resources) @ azureblob ---
[INFO] 
[INFO] --- maven-resources-plugin:2.6:resources (default-resources) @ azureblob ---
[INFO] Using 'UTF-8' encoding to copy filtered resources.
[INFO] skip non existing resourceDirectory /Users/adriancole/workspace/git/1.6.x/jclouds/providers/azureblob/src/main/clojure
[INFO] Copying 1 resource
[INFO] Copying 2 resources
[INFO] 
[INFO] --- maven-compiler-plugin:2.5.1:compile (default-compile) @ azureblob ---
[INFO] Compiling 46 source files to /Users/adriancole/workspace/git/1.6.x/jclouds/providers/azureblob/target/classes
[INFO] 
[INFO] --- maven-resources-plugin:2.6:testResources (default-testResources) @ azureblob ---
[INFO] Using 'UTF-8' encoding to copy filtered resources.
[INFO] skip non existing resourceDirectory /Users/adriancole/workspace/git/1.6.x/jclouds/providers/azureblob/src/test/clojure
[INFO] Copying 5 resources
[INFO] Copying 2 resources
[INFO] 
[INFO] --- maven-compiler-plugin:2.5.1:testCompile (default-testCompile) @ azureblob ---
[INFO] Compiling 22 source files to /Users/adriancole/workspace/git/1.6.x/jclouds/providers/azureblob/target/test-classes
[INFO] 
[INFO] --- maven-surefire-plugin:2.12.4:test (default-test) @ azureblob ---
[INFO] Surefire report directory: /Users/adriancole/workspace/git/1.6.x/jclouds/providers/azureblob/target/surefire-reports

-------------------------------------------------------
 T E S T S
-------------------------------------------------------
Running TestSuite
Configuring TestNG with: org.apache.maven.surefire.testng.conf.TestNG652Configurator@68861f24
Starting test testContextImpl(org.jclouds.azureblob.blobstore.config.AzureBlobStoreModuleTest)
Starting test testMetadata(org.jclouds.azureblob.options.CreateContainerOptionsTest)
Starting test testInvalidNames(org.jclouds.azureblob.predicates.validators.ContainerNameValidatorTest)
Starting test testMetadataAlreadyPrefixed(org.jclouds.azureblob.options.CreateContainerOptionsTest)
Starting test testNamesValidity(org.jclouds.azureblob.predicates.validators.ContainerNameValidatorTest)
[pool-1-thread-2] Test testInvalidNames(org.jclouds.azureblob.predicates.validators.ContainerNameValidatorTest) succeeded: 20ms
Test suite progress: tests succeeded: 1, failed: 0, skipped: 0.
Starting test testMetadataStatic(org.jclouds.azureblob.options.CreateContainerOptionsTest)
[pool-1-thread-3] Test testNamesValidity(org.jclouds.azureblob.predicates.validators.ContainerNameValidatorTest) succeeded: 36ms
Test suite progress: tests succeeded: 2, failed: 0, skipped: 0.
Starting test testPublicAccess(org.jclouds.azureblob.options.CreateContainerOptionsTest)
[pool-1-thread-2] Test testMetadataStatic(org.jclouds.azureblob.options.CreateContainerOptionsTest) succeeded: 59ms
Test suite progress: tests succeeded: 3, failed: 0, skipped: 0.
Starting test testPublicAccessStatic(org.jclouds.azureblob.options.CreateContainerOptionsTest)
[pool-1-thread-2] Test testPublicAccessStatic(org.jclouds.azureblob.options.CreateContainerOptionsTest) succeeded: 0ms
Test suite progress: tests succeeded: 4, failed: 0, skipped: 0.
Starting test testDelimiter(org.jclouds.azureblob.options.ListBlobsOptionsTest)
[pool-1-thread-3] Test testPublicAccess(org.jclouds.azureblob.options.CreateContainerOptionsTest) succeeded: 46ms
Test suite progress: tests succeeded: 5, failed: 0, skipped: 0.
[pool-1-thread-2] Test testDelimiter(org.jclouds.azureblob.options.ListBlobsOptionsTest) succeeded: 2ms
Test suite progress: tests succeeded: 6, failed: 0, skipped: 0.
Starting test testDelimiterStatic(org.jclouds.azureblob.options.ListBlobsOptionsTest)
Starting test test404OnContainerIsContainerNotFound(org.jclouds.azure.storage.handlers.ParseAzureBlobErrorFromXmlContentTest)
[pool-1-thread-4] Test testMetadata(org.jclouds.azureblob.options.CreateContainerOptionsTest) succeeded: 84ms
Test suite progress: tests succeeded: 7, failed: 0, skipped: 0.
Starting test test404WithoutContainerIsKeyNotFound(org.jclouds.azure.storage.handlers.ParseAzureBlobErrorFromXmlContentTest)
[pool-1-thread-5] Test testMetadataAlreadyPrefixed(org.jclouds.azureblob.options.CreateContainerOptionsTest) succeeded: 85ms
Test suite progress: tests succeeded: 8, failed: 0, skipped: 0.
[pool-1-thread-3] Test testDelimiterStatic(org.jclouds.azureblob.options.ListBlobsOptionsTest) succeeded: 11ms
Test suite progress: tests succeeded: 9, failed: 0, skipped: 0.
[pool-1-thread-2] Test test404OnContainerIsContainerNotFound(org.jclouds.azure.storage.handlers.ParseAzureBlobErrorFromXmlContentTest) succeeded: 732ms
Test suite progress: tests succeeded: 10, failed: 0, skipped: 0.
[pool-1-thread-4] Test test404WithoutContainerIsKeyNotFound(org.jclouds.azure.storage.handlers.ParseAzureBlobErrorFromXmlContentTest) succeeded: 743ms
Test suite progress: tests succeeded: 11, failed: 0, skipped: 0.
[pool-1-thread-1] Test testContextImpl(org.jclouds.azureblob.blobstore.config.AzureBlobStoreModuleTest) succeeded: 1534ms
Test suite progress: tests succeeded: 12, failed: 0, skipped: 0.
Starting test testCreateRootContainerOptions(org.jclouds.azureblob.AzureBlobAsyncClientTest)
Starting test testCreateRootContainer(org.jclouds.azureblob.AzureBlobAsyncClientTest)
Starting test testContainerProperties(org.jclouds.azureblob.AzureBlobAsyncClientTest)
Starting test testCreateContainerOptions(org.jclouds.azureblob.AzureBlobAsyncClientTest)
Starting test testCreateContainer(org.jclouds.azureblob.AzureBlobAsyncClientTest)
[pool-4-thread-2] Test testCreateContainer(org.jclouds.azureblob.AzureBlobAsyncClientTest) succeeded: 55ms
Test suite progress: tests succeeded: 13, failed: 0, skipped: 0.
Starting test testDeleteContainer(org.jclouds.azureblob.AzureBlobAsyncClientTest)
[pool-4-thread-2] Test testDeleteContainer(org.jclouds.azureblob.AzureBlobAsyncClientTest) succeeded: 10ms
Test suite progress: tests succeeded: 14, failed: 0, skipped: 0.
Starting test testDeleteRootContainer(org.jclouds.azureblob.AzureBlobAsyncClientTest)
[pool-4-thread-4] Test testCreateRootContainer(org.jclouds.azureblob.AzureBlobAsyncClientTest) succeeded: 77ms
Test suite progress: tests succeeded: 15, failed: 0, skipped: 0.
[pool-4-thread-3] Test testCreateContainerOptions(org.jclouds.azureblob.AzureBlobAsyncClientTest) succeeded: 72ms
Test suite progress: tests succeeded: 16, failed: 0, skipped: 0.
Starting test testGetBlob(org.jclouds.azureblob.AzureBlobAsyncClientTest)
Starting test testGetPublicAccessForContainer(org.jclouds.azureblob.AzureBlobAsyncClientTest)
[pool-4-thread-5] Test testCreateRootContainerOptions(org.jclouds.azureblob.AzureBlobAsyncClientTest) succeeded: 86ms
Test suite progress: tests succeeded: 17, failed: 0, skipped: 0.
Starting test testListBlobs(org.jclouds.azureblob.AzureBlobAsyncClientTest)
[pool-4-thread-1] Test testContainerProperties(org.jclouds.azureblob.AzureBlobAsyncClientTest) succeeded: 85ms
Test suite progress: tests succeeded: 18, failed: 0, skipped: 0.
Starting test testListContainers(org.jclouds.azureblob.AzureBlobAsyncClientTest)
[pool-4-thread-3] Test testGetPublicAccessForContainer(org.jclouds.azureblob.AzureBlobAsyncClientTest) succeeded: 9ms
Test suite progress: tests succeeded: 19, failed: 0, skipped: 0.
Starting test testListContainersOptions(org.jclouds.azureblob.AzureBlobAsyncClientTest)
[pool-4-thread-4] Test testGetBlob(org.jclouds.azureblob.AzureBlobAsyncClientTest) succeeded: 40ms
Test suite progress: tests succeeded: 20, failed: 0, skipped: 0.
Starting test testListRootBlobs(org.jclouds.azureblob.AzureBlobAsyncClientTest)
[pool-4-thread-2] Test testDeleteRootContainer(org.jclouds.azureblob.AzureBlobAsyncClientTest) succeeded: 55ms
Test suite progress: tests succeeded: 21, failed: 0, skipped: 0.
Starting test testSetBlobMetadata(org.jclouds.azureblob.AzureBlobAsyncClientTest)
[pool-4-thread-5] Test testListBlobs(org.jclouds.azureblob.AzureBlobAsyncClientTest) succeeded: 63ms
Test suite progress: tests succeeded: 22, failed: 0, skipped: 0.
Starting test testSetResourceMetadata(org.jclouds.azureblob.AzureBlobAsyncClientTest)
[pool-4-thread-4] Test testListRootBlobs(org.jclouds.azureblob.AzureBlobAsyncClientTest) succeeded: 31ms
Test suite progress: tests succeeded: 23, failed: 0, skipped: 0.
[pool-4-thread-1] Test testListContainers(org.jclouds.azureblob.AzureBlobAsyncClientTest) succeeded: 62ms
Test suite progress: tests succeeded: 24, failed: 0, skipped: 0.
[pool-4-thread-3] Test testListContainersOptions(org.jclouds.azureblob.AzureBlobAsyncClientTest) succeeded: 66ms
Test suite progress: tests succeeded: 25, failed: 0, skipped: 0.
[pool-4-thread-2] Test testSetBlobMetadata(org.jclouds.azureblob.AzureBlobAsyncClientTest) succeeded: 26ms
Test suite progress: tests succeeded: 26, failed: 0, skipped: 0.
[pool-4-thread-5] Test testSetResourceMetadata(org.jclouds.azureblob.AzureBlobAsyncClientTest) succeeded: 9ms
Test suite progress: tests succeeded: 27, failed: 0, skipped: 0.
Starting test testAllContains(org.jclouds.azureblob.AzureBlobProviderTest)
Starting test testOfApiContains(org.jclouds.azureblob.AzureBlobProviderTest)
Starting test testTransformableToContains(org.jclouds.azureblob.AzureBlobProviderTest)
[pool-5-thread-1] Test testAllContains(org.jclouds.azureblob.AzureBlobProviderTest) succeeded: 4ms
Test suite progress: tests succeeded: 28, failed: 0, skipped: 0.
Starting test testWithId(org.jclouds.azureblob.AzureBlobProviderTest)
[pool-5-thread-3] Test testTransformableToContains(org.jclouds.azureblob.AzureBlobProviderTest) succeeded: 2ms
Test suite progress: tests succeeded: 29, failed: 0, skipped: 0.
[pool-5-thread-2] Test testOfApiContains(org.jclouds.azureblob.AzureBlobProviderTest) succeeded: 4ms
Test suite progress: tests succeeded: 30, failed: 0, skipped: 0.
[pool-5-thread-4] Test testWithId(org.jclouds.azureblob.AzureBlobProviderTest) succeeded: 1ms
Test suite progress: tests succeeded: 31, failed: 0, skipped: 0.
Starting test testMustBeAzureBlob(org.jclouds.azureblob.binders.BindAzureBlobMetadataToRequestTest)
Starting test testNullIsBad(org.jclouds.azureblob.binders.BindAzureBlobMetadataToRequestTest)
Starting test testExtendedPropertiesBind(org.jclouds.azureblob.binders.BindAzureBlobMetadataToRequestTest)
[pool-6-thread-2] Test testMustBeAzureBlob(org.jclouds.azureblob.binders.BindAzureBlobMetadataToRequestTest) succeeded: 10ms
Test suite progress: tests succeeded: 32, failed: 0, skipped: 0.
Starting test testOver64MBIsBad(org.jclouds.azureblob.binders.BindAzureBlobMetadataToRequestTest)
[pool-6-thread-5] Test testNullIsBad(org.jclouds.azureblob.binders.BindAzureBlobMetadataToRequestTest) succeeded: 10ms
Test suite progress: tests succeeded: 33, failed: 0, skipped: 0.
Starting test testPassWithMinimumDetailsAndPayload64MB(org.jclouds.azureblob.binders.BindAzureBlobMetadataToRequestTest)
[pool-6-thread-5] Test testPassWithMinimumDetailsAndPayload64MB(org.jclouds.azureblob.binders.BindAzureBlobMetadataToRequestTest) succeeded: 8ms
Test suite progress: tests succeeded: 34, failed: 0, skipped: 0.
[pool-6-thread-2] Test testOver64MBIsBad(org.jclouds.azureblob.binders.BindAzureBlobMetadataToRequestTest) succeeded: 16ms
Test suite progress: tests succeeded: 35, failed: 0, skipped: 0.
Starting test testNoContentLengthIsBad(org.jclouds.azureblob.binders.BindAzureBlobMetadataToRequestTest)
[pool-6-thread-3] Test testNoContentLengthIsBad(org.jclouds.azureblob.binders.BindAzureBlobMetadataToRequestTest) succeeded: 0ms
Test suite progress: tests succeeded: 36, failed: 0, skipped: 0.
Starting test testNoNameIsBad(org.jclouds.azureblob.binders.BindAzureBlobMetadataToRequestTest)
[pool-6-thread-4] Test testNoNameIsBad(org.jclouds.azureblob.binders.BindAzureBlobMetadataToRequestTest) succeeded: 1ms
Test suite progress: tests succeeded: 37, failed: 0, skipped: 0.
[pool-6-thread-1] Test testExtendedPropertiesBind(org.jclouds.azureblob.binders.BindAzureBlobMetadataToRequestTest) succeeded: 89ms
Test suite progress: tests succeeded: 38, failed: 0, skipped: 0.
Starting test testSignRemoveBlob(org.jclouds.azureblob.blobstore.AzureBlobRequestSignerTest)
Starting test testSignPutBlob(org.jclouds.azureblob.blobstore.AzureBlobRequestSignerTest)
Starting test testSignGetBlob(org.jclouds.azureblob.blobstore.AzureBlobRequestSignerTest)
[pool-7-thread-3] Test testSignRemoveBlob(org.jclouds.azureblob.blobstore.AzureBlobRequestSignerTest) succeeded: 461ms
Test suite progress: tests succeeded: 39, failed: 0, skipped: 0.
[pool-7-thread-1] Test testSignGetBlob(org.jclouds.azureblob.blobstore.AzureBlobRequestSignerTest) succeeded: 412ms
Test suite progress: tests succeeded: 40, failed: 0, skipped: 0.
[pool-7-thread-2] Test testSignPutBlob(org.jclouds.azureblob.blobstore.AzureBlobRequestSignerTest) succeeded: 452ms
Test suite progress: tests succeeded: 41, failed: 0, skipped: 0.
Starting test testApplyInputStream(org.jclouds.azureblob.xml.AccountNameEnumerationResultsHandlerTest)
Starting test testApplyInputStreamWithOptions(org.jclouds.azureblob.xml.AccountNameEnumerationResultsHandlerTest)
[pool-8-thread-1] Test testApplyInputStream(org.jclouds.azureblob.xml.AccountNameEnumerationResultsHandlerTest) succeeded: 14ms
Test suite progress: tests succeeded: 42, failed: 0, skipped: 0.
[pool-8-thread-2] Test testApplyInputStreamWithOptions(org.jclouds.azureblob.xml.AccountNameEnumerationResultsHandlerTest) succeeded: 16ms
Test suite progress: tests succeeded: 43, failed: 0, skipped: 0.
Starting test testApplyInputStream(org.jclouds.azureblob.xml.ContainerNameEnumerationResultsHandlerTest)
Starting test testOptions(org.jclouds.azureblob.xml.ContainerNameEnumerationResultsHandlerTest)
[pool-9-thread-2] Test testOptions(org.jclouds.azureblob.xml.ContainerNameEnumerationResultsHandlerTest) succeeded: 6ms
Test suite progress: tests succeeded: 44, failed: 0, skipped: 0.
[pool-9-thread-1] Test testApplyInputStream(org.jclouds.azureblob.xml.ContainerNameEnumerationResultsHandlerTest) succeeded: 10ms
Test suite progress: tests succeeded: 45, failed: 0, skipped: 0.
Tests run: 45, Failures: 0, Errors: 0, Skipped: 0, Time elapsed: 4.143 sec

Results :

Tests run: 45, Failures: 0, Errors: 0, Skipped: 0

[INFO] 
[INFO] --- maven-bundle-plugin:2.3.7:bundle (default-bundle) @ azureblob ---
[INFO] 
[INFO] --- maven-jar-plugin:2.4:test-jar (default) @ azureblob ---
[INFO] Building jar: /Users/adriancole/workspace/git/1.6.x/jclouds/providers/azureblob/target/azureblob-1.6.0-SNAPSHOT-tests.jar
[INFO] 
[INFO] --- maven-surefire-plugin:2.12.4:test (integration) @ azureblob ---
[INFO] Surefire report directory: /Users/adriancole/workspace/git/1.6.x/jclouds/providers/azureblob/target/surefire-reports

-------------------------------------------------------
 T E S T S
-------------------------------------------------------
Running TestSuite
Configuring TestNG with: org.apache.maven.surefire.testng.conf.TestNG652Configurator@4bdb699b
Starting test testCreateContainer(org.jclouds.azureblob.AzureBlobClientLiveTest)
[TestNG] Test testCreateContainer(org.jclouds.azureblob.AzureBlobClientLiveTest) succeeded: 1366ms
Test suite progress: tests succeeded: 1, failed: 0, skipped: 0.
Starting test testCreatePublicContainer(org.jclouds.azureblob.AzureBlobClientLiveTest)
[TestNG] Test testCreatePublicContainer(org.jclouds.azureblob.AzureBlobClientLiveTest) succeeded: 363ms
Test suite progress: tests succeeded: 2, failed: 0, skipped: 0.
Starting test testCreatePublicRootContainer(org.jclouds.azureblob.AzureBlobClientLiveTest)
[TestNG] Test testCreatePublicRootContainer(org.jclouds.azureblob.AzureBlobClientLiveTest) succeeded: 37263ms
Test suite progress: tests succeeded: 3, failed: 0, skipped: 0.
Starting test testListContainersWithOptions(org.jclouds.azureblob.AzureBlobClientLiveTest)
[TestNG] Test testListContainersWithOptions(org.jclouds.azureblob.AzureBlobClientLiveTest) succeeded: 343ms
Test suite progress: tests succeeded: 4, failed: 0, skipped: 0.
Starting test testDeleteOneContainer(org.jclouds.azureblob.AzureBlobClientLiveTest)
[TestNG] Test testDeleteOneContainer(org.jclouds.azureblob.AzureBlobClientLiveTest) succeeded: 372ms
Test suite progress: tests succeeded: 5, failed: 0, skipped: 0.
Starting test testListContainers(org.jclouds.azureblob.AzureBlobClientLiveTest)
[TestNG] Test testListContainers(org.jclouds.azureblob.AzureBlobClientLiveTest) succeeded: 575ms
Test suite progress: tests succeeded: 6, failed: 0, skipped: 0.
Starting test testPublicAccess(org.jclouds.azureblob.blobstore.integration.AzureBlobContainerLiveTest)
[TestNG] Test testPublicAccess(org.jclouds.azureblob.blobstore.integration.AzureBlobContainerLiveTest) succeeded: 5035ms
Test suite progress: tests succeeded: 7, failed: 0, skipped: 0.
Starting test testContainsBytesValue(org.jclouds.azureblob.blobstore.integration.AzureBlobInputStreamMapIntegrationLiveTest)
[TestNG] Test testContainsBytesValue(org.jclouds.azureblob.blobstore.integration.AzureBlobInputStreamMapIntegrationLiveTest) succeeded: 2465ms
Test suite progress: tests succeeded: 8, failed: 0, skipped: 0.
Starting test testContainsFileValue(org.jclouds.azureblob.blobstore.integration.AzureBlobInputStreamMapIntegrationLiveTest)
[TestNG] Test testContainsFileValue(org.jclouds.azureblob.blobstore.integration.AzureBlobInputStreamMapIntegrationLiveTest) succeeded: 3333ms
Test suite progress: tests succeeded: 9, failed: 0, skipped: 0.
Starting test testContainsInputStreamValue(org.jclouds.azureblob.blobstore.integration.AzureBlobInputStreamMapIntegrationLiveTest)
[TestNG] Test testContainsInputStreamValue(org.jclouds.azureblob.blobstore.integration.AzureBlobInputStreamMapIntegrationLiveTest) succeeded: 2522ms
Test suite progress: tests succeeded: 10, failed: 0, skipped: 0.
Starting test testContainsStringValue(org.jclouds.azureblob.blobstore.integration.AzureBlobInputStreamMapIntegrationLiveTest)
[TestNG] Test testContainsStringValue(org.jclouds.azureblob.blobstore.integration.AzureBlobInputStreamMapIntegrationLiveTest) succeeded: 2868ms
Test suite progress: tests succeeded: 11, failed: 0, skipped: 0.
Starting test testEntrySet(org.jclouds.azureblob.blobstore.integration.AzureBlobInputStreamMapIntegrationLiveTest)
[TestNG] Test testEntrySet(org.jclouds.azureblob.blobstore.integration.AzureBlobInputStreamMapIntegrationLiveTest) succeeded: 12965ms
Test suite progress: tests succeeded: 12, failed: 0, skipped: 0.
Starting test testPut(org.jclouds.azureblob.blobstore.integration.AzureBlobInputStreamMapIntegrationLiveTest)
[TestNG] Test testPut(org.jclouds.azureblob.blobstore.integration.AzureBlobInputStreamMapIntegrationLiveTest) succeeded: 4261ms
Test suite progress: tests succeeded: 13, failed: 0, skipped: 0.
Starting test testPutAll(org.jclouds.azureblob.blobstore.integration.AzureBlobInputStreamMapIntegrationLiveTest)
[TestNG] Test testPutAll(org.jclouds.azureblob.blobstore.integration.AzureBlobInputStreamMapIntegrationLiveTest) succeeded: 3945ms
Test suite progress: tests succeeded: 14, failed: 0, skipped: 0.
Starting test testPutAllBytes(org.jclouds.azureblob.blobstore.integration.AzureBlobInputStreamMapIntegrationLiveTest)
[TestNG] Test testPutAllBytes(org.jclouds.azureblob.blobstore.integration.AzureBlobInputStreamMapIntegrationLiveTest) succeeded: 4372ms
Test suite progress: tests succeeded: 15, failed: 0, skipped: 0.
Starting test testPutAllFiles(org.jclouds.azureblob.blobstore.integration.AzureBlobInputStreamMapIntegrationLiveTest)
[TestNG] Test testPutAllFiles(org.jclouds.azureblob.blobstore.integration.AzureBlobInputStreamMapIntegrationLiveTest) succeeded: 4985ms
Test suite progress: tests succeeded: 16, failed: 0, skipped: 0.
Starting test testPutAllStrings(org.jclouds.azureblob.blobstore.integration.AzureBlobInputStreamMapIntegrationLiveTest)
[TestNG] Test testPutAllStrings(org.jclouds.azureblob.blobstore.integration.AzureBlobInputStreamMapIntegrationLiveTest) succeeded: 7606ms
Test suite progress: tests succeeded: 17, failed: 0, skipped: 0.
Starting test testPutBytes(org.jclouds.azureblob.blobstore.integration.AzureBlobInputStreamMapIntegrationLiveTest)
[TestNG] Test testPutBytes(org.jclouds.azureblob.blobstore.integration.AzureBlobInputStreamMapIntegrationLiveTest) succeeded: 7347ms
Test suite progress: tests succeeded: 18, failed: 0, skipped: 0.
Starting test testPutFile(org.jclouds.azureblob.blobstore.integration.AzureBlobInputStreamMapIntegrationLiveTest)
[TestNG] Test testPutFile(org.jclouds.azureblob.blobstore.integration.AzureBlobInputStreamMapIntegrationLiveTest) succeeded: 5352ms
Test suite progress: tests succeeded: 19, failed: 0, skipped: 0.
Starting test testPutMoreThanSingleListing(org.jclouds.azureblob.blobstore.integration.AzureBlobInputStreamMapIntegrationLiveTest)
[TestNG] Test testPutMoreThanSingleListing(org.jclouds.azureblob.blobstore.integration.AzureBlobInputStreamMapIntegrationLiveTest) succeeded: 15509ms
Test suite progress: tests succeeded: 20, failed: 0, skipped: 0.
Starting test testPutString(org.jclouds.azureblob.blobstore.integration.AzureBlobInputStreamMapIntegrationLiveTest)
[TestNG] Test testPutString(org.jclouds.azureblob.blobstore.integration.AzureBlobInputStreamMapIntegrationLiveTest) succeeded: 9109ms
Test suite progress: tests succeeded: 21, failed: 0, skipped: 0.
Starting test testRemove(org.jclouds.azureblob.blobstore.integration.AzureBlobInputStreamMapIntegrationLiveTest)
[TestNG] Test testRemove(org.jclouds.azureblob.blobstore.integration.AzureBlobInputStreamMapIntegrationLiveTest) succeeded: 8112ms
Test suite progress: tests succeeded: 22, failed: 0, skipped: 0.
Starting test testValues(org.jclouds.azureblob.blobstore.integration.AzureBlobInputStreamMapIntegrationLiveTest)
[TestNG] Test testValues(org.jclouds.azureblob.blobstore.integration.AzureBlobInputStreamMapIntegrationLiveTest) succeeded: 3812ms
Test suite progress: tests succeeded: 23, failed: 0, skipped: 0.
Starting test testClear(org.jclouds.azureblob.blobstore.integration.AzureBlobInputStreamMapIntegrationLiveTest)
[TestNG] Test testClear(org.jclouds.azureblob.blobstore.integration.AzureBlobInputStreamMapIntegrationLiveTest) succeeded: 4888ms
Test suite progress: tests succeeded: 24, failed: 0, skipped: 0.
Starting test testContainsKey(org.jclouds.azureblob.blobstore.integration.AzureBlobInputStreamMapIntegrationLiveTest)
[TestNG] Test testContainsKey(org.jclouds.azureblob.blobstore.integration.AzureBlobInputStreamMapIntegrationLiveTest) succeeded: 3296ms
Test suite progress: tests succeeded: 25, failed: 0, skipped: 0.
Starting test testDirectory(org.jclouds.azureblob.blobstore.integration.AzureBlobInputStreamMapIntegrationLiveTest)
[TestNG] Test testDirectory(org.jclouds.azureblob.blobstore.integration.AzureBlobInputStreamMapIntegrationLiveTest) succeeded: 31625ms
Test suite progress: tests succeeded: 26, failed: 0, skipped: 0.
Starting test testIsEmpty(org.jclouds.azureblob.blobstore.integration.AzureBlobInputStreamMapIntegrationLiveTest)
[TestNG] Test testIsEmpty(org.jclouds.azureblob.blobstore.integration.AzureBlobInputStreamMapIntegrationLiveTest) succeeded: 2846ms
Test suite progress: tests succeeded: 27, failed: 0, skipped: 0.
Starting test testKeySet(org.jclouds.azureblob.blobstore.integration.AzureBlobInputStreamMapIntegrationLiveTest)
[TestNG] Test testKeySet(org.jclouds.azureblob.blobstore.integration.AzureBlobInputStreamMapIntegrationLiveTest) succeeded: 3605ms
Test suite progress: tests succeeded: 28, failed: 0, skipped: 0.
Starting test testListContainer(org.jclouds.azureblob.blobstore.integration.AzureBlobInputStreamMapIntegrationLiveTest)
[TestNG] Test testListContainer(org.jclouds.azureblob.blobstore.integration.AzureBlobInputStreamMapIntegrationLiveTest) succeeded: 1050ms
Test suite progress: tests succeeded: 29, failed: 0, skipped: 0.
Starting test containerDoesntExist(org.jclouds.azureblob.blobstore.integration.AzureBlobServiceIntegrationLiveTest)
[TestNG] Test containerDoesntExist(org.jclouds.azureblob.blobstore.integration.AzureBlobServiceIntegrationLiveTest) succeeded: 682ms
Test suite progress: tests succeeded: 30, failed: 0, skipped: 0.
Starting test testAllLocations(org.jclouds.azureblob.blobstore.integration.AzureBlobServiceIntegrationLiveTest)
[TestNG] Test testAllLocations(org.jclouds.azureblob.blobstore.integration.AzureBlobServiceIntegrationLiveTest) succeeded: 3748ms
Test suite progress: tests succeeded: 31, failed: 0, skipped: 0.
Starting test testGetAssignableLocations(org.jclouds.azureblob.blobstore.integration.AzureBlobServiceIntegrationLiveTest)
[TestNG] Test testGetAssignableLocations(org.jclouds.azureblob.blobstore.integration.AzureBlobServiceIntegrationLiveTest) succeeded: 1ms
Test suite progress: tests succeeded: 32, failed: 0, skipped: 0.
Starting test testCreateBlobWithExpiry(org.jclouds.azureblob.blobstore.integration.AzureBlobIntegrationLiveTest)
[TestNG] Test testCreateBlobWithExpiry(org.jclouds.azureblob.blobstore.integration.AzureBlobIntegrationLiveTest) failed.
Test suite progress: tests succeeded: 32, failed: 1, skipped: 0.
Starting test testGetIfModifiedSince(org.jclouds.azureblob.blobstore.integration.AzureBlobIntegrationLiveTest)
[TestNG] Test testGetIfModifiedSince(org.jclouds.azureblob.blobstore.integration.AzureBlobIntegrationLiveTest) succeeded: 6157ms
Test suite progress: tests succeeded: 33, failed: 1, skipped: 0.
Starting test testGetIfMatch(org.jclouds.azureblob.blobstore.integration.AzureBlobIntegrationLiveTest)
[TestNG] Test testGetIfMatch(org.jclouds.azureblob.blobstore.integration.AzureBlobIntegrationLiveTest) succeeded: 0ms
Test suite progress: tests succeeded: 34, failed: 1, skipped: 0.
Starting test testPutFileParallel(org.jclouds.azureblob.blobstore.integration.AzureBlobIntegrationLiveTest)
[TestNG] Test testPutFileParallel(org.jclouds.azureblob.blobstore.integration.AzureBlobIntegrationLiveTest) succeeded: 23054ms
Test suite progress: tests succeeded: 35, failed: 1, skipped: 0.
Starting test deleteObjectNoContainer(org.jclouds.azureblob.blobstore.integration.AzureBlobIntegrationLiveTest)
[TestNG] Test deleteObjectNoContainer(org.jclouds.azureblob.blobstore.integration.AzureBlobIntegrationLiveTest) succeeded: 350ms
Test suite progress: tests succeeded: 36, failed: 1, skipped: 0.
Starting test testGetIfNoneMatch(org.jclouds.azureblob.blobstore.integration.AzureBlobIntegrationLiveTest)
[TestNG] Test testGetIfNoneMatch(org.jclouds.azureblob.blobstore.integration.AzureBlobIntegrationLiveTest) succeeded: 4138ms
Test suite progress: tests succeeded: 37, failed: 1, skipped: 0.
Starting test blobNotFound(org.jclouds.azureblob.blobstore.integration.AzureBlobIntegrationLiveTest)
[TestNG] Test blobNotFound(org.jclouds.azureblob.blobstore.integration.AzureBlobIntegrationLiveTest) succeeded: 5510ms
Test suite progress: tests succeeded: 38, failed: 1, skipped: 0.
Starting test testBigFileGets(org.jclouds.azureblob.blobstore.integration.AzureBlobIntegrationLiveTest)
[TestNG] Test testBigFileGets(org.jclouds.azureblob.blobstore.integration.AzureBlobIntegrationLiveTest) failed.
Test suite progress: tests succeeded: 38, failed: 2, skipped: 0.
Starting test deleteObject(org.jclouds.azureblob.blobstore.integration.AzureBlobIntegrationLiveTest)
[TestNG] Test deleteObject(org.jclouds.azureblob.blobstore.integration.AzureBlobIntegrationLiveTest) succeeded: 2904ms
Test suite progress: tests succeeded: 39, failed: 2, skipped: 0.
Starting test deleteObject(org.jclouds.azureblob.blobstore.integration.AzureBlobIntegrationLiveTest)
[TestNG] Test deleteObject(org.jclouds.azureblob.blobstore.integration.AzureBlobIntegrationLiveTest) succeeded: 1781ms
Test suite progress: tests succeeded: 40, failed: 2, skipped: 0.
Starting test deleteObject(org.jclouds.azureblob.blobstore.integration.AzureBlobIntegrationLiveTest)
[TestNG] Test deleteObject(org.jclouds.azureblob.blobstore.integration.AzureBlobIntegrationLiveTest) succeeded: 2381ms
Test suite progress: tests succeeded: 41, failed: 2, skipped: 0.
Starting test deleteObject(org.jclouds.azureblob.blobstore.integration.AzureBlobIntegrationLiveTest)
[TestNG] Test deleteObject(org.jclouds.azureblob.blobstore.integration.AzureBlobIntegrationLiveTest) succeeded: 2356ms
Test suite progress: tests succeeded: 42, failed: 2, skipped: 0.
Starting test deleteObject(org.jclouds.azureblob.blobstore.integration.AzureBlobIntegrationLiveTest)
[TestNG] Test deleteObject(org.jclouds.azureblob.blobstore.integration.AzureBlobIntegrationLiveTest) succeeded: 1670ms
Test suite progress: tests succeeded: 43, failed: 2, skipped: 0.
Starting test deleteObject(org.jclouds.azureblob.blobstore.integration.AzureBlobIntegrationLiveTest)
[TestNG] Test deleteObject(org.jclouds.azureblob.blobstore.integration.AzureBlobIntegrationLiveTest) succeeded: 2459ms
Test suite progress: tests succeeded: 44, failed: 2, skipped: 0.
Starting test deleteObject(org.jclouds.azureblob.blobstore.integration.AzureBlobIntegrationLiveTest)
[TestNG] Test deleteObject(org.jclouds.azureblob.blobstore.integration.AzureBlobIntegrationLiveTest) succeeded: 1629ms
Test suite progress: tests succeeded: 45, failed: 2, skipped: 0.
Starting test deleteObject(org.jclouds.azureblob.blobstore.integration.AzureBlobIntegrationLiveTest)
[TestNG] Test deleteObject(org.jclouds.azureblob.blobstore.integration.AzureBlobIntegrationLiveTest) succeeded: 2417ms
Test suite progress: tests succeeded: 46, failed: 2, skipped: 0.
Starting test deleteObject(org.jclouds.azureblob.blobstore.integration.AzureBlobIntegrationLiveTest)
[TestNG] Test deleteObject(org.jclouds.azureblob.blobstore.integration.AzureBlobIntegrationLiveTest) succeeded: 1585ms
Test suite progress: tests succeeded: 47, failed: 2, skipped: 0.
Starting test deleteObject(org.jclouds.azureblob.blobstore.integration.AzureBlobIntegrationLiveTest)
[TestNG] Test deleteObject(org.jclouds.azureblob.blobstore.integration.AzureBlobIntegrationLiveTest) succeeded: 1735ms
Test suite progress: tests succeeded: 48, failed: 2, skipped: 0.
Starting test deleteObject(org.jclouds.azureblob.blobstore.integration.AzureBlobIntegrationLiveTest)
[TestNG] Test deleteObject(org.jclouds.azureblob.blobstore.integration.AzureBlobIntegrationLiveTest) succeeded: 1612ms
Test suite progress: tests succeeded: 49, failed: 2, skipped: 0.
Starting test testMetadata(org.jclouds.azureblob.blobstore.integration.AzureBlobIntegrationLiveTest)
[TestNG] Test testMetadata(org.jclouds.azureblob.blobstore.integration.AzureBlobIntegrationLiveTest) succeeded: 2921ms
Test suite progress: tests succeeded: 50, failed: 2, skipped: 0.
Starting test testPutObject(org.jclouds.azureblob.blobstore.integration.AzureBlobIntegrationLiveTest)
[TestNG] Test testPutObject(org.jclouds.azureblob.blobstore.integration.AzureBlobIntegrationLiveTest) succeeded: 2109ms
Test suite progress: tests succeeded: 51, failed: 2, skipped: 0.
Starting test testPutObject(org.jclouds.azureblob.blobstore.integration.AzureBlobIntegrationLiveTest)
[TestNG] Test testPutObject(org.jclouds.azureblob.blobstore.integration.AzureBlobIntegrationLiveTest) succeeded: 1729ms
Test suite progress: tests succeeded: 52, failed: 2, skipped: 0.
Starting test testPutObject(org.jclouds.azureblob.blobstore.integration.AzureBlobIntegrationLiveTest)
[TestNG] Test testPutObject(org.jclouds.azureblob.blobstore.integration.AzureBlobIntegrationLiveTest) succeeded: 2178ms
Test suite progress: tests succeeded: 53, failed: 2, skipped: 0.
Starting test testGetIfUnmodifiedSince(org.jclouds.azureblob.blobstore.integration.AzureBlobIntegrationLiveTest)
[TestNG] Test testGetIfUnmodifiedSince(org.jclouds.azureblob.blobstore.integration.AzureBlobIntegrationLiveTest) succeeded: 2795ms
Test suite progress: tests succeeded: 54, failed: 2, skipped: 0.
Starting test testPutObjectStream(org.jclouds.azureblob.blobstore.integration.AzureBlobIntegrationLiveTest)
[TestNG] Test testPutObjectStream(org.jclouds.azureblob.blobstore.integration.AzureBlobIntegrationLiveTest) succeeded: 626ms
Test suite progress: tests succeeded: 55, failed: 2, skipped: 0.
Starting test deleteObjectNotFound(org.jclouds.azureblob.blobstore.integration.AzureBlobIntegrationLiveTest)
[TestNG] Test deleteObjectNotFound(org.jclouds.azureblob.blobstore.integration.AzureBlobIntegrationLiveTest) succeeded: 963ms
Test suite progress: tests succeeded: 56, failed: 2, skipped: 0.
Starting test testGetRange(org.jclouds.azureblob.blobstore.integration.AzureBlobIntegrationLiveTest)
[TestNG] Test testGetRange(org.jclouds.azureblob.blobstore.integration.AzureBlobIntegrationLiveTest) succeeded: 2703ms
Test suite progress: tests succeeded: 57, failed: 2, skipped: 0.
Starting test testGetTwoRanges(org.jclouds.azureblob.blobstore.integration.AzureBlobIntegrationLiveTest)
[TestNG] Test testGetTwoRanges(org.jclouds.azureblob.blobstore.integration.AzureBlobIntegrationLiveTest) succeeded: 2556ms
Test suite progress: tests succeeded: 58, failed: 2, skipped: 0.
Starting test testSignRemoveUrl(org.jclouds.azureblob.blobstore.integration.AzureBlobSignerLiveTest)
[TestNG] Test testSignRemoveUrl(org.jclouds.azureblob.blobstore.integration.AzureBlobSignerLiveTest) succeeded: 3089ms
Test suite progress: tests succeeded: 59, failed: 2, skipped: 0.
Starting test testSignGetUrlWithTime(org.jclouds.azureblob.blobstore.integration.AzureBlobSignerLiveTest)
[TestNG] Test testSignGetUrlWithTime(org.jclouds.azureblob.blobstore.integration.AzureBlobSignerLiveTest) skipped.
Test suite progress: tests succeeded: 59, failed: 2, skipped: 1.
Starting test testSignGetUrlOptions(org.jclouds.azureblob.blobstore.integration.AzureBlobSignerLiveTest)
[TestNG] Test testSignGetUrlOptions(org.jclouds.azureblob.blobstore.integration.AzureBlobSignerLiveTest) succeeded: 2344ms
Test suite progress: tests succeeded: 60, failed: 2, skipped: 1.
Starting test testSignPutUrl(org.jclouds.azureblob.blobstore.integration.AzureBlobSignerLiveTest)
[TestNG] Test testSignPutUrl(org.jclouds.azureblob.blobstore.integration.AzureBlobSignerLiveTest) succeeded: 2046ms
Test suite progress: tests succeeded: 61, failed: 2, skipped: 1.
Starting test testSignPutUrlWithTime(org.jclouds.azureblob.blobstore.integration.AzureBlobSignerLiveTest)
[TestNG] Test testSignPutUrlWithTime(org.jclouds.azureblob.blobstore.integration.AzureBlobSignerLiveTest) skipped.
Test suite progress: tests succeeded: 61, failed: 2, skipped: 2.
Starting test testSignGetUrl(org.jclouds.azureblob.blobstore.integration.AzureBlobSignerLiveTest)
[TestNG] Test testSignGetUrl(org.jclouds.azureblob.blobstore.integration.AzureBlobSignerLiveTest) succeeded: 1893ms
Test suite progress: tests succeeded: 62, failed: 2, skipped: 2.
Starting test testValues(org.jclouds.azureblob.blobstore.integration.AzureBlobMapIntegrationLiveTest)
[TestNG] Test testValues(org.jclouds.azureblob.blobstore.integration.AzureBlobMapIntegrationLiveTest) succeeded: 3665ms
Test suite progress: tests succeeded: 63, failed: 2, skipped: 2.
Starting test testDirectory(org.jclouds.azureblob.blobstore.integration.AzureBlobMapIntegrationLiveTest)
[TestNG] Test testDirectory(org.jclouds.azureblob.blobstore.integration.AzureBlobMapIntegrationLiveTest) succeeded: 32842ms
Test suite progress: tests succeeded: 64, failed: 2, skipped: 2.
Starting test testPutMoreThanSingleListing(org.jclouds.azureblob.blobstore.integration.AzureBlobMapIntegrationLiveTest)
[TestNG] Test testPutMoreThanSingleListing(org.jclouds.azureblob.blobstore.integration.AzureBlobMapIntegrationLiveTest) succeeded: 9862ms
Test suite progress: tests succeeded: 65, failed: 2, skipped: 2.
Starting test testContainsKey(org.jclouds.azureblob.blobstore.integration.AzureBlobMapIntegrationLiveTest)
[TestNG] Test testContainsKey(org.jclouds.azureblob.blobstore.integration.AzureBlobMapIntegrationLiveTest) succeeded: 2842ms
Test suite progress: tests succeeded: 66, failed: 2, skipped: 2.
Starting test testPut(org.jclouds.azureblob.blobstore.integration.AzureBlobMapIntegrationLiveTest)
[TestNG] Test testPut(org.jclouds.azureblob.blobstore.integration.AzureBlobMapIntegrationLiveTest) succeeded: 3918ms
Test suite progress: tests succeeded: 67, failed: 2, skipped: 2.
Starting test testListContainer(org.jclouds.azureblob.blobstore.integration.AzureBlobMapIntegrationLiveTest)
[TestNG] Test testListContainer(org.jclouds.azureblob.blobstore.integration.AzureBlobMapIntegrationLiveTest) succeeded: 1747ms
Test suite progress: tests succeeded: 68, failed: 2, skipped: 2.
Starting test testEntrySet(org.jclouds.azureblob.blobstore.integration.AzureBlobMapIntegrationLiveTest)
[TestNG] Test testEntrySet(org.jclouds.azureblob.blobstore.integration.AzureBlobMapIntegrationLiveTest) succeeded: 9430ms
Test suite progress: tests succeeded: 69, failed: 2, skipped: 2.
Starting test testKeySet(org.jclouds.azureblob.blobstore.integration.AzureBlobMapIntegrationLiveTest)
[TestNG] Test testKeySet(org.jclouds.azureblob.blobstore.integration.AzureBlobMapIntegrationLiveTest) succeeded: 3172ms
Test suite progress: tests succeeded: 70, failed: 2, skipped: 2.
Starting test testContains(org.jclouds.azureblob.blobstore.integration.AzureBlobMapIntegrationLiveTest)
[TestNG] Test testContains(org.jclouds.azureblob.blobstore.integration.AzureBlobMapIntegrationLiveTest) succeeded: 2789ms
Test suite progress: tests succeeded: 71, failed: 2, skipped: 2.
Starting test testPutAll(org.jclouds.azureblob.blobstore.integration.AzureBlobMapIntegrationLiveTest)
[TestNG] Test testPutAll(org.jclouds.azureblob.blobstore.integration.AzureBlobMapIntegrationLiveTest) succeeded: 7251ms
Test suite progress: tests succeeded: 72, failed: 2, skipped: 2.
Starting test testIsEmpty(org.jclouds.azureblob.blobstore.integration.AzureBlobMapIntegrationLiveTest)
[TestNG] Test testIsEmpty(org.jclouds.azureblob.blobstore.integration.AzureBlobMapIntegrationLiveTest) succeeded: 2282ms
Test suite progress: tests succeeded: 73, failed: 2, skipped: 2.
Starting test testClear(org.jclouds.azureblob.blobstore.integration.AzureBlobMapIntegrationLiveTest)
[TestNG] Test testClear(org.jclouds.azureblob.blobstore.integration.AzureBlobMapIntegrationLiveTest) succeeded: 3708ms
Test suite progress: tests succeeded: 74, failed: 2, skipped: 2.
Starting test testRemove(org.jclouds.azureblob.blobstore.integration.AzureBlobMapIntegrationLiveTest)
[TestNG] Test testRemove(org.jclouds.azureblob.blobstore.integration.AzureBlobMapIntegrationLiveTest) succeeded: 4003ms
Test suite progress: tests succeeded: 75, failed: 2, skipped: 2.
Starting test containerExists(org.jclouds.azureblob.blobstore.integration.AzureBlobContainerIntegrationLiveTest)
[TestNG] Test containerExists(org.jclouds.azureblob.blobstore.integration.AzureBlobContainerIntegrationLiveTest) succeeded: 971ms
Test suite progress: tests succeeded: 76, failed: 2, skipped: 2.
Starting test deleteContainerIfEmpty(org.jclouds.azureblob.blobstore.integration.AzureBlobContainerIntegrationLiveTest)
[TestNG] Test deleteContainerIfEmpty(org.jclouds.azureblob.blobstore.integration.AzureBlobContainerIntegrationLiveTest) succeeded: 2742ms
Test suite progress: tests succeeded: 77, failed: 2, skipped: 2.
Starting test deleteContainerWithContents(org.jclouds.azureblob.blobstore.integration.AzureBlobContainerIntegrationLiveTest)
[TestNG] Test deleteContainerWithContents(org.jclouds.azureblob.blobstore.integration.AzureBlobContainerIntegrationLiveTest) succeeded: 2872ms
Test suite progress: tests succeeded: 78, failed: 2, skipped: 2.
Starting test testDirectory(org.jclouds.azureblob.blobstore.integration.AzureBlobContainerIntegrationLiveTest)
[TestNG] Test testDirectory(org.jclouds.azureblob.blobstore.integration.AzureBlobContainerIntegrationLiveTest) succeeded: 16231ms
Test suite progress: tests succeeded: 79, failed: 2, skipped: 2.
Starting test testClearWhenContentsUnderPath(org.jclouds.azureblob.blobstore.integration.AzureBlobContainerIntegrationLiveTest)
[TestNG] Test testClearWhenContentsUnderPath(org.jclouds.azureblob.blobstore.integration.AzureBlobContainerIntegrationLiveTest) succeeded: 6400ms
Test suite progress: tests succeeded: 80, failed: 2, skipped: 2.
Starting test testListContainerPrefix(org.jclouds.azureblob.blobstore.integration.AzureBlobContainerIntegrationLiveTest)
[TestNG] Test testListContainerPrefix(org.jclouds.azureblob.blobstore.integration.AzureBlobContainerIntegrationLiveTest) succeeded: 10849ms
Test suite progress: tests succeeded: 81, failed: 2, skipped: 2.
Starting test containerDoesntExist(org.jclouds.azureblob.blobstore.integration.AzureBlobContainerIntegrationLiveTest)
[TestNG] Test containerDoesntExist(org.jclouds.azureblob.blobstore.integration.AzureBlobContainerIntegrationLiveTest) succeeded: 615ms
Test suite progress: tests succeeded: 82, failed: 2, skipped: 2.
Starting test testWithDetails(org.jclouds.azureblob.blobstore.integration.AzureBlobContainerIntegrationLiveTest)
[TestNG] Test testWithDetails(org.jclouds.azureblob.blobstore.integration.AzureBlobContainerIntegrationLiveTest) succeeded: 2215ms
Test suite progress: tests succeeded: 83, failed: 2, skipped: 2.
Starting test testListContainer(org.jclouds.azureblob.blobstore.integration.AzureBlobContainerIntegrationLiveTest)
[TestNG] Test testListContainer(org.jclouds.azureblob.blobstore.integration.AzureBlobContainerIntegrationLiveTest) succeeded: 6574ms
Test suite progress: tests succeeded: 84, failed: 2, skipped: 2.
Starting test testListContainerMarker(org.jclouds.azureblob.blobstore.integration.AzureBlobContainerIntegrationLiveTest)
[TestNG] Test testListContainerMarker(org.jclouds.azureblob.blobstore.integration.AzureBlobContainerIntegrationLiveTest) succeeded: 11684ms
Test suite progress: tests succeeded: 85, failed: 2, skipped: 2.
Starting test testPutTwiceIsOkAndDoesntOverwrite(org.jclouds.azureblob.blobstore.integration.AzureBlobContainerIntegrationLiveTest)
[TestNG] Test testPutTwiceIsOkAndDoesntOverwrite(org.jclouds.azureblob.blobstore.integration.AzureBlobContainerIntegrationLiveTest) succeeded: 2319ms
Test suite progress: tests succeeded: 86, failed: 2, skipped: 2.
Starting test testListContainerMaxResults(org.jclouds.azureblob.blobstore.integration.AzureBlobContainerIntegrationLiveTest)
[TestNG] Test testListContainerMaxResults(org.jclouds.azureblob.blobstore.integration.AzureBlobContainerIntegrationLiveTest) succeeded: 11325ms
Test suite progress: tests succeeded: 87, failed: 2, skipped: 2.
Starting test testListRootUsesDelimiter(org.jclouds.azureblob.blobstore.integration.AzureBlobContainerIntegrationLiveTest)
[TestNG] Test testListRootUsesDelimiter(org.jclouds.azureblob.blobstore.integration.AzureBlobContainerIntegrationLiveTest) succeeded: 11576ms
Test suite progress: tests succeeded: 88, failed: 2, skipped: 2.
Starting test testCopyUrl(org.jclouds.azureblob.blobstore.integration.AzureBlobLiveTest)
[TestNG] Test testCopyUrl(org.jclouds.azureblob.blobstore.integration.AzureBlobLiveTest) succeeded: 6548ms
Test suite progress: tests succeeded: 89, failed: 2, skipped: 2.
Starting test testDeleteRootContainer(org.jclouds.azureblob.AzureBlobClientLiveTest)
[TestNG] Test testDeleteRootContainer(org.jclouds.azureblob.AzureBlobClientLiveTest) succeeded: 332ms
Test suite progress: tests succeeded: 90, failed: 2, skipped: 2.
Starting test testListOwnedContainers(org.jclouds.azureblob.AzureBlobClientLiveTest)
[TestNG] Test testListOwnedContainers(org.jclouds.azureblob.AzureBlobClientLiveTest) succeeded: 1332ms
Test suite progress: tests succeeded: 91, failed: 2, skipped: 2.
Starting test testObjectOperations(org.jclouds.azureblob.AzureBlobClientLiveTest)
[TestNG] Test testObjectOperations(org.jclouds.azureblob.AzureBlobClientLiveTest) succeeded: 3960ms
Test suite progress: tests succeeded: 92, failed: 2, skipped: 2.
Starting test testPublicAccessInNonDefaultLocation(org.jclouds.azureblob.blobstore.integration.AzureBlobContainerLiveTest)
[TestNG] Test testPublicAccessInNonDefaultLocation(org.jclouds.azureblob.blobstore.integration.AzureBlobContainerLiveTest) skipped.
Test suite progress: tests succeeded: 92, failed: 2, skipped: 3.
Starting test testPublicAccessInNonDefaultLocationWithBigBlob(org.jclouds.azureblob.blobstore.integration.AzureBlobContainerLiveTest)
[TestNG] Test testPublicAccessInNonDefaultLocationWithBigBlob(org.jclouds.azureblob.blobstore.integration.AzureBlobContainerLiveTest) skipped.
Test suite progress: tests succeeded: 92, failed: 2, skipped: 4.
Starting test testDeleteContainer(org.jclouds.azureblob.AzureBlobClientLiveTest)
[TestNG] Test testDeleteContainer(org.jclouds.azureblob.AzureBlobClientLiveTest) succeeded: 679ms
Test suite progress: tests succeeded: 93, failed: 2, skipped: 4.
Tests run: 99, Failures: 2, Errors: 0, Skipped: 4, Time elapsed: 566.814 sec <<< FAILURE!
testCreateBlobWithExpiry(org.jclouds.azureblob.blobstore.integration.AzureBlobIntegrationLiveTest)  Time elapsed: 2.222 sec  <<< FAILURE!
java.lang.AssertionError: expires=null; expected=Sat Mar 09 11:51:24 PST 2013
	at org.jclouds.blobstore.integration.internal.BaseBlobStoreIntegrationTest$7.run(BaseBlobStoreIntegrationTest.java:397)
	at org.jclouds.blobstore.integration.internal.BaseBlobStoreIntegrationTest.assertConsistencyAware(BaseBlobStoreIntegrationTest.java:221)
	at org.jclouds.blobstore.integration.internal.BaseBlobStoreIntegrationTest.assertConsistencyAware(BaseBlobStoreIntegrationTest.java:241)
	at org.jclouds.blobstore.integration.internal.BaseBlobStoreIntegrationTest.assertConsistencyAwareBlobExpiryMetadata(BaseBlobStoreIntegrationTest.java:392)
	at org.jclouds.blobstore.integration.internal.BaseBlobIntegrationTest.testCreateBlobWithExpiry(BaseBlobIntegrationTest.java:259)
	at sun.reflect.NativeMethodAccessorImpl.invoke0(Native Method)
	at sun.reflect.NativeMethodAccessorImpl.invoke(NativeMethodAccessorImpl.java:39)
	at sun.reflect.DelegatingMethodAccessorImpl.invoke(DelegatingMethodAccessorImpl.java:25)
	at java.lang.reflect.Method.invoke(Method.java:597)
	at org.testng.internal.MethodInvocationHelper.invokeMethod(MethodInvocationHelper.java:80)
	at org.testng.internal.Invoker.invokeMethod(Invoker.java:714)
	at org.testng.internal.Invoker.invokeTestMethod(Invoker.java:901)
	at org.testng.internal.Invoker.invokeTestMethods(Invoker.java:1231)
	at org.testng.internal.TestMethodWorker.invokeTestMethods(TestMethodWorker.java:127)
	at org.testng.internal.TestMethodWorker.run(TestMethodWorker.java:111)
	at org.testng.TestRunner.privateRun(TestRunner.java:767)
	at org.testng.TestRunner.run(TestRunner.java:617)
	at org.testng.SuiteRunner.runTest(SuiteRunner.java:334)
	at org.testng.SuiteRunner.access$000(SuiteRunner.java:37)
	at org.testng.SuiteRunner$SuiteWorker.run(SuiteRunner.java:368)
	at org.testng.internal.thread.ThreadUtil$2.call(ThreadUtil.java:64)
	at java.util.concurrent.FutureTask$Sync.innerRun(FutureTask.java:303)
	at java.util.concurrent.FutureTask.run(FutureTask.java:138)
	at java.util.concurrent.ThreadPoolExecutor$Worker.runTask(ThreadPoolExecutor.java:895)
	at java.util.concurrent.ThreadPoolExecutor$Worker.run(ThreadPoolExecutor.java:918)
	at java.lang.Thread.run(Thread.java:680)

testBigFileGets(org.jclouds.azureblob.blobstore.integration.AzureBlobIntegrationLiveTest)  Time elapsed: 43.19 sec  <<< FAILURE!
java.util.concurrent.TimeoutException: get constitution, completed: 0/10, errors: 0, rate: 3000ms/op
	at org.jclouds.concurrent.FutureIterables.awaitCompletion(FutureIterables.java:148)
	at org.jclouds.blobstore.integration.internal.BaseBlobIntegrationTest.testBigFileGets(BaseBlobIntegrationTest.java:203)
	at sun.reflect.NativeMethodAccessorImpl.invoke0(Native Method)
	at sun.reflect.NativeMethodAccessorImpl.invoke(NativeMethodAccessorImpl.java:39)
	at sun.reflect.DelegatingMethodAccessorImpl.invoke(DelegatingMethodAccessorImpl.java:25)
	at java.lang.reflect.Method.invoke(Method.java:597)
	at org.testng.internal.MethodInvocationHelper.invokeMethod(MethodInvocationHelper.java:80)
	at org.testng.internal.Invoker.invokeMethod(Invoker.java:714)
	at org.testng.internal.Invoker.invokeTestMethod(Invoker.java:901)
	at org.testng.internal.Invoker.invokeTestMethods(Invoker.java:1231)
	at org.testng.internal.TestMethodWorker.invokeTestMethods(TestMethodWorker.java:127)
	at org.testng.internal.TestMethodWorker.run(TestMethodWorker.java:111)
	at org.testng.TestRunner.privateRun(TestRunner.java:767)
	at org.testng.TestRunner.run(TestRunner.java:617)
	at org.testng.SuiteRunner.runTest(SuiteRunner.java:334)
	at org.testng.SuiteRunner.access$000(SuiteRunner.java:37)
	at org.testng.SuiteRunner$SuiteWorker.run(SuiteRunner.java:368)
	at org.testng.internal.thread.ThreadUtil$2.call(ThreadUtil.java:64)
	at java.util.concurrent.FutureTask$Sync.innerRun(FutureTask.java:303)
	at java.util.concurrent.FutureTask.run(FutureTask.java:138)
	at java.util.concurrent.ThreadPoolExecutor$Worker.runTask(ThreadPoolExecutor.java:895)
	at java.util.concurrent.ThreadPoolExecutor$Worker.run(ThreadPoolExecutor.java:918)
	at java.lang.Thread.run(Thread.java:680)


Results :

Failed tests:   testCreateBlobWithExpiry(org.jclouds.azureblob.blobstore.integration.AzureBlobIntegrationLiveTest): expires=null; expected=Sat Mar 09 11:51:24 PST 2013
  testBigFileGets(org.jclouds.azureblob.blobstore.integration.AzureBlobIntegrationLiveTest): get constitution, completed: 0/10, errors: 0, rate: 3000ms/op

Tests run: 99, Failures: 2, Errors: 0, Skipped: 4

[INFO] ------------------------------------------------------------------------
[INFO] BUILD FAILURE
[INFO] ------------------------------------------------------------------------
[INFO] Total time: 9:46.699s
[INFO] Finished at: Sat Mar 09 11:55:50 PST 2013
[INFO] Final Memory: 18M/265M
[INFO] ------------------------------------------------------------------------
[ERROR] Failed to execute goal org.apache.maven.plugins:maven-surefire-plugin:2.12.4:test (integration) on project azureblob: There are test failures.
[ERROR] 
[ERROR] Please refer to /Users/adriancole/workspace/git/1.6.x/jclouds/providers/azureblob/target/surefire-reports for the individual test results.
[ERROR] -> [Help 1]
[ERROR] 
[ERROR] To see the full stack trace of the errors, re-run Maven with the -e switch.
[ERROR] Re-run Maven using the -X switch to enable full debug logging.
[ERROR] 
[ERROR] For more information about the errors and possible solutions, please read the following articles:
[ERROR] [Help 1] http://cwiki.apache.org/confluence/display/MAVEN/MojoFailureException
