[INFO] Scanning for projects...
[WARNING] 
[WARNING] Some problems were encountered while building the effective model for org.jclouds.provider:cloudfiles-uk:bundle:1.6.0-SNAPSHOT
[WARNING] 'parent.relativePath' of POM org.jclouds:jclouds-project:1.6.0-SNAPSHOT (/home/zack/jclouds/project/pom.xml) points at org.jclouds:jclouds-multi instead of org.sonatype.oss:oss-parent, please verify your project structure @ org.jclouds:jclouds-project:1.6.0-SNAPSHOT, /home/zack/jclouds/project/pom.xml, line 24, column 13
[WARNING] 
[WARNING] It is highly recommended to fix these problems because they threaten the stability of your build.
[WARNING] 
[WARNING] For this reason, future Maven versions might no longer support building such malformed projects.
[WARNING] 
[INFO]                                                                         
[INFO] ------------------------------------------------------------------------
[INFO] Building jclouds CloudFiles UK provider 1.6.0-SNAPSHOT
[INFO] ------------------------------------------------------------------------
[INFO] 
[INFO] --- maven-clean-plugin:2.3:clean (default-clean) @ cloudfiles-uk ---
[INFO] Deleting file set: /home/zack/jclouds/providers/cloudfiles-uk/target (included: [**], excluded: [])
[INFO] 
[INFO] --- maven-enforcer-plugin:1.1.1:enforce (enforce-maven) @ cloudfiles-uk ---
[INFO] 
[INFO] --- maven-enforcer-plugin:1.1.1:enforce (enforce-banned-dependencies) @ cloudfiles-uk ---
[INFO] 
[INFO] --- maven-enforcer-plugin:1.1.1:enforce (enforce-java) @ cloudfiles-uk ---
[INFO] 
[INFO] --- maven-remote-resources-plugin:1.4:process (process-remote-resources) @ cloudfiles-uk ---
[INFO] 
[INFO] --- maven-resources-plugin:2.6:resources (default-resources) @ cloudfiles-uk ---
[INFO] Using 'UTF-8' encoding to copy filtered resources.
[INFO] skip non existing resourceDirectory /home/zack/jclouds/providers/cloudfiles-uk/src/main/clojure
[INFO] Copying 1 resource
[INFO] Copying 2 resources
[INFO] 
[INFO] --- maven-compiler-plugin:2.5.1:compile (default-compile) @ cloudfiles-uk ---
[INFO] Compiling 1 source file to /home/zack/jclouds/providers/cloudfiles-uk/target/classes
[INFO] 
[INFO] --- maven-resources-plugin:2.6:testResources (default-testResources) @ cloudfiles-uk ---
[INFO] Using 'UTF-8' encoding to copy filtered resources.
[INFO] skip non existing resourceDirectory /home/zack/jclouds/providers/cloudfiles-uk/src/test/clojure
[INFO] skip non existing resourceDirectory /home/zack/jclouds/providers/cloudfiles-uk/src/test/resources
[INFO] Copying 2 resources
[INFO] 
[INFO] --- maven-compiler-plugin:2.5.1:testCompile (default-testCompile) @ cloudfiles-uk ---
[INFO] Compiling 10 source files to /home/zack/jclouds/providers/cloudfiles-uk/target/test-classes
[INFO] 
[INFO] --- maven-surefire-plugin:2.12.4:test (default-test) @ cloudfiles-uk ---
[INFO] Surefire report directory: /home/zack/jclouds/providers/cloudfiles-uk/target/surefire-reports

-------------------------------------------------------
 T E S T S
-------------------------------------------------------
Running org.jclouds.rackspace.cloudfiles.CloudFilesUKProviderTest
Configuring TestNG with: org.apache.maven.surefire.testng.conf.TestNG652Configurator@2da04643
Starting test testOfApiContains(org.jclouds.rackspace.cloudfiles.CloudFilesUKProviderTest)
Starting test testTransformableToContains(org.jclouds.rackspace.cloudfiles.CloudFilesUKProviderTest)
Starting test testAllContains(org.jclouds.rackspace.cloudfiles.CloudFilesUKProviderTest)
Starting test testWithId(org.jclouds.rackspace.cloudfiles.CloudFilesUKProviderTest)
[pool-1-thread-1] Test testAllContains(org.jclouds.rackspace.cloudfiles.CloudFilesUKProviderTest) succeeded: 27ms
Test suite progress: tests succeeded: 1, failed: 0, skipped: 0.
[pool-1-thread-4] Test testWithId(org.jclouds.rackspace.cloudfiles.CloudFilesUKProviderTest) succeeded: 20ms
Test suite progress: tests succeeded: 2, failed: 0, skipped: 0.
[pool-1-thread-3] Test testTransformableToContains(org.jclouds.rackspace.cloudfiles.CloudFilesUKProviderTest) succeeded: 54ms
Test suite progress: tests succeeded: 3, failed: 0, skipped: 0.
[pool-1-thread-2] Test testOfApiContains(org.jclouds.rackspace.cloudfiles.CloudFilesUKProviderTest) succeeded: 58ms
Test suite progress: tests succeeded: 4, failed: 0, skipped: 0.
Tests run: 4, Failures: 0, Errors: 0, Skipped: 0, Time elapsed: 1.615 sec

Results :

Tests run: 4, Failures: 0, Errors: 0, Skipped: 0

[INFO] 
[INFO] --- maven-bundle-plugin:2.3.7:bundle (default-bundle) @ cloudfiles-uk ---
[INFO] 
[INFO] --- maven-jar-plugin:2.4:test-jar (default) @ cloudfiles-uk ---
[INFO] Building jar: /home/zack/jclouds/providers/cloudfiles-uk/target/cloudfiles-uk-1.6.0-SNAPSHOT-tests.jar
[INFO] 
[INFO] --- maven-surefire-plugin:2.12.4:test (integration) @ cloudfiles-uk ---
[INFO] Surefire report directory: /home/zack/jclouds/providers/cloudfiles-uk/target/surefire-reports

-------------------------------------------------------
 T E S T S
-------------------------------------------------------
Running TestSuite
Configuring TestNG with: org.apache.maven.surefire.testng.conf.TestNG652Configurator@762cd5a3
Starting test testCDNOperations(org.jclouds.rackspace.cloudfiles.CloudFilesUKClientLiveTest)
[TestNG] Test testCDNOperations(org.jclouds.rackspace.cloudfiles.CloudFilesUKClientLiveTest) skipped.
Test suite progress: tests succeeded: 0, failed: 0, skipped: 1.
Starting test deleteContainerIfEmptyNotFound(org.jclouds.rackspace.cloudfiles.CloudFilesUKClientLiveTest)
[TestNG] Test deleteContainerIfEmptyNotFound(org.jclouds.rackspace.cloudfiles.CloudFilesUKClientLiveTest) skipped.
Test suite progress: tests succeeded: 0, failed: 0, skipped: 2.
Starting test testCopyObjectOperations(org.jclouds.rackspace.cloudfiles.CloudFilesUKClientLiveTest)
[TestNG] Test testCopyObjectOperations(org.jclouds.rackspace.cloudfiles.CloudFilesUKClientLiveTest) skipped.
Test suite progress: tests succeeded: 0, failed: 0, skipped: 3.
Starting test testHeadAccountMetadata(org.jclouds.rackspace.cloudfiles.CloudFilesUKClientLiveTest)
[TestNG] Test testHeadAccountMetadata(org.jclouds.rackspace.cloudfiles.CloudFilesUKClientLiveTest) skipped.
Test suite progress: tests succeeded: 0, failed: 0, skipped: 4.
Starting test testListContainerPath(org.jclouds.rackspace.cloudfiles.CloudFilesUKClientLiveTest)
[TestNG] Test testListContainerPath(org.jclouds.rackspace.cloudfiles.CloudFilesUKClientLiveTest) skipped.
Test suite progress: tests succeeded: 0, failed: 0, skipped: 5.
Starting test testListOwnedContainers(org.jclouds.rackspace.cloudfiles.CloudFilesUKClientLiveTest)
[TestNG] Test testListOwnedContainers(org.jclouds.rackspace.cloudfiles.CloudFilesUKClientLiveTest) skipped.
Test suite progress: tests succeeded: 0, failed: 0, skipped: 6.
Starting test testObjectOperations(org.jclouds.rackspace.cloudfiles.CloudFilesUKClientLiveTest)
[TestNG] Test testObjectOperations(org.jclouds.rackspace.cloudfiles.CloudFilesUKClientLiveTest) skipped.
Test suite progress: tests succeeded: 0, failed: 0, skipped: 7.
Starting test testPutContainers(org.jclouds.rackspace.cloudfiles.CloudFilesUKClientLiveTest)
[TestNG] Test testPutContainers(org.jclouds.rackspace.cloudfiles.CloudFilesUKClientLiveTest) skipped.
Test suite progress: tests succeeded: 0, failed: 0, skipped: 8.
Starting test blobNotFound(org.jclouds.rackspace.cloudfiles.blobstore.integration.CloudFilesUKBlobIntegrationLiveTest)
[TestNG] Test blobNotFound(org.jclouds.rackspace.cloudfiles.blobstore.integration.CloudFilesUKBlobIntegrationLiveTest) skipped.
Test suite progress: tests succeeded: 0, failed: 0, skipped: 9.
Starting test deleteObject(org.jclouds.rackspace.cloudfiles.blobstore.integration.CloudFilesUKBlobIntegrationLiveTest)
[TestNG] Test deleteObject(org.jclouds.rackspace.cloudfiles.blobstore.integration.CloudFilesUKBlobIntegrationLiveTest) skipped.
Test suite progress: tests succeeded: 0, failed: 0, skipped: 10.
Starting test deleteObject(org.jclouds.rackspace.cloudfiles.blobstore.integration.CloudFilesUKBlobIntegrationLiveTest)
[TestNG] Test deleteObject(org.jclouds.rackspace.cloudfiles.blobstore.integration.CloudFilesUKBlobIntegrationLiveTest) skipped.
Test suite progress: tests succeeded: 0, failed: 0, skipped: 11.
Starting test deleteObject(org.jclouds.rackspace.cloudfiles.blobstore.integration.CloudFilesUKBlobIntegrationLiveTest)
[TestNG] Test deleteObject(org.jclouds.rackspace.cloudfiles.blobstore.integration.CloudFilesUKBlobIntegrationLiveTest) skipped.
Test suite progress: tests succeeded: 0, failed: 0, skipped: 12.
Starting test deleteObject(org.jclouds.rackspace.cloudfiles.blobstore.integration.CloudFilesUKBlobIntegrationLiveTest)
[TestNG] Test deleteObject(org.jclouds.rackspace.cloudfiles.blobstore.integration.CloudFilesUKBlobIntegrationLiveTest) skipped.
Test suite progress: tests succeeded: 0, failed: 0, skipped: 13.
Starting test deleteObject(org.jclouds.rackspace.cloudfiles.blobstore.integration.CloudFilesUKBlobIntegrationLiveTest)
[TestNG] Test deleteObject(org.jclouds.rackspace.cloudfiles.blobstore.integration.CloudFilesUKBlobIntegrationLiveTest) skipped.
Test suite progress: tests succeeded: 0, failed: 0, skipped: 14.
Starting test deleteObject(org.jclouds.rackspace.cloudfiles.blobstore.integration.CloudFilesUKBlobIntegrationLiveTest)
[TestNG] Test deleteObject(org.jclouds.rackspace.cloudfiles.blobstore.integration.CloudFilesUKBlobIntegrationLiveTest) skipped.
Test suite progress: tests succeeded: 0, failed: 0, skipped: 15.
Starting test deleteObject(org.jclouds.rackspace.cloudfiles.blobstore.integration.CloudFilesUKBlobIntegrationLiveTest)
[TestNG] Test deleteObject(org.jclouds.rackspace.cloudfiles.blobstore.integration.CloudFilesUKBlobIntegrationLiveTest) skipped.
Test suite progress: tests succeeded: 0, failed: 0, skipped: 16.
Starting test deleteObject(org.jclouds.rackspace.cloudfiles.blobstore.integration.CloudFilesUKBlobIntegrationLiveTest)
[TestNG] Test deleteObject(org.jclouds.rackspace.cloudfiles.blobstore.integration.CloudFilesUKBlobIntegrationLiveTest) skipped.
Test suite progress: tests succeeded: 0, failed: 0, skipped: 17.
Starting test deleteObject(org.jclouds.rackspace.cloudfiles.blobstore.integration.CloudFilesUKBlobIntegrationLiveTest)
[TestNG] Test deleteObject(org.jclouds.rackspace.cloudfiles.blobstore.integration.CloudFilesUKBlobIntegrationLiveTest) skipped.
Test suite progress: tests succeeded: 0, failed: 0, skipped: 18.
Starting test deleteObject(org.jclouds.rackspace.cloudfiles.blobstore.integration.CloudFilesUKBlobIntegrationLiveTest)
[TestNG] Test deleteObject(org.jclouds.rackspace.cloudfiles.blobstore.integration.CloudFilesUKBlobIntegrationLiveTest) skipped.
Test suite progress: tests succeeded: 0, failed: 0, skipped: 19.
Starting test deleteObjectNoContainer(org.jclouds.rackspace.cloudfiles.blobstore.integration.CloudFilesUKBlobIntegrationLiveTest)
[TestNG] Test deleteObjectNoContainer(org.jclouds.rackspace.cloudfiles.blobstore.integration.CloudFilesUKBlobIntegrationLiveTest) skipped.
Test suite progress: tests succeeded: 0, failed: 0, skipped: 20.
Starting test deleteObjectNotFound(org.jclouds.rackspace.cloudfiles.blobstore.integration.CloudFilesUKBlobIntegrationLiveTest)
[TestNG] Test deleteObjectNotFound(org.jclouds.rackspace.cloudfiles.blobstore.integration.CloudFilesUKBlobIntegrationLiveTest) skipped.
Test suite progress: tests succeeded: 0, failed: 0, skipped: 21.
Starting test testBigFileGets(org.jclouds.rackspace.cloudfiles.blobstore.integration.CloudFilesUKBlobIntegrationLiveTest)
[TestNG] Test testBigFileGets(org.jclouds.rackspace.cloudfiles.blobstore.integration.CloudFilesUKBlobIntegrationLiveTest) skipped.
Test suite progress: tests succeeded: 0, failed: 0, skipped: 22.
Starting test testCreateBlobWithExpiry(org.jclouds.rackspace.cloudfiles.blobstore.integration.CloudFilesUKBlobIntegrationLiveTest)
[TestNG] Test testCreateBlobWithExpiry(org.jclouds.rackspace.cloudfiles.blobstore.integration.CloudFilesUKBlobIntegrationLiveTest) skipped.
Test suite progress: tests succeeded: 0, failed: 0, skipped: 23.
Starting test testGetIfMatch(org.jclouds.rackspace.cloudfiles.blobstore.integration.CloudFilesUKBlobIntegrationLiveTest)
[TestNG] Test testGetIfMatch(org.jclouds.rackspace.cloudfiles.blobstore.integration.CloudFilesUKBlobIntegrationLiveTest) skipped.
Test suite progress: tests succeeded: 0, failed: 0, skipped: 24.
Starting test testGetIfModifiedSince(org.jclouds.rackspace.cloudfiles.blobstore.integration.CloudFilesUKBlobIntegrationLiveTest)
[TestNG] Test testGetIfModifiedSince(org.jclouds.rackspace.cloudfiles.blobstore.integration.CloudFilesUKBlobIntegrationLiveTest) skipped.
Test suite progress: tests succeeded: 0, failed: 0, skipped: 25.
Starting test testGetIfNoneMatch(org.jclouds.rackspace.cloudfiles.blobstore.integration.CloudFilesUKBlobIntegrationLiveTest)
[TestNG] Test testGetIfNoneMatch(org.jclouds.rackspace.cloudfiles.blobstore.integration.CloudFilesUKBlobIntegrationLiveTest) skipped.
Test suite progress: tests succeeded: 0, failed: 0, skipped: 26.
Starting test testGetIfUnmodifiedSince(org.jclouds.rackspace.cloudfiles.blobstore.integration.CloudFilesUKBlobIntegrationLiveTest)
[TestNG] Test testGetIfUnmodifiedSince(org.jclouds.rackspace.cloudfiles.blobstore.integration.CloudFilesUKBlobIntegrationLiveTest) skipped.
Test suite progress: tests succeeded: 0, failed: 0, skipped: 27.
Starting test testGetRange(org.jclouds.rackspace.cloudfiles.blobstore.integration.CloudFilesUKBlobIntegrationLiveTest)
[TestNG] Test testGetRange(org.jclouds.rackspace.cloudfiles.blobstore.integration.CloudFilesUKBlobIntegrationLiveTest) skipped.
Test suite progress: tests succeeded: 0, failed: 0, skipped: 28.
Starting test testMetadata(org.jclouds.rackspace.cloudfiles.blobstore.integration.CloudFilesUKBlobIntegrationLiveTest)
[TestNG] Test testMetadata(org.jclouds.rackspace.cloudfiles.blobstore.integration.CloudFilesUKBlobIntegrationLiveTest) skipped.
Test suite progress: tests succeeded: 0, failed: 0, skipped: 29.
Starting test testPutFileParallel(org.jclouds.rackspace.cloudfiles.blobstore.integration.CloudFilesUKBlobIntegrationLiveTest)
[TestNG] Test testPutFileParallel(org.jclouds.rackspace.cloudfiles.blobstore.integration.CloudFilesUKBlobIntegrationLiveTest) skipped.
Test suite progress: tests succeeded: 0, failed: 0, skipped: 30.
Starting test testPutObject(org.jclouds.rackspace.cloudfiles.blobstore.integration.CloudFilesUKBlobIntegrationLiveTest)
[TestNG] Test testPutObject(org.jclouds.rackspace.cloudfiles.blobstore.integration.CloudFilesUKBlobIntegrationLiveTest) skipped.
Test suite progress: tests succeeded: 0, failed: 0, skipped: 31.
Starting test testPutObject(org.jclouds.rackspace.cloudfiles.blobstore.integration.CloudFilesUKBlobIntegrationLiveTest)
[TestNG] Test testPutObject(org.jclouds.rackspace.cloudfiles.blobstore.integration.CloudFilesUKBlobIntegrationLiveTest) skipped.
Test suite progress: tests succeeded: 0, failed: 0, skipped: 32.
Starting test testPutObject(org.jclouds.rackspace.cloudfiles.blobstore.integration.CloudFilesUKBlobIntegrationLiveTest)
[TestNG] Test testPutObject(org.jclouds.rackspace.cloudfiles.blobstore.integration.CloudFilesUKBlobIntegrationLiveTest) skipped.
Test suite progress: tests succeeded: 0, failed: 0, skipped: 33.
Starting test testPutObjectStream(org.jclouds.rackspace.cloudfiles.blobstore.integration.CloudFilesUKBlobIntegrationLiveTest)
[TestNG] Test testPutObjectStream(org.jclouds.rackspace.cloudfiles.blobstore.integration.CloudFilesUKBlobIntegrationLiveTest) skipped.
Test suite progress: tests succeeded: 0, failed: 0, skipped: 34.
Starting test testMultipartChunkedFileStream(org.jclouds.rackspace.cloudfiles.blobstore.integration.CloudFilesUKBlobIntegrationLiveTest)
[TestNG] Test testMultipartChunkedFileStream(org.jclouds.rackspace.cloudfiles.blobstore.integration.CloudFilesUKBlobIntegrationLiveTest) skipped.
Test suite progress: tests succeeded: 0, failed: 0, skipped: 35.
Starting test testContains(org.jclouds.rackspace.cloudfiles.blobstore.integration.CloudFilesUKBlobMapIntegrationLiveTest)
[TestNG] Test testContains(org.jclouds.rackspace.cloudfiles.blobstore.integration.CloudFilesUKBlobMapIntegrationLiveTest) skipped.
Test suite progress: tests succeeded: 0, failed: 0, skipped: 36.
Starting test testEntrySet(org.jclouds.rackspace.cloudfiles.blobstore.integration.CloudFilesUKBlobMapIntegrationLiveTest)
[TestNG] Test testEntrySet(org.jclouds.rackspace.cloudfiles.blobstore.integration.CloudFilesUKBlobMapIntegrationLiveTest) skipped.
Test suite progress: tests succeeded: 0, failed: 0, skipped: 37.
Starting test testPut(org.jclouds.rackspace.cloudfiles.blobstore.integration.CloudFilesUKBlobMapIntegrationLiveTest)
[TestNG] Test testPut(org.jclouds.rackspace.cloudfiles.blobstore.integration.CloudFilesUKBlobMapIntegrationLiveTest) skipped.
Test suite progress: tests succeeded: 0, failed: 0, skipped: 38.
Starting test testPutAll(org.jclouds.rackspace.cloudfiles.blobstore.integration.CloudFilesUKBlobMapIntegrationLiveTest)
[TestNG] Test testPutAll(org.jclouds.rackspace.cloudfiles.blobstore.integration.CloudFilesUKBlobMapIntegrationLiveTest) skipped.
Test suite progress: tests succeeded: 0, failed: 0, skipped: 39.
Starting test testPutMoreThanSingleListing(org.jclouds.rackspace.cloudfiles.blobstore.integration.CloudFilesUKBlobMapIntegrationLiveTest)
[TestNG] Test testPutMoreThanSingleListing(org.jclouds.rackspace.cloudfiles.blobstore.integration.CloudFilesUKBlobMapIntegrationLiveTest) skipped.
Test suite progress: tests succeeded: 0, failed: 0, skipped: 40.
Starting test testRemove(org.jclouds.rackspace.cloudfiles.blobstore.integration.CloudFilesUKBlobMapIntegrationLiveTest)
[TestNG] Test testRemove(org.jclouds.rackspace.cloudfiles.blobstore.integration.CloudFilesUKBlobMapIntegrationLiveTest) skipped.
Test suite progress: tests succeeded: 0, failed: 0, skipped: 41.
Starting test testValues(org.jclouds.rackspace.cloudfiles.blobstore.integration.CloudFilesUKBlobMapIntegrationLiveTest)
[TestNG] Test testValues(org.jclouds.rackspace.cloudfiles.blobstore.integration.CloudFilesUKBlobMapIntegrationLiveTest) skipped.
Test suite progress: tests succeeded: 0, failed: 0, skipped: 42.
Starting test testClear(org.jclouds.rackspace.cloudfiles.blobstore.integration.CloudFilesUKBlobMapIntegrationLiveTest)
[TestNG] Test testClear(org.jclouds.rackspace.cloudfiles.blobstore.integration.CloudFilesUKBlobMapIntegrationLiveTest) skipped.
Test suite progress: tests succeeded: 0, failed: 0, skipped: 43.
Starting test testContainsKey(org.jclouds.rackspace.cloudfiles.blobstore.integration.CloudFilesUKBlobMapIntegrationLiveTest)
[TestNG] Test testContainsKey(org.jclouds.rackspace.cloudfiles.blobstore.integration.CloudFilesUKBlobMapIntegrationLiveTest) skipped.
Test suite progress: tests succeeded: 0, failed: 0, skipped: 44.
Starting test testDirectory(org.jclouds.rackspace.cloudfiles.blobstore.integration.CloudFilesUKBlobMapIntegrationLiveTest)
[TestNG] Test testDirectory(org.jclouds.rackspace.cloudfiles.blobstore.integration.CloudFilesUKBlobMapIntegrationLiveTest) skipped.
Test suite progress: tests succeeded: 0, failed: 0, skipped: 45.
Starting test testIsEmpty(org.jclouds.rackspace.cloudfiles.blobstore.integration.CloudFilesUKBlobMapIntegrationLiveTest)
[TestNG] Test testIsEmpty(org.jclouds.rackspace.cloudfiles.blobstore.integration.CloudFilesUKBlobMapIntegrationLiveTest) skipped.
Test suite progress: tests succeeded: 0, failed: 0, skipped: 46.
Starting test testKeySet(org.jclouds.rackspace.cloudfiles.blobstore.integration.CloudFilesUKBlobMapIntegrationLiveTest)
[TestNG] Test testKeySet(org.jclouds.rackspace.cloudfiles.blobstore.integration.CloudFilesUKBlobMapIntegrationLiveTest) skipped.
Test suite progress: tests succeeded: 0, failed: 0, skipped: 47.
Starting test testListContainer(org.jclouds.rackspace.cloudfiles.blobstore.integration.CloudFilesUKBlobMapIntegrationLiveTest)
[TestNG] Test testListContainer(org.jclouds.rackspace.cloudfiles.blobstore.integration.CloudFilesUKBlobMapIntegrationLiveTest) skipped.
Test suite progress: tests succeeded: 0, failed: 0, skipped: 48.
Starting test containerDoesntExist(org.jclouds.rackspace.cloudfiles.blobstore.integration.CloudFilesUKContainerIntegrationLiveTest)
[TestNG] Test containerDoesntExist(org.jclouds.rackspace.cloudfiles.blobstore.integration.CloudFilesUKContainerIntegrationLiveTest) skipped.
Test suite progress: tests succeeded: 0, failed: 0, skipped: 49.
Starting test containerExists(org.jclouds.rackspace.cloudfiles.blobstore.integration.CloudFilesUKContainerIntegrationLiveTest)
[TestNG] Test containerExists(org.jclouds.rackspace.cloudfiles.blobstore.integration.CloudFilesUKContainerIntegrationLiveTest) skipped.
Test suite progress: tests succeeded: 0, failed: 0, skipped: 50.
Starting test deleteContainerIfEmpty(org.jclouds.rackspace.cloudfiles.blobstore.integration.CloudFilesUKContainerIntegrationLiveTest)
[TestNG] Test deleteContainerIfEmpty(org.jclouds.rackspace.cloudfiles.blobstore.integration.CloudFilesUKContainerIntegrationLiveTest) skipped.
Test suite progress: tests succeeded: 0, failed: 0, skipped: 51.
Starting test deleteContainerWithContents(org.jclouds.rackspace.cloudfiles.blobstore.integration.CloudFilesUKContainerIntegrationLiveTest)
[TestNG] Test deleteContainerWithContents(org.jclouds.rackspace.cloudfiles.blobstore.integration.CloudFilesUKContainerIntegrationLiveTest) skipped.
Test suite progress: tests succeeded: 0, failed: 0, skipped: 52.
Starting test testClearWhenContentsUnderPath(org.jclouds.rackspace.cloudfiles.blobstore.integration.CloudFilesUKContainerIntegrationLiveTest)
[TestNG] Test testClearWhenContentsUnderPath(org.jclouds.rackspace.cloudfiles.blobstore.integration.CloudFilesUKContainerIntegrationLiveTest) skipped.
Test suite progress: tests succeeded: 0, failed: 0, skipped: 53.
Starting test testDirectory(org.jclouds.rackspace.cloudfiles.blobstore.integration.CloudFilesUKContainerIntegrationLiveTest)
[TestNG] Test testDirectory(org.jclouds.rackspace.cloudfiles.blobstore.integration.CloudFilesUKContainerIntegrationLiveTest) skipped.
Test suite progress: tests succeeded: 0, failed: 0, skipped: 54.
Starting test testListContainer(org.jclouds.rackspace.cloudfiles.blobstore.integration.CloudFilesUKContainerIntegrationLiveTest)
[TestNG] Test testListContainer(org.jclouds.rackspace.cloudfiles.blobstore.integration.CloudFilesUKContainerIntegrationLiveTest) skipped.
Test suite progress: tests succeeded: 0, failed: 0, skipped: 55.
Starting test testListContainerMarker(org.jclouds.rackspace.cloudfiles.blobstore.integration.CloudFilesUKContainerIntegrationLiveTest)
[TestNG] Test testListContainerMarker(org.jclouds.rackspace.cloudfiles.blobstore.integration.CloudFilesUKContainerIntegrationLiveTest) skipped.
Test suite progress: tests succeeded: 0, failed: 0, skipped: 56.
Starting test testListContainerMaxResults(org.jclouds.rackspace.cloudfiles.blobstore.integration.CloudFilesUKContainerIntegrationLiveTest)
[TestNG] Test testListContainerMaxResults(org.jclouds.rackspace.cloudfiles.blobstore.integration.CloudFilesUKContainerIntegrationLiveTest) skipped.
Test suite progress: tests succeeded: 0, failed: 0, skipped: 57.
Starting test testListContainerPrefix(org.jclouds.rackspace.cloudfiles.blobstore.integration.CloudFilesUKContainerIntegrationLiveTest)
[TestNG] Test testListContainerPrefix(org.jclouds.rackspace.cloudfiles.blobstore.integration.CloudFilesUKContainerIntegrationLiveTest) skipped.
Test suite progress: tests succeeded: 0, failed: 0, skipped: 58.
Starting test testListRootUsesDelimiter(org.jclouds.rackspace.cloudfiles.blobstore.integration.CloudFilesUKContainerIntegrationLiveTest)
[TestNG] Test testListRootUsesDelimiter(org.jclouds.rackspace.cloudfiles.blobstore.integration.CloudFilesUKContainerIntegrationLiveTest) skipped.
Test suite progress: tests succeeded: 0, failed: 0, skipped: 59.
Starting test testPutTwiceIsOkAndDoesntOverwrite(org.jclouds.rackspace.cloudfiles.blobstore.integration.CloudFilesUKContainerIntegrationLiveTest)
[TestNG] Test testPutTwiceIsOkAndDoesntOverwrite(org.jclouds.rackspace.cloudfiles.blobstore.integration.CloudFilesUKContainerIntegrationLiveTest) skipped.
Test suite progress: tests succeeded: 0, failed: 0, skipped: 60.
Starting test testWithDetails(org.jclouds.rackspace.cloudfiles.blobstore.integration.CloudFilesUKContainerIntegrationLiveTest)
[TestNG] Test testWithDetails(org.jclouds.rackspace.cloudfiles.blobstore.integration.CloudFilesUKContainerIntegrationLiveTest) skipped.
Test suite progress: tests succeeded: 0, failed: 0, skipped: 61.
Starting test testCreateDeleteContainerMetadata(org.jclouds.rackspace.cloudfiles.blobstore.integration.CloudFilesUKContainerIntegrationLiveTest)
[TestNG] Test testCreateDeleteContainerMetadata(org.jclouds.rackspace.cloudfiles.blobstore.integration.CloudFilesUKContainerIntegrationLiveTest) skipped.
Test suite progress: tests succeeded: 0, failed: 0, skipped: 62.
Starting test testSetGetContainerMetadata(org.jclouds.rackspace.cloudfiles.blobstore.integration.CloudFilesUKContainerIntegrationLiveTest)
[TestNG] Test testSetGetContainerMetadata(org.jclouds.rackspace.cloudfiles.blobstore.integration.CloudFilesUKContainerIntegrationLiveTest) skipped.
Test suite progress: tests succeeded: 0, failed: 0, skipped: 63.
Starting test containerDoesntExist(org.jclouds.rackspace.cloudfiles.blobstore.integration.CloudFilesUKServiceIntegrationLiveTest)
[TestNG] Test containerDoesntExist(org.jclouds.rackspace.cloudfiles.blobstore.integration.CloudFilesUKServiceIntegrationLiveTest) skipped.
Test suite progress: tests succeeded: 0, failed: 0, skipped: 64.
Starting test testAllLocations(org.jclouds.rackspace.cloudfiles.blobstore.integration.CloudFilesUKServiceIntegrationLiveTest)
[TestNG] Test testAllLocations(org.jclouds.rackspace.cloudfiles.blobstore.integration.CloudFilesUKServiceIntegrationLiveTest) skipped.
Test suite progress: tests succeeded: 0, failed: 0, skipped: 65.
Starting test testGetAssignableLocations(org.jclouds.rackspace.cloudfiles.blobstore.integration.CloudFilesUKServiceIntegrationLiveTest)
[TestNG] Test testGetAssignableLocations(org.jclouds.rackspace.cloudfiles.blobstore.integration.CloudFilesUKServiceIntegrationLiveTest) skipped.
Test suite progress: tests succeeded: 0, failed: 0, skipped: 66.
Starting test testCopyUrl(org.jclouds.rackspace.cloudfiles.blobstore.integration.CloudFilesUKBlobLiveTest)
[TestNG] Test testCopyUrl(org.jclouds.rackspace.cloudfiles.blobstore.integration.CloudFilesUKBlobLiveTest) skipped.
Test suite progress: tests succeeded: 0, failed: 0, skipped: 67.
Starting test testGetAndSetTemporaryUrlKey(org.jclouds.rackspace.cloudfiles.blobstore.integration.CloudFilesUKBlobLiveTest)
[TestNG] Test testGetAndSetTemporaryUrlKey(org.jclouds.rackspace.cloudfiles.blobstore.integration.CloudFilesUKBlobLiveTest) skipped.
Test suite progress: tests succeeded: 0, failed: 0, skipped: 68.
Starting test testPublicAccess(org.jclouds.rackspace.cloudfiles.blobstore.integration.CloudFilesUKContainerLiveTest)
[TestNG] Test testPublicAccess(org.jclouds.rackspace.cloudfiles.blobstore.integration.CloudFilesUKContainerLiveTest) skipped.
Test suite progress: tests succeeded: 0, failed: 0, skipped: 69.
[TestNG] Test testPublicAccessInNonDefaultLocation(org.jclouds.rackspace.cloudfiles.blobstore.integration.CloudFilesUKContainerLiveTest) skipped.
Test suite progress: tests succeeded: 0, failed: 0, skipped: 70.
[TestNG] Test testPublicAccessInNonDefaultLocationWithBigBlob(org.jclouds.rackspace.cloudfiles.blobstore.integration.CloudFilesUKContainerLiveTest) skipped.
Test suite progress: tests succeeded: 0, failed: 0, skipped: 71.
Starting test testSignGetUrl(org.jclouds.rackspace.cloudfiles.blobstore.integration.CloudFilesUKBlobSignerLiveTest)
[TestNG] Test testSignGetUrl(org.jclouds.rackspace.cloudfiles.blobstore.integration.CloudFilesUKBlobSignerLiveTest) skipped.
Test suite progress: tests succeeded: 0, failed: 0, skipped: 72.
Starting test testSignGetUrlOptions(org.jclouds.rackspace.cloudfiles.blobstore.integration.CloudFilesUKBlobSignerLiveTest)
[TestNG] Test testSignGetUrlOptions(org.jclouds.rackspace.cloudfiles.blobstore.integration.CloudFilesUKBlobSignerLiveTest) skipped.
Test suite progress: tests succeeded: 0, failed: 0, skipped: 73.
Starting test testSignGetUrlWithTime(org.jclouds.rackspace.cloudfiles.blobstore.integration.CloudFilesUKBlobSignerLiveTest)
[TestNG] Test testSignGetUrlWithTime(org.jclouds.rackspace.cloudfiles.blobstore.integration.CloudFilesUKBlobSignerLiveTest) skipped.
Test suite progress: tests succeeded: 0, failed: 0, skipped: 74.
Starting test testSignPutUrl(org.jclouds.rackspace.cloudfiles.blobstore.integration.CloudFilesUKBlobSignerLiveTest)
[TestNG] Test testSignPutUrl(org.jclouds.rackspace.cloudfiles.blobstore.integration.CloudFilesUKBlobSignerLiveTest) skipped.
Test suite progress: tests succeeded: 0, failed: 0, skipped: 75.
Starting test testSignPutUrlWithTime(org.jclouds.rackspace.cloudfiles.blobstore.integration.CloudFilesUKBlobSignerLiveTest)
[TestNG] Test testSignPutUrlWithTime(org.jclouds.rackspace.cloudfiles.blobstore.integration.CloudFilesUKBlobSignerLiveTest) skipped.
Test suite progress: tests succeeded: 0, failed: 0, skipped: 76.
Starting test testSignRemoveUrl(org.jclouds.rackspace.cloudfiles.blobstore.integration.CloudFilesUKBlobSignerLiveTest)
[TestNG] Test testSignRemoveUrl(org.jclouds.rackspace.cloudfiles.blobstore.integration.CloudFilesUKBlobSignerLiveTest) skipped.
Test suite progress: tests succeeded: 0, failed: 0, skipped: 77.
Starting test testContainsBytesValue(org.jclouds.rackspace.cloudfiles.blobstore.integration.CloudFilesUKInputStreamMapIntegrationLiveTest)
[TestNG] Test testContainsBytesValue(org.jclouds.rackspace.cloudfiles.blobstore.integration.CloudFilesUKInputStreamMapIntegrationLiveTest) skipped.
Test suite progress: tests succeeded: 0, failed: 0, skipped: 78.
Starting test testContainsFileValue(org.jclouds.rackspace.cloudfiles.blobstore.integration.CloudFilesUKInputStreamMapIntegrationLiveTest)
[TestNG] Test testContainsFileValue(org.jclouds.rackspace.cloudfiles.blobstore.integration.CloudFilesUKInputStreamMapIntegrationLiveTest) skipped.
Test suite progress: tests succeeded: 0, failed: 0, skipped: 79.
Starting test testContainsInputStreamValue(org.jclouds.rackspace.cloudfiles.blobstore.integration.CloudFilesUKInputStreamMapIntegrationLiveTest)
[TestNG] Test testContainsInputStreamValue(org.jclouds.rackspace.cloudfiles.blobstore.integration.CloudFilesUKInputStreamMapIntegrationLiveTest) skipped.
Test suite progress: tests succeeded: 0, failed: 0, skipped: 80.
Starting test testContainsStringValue(org.jclouds.rackspace.cloudfiles.blobstore.integration.CloudFilesUKInputStreamMapIntegrationLiveTest)
[TestNG] Test testContainsStringValue(org.jclouds.rackspace.cloudfiles.blobstore.integration.CloudFilesUKInputStreamMapIntegrationLiveTest) skipped.
Test suite progress: tests succeeded: 0, failed: 0, skipped: 81.
Starting test testEntrySet(org.jclouds.rackspace.cloudfiles.blobstore.integration.CloudFilesUKInputStreamMapIntegrationLiveTest)
[TestNG] Test testEntrySet(org.jclouds.rackspace.cloudfiles.blobstore.integration.CloudFilesUKInputStreamMapIntegrationLiveTest) skipped.
Test suite progress: tests succeeded: 0, failed: 0, skipped: 82.
Starting test testPut(org.jclouds.rackspace.cloudfiles.blobstore.integration.CloudFilesUKInputStreamMapIntegrationLiveTest)
[TestNG] Test testPut(org.jclouds.rackspace.cloudfiles.blobstore.integration.CloudFilesUKInputStreamMapIntegrationLiveTest) skipped.
Test suite progress: tests succeeded: 0, failed: 0, skipped: 83.
Starting test testPutAll(org.jclouds.rackspace.cloudfiles.blobstore.integration.CloudFilesUKInputStreamMapIntegrationLiveTest)
[TestNG] Test testPutAll(org.jclouds.rackspace.cloudfiles.blobstore.integration.CloudFilesUKInputStreamMapIntegrationLiveTest) skipped.
Test suite progress: tests succeeded: 0, failed: 0, skipped: 84.
Starting test testPutAllBytes(org.jclouds.rackspace.cloudfiles.blobstore.integration.CloudFilesUKInputStreamMapIntegrationLiveTest)
[TestNG] Test testPutAllBytes(org.jclouds.rackspace.cloudfiles.blobstore.integration.CloudFilesUKInputStreamMapIntegrationLiveTest) skipped.
Test suite progress: tests succeeded: 0, failed: 0, skipped: 85.
Starting test testPutAllFiles(org.jclouds.rackspace.cloudfiles.blobstore.integration.CloudFilesUKInputStreamMapIntegrationLiveTest)
[TestNG] Test testPutAllFiles(org.jclouds.rackspace.cloudfiles.blobstore.integration.CloudFilesUKInputStreamMapIntegrationLiveTest) skipped.
Test suite progress: tests succeeded: 0, failed: 0, skipped: 86.
Starting test testPutAllStrings(org.jclouds.rackspace.cloudfiles.blobstore.integration.CloudFilesUKInputStreamMapIntegrationLiveTest)
[TestNG] Test testPutAllStrings(org.jclouds.rackspace.cloudfiles.blobstore.integration.CloudFilesUKInputStreamMapIntegrationLiveTest) skipped.
Test suite progress: tests succeeded: 0, failed: 0, skipped: 87.
Starting test testPutBytes(org.jclouds.rackspace.cloudfiles.blobstore.integration.CloudFilesUKInputStreamMapIntegrationLiveTest)
[TestNG] Test testPutBytes(org.jclouds.rackspace.cloudfiles.blobstore.integration.CloudFilesUKInputStreamMapIntegrationLiveTest) skipped.
Test suite progress: tests succeeded: 0, failed: 0, skipped: 88.
Starting test testPutFile(org.jclouds.rackspace.cloudfiles.blobstore.integration.CloudFilesUKInputStreamMapIntegrationLiveTest)
[TestNG] Test testPutFile(org.jclouds.rackspace.cloudfiles.blobstore.integration.CloudFilesUKInputStreamMapIntegrationLiveTest) skipped.
Test suite progress: tests succeeded: 0, failed: 0, skipped: 89.
Starting test testPutMoreThanSingleListing(org.jclouds.rackspace.cloudfiles.blobstore.integration.CloudFilesUKInputStreamMapIntegrationLiveTest)
[TestNG] Test testPutMoreThanSingleListing(org.jclouds.rackspace.cloudfiles.blobstore.integration.CloudFilesUKInputStreamMapIntegrationLiveTest) skipped.
Test suite progress: tests succeeded: 0, failed: 0, skipped: 90.
Starting test testPutString(org.jclouds.rackspace.cloudfiles.blobstore.integration.CloudFilesUKInputStreamMapIntegrationLiveTest)
[TestNG] Test testPutString(org.jclouds.rackspace.cloudfiles.blobstore.integration.CloudFilesUKInputStreamMapIntegrationLiveTest) skipped.
Test suite progress: tests succeeded: 0, failed: 0, skipped: 91.
Starting test testRemove(org.jclouds.rackspace.cloudfiles.blobstore.integration.CloudFilesUKInputStreamMapIntegrationLiveTest)
[TestNG] Test testRemove(org.jclouds.rackspace.cloudfiles.blobstore.integration.CloudFilesUKInputStreamMapIntegrationLiveTest) skipped.
Test suite progress: tests succeeded: 0, failed: 0, skipped: 92.
Starting test testValues(org.jclouds.rackspace.cloudfiles.blobstore.integration.CloudFilesUKInputStreamMapIntegrationLiveTest)
[TestNG] Test testValues(org.jclouds.rackspace.cloudfiles.blobstore.integration.CloudFilesUKInputStreamMapIntegrationLiveTest) skipped.
Test suite progress: tests succeeded: 0, failed: 0, skipped: 93.
Starting test testClear(org.jclouds.rackspace.cloudfiles.blobstore.integration.CloudFilesUKInputStreamMapIntegrationLiveTest)
[TestNG] Test testClear(org.jclouds.rackspace.cloudfiles.blobstore.integration.CloudFilesUKInputStreamMapIntegrationLiveTest) skipped.
Test suite progress: tests succeeded: 0, failed: 0, skipped: 94.
Starting test testContainsKey(org.jclouds.rackspace.cloudfiles.blobstore.integration.CloudFilesUKInputStreamMapIntegrationLiveTest)
[TestNG] Test testContainsKey(org.jclouds.rackspace.cloudfiles.blobstore.integration.CloudFilesUKInputStreamMapIntegrationLiveTest) skipped.
Test suite progress: tests succeeded: 0, failed: 0, skipped: 95.
Starting test testDirectory(org.jclouds.rackspace.cloudfiles.blobstore.integration.CloudFilesUKInputStreamMapIntegrationLiveTest)
[TestNG] Test testDirectory(org.jclouds.rackspace.cloudfiles.blobstore.integration.CloudFilesUKInputStreamMapIntegrationLiveTest) skipped.
Test suite progress: tests succeeded: 0, failed: 0, skipped: 96.
Starting test testIsEmpty(org.jclouds.rackspace.cloudfiles.blobstore.integration.CloudFilesUKInputStreamMapIntegrationLiveTest)
[TestNG] Test testIsEmpty(org.jclouds.rackspace.cloudfiles.blobstore.integration.CloudFilesUKInputStreamMapIntegrationLiveTest) skipped.
Test suite progress: tests succeeded: 0, failed: 0, skipped: 97.
Starting test testKeySet(org.jclouds.rackspace.cloudfiles.blobstore.integration.CloudFilesUKInputStreamMapIntegrationLiveTest)
[TestNG] Test testKeySet(org.jclouds.rackspace.cloudfiles.blobstore.integration.CloudFilesUKInputStreamMapIntegrationLiveTest) skipped.
Test suite progress: tests succeeded: 0, failed: 0, skipped: 98.
Starting test testListContainer(org.jclouds.rackspace.cloudfiles.blobstore.integration.CloudFilesUKInputStreamMapIntegrationLiveTest)
[TestNG] Test testListContainer(org.jclouds.rackspace.cloudfiles.blobstore.integration.CloudFilesUKInputStreamMapIntegrationLiveTest) skipped.
Test suite progress: tests succeeded: 0, failed: 0, skipped: 99.
Tests run: 164, Failures: 1, Errors: 0, Skipped: 163, Time elapsed: 2.823 sec <<< FAILURE!
setUpResourcesForAllThreads(org.jclouds.rackspace.cloudfiles.blobstore.integration.CloudFilesUKInputStreamMapIntegrationLiveTest)  Time elapsed: 1.629 sec  <<< FAILURE!
java.util.NoSuchElementException: property cloudfiles-uk.identity not present in properties: [jclouds.user-threads, jclouds.max-session-failures, jclouds.relax-hostname, jclouds.max-connection-reuse, jclouds.endpoint, jclouds.scheduler-threads, jclouds.wire.httpstream.md5, jclouds.wire.httpstream.url, jclouds.build-version, jclouds.iso3166-codes, jclouds.blobstore.metaprefix, cloudfiles-uk.api-version, jclouds.so-timeout, jclouds.max-connections-per-host, jclouds.max-connections-per-context, cloudfiles-uk.endpoint, jclouds.regions, jclouds.io-worker-threads, jclouds.blobstore.httpstream.md5, jclouds.blobstore.httpstream.url, jclouds.api, jclouds.api-version, jclouds.payloads.pretty-print, jclouds.trust-all-certs, jclouds.connection-timeout, jclouds.provider, jclouds.session-interval]
	at org.jclouds.ContextBuilder.searchPropertiesForProviderScopedProperty(ContextBuilder.java:297)
	at org.jclouds.ContextBuilder.resolveProperties(ContextBuilder.java:416)
	at org.jclouds.ContextBuilder.buildInjector(ContextBuilder.java:320)
	at org.jclouds.ContextBuilder.buildView(ContextBuilder.java:622)
	at org.jclouds.apis.BaseViewLiveTest.createView(BaseViewLiveTest.java:55)
	at org.jclouds.apis.BaseViewLiveTest.initializeContext(BaseViewLiveTest.java:43)
	at org.jclouds.apis.BaseContextLiveTest.setupContext(BaseContextLiveTest.java:80)
	at org.jclouds.blobstore.integration.internal.BaseBlobStoreIntegrationTest.setUpResourcesForAllThreads(BaseBlobStoreIntegrationTest.java:101)
	at sun.reflect.NativeMethodAccessorImpl.invoke0(Native Method)
	at sun.reflect.NativeMethodAccessorImpl.invoke(NativeMethodAccessorImpl.java:57)
	at sun.reflect.DelegatingMethodAccessorImpl.invoke(DelegatingMethodAccessorImpl.java:43)
	at java.lang.reflect.Method.invoke(Method.java:601)
	at org.testng.internal.MethodInvocationHelper.invokeMethod(MethodInvocationHelper.java:80)
	at org.testng.internal.Invoker.invokeConfigurationMethod(Invoker.java:564)
	at org.testng.internal.Invoker.invokeConfigurations(Invoker.java:213)
	at org.testng.internal.Invoker.invokeConfigurations(Invoker.java:138)
	at org.testng.SuiteRunner.privateRun(SuiteRunner.java:277)
	at org.testng.SuiteRunner.run(SuiteRunner.java:240)
	at org.testng.SuiteRunnerWorker.runSuite(SuiteRunnerWorker.java:52)
	at org.testng.SuiteRunnerWorker.run(SuiteRunnerWorker.java:86)
	at org.testng.TestNG.runSuitesSequentially(TestNG.java:1198)
	at org.testng.TestNG.runSuitesLocally(TestNG.java:1123)
	at org.testng.TestNG.run(TestNG.java:1031)
	at org.apache.maven.surefire.testng.TestNGExecutor.run(TestNGExecutor.java:77)
	at org.apache.maven.surefire.testng.TestNGDirectoryTestSuite.executeMulti(TestNGDirectoryTestSuite.java:159)
	at org.apache.maven.surefire.testng.TestNGDirectoryTestSuite.execute(TestNGDirectoryTestSuite.java:99)
	at org.apache.maven.surefire.testng.TestNGProvider.invoke(TestNGProvider.java:106)
	at sun.reflect.NativeMethodAccessorImpl.invoke0(Native Method)
	at sun.reflect.NativeMethodAccessorImpl.invoke(NativeMethodAccessorImpl.java:57)
	at sun.reflect.DelegatingMethodAccessorImpl.invoke(DelegatingMethodAccessorImpl.java:43)
	at java.lang.reflect.Method.invoke(Method.java:601)
	at org.apache.maven.surefire.util.ReflectionUtils.invokeMethodWithArray(ReflectionUtils.java:189)
	at org.apache.maven.surefire.booter.ProviderFactory$ProviderProxy.invoke(ProviderFactory.java:165)
	at org.apache.maven.surefire.booter.ProviderFactory.invokeProvider(ProviderFactory.java:85)
	at org.apache.maven.surefire.booter.ForkedBooter.runSuitesInProcess(ForkedBooter.java:115)
	at org.apache.maven.surefire.booter.ForkedBooter.main(ForkedBooter.java:75)


Results :

Failed tests:   setUpResourcesForAllThreads(org.jclouds.rackspace.cloudfiles.blobstore.integration.CloudFilesUKInputStreamMapIntegrationLiveTest): property cloudfiles-uk.identity not present in properties: [jclouds.user-threads, jclouds.max-session-failures, jclouds.relax-hostname, jclouds.max-connection-reuse, jclouds.endpoint, jclouds.scheduler-threads, jclouds.wire.httpstream.md5, jclouds.wire.httpstream.url, jclouds.build-version, jclouds.iso3166-codes, jclouds.blobstore.metaprefix, cloudfiles-uk.api-version, jclouds.so-timeout, jclouds.max-connections-per-host, jclouds.max-connections-per-context, cloudfiles-uk.endpoint, jclouds.regions, jclouds.io-worker-threads, jclouds.blobstore.httpstream.md5, jclouds.blobstore.httpstream.url, jclouds.api, jclouds.api-version, jclouds.payloads.pretty-print, jclouds.trust-all-certs, jclouds.connection-timeout, jclouds.provider, jclouds.session-interval]

Tests run: 164, Failures: 1, Errors: 0, Skipped: 163

[INFO] ------------------------------------------------------------------------
[INFO] BUILD FAILURE
[INFO] ------------------------------------------------------------------------
[INFO] Total time: 16.494s
[INFO] Finished at: Mon Apr 29 23:06:06 UTC 2013
[INFO] Final Memory: 22M/192M
[INFO] ------------------------------------------------------------------------
[ERROR] Failed to execute goal org.apache.maven.plugins:maven-surefire-plugin:2.12.4:test (integration) on project cloudfiles-uk: There are test failures.
[ERROR] 
[ERROR] Please refer to /home/zack/jclouds/providers/cloudfiles-uk/target/surefire-reports for the individual test results.
[ERROR] -> [Help 1]
[ERROR] 
[ERROR] To see the full stack trace of the errors, re-run Maven with the -e switch.
[ERROR] Re-run Maven using the -X switch to enable full debug logging.
[ERROR] 
[ERROR] For more information about the errors and possible solutions, please read the following articles:
[ERROR] [Help 1] http://cwiki.apache.org/confluence/display/MAVEN/MojoFailureException
