[INFO] Scanning for projects...
[WARNING] 
[WARNING] Some problems were encountered while building the effective model for org.jclouds.provider:cloudservers-us:bundle:1.6.0-SNAPSHOT
[WARNING] 'parent.relativePath' of POM org.jclouds:jclouds-project:1.6.0-SNAPSHOT (/Users/adriancole/workspace/git/1.6.x/jclouds/project/pom.xml) points at org.jclouds:jclouds-multi instead of org.sonatype.oss:oss-parent, please verify your project structure @ org.jclouds:jclouds-project:1.6.0-SNAPSHOT, /Users/adriancole/workspace/git/1.6.x/jclouds/project/pom.xml, line 24, column 13
[WARNING] 
[WARNING] It is highly recommended to fix these problems because they threaten the stability of your build.
[WARNING] 
[WARNING] For this reason, future Maven versions might no longer support building such malformed projects.
[WARNING] 
[INFO]                                                                         
[INFO] ------------------------------------------------------------------------
[INFO] Building jclouds CloudServers US provider 1.6.0-SNAPSHOT
[INFO] ------------------------------------------------------------------------
[INFO] 
[INFO] --- maven-clean-plugin:2.4.1:clean (default-clean) @ cloudservers-us ---
[INFO] 
[INFO] --- maven-enforcer-plugin:1.1.1:enforce (enforce-maven) @ cloudservers-us ---
[INFO] 
[INFO] --- maven-enforcer-plugin:1.1.1:enforce (enforce-banned-dependencies) @ cloudservers-us ---
[INFO] 
[INFO] --- maven-enforcer-plugin:1.1.1:enforce (enforce-java) @ cloudservers-us ---
[INFO] 
[INFO] --- maven-remote-resources-plugin:1.4:process (process-remote-resources) @ cloudservers-us ---
[INFO] 
[INFO] --- maven-resources-plugin:2.6:resources (default-resources) @ cloudservers-us ---
[INFO] Using 'UTF-8' encoding to copy filtered resources.
[INFO] skip non existing resourceDirectory /Users/adriancole/workspace/git/1.6.x/jclouds/providers/cloudservers-us/src/main/clojure
[INFO] Copying 1 resource
[INFO] Copying 2 resources
[INFO] 
[INFO] --- maven-compiler-plugin:2.5.1:compile (default-compile) @ cloudservers-us ---
[INFO] Compiling 1 source file to /Users/adriancole/workspace/git/1.6.x/jclouds/providers/cloudservers-us/target/classes
[INFO] 
[INFO] --- maven-resources-plugin:2.6:testResources (default-testResources) @ cloudservers-us ---
[INFO] Using 'UTF-8' encoding to copy filtered resources.
[INFO] skip non existing resourceDirectory /Users/adriancole/workspace/git/1.6.x/jclouds/providers/cloudservers-us/src/test/clojure
[INFO] skip non existing resourceDirectory /Users/adriancole/workspace/git/1.6.x/jclouds/providers/cloudservers-us/src/test/resources
[INFO] Copying 2 resources
[INFO] 
[INFO] --- maven-compiler-plugin:2.5.1:testCompile (default-testCompile) @ cloudservers-us ---
[INFO] Compiling 4 source files to /Users/adriancole/workspace/git/1.6.x/jclouds/providers/cloudservers-us/target/test-classes
[INFO] 
[INFO] --- maven-surefire-plugin:2.12.4:test (default-test) @ cloudservers-us ---
[INFO] Surefire report directory: /Users/adriancole/workspace/git/1.6.x/jclouds/providers/cloudservers-us/target/surefire-reports

-------------------------------------------------------
 T E S T S
-------------------------------------------------------
Running org.jclouds.rackspace.cloudservers.CloudServersUSProviderTest
Configuring TestNG with: org.apache.maven.surefire.testng.conf.TestNG652Configurator@6686fe26
Starting test testAllContains(org.jclouds.rackspace.cloudservers.CloudServersUSProviderTest)
Starting test testTransformableToContains(org.jclouds.rackspace.cloudservers.CloudServersUSProviderTest)
[pool-1-thread-1] Test testAllContains(org.jclouds.rackspace.cloudservers.CloudServersUSProviderTest) succeeded: 27ms
Test suite progress: tests succeeded: 1, failed: 0, skipped: 0.
Starting test testOfApiContains(org.jclouds.rackspace.cloudservers.CloudServersUSProviderTest)
Starting test testWithId(org.jclouds.rackspace.cloudservers.CloudServersUSProviderTest)
[pool-1-thread-2] Test testOfApiContains(org.jclouds.rackspace.cloudservers.CloudServersUSProviderTest) succeeded: 6ms
Test suite progress: tests succeeded: 2, failed: 0, skipped: 0.
[pool-1-thread-4] Test testWithId(org.jclouds.rackspace.cloudservers.CloudServersUSProviderTest) succeeded: 4ms
Test suite progress: tests succeeded: 3, failed: 0, skipped: 0.
[pool-1-thread-3] Test testTransformableToContains(org.jclouds.rackspace.cloudservers.CloudServersUSProviderTest) succeeded: 17ms
Test suite progress: tests succeeded: 4, failed: 0, skipped: 0.
Tests run: 4, Failures: 0, Errors: 0, Skipped: 0, Time elapsed: 1.308 sec

Results :

Tests run: 4, Failures: 0, Errors: 0, Skipped: 0

[INFO] 
[INFO] --- maven-bundle-plugin:2.3.7:bundle (default-bundle) @ cloudservers-us ---
[INFO] 
[INFO] --- maven-jar-plugin:2.4:test-jar (default) @ cloudservers-us ---
[INFO] Building jar: /Users/adriancole/workspace/git/1.6.x/jclouds/providers/cloudservers-us/target/cloudservers-us-1.6.0-SNAPSHOT-tests.jar
[INFO] 
[INFO] --- maven-surefire-plugin:2.12.4:test (integration) @ cloudservers-us ---
[INFO] Surefire report directory: /Users/adriancole/workspace/git/1.6.x/jclouds/providers/cloudservers-us/target/surefire-reports

-------------------------------------------------------
 T E S T S
-------------------------------------------------------
Running TestSuite
Configuring TestNG with: org.apache.maven.surefire.testng.conf.TestNG652Configurator@56406199
Starting test testCompareSizes(org.jclouds.rackspace.cloudservers.compute.CloudServersUSTemplateBuilderLiveTest)
smallest {id=1, providerId=1, name=256 server, processors=[{cores=1.0, speed=1.0}], ram=256, volumes=[{type=LOCAL, size=10.0, bootDevice=true, durable=true}], hypervisor=xen, supportsImage=ALWAYS_TRUE}
fastest {id=8, providerId=8, name=30GB server, processors=[{cores=120.0, speed=1.0}], ram=30720, volumes=[{type=LOCAL, size=1200.0, bootDevice=true, durable=true}], hypervisor=xen, supportsImage=ALWAYS_TRUE}
biggest {id=8, providerId=8, name=30GB server, processors=[{cores=120.0, speed=1.0}], ram=30720, volumes=[{type=LOCAL, size=1200.0, bootDevice=true, durable=true}], hypervisor=xen, supportsImage=ALWAYS_TRUE}
[TestNG] Test testCompareSizes(org.jclouds.rackspace.cloudservers.compute.CloudServersUSTemplateBuilderLiveTest) succeeded: 3587ms
Test suite progress: tests succeeded: 1, failed: 0, skipped: 0.
Starting test testDefaultTemplateBuilder(org.jclouds.rackspace.cloudservers.compute.CloudServersUSTemplateBuilderLiveTest)
[TestNG] Test testDefaultTemplateBuilder(org.jclouds.rackspace.cloudservers.compute.CloudServersUSTemplateBuilderLiveTest) succeeded: 3ms
Test suite progress: tests succeeded: 2, failed: 0, skipped: 0.
Starting test testFromTemplate(org.jclouds.rackspace.cloudservers.compute.CloudServersUSTemplateBuilderLiveTest)
[TestNG] Test testFromTemplate(org.jclouds.rackspace.cloudservers.compute.CloudServersUSTemplateBuilderLiveTest) succeeded: 15ms
Test suite progress: tests succeeded: 3, failed: 0, skipped: 0.
Starting test testGetAssignableLocations(org.jclouds.rackspace.cloudservers.compute.CloudServersUSTemplateBuilderLiveTest)
[TestNG] Test testGetAssignableLocations(org.jclouds.rackspace.cloudservers.compute.CloudServersUSTemplateBuilderLiveTest) succeeded: 1ms
Test suite progress: tests succeeded: 4, failed: 0, skipped: 0.
Starting test testTemplateBuilderCanFind(org.jclouds.rackspace.cloudservers.compute.CloudServersUSTemplateBuilderLiveTest)
[TestNG] Test testTemplateBuilderCanFind(org.jclouds.rackspace.cloudservers.compute.CloudServersUSTemplateBuilderLiveTest) succeeded: 3ms
Test suite progress: tests succeeded: 5, failed: 0, skipped: 0.
Starting test testTemplateBuilderCanFind(org.jclouds.rackspace.cloudservers.compute.CloudServersUSTemplateBuilderLiveTest)
[TestNG] Test testTemplateBuilderCanFind(org.jclouds.rackspace.cloudservers.compute.CloudServersUSTemplateBuilderLiveTest) succeeded: 1ms
Test suite progress: tests succeeded: 6, failed: 0, skipped: 0.
Starting test testTemplateBuilderCanFind(org.jclouds.rackspace.cloudservers.compute.CloudServersUSTemplateBuilderLiveTest)
[TestNG] Test testTemplateBuilderCanFind(org.jclouds.rackspace.cloudservers.compute.CloudServersUSTemplateBuilderLiveTest) succeeded: 3ms
Test suite progress: tests succeeded: 7, failed: 0, skipped: 0.
Starting test testTemplateBuilderCanFind(org.jclouds.rackspace.cloudservers.compute.CloudServersUSTemplateBuilderLiveTest)
[TestNG] Test testTemplateBuilderCanFind(org.jclouds.rackspace.cloudservers.compute.CloudServersUSTemplateBuilderLiveTest) succeeded: 3ms
Test suite progress: tests succeeded: 8, failed: 0, skipped: 0.
Starting test testTemplateBuilderCanFind(org.jclouds.rackspace.cloudservers.compute.CloudServersUSTemplateBuilderLiveTest)
[TestNG] Test testTemplateBuilderCanFind(org.jclouds.rackspace.cloudservers.compute.CloudServersUSTemplateBuilderLiveTest) succeeded: 2ms
Test suite progress: tests succeeded: 9, failed: 0, skipped: 0.
Starting test testTemplateBuilderCanFind(org.jclouds.rackspace.cloudservers.compute.CloudServersUSTemplateBuilderLiveTest)
[TestNG] Test testTemplateBuilderCanFind(org.jclouds.rackspace.cloudservers.compute.CloudServersUSTemplateBuilderLiveTest) succeeded: 3ms
Test suite progress: tests succeeded: 10, failed: 0, skipped: 0.
Starting test testTemplateBuilderCanFind(org.jclouds.rackspace.cloudservers.compute.CloudServersUSTemplateBuilderLiveTest)
[TestNG] Test testTemplateBuilderCanFind(org.jclouds.rackspace.cloudservers.compute.CloudServersUSTemplateBuilderLiveTest) succeeded: 1ms
Test suite progress: tests succeeded: 11, failed: 0, skipped: 0.
Starting test testTemplateBuilderCanFind(org.jclouds.rackspace.cloudservers.compute.CloudServersUSTemplateBuilderLiveTest)
[TestNG] Test testTemplateBuilderCanFind(org.jclouds.rackspace.cloudservers.compute.CloudServersUSTemplateBuilderLiveTest) succeeded: 15ms
Test suite progress: tests succeeded: 12, failed: 0, skipped: 0.
Starting test testTemplateBuilderCanFind(org.jclouds.rackspace.cloudservers.compute.CloudServersUSTemplateBuilderLiveTest)
[TestNG] Test testTemplateBuilderCanFind(org.jclouds.rackspace.cloudservers.compute.CloudServersUSTemplateBuilderLiveTest) succeeded: 3ms
Test suite progress: tests succeeded: 13, failed: 0, skipped: 0.
Starting test testTemplateBuilderCanFind(org.jclouds.rackspace.cloudservers.compute.CloudServersUSTemplateBuilderLiveTest)
[TestNG] Test testTemplateBuilderCanFind(org.jclouds.rackspace.cloudservers.compute.CloudServersUSTemplateBuilderLiveTest) succeeded: 2ms
Test suite progress: tests succeeded: 14, failed: 0, skipped: 0.
Starting test testTemplateBuilderCanFind(org.jclouds.rackspace.cloudservers.compute.CloudServersUSTemplateBuilderLiveTest)
[TestNG] Test testTemplateBuilderCanFind(org.jclouds.rackspace.cloudservers.compute.CloudServersUSTemplateBuilderLiveTest) succeeded: 1ms
Test suite progress: tests succeeded: 15, failed: 0, skipped: 0.
Starting test testTemplateBuilderCanFind(org.jclouds.rackspace.cloudservers.compute.CloudServersUSTemplateBuilderLiveTest)
[TestNG] Test testTemplateBuilderCanFind(org.jclouds.rackspace.cloudservers.compute.CloudServersUSTemplateBuilderLiveTest) succeeded: 2ms
Test suite progress: tests succeeded: 16, failed: 0, skipped: 0.
Starting test testTemplateBuilderCanFind(org.jclouds.rackspace.cloudservers.compute.CloudServersUSTemplateBuilderLiveTest)
[TestNG] Test testTemplateBuilderCanFind(org.jclouds.rackspace.cloudservers.compute.CloudServersUSTemplateBuilderLiveTest) succeeded: 1ms
Test suite progress: tests succeeded: 17, failed: 0, skipped: 0.
Starting test testTemplateBuilderCanFind(org.jclouds.rackspace.cloudservers.compute.CloudServersUSTemplateBuilderLiveTest)
[TestNG] Test testTemplateBuilderCanFind(org.jclouds.rackspace.cloudservers.compute.CloudServersUSTemplateBuilderLiveTest) succeeded: 1ms
Test suite progress: tests succeeded: 18, failed: 0, skipped: 0.
Starting test testTemplateBuilderCanFind(org.jclouds.rackspace.cloudservers.compute.CloudServersUSTemplateBuilderLiveTest)
[TestNG] Test testTemplateBuilderCanFind(org.jclouds.rackspace.cloudservers.compute.CloudServersUSTemplateBuilderLiveTest) succeeded: 2ms
Test suite progress: tests succeeded: 19, failed: 0, skipped: 0.
Starting test testTemplateBuilderCanFind(org.jclouds.rackspace.cloudservers.compute.CloudServersUSTemplateBuilderLiveTest)
[TestNG] Test testTemplateBuilderCanFind(org.jclouds.rackspace.cloudservers.compute.CloudServersUSTemplateBuilderLiveTest) succeeded: 19ms
Test suite progress: tests succeeded: 20, failed: 0, skipped: 0.
Starting test testTemplateBuilderCanUseImageId(org.jclouds.rackspace.cloudservers.compute.CloudServersUSTemplateBuilderLiveTest)
[TestNG] Test testTemplateBuilderCanUseImageId(org.jclouds.rackspace.cloudservers.compute.CloudServersUSTemplateBuilderLiveTest) succeeded: 1860ms
Test suite progress: tests succeeded: 21, failed: 0, skipped: 0.
Starting test testTemplateBuilderCannotFind(org.jclouds.rackspace.cloudservers.compute.CloudServersUSTemplateBuilderLiveTest)
[TestNG] Test testTemplateBuilderCannotFind(org.jclouds.rackspace.cloudservers.compute.CloudServersUSTemplateBuilderLiveTest) succeeded: 4ms
Test suite progress: tests succeeded: 22, failed: 0, skipped: 0.
Starting test testTemplateBuilderCannotFind(org.jclouds.rackspace.cloudservers.compute.CloudServersUSTemplateBuilderLiveTest)
[TestNG] Test testTemplateBuilderCannotFind(org.jclouds.rackspace.cloudservers.compute.CloudServersUSTemplateBuilderLiveTest) succeeded: 1ms
Test suite progress: tests succeeded: 23, failed: 0, skipped: 0.
Starting test testTemplateBuilderCannotFind(org.jclouds.rackspace.cloudservers.compute.CloudServersUSTemplateBuilderLiveTest)
[TestNG] Test testTemplateBuilderCannotFind(org.jclouds.rackspace.cloudservers.compute.CloudServersUSTemplateBuilderLiveTest) succeeded: 14ms
Test suite progress: tests succeeded: 24, failed: 0, skipped: 0.
Starting test testTemplateBuilderCannotFind(org.jclouds.rackspace.cloudservers.compute.CloudServersUSTemplateBuilderLiveTest)
[TestNG] Test testTemplateBuilderCannotFind(org.jclouds.rackspace.cloudservers.compute.CloudServersUSTemplateBuilderLiveTest) succeeded: 1ms
Test suite progress: tests succeeded: 25, failed: 0, skipped: 0.
Starting test testTemplateBuilderCannotFind(org.jclouds.rackspace.cloudservers.compute.CloudServersUSTemplateBuilderLiveTest)
[TestNG] Test testTemplateBuilderCannotFind(org.jclouds.rackspace.cloudservers.compute.CloudServersUSTemplateBuilderLiveTest) succeeded: 1ms
Test suite progress: tests succeeded: 26, failed: 0, skipped: 0.
Starting test testTemplateBuilderCannotFind(org.jclouds.rackspace.cloudservers.compute.CloudServersUSTemplateBuilderLiveTest)
[TestNG] Test testTemplateBuilderCannotFind(org.jclouds.rackspace.cloudservers.compute.CloudServersUSTemplateBuilderLiveTest) succeeded: 1ms
Test suite progress: tests succeeded: 27, failed: 0, skipped: 0.
Starting test testTemplateBuilderCannotFind(org.jclouds.rackspace.cloudservers.compute.CloudServersUSTemplateBuilderLiveTest)
[TestNG] Test testTemplateBuilderCannotFind(org.jclouds.rackspace.cloudservers.compute.CloudServersUSTemplateBuilderLiveTest) succeeded: 1ms
Test suite progress: tests succeeded: 28, failed: 0, skipped: 0.
Starting test testTemplateBuilderCannotFind(org.jclouds.rackspace.cloudservers.compute.CloudServersUSTemplateBuilderLiveTest)
[TestNG] Test testTemplateBuilderCannotFind(org.jclouds.rackspace.cloudservers.compute.CloudServersUSTemplateBuilderLiveTest) succeeded: 1ms
Test suite progress: tests succeeded: 29, failed: 0, skipped: 0.
Starting test testTemplateBuilderCannotFind(org.jclouds.rackspace.cloudservers.compute.CloudServersUSTemplateBuilderLiveTest)
[TestNG] Test testTemplateBuilderCannotFind(org.jclouds.rackspace.cloudservers.compute.CloudServersUSTemplateBuilderLiveTest) succeeded: 0ms
Test suite progress: tests succeeded: 30, failed: 0, skipped: 0.
Starting test testTemplateBuilderCannotFind(org.jclouds.rackspace.cloudservers.compute.CloudServersUSTemplateBuilderLiveTest)
[TestNG] Test testTemplateBuilderCannotFind(org.jclouds.rackspace.cloudservers.compute.CloudServersUSTemplateBuilderLiveTest) succeeded: 1ms
Test suite progress: tests succeeded: 31, failed: 0, skipped: 0.
Starting test testTemplateBuilderCannotFind(org.jclouds.rackspace.cloudservers.compute.CloudServersUSTemplateBuilderLiveTest)
[TestNG] Test testTemplateBuilderCannotFind(org.jclouds.rackspace.cloudservers.compute.CloudServersUSTemplateBuilderLiveTest) succeeded: 1ms
Test suite progress: tests succeeded: 32, failed: 0, skipped: 0.
Starting test testTemplateBuilderCannotFind(org.jclouds.rackspace.cloudservers.compute.CloudServersUSTemplateBuilderLiveTest)
[TestNG] Test testTemplateBuilderCannotFind(org.jclouds.rackspace.cloudservers.compute.CloudServersUSTemplateBuilderLiveTest) succeeded: 1ms
Test suite progress: tests succeeded: 33, failed: 0, skipped: 0.
Starting test testTemplateBuilderCannotFind(org.jclouds.rackspace.cloudservers.compute.CloudServersUSTemplateBuilderLiveTest)
[TestNG] Test testTemplateBuilderCannotFind(org.jclouds.rackspace.cloudservers.compute.CloudServersUSTemplateBuilderLiveTest) succeeded: 0ms
Test suite progress: tests succeeded: 34, failed: 0, skipped: 0.
Starting test testTemplateBuilderCannotFind(org.jclouds.rackspace.cloudservers.compute.CloudServersUSTemplateBuilderLiveTest)
[TestNG] Test testTemplateBuilderCannotFind(org.jclouds.rackspace.cloudservers.compute.CloudServersUSTemplateBuilderLiveTest) succeeded: 1ms
Test suite progress: tests succeeded: 35, failed: 0, skipped: 0.
Starting test testTemplateBuilderCannotFind(org.jclouds.rackspace.cloudservers.compute.CloudServersUSTemplateBuilderLiveTest)
[TestNG] Test testTemplateBuilderCannotFind(org.jclouds.rackspace.cloudservers.compute.CloudServersUSTemplateBuilderLiveTest) succeeded: 2ms
Test suite progress: tests succeeded: 36, failed: 0, skipped: 0.
Starting test testTemplateBuilderCannotFind(org.jclouds.rackspace.cloudservers.compute.CloudServersUSTemplateBuilderLiveTest)
[TestNG] Test testTemplateBuilderCannotFind(org.jclouds.rackspace.cloudservers.compute.CloudServersUSTemplateBuilderLiveTest) succeeded: 1ms
Test suite progress: tests succeeded: 37, failed: 0, skipped: 0.
Starting test testTemplateBuilderCannotFind(org.jclouds.rackspace.cloudservers.compute.CloudServersUSTemplateBuilderLiveTest)
[TestNG] Test testTemplateBuilderCannotFind(org.jclouds.rackspace.cloudservers.compute.CloudServersUSTemplateBuilderLiveTest) succeeded: 2ms
Test suite progress: tests succeeded: 38, failed: 0, skipped: 0.
Starting test testTemplateBuilderCannotFind(org.jclouds.rackspace.cloudservers.compute.CloudServersUSTemplateBuilderLiveTest)
[TestNG] Test testTemplateBuilderCannotFind(org.jclouds.rackspace.cloudservers.compute.CloudServersUSTemplateBuilderLiveTest) succeeded: 0ms
Test suite progress: tests succeeded: 39, failed: 0, skipped: 0.
Starting test testTemplateBuilderCannotFind(org.jclouds.rackspace.cloudservers.compute.CloudServersUSTemplateBuilderLiveTest)
[TestNG] Test testTemplateBuilderCannotFind(org.jclouds.rackspace.cloudservers.compute.CloudServersUSTemplateBuilderLiveTest) succeeded: 0ms
Test suite progress: tests succeeded: 40, failed: 0, skipped: 0.
Starting test testTemplateBuilderCannotFind(org.jclouds.rackspace.cloudservers.compute.CloudServersUSTemplateBuilderLiveTest)
[TestNG] Test testTemplateBuilderCannotFind(org.jclouds.rackspace.cloudservers.compute.CloudServersUSTemplateBuilderLiveTest) succeeded: 1ms
Test suite progress: tests succeeded: 41, failed: 0, skipped: 0.
Starting test testTemplateBuilderCannotFind(org.jclouds.rackspace.cloudservers.compute.CloudServersUSTemplateBuilderLiveTest)
[TestNG] Test testTemplateBuilderCannotFind(org.jclouds.rackspace.cloudservers.compute.CloudServersUSTemplateBuilderLiveTest) succeeded: 1ms
Test suite progress: tests succeeded: 42, failed: 0, skipped: 0.
Starting test testTemplateBuilderCannotFind(org.jclouds.rackspace.cloudservers.compute.CloudServersUSTemplateBuilderLiveTest)
[TestNG] Test testTemplateBuilderCannotFind(org.jclouds.rackspace.cloudservers.compute.CloudServersUSTemplateBuilderLiveTest) succeeded: 2ms
Test suite progress: tests succeeded: 43, failed: 0, skipped: 0.
Starting test testTemplateBuilderCannotFind(org.jclouds.rackspace.cloudservers.compute.CloudServersUSTemplateBuilderLiveTest)
[TestNG] Test testTemplateBuilderCannotFind(org.jclouds.rackspace.cloudservers.compute.CloudServersUSTemplateBuilderLiveTest) succeeded: 1ms
Test suite progress: tests succeeded: 44, failed: 0, skipped: 0.
Starting test testTemplateBuilderCannotFind(org.jclouds.rackspace.cloudservers.compute.CloudServersUSTemplateBuilderLiveTest)
[TestNG] Test testTemplateBuilderCannotFind(org.jclouds.rackspace.cloudservers.compute.CloudServersUSTemplateBuilderLiveTest) succeeded: 1ms
Test suite progress: tests succeeded: 45, failed: 0, skipped: 0.
Starting test testTemplateBuilderCannotFind(org.jclouds.rackspace.cloudservers.compute.CloudServersUSTemplateBuilderLiveTest)
[TestNG] Test testTemplateBuilderCannotFind(org.jclouds.rackspace.cloudservers.compute.CloudServersUSTemplateBuilderLiveTest) succeeded: 1ms
Test suite progress: tests succeeded: 46, failed: 0, skipped: 0.
Starting test testTemplateBuilderCannotFind(org.jclouds.rackspace.cloudservers.compute.CloudServersUSTemplateBuilderLiveTest)
[TestNG] Test testTemplateBuilderCannotFind(org.jclouds.rackspace.cloudservers.compute.CloudServersUSTemplateBuilderLiveTest) succeeded: 4ms
Test suite progress: tests succeeded: 47, failed: 0, skipped: 0.
Starting test testTemplateBuilderCannotFind(org.jclouds.rackspace.cloudservers.compute.CloudServersUSTemplateBuilderLiveTest)
[TestNG] Test testTemplateBuilderCannotFind(org.jclouds.rackspace.cloudservers.compute.CloudServersUSTemplateBuilderLiveTest) succeeded: 23ms
Test suite progress: tests succeeded: 48, failed: 0, skipped: 0.
Starting test testTemplateBuilderCannotFind(org.jclouds.rackspace.cloudservers.compute.CloudServersUSTemplateBuilderLiveTest)
[TestNG] Test testTemplateBuilderCannotFind(org.jclouds.rackspace.cloudservers.compute.CloudServersUSTemplateBuilderLiveTest) succeeded: 1ms
Test suite progress: tests succeeded: 49, failed: 0, skipped: 0.
Starting test testTemplateBuilderCannotFind(org.jclouds.rackspace.cloudservers.compute.CloudServersUSTemplateBuilderLiveTest)
[TestNG] Test testTemplateBuilderCannotFind(org.jclouds.rackspace.cloudservers.compute.CloudServersUSTemplateBuilderLiveTest) succeeded: 1ms
Test suite progress: tests succeeded: 50, failed: 0, skipped: 0.
Starting test testTemplateBuilderCannotFind(org.jclouds.rackspace.cloudservers.compute.CloudServersUSTemplateBuilderLiveTest)
[TestNG] Test testTemplateBuilderCannotFind(org.jclouds.rackspace.cloudservers.compute.CloudServersUSTemplateBuilderLiveTest) succeeded: 1ms
Test suite progress: tests succeeded: 51, failed: 0, skipped: 0.
Starting test testTemplateBuilderCannotFind(org.jclouds.rackspace.cloudservers.compute.CloudServersUSTemplateBuilderLiveTest)
[TestNG] Test testTemplateBuilderCannotFind(org.jclouds.rackspace.cloudservers.compute.CloudServersUSTemplateBuilderLiveTest) succeeded: 0ms
Test suite progress: tests succeeded: 52, failed: 0, skipped: 0.
Starting test testTemplateBuilderCannotFind(org.jclouds.rackspace.cloudservers.compute.CloudServersUSTemplateBuilderLiveTest)
[TestNG] Test testTemplateBuilderCannotFind(org.jclouds.rackspace.cloudservers.compute.CloudServersUSTemplateBuilderLiveTest) succeeded: 0ms
Test suite progress: tests succeeded: 53, failed: 0, skipped: 0.
Starting test testTemplateBuilderCannotFind(org.jclouds.rackspace.cloudservers.compute.CloudServersUSTemplateBuilderLiveTest)
[TestNG] Test testTemplateBuilderCannotFind(org.jclouds.rackspace.cloudservers.compute.CloudServersUSTemplateBuilderLiveTest) succeeded: 1ms
Test suite progress: tests succeeded: 54, failed: 0, skipped: 0.
Starting test testTemplateBuilderCannotFind(org.jclouds.rackspace.cloudservers.compute.CloudServersUSTemplateBuilderLiveTest)
[TestNG] Test testTemplateBuilderCannotFind(org.jclouds.rackspace.cloudservers.compute.CloudServersUSTemplateBuilderLiveTest) succeeded: 1ms
Test suite progress: tests succeeded: 55, failed: 0, skipped: 0.
Starting test testTemplateBuilderCannotFind(org.jclouds.rackspace.cloudservers.compute.CloudServersUSTemplateBuilderLiveTest)
[TestNG] Test testTemplateBuilderCannotFind(org.jclouds.rackspace.cloudservers.compute.CloudServersUSTemplateBuilderLiveTest) succeeded: 1ms
Test suite progress: tests succeeded: 56, failed: 0, skipped: 0.
Starting test testTemplateBuilderCannotFind(org.jclouds.rackspace.cloudservers.compute.CloudServersUSTemplateBuilderLiveTest)
[TestNG] Test testTemplateBuilderCannotFind(org.jclouds.rackspace.cloudservers.compute.CloudServersUSTemplateBuilderLiveTest) succeeded: 1ms
Test suite progress: tests succeeded: 57, failed: 0, skipped: 0.
Starting test testTemplateBuilderCannotFind(org.jclouds.rackspace.cloudservers.compute.CloudServersUSTemplateBuilderLiveTest)
[TestNG] Test testTemplateBuilderCannotFind(org.jclouds.rackspace.cloudservers.compute.CloudServersUSTemplateBuilderLiveTest) succeeded: 0ms
Test suite progress: tests succeeded: 58, failed: 0, skipped: 0.
Starting test testTemplateBuilderCannotFind(org.jclouds.rackspace.cloudservers.compute.CloudServersUSTemplateBuilderLiveTest)
[TestNG] Test testTemplateBuilderCannotFind(org.jclouds.rackspace.cloudservers.compute.CloudServersUSTemplateBuilderLiveTest) succeeded: 1ms
Test suite progress: tests succeeded: 59, failed: 0, skipped: 0.
Starting test testTemplateBuilderCannotFind(org.jclouds.rackspace.cloudservers.compute.CloudServersUSTemplateBuilderLiveTest)
[TestNG] Test testTemplateBuilderCannotFind(org.jclouds.rackspace.cloudservers.compute.CloudServersUSTemplateBuilderLiveTest) succeeded: 2ms
Test suite progress: tests succeeded: 60, failed: 0, skipped: 0.
Starting test testTemplateBuilderCannotFind(org.jclouds.rackspace.cloudservers.compute.CloudServersUSTemplateBuilderLiveTest)
[TestNG] Test testTemplateBuilderCannotFind(org.jclouds.rackspace.cloudservers.compute.CloudServersUSTemplateBuilderLiveTest) succeeded: 1ms
Test suite progress: tests succeeded: 61, failed: 0, skipped: 0.
Starting test testTemplateBuilderCannotFind(org.jclouds.rackspace.cloudservers.compute.CloudServersUSTemplateBuilderLiveTest)
[TestNG] Test testTemplateBuilderCannotFind(org.jclouds.rackspace.cloudservers.compute.CloudServersUSTemplateBuilderLiveTest) succeeded: 1ms
Test suite progress: tests succeeded: 62, failed: 0, skipped: 0.
Starting test testTemplateBuilderCannotFind(org.jclouds.rackspace.cloudservers.compute.CloudServersUSTemplateBuilderLiveTest)
[TestNG] Test testTemplateBuilderCannotFind(org.jclouds.rackspace.cloudservers.compute.CloudServersUSTemplateBuilderLiveTest) succeeded: 3ms
Test suite progress: tests succeeded: 63, failed: 0, skipped: 0.
Starting test testTemplateBuilderCannotFind(org.jclouds.rackspace.cloudservers.compute.CloudServersUSTemplateBuilderLiveTest)
[TestNG] Test testTemplateBuilderCannotFind(org.jclouds.rackspace.cloudservers.compute.CloudServersUSTemplateBuilderLiveTest) succeeded: 1ms
Test suite progress: tests succeeded: 64, failed: 0, skipped: 0.
Starting test testTemplateBuilderCannotFind(org.jclouds.rackspace.cloudservers.compute.CloudServersUSTemplateBuilderLiveTest)
[TestNG] Test testTemplateBuilderCannotFind(org.jclouds.rackspace.cloudservers.compute.CloudServersUSTemplateBuilderLiveTest) succeeded: 1ms
Test suite progress: tests succeeded: 65, failed: 0, skipped: 0.
Starting test testTemplateBuilderCannotFind(org.jclouds.rackspace.cloudservers.compute.CloudServersUSTemplateBuilderLiveTest)
[TestNG] Test testTemplateBuilderCannotFind(org.jclouds.rackspace.cloudservers.compute.CloudServersUSTemplateBuilderLiveTest) succeeded: 1ms
Test suite progress: tests succeeded: 66, failed: 0, skipped: 0.
Starting test testTemplateBuilderCannotFind(org.jclouds.rackspace.cloudservers.compute.CloudServersUSTemplateBuilderLiveTest)
[TestNG] Test testTemplateBuilderCannotFind(org.jclouds.rackspace.cloudservers.compute.CloudServersUSTemplateBuilderLiveTest) succeeded: 1ms
Test suite progress: tests succeeded: 67, failed: 0, skipped: 0.
Starting test testTemplateBuilderCannotFind(org.jclouds.rackspace.cloudservers.compute.CloudServersUSTemplateBuilderLiveTest)
[TestNG] Test testTemplateBuilderCannotFind(org.jclouds.rackspace.cloudservers.compute.CloudServersUSTemplateBuilderLiveTest) succeeded: 1ms
Test suite progress: tests succeeded: 68, failed: 0, skipped: 0.
Starting test testTemplateBuilderCannotFind(org.jclouds.rackspace.cloudservers.compute.CloudServersUSTemplateBuilderLiveTest)
[TestNG] Test testTemplateBuilderCannotFind(org.jclouds.rackspace.cloudservers.compute.CloudServersUSTemplateBuilderLiveTest) succeeded: 1ms
Test suite progress: tests succeeded: 69, failed: 0, skipped: 0.
Starting test testTemplateBuilderCannotFind(org.jclouds.rackspace.cloudservers.compute.CloudServersUSTemplateBuilderLiveTest)
[TestNG] Test testTemplateBuilderCannotFind(org.jclouds.rackspace.cloudservers.compute.CloudServersUSTemplateBuilderLiveTest) succeeded: 0ms
Test suite progress: tests succeeded: 70, failed: 0, skipped: 0.
Starting test testTemplateBuilderCannotFind(org.jclouds.rackspace.cloudservers.compute.CloudServersUSTemplateBuilderLiveTest)
[TestNG] Test testTemplateBuilderCannotFind(org.jclouds.rackspace.cloudservers.compute.CloudServersUSTemplateBuilderLiveTest) succeeded: 1ms
Test suite progress: tests succeeded: 71, failed: 0, skipped: 0.
Starting test testTemplateBuilderCannotFind(org.jclouds.rackspace.cloudservers.compute.CloudServersUSTemplateBuilderLiveTest)
[TestNG] Test testTemplateBuilderCannotFind(org.jclouds.rackspace.cloudservers.compute.CloudServersUSTemplateBuilderLiveTest) succeeded: 1ms
Test suite progress: tests succeeded: 72, failed: 0, skipped: 0.
Starting test testTemplateBuilderCannotFind(org.jclouds.rackspace.cloudservers.compute.CloudServersUSTemplateBuilderLiveTest)
[TestNG] Test testTemplateBuilderCannotFind(org.jclouds.rackspace.cloudservers.compute.CloudServersUSTemplateBuilderLiveTest) succeeded: 1ms
Test suite progress: tests succeeded: 73, failed: 0, skipped: 0.
Starting test testTemplateBuilderCannotFind(org.jclouds.rackspace.cloudservers.compute.CloudServersUSTemplateBuilderLiveTest)
[TestNG] Test testTemplateBuilderCannotFind(org.jclouds.rackspace.cloudservers.compute.CloudServersUSTemplateBuilderLiveTest) succeeded: 0ms
Test suite progress: tests succeeded: 74, failed: 0, skipped: 0.
Starting test testTemplateBuilderCannotFind(org.jclouds.rackspace.cloudservers.compute.CloudServersUSTemplateBuilderLiveTest)
[TestNG] Test testTemplateBuilderCannotFind(org.jclouds.rackspace.cloudservers.compute.CloudServersUSTemplateBuilderLiveTest) succeeded: 0ms
Test suite progress: tests succeeded: 75, failed: 0, skipped: 0.
Starting test testTemplateBuilderCannotFind(org.jclouds.rackspace.cloudservers.compute.CloudServersUSTemplateBuilderLiveTest)
[TestNG] Test testTemplateBuilderCannotFind(org.jclouds.rackspace.cloudservers.compute.CloudServersUSTemplateBuilderLiveTest) succeeded: 1ms
Test suite progress: tests succeeded: 76, failed: 0, skipped: 0.
Starting test testTemplateBuilderCannotFind(org.jclouds.rackspace.cloudservers.compute.CloudServersUSTemplateBuilderLiveTest)
[TestNG] Test testTemplateBuilderCannotFind(org.jclouds.rackspace.cloudservers.compute.CloudServersUSTemplateBuilderLiveTest) succeeded: 1ms
Test suite progress: tests succeeded: 77, failed: 0, skipped: 0.
Starting test testTemplateBuilderCannotFind(org.jclouds.rackspace.cloudservers.compute.CloudServersUSTemplateBuilderLiveTest)
[TestNG] Test testTemplateBuilderCannotFind(org.jclouds.rackspace.cloudservers.compute.CloudServersUSTemplateBuilderLiveTest) succeeded: 0ms
Test suite progress: tests succeeded: 78, failed: 0, skipped: 0.
Starting test testTemplateBuilderCannotFind(org.jclouds.rackspace.cloudservers.compute.CloudServersUSTemplateBuilderLiveTest)
[TestNG] Test testTemplateBuilderCannotFind(org.jclouds.rackspace.cloudservers.compute.CloudServersUSTemplateBuilderLiveTest) succeeded: 0ms
Test suite progress: tests succeeded: 79, failed: 0, skipped: 0.
Starting test testTemplateBuilderCannotFind(org.jclouds.rackspace.cloudservers.compute.CloudServersUSTemplateBuilderLiveTest)
[TestNG] Test testTemplateBuilderCannotFind(org.jclouds.rackspace.cloudservers.compute.CloudServersUSTemplateBuilderLiveTest) succeeded: 1ms
Test suite progress: tests succeeded: 80, failed: 0, skipped: 0.
Starting test testTemplateBuilderCannotFind(org.jclouds.rackspace.cloudservers.compute.CloudServersUSTemplateBuilderLiveTest)
[TestNG] Test testTemplateBuilderCannotFind(org.jclouds.rackspace.cloudservers.compute.CloudServersUSTemplateBuilderLiveTest) succeeded: 1ms
Test suite progress: tests succeeded: 81, failed: 0, skipped: 0.
Starting test testTemplateBuilderCannotFind(org.jclouds.rackspace.cloudservers.compute.CloudServersUSTemplateBuilderLiveTest)
[TestNG] Test testTemplateBuilderCannotFind(org.jclouds.rackspace.cloudservers.compute.CloudServersUSTemplateBuilderLiveTest) succeeded: 1ms
Test suite progress: tests succeeded: 82, failed: 0, skipped: 0.
Starting test testTemplateBuilderCannotFind(org.jclouds.rackspace.cloudservers.compute.CloudServersUSTemplateBuilderLiveTest)
[TestNG] Test testTemplateBuilderCannotFind(org.jclouds.rackspace.cloudservers.compute.CloudServersUSTemplateBuilderLiveTest) succeeded: 1ms
Test suite progress: tests succeeded: 83, failed: 0, skipped: 0.
Starting test testTemplateBuilderCannotFind(org.jclouds.rackspace.cloudservers.compute.CloudServersUSTemplateBuilderLiveTest)
[TestNG] Test testTemplateBuilderCannotFind(org.jclouds.rackspace.cloudservers.compute.CloudServersUSTemplateBuilderLiveTest) succeeded: 1ms
Test suite progress: tests succeeded: 84, failed: 0, skipped: 0.
Starting test testTemplateBuilderCannotFind(org.jclouds.rackspace.cloudservers.compute.CloudServersUSTemplateBuilderLiveTest)
[TestNG] Test testTemplateBuilderCannotFind(org.jclouds.rackspace.cloudservers.compute.CloudServersUSTemplateBuilderLiveTest) succeeded: 10ms
Test suite progress: tests succeeded: 85, failed: 0, skipped: 0.
Starting test testTemplateBuilderCannotFind(org.jclouds.rackspace.cloudservers.compute.CloudServersUSTemplateBuilderLiveTest)
[TestNG] Test testTemplateBuilderCannotFind(org.jclouds.rackspace.cloudservers.compute.CloudServersUSTemplateBuilderLiveTest) succeeded: 1ms
Test suite progress: tests succeeded: 86, failed: 0, skipped: 0.
Starting test testTemplateBuilderCannotFind(org.jclouds.rackspace.cloudservers.compute.CloudServersUSTemplateBuilderLiveTest)
[TestNG] Test testTemplateBuilderCannotFind(org.jclouds.rackspace.cloudservers.compute.CloudServersUSTemplateBuilderLiveTest) succeeded: 2ms
Test suite progress: tests succeeded: 87, failed: 0, skipped: 0.
Starting test testTemplateBuilderCannotFind(org.jclouds.rackspace.cloudservers.compute.CloudServersUSTemplateBuilderLiveTest)
[TestNG] Test testTemplateBuilderCannotFind(org.jclouds.rackspace.cloudservers.compute.CloudServersUSTemplateBuilderLiveTest) succeeded: 1ms
Test suite progress: tests succeeded: 88, failed: 0, skipped: 0.
Starting test testTemplateBuilderCannotFind(org.jclouds.rackspace.cloudservers.compute.CloudServersUSTemplateBuilderLiveTest)
[TestNG] Test testTemplateBuilderCannotFind(org.jclouds.rackspace.cloudservers.compute.CloudServersUSTemplateBuilderLiveTest) succeeded: 3ms
Test suite progress: tests succeeded: 89, failed: 0, skipped: 0.
Starting test testTemplateBuilderWithImageIdSpecified(org.jclouds.rackspace.cloudservers.compute.CloudServersUSTemplateBuilderLiveTest)
[TestNG] Test testTemplateBuilderWithImageIdSpecified(org.jclouds.rackspace.cloudservers.compute.CloudServersUSTemplateBuilderLiveTest) succeeded: 3876ms
Test suite progress: tests succeeded: 90, failed: 0, skipped: 0.
Starting test testTemplateBuilderWithLoginUserSpecified(org.jclouds.rackspace.cloudservers.compute.CloudServersUSTemplateBuilderLiveTest)
[TestNG] Test testTemplateBuilderWithLoginUserSpecified(org.jclouds.rackspace.cloudservers.compute.CloudServersUSTemplateBuilderLiveTest) succeeded: 3580ms
Test suite progress: tests succeeded: 91, failed: 0, skipped: 0.
Starting test testTemplateBuilder(org.jclouds.rackspace.cloudservers.compute.CloudServersUSTemplateBuilderLiveTest)
[TestNG] Test testTemplateBuilder(org.jclouds.rackspace.cloudservers.compute.CloudServersUSTemplateBuilderLiveTest) succeeded: 2ms
Test suite progress: tests succeeded: 92, failed: 0, skipped: 0.
Starting test testCreateServer(org.jclouds.rackspace.cloudservers.CloudServersUSClientLiveTest)
blocking on status active
Server{id=21431447, name=adriancole.cscreateserver-744743473, metadata={jclouds=rackspace}, addresses=Addresses{publicAddresses=[173.203.98.112], privateAddresses=[10.179.34.71]}, adminPass=null, flavorId=1, hostId=866c8d98f1c83f2a154a1c9c72ccb626, imageId=14362, sharedIpGroupId=null, progress=0, status=BUILD}
blocking on status active
Server{id=21431447, name=adriancole.cscreateserver-744743473, metadata={jclouds=rackspace}, addresses=Addresses{publicAddresses=[173.203.98.112], privateAddresses=[10.179.34.71]}, adminPass=null, flavorId=1, hostId=866c8d98f1c83f2a154a1c9c72ccb626, imageId=14362, sharedIpGroupId=null, progress=0, status=BUILD}
blocking on status active
Server{id=21431447, name=adriancole.cscreateserver-744743473, metadata={jclouds=rackspace}, addresses=Addresses{publicAddresses=[173.203.98.112], privateAddresses=[10.179.34.71]}, adminPass=null, flavorId=1, hostId=866c8d98f1c83f2a154a1c9c72ccb626, imageId=14362, sharedIpGroupId=null, progress=0, status=BUILD}
blocking on status active
Server{id=21431447, name=adriancole.cscreateserver-744743473, metadata={jclouds=rackspace}, addresses=Addresses{publicAddresses=[173.203.98.112], privateAddresses=[10.179.34.71]}, adminPass=null, flavorId=1, hostId=866c8d98f1c83f2a154a1c9c72ccb626, imageId=14362, sharedIpGroupId=null, progress=0, status=BUILD}
blocking on status active
Server{id=21431447, name=adriancole.cscreateserver-744743473, metadata={jclouds=rackspace}, addresses=Addresses{publicAddresses=[173.203.98.112], privateAddresses=[10.179.34.71]}, adminPass=null, flavorId=1, hostId=866c8d98f1c83f2a154a1c9c72ccb626, imageId=14362, sharedIpGroupId=null, progress=0, status=BUILD}
blocking on status active
Server{id=21431447, name=adriancole.cscreateserver-744743473, metadata={jclouds=rackspace}, addresses=Addresses{publicAddresses=[173.203.98.112], privateAddresses=[10.179.34.71]}, adminPass=null, flavorId=1, hostId=866c8d98f1c83f2a154a1c9c72ccb626, imageId=14362, sharedIpGroupId=null, progress=100, status=BUILD}
blocking on status active
Server{id=21431447, name=adriancole.cscreateserver-744743473, metadata={jclouds=rackspace}, addresses=Addresses{publicAddresses=[173.203.98.112], privateAddresses=[10.179.34.71]}, adminPass=null, flavorId=1, hostId=866c8d98f1c83f2a154a1c9c72ccb626, imageId=14362, sharedIpGroupId=null, progress=100, status=BUILD}
blocking on status active
Server{id=21431447, name=adriancole.cscreateserver-744743473, metadata={jclouds=rackspace}, addresses=Addresses{publicAddresses=[173.203.98.112], privateAddresses=[10.179.34.71]}, adminPass=null, flavorId=1, hostId=866c8d98f1c83f2a154a1c9c72ccb626, imageId=14362, sharedIpGroupId=null, progress=100, status=BUILD}
[TestNG] Test testCreateServer(org.jclouds.rackspace.cloudservers.CloudServersUSClientLiveTest) succeeded: 58654ms
Test suite progress: tests succeeded: 93, failed: 0, skipped: 0.
Starting test testGetFlavorDetailsNotFound(org.jclouds.rackspace.cloudservers.CloudServersUSClientLiveTest)
[TestNG] Test testGetFlavorDetailsNotFound(org.jclouds.rackspace.cloudservers.CloudServersUSClientLiveTest) succeeded: 420ms
Test suite progress: tests succeeded: 94, failed: 0, skipped: 0.
Starting test testGetFlavorsDetail(org.jclouds.rackspace.cloudservers.CloudServersUSClientLiveTest)
[TestNG] Test testGetFlavorsDetail(org.jclouds.rackspace.cloudservers.CloudServersUSClientLiveTest) succeeded: 3715ms
Test suite progress: tests succeeded: 95, failed: 0, skipped: 0.
Starting test testGetImageDetailsNotFound(org.jclouds.rackspace.cloudservers.CloudServersUSClientLiveTest)
[TestNG] Test testGetImageDetailsNotFound(org.jclouds.rackspace.cloudservers.CloudServersUSClientLiveTest) succeeded: 417ms
Test suite progress: tests succeeded: 96, failed: 0, skipped: 0.
Starting test testGetImagesDetail(org.jclouds.rackspace.cloudservers.CloudServersUSClientLiveTest)
[TestNG] Test testGetImagesDetail(org.jclouds.rackspace.cloudservers.CloudServersUSClientLiveTest) failed.
Test suite progress: tests succeeded: 96, failed: 1, skipped: 0.
Starting test testGetServerDetailsNotFound(org.jclouds.rackspace.cloudservers.CloudServersUSClientLiveTest)
[TestNG] Test testGetServerDetailsNotFound(org.jclouds.rackspace.cloudservers.CloudServersUSClientLiveTest) succeeded: 379ms
Test suite progress: tests succeeded: 97, failed: 1, skipped: 0.
Starting test testGetServersDetail(org.jclouds.rackspace.cloudservers.CloudServersUSClientLiveTest)
[TestNG] Test testGetServersDetail(org.jclouds.rackspace.cloudservers.CloudServersUSClientLiveTest) succeeded: 1705ms
Test suite progress: tests succeeded: 98, failed: 1, skipped: 0.
Starting test testGetSharedIpGroupDetailsNotFound(org.jclouds.rackspace.cloudservers.CloudServersUSClientLiveTest)
[TestNG] Test testGetSharedIpGroupDetailsNotFound(org.jclouds.rackspace.cloudservers.CloudServersUSClientLiveTest) succeeded: 379ms
Test suite progress: tests succeeded: 99, failed: 1, skipped: 0.
Starting test testGetSharedIpGroupsDetail(org.jclouds.rackspace.cloudservers.CloudServersUSClientLiveTest)
[TestNG] Test testGetSharedIpGroupsDetail(org.jclouds.rackspace.cloudservers.CloudServersUSClientLiveTest) succeeded: 13879ms
Test suite progress: tests succeeded: 100, failed: 1, skipped: 0.
Starting test testLimits(org.jclouds.rackspace.cloudservers.CloudServersUSClientLiveTest)
[TestNG] Test testLimits(org.jclouds.rackspace.cloudservers.CloudServersUSClientLiveTest) failed.
Test suite progress: tests succeeded: 100, failed: 2, skipped: 0.
Starting test testListFlavors(org.jclouds.rackspace.cloudservers.CloudServersUSClientLiveTest)
[TestNG] Test testListFlavors(org.jclouds.rackspace.cloudservers.CloudServersUSClientLiveTest) succeeded: 427ms
Test suite progress: tests succeeded: 101, failed: 2, skipped: 0.
Starting test testListFlavorsDetail(org.jclouds.rackspace.cloudservers.CloudServersUSClientLiveTest)
[TestNG] Test testListFlavorsDetail(org.jclouds.rackspace.cloudservers.CloudServersUSClientLiveTest) succeeded: 609ms
Test suite progress: tests succeeded: 102, failed: 2, skipped: 0.
Starting test testListImages(org.jclouds.rackspace.cloudservers.CloudServersUSClientLiveTest)
[TestNG] Test testListImages(org.jclouds.rackspace.cloudservers.CloudServersUSClientLiveTest) succeeded: 847ms
Test suite progress: tests succeeded: 103, failed: 2, skipped: 0.
Starting test testListImagesDetail(org.jclouds.rackspace.cloudservers.CloudServersUSClientLiveTest)
[TestNG] Test testListImagesDetail(org.jclouds.rackspace.cloudservers.CloudServersUSClientLiveTest) succeeded: 895ms
Test suite progress: tests succeeded: 104, failed: 2, skipped: 0.
Starting test testListServers(org.jclouds.rackspace.cloudservers.CloudServersUSClientLiveTest)
[TestNG] Test testListServers(org.jclouds.rackspace.cloudservers.CloudServersUSClientLiveTest) succeeded: 723ms
Test suite progress: tests succeeded: 105, failed: 2, skipped: 0.
Starting test testListServersDetail(org.jclouds.rackspace.cloudservers.CloudServersUSClientLiveTest)
[TestNG] Test testListServersDetail(org.jclouds.rackspace.cloudservers.CloudServersUSClientLiveTest) succeeded: 752ms
Test suite progress: tests succeeded: 106, failed: 2, skipped: 0.
Starting test testListSharedIpGroups(org.jclouds.rackspace.cloudservers.CloudServersUSClientLiveTest)
[TestNG] Test testListSharedIpGroups(org.jclouds.rackspace.cloudservers.CloudServersUSClientLiveTest) succeeded: 989ms
Test suite progress: tests succeeded: 107, failed: 2, skipped: 0.
Starting test testListSharedIpGroupsDetail(org.jclouds.rackspace.cloudservers.CloudServersUSClientLiveTest)
[TestNG] Test testListSharedIpGroupsDetail(org.jclouds.rackspace.cloudservers.CloudServersUSClientLiveTest) failed.
Test suite progress: tests succeeded: 107, failed: 3, skipped: 0.
Starting test testChangePassword(org.jclouds.rackspace.cloudservers.CloudServersUSClientLiveTest)
blocking on status active
Server{id=21431447, name=adriancole.cscreateserver-744743473, metadata={jclouds=rackspace}, addresses=Addresses{publicAddresses=[173.203.98.112], privateAddresses=[10.179.34.71]}, adminPass=null, flavorId=1, hostId=866c8d98f1c83f2a154a1c9c72ccb626, imageId=14362, sharedIpGroupId=null, progress=100, status=PASSWORD}
blocking on status active
Server{id=21431447, name=adriancole.cscreateserver-744743473, metadata={jclouds=rackspace}, addresses=Addresses{publicAddresses=[173.203.98.112], privateAddresses=[10.179.34.71]}, adminPass=null, flavorId=1, hostId=866c8d98f1c83f2a154a1c9c72ccb626, imageId=14362, sharedIpGroupId=null, progress=100, status=PASSWORD}
[TestNG] Test testChangePassword(org.jclouds.rackspace.cloudservers.CloudServersUSClientLiveTest) succeeded: 22821ms
Test suite progress: tests succeeded: 108, failed: 3, skipped: 0.
Starting test testCreateSharedIpGroup(org.jclouds.rackspace.cloudservers.CloudServersUSClientLiveTest)
[TestNG] Test testCreateSharedIpGroup(org.jclouds.rackspace.cloudservers.CloudServersUSClientLiveTest) failed.
Test suite progress: tests succeeded: 108, failed: 4, skipped: 0.
Starting test testRenameServer(org.jclouds.rackspace.cloudservers.CloudServersUSClientLiveTest)
[TestNG] Test testRenameServer(org.jclouds.rackspace.cloudservers.CloudServersUSClientLiveTest) succeeded: 7412ms
Test suite progress: tests succeeded: 109, failed: 4, skipped: 0.
Starting test testServerDetails(org.jclouds.rackspace.cloudservers.CloudServersUSClientLiveTest)
[TestNG] Test testServerDetails(org.jclouds.rackspace.cloudservers.CloudServersUSClientLiveTest) succeeded: 5258ms
Test suite progress: tests succeeded: 110, failed: 4, skipped: 0.
[TestNG] Test testCreateServerIp(org.jclouds.rackspace.cloudservers.CloudServersUSClientLiveTest) skipped.
Test suite progress: tests succeeded: 110, failed: 4, skipped: 1.
[TestNG] Test testUnshare(org.jclouds.rackspace.cloudservers.CloudServersUSClientLiveTest) skipped.
Test suite progress: tests succeeded: 110, failed: 4, skipped: 2.
[TestNG] Test testShareConfig(org.jclouds.rackspace.cloudservers.CloudServersUSClientLiveTest) skipped.
Test suite progress: tests succeeded: 110, failed: 4, skipped: 3.
[TestNG] Test testShareNoConfig(org.jclouds.rackspace.cloudservers.CloudServersUSClientLiveTest) skipped.
Test suite progress: tests succeeded: 110, failed: 4, skipped: 4.
[TestNG] Test testBackup(org.jclouds.rackspace.cloudservers.CloudServersUSClientLiveTest) skipped.
Test suite progress: tests succeeded: 110, failed: 4, skipped: 5.
[TestNG] Test testCreateImage(org.jclouds.rackspace.cloudservers.CloudServersUSClientLiveTest) skipped.
Test suite progress: tests succeeded: 110, failed: 4, skipped: 6.
[TestNG] Test testRebuildServer(org.jclouds.rackspace.cloudservers.CloudServersUSClientLiveTest) skipped.
Test suite progress: tests succeeded: 110, failed: 4, skipped: 7.
[TestNG] Test testRebootHard(org.jclouds.rackspace.cloudservers.CloudServersUSClientLiveTest) skipped.
Test suite progress: tests succeeded: 110, failed: 4, skipped: 8.
[TestNG] Test testRebootSoft(org.jclouds.rackspace.cloudservers.CloudServersUSClientLiveTest) skipped.
Test suite progress: tests succeeded: 110, failed: 4, skipped: 9.
[TestNG] Test testConfirmResize(org.jclouds.rackspace.cloudservers.CloudServersUSClientLiveTest) skipped.
Test suite progress: tests succeeded: 110, failed: 4, skipped: 10.
[TestNG] Test testRevertResize(org.jclouds.rackspace.cloudservers.CloudServersUSClientLiveTest) skipped.
Test suite progress: tests succeeded: 110, failed: 4, skipped: 11.
[TestNG] Test deleteServer2(org.jclouds.rackspace.cloudservers.CloudServersUSClientLiveTest) skipped.
Test suite progress: tests succeeded: 110, failed: 4, skipped: 12.
[TestNG] Test testDeleteImage(org.jclouds.rackspace.cloudservers.CloudServersUSClientLiveTest) skipped.
Test suite progress: tests succeeded: 110, failed: 4, skipped: 13.
[TestNG] Test deleteServer1(org.jclouds.rackspace.cloudservers.CloudServersUSClientLiveTest) skipped.
Test suite progress: tests succeeded: 110, failed: 4, skipped: 14.
[TestNG] Test testDeleteSharedIpGroup(org.jclouds.rackspace.cloudservers.CloudServersUSClientLiveTest) skipped.
Test suite progress: tests succeeded: 110, failed: 4, skipped: 15.
Starting test setServiceDefaults(org.jclouds.rackspace.cloudservers.compute.CloudServersUSComputeServiceLiveTest)
[TestNG] Test setServiceDefaults(org.jclouds.rackspace.cloudservers.compute.CloudServersUSComputeServiceLiveTest) succeeded: 0ms
Test suite progress: tests succeeded: 111, failed: 4, skipped: 15.
Starting test testCompareSizes(org.jclouds.rackspace.cloudservers.compute.CloudServersUSComputeServiceLiveTest)
[TestNG] Test testCompareSizes(org.jclouds.rackspace.cloudservers.compute.CloudServersUSComputeServiceLiveTest) succeeded: 2321ms
Test suite progress: tests succeeded: 112, failed: 4, skipped: 15.
Starting test testCorrectExceptionRunningNodesNotFound(org.jclouds.rackspace.cloudservers.compute.CloudServersUSComputeServiceLiveTest)
[TestNG] Test testCorrectExceptionRunningNodesNotFound(org.jclouds.rackspace.cloudservers.compute.CloudServersUSComputeServiceLiveTest) succeeded: 1107ms
Test suite progress: tests succeeded: 113, failed: 4, skipped: 15.
Starting test testGetAssignableLocations(org.jclouds.rackspace.cloudservers.compute.CloudServersUSComputeServiceLiveTest)
[TestNG] Test testGetAssignableLocations(org.jclouds.rackspace.cloudservers.compute.CloudServersUSComputeServiceLiveTest) succeeded: 1ms
Test suite progress: tests succeeded: 114, failed: 4, skipped: 15.
Starting test testImageById(org.jclouds.rackspace.cloudservers.compute.CloudServersUSComputeServiceLiveTest)
[TestNG] Test testImageById(org.jclouds.rackspace.cloudservers.compute.CloudServersUSComputeServiceLiveTest) succeeded: 642ms
Test suite progress: tests succeeded: 115, failed: 4, skipped: 15.
Starting test testImagesCache(org.jclouds.rackspace.cloudservers.compute.CloudServersUSComputeServiceLiveTest)
[TestNG] Test testImagesCache(org.jclouds.rackspace.cloudservers.compute.CloudServersUSComputeServiceLiveTest) succeeded: 0ms
Test suite progress: tests succeeded: 116, failed: 4, skipped: 15.
Starting test testListImages(org.jclouds.rackspace.cloudservers.compute.CloudServersUSComputeServiceLiveTest)
[TestNG] Test testListImages(org.jclouds.rackspace.cloudservers.compute.CloudServersUSComputeServiceLiveTest) succeeded: 0ms
Test suite progress: tests succeeded: 117, failed: 4, skipped: 15.
Starting test testListSizes(org.jclouds.rackspace.cloudservers.compute.CloudServersUSComputeServiceLiveTest)
[TestNG] Test testListSizes(org.jclouds.rackspace.cloudservers.compute.CloudServersUSComputeServiceLiveTest) succeeded: 0ms
Test suite progress: tests succeeded: 118, failed: 4, skipped: 15.
Starting test testOptionToNotBlock(org.jclouds.rackspace.cloudservers.compute.CloudServersUSComputeServiceLiveTest)
[TestNG] Test testOptionToNotBlock(org.jclouds.rackspace.cloudservers.compute.CloudServersUSComputeServiceLiveTest) succeeded: 45590ms
Test suite progress: tests succeeded: 119, failed: 4, skipped: 15.
Starting test testCreateAndRunAService(org.jclouds.rackspace.cloudservers.compute.CloudServersUSComputeServiceLiveTest)
[TestNG] Test testCreateAndRunAService(org.jclouds.rackspace.cloudservers.compute.CloudServersUSComputeServiceLiveTest) succeeded: 435475ms
Test suite progress: tests succeeded: 120, failed: 4, skipped: 15.
Starting test testCorrectAuthException(org.jclouds.rackspace.cloudservers.compute.CloudServersUSComputeServiceLiveTest)
[TestNG] Test testCorrectAuthException(org.jclouds.rackspace.cloudservers.compute.CloudServersUSComputeServiceLiveTest) succeeded: 405ms
Test suite progress: tests succeeded: 121, failed: 4, skipped: 15.
Starting test testAScriptExecutionAfterBootWithBasicTemplate(org.jclouds.rackspace.cloudservers.compute.CloudServersUSComputeServiceLiveTest)
[TestNG] Test testAScriptExecutionAfterBootWithBasicTemplate(org.jclouds.rackspace.cloudservers.compute.CloudServersUSComputeServiceLiveTest) succeeded: 406139ms
Test suite progress: tests succeeded: 122, failed: 4, skipped: 15.
Starting test testConcurrentUseOfComputeServiceToCreateNodes(org.jclouds.rackspace.cloudservers.compute.CloudServersUSComputeServiceLiveTest)
[TestNG] Test testConcurrentUseOfComputeServiceToCreateNodes(org.jclouds.rackspace.cloudservers.compute.CloudServersUSComputeServiceLiveTest) succeeded: 263580ms
Test suite progress: tests succeeded: 123, failed: 4, skipped: 15.
Starting test testTemplateMatch(org.jclouds.rackspace.cloudservers.compute.CloudServersUSComputeServiceLiveTest)
[TestNG] Test testTemplateMatch(org.jclouds.rackspace.cloudservers.compute.CloudServersUSComputeServiceLiveTest) succeeded: 3ms
Test suite progress: tests succeeded: 124, failed: 4, skipped: 15.
Starting test testCreateTwoNodesWithRunScript(org.jclouds.rackspace.cloudservers.compute.CloudServersUSComputeServiceLiveTest)
[TestNG] Test testCreateTwoNodesWithRunScript(org.jclouds.rackspace.cloudservers.compute.CloudServersUSComputeServiceLiveTest) succeeded: 375050ms
Test suite progress: tests succeeded: 125, failed: 4, skipped: 15.
Starting test testCreateAnotherNodeWithANewContextToEnsureSharedMemIsntRequired(org.jclouds.rackspace.cloudservers.compute.CloudServersUSComputeServiceLiveTest)
[TestNG] Test testCreateAnotherNodeWithANewContextToEnsureSharedMemIsntRequired(org.jclouds.rackspace.cloudservers.compute.CloudServersUSComputeServiceLiveTest) succeeded: 360711ms
Test suite progress: tests succeeded: 126, failed: 4, skipped: 15.
Starting test testCredentialsCache(org.jclouds.rackspace.cloudservers.compute.CloudServersUSComputeServiceLiveTest)
[TestNG] Test testCredentialsCache(org.jclouds.rackspace.cloudservers.compute.CloudServersUSComputeServiceLiveTest) succeeded: 254ms
Test suite progress: tests succeeded: 127, failed: 4, skipped: 15.
Starting test testGet(org.jclouds.rackspace.cloudservers.compute.CloudServersUSComputeServiceLiveTest)
[TestNG] Test testGet(org.jclouds.rackspace.cloudservers.compute.CloudServersUSComputeServiceLiveTest) succeeded: 5783ms
Test suite progress: tests succeeded: 128, failed: 4, skipped: 15.
Starting test testReboot(org.jclouds.rackspace.cloudservers.compute.CloudServersUSComputeServiceLiveTest)
[TestNG] Test testReboot(org.jclouds.rackspace.cloudservers.compute.CloudServersUSComputeServiceLiveTest) succeeded: 97803ms
Test suite progress: tests succeeded: 129, failed: 4, skipped: 15.
Starting test testSuspendResume(org.jclouds.rackspace.cloudservers.compute.CloudServersUSComputeServiceLiveTest)
[TestNG] Test testSuspendResume(org.jclouds.rackspace.cloudservers.compute.CloudServersUSComputeServiceLiveTest) succeeded: 2290ms
Test suite progress: tests succeeded: 130, failed: 4, skipped: 15.
Starting test testGetNodesWithDetails(org.jclouds.rackspace.cloudservers.compute.CloudServersUSComputeServiceLiveTest)
[TestNG] Test testGetNodesWithDetails(org.jclouds.rackspace.cloudservers.compute.CloudServersUSComputeServiceLiveTest) succeeded: 1050ms
Test suite progress: tests succeeded: 131, failed: 4, skipped: 15.
Starting test testListNodes(org.jclouds.rackspace.cloudservers.compute.CloudServersUSComputeServiceLiveTest)
[TestNG] Test testListNodes(org.jclouds.rackspace.cloudservers.compute.CloudServersUSComputeServiceLiveTest) succeeded: 1123ms
Test suite progress: tests succeeded: 132, failed: 4, skipped: 15.
Starting test testDestroyNodes(org.jclouds.rackspace.cloudservers.compute.CloudServersUSComputeServiceLiveTest)
[TestNG] Test testDestroyNodes(org.jclouds.rackspace.cloudservers.compute.CloudServersUSComputeServiceLiveTest) succeeded: 8443ms
Test suite progress: tests succeeded: 133, failed: 4, skipped: 15.
Tests run: 152, Failures: 4, Errors: 0, Skipped: 15, Time elapsed: 2,153.049 sec <<< FAILURE!
testGetImagesDetail(org.jclouds.rackspace.cloudservers.CloudServersUSClientLiveTest)  Time elapsed: 1.368 sec  <<< FAILURE!
java.lang.AssertionError: expected [Image{created=Wed Aug 17 03:11:30 PDT 2011, id=118, name=CentOS 6.0, progress=null, serverId=null, status=ACTIVE, updated=Wed Aug 17 03:11:30 PDT 2011}] but found [Image{created=null, id=118, name=CentOS 6.0, progress=null, serverId=null, status=ACTIVE, updated=Wed Aug 17 03:11:30 PDT 2011}]
	at org.testng.Assert.fail(Assert.java:94)
	at org.testng.Assert.failNotEquals(Assert.java:494)
	at org.testng.Assert.assertEquals(Assert.java:123)
	at org.testng.Assert.assertEquals(Assert.java:165)
	at org.jclouds.cloudservers.CloudServersClientLiveTest.testGetImagesDetail(CloudServersClientLiveTest.java:152)
	at sun.reflect.NativeMethodAccessorImpl.invoke0(Native Method)
	at sun.reflect.NativeMethodAccessorImpl.invoke(NativeMethodAccessorImpl.java:39)
	at sun.reflect.DelegatingMethodAccessorImpl.invoke(DelegatingMethodAccessorImpl.java:25)
	at java.lang.reflect.Method.invoke(Method.java:597)
	at org.testng.internal.MethodInvocationHelper.invokeMethod(MethodInvocationHelper.java:80)
	at org.testng.internal.Invoker.invokeMethod(Invoker.java:714)
	at org.testng.internal.Invoker.invokeTestMethod(Invoker.java:901)
	at org.testng.internal.Invoker.invokeTestMethods(Invoker.java:1231)
	at org.testng.internal.TestMethodWorker.invokeTestMethods(TestMethodWorker.java:127)
	at org.testng.internal.TestMethodWorker.run(TestMethodWorker.java:111)
	at org.testng.TestRunner.privateRun(TestRunner.java:767)
	at org.testng.TestRunner.run(TestRunner.java:617)
	at org.testng.SuiteRunner.runTest(SuiteRunner.java:334)
	at org.testng.SuiteRunner.access$000(SuiteRunner.java:37)
	at org.testng.SuiteRunner$SuiteWorker.run(SuiteRunner.java:368)
	at org.testng.internal.thread.ThreadUtil$2.call(ThreadUtil.java:64)
	at java.util.concurrent.FutureTask$Sync.innerRun(FutureTask.java:303)
	at java.util.concurrent.FutureTask.run(FutureTask.java:138)
	at java.util.concurrent.ThreadPoolExecutor$Worker.runTask(ThreadPoolExecutor.java:895)
	at java.util.concurrent.ThreadPoolExecutor$Worker.run(ThreadPoolExecutor.java:918)
	at java.lang.Thread.run(Thread.java:680)

testLimits(org.jclouds.rackspace.cloudservers.CloudServersUSClientLiveTest)  Time elapsed: 0.607 sec  <<< FAILURE!
org.jclouds.http.HttpResponseException: Error parsing input
{statusCode=200, message=OK, headers={Age=[0], Last-Modified=[Sat, 09 Mar 2013 18:27:57 GMT], Connection=[keep-alive], vary=[Accept, Accept-Encoding, X-Auth-Token], Server=[Apache-Coyote/1.1], Cache-Control=[s-maxage=1800], X-Varnish=[1109082680], Date=[Sat, 09 Mar 2013 18:27:57 GMT], X-PURGE-KEY=[/413274/limits], Via=[1.1 varnish]}, payload=[content=true, contentMetadata=[contentDisposition=null, contentEncoding=null, contentLanguage=null, contentLength=675, contentMD5=null, contentType=application/json, expires=null], written=false]}
	at org.jclouds.http.functions.ParseJson.apply(ParseJson.java:71)
	at org.jclouds.http.functions.UnwrapOnlyJsonValue.apply(UnwrapOnlyJsonValue.java:46)
	at org.jclouds.http.functions.UnwrapOnlyJsonValue.apply(UnwrapOnlyJsonValue.java:34)
	at org.jclouds.rest.internal.InvokeHttpMethod.invoke(InvokeHttpMethod.java:131)
	at org.jclouds.rest.internal.InvokeHttpMethod.apply(InvokeHttpMethod.java:97)
	at org.jclouds.rest.internal.InvokeHttpMethod.apply(InvokeHttpMethod.java:59)
	at org.jclouds.rest.internal.DelegatesToInvocationFunction.handle(DelegatesToInvocationFunction.java:137)
	at org.jclouds.rest.internal.DelegatesToInvocationFunction.invoke(DelegatesToInvocationFunction.java:125)
	at com.sun.proxy.$Proxy63.getLimits(Unknown Source)
	at org.jclouds.cloudservers.CloudServersClientLiveTest.testLimits(CloudServersClientLiveTest.java:99)
	at sun.reflect.NativeMethodAccessorImpl.invoke0(Native Method)
	at sun.reflect.NativeMethodAccessorImpl.invoke(NativeMethodAccessorImpl.java:39)
	at sun.reflect.DelegatingMethodAccessorImpl.invoke(DelegatingMethodAccessorImpl.java:25)
	at java.lang.reflect.Method.invoke(Method.java:597)
	at org.testng.internal.MethodInvocationHelper.invokeMethod(MethodInvocationHelper.java:80)
	at org.testng.internal.Invoker.invokeMethod(Invoker.java:714)
	at org.testng.internal.Invoker.invokeTestMethod(Invoker.java:901)
	at org.testng.internal.Invoker.invokeTestMethods(Invoker.java:1231)
	at org.testng.internal.TestMethodWorker.invokeTestMethods(TestMethodWorker.java:127)
	at org.testng.internal.TestMethodWorker.run(TestMethodWorker.java:111)
	at org.testng.TestRunner.privateRun(TestRunner.java:767)
	at org.testng.TestRunner.run(TestRunner.java:617)
	at org.testng.SuiteRunner.runTest(SuiteRunner.java:334)
	at org.testng.SuiteRunner.access$000(SuiteRunner.java:37)
	at org.testng.SuiteRunner$SuiteWorker.run(SuiteRunner.java:368)
	at org.testng.internal.thread.ThreadUtil$2.call(ThreadUtil.java:64)
	at java.util.concurrent.FutureTask$Sync.innerRun(FutureTask.java:303)
	at java.util.concurrent.FutureTask.run(FutureTask.java:138)
	at java.util.concurrent.ThreadPoolExecutor$Worker.runTask(ThreadPoolExecutor.java:895)
	at java.util.concurrent.ThreadPoolExecutor$Worker.run(ThreadPoolExecutor.java:918)
	at java.lang.Thread.run(Thread.java:680)
Caused by: java.lang.NullPointerException: uri
	at com.google.common.base.Preconditions.checkNotNull(Preconditions.java:208)
	at org.jclouds.cloudservers.domain.RateLimit.<init>(RateLimit.java:159)
	at sun.reflect.NativeConstructorAccessorImpl.newInstance0(Native Method)
	at sun.reflect.NativeConstructorAccessorImpl.newInstance(NativeConstructorAccessorImpl.java:39)
	at sun.reflect.DelegatingConstructorAccessorImpl.newInstance(DelegatingConstructorAccessorImpl.java:27)
	at java.lang.reflect.Constructor.newInstance(Constructor.java:513)
	at com.google.common.reflect.Invokable$ConstructorInvokable.invokeInternal(Invokable.java:243)
	at com.google.common.reflect.Invokable.invoke(Invokable.java:102)
	at org.jclouds.json.internal.DeserializationConstructorAndReflectiveTypeAdapterFactory$DeserializeIntoParameterizedConstructor.newInstance(DeserializationConstructorAndReflectiveTypeAdapterFactory.java:214)
	at org.jclouds.json.internal.DeserializationConstructorAndReflectiveTypeAdapterFactory$DeserializeIntoParameterizedConstructor.read(DeserializationConstructorAndReflectiveTypeAdapterFactory.java:194)
	at org.jclouds.json.internal.NullFilteringTypeAdapterFactories$IterableTypeAdapterFactory$IterableTypeAdapter.readAndBuild(NullFilteringTypeAdapterFactories.java:120)
	at org.jclouds.json.internal.NullFilteringTypeAdapterFactories$SetTypeAdapterFactory$SetTypeAdapter.read(NullFilteringTypeAdapterFactories.java:223)
	at org.jclouds.json.internal.NullFilteringTypeAdapterFactories$SetTypeAdapterFactory$SetTypeAdapter.read(NullFilteringTypeAdapterFactories.java:209)
	at org.jclouds.json.internal.DeserializationConstructorAndReflectiveTypeAdapterFactory$ParameterReader.read(DeserializationConstructorAndReflectiveTypeAdapterFactory.java:262)
	at org.jclouds.json.internal.DeserializationConstructorAndReflectiveTypeAdapterFactory$DeserializeIntoParameterizedConstructor.read(DeserializationConstructorAndReflectiveTypeAdapterFactory.java:176)
	at org.jclouds.json.internal.NullFilteringTypeAdapterFactories$MapTypeAdapterFactory$MapTypeAdapter.read(NullFilteringTypeAdapterFactories.java:355)
	at org.jclouds.json.internal.NullFilteringTypeAdapterFactories$MapTypeAdapterFactory$MapTypeAdapter.read(NullFilteringTypeAdapterFactories.java:325)
	at com.google.gson.Gson.fromJson(Gson.java:795)
	at com.google.gson.Gson.fromJson(Gson.java:761)
	at com.google.gson.Gson.fromJson(Gson.java:710)
	at org.jclouds.json.internal.GsonWrapper.fromJson(GsonWrapper.java:47)
	at org.jclouds.http.functions.ParseJson.apply(ParseJson.java:86)
	at org.jclouds.http.functions.ParseJson.apply(ParseJson.java:80)
	at org.jclouds.http.functions.ParseJson.apply(ParseJson.java:66)
	... 30 more
Caused by: java.lang.NullPointerException: uri
	at com.google.common.base.Preconditions.checkNotNull(Preconditions.java:208)
	at org.jclouds.cloudservers.domain.RateLimit.<init>(RateLimit.java:159)
	at sun.reflect.NativeConstructorAccessorImpl.newInstance0(Native Method)
	at sun.reflect.NativeConstructorAccessorImpl.newInstance(NativeConstructorAccessorImpl.java:39)
	at sun.reflect.DelegatingConstructorAccessorImpl.newInstance(DelegatingConstructorAccessorImpl.java:27)
	at java.lang.reflect.Constructor.newInstance(Constructor.java:513)
	at com.google.common.reflect.Invokable$ConstructorInvokable.invokeInternal(Invokable.java:243)
	at com.google.common.reflect.Invokable.invoke(Invokable.java:102)
	at org.jclouds.json.internal.DeserializationConstructorAndReflectiveTypeAdapterFactory$DeserializeIntoParameterizedConstructor.newInstance(DeserializationConstructorAndReflectiveTypeAdapterFactory.java:214)
	at org.jclouds.json.internal.DeserializationConstructorAndReflectiveTypeAdapterFactory$DeserializeIntoParameterizedConstructor.read(DeserializationConstructorAndReflectiveTypeAdapterFactory.java:194)
	at org.jclouds.json.internal.NullFilteringTypeAdapterFactories$IterableTypeAdapterFactory$IterableTypeAdapter.readAndBuild(NullFilteringTypeAdapterFactories.java:120)
	at org.jclouds.json.internal.NullFilteringTypeAdapterFactories$SetTypeAdapterFactory$SetTypeAdapter.read(NullFilteringTypeAdapterFactories.java:223)
	at org.jclouds.json.internal.NullFilteringTypeAdapterFactories$SetTypeAdapterFactory$SetTypeAdapter.read(NullFilteringTypeAdapterFactories.java:209)
	at org.jclouds.json.internal.DeserializationConstructorAndReflectiveTypeAdapterFactory$ParameterReader.read(DeserializationConstructorAndReflectiveTypeAdapterFactory.java:262)
	at org.jclouds.json.internal.DeserializationConstructorAndReflectiveTypeAdapterFactory$DeserializeIntoParameterizedConstructor.read(DeserializationConstructorAndReflectiveTypeAdapterFactory.java:176)
	at org.jclouds.json.internal.NullFilteringTypeAdapterFactories$MapTypeAdapterFactory$MapTypeAdapter.read(NullFilteringTypeAdapterFactories.java:355)
	at org.jclouds.json.internal.NullFilteringTypeAdapterFactories$MapTypeAdapterFactory$MapTypeAdapter.read(NullFilteringTypeAdapterFactories.java:325)
	at com.google.gson.Gson.fromJson(Gson.java:795)
	at com.google.gson.Gson.fromJson(Gson.java:761)
	at com.google.gson.Gson.fromJson(Gson.java:710)
	at org.jclouds.json.internal.GsonWrapper.fromJson(GsonWrapper.java:47)
	at org.jclouds.http.functions.ParseJson.apply(ParseJson.java:86)
	at org.jclouds.http.functions.ParseJson.apply(ParseJson.java:80)
	at org.jclouds.http.functions.ParseJson.apply(ParseJson.java:66)
	... 30 more

testListSharedIpGroupsDetail(org.jclouds.rackspace.cloudservers.CloudServersUSClientLiveTest)  Time elapsed: 0.969 sec  <<< FAILURE!
java.lang.AssertionError: SharedIpGroup{id=132, name=adriancole.cscreateSharedIpGroup-1094333284, servers=null}
	at org.jclouds.cloudservers.CloudServersClientLiveTest.testListSharedIpGroupsDetail(CloudServersClientLiveTest.java:238)
	at sun.reflect.NativeMethodAccessorImpl.invoke0(Native Method)
	at sun.reflect.NativeMethodAccessorImpl.invoke(NativeMethodAccessorImpl.java:39)
	at sun.reflect.DelegatingMethodAccessorImpl.invoke(DelegatingMethodAccessorImpl.java:25)
	at java.lang.reflect.Method.invoke(Method.java:597)
	at org.testng.internal.MethodInvocationHelper.invokeMethod(MethodInvocationHelper.java:80)
	at org.testng.internal.Invoker.invokeMethod(Invoker.java:714)
	at org.testng.internal.Invoker.invokeTestMethod(Invoker.java:901)
	at org.testng.internal.Invoker.invokeTestMethods(Invoker.java:1231)
	at org.testng.internal.TestMethodWorker.invokeTestMethods(TestMethodWorker.java:127)
	at org.testng.internal.TestMethodWorker.run(TestMethodWorker.java:111)
	at org.testng.TestRunner.privateRun(TestRunner.java:767)
	at org.testng.TestRunner.run(TestRunner.java:617)
	at org.testng.SuiteRunner.runTest(SuiteRunner.java:334)
	at org.testng.SuiteRunner.access$000(SuiteRunner.java:37)
	at org.testng.SuiteRunner$SuiteWorker.run(SuiteRunner.java:368)
	at org.testng.internal.thread.ThreadUtil$2.call(ThreadUtil.java:64)
	at java.util.concurrent.FutureTask$Sync.innerRun(FutureTask.java:303)
	at java.util.concurrent.FutureTask.run(FutureTask.java:138)
	at java.util.concurrent.ThreadPoolExecutor$Worker.runTask(ThreadPoolExecutor.java:895)
	at java.util.concurrent.ThreadPoolExecutor$Worker.run(ThreadPoolExecutor.java:918)
	at java.lang.Thread.run(Thread.java:680)

testCreateSharedIpGroup(org.jclouds.rackspace.cloudservers.CloudServersUSClientLiveTest)  Time elapsed: 1.115 sec  <<< FAILURE!
org.jclouds.http.HttpResponseException: command: POST https://servers.api.rackspacecloud.com/v1.0/413274/shared_ip_groups?format=json HTTP/1.1 failed with response: HTTP/1.1 413 Request Entity Too Large; content: [{"overLimit":{"message":"Customer can not create any additional shared IP groups.","code":413,"retryAfter":null}}]
	at org.jclouds.cloudservers.handlers.ParseCloudServersErrorFromHttpResponse.handleError(ParseCloudServersErrorFromHttpResponse.java:76)
	at org.jclouds.http.handlers.DelegatingErrorHandler.handleError(DelegatingErrorHandler.java:69)
	at org.jclouds.http.internal.BaseHttpCommandExecutorService.shouldContinue(BaseHttpCommandExecutorService.java:182)
	at org.jclouds.http.internal.BaseHttpCommandExecutorService.invoke(BaseHttpCommandExecutorService.java:152)
	at org.jclouds.rest.internal.InvokeHttpMethod.invoke(InvokeHttpMethod.java:131)
	at org.jclouds.rest.internal.InvokeHttpMethod.apply(InvokeHttpMethod.java:97)
	at org.jclouds.rest.internal.InvokeHttpMethod.apply(InvokeHttpMethod.java:59)
	at org.jclouds.rest.internal.DelegatesToInvocationFunction.handle(DelegatesToInvocationFunction.java:137)
	at org.jclouds.rest.internal.DelegatesToInvocationFunction.invoke(DelegatesToInvocationFunction.java:125)
	at com.sun.proxy.$Proxy63.createSharedIpGroup(Unknown Source)
	at org.jclouds.cloudservers.CloudServersClientLiveTest.testCreateSharedIpGroup(CloudServersClientLiveTest.java:264)
	at sun.reflect.NativeMethodAccessorImpl.invoke0(Native Method)
	at sun.reflect.NativeMethodAccessorImpl.invoke(NativeMethodAccessorImpl.java:39)
	at sun.reflect.DelegatingMethodAccessorImpl.invoke(DelegatingMethodAccessorImpl.java:25)
	at java.lang.reflect.Method.invoke(Method.java:597)
	at org.testng.internal.MethodInvocationHelper.invokeMethod(MethodInvocationHelper.java:80)
	at org.testng.internal.InvokeMethodRunnable.runOne(InvokeMethodRunnable.java:46)
	at org.testng.internal.InvokeMethodRunnable.run(InvokeMethodRunnable.java:37)
	at org.testng.internal.MethodInvocationHelper.invokeWithTimeoutWithNoExecutor(MethodInvocationHelper.java:222)
	at org.testng.internal.MethodInvocationHelper.invokeWithTimeout(MethodInvocationHelper.java:211)
	at org.testng.internal.Invoker.invokeMethod(Invoker.java:724)
	at org.testng.internal.Invoker.invokeTestMethod(Invoker.java:901)
	at org.testng.internal.Invoker.invokeTestMethods(Invoker.java:1231)
	at org.testng.internal.TestMethodWorker.invokeTestMethods(TestMethodWorker.java:127)
	at org.testng.internal.TestMethodWorker.run(TestMethodWorker.java:111)
	at org.testng.TestRunner.privateRun(TestRunner.java:767)
	at org.testng.TestRunner.run(TestRunner.java:617)
	at org.testng.SuiteRunner.runTest(SuiteRunner.java:334)
	at org.testng.SuiteRunner.access$000(SuiteRunner.java:37)
	at org.testng.SuiteRunner$SuiteWorker.run(SuiteRunner.java:368)
	at org.testng.internal.thread.ThreadUtil$2.call(ThreadUtil.java:64)
	at java.util.concurrent.FutureTask$Sync.innerRun(FutureTask.java:303)
	at java.util.concurrent.FutureTask.run(FutureTask.java:138)
	at java.util.concurrent.ThreadPoolExecutor$Worker.runTask(ThreadPoolExecutor.java:895)
	at java.util.concurrent.ThreadPoolExecutor$Worker.run(ThreadPoolExecutor.java:918)
	at java.lang.Thread.run(Thread.java:680)


Results :

Failed tests:   testGetImagesDetail(org.jclouds.rackspace.cloudservers.CloudServersUSClientLiveTest): expected [Image{created=Wed Aug 17 03:11:30 PDT 2011, id=118, name=CentOS 6.0, progress=null, serverId=null, status=ACTIVE, updated=Wed Aug 17 03:11:30 PDT 2011}] but found [Image{created=null, id=118, name=CentOS 6.0, progress=null, serverId=null, status=ACTIVE, updated=Wed Aug 17 03:11:30 PDT 2011}]
  testLimits(org.jclouds.rackspace.cloudservers.CloudServersUSClientLiveTest): Error parsing input(..)
  testListSharedIpGroupsDetail(org.jclouds.rackspace.cloudservers.CloudServersUSClientLiveTest): SharedIpGroup{id=132, name=adriancole.cscreateSharedIpGroup-1094333284, servers=null}
  testCreateSharedIpGroup(org.jclouds.rackspace.cloudservers.CloudServersUSClientLiveTest): command: POST https://servers.api.rackspacecloud.com/v1.0/413274/shared_ip_groups?format=json HTTP/1.1 failed with response: HTTP/1.1 413 Request Entity Too Large; content: [{"overLimit":{"message":"Customer can not create any additional shared IP groups.","code":413,"retryAfter":null}}]

Tests run: 152, Failures: 4, Errors: 0, Skipped: 15

[INFO] ------------------------------------------------------------------------
[INFO] BUILD FAILURE
[INFO] ------------------------------------------------------------------------
[INFO] Total time: 36:21.146s
[INFO] Finished at: Sat Mar 09 11:02:19 PST 2013
[INFO] Final Memory: 18M/265M
[INFO] ------------------------------------------------------------------------
[ERROR] Failed to execute goal org.apache.maven.plugins:maven-surefire-plugin:2.12.4:test (integration) on project cloudservers-us: There are test failures.
[ERROR] 
[ERROR] Please refer to /Users/adriancole/workspace/git/1.6.x/jclouds/providers/cloudservers-us/target/surefire-reports for the individual test results.
[ERROR] -> [Help 1]
[ERROR] 
[ERROR] To see the full stack trace of the errors, re-run Maven with the -e switch.
[ERROR] Re-run Maven using the -X switch to enable full debug logging.
[ERROR] 
[ERROR] For more information about the errors and possible solutions, please read the following articles:
[ERROR] [Help 1] http://cwiki.apache.org/confluence/display/MAVEN/MojoFailureException
