-------------------------------------------------------------------------------
Test set: TestSuite
-------------------------------------------------------------------------------
Tests run: 164, Failures: 1, Errors: 0, Skipped: 163, Time elapsed: 2.823 sec <<< FAILURE!
setUpResourcesForAllThreads(org.jclouds.rackspace.cloudfiles.blobstore.integration.CloudFilesUKInputStreamMapIntegrationLiveTest)  Time elapsed: 1.629 sec  <<< FAILURE!
java.util.NoSuchElementException: property cloudfiles-uk.identity not present in properties: [jclouds.user-threads, jclouds.max-session-failures, jclouds.relax-hostname, jclouds.max-connection-reuse, jclouds.endpoint, jclouds.scheduler-threads, jclouds.wire.httpstream.md5, jclouds.wire.httpstream.url, jclouds.build-version, jclouds.iso3166-codes, jclouds.blobstore.metaprefix, cloudfiles-uk.api-version, jclouds.so-timeout, jclouds.max-connections-per-host, jclouds.max-connections-per-context, cloudfiles-uk.endpoint, jclouds.regions, jclouds.io-worker-threads, jclouds.blobstore.httpstream.md5, jclouds.blobstore.httpstream.url, jclouds.api, jclouds.api-version, jclouds.payloads.pretty-print, jclouds.trust-all-certs, jclouds.connection-timeout, jclouds.provider, jclouds.session-interval]
	at org.jclouds.ContextBuilder.searchPropertiesForProviderScopedProperty(ContextBuilder.java:297)
	at org.jclouds.ContextBuilder.resolveProperties(ContextBuilder.java:416)
	at org.jclouds.ContextBuilder.buildInjector(ContextBuilder.java:320)
	at org.jclouds.ContextBuilder.buildView(ContextBuilder.java:622)
	at org.jclouds.apis.BaseViewLiveTest.createView(BaseViewLiveTest.java:55)
	at org.jclouds.apis.BaseViewLiveTest.initializeContext(BaseViewLiveTest.java:43)
	at org.jclouds.apis.BaseContextLiveTest.setupContext(BaseContextLiveTest.java:80)
	at org.jclouds.blobstore.integration.internal.BaseBlobStoreIntegrationTest.setUpResourcesForAllThreads(BaseBlobStoreIntegrationTest.java:101)
	at sun.reflect.NativeMethodAccessorImpl.invoke0(Native Method)
	at sun.reflect.NativeMethodAccessorImpl.invoke(NativeMethodAccessorImpl.java:57)
	at sun.reflect.DelegatingMethodAccessorImpl.invoke(DelegatingMethodAccessorImpl.java:43)
	at java.lang.reflect.Method.invoke(Method.java:601)
	at org.testng.internal.MethodInvocationHelper.invokeMethod(MethodInvocationHelper.java:80)
	at org.testng.internal.Invoker.invokeConfigurationMethod(Invoker.java:564)
	at org.testng.internal.Invoker.invokeConfigurations(Invoker.java:213)
	at org.testng.internal.Invoker.invokeConfigurations(Invoker.java:138)
	at org.testng.SuiteRunner.privateRun(SuiteRunner.java:277)
	at org.testng.SuiteRunner.run(SuiteRunner.java:240)
	at org.testng.SuiteRunnerWorker.runSuite(SuiteRunnerWorker.java:52)
	at org.testng.SuiteRunnerWorker.run(SuiteRunnerWorker.java:86)
	at org.testng.TestNG.runSuitesSequentially(TestNG.java:1198)
	at org.testng.TestNG.runSuitesLocally(TestNG.java:1123)
	at org.testng.TestNG.run(TestNG.java:1031)
	at org.apache.maven.surefire.testng.TestNGExecutor.run(TestNGExecutor.java:77)
	at org.apache.maven.surefire.testng.TestNGDirectoryTestSuite.executeMulti(TestNGDirectoryTestSuite.java:159)
	at org.apache.maven.surefire.testng.TestNGDirectoryTestSuite.execute(TestNGDirectoryTestSuite.java:99)
	at org.apache.maven.surefire.testng.TestNGProvider.invoke(TestNGProvider.java:106)
	at sun.reflect.NativeMethodAccessorImpl.invoke0(Native Method)
	at sun.reflect.NativeMethodAccessorImpl.invoke(NativeMethodAccessorImpl.java:57)
	at sun.reflect.DelegatingMethodAccessorImpl.invoke(DelegatingMethodAccessorImpl.java:43)
	at java.lang.reflect.Method.invoke(Method.java:601)
	at org.apache.maven.surefire.util.ReflectionUtils.invokeMethodWithArray(ReflectionUtils.java:189)
	at org.apache.maven.surefire.booter.ProviderFactory$ProviderProxy.invoke(ProviderFactory.java:165)
	at org.apache.maven.surefire.booter.ProviderFactory.invokeProvider(ProviderFactory.java:85)
	at org.apache.maven.surefire.booter.ForkedBooter.runSuitesInProcess(ForkedBooter.java:115)
	at org.apache.maven.surefire.booter.ForkedBooter.main(ForkedBooter.java:75)

