-------------------------------------------------------------------------------
Test set: TestSuite
-------------------------------------------------------------------------------
Tests run: 50, Failures: 6, Errors: 0, Skipped: 18, Time elapsed: 256.078 sec <<< FAILURE!
testCreateAndDestroyVLAN(org.jclouds.cloudsigma.CloudSigmaClientLiveTest)  Time elapsed: 1.547 sec  <<< FAILURE!
java.lang.IllegalArgumentException: errors:system VLAN could not be created as you do not have a current unused VLAN subscription. Please purchase an additional VLAN subscription then try again.
	at org.jclouds.cloudsigma.handlers.CloudSigmaErrorHandler.handleError(CloudSigmaErrorHandler.java:69)
	at org.jclouds.http.handlers.DelegatingErrorHandler.handleError(DelegatingErrorHandler.java:69)
	at org.jclouds.http.internal.BaseHttpCommandExecutorService.shouldContinue(BaseHttpCommandExecutorService.java:182)
	at org.jclouds.http.internal.BaseHttpCommandExecutorService.invoke(BaseHttpCommandExecutorService.java:152)
	at org.jclouds.rest.internal.InvokeSyncToAsyncHttpMethod.invoke(InvokeSyncToAsyncHttpMethod.java:133)
	at org.jclouds.rest.internal.InvokeSyncToAsyncHttpMethod.apply(InvokeSyncToAsyncHttpMethod.java:99)
	at org.jclouds.rest.internal.InvokeSyncToAsyncHttpMethod.apply(InvokeSyncToAsyncHttpMethod.java:60)
	at org.jclouds.rest.internal.DelegatesToInvocationFunction.handle(DelegatesToInvocationFunction.java:159)
	at org.jclouds.rest.internal.DelegatesToInvocationFunction.invoke(DelegatesToInvocationFunction.java:126)
	at com.sun.proxy.$Proxy56.createVLAN(Unknown Source)
	at org.jclouds.cloudsigma.CloudSigmaClientLiveTest.testCreateAndDestroyVLAN(CloudSigmaClientLiveTest.java:242)
Caused by: org.jclouds.http.HttpResponseException: command: POST https://api.cloudsigma.com/resources/vlan/create HTTP/1.1 failed with response: HTTP/1.1 400 Bad Request; content: [errors:system VLAN could not be created as you do not have a current unused VLAN subscription. Please purchase an additional VLAN subscription then try again.]
	at org.jclouds.cloudsigma.handlers.CloudSigmaErrorHandler.handleError(CloudSigmaErrorHandler.java:56)
	... 31 more

testCompareSizes(org.jclouds.cloudsigma.compute.CloudSigmaComputeServiceLiveTest)  Time elapsed: 195.356 sec  <<< FAILURE!
java.util.NoSuchElementException: imageId(f3c7c665-cd54-4a78-8fd2-7ec2f028cf29) not found
	at org.jclouds.compute.domain.internal.TemplateBuilderImpl.throwNoSuchElementExceptionAfterLoggingImageIds(TemplateBuilderImpl.java:723)
	at org.jclouds.compute.domain.internal.TemplateBuilderImpl.findImageWithId(TemplateBuilderImpl.java:708)
	at org.jclouds.compute.domain.internal.TemplateBuilderImpl.build(TemplateBuilderImpl.java:661)
	at org.jclouds.compute.domain.internal.TemplateBuilderImpl.build(TemplateBuilderImpl.java:648)
	at org.jclouds.compute.internal.BaseComputeServiceLiveTest.testCompareSizes(BaseComputeServiceLiveTest.java:803)
	at sun.reflect.NativeMethodAccessorImpl.invoke0(Native Method)
	at sun.reflect.NativeMethodAccessorImpl.invoke(NativeMethodAccessorImpl.java:39)
	at sun.reflect.DelegatingMethodAccessorImpl.invoke(DelegatingMethodAccessorImpl.java:25)
	at java.lang.reflect.Method.invoke(Method.java:597)
	at org.testng.internal.MethodInvocationHelper.invokeMethod(MethodInvocationHelper.java:80)
	at org.testng.internal.Invoker.invokeMethod(Invoker.java:714)
	at org.testng.internal.Invoker.invokeTestMethod(Invoker.java:901)
	at org.testng.internal.Invoker.invokeTestMethods(Invoker.java:1231)
	at org.testng.internal.TestMethodWorker.invokeTestMethods(TestMethodWorker.java:127)
	at org.testng.internal.TestMethodWorker.run(TestMethodWorker.java:111)
	at org.testng.TestRunner.privateRun(TestRunner.java:767)
	at org.testng.TestRunner.run(TestRunner.java:617)
	at org.testng.SuiteRunner.runTest(SuiteRunner.java:334)
	at org.testng.SuiteRunner.access$000(SuiteRunner.java:37)
	at org.testng.SuiteRunner$SuiteWorker.run(SuiteRunner.java:368)
	at org.testng.internal.thread.ThreadUtil$2.call(ThreadUtil.java:64)
	at java.util.concurrent.FutureTask$Sync.innerRun(FutureTask.java:303)
	at java.util.concurrent.FutureTask.run(FutureTask.java:138)
	at java.util.concurrent.ThreadPoolExecutor$Worker.runTask(ThreadPoolExecutor.java:895)
	at java.util.concurrent.ThreadPoolExecutor$Worker.run(ThreadPoolExecutor.java:918)
	at java.lang.Thread.run(Thread.java:680)

testImageById(org.jclouds.cloudsigma.compute.CloudSigmaComputeServiceLiveTest)  Time elapsed: 0.001 sec  <<< FAILURE!
java.util.NoSuchElementException: imageId(f3c7c665-cd54-4a78-8fd2-7ec2f028cf29) not found
	at org.jclouds.compute.domain.internal.TemplateBuilderImpl.throwNoSuchElementExceptionAfterLoggingImageIds(TemplateBuilderImpl.java:723)
	at org.jclouds.compute.domain.internal.TemplateBuilderImpl.findImageWithId(TemplateBuilderImpl.java:708)
	at org.jclouds.compute.domain.internal.TemplateBuilderImpl.build(TemplateBuilderImpl.java:661)
	at org.jclouds.compute.domain.internal.TemplateBuilderImpl.build(TemplateBuilderImpl.java:648)
	at org.jclouds.compute.internal.BaseComputeServiceLiveTest.testImageById(BaseComputeServiceLiveTest.java:207)
	at sun.reflect.NativeMethodAccessorImpl.invoke0(Native Method)
	at sun.reflect.NativeMethodAccessorImpl.invoke(NativeMethodAccessorImpl.java:39)
	at sun.reflect.DelegatingMethodAccessorImpl.invoke(DelegatingMethodAccessorImpl.java:25)
	at java.lang.reflect.Method.invoke(Method.java:597)
	at org.testng.internal.MethodInvocationHelper.invokeMethod(MethodInvocationHelper.java:80)
	at org.testng.internal.Invoker.invokeMethod(Invoker.java:714)
	at org.testng.internal.Invoker.invokeTestMethod(Invoker.java:901)
	at org.testng.internal.Invoker.invokeTestMethods(Invoker.java:1231)
	at org.testng.internal.TestMethodWorker.invokeTestMethods(TestMethodWorker.java:127)
	at org.testng.internal.TestMethodWorker.run(TestMethodWorker.java:111)
	at org.testng.TestRunner.privateRun(TestRunner.java:767)
	at org.testng.TestRunner.run(TestRunner.java:617)
	at org.testng.SuiteRunner.runTest(SuiteRunner.java:334)
	at org.testng.SuiteRunner.access$000(SuiteRunner.java:37)
	at org.testng.SuiteRunner$SuiteWorker.run(SuiteRunner.java:368)
	at org.testng.internal.thread.ThreadUtil$2.call(ThreadUtil.java:64)
	at java.util.concurrent.FutureTask$Sync.innerRun(FutureTask.java:303)
	at java.util.concurrent.FutureTask.run(FutureTask.java:138)
	at java.util.concurrent.ThreadPoolExecutor$Worker.runTask(ThreadPoolExecutor.java:895)
	at java.util.concurrent.ThreadPoolExecutor$Worker.run(ThreadPoolExecutor.java:918)
	at java.lang.Thread.run(Thread.java:680)

testCreateAndRunAService(org.jclouds.cloudsigma.compute.CloudSigmaComputeServiceLiveTest)  Time elapsed: 2.08 sec  <<< FAILURE!
java.util.NoSuchElementException: imageId(f3c7c665-cd54-4a78-8fd2-7ec2f028cf29) not found
	at org.jclouds.compute.domain.internal.TemplateBuilderImpl.throwNoSuchElementExceptionAfterLoggingImageIds(TemplateBuilderImpl.java:723)
	at org.jclouds.compute.domain.internal.TemplateBuilderImpl.findImageWithId(TemplateBuilderImpl.java:708)
	at org.jclouds.compute.domain.internal.TemplateBuilderImpl.build(TemplateBuilderImpl.java:661)
	at org.jclouds.compute.internal.BaseComputeService.createNodesInGroup(BaseComputeService.java:234)
	at org.jclouds.compute.internal.BaseComputeServiceLiveTest.createAndRunAServiceInGroup(BaseComputeServiceLiveTest.java:673)
	at org.jclouds.compute.internal.BaseComputeServiceLiveTest.testCreateAndRunAService(BaseComputeServiceLiveTest.java:660)
	at sun.reflect.NativeMethodAccessorImpl.invoke0(Native Method)
	at sun.reflect.NativeMethodAccessorImpl.invoke(NativeMethodAccessorImpl.java:39)
	at sun.reflect.DelegatingMethodAccessorImpl.invoke(DelegatingMethodAccessorImpl.java:25)
	at java.lang.reflect.Method.invoke(Method.java:597)
	at org.testng.internal.MethodInvocationHelper.invokeMethod(MethodInvocationHelper.java:80)
	at org.testng.internal.Invoker.invokeMethod(Invoker.java:714)
	at org.testng.internal.Invoker.invokeTestMethod(Invoker.java:901)
	at org.testng.internal.Invoker.invokeTestMethods(Invoker.java:1231)
	at org.testng.internal.TestMethodWorker.invokeTestMethods(TestMethodWorker.java:127)
	at org.testng.internal.TestMethodWorker.run(TestMethodWorker.java:111)
	at org.testng.TestRunner.privateRun(TestRunner.java:767)
	at org.testng.TestRunner.run(TestRunner.java:617)
	at org.testng.SuiteRunner.runTest(SuiteRunner.java:334)
	at org.testng.SuiteRunner.access$000(SuiteRunner.java:37)
	at org.testng.SuiteRunner$SuiteWorker.run(SuiteRunner.java:368)
	at org.testng.internal.thread.ThreadUtil$2.call(ThreadUtil.java:64)
	at java.util.concurrent.FutureTask$Sync.innerRun(FutureTask.java:303)
	at java.util.concurrent.FutureTask.run(FutureTask.java:138)
	at java.util.concurrent.ThreadPoolExecutor$Worker.runTask(ThreadPoolExecutor.java:895)
	at java.util.concurrent.ThreadPoolExecutor$Worker.run(ThreadPoolExecutor.java:918)
	at java.lang.Thread.run(Thread.java:680)

testTemplateMatch(org.jclouds.cloudsigma.compute.CloudSigmaComputeServiceLiveTest)  Time elapsed: 0.001 sec  <<< FAILURE!
java.util.NoSuchElementException: imageId(f3c7c665-cd54-4a78-8fd2-7ec2f028cf29) not found
	at org.jclouds.compute.domain.internal.TemplateBuilderImpl.throwNoSuchElementExceptionAfterLoggingImageIds(TemplateBuilderImpl.java:723)
	at org.jclouds.compute.domain.internal.TemplateBuilderImpl.findImageWithId(TemplateBuilderImpl.java:708)
	at org.jclouds.compute.domain.internal.TemplateBuilderImpl.build(TemplateBuilderImpl.java:661)
	at org.jclouds.compute.domain.internal.TemplateBuilderImpl.build(TemplateBuilderImpl.java:648)
	at org.jclouds.compute.internal.BaseComputeServiceLiveTest.buildTemplate(BaseComputeServiceLiveTest.java:489)
	at org.jclouds.compute.internal.BaseComputeServiceLiveTest.testTemplateMatch(BaseComputeServiceLiveTest.java:325)
	at sun.reflect.NativeMethodAccessorImpl.invoke0(Native Method)
	at sun.reflect.NativeMethodAccessorImpl.invoke(NativeMethodAccessorImpl.java:39)
	at sun.reflect.DelegatingMethodAccessorImpl.invoke(DelegatingMethodAccessorImpl.java:25)
	at java.lang.reflect.Method.invoke(Method.java:597)
	at org.testng.internal.MethodInvocationHelper.invokeMethod(MethodInvocationHelper.java:80)
	at org.testng.internal.Invoker.invokeMethod(Invoker.java:714)
	at org.testng.internal.Invoker.invokeTestMethod(Invoker.java:901)
	at org.testng.internal.Invoker.invokeTestMethods(Invoker.java:1231)
	at org.testng.internal.TestMethodWorker.invokeTestMethods(TestMethodWorker.java:127)
	at org.testng.internal.TestMethodWorker.run(TestMethodWorker.java:111)
	at org.testng.TestRunner.privateRun(TestRunner.java:767)
	at org.testng.TestRunner.run(TestRunner.java:617)
	at org.testng.SuiteRunner.runTest(SuiteRunner.java:334)
	at org.testng.SuiteRunner.access$000(SuiteRunner.java:37)
	at org.testng.SuiteRunner$SuiteWorker.run(SuiteRunner.java:368)
	at org.testng.internal.thread.ThreadUtil$2.call(ThreadUtil.java:64)
	at java.util.concurrent.FutureTask$Sync.innerRun(FutureTask.java:303)
	at java.util.concurrent.FutureTask.run(FutureTask.java:138)
	at java.util.concurrent.ThreadPoolExecutor$Worker.runTask(ThreadPoolExecutor.java:895)
	at java.util.concurrent.ThreadPoolExecutor$Worker.run(ThreadPoolExecutor.java:918)
	at java.lang.Thread.run(Thread.java:680)

testCreateAndDestroyStaticIP(org.jclouds.cloudsigma.CloudSigmaClientLiveTest)  Time elapsed: 1.011 sec  <<< FAILURE!
java.lang.IllegalArgumentException: errors:system IP address could not be created as you do not have a current unused static IP address subscription. Please purchase an additional static IP address subscription then try again.
	at org.jclouds.cloudsigma.handlers.CloudSigmaErrorHandler.handleError(CloudSigmaErrorHandler.java:69)
	at org.jclouds.http.handlers.DelegatingErrorHandler.handleError(DelegatingErrorHandler.java:69)
	at org.jclouds.http.internal.BaseHttpCommandExecutorService.shouldContinue(BaseHttpCommandExecutorService.java:182)
	at org.jclouds.http.internal.BaseHttpCommandExecutorService.invoke(BaseHttpCommandExecutorService.java:152)
	at org.jclouds.rest.internal.InvokeSyncToAsyncHttpMethod.invoke(InvokeSyncToAsyncHttpMethod.java:133)
	at org.jclouds.rest.internal.InvokeSyncToAsyncHttpMethod.apply(InvokeSyncToAsyncHttpMethod.java:99)
	at org.jclouds.rest.internal.InvokeSyncToAsyncHttpMethod.apply(InvokeSyncToAsyncHttpMethod.java:60)
	at org.jclouds.rest.internal.DelegatesToInvocationFunction.handle(DelegatesToInvocationFunction.java:159)
	at org.jclouds.rest.internal.DelegatesToInvocationFunction.invoke(DelegatesToInvocationFunction.java:126)
	at com.sun.proxy.$Proxy56.createStaticIP(Unknown Source)
	at org.jclouds.cloudsigma.CloudSigmaClientLiveTest.testCreateAndDestroyStaticIP(CloudSigmaClientLiveTest.java:258)
Caused by: org.jclouds.http.HttpResponseException: command: POST https://api.cloudsigma.com/resources/ip/create HTTP/1.1 failed with response: HTTP/1.1 400 Bad Request; content: [errors:system IP address could not be created as you do not have a current unused static IP address subscription. Please purchase an additional static IP address subscription then try again.]
	at org.jclouds.cloudsigma.handlers.CloudSigmaErrorHandler.handleError(CloudSigmaErrorHandler.java:56)
	... 31 more

