[INFO] Scanning for projects...
[WARNING] 
[WARNING] Some problems were encountered while building the effective model for org.jclouds.provider:cloudservers-uk:bundle:1.6.0-SNAPSHOT
[WARNING] 'parent.relativePath' of POM org.jclouds:jclouds-project:1.6.0-SNAPSHOT (/Users/adriancole/workspace/git/1.6.x/jclouds/project/pom.xml) points at org.jclouds:jclouds-multi instead of org.sonatype.oss:oss-parent, please verify your project structure @ org.jclouds:jclouds-project:1.6.0-SNAPSHOT, /Users/adriancole/workspace/git/1.6.x/jclouds/project/pom.xml, line 24, column 13
[WARNING] 
[WARNING] It is highly recommended to fix these problems because they threaten the stability of your build.
[WARNING] 
[WARNING] For this reason, future Maven versions might no longer support building such malformed projects.
[WARNING] 
[INFO]                                                                         
[INFO] ------------------------------------------------------------------------
[INFO] Building jclouds CloudServers UK provider 1.6.0-SNAPSHOT
[INFO] ------------------------------------------------------------------------
[INFO] 
[INFO] --- maven-clean-plugin:2.4.1:clean (default-clean) @ cloudservers-uk ---
[INFO] 
[INFO] --- maven-enforcer-plugin:1.1.1:enforce (enforce-maven) @ cloudservers-uk ---
[INFO] 
[INFO] --- maven-enforcer-plugin:1.1.1:enforce (enforce-banned-dependencies) @ cloudservers-uk ---
[INFO] 
[INFO] --- maven-enforcer-plugin:1.1.1:enforce (enforce-java) @ cloudservers-uk ---
[INFO] 
[INFO] --- maven-remote-resources-plugin:1.4:process (process-remote-resources) @ cloudservers-uk ---
[INFO] 
[INFO] --- maven-resources-plugin:2.6:resources (default-resources) @ cloudservers-uk ---
[INFO] Using 'UTF-8' encoding to copy filtered resources.
[INFO] skip non existing resourceDirectory /Users/adriancole/workspace/git/1.6.x/jclouds/providers/cloudservers-uk/src/main/clojure
[INFO] Copying 1 resource
[INFO] Copying 2 resources
[INFO] 
[INFO] --- maven-compiler-plugin:2.5.1:compile (default-compile) @ cloudservers-uk ---
[INFO] Compiling 1 source file to /Users/adriancole/workspace/git/1.6.x/jclouds/providers/cloudservers-uk/target/classes
[INFO] 
[INFO] --- maven-resources-plugin:2.6:testResources (default-testResources) @ cloudservers-uk ---
[INFO] Using 'UTF-8' encoding to copy filtered resources.
[INFO] skip non existing resourceDirectory /Users/adriancole/workspace/git/1.6.x/jclouds/providers/cloudservers-uk/src/test/clojure
[INFO] skip non existing resourceDirectory /Users/adriancole/workspace/git/1.6.x/jclouds/providers/cloudservers-uk/src/test/resources
[INFO] Copying 2 resources
[INFO] 
[INFO] --- maven-compiler-plugin:2.5.1:testCompile (default-testCompile) @ cloudservers-uk ---
[INFO] Compiling 4 source files to /Users/adriancole/workspace/git/1.6.x/jclouds/providers/cloudservers-uk/target/test-classes
[INFO] 
[INFO] --- maven-surefire-plugin:2.12.4:test (default-test) @ cloudservers-uk ---
[INFO] Surefire report directory: /Users/adriancole/workspace/git/1.6.x/jclouds/providers/cloudservers-uk/target/surefire-reports

-------------------------------------------------------
 T E S T S
-------------------------------------------------------
Running org.jclouds.rackspace.cloudservers.CloudServersUKProviderTest
Configuring TestNG with: org.apache.maven.surefire.testng.conf.TestNG652Configurator@55d15445
Starting test testAllContains(org.jclouds.rackspace.cloudservers.CloudServersUKProviderTest)
[pool-1-thread-1] Test testAllContains(org.jclouds.rackspace.cloudservers.CloudServersUKProviderTest) succeeded: 9ms
Test suite progress: tests succeeded: 1, failed: 0, skipped: 0.
Starting test testOfApiContains(org.jclouds.rackspace.cloudservers.CloudServersUKProviderTest)
[pool-1-thread-2] Test testOfApiContains(org.jclouds.rackspace.cloudservers.CloudServersUKProviderTest) succeeded: 5ms
Test suite progress: tests succeeded: 2, failed: 0, skipped: 0.
Starting test testTransformableToContains(org.jclouds.rackspace.cloudservers.CloudServersUKProviderTest)
[pool-1-thread-3] Test testTransformableToContains(org.jclouds.rackspace.cloudservers.CloudServersUKProviderTest) succeeded: 3ms
Test suite progress: tests succeeded: 3, failed: 0, skipped: 0.
Starting test testWithId(org.jclouds.rackspace.cloudservers.CloudServersUKProviderTest)
[pool-1-thread-4] Test testWithId(org.jclouds.rackspace.cloudservers.CloudServersUKProviderTest) succeeded: 4ms
Test suite progress: tests succeeded: 4, failed: 0, skipped: 0.
Tests run: 4, Failures: 0, Errors: 0, Skipped: 0, Time elapsed: 1.175 sec

Results :

Tests run: 4, Failures: 0, Errors: 0, Skipped: 0

[INFO] 
[INFO] --- maven-bundle-plugin:2.3.7:bundle (default-bundle) @ cloudservers-uk ---
[INFO] 
[INFO] --- maven-jar-plugin:2.4:test-jar (default) @ cloudservers-uk ---
[INFO] Building jar: /Users/adriancole/workspace/git/1.6.x/jclouds/providers/cloudservers-uk/target/cloudservers-uk-1.6.0-SNAPSHOT-tests.jar
[INFO] 
[INFO] --- maven-surefire-plugin:2.12.4:test (integration) @ cloudservers-uk ---
[INFO] Surefire report directory: /Users/adriancole/workspace/git/1.6.x/jclouds/providers/cloudservers-uk/target/surefire-reports

-------------------------------------------------------
 T E S T S
-------------------------------------------------------
Running TestSuite
Configuring TestNG with: org.apache.maven.surefire.testng.conf.TestNG652Configurator@522a4983
Starting test testCreateServer(org.jclouds.rackspace.cloudservers.CloudServersUKClientLiveTest)
Starting test setServiceDefaults(org.jclouds.rackspace.cloudservers.compute.CloudServersUKComputeServiceLiveTest)
[TestNG] Test setServiceDefaults(org.jclouds.rackspace.cloudservers.compute.CloudServersUKComputeServiceLiveTest) succeeded: 1ms
Test suite progress: tests succeeded: 1, failed: 0, skipped: 0.
Starting test testCompareSizes(org.jclouds.rackspace.cloudservers.compute.CloudServersUKComputeServiceLiveTest)
[TestNG] Test testCompareSizes(org.jclouds.rackspace.cloudservers.compute.CloudServersUKComputeServiceLiveTest) succeeded: 4681ms
Test suite progress: tests succeeded: 2, failed: 0, skipped: 0.
Starting test testCorrectExceptionRunningNodesNotFound(org.jclouds.rackspace.cloudservers.compute.CloudServersUKComputeServiceLiveTest)
[TestNG] Test testCorrectExceptionRunningNodesNotFound(org.jclouds.rackspace.cloudservers.compute.CloudServersUKComputeServiceLiveTest) succeeded: 1128ms
Test suite progress: tests succeeded: 3, failed: 0, skipped: 0.
Starting test testGetAssignableLocations(org.jclouds.rackspace.cloudservers.compute.CloudServersUKComputeServiceLiveTest)
[TestNG] Test testGetAssignableLocations(org.jclouds.rackspace.cloudservers.compute.CloudServersUKComputeServiceLiveTest) succeeded: 1ms
Test suite progress: tests succeeded: 4, failed: 0, skipped: 0.
Starting test testImageById(org.jclouds.rackspace.cloudservers.compute.CloudServersUKComputeServiceLiveTest)
[TestNG] Test testImageById(org.jclouds.rackspace.cloudservers.compute.CloudServersUKComputeServiceLiveTest) succeeded: 1183ms
Test suite progress: tests succeeded: 5, failed: 0, skipped: 0.
Starting test testImagesCache(org.jclouds.rackspace.cloudservers.compute.CloudServersUKComputeServiceLiveTest)
[TestNG] Test testImagesCache(org.jclouds.rackspace.cloudservers.compute.CloudServersUKComputeServiceLiveTest) succeeded: 1ms
Test suite progress: tests succeeded: 6, failed: 0, skipped: 0.
Starting test testListImages(org.jclouds.rackspace.cloudservers.compute.CloudServersUKComputeServiceLiveTest)
[TestNG] Test testListImages(org.jclouds.rackspace.cloudservers.compute.CloudServersUKComputeServiceLiveTest) succeeded: 0ms
Test suite progress: tests succeeded: 7, failed: 0, skipped: 0.
Starting test testListSizes(org.jclouds.rackspace.cloudservers.compute.CloudServersUKComputeServiceLiveTest)
[TestNG] Test testListSizes(org.jclouds.rackspace.cloudservers.compute.CloudServersUKComputeServiceLiveTest) succeeded: 1ms
Test suite progress: tests succeeded: 8, failed: 0, skipped: 0.
Starting test testOptionToNotBlock(org.jclouds.rackspace.cloudservers.compute.CloudServersUKComputeServiceLiveTest)
blocking on status active
Server{id=10307381, name=adriancole.cscreateserver1324243579, metadata={jclouds=rackspace}, addresses=Addresses{publicAddresses=[46.38.161.231], privateAddresses=[10.176.87.105]}, adminPass=null, flavorId=1, hostId=1947df799cffe6c3c4bbe1fdc0e425df, imageId=14362, sharedIpGroupId=null, progress=0, status=BUILD}
blocking on status active
Server{id=10307381, name=adriancole.cscreateserver1324243579, metadata={jclouds=rackspace}, addresses=Addresses{publicAddresses=[46.38.161.231], privateAddresses=[10.176.87.105]}, adminPass=null, flavorId=1, hostId=1947df799cffe6c3c4bbe1fdc0e425df, imageId=14362, sharedIpGroupId=null, progress=0, status=BUILD}
blocking on status active
Server{id=10307381, name=adriancole.cscreateserver1324243579, metadata={jclouds=rackspace}, addresses=Addresses{publicAddresses=[46.38.161.231], privateAddresses=[10.176.87.105]}, adminPass=null, flavorId=1, hostId=1947df799cffe6c3c4bbe1fdc0e425df, imageId=14362, sharedIpGroupId=null, progress=0, status=BUILD}
blocking on status active
Server{id=10307381, name=adriancole.cscreateserver1324243579, metadata={jclouds=rackspace}, addresses=Addresses{publicAddresses=[46.38.161.231], privateAddresses=[10.176.87.105]}, adminPass=null, flavorId=1, hostId=1947df799cffe6c3c4bbe1fdc0e425df, imageId=14362, sharedIpGroupId=null, progress=0, status=BUILD}
blocking on status active
Server{id=10307381, name=adriancole.cscreateserver1324243579, metadata={jclouds=rackspace}, addresses=Addresses{publicAddresses=[46.38.161.231], privateAddresses=[10.176.87.105]}, adminPass=null, flavorId=1, hostId=1947df799cffe6c3c4bbe1fdc0e425df, imageId=14362, sharedIpGroupId=null, progress=42, status=BUILD}
blocking on status active
Server{id=10307381, name=adriancole.cscreateserver1324243579, metadata={jclouds=rackspace}, addresses=Addresses{publicAddresses=[46.38.161.231], privateAddresses=[10.176.87.105]}, adminPass=null, flavorId=1, hostId=1947df799cffe6c3c4bbe1fdc0e425df, imageId=14362, sharedIpGroupId=null, progress=100, status=BUILD}
blocking on status active
Server{id=10307381, name=adriancole.cscreateserver1324243579, metadata={jclouds=rackspace}, addresses=Addresses{publicAddresses=[46.38.161.231], privateAddresses=[10.176.87.105]}, adminPass=null, flavorId=1, hostId=1947df799cffe6c3c4bbe1fdc0e425df, imageId=14362, sharedIpGroupId=null, progress=100, status=BUILD}
[TestNG] Test testOptionToNotBlock(org.jclouds.rackspace.cloudservers.compute.CloudServersUKComputeServiceLiveTest) succeeded: 41876ms
Test suite progress: tests succeeded: 9, failed: 0, skipped: 0.
Starting test testCreateAndRunAService(org.jclouds.rackspace.cloudservers.compute.CloudServersUKComputeServiceLiveTest)
blocking on status active
Server{id=10307381, name=adriancole.cscreateserver1324243579, metadata={jclouds=rackspace}, addresses=Addresses{publicAddresses=[46.38.161.231], privateAddresses=[10.176.87.105]}, adminPass=null, flavorId=1, hostId=1947df799cffe6c3c4bbe1fdc0e425df, imageId=14362, sharedIpGroupId=null, progress=100, status=UNKNOWN}
[TestNG] Test testCreateServer(org.jclouds.rackspace.cloudservers.CloudServersUKClientLiveTest) succeeded: 61872ms
Test suite progress: tests succeeded: 10, failed: 0, skipped: 0.
Starting test testGetFlavorDetailsNotFound(org.jclouds.rackspace.cloudservers.CloudServersUKClientLiveTest)
[TestNG] Test testGetFlavorDetailsNotFound(org.jclouds.rackspace.cloudservers.CloudServersUKClientLiveTest) succeeded: 967ms
Test suite progress: tests succeeded: 11, failed: 0, skipped: 0.
Starting test testGetFlavorsDetail(org.jclouds.rackspace.cloudservers.CloudServersUKClientLiveTest)
[TestNG] Test testGetFlavorsDetail(org.jclouds.rackspace.cloudservers.CloudServersUKClientLiveTest) succeeded: 14597ms
Test suite progress: tests succeeded: 12, failed: 0, skipped: 0.
Starting test testGetImageDetailsNotFound(org.jclouds.rackspace.cloudservers.CloudServersUKClientLiveTest)
[TestNG] Test testGetImageDetailsNotFound(org.jclouds.rackspace.cloudservers.CloudServersUKClientLiveTest) succeeded: 1177ms
Test suite progress: tests succeeded: 13, failed: 0, skipped: 0.
Starting test testGetImagesDetail(org.jclouds.rackspace.cloudservers.CloudServersUKClientLiveTest)
[TestNG] Test testGetImagesDetail(org.jclouds.rackspace.cloudservers.CloudServersUKClientLiveTest) failed.
Test suite progress: tests succeeded: 13, failed: 1, skipped: 0.
Starting test testGetServerDetailsNotFound(org.jclouds.rackspace.cloudservers.CloudServersUKClientLiveTest)
[TestNG] Test testGetServerDetailsNotFound(org.jclouds.rackspace.cloudservers.CloudServersUKClientLiveTest) succeeded: 1060ms
Test suite progress: tests succeeded: 14, failed: 1, skipped: 0.
Starting test testGetServersDetail(org.jclouds.rackspace.cloudservers.CloudServersUKClientLiveTest)
[TestNG] Test testGetServersDetail(org.jclouds.rackspace.cloudservers.CloudServersUKClientLiveTest) succeeded: 6256ms
Test suite progress: tests succeeded: 15, failed: 1, skipped: 0.
Starting test testGetSharedIpGroupDetailsNotFound(org.jclouds.rackspace.cloudservers.CloudServersUKClientLiveTest)
[TestNG] Test testGetSharedIpGroupDetailsNotFound(org.jclouds.rackspace.cloudservers.CloudServersUKClientLiveTest) succeeded: 1350ms
Test suite progress: tests succeeded: 16, failed: 1, skipped: 0.
Starting test testGetSharedIpGroupsDetail(org.jclouds.rackspace.cloudservers.CloudServersUKClientLiveTest)
[TestNG] Test testGetSharedIpGroupsDetail(org.jclouds.rackspace.cloudservers.CloudServersUKClientLiveTest) succeeded: 8408ms
Test suite progress: tests succeeded: 17, failed: 1, skipped: 0.
Starting test testLimits(org.jclouds.rackspace.cloudservers.CloudServersUKClientLiveTest)
[TestNG] Test testLimits(org.jclouds.rackspace.cloudservers.CloudServersUKClientLiveTest) failed.
Test suite progress: tests succeeded: 17, failed: 2, skipped: 0.
Starting test testListFlavors(org.jclouds.rackspace.cloudservers.CloudServersUKClientLiveTest)
[TestNG] Test testListFlavors(org.jclouds.rackspace.cloudservers.CloudServersUKClientLiveTest) succeeded: 910ms
Test suite progress: tests succeeded: 18, failed: 2, skipped: 0.
Starting test testListFlavorsDetail(org.jclouds.rackspace.cloudservers.CloudServersUKClientLiveTest)
[TestNG] Test testListFlavorsDetail(org.jclouds.rackspace.cloudservers.CloudServersUKClientLiveTest) succeeded: 939ms
Test suite progress: tests succeeded: 19, failed: 2, skipped: 0.
Starting test testListImages(org.jclouds.rackspace.cloudservers.CloudServersUKClientLiveTest)
[TestNG] Test testListImages(org.jclouds.rackspace.cloudservers.CloudServersUKClientLiveTest) succeeded: 1294ms
Test suite progress: tests succeeded: 20, failed: 2, skipped: 0.
Starting test testListImagesDetail(org.jclouds.rackspace.cloudservers.CloudServersUKClientLiveTest)
[TestNG] Test testListImagesDetail(org.jclouds.rackspace.cloudservers.CloudServersUKClientLiveTest) succeeded: 1457ms
Test suite progress: tests succeeded: 21, failed: 2, skipped: 0.
Starting test testListServers(org.jclouds.rackspace.cloudservers.CloudServersUKClientLiveTest)
[TestNG] Test testListServers(org.jclouds.rackspace.cloudservers.CloudServersUKClientLiveTest) succeeded: 1524ms
Test suite progress: tests succeeded: 22, failed: 2, skipped: 0.
Starting test testListServersDetail(org.jclouds.rackspace.cloudservers.CloudServersUKClientLiveTest)
[TestNG] Test testListServersDetail(org.jclouds.rackspace.cloudservers.CloudServersUKClientLiveTest) succeeded: 1729ms
Test suite progress: tests succeeded: 23, failed: 2, skipped: 0.
Starting test testListSharedIpGroups(org.jclouds.rackspace.cloudservers.CloudServersUKClientLiveTest)
[TestNG] Test testListSharedIpGroups(org.jclouds.rackspace.cloudservers.CloudServersUKClientLiveTest) succeeded: 1139ms
Test suite progress: tests succeeded: 24, failed: 2, skipped: 0.
Starting test testListSharedIpGroupsDetail(org.jclouds.rackspace.cloudservers.CloudServersUKClientLiveTest)
[TestNG] Test testListSharedIpGroupsDetail(org.jclouds.rackspace.cloudservers.CloudServersUKClientLiveTest) failed.
Test suite progress: tests succeeded: 24, failed: 3, skipped: 0.
Starting test testDefaultTemplateBuilder(org.jclouds.rackspace.cloudservers.compute.CloudServersUKTemplateBuilderLiveTest)
[TestNG] Test testDefaultTemplateBuilder(org.jclouds.rackspace.cloudservers.compute.CloudServersUKTemplateBuilderLiveTest) succeeded: 3312ms
Test suite progress: tests succeeded: 25, failed: 3, skipped: 0.
Starting test testTemplateBuilderCannotFind(org.jclouds.rackspace.cloudservers.compute.CloudServersUKTemplateBuilderLiveTest)
[TestNG] Test testTemplateBuilderCannotFind(org.jclouds.rackspace.cloudservers.compute.CloudServersUKTemplateBuilderLiveTest) succeeded: 3ms
Test suite progress: tests succeeded: 26, failed: 3, skipped: 0.
Starting test testTemplateBuilderCannotFind(org.jclouds.rackspace.cloudservers.compute.CloudServersUKTemplateBuilderLiveTest)
[TestNG] Test testTemplateBuilderCannotFind(org.jclouds.rackspace.cloudservers.compute.CloudServersUKTemplateBuilderLiveTest) succeeded: 2ms
Test suite progress: tests succeeded: 27, failed: 3, skipped: 0.
Starting test testTemplateBuilderCannotFind(org.jclouds.rackspace.cloudservers.compute.CloudServersUKTemplateBuilderLiveTest)
[TestNG] Test testTemplateBuilderCannotFind(org.jclouds.rackspace.cloudservers.compute.CloudServersUKTemplateBuilderLiveTest) succeeded: 1ms
Test suite progress: tests succeeded: 28, failed: 3, skipped: 0.
Starting test testTemplateBuilderCannotFind(org.jclouds.rackspace.cloudservers.compute.CloudServersUKTemplateBuilderLiveTest)
[TestNG] Test testTemplateBuilderCannotFind(org.jclouds.rackspace.cloudservers.compute.CloudServersUKTemplateBuilderLiveTest) succeeded: 1ms
Test suite progress: tests succeeded: 29, failed: 3, skipped: 0.
Starting test testTemplateBuilderCannotFind(org.jclouds.rackspace.cloudservers.compute.CloudServersUKTemplateBuilderLiveTest)
[TestNG] Test testTemplateBuilderCannotFind(org.jclouds.rackspace.cloudservers.compute.CloudServersUKTemplateBuilderLiveTest) succeeded: 3ms
Test suite progress: tests succeeded: 30, failed: 3, skipped: 0.
Starting test testTemplateBuilderCannotFind(org.jclouds.rackspace.cloudservers.compute.CloudServersUKTemplateBuilderLiveTest)
[TestNG] Test testTemplateBuilderCannotFind(org.jclouds.rackspace.cloudservers.compute.CloudServersUKTemplateBuilderLiveTest) succeeded: 1ms
Test suite progress: tests succeeded: 31, failed: 3, skipped: 0.
Starting test testTemplateBuilderCannotFind(org.jclouds.rackspace.cloudservers.compute.CloudServersUKTemplateBuilderLiveTest)
[TestNG] Test testTemplateBuilderCannotFind(org.jclouds.rackspace.cloudservers.compute.CloudServersUKTemplateBuilderLiveTest) succeeded: 2ms
Test suite progress: tests succeeded: 32, failed: 3, skipped: 0.
Starting test testTemplateBuilderCannotFind(org.jclouds.rackspace.cloudservers.compute.CloudServersUKTemplateBuilderLiveTest)
[TestNG] Test testTemplateBuilderCannotFind(org.jclouds.rackspace.cloudservers.compute.CloudServersUKTemplateBuilderLiveTest) succeeded: 2ms
Test suite progress: tests succeeded: 33, failed: 3, skipped: 0.
Starting test testTemplateBuilderCannotFind(org.jclouds.rackspace.cloudservers.compute.CloudServersUKTemplateBuilderLiveTest)
[TestNG] Test testTemplateBuilderCannotFind(org.jclouds.rackspace.cloudservers.compute.CloudServersUKTemplateBuilderLiveTest) succeeded: 1ms
Test suite progress: tests succeeded: 34, failed: 3, skipped: 0.
Starting test testTemplateBuilderCannotFind(org.jclouds.rackspace.cloudservers.compute.CloudServersUKTemplateBuilderLiveTest)
[TestNG] Test testTemplateBuilderCannotFind(org.jclouds.rackspace.cloudservers.compute.CloudServersUKTemplateBuilderLiveTest) succeeded: 0ms
Test suite progress: tests succeeded: 35, failed: 3, skipped: 0.
Starting test testTemplateBuilderCannotFind(org.jclouds.rackspace.cloudservers.compute.CloudServersUKTemplateBuilderLiveTest)
[TestNG] Test testTemplateBuilderCannotFind(org.jclouds.rackspace.cloudservers.compute.CloudServersUKTemplateBuilderLiveTest) succeeded: 1ms
Test suite progress: tests succeeded: 36, failed: 3, skipped: 0.
Starting test testTemplateBuilderCannotFind(org.jclouds.rackspace.cloudservers.compute.CloudServersUKTemplateBuilderLiveTest)
[TestNG] Test testTemplateBuilderCannotFind(org.jclouds.rackspace.cloudservers.compute.CloudServersUKTemplateBuilderLiveTest) succeeded: 1ms
Test suite progress: tests succeeded: 37, failed: 3, skipped: 0.
Starting test testTemplateBuilderCannotFind(org.jclouds.rackspace.cloudservers.compute.CloudServersUKTemplateBuilderLiveTest)
[TestNG] Test testTemplateBuilderCannotFind(org.jclouds.rackspace.cloudservers.compute.CloudServersUKTemplateBuilderLiveTest) succeeded: 1ms
Test suite progress: tests succeeded: 38, failed: 3, skipped: 0.
Starting test testTemplateBuilderCannotFind(org.jclouds.rackspace.cloudservers.compute.CloudServersUKTemplateBuilderLiveTest)
[TestNG] Test testTemplateBuilderCannotFind(org.jclouds.rackspace.cloudservers.compute.CloudServersUKTemplateBuilderLiveTest) succeeded: 1ms
Test suite progress: tests succeeded: 39, failed: 3, skipped: 0.
Starting test testTemplateBuilderCannotFind(org.jclouds.rackspace.cloudservers.compute.CloudServersUKTemplateBuilderLiveTest)
[TestNG] Test testTemplateBuilderCannotFind(org.jclouds.rackspace.cloudservers.compute.CloudServersUKTemplateBuilderLiveTest) succeeded: 0ms
Test suite progress: tests succeeded: 40, failed: 3, skipped: 0.
Starting test testTemplateBuilderCannotFind(org.jclouds.rackspace.cloudservers.compute.CloudServersUKTemplateBuilderLiveTest)
[TestNG] Test testTemplateBuilderCannotFind(org.jclouds.rackspace.cloudservers.compute.CloudServersUKTemplateBuilderLiveTest) succeeded: 1ms
Test suite progress: tests succeeded: 41, failed: 3, skipped: 0.
Starting test testTemplateBuilderCannotFind(org.jclouds.rackspace.cloudservers.compute.CloudServersUKTemplateBuilderLiveTest)
[TestNG] Test testTemplateBuilderCannotFind(org.jclouds.rackspace.cloudservers.compute.CloudServersUKTemplateBuilderLiveTest) succeeded: 1ms
Test suite progress: tests succeeded: 42, failed: 3, skipped: 0.
Starting test testTemplateBuilderCannotFind(org.jclouds.rackspace.cloudservers.compute.CloudServersUKTemplateBuilderLiveTest)
[TestNG] Test testTemplateBuilderCannotFind(org.jclouds.rackspace.cloudservers.compute.CloudServersUKTemplateBuilderLiveTest) succeeded: 8ms
Test suite progress: tests succeeded: 43, failed: 3, skipped: 0.
Starting test testTemplateBuilderCannotFind(org.jclouds.rackspace.cloudservers.compute.CloudServersUKTemplateBuilderLiveTest)
[TestNG] Test testTemplateBuilderCannotFind(org.jclouds.rackspace.cloudservers.compute.CloudServersUKTemplateBuilderLiveTest) succeeded: 1ms
Test suite progress: tests succeeded: 44, failed: 3, skipped: 0.
Starting test testTemplateBuilderCannotFind(org.jclouds.rackspace.cloudservers.compute.CloudServersUKTemplateBuilderLiveTest)
[TestNG] Test testTemplateBuilderCannotFind(org.jclouds.rackspace.cloudservers.compute.CloudServersUKTemplateBuilderLiveTest) succeeded: 1ms
Test suite progress: tests succeeded: 45, failed: 3, skipped: 0.
Starting test testTemplateBuilderCannotFind(org.jclouds.rackspace.cloudservers.compute.CloudServersUKTemplateBuilderLiveTest)
[TestNG] Test testTemplateBuilderCannotFind(org.jclouds.rackspace.cloudservers.compute.CloudServersUKTemplateBuilderLiveTest) succeeded: 3ms
Test suite progress: tests succeeded: 46, failed: 3, skipped: 0.
Starting test testTemplateBuilderCannotFind(org.jclouds.rackspace.cloudservers.compute.CloudServersUKTemplateBuilderLiveTest)
[TestNG] Test testTemplateBuilderCannotFind(org.jclouds.rackspace.cloudservers.compute.CloudServersUKTemplateBuilderLiveTest) succeeded: 2ms
Test suite progress: tests succeeded: 47, failed: 3, skipped: 0.
Starting test testTemplateBuilderCannotFind(org.jclouds.rackspace.cloudservers.compute.CloudServersUKTemplateBuilderLiveTest)
[TestNG] Test testTemplateBuilderCannotFind(org.jclouds.rackspace.cloudservers.compute.CloudServersUKTemplateBuilderLiveTest) failed.
Test suite progress: tests succeeded: 47, failed: 4, skipped: 0.
Starting test testTemplateBuilderCannotFind(org.jclouds.rackspace.cloudservers.compute.CloudServersUKTemplateBuilderLiveTest)
[TestNG] Test testTemplateBuilderCannotFind(org.jclouds.rackspace.cloudservers.compute.CloudServersUKTemplateBuilderLiveTest) succeeded: 0ms
Test suite progress: tests succeeded: 48, failed: 4, skipped: 0.
Starting test testTemplateBuilderCannotFind(org.jclouds.rackspace.cloudservers.compute.CloudServersUKTemplateBuilderLiveTest)
[TestNG] Test testTemplateBuilderCannotFind(org.jclouds.rackspace.cloudservers.compute.CloudServersUKTemplateBuilderLiveTest) succeeded: 3ms
Test suite progress: tests succeeded: 49, failed: 4, skipped: 0.
Starting test testTemplateBuilderCannotFind(org.jclouds.rackspace.cloudservers.compute.CloudServersUKTemplateBuilderLiveTest)
[TestNG] Test testTemplateBuilderCannotFind(org.jclouds.rackspace.cloudservers.compute.CloudServersUKTemplateBuilderLiveTest) succeeded: 1ms
Test suite progress: tests succeeded: 50, failed: 4, skipped: 0.
Starting test testTemplateBuilderCannotFind(org.jclouds.rackspace.cloudservers.compute.CloudServersUKTemplateBuilderLiveTest)
[TestNG] Test testTemplateBuilderCannotFind(org.jclouds.rackspace.cloudservers.compute.CloudServersUKTemplateBuilderLiveTest) succeeded: 2ms
Test suite progress: tests succeeded: 51, failed: 4, skipped: 0.
Starting test testTemplateBuilderCannotFind(org.jclouds.rackspace.cloudservers.compute.CloudServersUKTemplateBuilderLiveTest)
[TestNG] Test testTemplateBuilderCannotFind(org.jclouds.rackspace.cloudservers.compute.CloudServersUKTemplateBuilderLiveTest) succeeded: 3ms
Test suite progress: tests succeeded: 52, failed: 4, skipped: 0.
Starting test testTemplateBuilderCannotFind(org.jclouds.rackspace.cloudservers.compute.CloudServersUKTemplateBuilderLiveTest)
[TestNG] Test testTemplateBuilderCannotFind(org.jclouds.rackspace.cloudservers.compute.CloudServersUKTemplateBuilderLiveTest) succeeded: 0ms
Test suite progress: tests succeeded: 53, failed: 4, skipped: 0.
Starting test testTemplateBuilderCannotFind(org.jclouds.rackspace.cloudservers.compute.CloudServersUKTemplateBuilderLiveTest)
[TestNG] Test testTemplateBuilderCannotFind(org.jclouds.rackspace.cloudservers.compute.CloudServersUKTemplateBuilderLiveTest) succeeded: 3ms
Test suite progress: tests succeeded: 54, failed: 4, skipped: 0.
Starting test testTemplateBuilderCannotFind(org.jclouds.rackspace.cloudservers.compute.CloudServersUKTemplateBuilderLiveTest)
[TestNG] Test testTemplateBuilderCannotFind(org.jclouds.rackspace.cloudservers.compute.CloudServersUKTemplateBuilderLiveTest) succeeded: 1ms
Test suite progress: tests succeeded: 55, failed: 4, skipped: 0.
Starting test testTemplateBuilderCannotFind(org.jclouds.rackspace.cloudservers.compute.CloudServersUKTemplateBuilderLiveTest)
[TestNG] Test testTemplateBuilderCannotFind(org.jclouds.rackspace.cloudservers.compute.CloudServersUKTemplateBuilderLiveTest) succeeded: 1ms
Test suite progress: tests succeeded: 56, failed: 4, skipped: 0.
Starting test testTemplateBuilderCannotFind(org.jclouds.rackspace.cloudservers.compute.CloudServersUKTemplateBuilderLiveTest)
[TestNG] Test testTemplateBuilderCannotFind(org.jclouds.rackspace.cloudservers.compute.CloudServersUKTemplateBuilderLiveTest) succeeded: 1ms
Test suite progress: tests succeeded: 57, failed: 4, skipped: 0.
Starting test testTemplateBuilderCannotFind(org.jclouds.rackspace.cloudservers.compute.CloudServersUKTemplateBuilderLiveTest)
[TestNG] Test testTemplateBuilderCannotFind(org.jclouds.rackspace.cloudservers.compute.CloudServersUKTemplateBuilderLiveTest) succeeded: 1ms
Test suite progress: tests succeeded: 58, failed: 4, skipped: 0.
Starting test testTemplateBuilderCannotFind(org.jclouds.rackspace.cloudservers.compute.CloudServersUKTemplateBuilderLiveTest)
[TestNG] Test testTemplateBuilderCannotFind(org.jclouds.rackspace.cloudservers.compute.CloudServersUKTemplateBuilderLiveTest) succeeded: 2ms
Test suite progress: tests succeeded: 59, failed: 4, skipped: 0.
Starting test testTemplateBuilderCannotFind(org.jclouds.rackspace.cloudservers.compute.CloudServersUKTemplateBuilderLiveTest)
[TestNG] Test testTemplateBuilderCannotFind(org.jclouds.rackspace.cloudservers.compute.CloudServersUKTemplateBuilderLiveTest) failed.
Test suite progress: tests succeeded: 59, failed: 5, skipped: 0.
Starting test testTemplateBuilderCannotFind(org.jclouds.rackspace.cloudservers.compute.CloudServersUKTemplateBuilderLiveTest)
[TestNG] Test testTemplateBuilderCannotFind(org.jclouds.rackspace.cloudservers.compute.CloudServersUKTemplateBuilderLiveTest) succeeded: 0ms
Test suite progress: tests succeeded: 60, failed: 5, skipped: 0.
Starting test testTemplateBuilderCannotFind(org.jclouds.rackspace.cloudservers.compute.CloudServersUKTemplateBuilderLiveTest)
[TestNG] Test testTemplateBuilderCannotFind(org.jclouds.rackspace.cloudservers.compute.CloudServersUKTemplateBuilderLiveTest) succeeded: 1ms
Test suite progress: tests succeeded: 61, failed: 5, skipped: 0.
Starting test testTemplateBuilderCannotFind(org.jclouds.rackspace.cloudservers.compute.CloudServersUKTemplateBuilderLiveTest)
[TestNG] Test testTemplateBuilderCannotFind(org.jclouds.rackspace.cloudservers.compute.CloudServersUKTemplateBuilderLiveTest) succeeded: 1ms
Test suite progress: tests succeeded: 62, failed: 5, skipped: 0.
Starting test testTemplateBuilderCannotFind(org.jclouds.rackspace.cloudservers.compute.CloudServersUKTemplateBuilderLiveTest)
[TestNG] Test testTemplateBuilderCannotFind(org.jclouds.rackspace.cloudservers.compute.CloudServersUKTemplateBuilderLiveTest) succeeded: 1ms
Test suite progress: tests succeeded: 63, failed: 5, skipped: 0.
Starting test testTemplateBuilderCannotFind(org.jclouds.rackspace.cloudservers.compute.CloudServersUKTemplateBuilderLiveTest)
[TestNG] Test testTemplateBuilderCannotFind(org.jclouds.rackspace.cloudservers.compute.CloudServersUKTemplateBuilderLiveTest) succeeded: 1ms
Test suite progress: tests succeeded: 64, failed: 5, skipped: 0.
Starting test testTemplateBuilderCannotFind(org.jclouds.rackspace.cloudservers.compute.CloudServersUKTemplateBuilderLiveTest)
[TestNG] Test testTemplateBuilderCannotFind(org.jclouds.rackspace.cloudservers.compute.CloudServersUKTemplateBuilderLiveTest) succeeded: 1ms
Test suite progress: tests succeeded: 65, failed: 5, skipped: 0.
Starting test testTemplateBuilderCannotFind(org.jclouds.rackspace.cloudservers.compute.CloudServersUKTemplateBuilderLiveTest)
[TestNG] Test testTemplateBuilderCannotFind(org.jclouds.rackspace.cloudservers.compute.CloudServersUKTemplateBuilderLiveTest) succeeded: 1ms
Test suite progress: tests succeeded: 66, failed: 5, skipped: 0.
Starting test testTemplateBuilderCannotFind(org.jclouds.rackspace.cloudservers.compute.CloudServersUKTemplateBuilderLiveTest)
[TestNG] Test testTemplateBuilderCannotFind(org.jclouds.rackspace.cloudservers.compute.CloudServersUKTemplateBuilderLiveTest) succeeded: 1ms
Test suite progress: tests succeeded: 67, failed: 5, skipped: 0.
Starting test testTemplateBuilderCannotFind(org.jclouds.rackspace.cloudservers.compute.CloudServersUKTemplateBuilderLiveTest)
[TestNG] Test testTemplateBuilderCannotFind(org.jclouds.rackspace.cloudservers.compute.CloudServersUKTemplateBuilderLiveTest) succeeded: 1ms
Test suite progress: tests succeeded: 68, failed: 5, skipped: 0.
Starting test testTemplateBuilderCannotFind(org.jclouds.rackspace.cloudservers.compute.CloudServersUKTemplateBuilderLiveTest)
[TestNG] Test testTemplateBuilderCannotFind(org.jclouds.rackspace.cloudservers.compute.CloudServersUKTemplateBuilderLiveTest) succeeded: 1ms
Test suite progress: tests succeeded: 69, failed: 5, skipped: 0.
Starting test testTemplateBuilderCannotFind(org.jclouds.rackspace.cloudservers.compute.CloudServersUKTemplateBuilderLiveTest)
[TestNG] Test testTemplateBuilderCannotFind(org.jclouds.rackspace.cloudservers.compute.CloudServersUKTemplateBuilderLiveTest) succeeded: 11ms
Test suite progress: tests succeeded: 70, failed: 5, skipped: 0.
Starting test testTemplateBuilderCannotFind(org.jclouds.rackspace.cloudservers.compute.CloudServersUKTemplateBuilderLiveTest)
[TestNG] Test testTemplateBuilderCannotFind(org.jclouds.rackspace.cloudservers.compute.CloudServersUKTemplateBuilderLiveTest) succeeded: 1ms
Test suite progress: tests succeeded: 71, failed: 5, skipped: 0.
Starting test testTemplateBuilderCannotFind(org.jclouds.rackspace.cloudservers.compute.CloudServersUKTemplateBuilderLiveTest)
[TestNG] Test testTemplateBuilderCannotFind(org.jclouds.rackspace.cloudservers.compute.CloudServersUKTemplateBuilderLiveTest) succeeded: 2ms
Test suite progress: tests succeeded: 72, failed: 5, skipped: 0.
Starting test testTemplateBuilderCannotFind(org.jclouds.rackspace.cloudservers.compute.CloudServersUKTemplateBuilderLiveTest)
[TestNG] Test testTemplateBuilderCannotFind(org.jclouds.rackspace.cloudservers.compute.CloudServersUKTemplateBuilderLiveTest) succeeded: 1ms
Test suite progress: tests succeeded: 73, failed: 5, skipped: 0.
Starting test testTemplateBuilderCannotFind(org.jclouds.rackspace.cloudservers.compute.CloudServersUKTemplateBuilderLiveTest)
[TestNG] Test testTemplateBuilderCannotFind(org.jclouds.rackspace.cloudservers.compute.CloudServersUKTemplateBuilderLiveTest) succeeded: 0ms
Test suite progress: tests succeeded: 74, failed: 5, skipped: 0.
Starting test testTemplateBuilderCannotFind(org.jclouds.rackspace.cloudservers.compute.CloudServersUKTemplateBuilderLiveTest)
[TestNG] Test testTemplateBuilderCannotFind(org.jclouds.rackspace.cloudservers.compute.CloudServersUKTemplateBuilderLiveTest) succeeded: 2ms
Test suite progress: tests succeeded: 75, failed: 5, skipped: 0.
Starting test testTemplateBuilderCannotFind(org.jclouds.rackspace.cloudservers.compute.CloudServersUKTemplateBuilderLiveTest)
[TestNG] Test testTemplateBuilderCannotFind(org.jclouds.rackspace.cloudservers.compute.CloudServersUKTemplateBuilderLiveTest) succeeded: 2ms
Test suite progress: tests succeeded: 76, failed: 5, skipped: 0.
Starting test testTemplateBuilderCannotFind(org.jclouds.rackspace.cloudservers.compute.CloudServersUKTemplateBuilderLiveTest)
[TestNG] Test testTemplateBuilderCannotFind(org.jclouds.rackspace.cloudservers.compute.CloudServersUKTemplateBuilderLiveTest) succeeded: 1ms
Test suite progress: tests succeeded: 77, failed: 5, skipped: 0.
Starting test testTemplateBuilderCannotFind(org.jclouds.rackspace.cloudservers.compute.CloudServersUKTemplateBuilderLiveTest)
[TestNG] Test testTemplateBuilderCannotFind(org.jclouds.rackspace.cloudservers.compute.CloudServersUKTemplateBuilderLiveTest) succeeded: 1ms
Test suite progress: tests succeeded: 78, failed: 5, skipped: 0.
Starting test testTemplateBuilderCannotFind(org.jclouds.rackspace.cloudservers.compute.CloudServersUKTemplateBuilderLiveTest)
[TestNG] Test testTemplateBuilderCannotFind(org.jclouds.rackspace.cloudservers.compute.CloudServersUKTemplateBuilderLiveTest) succeeded: 1ms
Test suite progress: tests succeeded: 79, failed: 5, skipped: 0.
Starting test testTemplateBuilderCannotFind(org.jclouds.rackspace.cloudservers.compute.CloudServersUKTemplateBuilderLiveTest)
[TestNG] Test testTemplateBuilderCannotFind(org.jclouds.rackspace.cloudservers.compute.CloudServersUKTemplateBuilderLiveTest) succeeded: 1ms
Test suite progress: tests succeeded: 80, failed: 5, skipped: 0.
Starting test testTemplateBuilderCannotFind(org.jclouds.rackspace.cloudservers.compute.CloudServersUKTemplateBuilderLiveTest)
[TestNG] Test testTemplateBuilderCannotFind(org.jclouds.rackspace.cloudservers.compute.CloudServersUKTemplateBuilderLiveTest) succeeded: 1ms
Test suite progress: tests succeeded: 81, failed: 5, skipped: 0.
Starting test testTemplateBuilderCannotFind(org.jclouds.rackspace.cloudservers.compute.CloudServersUKTemplateBuilderLiveTest)
[TestNG] Test testTemplateBuilderCannotFind(org.jclouds.rackspace.cloudservers.compute.CloudServersUKTemplateBuilderLiveTest) succeeded: 1ms
Test suite progress: tests succeeded: 82, failed: 5, skipped: 0.
Starting test testTemplateBuilderCannotFind(org.jclouds.rackspace.cloudservers.compute.CloudServersUKTemplateBuilderLiveTest)
[TestNG] Test testTemplateBuilderCannotFind(org.jclouds.rackspace.cloudservers.compute.CloudServersUKTemplateBuilderLiveTest) succeeded: 13ms
Test suite progress: tests succeeded: 83, failed: 5, skipped: 0.
Starting test testTemplateBuilderCannotFind(org.jclouds.rackspace.cloudservers.compute.CloudServersUKTemplateBuilderLiveTest)
[TestNG] Test testTemplateBuilderCannotFind(org.jclouds.rackspace.cloudservers.compute.CloudServersUKTemplateBuilderLiveTest) succeeded: 0ms
Test suite progress: tests succeeded: 84, failed: 5, skipped: 0.
Starting test testTemplateBuilderCannotFind(org.jclouds.rackspace.cloudservers.compute.CloudServersUKTemplateBuilderLiveTest)
[TestNG] Test testTemplateBuilderCannotFind(org.jclouds.rackspace.cloudservers.compute.CloudServersUKTemplateBuilderLiveTest) succeeded: 9ms
Test suite progress: tests succeeded: 85, failed: 5, skipped: 0.
Starting test testTemplateBuilderCannotFind(org.jclouds.rackspace.cloudservers.compute.CloudServersUKTemplateBuilderLiveTest)
[TestNG] Test testTemplateBuilderCannotFind(org.jclouds.rackspace.cloudservers.compute.CloudServersUKTemplateBuilderLiveTest) succeeded: 1ms
Test suite progress: tests succeeded: 86, failed: 5, skipped: 0.
Starting test testTemplateBuilderCannotFind(org.jclouds.rackspace.cloudservers.compute.CloudServersUKTemplateBuilderLiveTest)
[TestNG] Test testTemplateBuilderCannotFind(org.jclouds.rackspace.cloudservers.compute.CloudServersUKTemplateBuilderLiveTest) succeeded: 2ms
Test suite progress: tests succeeded: 87, failed: 5, skipped: 0.
Starting test testTemplateBuilderCannotFind(org.jclouds.rackspace.cloudservers.compute.CloudServersUKTemplateBuilderLiveTest)
[TestNG] Test testTemplateBuilderCannotFind(org.jclouds.rackspace.cloudservers.compute.CloudServersUKTemplateBuilderLiveTest) succeeded: 2ms
Test suite progress: tests succeeded: 88, failed: 5, skipped: 0.
Starting test testTemplateBuilderCannotFind(org.jclouds.rackspace.cloudservers.compute.CloudServersUKTemplateBuilderLiveTest)
[TestNG] Test testTemplateBuilderCannotFind(org.jclouds.rackspace.cloudservers.compute.CloudServersUKTemplateBuilderLiveTest) succeeded: 2ms
Test suite progress: tests succeeded: 89, failed: 5, skipped: 0.
Starting test testTemplateBuilderCannotFind(org.jclouds.rackspace.cloudservers.compute.CloudServersUKTemplateBuilderLiveTest)
[TestNG] Test testTemplateBuilderCannotFind(org.jclouds.rackspace.cloudservers.compute.CloudServersUKTemplateBuilderLiveTest) succeeded: 1ms
Test suite progress: tests succeeded: 90, failed: 5, skipped: 0.
Starting test testTemplateBuilderCannotFind(org.jclouds.rackspace.cloudservers.compute.CloudServersUKTemplateBuilderLiveTest)
[TestNG] Test testTemplateBuilderCannotFind(org.jclouds.rackspace.cloudservers.compute.CloudServersUKTemplateBuilderLiveTest) succeeded: 1ms
Test suite progress: tests succeeded: 91, failed: 5, skipped: 0.
Starting test testTemplateBuilderCannotFind(org.jclouds.rackspace.cloudservers.compute.CloudServersUKTemplateBuilderLiveTest)
[TestNG] Test testTemplateBuilderCannotFind(org.jclouds.rackspace.cloudservers.compute.CloudServersUKTemplateBuilderLiveTest) succeeded: 3ms
Test suite progress: tests succeeded: 92, failed: 5, skipped: 0.
Starting test testTemplateBuilderCannotFind(org.jclouds.rackspace.cloudservers.compute.CloudServersUKTemplateBuilderLiveTest)
[TestNG] Test testTemplateBuilderCannotFind(org.jclouds.rackspace.cloudservers.compute.CloudServersUKTemplateBuilderLiveTest) succeeded: 1ms
Test suite progress: tests succeeded: 93, failed: 5, skipped: 0.
Starting test testTemplateBuilder(org.jclouds.rackspace.cloudservers.compute.CloudServersUKTemplateBuilderLiveTest)
[TestNG] Test testTemplateBuilder(org.jclouds.rackspace.cloudservers.compute.CloudServersUKTemplateBuilderLiveTest) failed.
Test suite progress: tests succeeded: 93, failed: 6, skipped: 0.
Starting test testTemplateBuilderCanFind(org.jclouds.rackspace.cloudservers.compute.CloudServersUKTemplateBuilderLiveTest)
[TestNG] Test testTemplateBuilderCanFind(org.jclouds.rackspace.cloudservers.compute.CloudServersUKTemplateBuilderLiveTest) succeeded: 4ms
Test suite progress: tests succeeded: 94, failed: 6, skipped: 0.
Starting test testTemplateBuilderCanFind(org.jclouds.rackspace.cloudservers.compute.CloudServersUKTemplateBuilderLiveTest)
[TestNG] Test testTemplateBuilderCanFind(org.jclouds.rackspace.cloudservers.compute.CloudServersUKTemplateBuilderLiveTest) succeeded: 1ms
Test suite progress: tests succeeded: 95, failed: 6, skipped: 0.
Starting test testTemplateBuilderCanFind(org.jclouds.rackspace.cloudservers.compute.CloudServersUKTemplateBuilderLiveTest)
[TestNG] Test testTemplateBuilderCanFind(org.jclouds.rackspace.cloudservers.compute.CloudServersUKTemplateBuilderLiveTest) succeeded: 1ms
Test suite progress: tests succeeded: 96, failed: 6, skipped: 0.
Starting test testTemplateBuilderCanFind(org.jclouds.rackspace.cloudservers.compute.CloudServersUKTemplateBuilderLiveTest)
[TestNG] Test testTemplateBuilderCanFind(org.jclouds.rackspace.cloudservers.compute.CloudServersUKTemplateBuilderLiveTest) succeeded: 1ms
Test suite progress: tests succeeded: 97, failed: 6, skipped: 0.
Starting test testTemplateBuilderCanFind(org.jclouds.rackspace.cloudservers.compute.CloudServersUKTemplateBuilderLiveTest)
[TestNG] Test testTemplateBuilderCanFind(org.jclouds.rackspace.cloudservers.compute.CloudServersUKTemplateBuilderLiveTest) succeeded: 1ms
Test suite progress: tests succeeded: 98, failed: 6, skipped: 0.
Starting test testTemplateBuilderCanFind(org.jclouds.rackspace.cloudservers.compute.CloudServersUKTemplateBuilderLiveTest)
[TestNG] Test testTemplateBuilderCanFind(org.jclouds.rackspace.cloudservers.compute.CloudServersUKTemplateBuilderLiveTest) succeeded: 1ms
Test suite progress: tests succeeded: 99, failed: 6, skipped: 0.
Starting test testTemplateBuilderCanFind(org.jclouds.rackspace.cloudservers.compute.CloudServersUKTemplateBuilderLiveTest)
[TestNG] Test testTemplateBuilderCanFind(org.jclouds.rackspace.cloudservers.compute.CloudServersUKTemplateBuilderLiveTest) succeeded: 2ms
Test suite progress: tests succeeded: 100, failed: 6, skipped: 0.
Starting test testTemplateBuilderCanFind(org.jclouds.rackspace.cloudservers.compute.CloudServersUKTemplateBuilderLiveTest)
[TestNG] Test testTemplateBuilderCanFind(org.jclouds.rackspace.cloudservers.compute.CloudServersUKTemplateBuilderLiveTest) succeeded: 19ms
Test suite progress: tests succeeded: 101, failed: 6, skipped: 0.
Starting test testTemplateBuilderCanFind(org.jclouds.rackspace.cloudservers.compute.CloudServersUKTemplateBuilderLiveTest)
[TestNG] Test testTemplateBuilderCanFind(org.jclouds.rackspace.cloudservers.compute.CloudServersUKTemplateBuilderLiveTest) succeeded: 1ms
Test suite progress: tests succeeded: 102, failed: 6, skipped: 0.
Starting test testTemplateBuilderCanFind(org.jclouds.rackspace.cloudservers.compute.CloudServersUKTemplateBuilderLiveTest)
[TestNG] Test testTemplateBuilderCanFind(org.jclouds.rackspace.cloudservers.compute.CloudServersUKTemplateBuilderLiveTest) succeeded: 1ms
Test suite progress: tests succeeded: 103, failed: 6, skipped: 0.
Starting test testTemplateBuilderCanFind(org.jclouds.rackspace.cloudservers.compute.CloudServersUKTemplateBuilderLiveTest)
[TestNG] Test testTemplateBuilderCanFind(org.jclouds.rackspace.cloudservers.compute.CloudServersUKTemplateBuilderLiveTest) succeeded: 1ms
Test suite progress: tests succeeded: 104, failed: 6, skipped: 0.
Starting test testTemplateBuilderCanFind(org.jclouds.rackspace.cloudservers.compute.CloudServersUKTemplateBuilderLiveTest)
[TestNG] Test testTemplateBuilderCanFind(org.jclouds.rackspace.cloudservers.compute.CloudServersUKTemplateBuilderLiveTest) succeeded: 1ms
Test suite progress: tests succeeded: 105, failed: 6, skipped: 0.
Starting test testTemplateBuilderCanFind(org.jclouds.rackspace.cloudservers.compute.CloudServersUKTemplateBuilderLiveTest)
[TestNG] Test testTemplateBuilderCanFind(org.jclouds.rackspace.cloudservers.compute.CloudServersUKTemplateBuilderLiveTest) succeeded: 0ms
Test suite progress: tests succeeded: 106, failed: 6, skipped: 0.
Starting test testTemplateBuilderCanFind(org.jclouds.rackspace.cloudservers.compute.CloudServersUKTemplateBuilderLiveTest)
[TestNG] Test testTemplateBuilderCanFind(org.jclouds.rackspace.cloudservers.compute.CloudServersUKTemplateBuilderLiveTest) succeeded: 7ms
Test suite progress: tests succeeded: 107, failed: 6, skipped: 0.
Starting test testTemplateBuilderWithLoginUserSpecified(org.jclouds.rackspace.cloudservers.compute.CloudServersUKTemplateBuilderLiveTest)
[TestNG] Test testTemplateBuilderWithLoginUserSpecified(org.jclouds.rackspace.cloudservers.compute.CloudServersUKTemplateBuilderLiveTest) succeeded: 7108ms
Test suite progress: tests succeeded: 108, failed: 6, skipped: 0.
Starting test testCompareSizes(org.jclouds.rackspace.cloudservers.compute.CloudServersUKTemplateBuilderLiveTest)
smallest {id=1, providerId=1, name=256 server, processors=[{cores=1.0, speed=1.0}], ram=256, volumes=[{type=LOCAL, size=10.0, bootDevice=true, durable=true}], hypervisor=xen, supportsImage=ALWAYS_TRUE}
fastest {id=8, providerId=8, name=30GB server, processors=[{cores=120.0, speed=1.0}], ram=30720, volumes=[{type=LOCAL, size=1200.0, bootDevice=true, durable=true}], hypervisor=xen, supportsImage=ALWAYS_TRUE}
biggest {id=8, providerId=8, name=30GB server, processors=[{cores=120.0, speed=1.0}], ram=30720, volumes=[{type=LOCAL, size=1200.0, bootDevice=true, durable=true}], hypervisor=xen, supportsImage=ALWAYS_TRUE}
[TestNG] Test testCompareSizes(org.jclouds.rackspace.cloudservers.compute.CloudServersUKTemplateBuilderLiveTest) succeeded: 12ms
Test suite progress: tests succeeded: 109, failed: 6, skipped: 0.
Starting test testTemplateBuilderCanUseImageId(org.jclouds.rackspace.cloudservers.compute.CloudServersUKTemplateBuilderLiveTest)
[TestNG] Test testTemplateBuilderCanUseImageId(org.jclouds.rackspace.cloudservers.compute.CloudServersUKTemplateBuilderLiveTest) succeeded: 3777ms
Test suite progress: tests succeeded: 110, failed: 6, skipped: 0.
Starting test testFromTemplate(org.jclouds.rackspace.cloudservers.compute.CloudServersUKTemplateBuilderLiveTest)
[TestNG] Test testFromTemplate(org.jclouds.rackspace.cloudservers.compute.CloudServersUKTemplateBuilderLiveTest) succeeded: 4ms
Test suite progress: tests succeeded: 111, failed: 6, skipped: 0.
Starting test testTemplateBuilderWithImageIdSpecified(org.jclouds.rackspace.cloudservers.compute.CloudServersUKTemplateBuilderLiveTest)
[TestNG] Test testTemplateBuilderWithImageIdSpecified(org.jclouds.rackspace.cloudservers.compute.CloudServersUKTemplateBuilderLiveTest) succeeded: 6992ms
Test suite progress: tests succeeded: 112, failed: 6, skipped: 0.
Starting test testGetAssignableLocations(org.jclouds.rackspace.cloudservers.compute.CloudServersUKTemplateBuilderLiveTest)
[TestNG] Test testGetAssignableLocations(org.jclouds.rackspace.cloudservers.compute.CloudServersUKTemplateBuilderLiveTest) succeeded: 3ms
Test suite progress: tests succeeded: 113, failed: 6, skipped: 0.
Starting test testChangePassword(org.jclouds.rackspace.cloudservers.CloudServersUKClientLiveTest)
blocking on status active
Server{id=10307381, name=adriancole.cscreateserver1324243579, metadata={jclouds=rackspace}, addresses=Addresses{publicAddresses=[46.38.161.231], privateAddresses=[10.176.87.105]}, adminPass=null, flavorId=1, hostId=1947df799cffe6c3c4bbe1fdc0e425df, imageId=14362, sharedIpGroupId=null, progress=100, status=PASSWORD}
blocking on status active
Server{id=10307381, name=adriancole.cscreateserver1324243579, metadata={jclouds=rackspace}, addresses=Addresses{publicAddresses=[46.38.161.231], privateAddresses=[10.176.87.105]}, adminPass=null, flavorId=1, hostId=1947df799cffe6c3c4bbe1fdc0e425df, imageId=14362, sharedIpGroupId=null, progress=100, status=PASSWORD}
[TestNG] Test testChangePassword(org.jclouds.rackspace.cloudservers.CloudServersUKClientLiveTest) succeeded: 23807ms
Test suite progress: tests succeeded: 114, failed: 6, skipped: 0.
Starting test testCreateSharedIpGroup(org.jclouds.rackspace.cloudservers.CloudServersUKClientLiveTest)
[TestNG] Test testCreateSharedIpGroup(org.jclouds.rackspace.cloudservers.CloudServersUKClientLiveTest) failed.
Test suite progress: tests succeeded: 114, failed: 7, skipped: 0.
Starting test testRenameServer(org.jclouds.rackspace.cloudservers.CloudServersUKClientLiveTest)
[TestNG] Test testRenameServer(org.jclouds.rackspace.cloudservers.CloudServersUKClientLiveTest) succeeded: 5948ms
Test suite progress: tests succeeded: 115, failed: 7, skipped: 0.
Starting test testServerDetails(org.jclouds.rackspace.cloudservers.CloudServersUKClientLiveTest)
[TestNG] Test testServerDetails(org.jclouds.rackspace.cloudservers.CloudServersUKClientLiveTest) succeeded: 8219ms
Test suite progress: tests succeeded: 116, failed: 7, skipped: 0.
[TestNG] Test testCreateServerIp(org.jclouds.rackspace.cloudservers.CloudServersUKClientLiveTest) skipped.
Test suite progress: tests succeeded: 116, failed: 7, skipped: 1.
[TestNG] Test testUnshare(org.jclouds.rackspace.cloudservers.CloudServersUKClientLiveTest) skipped.
Test suite progress: tests succeeded: 116, failed: 7, skipped: 2.
[TestNG] Test testShareConfig(org.jclouds.rackspace.cloudservers.CloudServersUKClientLiveTest) skipped.
Test suite progress: tests succeeded: 116, failed: 7, skipped: 3.
[TestNG] Test testShareNoConfig(org.jclouds.rackspace.cloudservers.CloudServersUKClientLiveTest) skipped.
Test suite progress: tests succeeded: 116, failed: 7, skipped: 4.
[TestNG] Test testBackup(org.jclouds.rackspace.cloudservers.CloudServersUKClientLiveTest) skipped.
Test suite progress: tests succeeded: 116, failed: 7, skipped: 5.
[TestNG] Test testCreateImage(org.jclouds.rackspace.cloudservers.CloudServersUKClientLiveTest) skipped.
Test suite progress: tests succeeded: 116, failed: 7, skipped: 6.
[TestNG] Test testRebuildServer(org.jclouds.rackspace.cloudservers.CloudServersUKClientLiveTest) skipped.
Test suite progress: tests succeeded: 116, failed: 7, skipped: 7.
[TestNG] Test testRebootHard(org.jclouds.rackspace.cloudservers.CloudServersUKClientLiveTest) skipped.
Test suite progress: tests succeeded: 116, failed: 7, skipped: 8.
[TestNG] Test testRebootSoft(org.jclouds.rackspace.cloudservers.CloudServersUKClientLiveTest) skipped.
Test suite progress: tests succeeded: 116, failed: 7, skipped: 9.
[TestNG] Test testConfirmResize(org.jclouds.rackspace.cloudservers.CloudServersUKClientLiveTest) skipped.
Test suite progress: tests succeeded: 116, failed: 7, skipped: 10.
[TestNG] Test testRevertResize(org.jclouds.rackspace.cloudservers.CloudServersUKClientLiveTest) skipped.
Test suite progress: tests succeeded: 116, failed: 7, skipped: 11.
[TestNG] Test deleteServer2(org.jclouds.rackspace.cloudservers.CloudServersUKClientLiveTest) skipped.
Test suite progress: tests succeeded: 116, failed: 7, skipped: 12.
[TestNG] Test testDeleteImage(org.jclouds.rackspace.cloudservers.CloudServersUKClientLiveTest) skipped.
Test suite progress: tests succeeded: 116, failed: 7, skipped: 13.
[TestNG] Test deleteServer1(org.jclouds.rackspace.cloudservers.CloudServersUKClientLiveTest) skipped.
Test suite progress: tests succeeded: 116, failed: 7, skipped: 14.
[TestNG] Test testDeleteSharedIpGroup(org.jclouds.rackspace.cloudservers.CloudServersUKClientLiveTest) skipped.
Test suite progress: tests succeeded: 116, failed: 7, skipped: 15.
[TestNG] Test testCreateAndRunAService(org.jclouds.rackspace.cloudservers.compute.CloudServersUKComputeServiceLiveTest) succeeded: 500364ms
Test suite progress: tests succeeded: 117, failed: 7, skipped: 15.
Starting test testCorrectAuthException(org.jclouds.rackspace.cloudservers.compute.CloudServersUKComputeServiceLiveTest)
[TestNG] Test testCorrectAuthException(org.jclouds.rackspace.cloudservers.compute.CloudServersUKComputeServiceLiveTest) succeeded: 1075ms
Test suite progress: tests succeeded: 118, failed: 7, skipped: 15.
Starting test testAScriptExecutionAfterBootWithBasicTemplate(org.jclouds.rackspace.cloudservers.compute.CloudServersUKComputeServiceLiveTest)
[TestNG] Test testAScriptExecutionAfterBootWithBasicTemplate(org.jclouds.rackspace.cloudservers.compute.CloudServersUKComputeServiceLiveTest) succeeded: 565736ms
Test suite progress: tests succeeded: 119, failed: 7, skipped: 15.
Starting test testConcurrentUseOfComputeServiceToCreateNodes(org.jclouds.rackspace.cloudservers.compute.CloudServersUKComputeServiceLiveTest)
[TestNG] Test testConcurrentUseOfComputeServiceToCreateNodes(org.jclouds.rackspace.cloudservers.compute.CloudServersUKComputeServiceLiveTest) succeeded: 474701ms
Test suite progress: tests succeeded: 120, failed: 7, skipped: 15.
Starting test testTemplateMatch(org.jclouds.rackspace.cloudservers.compute.CloudServersUKComputeServiceLiveTest)
[TestNG] Test testTemplateMatch(org.jclouds.rackspace.cloudservers.compute.CloudServersUKComputeServiceLiveTest) succeeded: 4ms
Test suite progress: tests succeeded: 121, failed: 7, skipped: 15.
Starting test testCreateTwoNodesWithRunScript(org.jclouds.rackspace.cloudservers.compute.CloudServersUKComputeServiceLiveTest)
[TestNG] Test testCreateTwoNodesWithRunScript(org.jclouds.rackspace.cloudservers.compute.CloudServersUKComputeServiceLiveTest) succeeded: 678558ms
Test suite progress: tests succeeded: 122, failed: 7, skipped: 15.
Starting test testCreateAnotherNodeWithANewContextToEnsureSharedMemIsntRequired(org.jclouds.rackspace.cloudservers.compute.CloudServersUKComputeServiceLiveTest)
[TestNG] Test testCreateAnotherNodeWithANewContextToEnsureSharedMemIsntRequired(org.jclouds.rackspace.cloudservers.compute.CloudServersUKComputeServiceLiveTest) succeeded: 389402ms
Test suite progress: tests succeeded: 123, failed: 7, skipped: 15.
Starting test testCredentialsCache(org.jclouds.rackspace.cloudservers.compute.CloudServersUKComputeServiceLiveTest)
[TestNG] Test testCredentialsCache(org.jclouds.rackspace.cloudservers.compute.CloudServersUKComputeServiceLiveTest) succeeded: 226ms
Test suite progress: tests succeeded: 124, failed: 7, skipped: 15.
Starting test testGet(org.jclouds.rackspace.cloudservers.compute.CloudServersUKComputeServiceLiveTest)
[TestNG] Test testGet(org.jclouds.rackspace.cloudservers.compute.CloudServersUKComputeServiceLiveTest) succeeded: 8921ms
Test suite progress: tests succeeded: 125, failed: 7, skipped: 15.
Starting test testReboot(org.jclouds.rackspace.cloudservers.compute.CloudServersUKComputeServiceLiveTest)
[TestNG] Test testReboot(org.jclouds.rackspace.cloudservers.compute.CloudServersUKComputeServiceLiveTest) succeeded: 97480ms
Test suite progress: tests succeeded: 126, failed: 7, skipped: 15.
Starting test testSuspendResume(org.jclouds.rackspace.cloudservers.compute.CloudServersUKComputeServiceLiveTest)
[TestNG] Test testSuspendResume(org.jclouds.rackspace.cloudservers.compute.CloudServersUKComputeServiceLiveTest) succeeded: 3631ms
Test suite progress: tests succeeded: 127, failed: 7, skipped: 15.
Starting test testGetNodesWithDetails(org.jclouds.rackspace.cloudservers.compute.CloudServersUKComputeServiceLiveTest)
[TestNG] Test testGetNodesWithDetails(org.jclouds.rackspace.cloudservers.compute.CloudServersUKComputeServiceLiveTest) succeeded: 1838ms
Test suite progress: tests succeeded: 128, failed: 7, skipped: 15.
Starting test testListNodes(org.jclouds.rackspace.cloudservers.compute.CloudServersUKComputeServiceLiveTest)
[TestNG] Test testListNodes(org.jclouds.rackspace.cloudservers.compute.CloudServersUKComputeServiceLiveTest) succeeded: 1638ms
Test suite progress: tests succeeded: 129, failed: 7, skipped: 15.
Starting test testDestroyNodes(org.jclouds.rackspace.cloudservers.compute.CloudServersUKComputeServiceLiveTest)
[TestNG] Test testDestroyNodes(org.jclouds.rackspace.cloudservers.compute.CloudServersUKComputeServiceLiveTest) succeeded: 10691ms
Test suite progress: tests succeeded: 130, failed: 7, skipped: 15.
Tests run: 152, Failures: 7, Errors: 0, Skipped: 15, Time elapsed: 2,794.589 sec <<< FAILURE!
testGetImagesDetail(org.jclouds.rackspace.cloudservers.CloudServersUKClientLiveTest)  Time elapsed: 2.597 sec  <<< FAILURE!
java.lang.AssertionError: expected [Image{created=Tue Jan 26 10:07:44 PST 2010, id=31, name=Windows Server 2008 SP2 x86, progress=null, serverId=null, status=ACTIVE, updated=Tue Jan 26 10:07:44 PST 2010}] but found [Image{created=null, id=31, name=Windows Server 2008 SP2 x86, progress=null, serverId=null, status=ACTIVE, updated=Tue Jan 26 10:07:44 PST 2010}]
	at org.testng.Assert.fail(Assert.java:94)
	at org.testng.Assert.failNotEquals(Assert.java:494)
	at org.testng.Assert.assertEquals(Assert.java:123)
	at org.testng.Assert.assertEquals(Assert.java:165)
	at org.jclouds.cloudservers.CloudServersClientLiveTest.testGetImagesDetail(CloudServersClientLiveTest.java:152)
	at sun.reflect.NativeMethodAccessorImpl.invoke0(Native Method)
	at sun.reflect.NativeMethodAccessorImpl.invoke(NativeMethodAccessorImpl.java:39)
	at sun.reflect.DelegatingMethodAccessorImpl.invoke(DelegatingMethodAccessorImpl.java:25)
	at java.lang.reflect.Method.invoke(Method.java:597)
	at org.testng.internal.MethodInvocationHelper.invokeMethod(MethodInvocationHelper.java:80)
	at org.testng.internal.Invoker.invokeMethod(Invoker.java:714)
	at org.testng.internal.Invoker.invokeTestMethod(Invoker.java:901)
	at org.testng.internal.Invoker.invokeTestMethods(Invoker.java:1231)
	at org.testng.internal.TestMethodWorker.invokeTestMethods(TestMethodWorker.java:127)
	at org.testng.internal.TestMethodWorker.run(TestMethodWorker.java:111)
	at org.testng.TestRunner.privateRun(TestRunner.java:767)
	at org.testng.TestRunner.run(TestRunner.java:617)
	at org.testng.SuiteRunner.runTest(SuiteRunner.java:334)
	at org.testng.SuiteRunner.access$000(SuiteRunner.java:37)
	at org.testng.SuiteRunner$SuiteWorker.run(SuiteRunner.java:368)
	at org.testng.internal.thread.ThreadUtil$2.call(ThreadUtil.java:64)
	at java.util.concurrent.FutureTask$Sync.innerRun(FutureTask.java:303)
	at java.util.concurrent.FutureTask.run(FutureTask.java:138)
	at java.util.concurrent.ThreadPoolExecutor$Worker.runTask(ThreadPoolExecutor.java:895)
	at java.util.concurrent.ThreadPoolExecutor$Worker.run(ThreadPoolExecutor.java:918)
	at java.lang.Thread.run(Thread.java:680)

testLimits(org.jclouds.rackspace.cloudservers.CloudServersUKClientLiveTest)  Time elapsed: 1.16 sec  <<< FAILURE!
org.jclouds.http.HttpResponseException: Error parsing input
{statusCode=200, message=OK, headers={Age=[0], Last-Modified=[Sat, 09 Mar 2013 17:40:09 GMT], Connection=[keep-alive], vary=[Accept, Accept-Encoding, X-Auth-Token], Server=[Apache-Coyote/1.1], Cache-Control=[s-maxage=1800], X-Varnish=[220047132], Date=[Sat, 09 Mar 2013 17:40:09 GMT], X-PURGE-KEY=[/10001786/limits], Via=[1.1 varnish]}, payload=[content=true, contentMetadata=[contentDisposition=null, contentEncoding=null, contentLanguage=null, contentLength=531, contentMD5=null, contentType=application/json, expires=null], written=false]}
	at org.jclouds.http.functions.ParseJson.apply(ParseJson.java:71)
	at org.jclouds.http.functions.UnwrapOnlyJsonValue.apply(UnwrapOnlyJsonValue.java:46)
	at org.jclouds.http.functions.UnwrapOnlyJsonValue.apply(UnwrapOnlyJsonValue.java:34)
	at org.jclouds.rest.internal.InvokeHttpMethod.invoke(InvokeHttpMethod.java:131)
	at org.jclouds.rest.internal.InvokeHttpMethod.apply(InvokeHttpMethod.java:97)
	at org.jclouds.rest.internal.InvokeHttpMethod.apply(InvokeHttpMethod.java:59)
	at org.jclouds.rest.internal.DelegatesToInvocationFunction.handle(DelegatesToInvocationFunction.java:137)
	at org.jclouds.rest.internal.DelegatesToInvocationFunction.invoke(DelegatesToInvocationFunction.java:125)
	at com.sun.proxy.$Proxy64.getLimits(Unknown Source)
	at org.jclouds.cloudservers.CloudServersClientLiveTest.testLimits(CloudServersClientLiveTest.java:99)
	at sun.reflect.NativeMethodAccessorImpl.invoke0(Native Method)
	at sun.reflect.NativeMethodAccessorImpl.invoke(NativeMethodAccessorImpl.java:39)
	at sun.reflect.DelegatingMethodAccessorImpl.invoke(DelegatingMethodAccessorImpl.java:25)
	at java.lang.reflect.Method.invoke(Method.java:597)
	at org.testng.internal.MethodInvocationHelper.invokeMethod(MethodInvocationHelper.java:80)
	at org.testng.internal.Invoker.invokeMethod(Invoker.java:714)
	at org.testng.internal.Invoker.invokeTestMethod(Invoker.java:901)
	at org.testng.internal.Invoker.invokeTestMethods(Invoker.java:1231)
	at org.testng.internal.TestMethodWorker.invokeTestMethods(TestMethodWorker.java:127)
	at org.testng.internal.TestMethodWorker.run(TestMethodWorker.java:111)
	at org.testng.TestRunner.privateRun(TestRunner.java:767)
	at org.testng.TestRunner.run(TestRunner.java:617)
	at org.testng.SuiteRunner.runTest(SuiteRunner.java:334)
	at org.testng.SuiteRunner.access$000(SuiteRunner.java:37)
	at org.testng.SuiteRunner$SuiteWorker.run(SuiteRunner.java:368)
	at org.testng.internal.thread.ThreadUtil$2.call(ThreadUtil.java:64)
	at java.util.concurrent.FutureTask$Sync.innerRun(FutureTask.java:303)
	at java.util.concurrent.FutureTask.run(FutureTask.java:138)
	at java.util.concurrent.ThreadPoolExecutor$Worker.runTask(ThreadPoolExecutor.java:895)
	at java.util.concurrent.ThreadPoolExecutor$Worker.run(ThreadPoolExecutor.java:918)
	at java.lang.Thread.run(Thread.java:680)
Caused by: java.lang.NullPointerException: uri
	at com.google.common.base.Preconditions.checkNotNull(Preconditions.java:208)
	at org.jclouds.cloudservers.domain.RateLimit.<init>(RateLimit.java:159)
	at sun.reflect.NativeConstructorAccessorImpl.newInstance0(Native Method)
	at sun.reflect.NativeConstructorAccessorImpl.newInstance(NativeConstructorAccessorImpl.java:39)
	at sun.reflect.DelegatingConstructorAccessorImpl.newInstance(DelegatingConstructorAccessorImpl.java:27)
	at java.lang.reflect.Constructor.newInstance(Constructor.java:513)
	at com.google.common.reflect.Invokable$ConstructorInvokable.invokeInternal(Invokable.java:243)
	at com.google.common.reflect.Invokable.invoke(Invokable.java:102)
	at org.jclouds.json.internal.DeserializationConstructorAndReflectiveTypeAdapterFactory$DeserializeIntoParameterizedConstructor.newInstance(DeserializationConstructorAndReflectiveTypeAdapterFactory.java:214)
	at org.jclouds.json.internal.DeserializationConstructorAndReflectiveTypeAdapterFactory$DeserializeIntoParameterizedConstructor.read(DeserializationConstructorAndReflectiveTypeAdapterFactory.java:194)
	at org.jclouds.json.internal.NullFilteringTypeAdapterFactories$IterableTypeAdapterFactory$IterableTypeAdapter.readAndBuild(NullFilteringTypeAdapterFactories.java:120)
	at org.jclouds.json.internal.NullFilteringTypeAdapterFactories$SetTypeAdapterFactory$SetTypeAdapter.read(NullFilteringTypeAdapterFactories.java:223)
	at org.jclouds.json.internal.NullFilteringTypeAdapterFactories$SetTypeAdapterFactory$SetTypeAdapter.read(NullFilteringTypeAdapterFactories.java:209)
	at org.jclouds.json.internal.DeserializationConstructorAndReflectiveTypeAdapterFactory$ParameterReader.read(DeserializationConstructorAndReflectiveTypeAdapterFactory.java:262)
	at org.jclouds.json.internal.DeserializationConstructorAndReflectiveTypeAdapterFactory$DeserializeIntoParameterizedConstructor.read(DeserializationConstructorAndReflectiveTypeAdapterFactory.java:176)
	at org.jclouds.json.internal.NullFilteringTypeAdapterFactories$MapTypeAdapterFactory$MapTypeAdapter.read(NullFilteringTypeAdapterFactories.java:355)
	at org.jclouds.json.internal.NullFilteringTypeAdapterFactories$MapTypeAdapterFactory$MapTypeAdapter.read(NullFilteringTypeAdapterFactories.java:325)
	at com.google.gson.Gson.fromJson(Gson.java:795)
	at com.google.gson.Gson.fromJson(Gson.java:761)
	at com.google.gson.Gson.fromJson(Gson.java:710)
	at org.jclouds.json.internal.GsonWrapper.fromJson(GsonWrapper.java:47)
	at org.jclouds.http.functions.ParseJson.apply(ParseJson.java:86)
	at org.jclouds.http.functions.ParseJson.apply(ParseJson.java:80)
	at org.jclouds.http.functions.ParseJson.apply(ParseJson.java:66)
	... 30 more
Caused by: java.lang.NullPointerException: uri
	at com.google.common.base.Preconditions.checkNotNull(Preconditions.java:208)
	at org.jclouds.cloudservers.domain.RateLimit.<init>(RateLimit.java:159)
	at sun.reflect.NativeConstructorAccessorImpl.newInstance0(Native Method)
	at sun.reflect.NativeConstructorAccessorImpl.newInstance(NativeConstructorAccessorImpl.java:39)
	at sun.reflect.DelegatingConstructorAccessorImpl.newInstance(DelegatingConstructorAccessorImpl.java:27)
	at java.lang.reflect.Constructor.newInstance(Constructor.java:513)
	at com.google.common.reflect.Invokable$ConstructorInvokable.invokeInternal(Invokable.java:243)
	at com.google.common.reflect.Invokable.invoke(Invokable.java:102)
	at org.jclouds.json.internal.DeserializationConstructorAndReflectiveTypeAdapterFactory$DeserializeIntoParameterizedConstructor.newInstance(DeserializationConstructorAndReflectiveTypeAdapterFactory.java:214)
	at org.jclouds.json.internal.DeserializationConstructorAndReflectiveTypeAdapterFactory$DeserializeIntoParameterizedConstructor.read(DeserializationConstructorAndReflectiveTypeAdapterFactory.java:194)
	at org.jclouds.json.internal.NullFilteringTypeAdapterFactories$IterableTypeAdapterFactory$IterableTypeAdapter.readAndBuild(NullFilteringTypeAdapterFactories.java:120)
	at org.jclouds.json.internal.NullFilteringTypeAdapterFactories$SetTypeAdapterFactory$SetTypeAdapter.read(NullFilteringTypeAdapterFactories.java:223)
	at org.jclouds.json.internal.NullFilteringTypeAdapterFactories$SetTypeAdapterFactory$SetTypeAdapter.read(NullFilteringTypeAdapterFactories.java:209)
	at org.jclouds.json.internal.DeserializationConstructorAndReflectiveTypeAdapterFactory$ParameterReader.read(DeserializationConstructorAndReflectiveTypeAdapterFactory.java:262)
	at org.jclouds.json.internal.DeserializationConstructorAndReflectiveTypeAdapterFactory$DeserializeIntoParameterizedConstructor.read(DeserializationConstructorAndReflectiveTypeAdapterFactory.java:176)
	at org.jclouds.json.internal.NullFilteringTypeAdapterFactories$MapTypeAdapterFactory$MapTypeAdapter.read(NullFilteringTypeAdapterFactories.java:355)
	at org.jclouds.json.internal.NullFilteringTypeAdapterFactories$MapTypeAdapterFactory$MapTypeAdapter.read(NullFilteringTypeAdapterFactories.java:325)
	at com.google.gson.Gson.fromJson(Gson.java:795)
	at com.google.gson.Gson.fromJson(Gson.java:761)
	at com.google.gson.Gson.fromJson(Gson.java:710)
	at org.jclouds.json.internal.GsonWrapper.fromJson(GsonWrapper.java:47)
	at org.jclouds.http.functions.ParseJson.apply(ParseJson.java:86)
	at org.jclouds.http.functions.ParseJson.apply(ParseJson.java:80)
	at org.jclouds.http.functions.ParseJson.apply(ParseJson.java:66)
	... 30 more

testListSharedIpGroupsDetail(org.jclouds.rackspace.cloudservers.CloudServersUKClientLiveTest)  Time elapsed: 1.149 sec  <<< FAILURE!
java.lang.AssertionError: SharedIpGroup{id=44, name=adriancole.cscreateSharedIpGroup666947340, servers=null}
	at org.jclouds.cloudservers.CloudServersClientLiveTest.testListSharedIpGroupsDetail(CloudServersClientLiveTest.java:238)
	at sun.reflect.NativeMethodAccessorImpl.invoke0(Native Method)
	at sun.reflect.NativeMethodAccessorImpl.invoke(NativeMethodAccessorImpl.java:39)
	at sun.reflect.DelegatingMethodAccessorImpl.invoke(DelegatingMethodAccessorImpl.java:25)
	at java.lang.reflect.Method.invoke(Method.java:597)
	at org.testng.internal.MethodInvocationHelper.invokeMethod(MethodInvocationHelper.java:80)
	at org.testng.internal.Invoker.invokeMethod(Invoker.java:714)
	at org.testng.internal.Invoker.invokeTestMethod(Invoker.java:901)
	at org.testng.internal.Invoker.invokeTestMethods(Invoker.java:1231)
	at org.testng.internal.TestMethodWorker.invokeTestMethods(TestMethodWorker.java:127)
	at org.testng.internal.TestMethodWorker.run(TestMethodWorker.java:111)
	at org.testng.TestRunner.privateRun(TestRunner.java:767)
	at org.testng.TestRunner.run(TestRunner.java:617)
	at org.testng.SuiteRunner.runTest(SuiteRunner.java:334)
	at org.testng.SuiteRunner.access$000(SuiteRunner.java:37)
	at org.testng.SuiteRunner$SuiteWorker.run(SuiteRunner.java:368)
	at org.testng.internal.thread.ThreadUtil$2.call(ThreadUtil.java:64)
	at java.util.concurrent.FutureTask$Sync.innerRun(FutureTask.java:303)
	at java.util.concurrent.FutureTask.run(FutureTask.java:138)
	at java.util.concurrent.ThreadPoolExecutor$Worker.runTask(ThreadPoolExecutor.java:895)
	at java.util.concurrent.ThreadPoolExecutor$Worker.run(ThreadPoolExecutor.java:918)
	at java.lang.Thread.run(Thread.java:680)

testTemplateBuilderCannotFind(org.jclouds.rackspace.cloudservers.compute.CloudServersUKTemplateBuilderLiveTest)  Time elapsed: 0 sec  <<< FAILURE!
org.testng.TestException: 
Method BaseTemplateBuilderLiveTest.testTemplateBuilderCannotFind(org.jclouds.compute.domain.OsFamilyVersion64Bit)[pri:0, instance:org.jclouds.rackspace.cloudservers.compute.CloudServersUKTemplateBuilderLiveTest@736921fd] should have thrown an exception of class java.util.NoSuchElementException
	at org.testng.internal.Invoker.handleInvocationResults(Invoker.java:1512)
	at org.testng.internal.Invoker.invokeMethod(Invoker.java:754)
	at org.testng.internal.Invoker.invokeTestMethod(Invoker.java:901)
	at org.testng.internal.Invoker.invokeTestMethods(Invoker.java:1231)
	at org.testng.internal.TestMethodWorker.invokeTestMethods(TestMethodWorker.java:127)
	at org.testng.internal.TestMethodWorker.run(TestMethodWorker.java:111)
	at org.testng.TestRunner.privateRun(TestRunner.java:767)
	at org.testng.TestRunner.run(TestRunner.java:617)
	at org.testng.SuiteRunner.runTest(SuiteRunner.java:334)
	at org.testng.SuiteRunner.access$000(SuiteRunner.java:37)
	at org.testng.SuiteRunner$SuiteWorker.run(SuiteRunner.java:368)
	at org.testng.internal.thread.ThreadUtil$2.call(ThreadUtil.java:64)
	at java.util.concurrent.FutureTask$Sync.innerRun(FutureTask.java:303)
	at java.util.concurrent.FutureTask.run(FutureTask.java:138)
	at java.util.concurrent.ThreadPoolExecutor$Worker.runTask(ThreadPoolExecutor.java:895)
	at java.util.concurrent.ThreadPoolExecutor$Worker.run(ThreadPoolExecutor.java:918)
	at java.lang.Thread.run(Thread.java:680)

testTemplateBuilderCannotFind(org.jclouds.rackspace.cloudservers.compute.CloudServersUKTemplateBuilderLiveTest)  Time elapsed: 0.001 sec  <<< FAILURE!
org.testng.TestException: 
Method BaseTemplateBuilderLiveTest.testTemplateBuilderCannotFind(org.jclouds.compute.domain.OsFamilyVersion64Bit)[pri:0, instance:org.jclouds.rackspace.cloudservers.compute.CloudServersUKTemplateBuilderLiveTest@736921fd] should have thrown an exception of class java.util.NoSuchElementException
	at org.testng.internal.Invoker.handleInvocationResults(Invoker.java:1512)
	at org.testng.internal.Invoker.invokeMethod(Invoker.java:754)
	at org.testng.internal.Invoker.invokeTestMethod(Invoker.java:901)
	at org.testng.internal.Invoker.invokeTestMethods(Invoker.java:1231)
	at org.testng.internal.TestMethodWorker.invokeTestMethods(TestMethodWorker.java:127)
	at org.testng.internal.TestMethodWorker.run(TestMethodWorker.java:111)
	at org.testng.TestRunner.privateRun(TestRunner.java:767)
	at org.testng.TestRunner.run(TestRunner.java:617)
	at org.testng.SuiteRunner.runTest(SuiteRunner.java:334)
	at org.testng.SuiteRunner.access$000(SuiteRunner.java:37)
	at org.testng.SuiteRunner$SuiteWorker.run(SuiteRunner.java:368)
	at org.testng.internal.thread.ThreadUtil$2.call(ThreadUtil.java:64)
	at java.util.concurrent.FutureTask$Sync.innerRun(FutureTask.java:303)
	at java.util.concurrent.FutureTask.run(FutureTask.java:138)
	at java.util.concurrent.ThreadPoolExecutor$Worker.runTask(ThreadPoolExecutor.java:895)
	at java.util.concurrent.ThreadPoolExecutor$Worker.run(ThreadPoolExecutor.java:918)
	at java.lang.Thread.run(Thread.java:680)

testTemplateBuilder(org.jclouds.rackspace.cloudservers.compute.CloudServersUKTemplateBuilderLiveTest)  Time elapsed: 0.014 sec  <<< FAILURE!
java.lang.AssertionError: expected [11.10] but found [12.04]
	at org.testng.Assert.fail(Assert.java:94)
	at org.testng.Assert.failNotEquals(Assert.java:494)
	at org.testng.Assert.assertEquals(Assert.java:123)
	at org.testng.Assert.assertEquals(Assert.java:176)
	at org.testng.Assert.assertEquals(Assert.java:186)
	at org.jclouds.rackspace.cloudservers.compute.CloudServersUKTemplateBuilderLiveTest.testTemplateBuilder(CloudServersUKTemplateBuilderLiveTest.java:77)

testCreateSharedIpGroup(org.jclouds.rackspace.cloudservers.CloudServersUKClientLiveTest)  Time elapsed: 1.725 sec  <<< FAILURE!
java.lang.NullPointerException
	at org.jclouds.cloudservers.CloudServersClientLiveTest.testCreateSharedIpGroup(CloudServersClientLiveTest.java:275)
	at sun.reflect.NativeMethodAccessorImpl.invoke0(Native Method)
	at sun.reflect.NativeMethodAccessorImpl.invoke(NativeMethodAccessorImpl.java:39)
	at sun.reflect.DelegatingMethodAccessorImpl.invoke(DelegatingMethodAccessorImpl.java:25)
	at java.lang.reflect.Method.invoke(Method.java:597)
	at org.testng.internal.MethodInvocationHelper.invokeMethod(MethodInvocationHelper.java:80)
	at org.testng.internal.InvokeMethodRunnable.runOne(InvokeMethodRunnable.java:46)
	at org.testng.internal.InvokeMethodRunnable.run(InvokeMethodRunnable.java:37)
	at org.testng.internal.MethodInvocationHelper.invokeWithTimeoutWithNoExecutor(MethodInvocationHelper.java:222)
	at org.testng.internal.MethodInvocationHelper.invokeWithTimeout(MethodInvocationHelper.java:211)
	at org.testng.internal.Invoker.invokeMethod(Invoker.java:724)
	at org.testng.internal.Invoker.invokeTestMethod(Invoker.java:901)
	at org.testng.internal.Invoker.invokeTestMethods(Invoker.java:1231)
	at org.testng.internal.TestMethodWorker.invokeTestMethods(TestMethodWorker.java:127)
	at org.testng.internal.TestMethodWorker.run(TestMethodWorker.java:111)
	at org.testng.TestRunner.privateRun(TestRunner.java:767)
	at org.testng.TestRunner.run(TestRunner.java:617)
	at org.testng.SuiteRunner.runTest(SuiteRunner.java:334)
	at org.testng.SuiteRunner.access$000(SuiteRunner.java:37)
	at org.testng.SuiteRunner$SuiteWorker.run(SuiteRunner.java:368)
	at org.testng.internal.thread.ThreadUtil$2.call(ThreadUtil.java:64)
	at java.util.concurrent.FutureTask$Sync.innerRun(FutureTask.java:303)
	at java.util.concurrent.FutureTask.run(FutureTask.java:138)
	at java.util.concurrent.ThreadPoolExecutor$Worker.runTask(ThreadPoolExecutor.java:895)
	at java.util.concurrent.ThreadPoolExecutor$Worker.run(ThreadPoolExecutor.java:918)
	at java.lang.Thread.run(Thread.java:680)


Results :

Failed tests:   testGetImagesDetail(org.jclouds.rackspace.cloudservers.CloudServersUKClientLiveTest): expected [Image{created=Tue Jan 26 10:07:44 PST 2010, id=31, name=Windows Server 2008 SP2 x86, progress=null, serverId=null, status=ACTIVE, updated=Tue Jan 26 10:07:44 PST 2010}] but found [Image{created=null, id=31, name=Windows Server 2008 SP2 x86, progress=null, serverId=null, status=ACTIVE, updated=Tue Jan 26 10:07:44 PST 2010}]
  testLimits(org.jclouds.rackspace.cloudservers.CloudServersUKClientLiveTest): Error parsing input(..)
  testListSharedIpGroupsDetail(org.jclouds.rackspace.cloudservers.CloudServersUKClientLiveTest): SharedIpGroup{id=44, name=adriancole.cscreateSharedIpGroup666947340, servers=null}
  testTemplateBuilderCannotFind(org.jclouds.rackspace.cloudservers.compute.CloudServersUKTemplateBuilderLiveTest): (..)
  testTemplateBuilderCannotFind(org.jclouds.rackspace.cloudservers.compute.CloudServersUKTemplateBuilderLiveTest): (..)
  testTemplateBuilder(org.jclouds.rackspace.cloudservers.compute.CloudServersUKTemplateBuilderLiveTest): expected [11.10] but found [12.04]
  testCreateSharedIpGroup(org.jclouds.rackspace.cloudservers.CloudServersUKClientLiveTest)

Tests run: 152, Failures: 7, Errors: 0, Skipped: 15

[INFO] ------------------------------------------------------------------------
[INFO] BUILD FAILURE
[INFO] ------------------------------------------------------------------------
[INFO] Total time: 46:59.190s
[INFO] Finished at: Sat Mar 09 10:25:15 PST 2013
[INFO] Final Memory: 18M/265M
[INFO] ------------------------------------------------------------------------
[ERROR] Failed to execute goal org.apache.maven.plugins:maven-surefire-plugin:2.12.4:test (integration) on project cloudservers-uk: There are test failures.
[ERROR] 
[ERROR] Please refer to /Users/adriancole/workspace/git/1.6.x/jclouds/providers/cloudservers-uk/target/surefire-reports for the individual test results.
[ERROR] -> [Help 1]
[ERROR] 
[ERROR] To see the full stack trace of the errors, re-run Maven with the -e switch.
[ERROR] Re-run Maven using the -X switch to enable full debug logging.
[ERROR] 
[ERROR] For more information about the errors and possible solutions, please read the following articles:
[ERROR] [Help 1] http://cwiki.apache.org/confluence/display/MAVEN/MojoFailureException
