-------------------------------------------------------------------------------
Test set: TestSuite
-------------------------------------------------------------------------------
Tests run: 131, Failures: 1, Errors: 0, Skipped: 0, Time elapsed: 1,630.216 sec <<< FAILURE!
testCreateAndRunAService(org.jclouds.elastichosts.compute.ElasticHostsPeer1LosAngelesComputeServiceLiveTest)  Time elapsed: 280.406 sec  <<< FAILURE!
java.util.NoSuchElementException: could not connect to any ip address port 8080 on node {id=9a0e8d13-f2a8-4f52-80fd-a2cba17a18a7, providerId=9a0e8d13-f2a8-4f52-80fd-a2cba17a18a7, name=elastichosts-s-307, location={scope=PROVIDER, id=elastichosts-lax-p, description=https://api-lax-p.elastichosts.com, iso3166Codes=[US-CA]}, group=elastichosts-s, os={family=ubuntu, name=Ubuntu Linux 11.10, version=11.10, description=OLD img/Ubuntu Linux 11.10/1, is64Bit=true}, status=RUNNING, loginPort=22, publicAddresses=[107.6.13.156], hardware={id=9a0e8d13-f2a8-4f52-80fd-a2cba17a18a7, providerId=9a0e8d13-f2a8-4f52-80fd-a2cba17a18a7, processors=[{cores=1.0, speed=1000.0}], ram=512, volumes=[{type=NAS, bootDevice=false, durable=true}], hypervisor=kvm, supportsImage=ALWAYS_TRUE}, loginUser=toor, tags=[elastichosts-s], userMetadata={test=elastichosts-s}}
	at org.jclouds.compute.internal.BaseComputeServiceLiveTest.trackAvailabilityOfProcessOnNode(BaseComputeServiceLiveTest.java:622)
	at org.jclouds.compute.internal.BaseComputeServiceLiveTest.createAndRunAServiceInGroup(BaseComputeServiceLiveTest.java:680)
	at org.jclouds.compute.internal.BaseComputeServiceLiveTest.testCreateAndRunAService(BaseComputeServiceLiveTest.java:642)
	at sun.reflect.NativeMethodAccessorImpl.invoke0(Native Method)
	at sun.reflect.NativeMethodAccessorImpl.invoke(NativeMethodAccessorImpl.java:39)
	at sun.reflect.DelegatingMethodAccessorImpl.invoke(DelegatingMethodAccessorImpl.java:25)
	at java.lang.reflect.Method.invoke(Method.java:597)
	at org.testng.internal.MethodInvocationHelper.invokeMethod(MethodInvocationHelper.java:80)
	at org.testng.internal.Invoker.invokeMethod(Invoker.java:714)
	at org.testng.internal.Invoker.invokeTestMethod(Invoker.java:901)
	at org.testng.internal.Invoker.invokeTestMethods(Invoker.java:1231)
	at org.testng.internal.TestMethodWorker.invokeTestMethods(TestMethodWorker.java:127)
	at org.testng.internal.TestMethodWorker.run(TestMethodWorker.java:111)
	at org.testng.TestRunner.privateRun(TestRunner.java:767)
	at org.testng.TestRunner.run(TestRunner.java:617)
	at org.testng.SuiteRunner.runTest(SuiteRunner.java:334)
	at org.testng.SuiteRunner.access$000(SuiteRunner.java:37)
	at org.testng.SuiteRunner$SuiteWorker.run(SuiteRunner.java:368)
	at org.testng.internal.thread.ThreadUtil$2.call(ThreadUtil.java:64)
	at java.util.concurrent.FutureTask$Sync.innerRun(FutureTask.java:303)
	at java.util.concurrent.FutureTask.run(FutureTask.java:138)
	at java.util.concurrent.ThreadPoolExecutor$Worker.runTask(ThreadPoolExecutor.java:895)
	at java.util.concurrent.ThreadPoolExecutor$Worker.run(ThreadPoolExecutor.java:918)
	at java.lang.Thread.run(Thread.java:680)

