-------------------------------------------------------------------------------
Test set: TestSuite
-------------------------------------------------------------------------------
Tests run: 153, Failures: 10, Errors: 0, Skipped: 21, Time elapsed: 446.079 sec <<< FAILURE!
testFromTemplate(org.jclouds.glesys.compute.GleSYSTemplateBuilderLiveTest)  Time elapsed: 0.116 sec  <<< FAILURE!
java.lang.NullPointerException: root password cannot be null
	at com.google.common.base.Preconditions.checkNotNull(Preconditions.java:208)
	at org.jclouds.glesys.compute.options.GleSYSTemplateOptions.rootPassword(GleSYSTemplateOptions.java:117)
	at org.jclouds.glesys.compute.options.GleSYSTemplateOptions.copyTo(GleSYSTemplateOptions.java:83)
	at org.jclouds.compute.domain.internal.TemplateBuilderImpl.options(TemplateBuilderImpl.java:1043)
	at org.jclouds.compute.domain.internal.TemplateBuilderImpl.fromTemplate(TemplateBuilderImpl.java:510)
	at org.jclouds.compute.internal.BaseTemplateBuilderLiveTest.testFromTemplate(BaseTemplateBuilderLiveTest.java:93)
	at sun.reflect.NativeMethodAccessorImpl.invoke0(Native Method)
	at sun.reflect.NativeMethodAccessorImpl.invoke(NativeMethodAccessorImpl.java:39)
	at sun.reflect.DelegatingMethodAccessorImpl.invoke(DelegatingMethodAccessorImpl.java:25)
	at java.lang.reflect.Method.invoke(Method.java:597)
	at org.testng.internal.MethodInvocationHelper.invokeMethod(MethodInvocationHelper.java:80)
	at org.testng.internal.Invoker.invokeMethod(Invoker.java:714)
	at org.testng.internal.Invoker.invokeTestMethod(Invoker.java:901)
	at org.testng.internal.Invoker.invokeTestMethods(Invoker.java:1231)
	at org.testng.internal.TestMethodWorker.invokeTestMethods(TestMethodWorker.java:127)
	at org.testng.internal.TestMethodWorker.run(TestMethodWorker.java:111)
	at org.testng.TestRunner.privateRun(TestRunner.java:767)
	at org.testng.TestRunner.run(TestRunner.java:617)
	at org.testng.SuiteRunner.runTest(SuiteRunner.java:334)
	at org.testng.SuiteRunner.access$000(SuiteRunner.java:37)
	at org.testng.SuiteRunner$SuiteWorker.run(SuiteRunner.java:368)
	at org.testng.internal.thread.ThreadUtil$2.call(ThreadUtil.java:64)
	at java.util.concurrent.FutureTask$Sync.innerRun(FutureTask.java:303)
	at java.util.concurrent.FutureTask.run(FutureTask.java:138)
	at java.util.concurrent.ThreadPoolExecutor$Worker.runTask(ThreadPoolExecutor.java:895)
	at java.util.concurrent.ThreadPoolExecutor$Worker.run(ThreadPoolExecutor.java:918)
	at java.lang.Thread.run(Thread.java:680)

testTemplateBuilderCanFind(org.jclouds.glesys.compute.GleSYSTemplateBuilderLiveTest)  Time elapsed: 0.01 sec  <<< FAILURE!
java.util.NoSuchElementException: no image matched predicate: And(nullEqualToIsParentOrIsGrandparentOfCurrentLocation(),And(osFamily(windows),osVersion(^2008$),os64Bit(true)))
	at org.jclouds.compute.domain.internal.TemplateBuilderImpl.throwNoSuchElementExceptionAfterLoggingImageIds(TemplateBuilderImpl.java:723)
	at org.jclouds.compute.domain.internal.TemplateBuilderImpl.findSupportedImages(TemplateBuilderImpl.java:697)
	at org.jclouds.compute.domain.internal.TemplateBuilderImpl.build(TemplateBuilderImpl.java:679)
	at org.jclouds.compute.internal.BaseTemplateBuilderLiveTest.testTemplateBuilderCanFind(BaseTemplateBuilderLiveTest.java:141)
	at sun.reflect.NativeMethodAccessorImpl.invoke0(Native Method)
	at sun.reflect.NativeMethodAccessorImpl.invoke(NativeMethodAccessorImpl.java:39)
	at sun.reflect.DelegatingMethodAccessorImpl.invoke(DelegatingMethodAccessorImpl.java:25)
	at java.lang.reflect.Method.invoke(Method.java:597)
	at org.testng.internal.MethodInvocationHelper.invokeMethod(MethodInvocationHelper.java:80)
	at org.testng.internal.Invoker.invokeMethod(Invoker.java:714)
	at org.testng.internal.Invoker.invokeTestMethod(Invoker.java:901)
	at org.testng.internal.Invoker.invokeTestMethods(Invoker.java:1231)
	at org.testng.internal.TestMethodWorker.invokeTestMethods(TestMethodWorker.java:127)
	at org.testng.internal.TestMethodWorker.run(TestMethodWorker.java:111)
	at org.testng.TestRunner.privateRun(TestRunner.java:767)
	at org.testng.TestRunner.run(TestRunner.java:617)
	at org.testng.SuiteRunner.runTest(SuiteRunner.java:334)
	at org.testng.SuiteRunner.access$000(SuiteRunner.java:37)
	at org.testng.SuiteRunner$SuiteWorker.run(SuiteRunner.java:368)
	at org.testng.internal.thread.ThreadUtil$2.call(ThreadUtil.java:64)
	at java.util.concurrent.FutureTask$Sync.innerRun(FutureTask.java:303)
	at java.util.concurrent.FutureTask.run(FutureTask.java:138)
	at java.util.concurrent.ThreadPoolExecutor$Worker.runTask(ThreadPoolExecutor.java:895)
	at java.util.concurrent.ThreadPoolExecutor$Worker.run(ThreadPoolExecutor.java:918)
	at java.lang.Thread.run(Thread.java:680)

testTemplateBuilderCanFind(org.jclouds.glesys.compute.GleSYSTemplateBuilderLiveTest)  Time elapsed: 0.001 sec  <<< FAILURE!
java.util.NoSuchElementException: no image matched predicate: And(nullEqualToIsParentOrIsGrandparentOfCurrentLocation(),And(osFamily(debian),osVersion(^5.0$),os64Bit(false)))
	at org.jclouds.compute.domain.internal.TemplateBuilderImpl.throwNoSuchElementExceptionAfterLoggingImageIds(TemplateBuilderImpl.java:723)
	at org.jclouds.compute.domain.internal.TemplateBuilderImpl.findSupportedImages(TemplateBuilderImpl.java:697)
	at org.jclouds.compute.domain.internal.TemplateBuilderImpl.build(TemplateBuilderImpl.java:679)
	at org.jclouds.compute.internal.BaseTemplateBuilderLiveTest.testTemplateBuilderCanFind(BaseTemplateBuilderLiveTest.java:141)
	at sun.reflect.NativeMethodAccessorImpl.invoke0(Native Method)
	at sun.reflect.NativeMethodAccessorImpl.invoke(NativeMethodAccessorImpl.java:39)
	at sun.reflect.DelegatingMethodAccessorImpl.invoke(DelegatingMethodAccessorImpl.java:25)
	at java.lang.reflect.Method.invoke(Method.java:597)
	at org.testng.internal.MethodInvocationHelper.invokeMethod(MethodInvocationHelper.java:80)
	at org.testng.internal.Invoker.invokeMethod(Invoker.java:714)
	at org.testng.internal.Invoker.invokeTestMethod(Invoker.java:901)
	at org.testng.internal.Invoker.invokeTestMethods(Invoker.java:1231)
	at org.testng.internal.TestMethodWorker.invokeTestMethods(TestMethodWorker.java:127)
	at org.testng.internal.TestMethodWorker.run(TestMethodWorker.java:111)
	at org.testng.TestRunner.privateRun(TestRunner.java:767)
	at org.testng.TestRunner.run(TestRunner.java:617)
	at org.testng.SuiteRunner.runTest(SuiteRunner.java:334)
	at org.testng.SuiteRunner.access$000(SuiteRunner.java:37)
	at org.testng.SuiteRunner$SuiteWorker.run(SuiteRunner.java:368)
	at org.testng.internal.thread.ThreadUtil$2.call(ThreadUtil.java:64)
	at java.util.concurrent.FutureTask$Sync.innerRun(FutureTask.java:303)
	at java.util.concurrent.FutureTask.run(FutureTask.java:138)
	at java.util.concurrent.ThreadPoolExecutor$Worker.runTask(ThreadPoolExecutor.java:895)
	at java.util.concurrent.ThreadPoolExecutor$Worker.run(ThreadPoolExecutor.java:918)
	at java.lang.Thread.run(Thread.java:680)

testTemplateBuilderCanFind(org.jclouds.glesys.compute.GleSYSTemplateBuilderLiveTest)  Time elapsed: 0.004 sec  <<< FAILURE!
java.util.NoSuchElementException: no image matched predicate: And(nullEqualToIsParentOrIsGrandparentOfCurrentLocation(),And(osFamily(ubuntu),osVersion(^8.04$),os64Bit(true)))
	at org.jclouds.compute.domain.internal.TemplateBuilderImpl.throwNoSuchElementExceptionAfterLoggingImageIds(TemplateBuilderImpl.java:723)
	at org.jclouds.compute.domain.internal.TemplateBuilderImpl.findSupportedImages(TemplateBuilderImpl.java:697)
	at org.jclouds.compute.domain.internal.TemplateBuilderImpl.build(TemplateBuilderImpl.java:679)
	at org.jclouds.compute.internal.BaseTemplateBuilderLiveTest.testTemplateBuilderCanFind(BaseTemplateBuilderLiveTest.java:141)
	at sun.reflect.GeneratedMethodAccessor13.invoke(Unknown Source)
	at sun.reflect.DelegatingMethodAccessorImpl.invoke(DelegatingMethodAccessorImpl.java:25)
	at java.lang.reflect.Method.invoke(Method.java:597)
	at org.testng.internal.MethodInvocationHelper.invokeMethod(MethodInvocationHelper.java:80)
	at org.testng.internal.Invoker.invokeMethod(Invoker.java:714)
	at org.testng.internal.Invoker.invokeTestMethod(Invoker.java:901)
	at org.testng.internal.Invoker.invokeTestMethods(Invoker.java:1231)
	at org.testng.internal.TestMethodWorker.invokeTestMethods(TestMethodWorker.java:127)
	at org.testng.internal.TestMethodWorker.run(TestMethodWorker.java:111)
	at org.testng.TestRunner.privateRun(TestRunner.java:767)
	at org.testng.TestRunner.run(TestRunner.java:617)
	at org.testng.SuiteRunner.runTest(SuiteRunner.java:334)
	at org.testng.SuiteRunner.access$000(SuiteRunner.java:37)
	at org.testng.SuiteRunner$SuiteWorker.run(SuiteRunner.java:368)
	at org.testng.internal.thread.ThreadUtil$2.call(ThreadUtil.java:64)
	at java.util.concurrent.FutureTask$Sync.innerRun(FutureTask.java:303)
	at java.util.concurrent.FutureTask.run(FutureTask.java:138)
	at java.util.concurrent.ThreadPoolExecutor$Worker.runTask(ThreadPoolExecutor.java:895)
	at java.util.concurrent.ThreadPoolExecutor$Worker.run(ThreadPoolExecutor.java:918)
	at java.lang.Thread.run(Thread.java:680)

testTemplateBuilderCanFind(org.jclouds.glesys.compute.GleSYSTemplateBuilderLiveTest)  Time elapsed: 0.003 sec  <<< FAILURE!
java.util.NoSuchElementException: no image matched predicate: And(nullEqualToIsParentOrIsGrandparentOfCurrentLocation(),And(osFamily(debian),osVersion(^5.0$),os64Bit(true)))
	at org.jclouds.compute.domain.internal.TemplateBuilderImpl.throwNoSuchElementExceptionAfterLoggingImageIds(TemplateBuilderImpl.java:723)
	at org.jclouds.compute.domain.internal.TemplateBuilderImpl.findSupportedImages(TemplateBuilderImpl.java:697)
	at org.jclouds.compute.domain.internal.TemplateBuilderImpl.build(TemplateBuilderImpl.java:679)
	at org.jclouds.compute.internal.BaseTemplateBuilderLiveTest.testTemplateBuilderCanFind(BaseTemplateBuilderLiveTest.java:141)
	at sun.reflect.GeneratedMethodAccessor13.invoke(Unknown Source)
	at sun.reflect.DelegatingMethodAccessorImpl.invoke(DelegatingMethodAccessorImpl.java:25)
	at java.lang.reflect.Method.invoke(Method.java:597)
	at org.testng.internal.MethodInvocationHelper.invokeMethod(MethodInvocationHelper.java:80)
	at org.testng.internal.Invoker.invokeMethod(Invoker.java:714)
	at org.testng.internal.Invoker.invokeTestMethod(Invoker.java:901)
	at org.testng.internal.Invoker.invokeTestMethods(Invoker.java:1231)
	at org.testng.internal.TestMethodWorker.invokeTestMethods(TestMethodWorker.java:127)
	at org.testng.internal.TestMethodWorker.run(TestMethodWorker.java:111)
	at org.testng.TestRunner.privateRun(TestRunner.java:767)
	at org.testng.TestRunner.run(TestRunner.java:617)
	at org.testng.SuiteRunner.runTest(SuiteRunner.java:334)
	at org.testng.SuiteRunner.access$000(SuiteRunner.java:37)
	at org.testng.SuiteRunner$SuiteWorker.run(SuiteRunner.java:368)
	at org.testng.internal.thread.ThreadUtil$2.call(ThreadUtil.java:64)
	at java.util.concurrent.FutureTask$Sync.innerRun(FutureTask.java:303)
	at java.util.concurrent.FutureTask.run(FutureTask.java:138)
	at java.util.concurrent.ThreadPoolExecutor$Worker.runTask(ThreadPoolExecutor.java:895)
	at java.util.concurrent.ThreadPoolExecutor$Worker.run(ThreadPoolExecutor.java:918)
	at java.lang.Thread.run(Thread.java:680)

testOptionToNotBlock(org.jclouds.glesys.compute.GleSYSComputeServiceLiveTest)  Time elapsed: 2.393 sec  <<< FAILURE!
java.lang.NullPointerException: root password cannot be null
	at com.google.common.base.Preconditions.checkNotNull(Preconditions.java:208)
	at org.jclouds.glesys.compute.options.GleSYSTemplateOptions.rootPassword(GleSYSTemplateOptions.java:117)
	at org.jclouds.glesys.compute.options.GleSYSTemplateOptions.copyTo(GleSYSTemplateOptions.java:83)
	at org.jclouds.compute.domain.internal.TemplateBuilderImpl.options(TemplateBuilderImpl.java:1043)
	at org.jclouds.compute.internal.BaseComputeService.createNodesInGroup(BaseComputeService.java:234)
	at org.jclouds.compute.internal.BaseComputeServiceLiveTest.testOptionToNotBlock(BaseComputeServiceLiveTest.java:757)
	at sun.reflect.NativeMethodAccessorImpl.invoke0(Native Method)
	at sun.reflect.NativeMethodAccessorImpl.invoke(NativeMethodAccessorImpl.java:39)
	at sun.reflect.DelegatingMethodAccessorImpl.invoke(DelegatingMethodAccessorImpl.java:25)
	at java.lang.reflect.Method.invoke(Method.java:597)
	at org.testng.internal.MethodInvocationHelper.invokeMethod(MethodInvocationHelper.java:80)
	at org.testng.internal.Invoker.invokeMethod(Invoker.java:714)
	at org.testng.internal.Invoker.invokeTestMethod(Invoker.java:901)
	at org.testng.internal.Invoker.invokeTestMethods(Invoker.java:1231)
	at org.testng.internal.TestMethodWorker.invokeTestMethods(TestMethodWorker.java:127)
	at org.testng.internal.TestMethodWorker.run(TestMethodWorker.java:111)
	at org.testng.TestRunner.privateRun(TestRunner.java:767)
	at org.testng.TestRunner.run(TestRunner.java:617)
	at org.testng.SuiteRunner.runTest(SuiteRunner.java:334)
	at org.testng.SuiteRunner.access$000(SuiteRunner.java:37)
	at org.testng.SuiteRunner$SuiteWorker.run(SuiteRunner.java:368)
	at org.testng.internal.thread.ThreadUtil$2.call(ThreadUtil.java:64)
	at java.util.concurrent.FutureTask$Sync.innerRun(FutureTask.java:303)
	at java.util.concurrent.FutureTask.run(FutureTask.java:138)
	at java.util.concurrent.ThreadPoolExecutor$Worker.runTask(ThreadPoolExecutor.java:895)
	at java.util.concurrent.ThreadPoolExecutor$Worker.run(ThreadPoolExecutor.java:918)
	at java.lang.Thread.run(Thread.java:680)

setupContext(org.jclouds.glesys.features.DomainApiLiveTest)  Time elapsed: 0.213 sec  <<< FAILURE!
java.lang.NullPointerException: useGlesysNameServer
	at com.google.common.base.Preconditions.checkNotNull(Preconditions.java:208)
	at org.jclouds.glesys.domain.Domain.<init>(Domain.java:197)
	at sun.reflect.NativeConstructorAccessorImpl.newInstance0(Native Method)
	at sun.reflect.NativeConstructorAccessorImpl.newInstance(NativeConstructorAccessorImpl.java:39)
	at sun.reflect.DelegatingConstructorAccessorImpl.newInstance(DelegatingConstructorAccessorImpl.java:27)
	at java.lang.reflect.Constructor.newInstance(Constructor.java:513)
	at com.google.common.reflect.Invokable$ConstructorInvokable.invokeInternal(Invokable.java:243)
	at com.google.common.reflect.Invokable.invoke(Invokable.java:102)
	at org.jclouds.json.internal.DeserializationConstructorAndReflectiveTypeAdapterFactory$DeserializeIntoParameterizedConstructor.newInstance(DeserializationConstructorAndReflectiveTypeAdapterFactory.java:214)
	at org.jclouds.json.internal.DeserializationConstructorAndReflectiveTypeAdapterFactory$DeserializeIntoParameterizedConstructor.read(DeserializationConstructorAndReflectiveTypeAdapterFactory.java:194)
	at org.jclouds.json.internal.NullFilteringTypeAdapterFactories$IterableTypeAdapterFactory$IterableTypeAdapter.readAndBuild(NullFilteringTypeAdapterFactories.java:120)
	at org.jclouds.json.internal.NullFilteringTypeAdapterFactories$IterableTypeAdapterFactory$IterableTypeAdapter.read(NullFilteringTypeAdapterFactories.java:112)
	at org.jclouds.json.internal.NullFilteringTypeAdapterFactories$FluentIterableTypeAdapterFactory$FluentIterableTypeAdapter.read(NullFilteringTypeAdapterFactories.java:272)
	at org.jclouds.json.internal.NullFilteringTypeAdapterFactories$FluentIterableTypeAdapterFactory$FluentIterableTypeAdapter.read(NullFilteringTypeAdapterFactories.java:258)
	at com.google.gson.Gson.fromJson(Gson.java:795)
	at org.jclouds.http.functions.ParseFirstJsonValueNamed.apply(ParseFirstJsonValueNamed.java:85)
	at org.jclouds.http.functions.ParseFirstJsonValueNamed.apply(ParseFirstJsonValueNamed.java:49)
	at org.jclouds.rest.internal.InvokeHttpMethod.invoke(InvokeHttpMethod.java:131)
	at org.jclouds.rest.internal.InvokeHttpMethod.apply(InvokeHttpMethod.java:97)
	at org.jclouds.rest.internal.InvokeHttpMethod.apply(InvokeHttpMethod.java:59)
	at org.jclouds.reflect.FunctionalReflection$FunctionalInvocationHandler.handleInvocation(FunctionalReflection.java:119)
	at com.google.common.reflect.AbstractInvocationHandler.invoke(AbstractInvocationHandler.java:70)
	at com.sun.proxy.$Proxy70.list(Unknown Source)
	at org.jclouds.glesys.internal.BaseGleSYSApiLiveTest$1.apply(BaseGleSYSApiLiveTest.java:64)
	at org.jclouds.glesys.internal.BaseGleSYSApiLiveTest$1.apply(BaseGleSYSApiLiveTest.java:62)
	at org.jclouds.util.Predicates2$RetryablePredicate.apply(Predicates2.java:113)
	at org.jclouds.glesys.internal.BaseGleSYSApiLiveTest.createDomain(BaseGleSYSApiLiveTest.java:68)
	at org.jclouds.glesys.features.DomainApiLiveTest.setupContext(DomainApiLiveTest.java:70)

setupContext(org.jclouds.glesys.features.EmailAccountApiLiveTest)  Time elapsed: 1.835 sec  <<< FAILURE!
java.lang.NullPointerException: useGlesysNameServer
	at com.google.common.base.Preconditions.checkNotNull(Preconditions.java:208)
	at org.jclouds.glesys.domain.Domain.<init>(Domain.java:197)
	at sun.reflect.NativeConstructorAccessorImpl.newInstance0(Native Method)
	at sun.reflect.NativeConstructorAccessorImpl.newInstance(NativeConstructorAccessorImpl.java:39)
	at sun.reflect.DelegatingConstructorAccessorImpl.newInstance(DelegatingConstructorAccessorImpl.java:27)
	at java.lang.reflect.Constructor.newInstance(Constructor.java:513)
	at com.google.common.reflect.Invokable$ConstructorInvokable.invokeInternal(Invokable.java:243)
	at com.google.common.reflect.Invokable.invoke(Invokable.java:102)
	at org.jclouds.json.internal.DeserializationConstructorAndReflectiveTypeAdapterFactory$DeserializeIntoParameterizedConstructor.newInstance(DeserializationConstructorAndReflectiveTypeAdapterFactory.java:214)
	at org.jclouds.json.internal.DeserializationConstructorAndReflectiveTypeAdapterFactory$DeserializeIntoParameterizedConstructor.read(DeserializationConstructorAndReflectiveTypeAdapterFactory.java:194)
	at org.jclouds.json.internal.NullFilteringTypeAdapterFactories$IterableTypeAdapterFactory$IterableTypeAdapter.readAndBuild(NullFilteringTypeAdapterFactories.java:120)
	at org.jclouds.json.internal.NullFilteringTypeAdapterFactories$IterableTypeAdapterFactory$IterableTypeAdapter.read(NullFilteringTypeAdapterFactories.java:112)
	at org.jclouds.json.internal.NullFilteringTypeAdapterFactories$FluentIterableTypeAdapterFactory$FluentIterableTypeAdapter.read(NullFilteringTypeAdapterFactories.java:272)
	at org.jclouds.json.internal.NullFilteringTypeAdapterFactories$FluentIterableTypeAdapterFactory$FluentIterableTypeAdapter.read(NullFilteringTypeAdapterFactories.java:258)
	at com.google.gson.Gson.fromJson(Gson.java:795)
	at org.jclouds.http.functions.ParseFirstJsonValueNamed.apply(ParseFirstJsonValueNamed.java:85)
	at org.jclouds.http.functions.ParseFirstJsonValueNamed.apply(ParseFirstJsonValueNamed.java:49)
	at org.jclouds.rest.internal.InvokeHttpMethod.invoke(InvokeHttpMethod.java:131)
	at org.jclouds.rest.internal.InvokeHttpMethod.apply(InvokeHttpMethod.java:97)
	at org.jclouds.rest.internal.InvokeHttpMethod.apply(InvokeHttpMethod.java:59)
	at org.jclouds.reflect.FunctionalReflection$FunctionalInvocationHandler.handleInvocation(FunctionalReflection.java:119)
	at com.google.common.reflect.AbstractInvocationHandler.invoke(AbstractInvocationHandler.java:70)
	at com.sun.proxy.$Proxy70.list(Unknown Source)
	at org.jclouds.glesys.internal.BaseGleSYSApiLiveTest.createDomain(BaseGleSYSApiLiveTest.java:59)
	at org.jclouds.glesys.features.EmailAccountApiLiveTest.setupContext(EmailAccountApiLiveTest.java:62)

testAScriptExecutionAfterBootWithBasicTemplate(org.jclouds.glesys.compute.GleSYSComputeServiceLiveTest)  Time elapsed: 4.507 sec  <<< FAILURE!
java.lang.NullPointerException: root password cannot be null
	at com.google.common.base.Preconditions.checkNotNull(Preconditions.java:208)
	at org.jclouds.glesys.compute.options.GleSYSTemplateOptions.rootPassword(GleSYSTemplateOptions.java:117)
	at org.jclouds.glesys.compute.options.GleSYSTemplateOptions.copyTo(GleSYSTemplateOptions.java:83)
	at org.jclouds.compute.domain.internal.TemplateBuilderImpl.options(TemplateBuilderImpl.java:1043)
	at org.jclouds.compute.internal.BaseComputeService.createNodesInGroup(BaseComputeService.java:234)
	at org.jclouds.compute.internal.BaseComputeServiceLiveTest.testAScriptExecutionAfterBootWithBasicTemplate(BaseComputeServiceLiveTest.java:222)
	at sun.reflect.NativeMethodAccessorImpl.invoke0(Native Method)
	at sun.reflect.NativeMethodAccessorImpl.invoke(NativeMethodAccessorImpl.java:39)
	at sun.reflect.DelegatingMethodAccessorImpl.invoke(DelegatingMethodAccessorImpl.java:25)
	at java.lang.reflect.Method.invoke(Method.java:597)
	at org.testng.internal.MethodInvocationHelper.invokeMethod(MethodInvocationHelper.java:80)
	at org.testng.internal.Invoker.invokeMethod(Invoker.java:714)
	at org.testng.internal.Invoker.invokeTestMethod(Invoker.java:901)
	at org.testng.internal.Invoker.invokeTestMethods(Invoker.java:1231)
	at org.testng.internal.TestMethodWorker.invokeTestMethods(TestMethodWorker.java:127)
	at org.testng.internal.TestMethodWorker.run(TestMethodWorker.java:111)
	at org.testng.TestRunner.privateRun(TestRunner.java:767)
	at org.testng.TestRunner.run(TestRunner.java:617)
	at org.testng.SuiteRunner.runTest(SuiteRunner.java:334)
	at org.testng.SuiteRunner.access$000(SuiteRunner.java:37)
	at org.testng.SuiteRunner$SuiteWorker.run(SuiteRunner.java:368)
	at org.testng.internal.thread.ThreadUtil$2.call(ThreadUtil.java:64)
	at java.util.concurrent.FutureTask$Sync.innerRun(FutureTask.java:303)
	at java.util.concurrent.FutureTask.run(FutureTask.java:138)
	at java.util.concurrent.ThreadPoolExecutor$Worker.runTask(ThreadPoolExecutor.java:895)
	at java.util.concurrent.ThreadPoolExecutor$Worker.run(ThreadPoolExecutor.java:918)
	at java.lang.Thread.run(Thread.java:680)

testConcurrentUseOfComputeServiceToCreateNodes(org.jclouds.glesys.compute.GleSYSComputeServiceLiveTest)  Time elapsed: 136.48 sec  <<< FAILURE!
java.util.concurrent.ExecutionException: org.jclouds.compute.RunNodesException: error running 1 node group(twin1) location(Falkenberg) image(Ubuntu 12.04 x64) size(datacenter(Falkenberg)platform(Xen)cpuCores(1)memorySizeMB(768)diskSizeGB(5)) options({blockOnPort:seconds=22:301, inboundPorts=[22, 8080], transferGB=50, ip=any})
Execution failures:
0 error[s]
Node failures:
1) IllegalStateException on node xm3761494:
java.lang.IllegalStateException: node does not have IP addresses configured: {id=xm3761494, providerId=xm3761494, name=twin1-3e2, group=twin1, imageId=Ubuntu 12.04 x64, os={family=ubuntu, name=Ubuntu 12.04 x64, version=12.04, description=Ubuntu 12.04 x64, is64Bit=true}, status=RUNNING, loginPort=22, hostname=twin1-3e2, hardware={id=xm3761494, providerId=xm3761494, processors=[{cores=1.0, speed=1.0}], ram=768, volumes=[{type=LOCAL, size=5.0, bootDevice=true, durable=true}], hypervisor=Xen, supportsImage=ALWAYS_TRUE}, loginUser=root}
	at com.google.common.base.Preconditions.checkState(Preconditions.java:149)
	at org.jclouds.compute.util.ConcurrentOpenSocketFinder.checkNodeHasIps(ConcurrentOpenSocketFinder.java:182)
	at org.jclouds.compute.util.ConcurrentOpenSocketFinder.findOpenSocketOnNode(ConcurrentOpenSocketFinder.java:81)
	at org.jclouds.compute.strategy.CustomizeNodeAndAddToGoodMapOrPutExceptionIntoBadMap.call(CustomizeNodeAndAddToGoodMapOrPutExceptionIntoBadMap.java:132)
	at org.jclouds.compute.strategy.CustomizeNodeAndAddToGoodMapOrPutExceptionIntoBadMap.apply(CustomizeNodeAndAddToGoodMapOrPutExceptionIntoBadMap.java:148)
	at org.jclouds.compute.strategy.CustomizeNodeAndAddToGoodMapOrPutExceptionIntoBadMap.apply(CustomizeNodeAndAddToGoodMapOrPutExceptionIntoBadMap.java:55)
	at com.google.common.util.concurrent.Futures$1.apply(Futures.java:725)
	at com.google.common.util.concurrent.Futures$ChainingListenableFuture.run(Futures.java:864)
	at java.util.concurrent.ThreadPoolExecutor$Worker.runTask(ThreadPoolExecutor.java:895)
	at java.util.concurrent.ThreadPoolExecutor$Worker.run(ThreadPoolExecutor.java:918)
	at java.lang.Thread.run(Thread.java:680)
1 error[s]
	at com.google.common.util.concurrent.AbstractFuture$Sync.getValue(AbstractFuture.java:306)
	at com.google.common.util.concurrent.AbstractFuture$Sync.get(AbstractFuture.java:279)
	at com.google.common.util.concurrent.AbstractFuture.get(AbstractFuture.java:96)
	at org.jclouds.compute.internal.BaseComputeServiceLiveTest.testConcurrentUseOfComputeServiceToCreateNodes(BaseComputeServiceLiveTest.java:446)
	at sun.reflect.NativeMethodAccessorImpl.invoke0(Native Method)
	at sun.reflect.NativeMethodAccessorImpl.invoke(NativeMethodAccessorImpl.java:39)
	at sun.reflect.DelegatingMethodAccessorImpl.invoke(DelegatingMethodAccessorImpl.java:25)
	at java.lang.reflect.Method.invoke(Method.java:597)
	at org.testng.internal.MethodInvocationHelper.invokeMethod(MethodInvocationHelper.java:80)
	at org.testng.internal.Invoker.invokeMethod(Invoker.java:714)
	at org.testng.internal.Invoker.invokeTestMethod(Invoker.java:901)
	at org.testng.internal.Invoker.invokeTestMethods(Invoker.java:1231)
	at org.testng.internal.TestMethodWorker.invokeTestMethods(TestMethodWorker.java:127)
	at org.testng.internal.TestMethodWorker.run(TestMethodWorker.java:111)
	at org.testng.TestRunner.privateRun(TestRunner.java:767)
	at org.testng.TestRunner.run(TestRunner.java:617)
	at org.testng.SuiteRunner.runTest(SuiteRunner.java:334)
	at org.testng.SuiteRunner.access$000(SuiteRunner.java:37)
	at org.testng.SuiteRunner$SuiteWorker.run(SuiteRunner.java:368)
	at org.testng.internal.thread.ThreadUtil$2.call(ThreadUtil.java:64)
	at java.util.concurrent.FutureTask$Sync.innerRun(FutureTask.java:303)
	at java.util.concurrent.FutureTask.run(FutureTask.java:138)
	at java.util.concurrent.ThreadPoolExecutor$Worker.runTask(ThreadPoolExecutor.java:895)
	at java.util.concurrent.ThreadPoolExecutor$Worker.run(ThreadPoolExecutor.java:918)
	at java.lang.Thread.run(Thread.java:680)
Caused by: org.jclouds.compute.RunNodesException: error running 1 node group(twin1) location(Falkenberg) image(Ubuntu 12.04 x64) size(datacenter(Falkenberg)platform(Xen)cpuCores(1)memorySizeMB(768)diskSizeGB(5)) options({blockOnPort:seconds=22:301, inboundPorts=[22, 8080], transferGB=50, ip=any})
Execution failures:
0 error[s]
Node failures:
1) IllegalStateException on node xm3761494:
java.lang.IllegalStateException: node does not have IP addresses configured: {id=xm3761494, providerId=xm3761494, name=twin1-3e2, group=twin1, imageId=Ubuntu 12.04 x64, os={family=ubuntu, name=Ubuntu 12.04 x64, version=12.04, description=Ubuntu 12.04 x64, is64Bit=true}, status=RUNNING, loginPort=22, hostname=twin1-3e2, hardware={id=xm3761494, providerId=xm3761494, processors=[{cores=1.0, speed=1.0}], ram=768, volumes=[{type=LOCAL, size=5.0, bootDevice=true, durable=true}], hypervisor=Xen, supportsImage=ALWAYS_TRUE}, loginUser=root}
	at com.google.common.base.Preconditions.checkState(Preconditions.java:149)
	at org.jclouds.compute.util.ConcurrentOpenSocketFinder.checkNodeHasIps(ConcurrentOpenSocketFinder.java:182)
	at org.jclouds.compute.util.ConcurrentOpenSocketFinder.findOpenSocketOnNode(ConcurrentOpenSocketFinder.java:81)
	at org.jclouds.compute.strategy.CustomizeNodeAndAddToGoodMapOrPutExceptionIntoBadMap.call(CustomizeNodeAndAddToGoodMapOrPutExceptionIntoBadMap.java:132)
	at org.jclouds.compute.strategy.CustomizeNodeAndAddToGoodMapOrPutExceptionIntoBadMap.apply(CustomizeNodeAndAddToGoodMapOrPutExceptionIntoBadMap.java:148)
	at org.jclouds.compute.strategy.CustomizeNodeAndAddToGoodMapOrPutExceptionIntoBadMap.apply(CustomizeNodeAndAddToGoodMapOrPutExceptionIntoBadMap.java:55)
	at com.google.common.util.concurrent.Futures$1.apply(Futures.java:725)
	at com.google.common.util.concurrent.Futures$ChainingListenableFuture.run(Futures.java:864)
	at java.util.concurrent.ThreadPoolExecutor$Worker.runTask(ThreadPoolExecutor.java:895)
	at java.util.concurrent.ThreadPoolExecutor$Worker.run(ThreadPoolExecutor.java:918)
	at java.lang.Thread.run(Thread.java:680)
1 error[s]
	at org.jclouds.compute.internal.BaseComputeService.createNodesInGroup(BaseComputeService.java:226)
	at org.jclouds.compute.internal.BaseComputeService.createNodesInGroup(BaseComputeService.java:234)
	at org.jclouds.compute.internal.BaseComputeServiceLiveTest$1.call(BaseComputeServiceLiveTest.java:436)
	at org.jclouds.compute.internal.BaseComputeServiceLiveTest$1.call(BaseComputeServiceLiveTest.java:434)
	at java.util.concurrent.FutureTask$Sync.innerRun(FutureTask.java:303)
	at java.util.concurrent.FutureTask.run(FutureTask.java:138)
	at java.util.concurrent.ThreadPoolExecutor$Worker.runTask(ThreadPoolExecutor.java:895)
	at java.util.concurrent.ThreadPoolExecutor$Worker.run(ThreadPoolExecutor.java:918)
	at java.lang.Thread.run(Thread.java:680)
	at java.lang.Thread.getStackTrace(Thread.java:1503)
	at org.jclouds.compute.internal.BaseComputeServiceLiveTest.testConcurrentUseOfComputeServiceToCreateNodes(BaseComputeServiceLiveTest.java:434)
	... 21 more
Caused by: org.jclouds.compute.RunNodesException: error running 1 node group(twin1) location(Falkenberg) image(Ubuntu 12.04 x64) size(datacenter(Falkenberg)platform(Xen)cpuCores(1)memorySizeMB(768)diskSizeGB(5)) options({blockOnPort:seconds=22:301, inboundPorts=[22, 8080], transferGB=50, ip=any})
Execution failures:
0 error[s]
Node failures:
1) IllegalStateException on node xm3761494:
java.lang.IllegalStateException: node does not have IP addresses configured: {id=xm3761494, providerId=xm3761494, name=twin1-3e2, group=twin1, imageId=Ubuntu 12.04 x64, os={family=ubuntu, name=Ubuntu 12.04 x64, version=12.04, description=Ubuntu 12.04 x64, is64Bit=true}, status=RUNNING, loginPort=22, hostname=twin1-3e2, hardware={id=xm3761494, providerId=xm3761494, processors=[{cores=1.0, speed=1.0}], ram=768, volumes=[{type=LOCAL, size=5.0, bootDevice=true, durable=true}], hypervisor=Xen, supportsImage=ALWAYS_TRUE}, loginUser=root}
	at com.google.common.base.Preconditions.checkState(Preconditions.java:149)
	at org.jclouds.compute.util.ConcurrentOpenSocketFinder.checkNodeHasIps(ConcurrentOpenSocketFinder.java:182)
	at org.jclouds.compute.util.ConcurrentOpenSocketFinder.findOpenSocketOnNode(ConcurrentOpenSocketFinder.java:81)
	at org.jclouds.compute.strategy.CustomizeNodeAndAddToGoodMapOrPutExceptionIntoBadMap.call(CustomizeNodeAndAddToGoodMapOrPutExceptionIntoBadMap.java:132)
	at org.jclouds.compute.strategy.CustomizeNodeAndAddToGoodMapOrPutExceptionIntoBadMap.apply(CustomizeNodeAndAddToGoodMapOrPutExceptionIntoBadMap.java:148)
	at org.jclouds.compute.strategy.CustomizeNodeAndAddToGoodMapOrPutExceptionIntoBadMap.apply(CustomizeNodeAndAddToGoodMapOrPutExceptionIntoBadMap.java:55)
	at com.google.common.util.concurrent.Futures$1.apply(Futures.java:725)
	at com.google.common.util.concurrent.Futures$ChainingListenableFuture.run(Futures.java:864)
	at java.util.concurrent.ThreadPoolExecutor$Worker.runTask(ThreadPoolExecutor.java:895)
	at java.util.concurrent.ThreadPoolExecutor$Worker.run(ThreadPoolExecutor.java:918)
	at java.lang.Thread.run(Thread.java:680)
1 error[s]
	at org.jclouds.compute.internal.BaseComputeService.createNodesInGroup(BaseComputeService.java:226)
	at org.jclouds.compute.internal.BaseComputeService.createNodesInGroup(BaseComputeService.java:234)
	at org.jclouds.compute.internal.BaseComputeServiceLiveTest$1.call(BaseComputeServiceLiveTest.java:436)
	at org.jclouds.compute.internal.BaseComputeServiceLiveTest$1.call(BaseComputeServiceLiveTest.java:434)
	at java.util.concurrent.FutureTask$Sync.innerRun(FutureTask.java:303)
	at java.util.concurrent.FutureTask.run(FutureTask.java:138)
	at java.util.concurrent.ThreadPoolExecutor$Worker.runTask(ThreadPoolExecutor.java:895)
	at java.util.concurrent.ThreadPoolExecutor$Worker.run(ThreadPoolExecutor.java:918)
	at java.lang.Thread.run(Thread.java:680)
	at java.lang.Thread.getStackTrace(Thread.java:1503)
	at org.jclouds.compute.internal.BaseComputeServiceLiveTest.testConcurrentUseOfComputeServiceToCreateNodes(BaseComputeServiceLiveTest.java:434)
	... 21 more

