-------------------------------------------------------------------------------
Test set: TestSuite
-------------------------------------------------------------------------------
Tests run: 118, Failures: 5, Errors: 0, Skipped: 0, Time elapsed: 2,699.393 sec <<< FAILURE!
testCreateAndRunAService(org.jclouds.gogrid.compute.GoGridComputeServiceLiveTest)  Time elapsed: 258.949 sec  <<< FAILURE!
java.lang.AssertionError: node tags did not match [gogrid-s] {id=476871, providerId=476871, name=gogrid-s-ef4, location={scope=ZONE, id=1, description=US West 1 Datacenter, parent=gogrid, iso3166Codes=[US-CA]}, group=gogrid-s, imageId=14767, os={family=ubuntu, name=Ubuntu 12.04 LTS Server (64-bit), arch=64 bit OS, version=12.04, description=Ubuntu 12.04 LTS Server (64-bit), is64Bit=true}, status=RUNNING, loginPort=22, publicAddresses=[173.204.165.123], hardware={id=1, providerId=1, processors=[{cores=0.5, speed=1.0}], ram=512, volumes=[{type=LOCAL, size=25.0, bootDevice=true, durable=true}], supportsImage=ALWAYS_TRUE}, loginUser=root}
	at org.jclouds.compute.internal.BaseComputeServiceLiveTest.checkTagsInNodeEquals(BaseComputeServiceLiveTest.java:701)
	at org.jclouds.compute.internal.BaseComputeServiceLiveTest.createAndRunAServiceInGroup(BaseComputeServiceLiveTest.java:662)
	at org.jclouds.compute.internal.BaseComputeServiceLiveTest.testCreateAndRunAService(BaseComputeServiceLiveTest.java:642)
	at sun.reflect.NativeMethodAccessorImpl.invoke0(Native Method)
	at sun.reflect.NativeMethodAccessorImpl.invoke(NativeMethodAccessorImpl.java:39)
	at sun.reflect.DelegatingMethodAccessorImpl.invoke(DelegatingMethodAccessorImpl.java:25)
	at java.lang.reflect.Method.invoke(Method.java:597)
	at org.testng.internal.MethodInvocationHelper.invokeMethod(MethodInvocationHelper.java:80)
	at org.testng.internal.Invoker.invokeMethod(Invoker.java:714)
	at org.testng.internal.Invoker.invokeTestMethod(Invoker.java:901)
	at org.testng.internal.Invoker.invokeTestMethods(Invoker.java:1231)
	at org.testng.internal.TestMethodWorker.invokeTestMethods(TestMethodWorker.java:127)
	at org.testng.internal.TestMethodWorker.run(TestMethodWorker.java:111)
	at org.testng.TestRunner.privateRun(TestRunner.java:767)
	at org.testng.TestRunner.run(TestRunner.java:617)
	at org.testng.SuiteRunner.runTest(SuiteRunner.java:334)
	at org.testng.SuiteRunner.access$000(SuiteRunner.java:37)
	at org.testng.SuiteRunner$SuiteWorker.run(SuiteRunner.java:368)
	at org.testng.internal.thread.ThreadUtil$2.call(ThreadUtil.java:64)
	at java.util.concurrent.FutureTask$Sync.innerRun(FutureTask.java:303)
	at java.util.concurrent.FutureTask.run(FutureTask.java:138)
	at java.util.concurrent.ThreadPoolExecutor$Worker.runTask(ThreadPoolExecutor.java:895)
	at java.util.concurrent.ThreadPoolExecutor$Worker.run(ThreadPoolExecutor.java:918)
	at java.lang.Thread.run(Thread.java:680)

testTemplateBuilderCannotFind(org.jclouds.gogrid.compute.GoGridTemplateBuilderLiveTest)  Time elapsed: 0.002 sec  <<< FAILURE!
org.testng.TestException: 
Method BaseTemplateBuilderLiveTest.testTemplateBuilderCannotFind(org.jclouds.compute.domain.OsFamilyVersion64Bit)[pri:0, instance:org.jclouds.gogrid.compute.GoGridTemplateBuilderLiveTest@5488e2dd] should have thrown an exception of class java.util.NoSuchElementException
	at org.testng.internal.Invoker.handleInvocationResults(Invoker.java:1512)
	at org.testng.internal.Invoker.invokeMethod(Invoker.java:754)
	at org.testng.internal.Invoker.invokeTestMethod(Invoker.java:901)
	at org.testng.internal.Invoker.invokeTestMethods(Invoker.java:1231)
	at org.testng.internal.TestMethodWorker.invokeTestMethods(TestMethodWorker.java:127)
	at org.testng.internal.TestMethodWorker.run(TestMethodWorker.java:111)
	at org.testng.TestRunner.privateRun(TestRunner.java:767)
	at org.testng.TestRunner.run(TestRunner.java:617)
	at org.testng.SuiteRunner.runTest(SuiteRunner.java:334)
	at org.testng.SuiteRunner.access$000(SuiteRunner.java:37)
	at org.testng.SuiteRunner$SuiteWorker.run(SuiteRunner.java:368)
	at org.testng.internal.thread.ThreadUtil$2.call(ThreadUtil.java:64)
	at java.util.concurrent.FutureTask$Sync.innerRun(FutureTask.java:303)
	at java.util.concurrent.FutureTask.run(FutureTask.java:138)
	at java.util.concurrent.ThreadPoolExecutor$Worker.runTask(ThreadPoolExecutor.java:895)
	at java.util.concurrent.ThreadPoolExecutor$Worker.run(ThreadPoolExecutor.java:918)
	at java.lang.Thread.run(Thread.java:680)

testTemplateBuilderCannotFind(org.jclouds.gogrid.compute.GoGridTemplateBuilderLiveTest)  Time elapsed: 0.001 sec  <<< FAILURE!
org.testng.TestException: 
Method BaseTemplateBuilderLiveTest.testTemplateBuilderCannotFind(org.jclouds.compute.domain.OsFamilyVersion64Bit)[pri:0, instance:org.jclouds.gogrid.compute.GoGridTemplateBuilderLiveTest@5488e2dd] should have thrown an exception of class java.util.NoSuchElementException
	at org.testng.internal.Invoker.handleInvocationResults(Invoker.java:1512)
	at org.testng.internal.Invoker.invokeMethod(Invoker.java:754)
	at org.testng.internal.Invoker.invokeTestMethod(Invoker.java:901)
	at org.testng.internal.Invoker.invokeTestMethods(Invoker.java:1231)
	at org.testng.internal.TestMethodWorker.invokeTestMethods(TestMethodWorker.java:127)
	at org.testng.internal.TestMethodWorker.run(TestMethodWorker.java:111)
	at org.testng.TestRunner.privateRun(TestRunner.java:767)
	at org.testng.TestRunner.run(TestRunner.java:617)
	at org.testng.SuiteRunner.runTest(SuiteRunner.java:334)
	at org.testng.SuiteRunner.access$000(SuiteRunner.java:37)
	at org.testng.SuiteRunner$SuiteWorker.run(SuiteRunner.java:368)
	at org.testng.internal.thread.ThreadUtil$2.call(ThreadUtil.java:64)
	at java.util.concurrent.FutureTask$Sync.innerRun(FutureTask.java:303)
	at java.util.concurrent.FutureTask.run(FutureTask.java:138)
	at java.util.concurrent.ThreadPoolExecutor$Worker.runTask(ThreadPoolExecutor.java:895)
	at java.util.concurrent.ThreadPoolExecutor$Worker.run(ThreadPoolExecutor.java:918)
	at java.lang.Thread.run(Thread.java:680)

testDefaultTemplateBuilder(org.jclouds.gogrid.compute.GoGridTemplateBuilderLiveTest)  Time elapsed: 0.015 sec  <<< FAILURE!
java.lang.AssertionError: expected [10.04] but found [12.04]
	at org.testng.Assert.fail(Assert.java:94)
	at org.testng.Assert.failNotEquals(Assert.java:494)
	at org.testng.Assert.assertEquals(Assert.java:123)
	at org.testng.Assert.assertEquals(Assert.java:176)
	at org.testng.Assert.assertEquals(Assert.java:186)
	at org.jclouds.gogrid.compute.GoGridTemplateBuilderLiveTest.testDefaultTemplateBuilder(GoGridTemplateBuilderLiveTest.java:75)

testListJobs(org.jclouds.gogrid.services.GridJobClientLiveTest)  Time elapsed: 17.465 sec  <<< FAILURE!
java.lang.AssertionError: Job{id=1626511, command=Option{id=7, name=DeleteVirtualServer, description=Delete Virtual Server}, objectType=VirtualServer, createdOn=Sat Mar 09 15:04:33 PST 2013, lastUpdatedOn=null, currentState=Queued, attempts=1, owner=80b257085c40b430-24076@api.gogrid.com, history=[JobProperties{id=7446584, updatedOn=Sat Mar 09 15:04:33 PST 2013, state=Created, note=null}, JobProperties{id=7446585, updatedOn=Sat Mar 09 15:04:33 PST 2013, state=Queued, note=null}, JobProperties{id=7446586, updatedOn=Sat Mar 09 15:04:35 PST 2013, state=Processing, note=null}], details={ram=512MB, name=Server9831219, image=ubuntu_10_04_LTS_64_base, type=virtual_server, ip=164.40.141.76}}
	at org.jclouds.gogrid.services.GridJobClientLiveTest.checkJob(GridJobClientLiveTest.java:62)
	at org.jclouds.gogrid.services.GridJobClientLiveTest.testListJobs(GridJobClientLiveTest.java:45)

