[INFO] Scanning for projects...
[WARNING] 
[WARNING] Some problems were encountered while building the effective model for org.jclouds.chef:chef-compute:jar:1.6.0-rc.1
[WARNING] 'dependencies.dependency.(groupId:artifactId:type:classifier)' must be unique: org.jclouds:jclouds-compute:test-jar -> duplicate declaration of version 1.6.0-rc.1 @ line 76, column 21
[WARNING] 
[WARNING] Some problems were encountered while building the effective model for org.jclouds.chef:chef-project:pom:1.6.0-rc.1
[WARNING] 'parent.relativePath' of POM org.jclouds.chef:chef-parent:1.6.0-rc.1 (/Users/nacx/src/platform/jclouds-chef/project/pom.xml) points at org.jclouds.chef:chef-project instead of org.sonatype.oss:oss-parent, please verify your project structure @ org.jclouds.chef:chef-parent:1.6.0-rc.1, /Users/nacx/src/platform/jclouds-chef/project/pom.xml, line 24, column 11
[WARNING] 
[WARNING] It is highly recommended to fix these problems because they threaten the stability of your build.
[WARNING] 
[WARNING] For this reason, future Maven versions might no longer support building such malformed projects.
[WARNING] 
[INFO]                                                                         
[INFO] ------------------------------------------------------------------------
[INFO] Building JClouds Chef :: Hosted Chef 1.6.0-rc.1
[INFO] ------------------------------------------------------------------------
[INFO] 
[INFO] --- maven-clean-plugin:2.4.1:clean (default-clean) @ hostedchef ---
[INFO] Deleting /Users/nacx/src/platform/jclouds-chef/labs/hostedchef/target
[INFO] 
[INFO] --- maven-enforcer-plugin:1.0-beta-1:enforce (enforce-maven) @ hostedchef ---
[INFO] 
[INFO] --- maven-remote-resources-plugin:1.3:process (process-remote-resources) @ hostedchef ---
[INFO] 
[INFO] --- maven-resources-plugin:2.5:resources (default-resources) @ hostedchef ---
[debug] execute contextualize
[INFO] Using 'UTF-8' encoding to copy filtered resources.
[INFO] Copying 1 resource
[INFO] Copying 2 resources
[INFO] 
[INFO] --- maven-compiler-plugin:2.5:compile (default-compile) @ hostedchef ---
[INFO] Compiling 14 source files to /Users/nacx/src/platform/jclouds-chef/labs/hostedchef/target/classes
[INFO] 
[INFO] --- maven-resources-plugin:2.5:testResources (default-testResources) @ hostedchef ---
[debug] execute contextualize
[INFO] Using 'UTF-8' encoding to copy filtered resources.
[INFO] Copying 4 resources
[INFO] Copying 2 resources
[INFO] 
[INFO] --- maven-compiler-plugin:2.5:testCompile (default-testCompile) @ hostedchef ---
[INFO] Compiling 6 source files to /Users/nacx/src/platform/jclouds-chef/labs/hostedchef/target/test-classes
[INFO] 
[INFO] --- maven-surefire-plugin:2.12:test (default-test) @ hostedchef ---
[INFO] Surefire report directory: /Users/nacx/src/platform/jclouds-chef/labs/hostedchef/target/surefire-reports

-------------------------------------------------------
 T E S T S
-------------------------------------------------------
Running Unit and Performance Tests
Configuring TestNG with: org.apache.maven.surefire.testng.conf.TestNGMapConfigurator@270e3293
09-mar-2013 19:40:21 org.jclouds.rest.internal.BaseRestApiExpectTest createInjector
ADVERTENCIA: provider [mock] is not setup as META-INF/services/org.jclouds.apis.ApiMetadata or META-INF/services/org.jclouds.providers.ProviderMetadata
Starting test testInvalidNullInput(org.jclouds.hostedchef.binders.BindGroupNameToJsonPayloadTest)
Starting test testBindString(org.jclouds.hostedchef.binders.BindGroupNameToJsonPayloadTest)
[pool-2-thread-2] Test testInvalidNullInput(org.jclouds.hostedchef.binders.BindGroupNameToJsonPayloadTest) succeeded: 9ms
Test suite progress: tests succeeded: 1, failed: 0, skipped: 0.
[pool-2-thread-1] Test testBindString(org.jclouds.hostedchef.binders.BindGroupNameToJsonPayloadTest) succeeded: 15ms
Test suite progress: tests succeeded: 2, failed: 0, skipped: 0.
Starting test testBindNameAndLists(org.jclouds.hostedchef.binders.BindGroupToUpdateRequestJsonPayloadTest)
Starting test testBindOnlyName(org.jclouds.hostedchef.binders.BindGroupToUpdateRequestJsonPayloadTest)
Starting test testInvalidNullInput(org.jclouds.hostedchef.binders.BindGroupToUpdateRequestJsonPayloadTest)
[pool-3-thread-3] Test testInvalidNullInput(org.jclouds.hostedchef.binders.BindGroupToUpdateRequestJsonPayloadTest) succeeded: 0ms
Test suite progress: tests succeeded: 3, failed: 0, skipped: 0.
Starting test testInvalidTypeInput(org.jclouds.hostedchef.binders.BindGroupToUpdateRequestJsonPayloadTest)
[pool-3-thread-4] Test testInvalidTypeInput(org.jclouds.hostedchef.binders.BindGroupToUpdateRequestJsonPayloadTest) succeeded: 0ms
Test suite progress: tests succeeded: 4, failed: 0, skipped: 0.
[pool-3-thread-2] Test testBindOnlyName(org.jclouds.hostedchef.binders.BindGroupToUpdateRequestJsonPayloadTest) succeeded: 15ms
Test suite progress: tests succeeded: 5, failed: 0, skipped: 0.
[pool-3-thread-1] Test testBindNameAndLists(org.jclouds.hostedchef.binders.BindGroupToUpdateRequestJsonPayloadTest) succeeded: 15ms
Test suite progress: tests succeeded: 6, failed: 0, skipped: 0.
Starting test testApplyGroupName(org.jclouds.hostedchef.binders.GroupNameTest)
Starting test testInvalidNullInput(org.jclouds.hostedchef.binders.GroupNameTest)
[pool-4-thread-1] Test testApplyGroupName(org.jclouds.hostedchef.binders.GroupNameTest) succeeded: 0ms
Test suite progress: tests succeeded: 7, failed: 0, skipped: 0.
[pool-4-thread-2] Test testInvalidNullInput(org.jclouds.hostedchef.binders.GroupNameTest) succeeded: 1ms
Test suite progress: tests succeeded: 8, failed: 0, skipped: 0.
Starting test testCreateGroupReturns2xx(org.jclouds.hostedchef.HostedChefApiExpectTest)
Starting test testDeleteGroupFailsOn404(org.jclouds.hostedchef.HostedChefApiExpectTest)
Starting test testDeleteGroupReturns2xx(org.jclouds.hostedchef.HostedChefApiExpectTest)
Starting test testGetGroupReturns2xx(org.jclouds.hostedchef.HostedChefApiExpectTest)
Starting test testGetGroupReturns404(org.jclouds.hostedchef.HostedChefApiExpectTest)
[pool-5-thread-2] Test testDeleteGroupFailsOn404(org.jclouds.hostedchef.HostedChefApiExpectTest) succeeded: 745ms
Test suite progress: tests succeeded: 9, failed: 0, skipped: 0.
Starting test testGetUserReturns2xx(org.jclouds.hostedchef.HostedChefApiExpectTest)
[pool-5-thread-1] Test testCreateGroupReturns2xx(org.jclouds.hostedchef.HostedChefApiExpectTest) succeeded: 755ms
Test suite progress: tests succeeded: 10, failed: 0, skipped: 0.
Starting test testGetUserReturns404(org.jclouds.hostedchef.HostedChefApiExpectTest)
[pool-5-thread-3] Test testDeleteGroupReturns2xx(org.jclouds.hostedchef.HostedChefApiExpectTest) succeeded: 755ms
Test suite progress: tests succeeded: 11, failed: 0, skipped: 0.
Starting test testListGroups(org.jclouds.hostedchef.HostedChefApiExpectTest)
[pool-5-thread-4] Test testGetGroupReturns2xx(org.jclouds.hostedchef.HostedChefApiExpectTest) succeeded: 758ms
Test suite progress: tests succeeded: 12, failed: 0, skipped: 0.
Starting test testUpdateGroupFailsOn404(org.jclouds.hostedchef.HostedChefApiExpectTest)
[pool-5-thread-5] Test testGetGroupReturns404(org.jclouds.hostedchef.HostedChefApiExpectTest) succeeded: 762ms
Test suite progress: tests succeeded: 13, failed: 0, skipped: 0.
Starting test testUpdateGroupReturns2xx(org.jclouds.hostedchef.HostedChefApiExpectTest)
[pool-5-thread-2] Test testGetUserReturns2xx(org.jclouds.hostedchef.HostedChefApiExpectTest) succeeded: 449ms
Test suite progress: tests succeeded: 14, failed: 0, skipped: 0.
[pool-5-thread-4] Test testUpdateGroupFailsOn404(org.jclouds.hostedchef.HostedChefApiExpectTest) succeeded: 471ms
Test suite progress: tests succeeded: 15, failed: 0, skipped: 0.
[pool-5-thread-5] Test testUpdateGroupReturns2xx(org.jclouds.hostedchef.HostedChefApiExpectTest) succeeded: 477ms
Test suite progress: tests succeeded: 16, failed: 0, skipped: 0.
[pool-5-thread-1] Test testGetUserReturns404(org.jclouds.hostedchef.HostedChefApiExpectTest) succeeded: 493ms
Test suite progress: tests succeeded: 17, failed: 0, skipped: 0.
[pool-5-thread-3] Test testListGroups(org.jclouds.hostedchef.HostedChefApiExpectTest) succeeded: 506ms
Test suite progress: tests succeeded: 18, failed: 0, skipped: 0.
Starting test testAllContains(org.jclouds.hostedchef.HostedChefProviderTest)
Starting test testOfApiContains(org.jclouds.hostedchef.HostedChefProviderTest)
[pool-6-thread-1] Test testAllContains(org.jclouds.hostedchef.HostedChefProviderTest) succeeded: 2ms
Test suite progress: tests succeeded: 19, failed: 0, skipped: 0.
Starting test testTransformableToContains(org.jclouds.hostedchef.HostedChefProviderTest)
[pool-6-thread-2] Test testOfApiContains(org.jclouds.hostedchef.HostedChefProviderTest) succeeded: 2ms
Test suite progress: tests succeeded: 20, failed: 0, skipped: 0.
[pool-6-thread-3] Test testTransformableToContains(org.jclouds.hostedchef.HostedChefProviderTest) succeeded: 0ms
Test suite progress: tests succeeded: 21, failed: 0, skipped: 0.
Starting test testWithId(org.jclouds.hostedchef.HostedChefProviderTest)
[pool-6-thread-4] Test testWithId(org.jclouds.hostedchef.HostedChefProviderTest) succeeded: 2ms
Test suite progress: tests succeeded: 22, failed: 0, skipped: 0.
Tests run: 22, Failures: 0, Errors: 0, Skipped: 0, Time elapsed: 3.95 sec

Results :

Tests run: 22, Failures: 0, Errors: 0, Skipped: 0

[INFO] 
[INFO] --- maven-jar-plugin:2.4:jar (default-jar) @ hostedchef ---
[INFO] Building jar: /Users/nacx/src/platform/jclouds-chef/labs/hostedchef/target/hostedchef.jar
[INFO] 
[INFO] --- maven-jar-plugin:2.4:test-jar (default) @ hostedchef ---
[INFO] Building jar: /Users/nacx/src/platform/jclouds-chef/labs/hostedchef/target/hostedchef-tests.jar
[INFO] 
[INFO] --- maven-surefire-plugin:2.12:test (integration) @ hostedchef ---
[INFO] Surefire report directory: /Users/nacx/src/platform/jclouds-chef/labs/hostedchef/target/surefire-reports

-------------------------------------------------------
 T E S T S
-------------------------------------------------------
Running Live Integration Tests
Configuring TestNG with: org.apache.maven.surefire.testng.conf.TestNGMapConfigurator@99b5393
09-mar-2013 19:40:26 org.jclouds.rest.internal.BaseRestApiExpectTest createInjector
ADVERTENCIA: provider [mock] is not setup as META-INF/services/org.jclouds.apis.ApiMetadata or META-INF/services/org.jclouds.providers.ProviderMetadata
Starting test testClientExists(org.jclouds.hostedchef.HostedChefApiLiveTest)
[pool-2-thread-1] Test testClientExists(org.jclouds.hostedchef.HostedChefApiLiveTest) succeeded: 1511ms
Test suite progress: tests succeeded: 1, failed: 0, skipped: 0.
Starting test testCreateAdminClient(org.jclouds.hostedchef.HostedChefApiLiveTest)
[pool-2-thread-1] Test testCreateAdminClient(org.jclouds.hostedchef.HostedChefApiLiveTest) succeeded: 4816ms
Test suite progress: tests succeeded: 2, failed: 0, skipped: 0.
Starting test testCreateClient(org.jclouds.hostedchef.HostedChefApiLiveTest)
[pool-2-thread-1] Test testCreateClient(org.jclouds.hostedchef.HostedChefApiLiveTest) succeeded: 4195ms
Test suite progress: tests succeeded: 3, failed: 0, skipped: 0.
Starting test testCreateDatabag(org.jclouds.hostedchef.HostedChefApiLiveTest)
[pool-2-thread-1] Test testCreateDatabag(org.jclouds.hostedchef.HostedChefApiLiveTest) succeeded: 2809ms
Test suite progress: tests succeeded: 4, failed: 0, skipped: 0.
Starting test testCreateEnvironment(org.jclouds.hostedchef.HostedChefApiLiveTest)
[pool-2-thread-1] Test testCreateEnvironment(org.jclouds.hostedchef.HostedChefApiLiveTest) succeeded: 4073ms
Test suite progress: tests succeeded: 5, failed: 0, skipped: 0.
Starting test testCreateNewCookbook(org.jclouds.hostedchef.HostedChefApiLiveTest)
[pool-2-thread-1] Test testCreateNewCookbook(org.jclouds.hostedchef.HostedChefApiLiveTest) succeeded: 4306ms
Test suite progress: tests succeeded: 6, failed: 0, skipped: 0.
Starting test testCreateRole(org.jclouds.hostedchef.HostedChefApiLiveTest)
[pool-2-thread-1] Test testCreateRole(org.jclouds.hostedchef.HostedChefApiLiveTest) succeeded: 5727ms
Test suite progress: tests succeeded: 7, failed: 0, skipped: 0.
Starting test testListCookbooks(org.jclouds.hostedchef.HostedChefApiLiveTest)
[pool-2-thread-1] Test testListCookbooks(org.jclouds.hostedchef.HostedChefApiLiveTest) failed.
Test suite progress: tests succeeded: 7, failed: 1, skipped: 0.
Starting test testListDatabags(org.jclouds.hostedchef.HostedChefApiLiveTest)
[pool-2-thread-1] Test testListDatabags(org.jclouds.hostedchef.HostedChefApiLiveTest) succeeded: 1599ms
Test suite progress: tests succeeded: 8, failed: 1, skipped: 0.
Starting test testListNodes(org.jclouds.hostedchef.HostedChefApiLiveTest)
[pool-2-thread-1] Test testListNodes(org.jclouds.hostedchef.HostedChefApiLiveTest) succeeded: 1226ms
Test suite progress: tests succeeded: 9, failed: 1, skipped: 0.
Starting test testListRoles(org.jclouds.hostedchef.HostedChefApiLiveTest)
[pool-2-thread-1] Test testListRoles(org.jclouds.hostedchef.HostedChefApiLiveTest) succeeded: 1230ms
Test suite progress: tests succeeded: 10, failed: 1, skipped: 0.
Starting test testListSearchIndexes(org.jclouds.hostedchef.HostedChefApiLiveTest)
[pool-2-thread-1] Test testListSearchIndexes(org.jclouds.hostedchef.HostedChefApiLiveTest) succeeded: 1024ms
Test suite progress: tests succeeded: 11, failed: 1, skipped: 0.
Starting test testSearchNodes(org.jclouds.hostedchef.HostedChefApiLiveTest)
[pool-2-thread-1] Test testSearchNodes(org.jclouds.hostedchef.HostedChefApiLiveTest) succeeded: 1129ms
Test suite progress: tests succeeded: 12, failed: 1, skipped: 0.
Starting test testSearchRoles(org.jclouds.hostedchef.HostedChefApiLiveTest)
[pool-2-thread-1] Test testSearchRoles(org.jclouds.hostedchef.HostedChefApiLiveTest) succeeded: 1071ms
Test suite progress: tests succeeded: 13, failed: 1, skipped: 0.
Starting test testValidatorCannotDeleteClient(org.jclouds.hostedchef.HostedChefApiLiveTest)
[pool-2-thread-1] Test testValidatorCannotDeleteClient(org.jclouds.hostedchef.HostedChefApiLiveTest) succeeded: 1117ms
Test suite progress: tests succeeded: 14, failed: 1, skipped: 0.
Starting test testValidatorCannotListClients(org.jclouds.hostedchef.HostedChefApiLiveTest)
[pool-2-thread-1] Test testValidatorCannotListClients(org.jclouds.hostedchef.HostedChefApiLiveTest) succeeded: 967ms
Test suite progress: tests succeeded: 15, failed: 1, skipped: 0.
Starting test testCreateGroup(org.jclouds.hostedchef.HostedChefApiLiveTest)
[pool-2-thread-1] Test testCreateGroup(org.jclouds.hostedchef.HostedChefApiLiveTest) succeeded: 3082ms
Test suite progress: tests succeeded: 16, failed: 1, skipped: 0.
Starting test testDeleteUnexistingGroup(org.jclouds.hostedchef.HostedChefApiLiveTest)
[pool-2-thread-1] Test testDeleteUnexistingGroup(org.jclouds.hostedchef.HostedChefApiLiveTest) succeeded: 928ms
Test suite progress: tests succeeded: 17, failed: 1, skipped: 0.
Starting test testGetUnexistingGroup(org.jclouds.hostedchef.HostedChefApiLiveTest)
[pool-2-thread-1] Test testGetUnexistingGroup(org.jclouds.hostedchef.HostedChefApiLiveTest) succeeded: 1018ms
Test suite progress: tests succeeded: 18, failed: 1, skipped: 0.
Starting test testGetUnexistingUser(org.jclouds.hostedchef.HostedChefApiLiveTest)
[pool-2-thread-1] Test testGetUnexistingUser(org.jclouds.hostedchef.HostedChefApiLiveTest) succeeded: 1028ms
Test suite progress: tests succeeded: 19, failed: 1, skipped: 0.
Starting test testGetUser(org.jclouds.hostedchef.HostedChefApiLiveTest)
[pool-2-thread-1] Test testGetUser(org.jclouds.hostedchef.HostedChefApiLiveTest) succeeded: 1022ms
Test suite progress: tests succeeded: 20, failed: 1, skipped: 0.
Starting test testListGroups(org.jclouds.hostedchef.HostedChefApiLiveTest)
[pool-2-thread-1] Test testListGroups(org.jclouds.hostedchef.HostedChefApiLiveTest) succeeded: 1012ms
Test suite progress: tests succeeded: 21, failed: 1, skipped: 0.
Starting test testSearchClientsWithOptions(org.jclouds.hostedchef.HostedChefApiLiveTest)
[pool-2-thread-1] Test testSearchClientsWithOptions(org.jclouds.hostedchef.HostedChefApiLiveTest) failed.
Test suite progress: tests succeeded: 21, failed: 2, skipped: 0.
Starting test testUpdateUnexistingGroup(org.jclouds.hostedchef.HostedChefApiLiveTest)
[pool-2-thread-1] Test testUpdateUnexistingGroup(org.jclouds.hostedchef.HostedChefApiLiveTest) succeeded: 980ms
Test suite progress: tests succeeded: 22, failed: 2, skipped: 0.
Starting test testValidatorCreateClient(org.jclouds.hostedchef.HostedChefApiLiveTest)
[pool-2-thread-1] Test testValidatorCreateClient(org.jclouds.hostedchef.HostedChefApiLiveTest) succeeded: 940ms
Test suite progress: tests succeeded: 23, failed: 2, skipped: 0.
Starting test testSearchClients(org.jclouds.hostedchef.HostedChefApiLiveTest)
[pool-2-thread-1] Test testSearchClients(org.jclouds.hostedchef.HostedChefApiLiveTest) succeeded: 1171ms
Test suite progress: tests succeeded: 24, failed: 2, skipped: 0.
Starting test testCreateDatabagItem(org.jclouds.hostedchef.HostedChefApiLiveTest)
[pool-2-thread-2] Test testCreateDatabagItem(org.jclouds.hostedchef.HostedChefApiLiveTest) succeeded: 2420ms
Test suite progress: tests succeeded: 25, failed: 2, skipped: 0.
Starting test testCreateNode(org.jclouds.hostedchef.HostedChefApiLiveTest)
[pool-2-thread-2] Test testCreateNode(org.jclouds.hostedchef.HostedChefApiLiveTest) succeeded: 5523ms
Test suite progress: tests succeeded: 26, failed: 2, skipped: 0.
Starting test testDatabagExists(org.jclouds.hostedchef.HostedChefApiLiveTest)
[pool-2-thread-2] Test testDatabagExists(org.jclouds.hostedchef.HostedChefApiLiveTest) succeeded: 1022ms
Test suite progress: tests succeeded: 27, failed: 2, skipped: 0.
Starting test testGenerateKeyForClient(org.jclouds.hostedchef.HostedChefApiLiveTest)
[pool-2-thread-2] Test testGenerateKeyForClient(org.jclouds.hostedchef.HostedChefApiLiveTest) succeeded: 2766ms
Test suite progress: tests succeeded: 28, failed: 2, skipped: 0.
Starting test testListEnvironment(org.jclouds.hostedchef.HostedChefApiLiveTest)
[pool-2-thread-2] Test testListEnvironment(org.jclouds.hostedchef.HostedChefApiLiveTest) succeeded: 1279ms
Test suite progress: tests succeeded: 29, failed: 2, skipped: 0.
Starting test testRoleExists(org.jclouds.hostedchef.HostedChefApiLiveTest)
[pool-2-thread-2] Test testRoleExists(org.jclouds.hostedchef.HostedChefApiLiveTest) succeeded: 971ms
Test suite progress: tests succeeded: 30, failed: 2, skipped: 0.
Starting test testSearchDatabagNotFound(org.jclouds.hostedchef.HostedChefApiLiveTest)
[pool-2-thread-2] Test testSearchDatabagNotFound(org.jclouds.hostedchef.HostedChefApiLiveTest) succeeded: 1097ms
Test suite progress: tests succeeded: 31, failed: 2, skipped: 0.
Starting test testSearchEnvironments(org.jclouds.hostedchef.HostedChefApiLiveTest)
[pool-2-thread-2] Test testSearchEnvironments(org.jclouds.hostedchef.HostedChefApiLiveTest) succeeded: 925ms
Test suite progress: tests succeeded: 32, failed: 2, skipped: 0.
Starting test testSearchEnvironmentsWithOptions(org.jclouds.hostedchef.HostedChefApiLiveTest)
[pool-2-thread-2] Test testSearchEnvironmentsWithOptions(org.jclouds.hostedchef.HostedChefApiLiveTest) succeeded: 1036ms
Test suite progress: tests succeeded: 33, failed: 2, skipped: 0.
Starting test testSearchRolesWithOptions(org.jclouds.hostedchef.HostedChefApiLiveTest)
[pool-2-thread-2] Test testSearchRolesWithOptions(org.jclouds.hostedchef.HostedChefApiLiveTest) succeeded: 1231ms
Test suite progress: tests succeeded: 34, failed: 2, skipped: 0.
Starting test testUpdateCookbook(org.jclouds.hostedchef.HostedChefApiLiveTest)
[pool-2-thread-2] Test testUpdateCookbook(org.jclouds.hostedchef.HostedChefApiLiveTest) succeeded: 2158ms
Test suite progress: tests succeeded: 35, failed: 2, skipped: 0.
Starting test testUpdateGroup(org.jclouds.hostedchef.HostedChefApiLiveTest)
[pool-2-thread-2] Test testUpdateGroup(org.jclouds.hostedchef.HostedChefApiLiveTest) succeeded: 3434ms
Test suite progress: tests succeeded: 36, failed: 2, skipped: 0.
Starting test testDatabagItemExists(org.jclouds.hostedchef.HostedChefApiLiveTest)
[pool-2-thread-3] Test testDatabagItemExists(org.jclouds.hostedchef.HostedChefApiLiveTest) succeeded: 1058ms
Test suite progress: tests succeeded: 37, failed: 2, skipped: 0.
Starting test testListDatabagItems(org.jclouds.hostedchef.HostedChefApiLiveTest)
[pool-2-thread-3] Test testListDatabagItems(org.jclouds.hostedchef.HostedChefApiLiveTest) succeeded: 1226ms
Test suite progress: tests succeeded: 38, failed: 2, skipped: 0.
Starting test testNodeExists(org.jclouds.hostedchef.HostedChefApiLiveTest)
[pool-2-thread-3] Test testNodeExists(org.jclouds.hostedchef.HostedChefApiLiveTest) succeeded: 1004ms
Test suite progress: tests succeeded: 39, failed: 2, skipped: 0.
Starting test testSearchNodesWithOptions(org.jclouds.hostedchef.HostedChefApiLiveTest)
[pool-2-thread-3] Test testSearchNodesWithOptions(org.jclouds.hostedchef.HostedChefApiLiveTest) succeeded: 47393ms
Test suite progress: tests succeeded: 40, failed: 2, skipped: 0.
Starting test testDeleteCookbook(org.jclouds.hostedchef.HostedChefApiLiveTest)
[pool-2-thread-3] Test testDeleteCookbook(org.jclouds.hostedchef.HostedChefApiLiveTest) succeeded: 1674ms
Test suite progress: tests succeeded: 41, failed: 2, skipped: 0.
Starting test testUpdateRole(org.jclouds.hostedchef.HostedChefApiLiveTest)
[pool-2-thread-3] Test testUpdateRole(org.jclouds.hostedchef.HostedChefApiLiveTest) succeeded: 6346ms
Test suite progress: tests succeeded: 42, failed: 2, skipped: 0.
Starting test testDeleteGroup(org.jclouds.hostedchef.HostedChefApiLiveTest)
[pool-2-thread-3] Test testDeleteGroup(org.jclouds.hostedchef.HostedChefApiLiveTest) succeeded: 2386ms
Test suite progress: tests succeeded: 43, failed: 2, skipped: 0.
Starting test testUpdateDatabagItem(org.jclouds.hostedchef.HostedChefApiLiveTest)
Starting test testSearchDatabag(org.jclouds.hostedchef.HostedChefApiLiveTest)
Starting test testSearchDatabagWithOptions(org.jclouds.hostedchef.HostedChefApiLiveTest)
Starting test testUpdateNode(org.jclouds.hostedchef.HostedChefApiLiveTest)
[pool-2-thread-4] Test testSearchDatabag(org.jclouds.hostedchef.HostedChefApiLiveTest) succeeded: 1147ms
Test suite progress: tests succeeded: 44, failed: 2, skipped: 0.
[pool-2-thread-5] Test testSearchDatabagWithOptions(org.jclouds.hostedchef.HostedChefApiLiveTest) succeeded: 1334ms
Test suite progress: tests succeeded: 45, failed: 2, skipped: 0.
[pool-2-thread-3] Test testUpdateNode(org.jclouds.hostedchef.HostedChefApiLiveTest) succeeded: 3229ms
Test suite progress: tests succeeded: 46, failed: 2, skipped: 0.
[pool-2-thread-1] Test testUpdateDatabagItem(org.jclouds.hostedchef.HostedChefApiLiveTest) succeeded: 3337ms
Test suite progress: tests succeeded: 47, failed: 2, skipped: 0.
Tests run: 49, Failures: 2, Errors: 0, Skipped: 0, Time elapsed: 214.614 sec <<< FAILURE!

Results :

Failed tests:   testListCookbooks(org.jclouds.hostedchef.HostedChefApiLiveTest): <?xml version="1.0" encoding="UTF-8"?>(..)
  testSearchClientsWithOptions(org.jclouds.hostedchef.HostedChefApiLiveTest): expected:<true> but was:<false>

Tests run: 49, Failures: 2, Errors: 0, Skipped: 0

[INFO] ------------------------------------------------------------------------
[INFO] BUILD FAILURE
[INFO] ------------------------------------------------------------------------
[INFO] Total time: 3:45.783s
[INFO] Finished at: Sat Mar 09 19:44:00 CET 2013
[INFO] Final Memory: 17M/554M
[INFO] ------------------------------------------------------------------------
[WARNING] The requested profile "dev" could not be activated because it does not exist.
[ERROR] Failed to execute goal org.apache.maven.plugins:maven-surefire-plugin:2.12:test (integration) on project hostedchef: There are test failures.
[ERROR] 
[ERROR] Please refer to /Users/nacx/src/platform/jclouds-chef/labs/hostedchef/target/surefire-reports for the individual test results.
[ERROR] -> [Help 1]
[ERROR] 
[ERROR] To see the full stack trace of the errors, re-run Maven with the -e switch.
[ERROR] Re-run Maven using the -X switch to enable full debug logging.
[ERROR] 
[ERROR] For more information about the errors and possible solutions, please read the following articles:
[ERROR] [Help 1] http://cwiki.apache.org/confluence/display/MAVEN/MojoFailureException
