-------------------------------------------------------------------------------
Test set: TestSuite
-------------------------------------------------------------------------------
Tests run: 12, Failures: 2, Errors: 0, Skipped: 0, Time elapsed: 4.105 sec <<< FAILURE!
testSignPutBlob(org.jclouds.hpcloud.objectstorage.blobstore.HPCloudObjectStorageBlobSignerExpectTest)  Time elapsed: 0.138 sec  <<< FAILURE!
java.lang.AssertionError: expected [{method=PUT, endpoint=https://objects.jclouds.org/v1.0/40806637803162/container/name, headers={Expect=[100-continue], X-Auth-Token=[Auth_4f173437e4b013bee56d1007]}, payload=[content=true, contentMetadata=[contentDisposition=null, contentEncoding=null, contentLanguage=null, contentLength=null, contentMD5=null, contentType=application/unknown, expires=Wed Dec 31 16:00:01 PST 1969], written=false]}] but found [{method=PUT, endpoint=https://objects.jclouds.org/v1.0/40806637803162/container/name, headers={X-Auth-Token=[Auth_4f173437e4b013bee56d1007]}, payload=[content=true, contentMetadata=[contentDisposition=null, contentEncoding=null, contentLanguage=null, contentLength=null, contentMD5=null, contentType=application/unknown, expires=Wed Dec 31 16:00:01 PST 1969], written=false]}]
	at org.testng.Assert.fail(Assert.java:94)
	at org.testng.Assert.failNotEquals(Assert.java:494)
	at org.testng.Assert.assertEquals(Assert.java:123)
	at org.testng.Assert.assertEquals(Assert.java:165)
	at org.jclouds.blobstore.internal.BaseBlobSignerExpectTest.testSignPutBlob(BaseBlobSignerExpectTest.java:98)
	at sun.reflect.NativeMethodAccessorImpl.invoke0(Native Method)
	at sun.reflect.NativeMethodAccessorImpl.invoke(NativeMethodAccessorImpl.java:39)
	at sun.reflect.DelegatingMethodAccessorImpl.invoke(DelegatingMethodAccessorImpl.java:25)
	at java.lang.reflect.Method.invoke(Method.java:597)
	at org.testng.internal.MethodInvocationHelper.invokeMethod(MethodInvocationHelper.java:80)
	at org.testng.internal.Invoker.invokeMethod(Invoker.java:714)
	at org.testng.internal.Invoker.invokeTestMethod(Invoker.java:901)
	at org.testng.internal.Invoker.invokeTestMethods(Invoker.java:1231)
	at org.testng.internal.TestMethodWorker.invokeTestMethods(TestMethodWorker.java:127)
	at org.testng.internal.TestMethodWorker.run(TestMethodWorker.java:111)
	at java.util.concurrent.ThreadPoolExecutor$Worker.runTask(ThreadPoolExecutor.java:895)
	at java.util.concurrent.ThreadPoolExecutor$Worker.run(ThreadPoolExecutor.java:918)
	at java.lang.Thread.run(Thread.java:680)

testSignPutBlobWithTime(org.jclouds.hpcloud.objectstorage.blobstore.HPCloudObjectStorageBlobSignerExpectTest)  Time elapsed: 0.696 sec  <<< FAILURE!
java.lang.AssertionError: expected [{method=PUT, endpoint=https://objects.jclouds.org/v1.0/40806637803162/container/name?temp_url_sig=40806637803162%3Aidentity%3Ac90269245ab0a316d5ea5e654d4c2a975fb4bf77&temp_url_expires=123456792, headers={Expect=[100-continue]}, payload=[content=true, contentMetadata=[contentDisposition=null, contentEncoding=null, contentLanguage=null, contentLength=null, contentMD5=null, contentType=application/unknown, expires=null], written=false]}] but found [{method=PUT, endpoint=https://objects.jclouds.org/v1.0/40806637803162/container/name?temp_url_sig=40806637803162%3Aidentity%3Ac90269245ab0a316d5ea5e654d4c2a975fb4bf77&temp_url_expires=123456792, headers={}, payload=[content=true, contentMetadata=[contentDisposition=null, contentEncoding=null, contentLanguage=null, contentLength=null, contentMD5=null, contentType=application/unknown, expires=null], written=false]}]
	at org.testng.Assert.fail(Assert.java:94)
	at org.testng.Assert.failNotEquals(Assert.java:494)
	at org.testng.Assert.assertEquals(Assert.java:123)
	at org.testng.Assert.assertEquals(Assert.java:165)
	at org.jclouds.blobstore.internal.BaseBlobSignerExpectTest.testSignPutBlobWithTime(BaseBlobSignerExpectTest.java:109)
	at sun.reflect.NativeMethodAccessorImpl.invoke0(Native Method)
	at sun.reflect.NativeMethodAccessorImpl.invoke(NativeMethodAccessorImpl.java:39)
	at sun.reflect.DelegatingMethodAccessorImpl.invoke(DelegatingMethodAccessorImpl.java:25)
	at java.lang.reflect.Method.invoke(Method.java:597)
	at org.testng.internal.MethodInvocationHelper.invokeMethod(MethodInvocationHelper.java:80)
	at org.testng.internal.Invoker.invokeMethod(Invoker.java:714)
	at org.testng.internal.Invoker.invokeTestMethod(Invoker.java:901)
	at org.testng.internal.Invoker.invokeTestMethods(Invoker.java:1231)
	at org.testng.internal.TestMethodWorker.invokeTestMethods(TestMethodWorker.java:127)
	at org.testng.internal.TestMethodWorker.run(TestMethodWorker.java:111)
	at java.util.concurrent.ThreadPoolExecutor$Worker.runTask(ThreadPoolExecutor.java:895)
	at java.util.concurrent.ThreadPoolExecutor$Worker.run(ThreadPoolExecutor.java:918)
	at java.lang.Thread.run(Thread.java:680)

