[INFO] Scanning for projects...
[WARNING] 
[WARNING] Some problems were encountered while building the effective model for org.jclouds.provider:hpcloud-objectstorage:bundle:1.6.0-SNAPSHOT
[WARNING] 'parent.relativePath' of POM org.jclouds:jclouds-project:1.6.0-SNAPSHOT (/Users/adriancole/workspace/git/1.6.x/jclouds/project/pom.xml) points at org.jclouds:jclouds-multi instead of org.sonatype.oss:oss-parent, please verify your project structure @ org.jclouds:jclouds-project:1.6.0-SNAPSHOT, /Users/adriancole/workspace/git/1.6.x/jclouds/project/pom.xml, line 24, column 13
[WARNING] 
[WARNING] It is highly recommended to fix these problems because they threaten the stability of your build.
[WARNING] 
[WARNING] For this reason, future Maven versions might no longer support building such malformed projects.
[WARNING] 
[INFO]                                                                         
[INFO] ------------------------------------------------------------------------
[INFO] Building jclouds HP Cloud Object Storage 1.6.0-SNAPSHOT
[INFO] ------------------------------------------------------------------------
[INFO] 
[INFO] --- maven-clean-plugin:2.4.1:clean (default-clean) @ hpcloud-objectstorage ---
[INFO] 
[INFO] --- maven-enforcer-plugin:1.1.1:enforce (enforce-maven) @ hpcloud-objectstorage ---
[INFO] 
[INFO] --- maven-enforcer-plugin:1.1.1:enforce (enforce-banned-dependencies) @ hpcloud-objectstorage ---
[INFO] 
[INFO] --- maven-enforcer-plugin:1.1.1:enforce (enforce-java) @ hpcloud-objectstorage ---
[INFO] 
[INFO] --- maven-remote-resources-plugin:1.4:process (process-remote-resources) @ hpcloud-objectstorage ---
[INFO] 
[INFO] --- maven-resources-plugin:2.6:resources (default-resources) @ hpcloud-objectstorage ---
[INFO] Using 'UTF-8' encoding to copy filtered resources.
[INFO] skip non existing resourceDirectory /Users/adriancole/workspace/git/1.6.x/jclouds/providers/hpcloud-objectstorage/src/main/clojure
[INFO] Copying 1 resource
[INFO] Copying 2 resources
[INFO] 
[INFO] --- maven-compiler-plugin:2.5.1:compile (default-compile) @ hpcloud-objectstorage ---
[INFO] Compiling 26 source files to /Users/adriancole/workspace/git/1.6.x/jclouds/providers/hpcloud-objectstorage/target/classes
[INFO] 
[INFO] --- maven-resources-plugin:2.6:testResources (default-testResources) @ hpcloud-objectstorage ---
[INFO] Using 'UTF-8' encoding to copy filtered resources.
[INFO] skip non existing resourceDirectory /Users/adriancole/workspace/git/1.6.x/jclouds/providers/hpcloud-objectstorage/src/test/clojure
[INFO] Copying 4 resources
[INFO] Copying 2 resources
[INFO] 
[INFO] --- maven-compiler-plugin:2.5.1:testCompile (default-testCompile) @ hpcloud-objectstorage ---
[INFO] Compiling 15 source files to /Users/adriancole/workspace/git/1.6.x/jclouds/providers/hpcloud-objectstorage/target/test-classes
[INFO] 
[INFO] --- maven-surefire-plugin:2.12.4:test (default-test) @ hpcloud-objectstorage ---
[INFO] Surefire report directory: /Users/adriancole/workspace/git/1.6.x/jclouds/providers/hpcloud-objectstorage/target/surefire-reports

-------------------------------------------------------
 T E S T S
-------------------------------------------------------
Running TestSuite
Configuring TestNG with: org.apache.maven.surefire.testng.conf.TestNG652Configurator@1cc7b00c
Starting test testSignGetBlob(org.jclouds.hpcloud.objectstorage.blobstore.HPCloudObjectStorageBlobSignerExpectTest)
Starting test testSignGetBlobWithOptions(org.jclouds.hpcloud.objectstorage.blobstore.HPCloudObjectStorageBlobSignerExpectTest)
Starting test testSignPutBlob(org.jclouds.hpcloud.objectstorage.blobstore.HPCloudObjectStorageBlobSignerExpectTest)
Starting test testSignGetBlobWithTime(org.jclouds.hpcloud.objectstorage.blobstore.HPCloudObjectStorageBlobSignerExpectTest)
Starting test testSignPutBlobWithTime(org.jclouds.hpcloud.objectstorage.blobstore.HPCloudObjectStorageBlobSignerExpectTest)
[pool-1-thread-2] Test testSignGetBlobWithOptions(org.jclouds.hpcloud.objectstorage.blobstore.HPCloudObjectStorageBlobSignerExpectTest) succeeded: 1604ms
Test suite progress: tests succeeded: 1, failed: 0, skipped: 0.
Starting test testSignRemoveBlob(org.jclouds.hpcloud.objectstorage.blobstore.HPCloudObjectStorageBlobSignerExpectTest)
[pool-1-thread-1] Test testSignGetBlob(org.jclouds.hpcloud.objectstorage.blobstore.HPCloudObjectStorageBlobSignerExpectTest) succeeded: 1651ms
Test suite progress: tests succeeded: 2, failed: 0, skipped: 0.
[pool-1-thread-4] Test testSignPutBlob(org.jclouds.hpcloud.objectstorage.blobstore.HPCloudObjectStorageBlobSignerExpectTest) failed.
Test suite progress: tests succeeded: 2, failed: 1, skipped: 0.
[pool-1-thread-2] Test testSignRemoveBlob(org.jclouds.hpcloud.objectstorage.blobstore.HPCloudObjectStorageBlobSignerExpectTest) succeeded: 371ms
Test suite progress: tests succeeded: 3, failed: 1, skipped: 0.
[pool-1-thread-3] Test testSignGetBlobWithTime(org.jclouds.hpcloud.objectstorage.blobstore.HPCloudObjectStorageBlobSignerExpectTest) succeeded: 2254ms
Test suite progress: tests succeeded: 4, failed: 1, skipped: 0.
[pool-1-thread-5] Test testSignPutBlobWithTime(org.jclouds.hpcloud.objectstorage.blobstore.HPCloudObjectStorageBlobSignerExpectTest) failed.
Test suite progress: tests succeeded: 4, failed: 2, skipped: 0.
Starting test testListObjectsWhenResponseIs2xx(org.jclouds.hpcloud.objectstorage.blobstore.HPCloudObjectStorageBlobStoreExpectTest)
[pool-2-thread-1] Test testListObjectsWhenResponseIs2xx(org.jclouds.hpcloud.objectstorage.blobstore.HPCloudObjectStorageBlobStoreExpectTest) succeeded: 178ms
Test suite progress: tests succeeded: 5, failed: 2, skipped: 0.
Starting test testAllContains(org.jclouds.hpcloud.objectstorage.HPCloudObjectStorageProviderTest)
[pool-3-thread-1] Test testAllContains(org.jclouds.hpcloud.objectstorage.HPCloudObjectStorageProviderTest) succeeded: 2ms
Test suite progress: tests succeeded: 6, failed: 2, skipped: 0.
Starting test testOfApiContains(org.jclouds.hpcloud.objectstorage.HPCloudObjectStorageProviderTest)
[pool-3-thread-2] Test testOfApiContains(org.jclouds.hpcloud.objectstorage.HPCloudObjectStorageProviderTest) succeeded: 2ms
Test suite progress: tests succeeded: 7, failed: 2, skipped: 0.
Starting test testTransformableToContains(org.jclouds.hpcloud.objectstorage.HPCloudObjectStorageProviderTest)
Starting test testWithId(org.jclouds.hpcloud.objectstorage.HPCloudObjectStorageProviderTest)
[pool-3-thread-4] Test testWithId(org.jclouds.hpcloud.objectstorage.HPCloudObjectStorageProviderTest) succeeded: 2ms
Test suite progress: tests succeeded: 8, failed: 2, skipped: 0.
[pool-3-thread-3] Test testTransformableToContains(org.jclouds.hpcloud.objectstorage.HPCloudObjectStorageProviderTest) succeeded: 5ms
Test suite progress: tests succeeded: 9, failed: 2, skipped: 0.
Starting test test(org.jclouds.hpcloud.objectstorage.parse.CDNContainersTest)
[pool-4-thread-1] Test test(org.jclouds.hpcloud.objectstorage.parse.CDNContainersTest) succeeded: 27ms
Test suite progress: tests succeeded: 10, failed: 2, skipped: 0.
Tests run: 12, Failures: 2, Errors: 0, Skipped: 0, Time elapsed: 4.105 sec <<< FAILURE!
testSignPutBlob(org.jclouds.hpcloud.objectstorage.blobstore.HPCloudObjectStorageBlobSignerExpectTest)  Time elapsed: 0.138 sec  <<< FAILURE!
java.lang.AssertionError: expected [{method=PUT, endpoint=https://objects.jclouds.org/v1.0/40806637803162/container/name, headers={Expect=[100-continue], X-Auth-Token=[Auth_4f173437e4b013bee56d1007]}, payload=[content=true, contentMetadata=[contentDisposition=null, contentEncoding=null, contentLanguage=null, contentLength=null, contentMD5=null, contentType=application/unknown, expires=Wed Dec 31 16:00:01 PST 1969], written=false]}] but found [{method=PUT, endpoint=https://objects.jclouds.org/v1.0/40806637803162/container/name, headers={X-Auth-Token=[Auth_4f173437e4b013bee56d1007]}, payload=[content=true, contentMetadata=[contentDisposition=null, contentEncoding=null, contentLanguage=null, contentLength=null, contentMD5=null, contentType=application/unknown, expires=Wed Dec 31 16:00:01 PST 1969], written=false]}]
	at org.testng.Assert.fail(Assert.java:94)
	at org.testng.Assert.failNotEquals(Assert.java:494)
	at org.testng.Assert.assertEquals(Assert.java:123)
	at org.testng.Assert.assertEquals(Assert.java:165)
	at org.jclouds.blobstore.internal.BaseBlobSignerExpectTest.testSignPutBlob(BaseBlobSignerExpectTest.java:98)
	at sun.reflect.NativeMethodAccessorImpl.invoke0(Native Method)
	at sun.reflect.NativeMethodAccessorImpl.invoke(NativeMethodAccessorImpl.java:39)
	at sun.reflect.DelegatingMethodAccessorImpl.invoke(DelegatingMethodAccessorImpl.java:25)
	at java.lang.reflect.Method.invoke(Method.java:597)
	at org.testng.internal.MethodInvocationHelper.invokeMethod(MethodInvocationHelper.java:80)
	at org.testng.internal.Invoker.invokeMethod(Invoker.java:714)
	at org.testng.internal.Invoker.invokeTestMethod(Invoker.java:901)
	at org.testng.internal.Invoker.invokeTestMethods(Invoker.java:1231)
	at org.testng.internal.TestMethodWorker.invokeTestMethods(TestMethodWorker.java:127)
	at org.testng.internal.TestMethodWorker.run(TestMethodWorker.java:111)
	at java.util.concurrent.ThreadPoolExecutor$Worker.runTask(ThreadPoolExecutor.java:895)
	at java.util.concurrent.ThreadPoolExecutor$Worker.run(ThreadPoolExecutor.java:918)
	at java.lang.Thread.run(Thread.java:680)

testSignPutBlobWithTime(org.jclouds.hpcloud.objectstorage.blobstore.HPCloudObjectStorageBlobSignerExpectTest)  Time elapsed: 0.696 sec  <<< FAILURE!
java.lang.AssertionError: expected [{method=PUT, endpoint=https://objects.jclouds.org/v1.0/40806637803162/container/name?temp_url_sig=40806637803162%3Aidentity%3Ac90269245ab0a316d5ea5e654d4c2a975fb4bf77&temp_url_expires=123456792, headers={Expect=[100-continue]}, payload=[content=true, contentMetadata=[contentDisposition=null, contentEncoding=null, contentLanguage=null, contentLength=null, contentMD5=null, contentType=application/unknown, expires=null], written=false]}] but found [{method=PUT, endpoint=https://objects.jclouds.org/v1.0/40806637803162/container/name?temp_url_sig=40806637803162%3Aidentity%3Ac90269245ab0a316d5ea5e654d4c2a975fb4bf77&temp_url_expires=123456792, headers={}, payload=[content=true, contentMetadata=[contentDisposition=null, contentEncoding=null, contentLanguage=null, contentLength=null, contentMD5=null, contentType=application/unknown, expires=null], written=false]}]
	at org.testng.Assert.fail(Assert.java:94)
	at org.testng.Assert.failNotEquals(Assert.java:494)
	at org.testng.Assert.assertEquals(Assert.java:123)
	at org.testng.Assert.assertEquals(Assert.java:165)
	at org.jclouds.blobstore.internal.BaseBlobSignerExpectTest.testSignPutBlobWithTime(BaseBlobSignerExpectTest.java:109)
	at sun.reflect.NativeMethodAccessorImpl.invoke0(Native Method)
	at sun.reflect.NativeMethodAccessorImpl.invoke(NativeMethodAccessorImpl.java:39)
	at sun.reflect.DelegatingMethodAccessorImpl.invoke(DelegatingMethodAccessorImpl.java:25)
	at java.lang.reflect.Method.invoke(Method.java:597)
	at org.testng.internal.MethodInvocationHelper.invokeMethod(MethodInvocationHelper.java:80)
	at org.testng.internal.Invoker.invokeMethod(Invoker.java:714)
	at org.testng.internal.Invoker.invokeTestMethod(Invoker.java:901)
	at org.testng.internal.Invoker.invokeTestMethods(Invoker.java:1231)
	at org.testng.internal.TestMethodWorker.invokeTestMethods(TestMethodWorker.java:127)
	at org.testng.internal.TestMethodWorker.run(TestMethodWorker.java:111)
	at java.util.concurrent.ThreadPoolExecutor$Worker.runTask(ThreadPoolExecutor.java:895)
	at java.util.concurrent.ThreadPoolExecutor$Worker.run(ThreadPoolExecutor.java:918)
	at java.lang.Thread.run(Thread.java:680)


Results :

Failed tests:   testSignPutBlob(org.jclouds.hpcloud.objectstorage.blobstore.HPCloudObjectStorageBlobSignerExpectTest): expected [{method=PUT, endpoint=https://objects.jclouds.org/v1.0/40806637803162/container/name, headers={Expect=[100-continue], X-Auth-Token=[Auth_4f173437e4b013bee56d1007]}, payload=[content=true, contentMetadata=[contentDisposition=null, contentEncoding=null, contentLanguage=null, contentLength=null, contentMD5=null, contentType=application/unknown, expires=Wed Dec 31 16:00:01 PST 1969], written=false]}] but found [{method=PUT, endpoint=https://objects.jclouds.org/v1.0/40806637803162/container/name, headers={X-Auth-Token=[Auth_4f173437e4b013bee56d1007]}, payload=[content=true, contentMetadata=[contentDisposition=null, contentEncoding=null, contentLanguage=null, contentLength=null, contentMD5=null, contentType=application/unknown, expires=Wed Dec 31 16:00:01 PST 1969], written=false]}]
  testSignPutBlobWithTime(org.jclouds.hpcloud.objectstorage.blobstore.HPCloudObjectStorageBlobSignerExpectTest): expected [{method=PUT, endpoint=https://objects.jclouds.org/v1.0/40806637803162/container/name?temp_url_sig=40806637803162%3Aidentity%3Ac90269245ab0a316d5ea5e654d4c2a975fb4bf77&temp_url_expires=123456792, headers={Expect=[100-continue]}, payload=[content=true, contentMetadata=[contentDisposition=null, contentEncoding=null, contentLanguage=null, contentLength=null, contentMD5=null, contentType=application/unknown, expires=null], written=false]}] but found [{method=PUT, endpoint=https://objects.jclouds.org/v1.0/40806637803162/container/name?temp_url_sig=40806637803162%3Aidentity%3Ac90269245ab0a316d5ea5e654d4c2a975fb4bf77&temp_url_expires=123456792, headers={}, payload=[content=true, contentMetadata=[contentDisposition=null, contentEncoding=null, contentLanguage=null, contentLength=null, contentMD5=null, contentType=application/unknown, expires=null], written=false]}]

Tests run: 12, Failures: 2, Errors: 0, Skipped: 0

[INFO] ------------------------------------------------------------------------
[INFO] BUILD FAILURE
[INFO] ------------------------------------------------------------------------
[INFO] Total time: 14.193s
[INFO] Finished at: Sat Mar 09 15:26:17 PST 2013
[INFO] Final Memory: 17M/265M
[INFO] ------------------------------------------------------------------------
[ERROR] Failed to execute goal org.apache.maven.plugins:maven-surefire-plugin:2.12.4:test (default-test) on project hpcloud-objectstorage: There are test failures.
[ERROR] 
[ERROR] Please refer to /Users/adriancole/workspace/git/1.6.x/jclouds/providers/hpcloud-objectstorage/target/surefire-reports for the individual test results.
[ERROR] -> [Help 1]
[ERROR] 
[ERROR] To see the full stack trace of the errors, re-run Maven with the -e switch.
[ERROR] Re-run Maven using the -X switch to enable full debug logging.
[ERROR] 
[ERROR] For more information about the errors and possible solutions, please read the following articles:
[ERROR] [Help 1] http://cwiki.apache.org/confluence/display/MAVEN/MojoFailureException
