[INFO] Scanning for projects...
[WARNING] 
[WARNING] Some problems were encountered while building the effective model for org.jclouds.provider:openhosting-east1:bundle:1.6.0-SNAPSHOT
[WARNING] 'parent.relativePath' of POM org.jclouds:jclouds-project:1.6.0-SNAPSHOT (/private/tmp/jclouds/project/pom.xml) points at org.jclouds:jclouds-multi instead of org.sonatype.oss:oss-parent, please verify your project structure @ org.jclouds:jclouds-project:1.6.0-SNAPSHOT, /private/tmp/jclouds/project/pom.xml, line 24, column 13
[WARNING] 
[WARNING] It is highly recommended to fix these problems because they threaten the stability of your build.
[WARNING] 
[WARNING] For this reason, future Maven versions might no longer support building such malformed projects.
[WARNING] 
[INFO]                                                                         
[INFO] ------------------------------------------------------------------------
[INFO] Building jclouds Open Hosting East1 provider 1.6.0-SNAPSHOT
[INFO] ------------------------------------------------------------------------
[INFO] 
[INFO] --- maven-clean-plugin:2.4.1:clean (default-clean) @ openhosting-east1 ---
[INFO] 
[INFO] --- maven-enforcer-plugin:1.1.1:enforce (enforce-maven) @ openhosting-east1 ---
[INFO] 
[INFO] --- maven-enforcer-plugin:1.1.1:enforce (enforce-banned-dependencies) @ openhosting-east1 ---
[INFO] 
[INFO] --- maven-enforcer-plugin:1.1.1:enforce (enforce-java) @ openhosting-east1 ---
[INFO] 
[INFO] --- maven-remote-resources-plugin:1.4:process (process-remote-resources) @ openhosting-east1 ---
[INFO] 
[INFO] --- maven-resources-plugin:2.6:resources (default-resources) @ openhosting-east1 ---
[INFO] Using 'UTF-8' encoding to copy filtered resources.
[INFO] skip non existing resourceDirectory /private/tmp/jclouds/providers/openhosting-east1/src/main/clojure
[INFO] Copying 2 resources
[INFO] Copying 2 resources
[INFO] 
[INFO] --- maven-compiler-plugin:2.5.1:compile (default-compile) @ openhosting-east1 ---
[INFO] Compiling 2 source files to /private/tmp/jclouds/providers/openhosting-east1/target/classes
[INFO] 
[INFO] --- maven-resources-plugin:2.6:testResources (default-testResources) @ openhosting-east1 ---
[INFO] Using 'UTF-8' encoding to copy filtered resources.
[INFO] skip non existing resourceDirectory /private/tmp/jclouds/providers/openhosting-east1/src/test/clojure
[INFO] skip non existing resourceDirectory /private/tmp/jclouds/providers/openhosting-east1/src/test/resources
[INFO] Copying 2 resources
[INFO] 
[INFO] --- maven-compiler-plugin:2.5.1:testCompile (default-testCompile) @ openhosting-east1 ---
[INFO] Compiling 4 source files to /private/tmp/jclouds/providers/openhosting-east1/target/test-classes
[INFO] 
[INFO] --- maven-surefire-plugin:2.12.4:test (default-test) @ openhosting-east1 ---
[INFO] Surefire report directory: /private/tmp/jclouds/providers/openhosting-east1/target/surefire-reports

-------------------------------------------------------
 T E S T S
-------------------------------------------------------
Running org.jclouds.openhosting.OpenHostingEast1ProviderTest
Configuring TestNG with: org.apache.maven.surefire.testng.conf.TestNG652Configurator@65b4fad5
Starting test testWithId(org.jclouds.openhosting.OpenHostingEast1ProviderTest)
Starting test testAllContains(org.jclouds.openhosting.OpenHostingEast1ProviderTest)
Starting test testOfApiContains(org.jclouds.openhosting.OpenHostingEast1ProviderTest)
Starting test testTransformableToContains(org.jclouds.openhosting.OpenHostingEast1ProviderTest)
[pool-1-thread-1] Test testAllContains(org.jclouds.openhosting.OpenHostingEast1ProviderTest) succeeded: 11ms
Test suite progress: tests succeeded: 1, failed: 0, skipped: 0.
[pool-1-thread-2] Test testOfApiContains(org.jclouds.openhosting.OpenHostingEast1ProviderTest) succeeded: 12ms
Test suite progress: tests succeeded: 2, failed: 0, skipped: 0.
[pool-1-thread-3] Test testTransformableToContains(org.jclouds.openhosting.OpenHostingEast1ProviderTest) succeeded: 14ms
Test suite progress: tests succeeded: 3, failed: 0, skipped: 0.
[pool-1-thread-4] Test testWithId(org.jclouds.openhosting.OpenHostingEast1ProviderTest) succeeded: 14ms
Test suite progress: tests succeeded: 4, failed: 0, skipped: 0.
Tests run: 4, Failures: 0, Errors: 0, Skipped: 0, Time elapsed: 0.464 sec

Results :

Tests run: 4, Failures: 0, Errors: 0, Skipped: 0

[INFO] 
[INFO] --- maven-bundle-plugin:2.3.7:bundle (default-bundle) @ openhosting-east1 ---
[INFO] 
[INFO] --- maven-jar-plugin:2.4:test-jar (default) @ openhosting-east1 ---
[INFO] Building jar: /private/tmp/jclouds/providers/openhosting-east1/target/openhosting-east1-1.6.0-SNAPSHOT-tests.jar
[INFO] 
[INFO] --- maven-surefire-plugin:2.12.4:test (integration) @ openhosting-east1 ---
[INFO] Surefire report directory: /private/tmp/jclouds/providers/openhosting-east1/target/surefire-reports

-------------------------------------------------------
 T E S T S
-------------------------------------------------------
Running TestSuite
Configuring TestNG with: org.apache.maven.surefire.testng.conf.TestNG652Configurator@2996c1b0
Starting test testCompareSizes(org.jclouds.openhosting.compute.OpenHostingEast1TemplateBuilderLiveTest)
Starting test setServiceDefaults(org.jclouds.openhosting.compute.OpenHostingEast1ComputeServiceLiveTest)
[TestNG] Test setServiceDefaults(org.jclouds.openhosting.compute.OpenHostingEast1ComputeServiceLiveTest) succeeded: 0ms
Test suite progress: tests succeeded: 1, failed: 0, skipped: 0.
Starting test testCompareSizes(org.jclouds.openhosting.compute.OpenHostingEast1ComputeServiceLiveTest)
Starting test testCreateDrive(org.jclouds.openhosting.OpenHostingEast1ClientLiveTest)
[TestNG] Test testCompareSizes(org.jclouds.openhosting.compute.OpenHostingEast1ComputeServiceLiveTest) succeeded: 8523ms
Test suite progress: tests succeeded: 2, failed: 0, skipped: 0.
Starting test testCorrectExceptionRunningNodesNotFound(org.jclouds.openhosting.compute.OpenHostingEast1ComputeServiceLiveTest)
[TestNG] Test testCorrectExceptionRunningNodesNotFound(org.jclouds.openhosting.compute.OpenHostingEast1ComputeServiceLiveTest) succeeded: 608ms
Test suite progress: tests succeeded: 3, failed: 0, skipped: 0.
Starting test testGetAssignableLocations(org.jclouds.openhosting.compute.OpenHostingEast1ComputeServiceLiveTest)
[TestNG] Test testGetAssignableLocations(org.jclouds.openhosting.compute.OpenHostingEast1ComputeServiceLiveTest) succeeded: 1ms
Test suite progress: tests succeeded: 4, failed: 0, skipped: 0.
Starting test testImageById(org.jclouds.openhosting.compute.OpenHostingEast1ComputeServiceLiveTest)
[TestNG] Test testImageById(org.jclouds.openhosting.compute.OpenHostingEast1ComputeServiceLiveTest) succeeded: 564ms
Test suite progress: tests succeeded: 5, failed: 0, skipped: 0.
Starting test testImagesCache(org.jclouds.openhosting.compute.OpenHostingEast1ComputeServiceLiveTest)
[TestNG] Test testImagesCache(org.jclouds.openhosting.compute.OpenHostingEast1ComputeServiceLiveTest) succeeded: 0ms
Test suite progress: tests succeeded: 6, failed: 0, skipped: 0.
Starting test testListImages(org.jclouds.openhosting.compute.OpenHostingEast1ComputeServiceLiveTest)
[TestNG] Test testListImages(org.jclouds.openhosting.compute.OpenHostingEast1ComputeServiceLiveTest) succeeded: 0ms
Test suite progress: tests succeeded: 7, failed: 0, skipped: 0.
Starting test testListSizes(org.jclouds.openhosting.compute.OpenHostingEast1ComputeServiceLiveTest)
[TestNG] Test testListSizes(org.jclouds.openhosting.compute.OpenHostingEast1ComputeServiceLiveTest) succeeded: 0ms
Test suite progress: tests succeeded: 8, failed: 0, skipped: 0.
Starting test testOptionToNotBlock(org.jclouds.openhosting.compute.OpenHostingEast1ComputeServiceLiveTest)
[TestNG] Test testOptionToNotBlock(org.jclouds.openhosting.compute.OpenHostingEast1ComputeServiceLiveTest) succeeded: 0ms
Test suite progress: tests succeeded: 9, failed: 0, skipped: 0.
Starting test testCreateAndRunAService(org.jclouds.openhosting.compute.OpenHostingEast1ComputeServiceLiveTest)
[TestNG] Test testCreateDrive(org.jclouds.openhosting.OpenHostingEast1ClientLiveTest) succeeded: 3874ms
Test suite progress: tests succeeded: 10, failed: 0, skipped: 0.
Starting test testGetDrive(org.jclouds.openhosting.OpenHostingEast1ClientLiveTest)
[TestNG] Test testGetDrive(org.jclouds.openhosting.OpenHostingEast1ClientLiveTest) succeeded: 1122ms
Test suite progress: tests succeeded: 11, failed: 0, skipped: 0.
Starting test testGetServer(org.jclouds.openhosting.OpenHostingEast1ClientLiveTest)
[TestNG] Test testGetServer(org.jclouds.openhosting.OpenHostingEast1ClientLiveTest) succeeded: 487ms
Test suite progress: tests succeeded: 12, failed: 0, skipped: 0.
Starting test testListDriveInfo(org.jclouds.openhosting.OpenHostingEast1ClientLiveTest)
smallest {id=cpu=1000.000000,ram=512,disk=1.000000, providerId=cpu=1000.000000,ram=512,disk=1.000000, processors=[{cores=1.0, speed=1000.0}], ram=512, volumes=[{type=LOCAL, size=1.0, bootDevice=true, durable=true}], hypervisor=kvm, supportsImage=sizeLessThanOrEqual(1.0)}
fastest {id=cpu=20000.000000,ram=512,disk=20.000000, providerId=cpu=20000.000000,ram=512,disk=20.000000, processors=[{cores=1.0, speed=20000.0}], ram=512, volumes=[{type=LOCAL, size=20.0, bootDevice=true, durable=true}], hypervisor=kvm, supportsImage=sizeLessThanOrEqual(20.0)}
biggest {id=cpu=20000.000000,ram=8192,disk=20.000000, providerId=cpu=20000.000000,ram=8192,disk=20.000000, processors=[{cores=1.0, speed=20000.0}], ram=8192, volumes=[{type=LOCAL, size=20.0, bootDevice=true, durable=true}], hypervisor=kvm, supportsImage=sizeLessThanOrEqual(20.0)}
[TestNG] Test testCompareSizes(org.jclouds.openhosting.compute.OpenHostingEast1TemplateBuilderLiveTest) succeeded: 12087ms
Test suite progress: tests succeeded: 13, failed: 0, skipped: 0.
Starting test testFromTemplate(org.jclouds.openhosting.compute.OpenHostingEast1TemplateBuilderLiveTest)
[TestNG] Test testFromTemplate(org.jclouds.openhosting.compute.OpenHostingEast1TemplateBuilderLiveTest) succeeded: 7ms
Test suite progress: tests succeeded: 14, failed: 0, skipped: 0.
Starting test testGetAssignableLocations(org.jclouds.openhosting.compute.OpenHostingEast1TemplateBuilderLiveTest)
[TestNG] Test testGetAssignableLocations(org.jclouds.openhosting.compute.OpenHostingEast1TemplateBuilderLiveTest) succeeded: 0ms
Test suite progress: tests succeeded: 15, failed: 0, skipped: 0.
Starting test testTemplateBuilderCanFind(org.jclouds.openhosting.compute.OpenHostingEast1TemplateBuilderLiveTest)
[TestNG] Test testTemplateBuilderCanFind(org.jclouds.openhosting.compute.OpenHostingEast1TemplateBuilderLiveTest) succeeded: 1ms
Test suite progress: tests succeeded: 16, failed: 0, skipped: 0.
Starting test testTemplateBuilderCanFind(org.jclouds.openhosting.compute.OpenHostingEast1TemplateBuilderLiveTest)
[TestNG] Test testTemplateBuilderCanFind(org.jclouds.openhosting.compute.OpenHostingEast1TemplateBuilderLiveTest) succeeded: 2ms
Test suite progress: tests succeeded: 17, failed: 0, skipped: 0.
Starting test testTemplateBuilderCanFind(org.jclouds.openhosting.compute.OpenHostingEast1TemplateBuilderLiveTest)
[TestNG] Test testTemplateBuilderCanFind(org.jclouds.openhosting.compute.OpenHostingEast1TemplateBuilderLiveTest) failed.
Test suite progress: tests succeeded: 17, failed: 1, skipped: 0.
Starting test testTemplateBuilderCanFind(org.jclouds.openhosting.compute.OpenHostingEast1TemplateBuilderLiveTest)
[TestNG] Test testTemplateBuilderCanFind(org.jclouds.openhosting.compute.OpenHostingEast1TemplateBuilderLiveTest) succeeded: 2ms
Test suite progress: tests succeeded: 18, failed: 1, skipped: 0.
Starting test testTemplateBuilderCanFind(org.jclouds.openhosting.compute.OpenHostingEast1TemplateBuilderLiveTest)
[TestNG] Test testTemplateBuilderCanFind(org.jclouds.openhosting.compute.OpenHostingEast1TemplateBuilderLiveTest) succeeded: 3ms
Test suite progress: tests succeeded: 19, failed: 1, skipped: 0.
Starting test testTemplateBuilderCanFind(org.jclouds.openhosting.compute.OpenHostingEast1TemplateBuilderLiveTest)
[TestNG] Test testTemplateBuilderCanFind(org.jclouds.openhosting.compute.OpenHostingEast1TemplateBuilderLiveTest) succeeded: 3ms
Test suite progress: tests succeeded: 20, failed: 1, skipped: 0.
Starting test testTemplateBuilderCanFind(org.jclouds.openhosting.compute.OpenHostingEast1TemplateBuilderLiveTest)
[TestNG] Test testTemplateBuilderCanFind(org.jclouds.openhosting.compute.OpenHostingEast1TemplateBuilderLiveTest) succeeded: 3ms
Test suite progress: tests succeeded: 21, failed: 1, skipped: 0.
Starting test testTemplateBuilderCanFind(org.jclouds.openhosting.compute.OpenHostingEast1TemplateBuilderLiveTest)
[TestNG] Test testTemplateBuilderCanFind(org.jclouds.openhosting.compute.OpenHostingEast1TemplateBuilderLiveTest) succeeded: 3ms
Test suite progress: tests succeeded: 22, failed: 1, skipped: 0.
Starting test testTemplateBuilderCanFind(org.jclouds.openhosting.compute.OpenHostingEast1TemplateBuilderLiveTest)
[TestNG] Test testTemplateBuilderCanFind(org.jclouds.openhosting.compute.OpenHostingEast1TemplateBuilderLiveTest) failed.
Test suite progress: tests succeeded: 22, failed: 2, skipped: 0.
Starting test testTemplateBuilderCanFind(org.jclouds.openhosting.compute.OpenHostingEast1TemplateBuilderLiveTest)
[TestNG] Test testTemplateBuilderCanFind(org.jclouds.openhosting.compute.OpenHostingEast1TemplateBuilderLiveTest) succeeded: 1ms
Test suite progress: tests succeeded: 23, failed: 2, skipped: 0.
Starting test testTemplateBuilderCanFind(org.jclouds.openhosting.compute.OpenHostingEast1TemplateBuilderLiveTest)
[TestNG] Test testTemplateBuilderCanFind(org.jclouds.openhosting.compute.OpenHostingEast1TemplateBuilderLiveTest) succeeded: 1ms
Test suite progress: tests succeeded: 24, failed: 2, skipped: 0.
Starting test testTemplateBuilderCanUseImageId(org.jclouds.openhosting.compute.OpenHostingEast1TemplateBuilderLiveTest)
[TestNG] Test testListDriveInfo(org.jclouds.openhosting.OpenHostingEast1ClientLiveTest) succeeded: 586ms
Test suite progress: tests succeeded: 25, failed: 2, skipped: 0.
Starting test testListDrives(org.jclouds.openhosting.OpenHostingEast1ClientLiveTest)
[TestNG] Test testListDrives(org.jclouds.openhosting.OpenHostingEast1ClientLiveTest) succeeded: 586ms
Test suite progress: tests succeeded: 26, failed: 2, skipped: 0.
Starting test testListServers(org.jclouds.openhosting.OpenHostingEast1ClientLiveTest)
[TestNG] Test testListServers(org.jclouds.openhosting.OpenHostingEast1ClientLiveTest) succeeded: 683ms
Test suite progress: tests succeeded: 27, failed: 2, skipped: 0.
Starting test testWeCanReadAndWriteToDrive(org.jclouds.openhosting.OpenHostingEast1ClientLiveTest)
[TestNG] Test testTemplateBuilderCanUseImageId(org.jclouds.openhosting.compute.OpenHostingEast1TemplateBuilderLiveTest) succeeded: 4693ms
Test suite progress: tests succeeded: 28, failed: 2, skipped: 0.
Starting test testTemplateBuilderCannotFind(org.jclouds.openhosting.compute.OpenHostingEast1TemplateBuilderLiveTest)
[TestNG] Test testTemplateBuilderCannotFind(org.jclouds.openhosting.compute.OpenHostingEast1TemplateBuilderLiveTest) succeeded: 1ms
Test suite progress: tests succeeded: 29, failed: 2, skipped: 0.
Starting test testTemplateBuilderCannotFind(org.jclouds.openhosting.compute.OpenHostingEast1TemplateBuilderLiveTest)
[TestNG] Test testTemplateBuilderCannotFind(org.jclouds.openhosting.compute.OpenHostingEast1TemplateBuilderLiveTest) succeeded: 2ms
Test suite progress: tests succeeded: 30, failed: 2, skipped: 0.
Starting test testTemplateBuilderCannotFind(org.jclouds.openhosting.compute.OpenHostingEast1TemplateBuilderLiveTest)
[TestNG] Test testTemplateBuilderCannotFind(org.jclouds.openhosting.compute.OpenHostingEast1TemplateBuilderLiveTest) succeeded: 0ms
Test suite progress: tests succeeded: 31, failed: 2, skipped: 0.
Starting test testTemplateBuilderCannotFind(org.jclouds.openhosting.compute.OpenHostingEast1TemplateBuilderLiveTest)
[TestNG] Test testTemplateBuilderCannotFind(org.jclouds.openhosting.compute.OpenHostingEast1TemplateBuilderLiveTest) succeeded: 0ms
Test suite progress: tests succeeded: 32, failed: 2, skipped: 0.
Starting test testTemplateBuilderCannotFind(org.jclouds.openhosting.compute.OpenHostingEast1TemplateBuilderLiveTest)
[TestNG] Test testTemplateBuilderCannotFind(org.jclouds.openhosting.compute.OpenHostingEast1TemplateBuilderLiveTest) succeeded: 1ms
Test suite progress: tests succeeded: 33, failed: 2, skipped: 0.
Starting test testTemplateBuilderCannotFind(org.jclouds.openhosting.compute.OpenHostingEast1TemplateBuilderLiveTest)
[TestNG] Test testTemplateBuilderCannotFind(org.jclouds.openhosting.compute.OpenHostingEast1TemplateBuilderLiveTest) succeeded: 1ms
Test suite progress: tests succeeded: 34, failed: 2, skipped: 0.
Starting test testTemplateBuilderCannotFind(org.jclouds.openhosting.compute.OpenHostingEast1TemplateBuilderLiveTest)
[TestNG] Test testTemplateBuilderCannotFind(org.jclouds.openhosting.compute.OpenHostingEast1TemplateBuilderLiveTest) succeeded: 1ms
Test suite progress: tests succeeded: 35, failed: 2, skipped: 0.
Starting test testTemplateBuilderCannotFind(org.jclouds.openhosting.compute.OpenHostingEast1TemplateBuilderLiveTest)
[TestNG] Test testTemplateBuilderCannotFind(org.jclouds.openhosting.compute.OpenHostingEast1TemplateBuilderLiveTest) succeeded: 1ms
Test suite progress: tests succeeded: 36, failed: 2, skipped: 0.
Starting test testTemplateBuilderCannotFind(org.jclouds.openhosting.compute.OpenHostingEast1TemplateBuilderLiveTest)
[TestNG] Test testTemplateBuilderCannotFind(org.jclouds.openhosting.compute.OpenHostingEast1TemplateBuilderLiveTest) succeeded: 1ms
Test suite progress: tests succeeded: 37, failed: 2, skipped: 0.
Starting test testTemplateBuilderCannotFind(org.jclouds.openhosting.compute.OpenHostingEast1TemplateBuilderLiveTest)
[TestNG] Test testTemplateBuilderCannotFind(org.jclouds.openhosting.compute.OpenHostingEast1TemplateBuilderLiveTest) succeeded: 0ms
Test suite progress: tests succeeded: 38, failed: 2, skipped: 0.
Starting test testTemplateBuilderCannotFind(org.jclouds.openhosting.compute.OpenHostingEast1TemplateBuilderLiveTest)
[TestNG] Test testTemplateBuilderCannotFind(org.jclouds.openhosting.compute.OpenHostingEast1TemplateBuilderLiveTest) succeeded: 0ms
Test suite progress: tests succeeded: 39, failed: 2, skipped: 0.
Starting test testTemplateBuilderCannotFind(org.jclouds.openhosting.compute.OpenHostingEast1TemplateBuilderLiveTest)
[TestNG] Test testTemplateBuilderCannotFind(org.jclouds.openhosting.compute.OpenHostingEast1TemplateBuilderLiveTest) succeeded: 1ms
Test suite progress: tests succeeded: 40, failed: 2, skipped: 0.
Starting test testTemplateBuilderCannotFind(org.jclouds.openhosting.compute.OpenHostingEast1TemplateBuilderLiveTest)
[TestNG] Test testTemplateBuilderCannotFind(org.jclouds.openhosting.compute.OpenHostingEast1TemplateBuilderLiveTest) succeeded: 1ms
Test suite progress: tests succeeded: 41, failed: 2, skipped: 0.
Starting test testTemplateBuilderCannotFind(org.jclouds.openhosting.compute.OpenHostingEast1TemplateBuilderLiveTest)
[TestNG] Test testTemplateBuilderCannotFind(org.jclouds.openhosting.compute.OpenHostingEast1TemplateBuilderLiveTest) succeeded: 0ms
Test suite progress: tests succeeded: 42, failed: 2, skipped: 0.
Starting test testTemplateBuilderCannotFind(org.jclouds.openhosting.compute.OpenHostingEast1TemplateBuilderLiveTest)
[TestNG] Test testTemplateBuilderCannotFind(org.jclouds.openhosting.compute.OpenHostingEast1TemplateBuilderLiveTest) succeeded: 0ms
Test suite progress: tests succeeded: 43, failed: 2, skipped: 0.
Starting test testTemplateBuilderCannotFind(org.jclouds.openhosting.compute.OpenHostingEast1TemplateBuilderLiveTest)
[TestNG] Test testTemplateBuilderCannotFind(org.jclouds.openhosting.compute.OpenHostingEast1TemplateBuilderLiveTest) succeeded: 1ms
Test suite progress: tests succeeded: 44, failed: 2, skipped: 0.
Starting test testTemplateBuilderCannotFind(org.jclouds.openhosting.compute.OpenHostingEast1TemplateBuilderLiveTest)
[TestNG] Test testTemplateBuilderCannotFind(org.jclouds.openhosting.compute.OpenHostingEast1TemplateBuilderLiveTest) succeeded: 1ms
Test suite progress: tests succeeded: 45, failed: 2, skipped: 0.
Starting test testTemplateBuilderCannotFind(org.jclouds.openhosting.compute.OpenHostingEast1TemplateBuilderLiveTest)
[TestNG] Test testTemplateBuilderCannotFind(org.jclouds.openhosting.compute.OpenHostingEast1TemplateBuilderLiveTest) succeeded: 1ms
Test suite progress: tests succeeded: 46, failed: 2, skipped: 0.
Starting test testTemplateBuilderCannotFind(org.jclouds.openhosting.compute.OpenHostingEast1TemplateBuilderLiveTest)
[TestNG] Test testTemplateBuilderCannotFind(org.jclouds.openhosting.compute.OpenHostingEast1TemplateBuilderLiveTest) succeeded: 0ms
Test suite progress: tests succeeded: 47, failed: 2, skipped: 0.
Starting test testTemplateBuilderCannotFind(org.jclouds.openhosting.compute.OpenHostingEast1TemplateBuilderLiveTest)
[TestNG] Test testTemplateBuilderCannotFind(org.jclouds.openhosting.compute.OpenHostingEast1TemplateBuilderLiveTest) succeeded: 1ms
Test suite progress: tests succeeded: 48, failed: 2, skipped: 0.
Starting test testTemplateBuilderCannotFind(org.jclouds.openhosting.compute.OpenHostingEast1TemplateBuilderLiveTest)
[TestNG] Test testTemplateBuilderCannotFind(org.jclouds.openhosting.compute.OpenHostingEast1TemplateBuilderLiveTest) succeeded: 1ms
Test suite progress: tests succeeded: 49, failed: 2, skipped: 0.
Starting test testTemplateBuilderCannotFind(org.jclouds.openhosting.compute.OpenHostingEast1TemplateBuilderLiveTest)
[TestNG] Test testTemplateBuilderCannotFind(org.jclouds.openhosting.compute.OpenHostingEast1TemplateBuilderLiveTest) succeeded: 1ms
Test suite progress: tests succeeded: 50, failed: 2, skipped: 0.
Starting test testTemplateBuilderCannotFind(org.jclouds.openhosting.compute.OpenHostingEast1TemplateBuilderLiveTest)
[TestNG] Test testTemplateBuilderCannotFind(org.jclouds.openhosting.compute.OpenHostingEast1TemplateBuilderLiveTest) succeeded: 0ms
Test suite progress: tests succeeded: 51, failed: 2, skipped: 0.
Starting test testTemplateBuilderCannotFind(org.jclouds.openhosting.compute.OpenHostingEast1TemplateBuilderLiveTest)
[TestNG] Test testTemplateBuilderCannotFind(org.jclouds.openhosting.compute.OpenHostingEast1TemplateBuilderLiveTest) succeeded: 0ms
Test suite progress: tests succeeded: 52, failed: 2, skipped: 0.
Starting test testTemplateBuilderCannotFind(org.jclouds.openhosting.compute.OpenHostingEast1TemplateBuilderLiveTest)
[TestNG] Test testTemplateBuilderCannotFind(org.jclouds.openhosting.compute.OpenHostingEast1TemplateBuilderLiveTest) succeeded: 1ms
Test suite progress: tests succeeded: 53, failed: 2, skipped: 0.
Starting test testTemplateBuilderCannotFind(org.jclouds.openhosting.compute.OpenHostingEast1TemplateBuilderLiveTest)
[TestNG] Test testTemplateBuilderCannotFind(org.jclouds.openhosting.compute.OpenHostingEast1TemplateBuilderLiveTest) succeeded: 0ms
Test suite progress: tests succeeded: 54, failed: 2, skipped: 0.
Starting test testTemplateBuilderCannotFind(org.jclouds.openhosting.compute.OpenHostingEast1TemplateBuilderLiveTest)
[TestNG] Test testTemplateBuilderCannotFind(org.jclouds.openhosting.compute.OpenHostingEast1TemplateBuilderLiveTest) succeeded: 0ms
Test suite progress: tests succeeded: 55, failed: 2, skipped: 0.
Starting test testTemplateBuilderCannotFind(org.jclouds.openhosting.compute.OpenHostingEast1TemplateBuilderLiveTest)
[TestNG] Test testTemplateBuilderCannotFind(org.jclouds.openhosting.compute.OpenHostingEast1TemplateBuilderLiveTest) succeeded: 1ms
Test suite progress: tests succeeded: 56, failed: 2, skipped: 0.
Starting test testTemplateBuilderCannotFind(org.jclouds.openhosting.compute.OpenHostingEast1TemplateBuilderLiveTest)
[TestNG] Test testTemplateBuilderCannotFind(org.jclouds.openhosting.compute.OpenHostingEast1TemplateBuilderLiveTest) succeeded: 1ms
Test suite progress: tests succeeded: 57, failed: 2, skipped: 0.
Starting test testTemplateBuilderCannotFind(org.jclouds.openhosting.compute.OpenHostingEast1TemplateBuilderLiveTest)
[TestNG] Test testTemplateBuilderCannotFind(org.jclouds.openhosting.compute.OpenHostingEast1TemplateBuilderLiveTest) succeeded: 0ms
Test suite progress: tests succeeded: 58, failed: 2, skipped: 0.
Starting test testTemplateBuilderCannotFind(org.jclouds.openhosting.compute.OpenHostingEast1TemplateBuilderLiveTest)
[TestNG] Test testTemplateBuilderCannotFind(org.jclouds.openhosting.compute.OpenHostingEast1TemplateBuilderLiveTest) succeeded: 1ms
Test suite progress: tests succeeded: 59, failed: 2, skipped: 0.
Starting test testTemplateBuilderCannotFind(org.jclouds.openhosting.compute.OpenHostingEast1TemplateBuilderLiveTest)
[TestNG] Test testTemplateBuilderCannotFind(org.jclouds.openhosting.compute.OpenHostingEast1TemplateBuilderLiveTest) succeeded: 1ms
Test suite progress: tests succeeded: 60, failed: 2, skipped: 0.
Starting test testTemplateBuilderCannotFind(org.jclouds.openhosting.compute.OpenHostingEast1TemplateBuilderLiveTest)
[TestNG] Test testTemplateBuilderCannotFind(org.jclouds.openhosting.compute.OpenHostingEast1TemplateBuilderLiveTest) succeeded: 0ms
Test suite progress: tests succeeded: 61, failed: 2, skipped: 0.
Starting test testTemplateBuilderCannotFind(org.jclouds.openhosting.compute.OpenHostingEast1TemplateBuilderLiveTest)
[TestNG] Test testTemplateBuilderCannotFind(org.jclouds.openhosting.compute.OpenHostingEast1TemplateBuilderLiveTest) succeeded: 1ms
Test suite progress: tests succeeded: 62, failed: 2, skipped: 0.
Starting test testTemplateBuilderCannotFind(org.jclouds.openhosting.compute.OpenHostingEast1TemplateBuilderLiveTest)
[TestNG] Test testTemplateBuilderCannotFind(org.jclouds.openhosting.compute.OpenHostingEast1TemplateBuilderLiveTest) succeeded: 1ms
Test suite progress: tests succeeded: 63, failed: 2, skipped: 0.
Starting test testTemplateBuilderCannotFind(org.jclouds.openhosting.compute.OpenHostingEast1TemplateBuilderLiveTest)
[TestNG] Test testTemplateBuilderCannotFind(org.jclouds.openhosting.compute.OpenHostingEast1TemplateBuilderLiveTest) succeeded: 0ms
Test suite progress: tests succeeded: 64, failed: 2, skipped: 0.
Starting test testTemplateBuilderCannotFind(org.jclouds.openhosting.compute.OpenHostingEast1TemplateBuilderLiveTest)
[TestNG] Test testTemplateBuilderCannotFind(org.jclouds.openhosting.compute.OpenHostingEast1TemplateBuilderLiveTest) succeeded: 1ms
Test suite progress: tests succeeded: 65, failed: 2, skipped: 0.
Starting test testTemplateBuilderCannotFind(org.jclouds.openhosting.compute.OpenHostingEast1TemplateBuilderLiveTest)
[TestNG] Test testTemplateBuilderCannotFind(org.jclouds.openhosting.compute.OpenHostingEast1TemplateBuilderLiveTest) succeeded: 1ms
Test suite progress: tests succeeded: 66, failed: 2, skipped: 0.
Starting test testTemplateBuilderCannotFind(org.jclouds.openhosting.compute.OpenHostingEast1TemplateBuilderLiveTest)
[TestNG] Test testTemplateBuilderCannotFind(org.jclouds.openhosting.compute.OpenHostingEast1TemplateBuilderLiveTest) succeeded: 0ms
Test suite progress: tests succeeded: 67, failed: 2, skipped: 0.
Starting test testTemplateBuilderCannotFind(org.jclouds.openhosting.compute.OpenHostingEast1TemplateBuilderLiveTest)
[TestNG] Test testTemplateBuilderCannotFind(org.jclouds.openhosting.compute.OpenHostingEast1TemplateBuilderLiveTest) succeeded: 1ms
Test suite progress: tests succeeded: 68, failed: 2, skipped: 0.
Starting test testTemplateBuilderCannotFind(org.jclouds.openhosting.compute.OpenHostingEast1TemplateBuilderLiveTest)
[TestNG] Test testTemplateBuilderCannotFind(org.jclouds.openhosting.compute.OpenHostingEast1TemplateBuilderLiveTest) succeeded: 0ms
Test suite progress: tests succeeded: 69, failed: 2, skipped: 0.
Starting test testTemplateBuilderCannotFind(org.jclouds.openhosting.compute.OpenHostingEast1TemplateBuilderLiveTest)
[TestNG] Test testTemplateBuilderCannotFind(org.jclouds.openhosting.compute.OpenHostingEast1TemplateBuilderLiveTest) succeeded: 1ms
Test suite progress: tests succeeded: 70, failed: 2, skipped: 0.
Starting test testTemplateBuilderCannotFind(org.jclouds.openhosting.compute.OpenHostingEast1TemplateBuilderLiveTest)
[TestNG] Test testTemplateBuilderCannotFind(org.jclouds.openhosting.compute.OpenHostingEast1TemplateBuilderLiveTest) succeeded: 0ms
Test suite progress: tests succeeded: 71, failed: 2, skipped: 0.
Starting test testTemplateBuilderCannotFind(org.jclouds.openhosting.compute.OpenHostingEast1TemplateBuilderLiveTest)
[TestNG] Test testTemplateBuilderCannotFind(org.jclouds.openhosting.compute.OpenHostingEast1TemplateBuilderLiveTest) succeeded: 0ms
Test suite progress: tests succeeded: 72, failed: 2, skipped: 0.
Starting test testTemplateBuilderCannotFind(org.jclouds.openhosting.compute.OpenHostingEast1TemplateBuilderLiveTest)
[TestNG] Test testTemplateBuilderCannotFind(org.jclouds.openhosting.compute.OpenHostingEast1TemplateBuilderLiveTest) succeeded: 1ms
Test suite progress: tests succeeded: 73, failed: 2, skipped: 0.
Starting test testTemplateBuilderCannotFind(org.jclouds.openhosting.compute.OpenHostingEast1TemplateBuilderLiveTest)
[TestNG] Test testTemplateBuilderCannotFind(org.jclouds.openhosting.compute.OpenHostingEast1TemplateBuilderLiveTest) succeeded: 0ms
Test suite progress: tests succeeded: 74, failed: 2, skipped: 0.
Starting test testTemplateBuilderCannotFind(org.jclouds.openhosting.compute.OpenHostingEast1TemplateBuilderLiveTest)
[TestNG] Test testTemplateBuilderCannotFind(org.jclouds.openhosting.compute.OpenHostingEast1TemplateBuilderLiveTest) succeeded: 1ms
Test suite progress: tests succeeded: 75, failed: 2, skipped: 0.
Starting test testTemplateBuilderCannotFind(org.jclouds.openhosting.compute.OpenHostingEast1TemplateBuilderLiveTest)
[TestNG] Test testTemplateBuilderCannotFind(org.jclouds.openhosting.compute.OpenHostingEast1TemplateBuilderLiveTest) succeeded: 0ms
Test suite progress: tests succeeded: 76, failed: 2, skipped: 0.
Starting test testTemplateBuilderCannotFind(org.jclouds.openhosting.compute.OpenHostingEast1TemplateBuilderLiveTest)
[TestNG] Test testTemplateBuilderCannotFind(org.jclouds.openhosting.compute.OpenHostingEast1TemplateBuilderLiveTest) succeeded: 1ms
Test suite progress: tests succeeded: 77, failed: 2, skipped: 0.
Starting test testTemplateBuilderCannotFind(org.jclouds.openhosting.compute.OpenHostingEast1TemplateBuilderLiveTest)
[TestNG] Test testTemplateBuilderCannotFind(org.jclouds.openhosting.compute.OpenHostingEast1TemplateBuilderLiveTest) succeeded: 0ms
Test suite progress: tests succeeded: 78, failed: 2, skipped: 0.
Starting test testTemplateBuilderCannotFind(org.jclouds.openhosting.compute.OpenHostingEast1TemplateBuilderLiveTest)
[TestNG] Test testTemplateBuilderCannotFind(org.jclouds.openhosting.compute.OpenHostingEast1TemplateBuilderLiveTest) succeeded: 0ms
Test suite progress: tests succeeded: 79, failed: 2, skipped: 0.
Starting test testTemplateBuilderCannotFind(org.jclouds.openhosting.compute.OpenHostingEast1TemplateBuilderLiveTest)
[TestNG] Test testTemplateBuilderCannotFind(org.jclouds.openhosting.compute.OpenHostingEast1TemplateBuilderLiveTest) succeeded: 1ms
Test suite progress: tests succeeded: 80, failed: 2, skipped: 0.
Starting test testTemplateBuilderCannotFind(org.jclouds.openhosting.compute.OpenHostingEast1TemplateBuilderLiveTest)
[TestNG] Test testTemplateBuilderCannotFind(org.jclouds.openhosting.compute.OpenHostingEast1TemplateBuilderLiveTest) succeeded: 0ms
Test suite progress: tests succeeded: 81, failed: 2, skipped: 0.
Starting test testTemplateBuilderCannotFind(org.jclouds.openhosting.compute.OpenHostingEast1TemplateBuilderLiveTest)
[TestNG] Test testTemplateBuilderCannotFind(org.jclouds.openhosting.compute.OpenHostingEast1TemplateBuilderLiveTest) succeeded: 1ms
Test suite progress: tests succeeded: 82, failed: 2, skipped: 0.
Starting test testTemplateBuilderCannotFind(org.jclouds.openhosting.compute.OpenHostingEast1TemplateBuilderLiveTest)
[TestNG] Test testTemplateBuilderCannotFind(org.jclouds.openhosting.compute.OpenHostingEast1TemplateBuilderLiveTest) succeeded: 0ms
Test suite progress: tests succeeded: 83, failed: 2, skipped: 0.
Starting test testTemplateBuilderCannotFind(org.jclouds.openhosting.compute.OpenHostingEast1TemplateBuilderLiveTest)
[TestNG] Test testTemplateBuilderCannotFind(org.jclouds.openhosting.compute.OpenHostingEast1TemplateBuilderLiveTest) succeeded: 1ms
Test suite progress: tests succeeded: 84, failed: 2, skipped: 0.
Starting test testTemplateBuilderCannotFind(org.jclouds.openhosting.compute.OpenHostingEast1TemplateBuilderLiveTest)
[TestNG] Test testTemplateBuilderCannotFind(org.jclouds.openhosting.compute.OpenHostingEast1TemplateBuilderLiveTest) succeeded: 0ms
Test suite progress: tests succeeded: 85, failed: 2, skipped: 0.
Starting test testTemplateBuilderCannotFind(org.jclouds.openhosting.compute.OpenHostingEast1TemplateBuilderLiveTest)
[TestNG] Test testTemplateBuilderCannotFind(org.jclouds.openhosting.compute.OpenHostingEast1TemplateBuilderLiveTest) succeeded: 0ms
Test suite progress: tests succeeded: 86, failed: 2, skipped: 0.
Starting test testTemplateBuilderCannotFind(org.jclouds.openhosting.compute.OpenHostingEast1TemplateBuilderLiveTest)
[TestNG] Test testTemplateBuilderCannotFind(org.jclouds.openhosting.compute.OpenHostingEast1TemplateBuilderLiveTest) succeeded: 1ms
Test suite progress: tests succeeded: 87, failed: 2, skipped: 0.
Starting test testTemplateBuilderCannotFind(org.jclouds.openhosting.compute.OpenHostingEast1TemplateBuilderLiveTest)
[TestNG] Test testTemplateBuilderCannotFind(org.jclouds.openhosting.compute.OpenHostingEast1TemplateBuilderLiveTest) succeeded: 0ms
Test suite progress: tests succeeded: 88, failed: 2, skipped: 0.
Starting test testTemplateBuilderCannotFind(org.jclouds.openhosting.compute.OpenHostingEast1TemplateBuilderLiveTest)
[TestNG] Test testTemplateBuilderCannotFind(org.jclouds.openhosting.compute.OpenHostingEast1TemplateBuilderLiveTest) succeeded: 1ms
Test suite progress: tests succeeded: 89, failed: 2, skipped: 0.
Starting test testTemplateBuilderCannotFind(org.jclouds.openhosting.compute.OpenHostingEast1TemplateBuilderLiveTest)
[TestNG] Test testTemplateBuilderCannotFind(org.jclouds.openhosting.compute.OpenHostingEast1TemplateBuilderLiveTest) succeeded: 0ms
Test suite progress: tests succeeded: 90, failed: 2, skipped: 0.
Starting test testTemplateBuilderCannotFind(org.jclouds.openhosting.compute.OpenHostingEast1TemplateBuilderLiveTest)
[TestNG] Test testTemplateBuilderCannotFind(org.jclouds.openhosting.compute.OpenHostingEast1TemplateBuilderLiveTest) succeeded: 0ms
Test suite progress: tests succeeded: 91, failed: 2, skipped: 0.
Starting test testTemplateBuilderCannotFind(org.jclouds.openhosting.compute.OpenHostingEast1TemplateBuilderLiveTest)
[TestNG] Test testTemplateBuilderCannotFind(org.jclouds.openhosting.compute.OpenHostingEast1TemplateBuilderLiveTest) succeeded: 1ms
Test suite progress: tests succeeded: 92, failed: 2, skipped: 0.
Starting test testTemplateBuilderCannotFind(org.jclouds.openhosting.compute.OpenHostingEast1TemplateBuilderLiveTest)
[TestNG] Test testTemplateBuilderCannotFind(org.jclouds.openhosting.compute.OpenHostingEast1TemplateBuilderLiveTest) succeeded: 0ms
Test suite progress: tests succeeded: 93, failed: 2, skipped: 0.
Starting test testTemplateBuilderCannotFind(org.jclouds.openhosting.compute.OpenHostingEast1TemplateBuilderLiveTest)
[TestNG] Test testTemplateBuilderCannotFind(org.jclouds.openhosting.compute.OpenHostingEast1TemplateBuilderLiveTest) succeeded: 1ms
Test suite progress: tests succeeded: 94, failed: 2, skipped: 0.
Starting test testTemplateBuilderCannotFind(org.jclouds.openhosting.compute.OpenHostingEast1TemplateBuilderLiveTest)
[TestNG] Test testTemplateBuilderCannotFind(org.jclouds.openhosting.compute.OpenHostingEast1TemplateBuilderLiveTest) succeeded: 0ms
Test suite progress: tests succeeded: 95, failed: 2, skipped: 0.
Starting test testTemplateBuilderCannotFind(org.jclouds.openhosting.compute.OpenHostingEast1TemplateBuilderLiveTest)
[TestNG] Test testTemplateBuilderCannotFind(org.jclouds.openhosting.compute.OpenHostingEast1TemplateBuilderLiveTest) succeeded: 1ms
Test suite progress: tests succeeded: 96, failed: 2, skipped: 0.
Starting test testTemplateBuilderCannotFind(org.jclouds.openhosting.compute.OpenHostingEast1TemplateBuilderLiveTest)
[TestNG] Test testTemplateBuilderCannotFind(org.jclouds.openhosting.compute.OpenHostingEast1TemplateBuilderLiveTest) succeeded: 0ms
Test suite progress: tests succeeded: 97, failed: 2, skipped: 0.
Starting test testTemplateBuilderCannotFind(org.jclouds.openhosting.compute.OpenHostingEast1TemplateBuilderLiveTest)
[TestNG] Test testTemplateBuilderCannotFind(org.jclouds.openhosting.compute.OpenHostingEast1TemplateBuilderLiveTest) succeeded: 0ms
Test suite progress: tests succeeded: 98, failed: 2, skipped: 0.
Starting test testTemplateBuilderCannotFind(org.jclouds.openhosting.compute.OpenHostingEast1TemplateBuilderLiveTest)
[TestNG] Test testTemplateBuilderCannotFind(org.jclouds.openhosting.compute.OpenHostingEast1TemplateBuilderLiveTest) succeeded: 1ms
Test suite progress: tests succeeded: 99, failed: 2, skipped: 0.
Starting test testTemplateBuilderCannotFind(org.jclouds.openhosting.compute.OpenHostingEast1TemplateBuilderLiveTest)
[TestNG] Test testTemplateBuilderCannotFind(org.jclouds.openhosting.compute.OpenHostingEast1TemplateBuilderLiveTest) succeeded: 0ms
Test suite progress: tests succeeded: 100, failed: 2, skipped: 0.
Starting test testTemplateBuilderCannotFind(org.jclouds.openhosting.compute.OpenHostingEast1TemplateBuilderLiveTest)
[TestNG] Test testTemplateBuilderCannotFind(org.jclouds.openhosting.compute.OpenHostingEast1TemplateBuilderLiveTest) succeeded: 1ms
Test suite progress: tests succeeded: 101, failed: 2, skipped: 0.
Starting test testTemplateBuilderWithImageIdSpecified(org.jclouds.openhosting.compute.OpenHostingEast1TemplateBuilderLiveTest)
[TestNG] Test testWeCanReadAndWriteToDrive(org.jclouds.openhosting.OpenHostingEast1ClientLiveTest) succeeded: 4792ms
Test suite progress: tests succeeded: 102, failed: 2, skipped: 0.
Starting test testListServerInfo(org.jclouds.openhosting.OpenHostingEast1ClientLiveTest)
[TestNG] Test testListServerInfo(org.jclouds.openhosting.OpenHostingEast1ClientLiveTest) succeeded: 546ms
Test suite progress: tests succeeded: 103, failed: 2, skipped: 0.
Starting test testSetDriveData(org.jclouds.openhosting.OpenHostingEast1ClientLiveTest)
[TestNG] Test testSetDriveData(org.jclouds.openhosting.OpenHostingEast1ClientLiveTest) succeeded: 2201ms
Test suite progress: tests succeeded: 104, failed: 2, skipped: 0.
Starting test testWeCopyADriveContentsViaGzip(org.jclouds.openhosting.OpenHostingEast1ClientLiveTest)
[TestNG] Test testTemplateBuilderWithImageIdSpecified(org.jclouds.openhosting.compute.OpenHostingEast1TemplateBuilderLiveTest) succeeded: 8485ms
Test suite progress: tests succeeded: 105, failed: 2, skipped: 0.
Starting test testTemplateBuilderWithLoginUserSpecified(org.jclouds.openhosting.compute.OpenHostingEast1TemplateBuilderLiveTest)
[TestNG] Test testTemplateBuilderWithLoginUserSpecified(org.jclouds.openhosting.compute.OpenHostingEast1TemplateBuilderLiveTest) succeeded: 10201ms
Test suite progress: tests succeeded: 106, failed: 2, skipped: 0.
Starting test testDefaultTemplateBuilder(org.jclouds.openhosting.compute.OpenHostingEast1TemplateBuilderLiveTest)
[TestNG] Test testDefaultTemplateBuilder(org.jclouds.openhosting.compute.OpenHostingEast1TemplateBuilderLiveTest) succeeded: 3ms
Test suite progress: tests succeeded: 107, failed: 2, skipped: 0.
[TestNG] Test testWeCopyADriveContentsViaGzip(org.jclouds.openhosting.OpenHostingEast1ClientLiveTest) succeeded: 109422ms
Test suite progress: tests succeeded: 108, failed: 2, skipped: 0.
Starting test testCreateAndStartServer(org.jclouds.openhosting.OpenHostingEast1ClientLiveTest)
[TestNG] Test testCreateAndRunAService(org.jclouds.openhosting.compute.OpenHostingEast1ComputeServiceLiveTest) succeeded: 313844ms
Test suite progress: tests succeeded: 109, failed: 2, skipped: 0.
Starting test testCorrectAuthException(org.jclouds.openhosting.compute.OpenHostingEast1ComputeServiceLiveTest)
[TestNG] Test testCorrectAuthException(org.jclouds.openhosting.compute.OpenHostingEast1ComputeServiceLiveTest) succeeded: 666ms
Test suite progress: tests succeeded: 110, failed: 2, skipped: 0.
Starting test testAScriptExecutionAfterBootWithBasicTemplate(org.jclouds.openhosting.compute.OpenHostingEast1ComputeServiceLiveTest)
{"status":"ACTIVE","started":"Jan 16, 1970 11:45:10 AM","user":"cd452323-6a06-45b9-8ba0-eadd67f6ba8d","metrics":{"txPackets":0,"tx":0,"rxPackets":0,"rx":0,"driveMetrics":{"ide:0:0":{"readBytes":0,"readRequests":0,"writeBytes":0,"writeRequests":0}}},"cpu":1000,"smp":1,"mem":512,"persistent":true,"devices":{"ide:0:0":{"bus":0,"unit":0,"driveUuid":"07a4c908-60bf-4750-9fda-399d369ff3be","mediaType":"DISK"}},"bootDeviceIds":["ide:0:0"],"nics":[{"dhcp":"66.151.32.245","model":"E1000","mac":"d2:61:ac:9e:af:0e","block":["tcp/43594","tcp/5902","udp/5060","tcp/5900","tcp/5901","tcp/21","tcp/22","tcp/23","tcp/25","tcp/110","tcp/143","tcp/43595"]}],"vnc":{"ip":"66.151.32.245","password":"Il0veVNC","tls":false},"uuid":"ed73d95d-bd91-4df2-b027-b461ac9eaf0e","name":"adrianc.test","tags":[],"userMetadata":{}}
[TestNG] Test testCreateAndStartServer(org.jclouds.openhosting.OpenHostingEast1ClientLiveTest) succeeded: 297569ms
Test suite progress: tests succeeded: 111, failed: 2, skipped: 0.
Starting test testConnectivity(org.jclouds.openhosting.OpenHostingEast1ClientLiveTest)
[TestNG] Test testConnectivity(org.jclouds.openhosting.OpenHostingEast1ClientLiveTest) succeeded: 19215ms
Test suite progress: tests succeeded: 112, failed: 2, skipped: 0.
Starting test testLifeCycle(org.jclouds.openhosting.OpenHostingEast1ClientLiveTest)
[TestNG] Test testLifeCycle(org.jclouds.openhosting.OpenHostingEast1ClientLiveTest) succeeded: 17657ms
Test suite progress: tests succeeded: 113, failed: 2, skipped: 0.
Starting test testSetServerConfiguration(org.jclouds.openhosting.OpenHostingEast1ClientLiveTest)
[TestNG] Test testSetServerConfiguration(org.jclouds.openhosting.OpenHostingEast1ClientLiveTest) succeeded: 3578ms
Test suite progress: tests succeeded: 114, failed: 2, skipped: 0.
Starting test testDestroyServer(org.jclouds.openhosting.OpenHostingEast1ClientLiveTest)
[TestNG] Test testDestroyServer(org.jclouds.openhosting.OpenHostingEast1ClientLiveTest) succeeded: 1067ms
Test suite progress: tests succeeded: 115, failed: 2, skipped: 0.
Starting test testDestroyDrive(org.jclouds.openhosting.OpenHostingEast1ClientLiveTest)
[TestNG] Test testDestroyDrive(org.jclouds.openhosting.OpenHostingEast1ClientLiveTest) succeeded: 2064ms
Test suite progress: tests succeeded: 116, failed: 2, skipped: 0.
[TestNG] Test testAScriptExecutionAfterBootWithBasicTemplate(org.jclouds.openhosting.compute.OpenHostingEast1ComputeServiceLiveTest) succeeded: 218446ms
Test suite progress: tests succeeded: 117, failed: 2, skipped: 0.
Starting test testConcurrentUseOfComputeServiceToCreateNodes(org.jclouds.openhosting.compute.OpenHostingEast1ComputeServiceLiveTest)
[TestNG] Test testConcurrentUseOfComputeServiceToCreateNodes(org.jclouds.openhosting.compute.OpenHostingEast1ComputeServiceLiveTest) succeeded: 232034ms
Test suite progress: tests succeeded: 118, failed: 2, skipped: 0.
Starting test testTemplateMatch(org.jclouds.openhosting.compute.OpenHostingEast1ComputeServiceLiveTest)
[TestNG] Test testTemplateMatch(org.jclouds.openhosting.compute.OpenHostingEast1ComputeServiceLiveTest) succeeded: 9ms
Test suite progress: tests succeeded: 119, failed: 2, skipped: 0.
Starting test testCreateTwoNodesWithRunScript(org.jclouds.openhosting.compute.OpenHostingEast1ComputeServiceLiveTest)
[TestNG] Test testCreateTwoNodesWithRunScript(org.jclouds.openhosting.compute.OpenHostingEast1ComputeServiceLiveTest) succeeded: 580372ms
Test suite progress: tests succeeded: 120, failed: 2, skipped: 0.
Starting test testCreateAnotherNodeWithANewContextToEnsureSharedMemIsntRequired(org.jclouds.openhosting.compute.OpenHostingEast1ComputeServiceLiveTest)
[TestNG] Test testCreateAnotherNodeWithANewContextToEnsureSharedMemIsntRequired(org.jclouds.openhosting.compute.OpenHostingEast1ComputeServiceLiveTest) succeeded: 452728ms
Test suite progress: tests succeeded: 121, failed: 2, skipped: 0.
Starting test testCredentialsCache(org.jclouds.openhosting.compute.OpenHostingEast1ComputeServiceLiveTest)
[TestNG] Test testCredentialsCache(org.jclouds.openhosting.compute.OpenHostingEast1ComputeServiceLiveTest) succeeded: 75ms
Test suite progress: tests succeeded: 122, failed: 2, skipped: 0.
Starting test testGet(org.jclouds.openhosting.compute.OpenHostingEast1ComputeServiceLiveTest)
[TestNG] Test testGet(org.jclouds.openhosting.compute.OpenHostingEast1ComputeServiceLiveTest) succeeded: 10384ms
Test suite progress: tests succeeded: 123, failed: 2, skipped: 0.
Starting test testReboot(org.jclouds.openhosting.compute.OpenHostingEast1ComputeServiceLiveTest)
[TestNG] Test testReboot(org.jclouds.openhosting.compute.OpenHostingEast1ComputeServiceLiveTest) succeeded: 7191ms
Test suite progress: tests succeeded: 124, failed: 2, skipped: 0.
Starting test testSuspendResume(org.jclouds.openhosting.compute.OpenHostingEast1ComputeServiceLiveTest)
[TestNG] Test testSuspendResume(org.jclouds.openhosting.compute.OpenHostingEast1ComputeServiceLiveTest) succeeded: 25200ms
Test suite progress: tests succeeded: 125, failed: 2, skipped: 0.
Starting test testGetNodesWithDetails(org.jclouds.openhosting.compute.OpenHostingEast1ComputeServiceLiveTest)
[TestNG] Test testGetNodesWithDetails(org.jclouds.openhosting.compute.OpenHostingEast1ComputeServiceLiveTest) succeeded: 498ms
Test suite progress: tests succeeded: 126, failed: 2, skipped: 0.
Starting test testListNodes(org.jclouds.openhosting.compute.OpenHostingEast1ComputeServiceLiveTest)
[TestNG] Test testListNodes(org.jclouds.openhosting.compute.OpenHostingEast1ComputeServiceLiveTest) succeeded: 486ms
Test suite progress: tests succeeded: 127, failed: 2, skipped: 0.
Starting test testListNodesByIds(org.jclouds.openhosting.compute.OpenHostingEast1ComputeServiceLiveTest)
[TestNG] Test testListNodesByIds(org.jclouds.openhosting.compute.OpenHostingEast1ComputeServiceLiveTest) succeeded: 524ms
Test suite progress: tests succeeded: 128, failed: 2, skipped: 0.
Starting test testDestroyNodes(org.jclouds.openhosting.compute.OpenHostingEast1ComputeServiceLiveTest)
[TestNG] Test testDestroyNodes(org.jclouds.openhosting.compute.OpenHostingEast1ComputeServiceLiveTest) succeeded: 7336ms
Test suite progress: tests succeeded: 129, failed: 2, skipped: 0.
Tests run: 131, Failures: 2, Errors: 0, Skipped: 0, Time elapsed: 1,862.971 sec <<< FAILURE!
testTemplateBuilderCanFind(org.jclouds.openhosting.compute.OpenHostingEast1TemplateBuilderLiveTest)  Time elapsed: 0.005 sec  <<< FAILURE!
java.util.NoSuchElementException: no image matched predicate: And(nullEqualToIsParentOrIsGrandparentOfCurrentLocation(),And(osFamily(windows),osVersion(^2008 R2$),os64Bit(true)))
	at org.jclouds.compute.domain.internal.TemplateBuilderImpl.throwNoSuchElementExceptionAfterLoggingImageIds(TemplateBuilderImpl.java:723)
	at org.jclouds.compute.domain.internal.TemplateBuilderImpl.findSupportedImages(TemplateBuilderImpl.java:697)
	at org.jclouds.compute.domain.internal.TemplateBuilderImpl.build(TemplateBuilderImpl.java:679)
	at org.jclouds.compute.internal.BaseTemplateBuilderLiveTest.testTemplateBuilderCanFind(BaseTemplateBuilderLiveTest.java:141)
	at sun.reflect.NativeMethodAccessorImpl.invoke0(Native Method)
	at sun.reflect.NativeMethodAccessorImpl.invoke(NativeMethodAccessorImpl.java:39)
	at sun.reflect.DelegatingMethodAccessorImpl.invoke(DelegatingMethodAccessorImpl.java:25)
	at java.lang.reflect.Method.invoke(Method.java:597)
	at org.testng.internal.MethodInvocationHelper.invokeMethod(MethodInvocationHelper.java:80)
	at org.testng.internal.Invoker.invokeMethod(Invoker.java:714)
	at org.testng.internal.Invoker.invokeTestMethod(Invoker.java:901)
	at org.testng.internal.Invoker.invokeTestMethods(Invoker.java:1231)
	at org.testng.internal.TestMethodWorker.invokeTestMethods(TestMethodWorker.java:127)
	at org.testng.internal.TestMethodWorker.run(TestMethodWorker.java:111)
	at org.testng.TestRunner.privateRun(TestRunner.java:767)
	at org.testng.TestRunner.run(TestRunner.java:617)
	at org.testng.SuiteRunner.runTest(SuiteRunner.java:334)
	at org.testng.SuiteRunner.access$000(SuiteRunner.java:37)
	at org.testng.SuiteRunner$SuiteWorker.run(SuiteRunner.java:368)
	at org.testng.internal.thread.ThreadUtil$2.call(ThreadUtil.java:64)
	at java.util.concurrent.FutureTask$Sync.innerRun(FutureTask.java:303)
	at java.util.concurrent.FutureTask.run(FutureTask.java:138)
	at java.util.concurrent.ThreadPoolExecutor$Worker.runTask(ThreadPoolExecutor.java:895)
	at java.util.concurrent.ThreadPoolExecutor$Worker.run(ThreadPoolExecutor.java:918)
	at java.lang.Thread.run(Thread.java:680)

testTemplateBuilderCanFind(org.jclouds.openhosting.compute.OpenHostingEast1TemplateBuilderLiveTest)  Time elapsed: 0.001 sec  <<< FAILURE!
java.util.NoSuchElementException: no image matched predicate: And(nullEqualToIsParentOrIsGrandparentOfCurrentLocation(),And(osFamily(windows),os64Bit(true)))
	at org.jclouds.compute.domain.internal.TemplateBuilderImpl.throwNoSuchElementExceptionAfterLoggingImageIds(TemplateBuilderImpl.java:723)
	at org.jclouds.compute.domain.internal.TemplateBuilderImpl.findSupportedImages(TemplateBuilderImpl.java:697)
	at org.jclouds.compute.domain.internal.TemplateBuilderImpl.build(TemplateBuilderImpl.java:679)
	at org.jclouds.compute.internal.BaseTemplateBuilderLiveTest.testTemplateBuilderCanFind(BaseTemplateBuilderLiveTest.java:141)
	at sun.reflect.NativeMethodAccessorImpl.invoke0(Native Method)
	at sun.reflect.NativeMethodAccessorImpl.invoke(NativeMethodAccessorImpl.java:39)
	at sun.reflect.DelegatingMethodAccessorImpl.invoke(DelegatingMethodAccessorImpl.java:25)
	at java.lang.reflect.Method.invoke(Method.java:597)
	at org.testng.internal.MethodInvocationHelper.invokeMethod(MethodInvocationHelper.java:80)
	at org.testng.internal.Invoker.invokeMethod(Invoker.java:714)
	at org.testng.internal.Invoker.invokeTestMethod(Invoker.java:901)
	at org.testng.internal.Invoker.invokeTestMethods(Invoker.java:1231)
	at org.testng.internal.TestMethodWorker.invokeTestMethods(TestMethodWorker.java:127)
	at org.testng.internal.TestMethodWorker.run(TestMethodWorker.java:111)
	at org.testng.TestRunner.privateRun(TestRunner.java:767)
	at org.testng.TestRunner.run(TestRunner.java:617)
	at org.testng.SuiteRunner.runTest(SuiteRunner.java:334)
	at org.testng.SuiteRunner.access$000(SuiteRunner.java:37)
	at org.testng.SuiteRunner$SuiteWorker.run(SuiteRunner.java:368)
	at org.testng.internal.thread.ThreadUtil$2.call(ThreadUtil.java:64)
	at java.util.concurrent.FutureTask$Sync.innerRun(FutureTask.java:303)
	at java.util.concurrent.FutureTask.run(FutureTask.java:138)
	at java.util.concurrent.ThreadPoolExecutor$Worker.runTask(ThreadPoolExecutor.java:895)
	at java.util.concurrent.ThreadPoolExecutor$Worker.run(ThreadPoolExecutor.java:918)
	at java.lang.Thread.run(Thread.java:680)


Results :

Failed tests:   testTemplateBuilderCanFind(org.jclouds.openhosting.compute.OpenHostingEast1TemplateBuilderLiveTest): no image matched predicate: And(nullEqualToIsParentOrIsGrandparentOfCurrentLocation(),And(osFamily(windows),osVersion(^2008 R2$),os64Bit(true)))
  testTemplateBuilderCanFind(org.jclouds.openhosting.compute.OpenHostingEast1TemplateBuilderLiveTest): no image matched predicate: And(nullEqualToIsParentOrIsGrandparentOfCurrentLocation(),And(osFamily(windows),os64Bit(true)))

Tests run: 131, Failures: 2, Errors: 0, Skipped: 0

[INFO] ------------------------------------------------------------------------
[INFO] BUILD FAILURE
[INFO] ------------------------------------------------------------------------
[INFO] Total time: 31:08.266s
[INFO] Finished at: Sat Apr 27 18:19:09 PDT 2013
[INFO] Final Memory: 18M/125M
[INFO] ------------------------------------------------------------------------
[ERROR] Failed to execute goal org.apache.maven.plugins:maven-surefire-plugin:2.12.4:test (integration) on project openhosting-east1: There are test failures.
[ERROR] 
[ERROR] Please refer to /private/tmp/jclouds/providers/openhosting-east1/target/surefire-reports for the individual test results.
[ERROR] -> [Help 1]
[ERROR] 
[ERROR] To see the full stack trace of the errors, re-run Maven with the -e switch.
[ERROR] Re-run Maven using the -X switch to enable full debug logging.
[ERROR] 
[ERROR] For more information about the errors and possible solutions, please read the following articles:
[ERROR] [Help 1] http://cwiki.apache.org/confluence/display/MAVEN/MojoFailureException
