[INFO] Scanning for projects...
[WARNING] 
[WARNING] Some problems were encountered while building the effective model for org.jclouds.api:openstack-nova:bundle:1.6.0-SNAPSHOT
[WARNING] 'parent.relativePath' of POM org.jclouds:jclouds-project:1.6.0-SNAPSHOT (/Users/adriancole/workspace/git/1.6.x/jclouds/project/pom.xml) points at org.jclouds:jclouds-multi instead of org.sonatype.oss:oss-parent, please verify your project structure @ org.jclouds:jclouds-project:1.6.0-SNAPSHOT, /Users/adriancole/workspace/git/1.6.x/jclouds/project/pom.xml, line 24, column 13
[WARNING] 
[WARNING] It is highly recommended to fix these problems because they threaten the stability of your build.
[WARNING] 
[WARNING] For this reason, future Maven versions might no longer support building such malformed projects.
[WARNING] 
[INFO]                                                                         
[INFO] ------------------------------------------------------------------------
[INFO] Building jcloud openstack-nova api 1.6.0-SNAPSHOT
[INFO] ------------------------------------------------------------------------
[INFO] 
[INFO] --- maven-clean-plugin:2.4.1:clean (default-clean) @ openstack-nova ---
[INFO] 
[INFO] --- maven-enforcer-plugin:1.1.1:enforce (enforce-maven) @ openstack-nova ---
[INFO] 
[INFO] --- maven-enforcer-plugin:1.1.1:enforce (enforce-banned-dependencies) @ openstack-nova ---
[INFO] 
[INFO] --- maven-enforcer-plugin:1.1.1:enforce (enforce-java) @ openstack-nova ---
[INFO] 
[INFO] --- maven-remote-resources-plugin:1.4:process (process-remote-resources) @ openstack-nova ---
[INFO] 
[INFO] --- maven-resources-plugin:2.6:resources (default-resources) @ openstack-nova ---
[INFO] Using 'UTF-8' encoding to copy filtered resources.
[INFO] skip non existing resourceDirectory /Users/adriancole/workspace/git/1.6.x/jclouds/apis/openstack-nova/src/main/clojure
[INFO] Copying 1 resource
[INFO] Copying 2 resources
[INFO] 
[INFO] --- maven-compiler-plugin:2.5.1:compile (default-compile) @ openstack-nova ---
[INFO] Compiling 124 source files to /Users/adriancole/workspace/git/1.6.x/jclouds/apis/openstack-nova/target/classes
[INFO] 
[INFO] --- maven-resources-plugin:2.6:testResources (default-testResources) @ openstack-nova ---
[INFO] Using 'UTF-8' encoding to copy filtered resources.
[INFO] skip non existing resourceDirectory /Users/adriancole/workspace/git/1.6.x/jclouds/apis/openstack-nova/src/test/clojure
[INFO] Copying 63 resources
[INFO] Copying 2 resources
[INFO] 
[INFO] --- maven-compiler-plugin:2.5.1:testCompile (default-testCompile) @ openstack-nova ---
[INFO] Compiling 98 source files to /Users/adriancole/workspace/git/1.6.x/jclouds/apis/openstack-nova/target/test-classes
[INFO] 
[INFO] --- maven-surefire-plugin:2.12.4:test (default-test) @ openstack-nova ---
[INFO] Surefire report directory: /Users/adriancole/workspace/git/1.6.x/jclouds/apis/openstack-nova/target/surefire-reports

-------------------------------------------------------
 T E S T S
-------------------------------------------------------
Running TestSuite
Configuring TestNG with: org.apache.maven.surefire.testng.conf.TestNG652Configurator@48f0c0d3
Starting test testListServersWhenResponseIs2xx(org.jclouds.openstack.nova.v2_0.AccessKeyAndSecretKeyAndTenantIdAuthenticationExpectTest)
[pool-1-thread-1] Test testListServersWhenResponseIs2xx(org.jclouds.openstack.nova.v2_0.AccessKeyAndSecretKeyAndTenantIdAuthenticationExpectTest) succeeded: 2293ms
Test suite progress: tests succeeded: 1, failed: 0, skipped: 0.
Starting test testListServersWhenResponseIs2xx(org.jclouds.openstack.nova.v2_0.AccessKeyAndSecretKeyAndTenantNamePropertyAuthenticationExpectTest)
[pool-2-thread-1] Test testListServersWhenResponseIs2xx(org.jclouds.openstack.nova.v2_0.AccessKeyAndSecretKeyAndTenantNamePropertyAuthenticationExpectTest) succeeded: 434ms
Test suite progress: tests succeeded: 2, failed: 0, skipped: 0.
Starting test testListServersWhenResponseIs2xx(org.jclouds.openstack.nova.v2_0.AccessKeyAndSecretKeyAuthenticationExpectTest)
[pool-3-thread-1] Test testListServersWhenResponseIs2xx(org.jclouds.openstack.nova.v2_0.AccessKeyAndSecretKeyAuthenticationExpectTest) succeeded: 226ms
Test suite progress: tests succeeded: 3, failed: 0, skipped: 0.
Starting test testCreateImage(org.jclouds.openstack.nova.v2_0.compute.extensions.NovaImageExtensionExpectTest)
[pool-4-thread-1] Test testCreateImage(org.jclouds.openstack.nova.v2_0.compute.extensions.NovaImageExtensionExpectTest) succeeded: 713ms
Test suite progress: tests succeeded: 4, failed: 0, skipped: 0.
Starting test testAllocateWhenAllocationFailsLookupUnusedIpAddToServerAndUpdatesNodeMetadata(org.jclouds.openstack.nova.v2_0.compute.functions.AllocateAndAddFloatingIpToNodeExpectTest)
Starting test testAllocateWhenAllocationReturnsIpIsAddedToServerAndUpdatesNodeMetadataButSavesCredentials(org.jclouds.openstack.nova.v2_0.compute.functions.AllocateAndAddFloatingIpToNodeExpectTest)
[pool-5-thread-1] Test testAllocateWhenAllocationFailsLookupUnusedIpAddToServerAndUpdatesNodeMetadata(org.jclouds.openstack.nova.v2_0.compute.functions.AllocateAndAddFloatingIpToNodeExpectTest) succeeded: 986ms
Test suite progress: tests succeeded: 5, failed: 0, skipped: 0.
[pool-5-thread-2] Test testAllocateWhenAllocationReturnsIpIsAddedToServerAndUpdatesNodeMetadataButSavesCredentials(org.jclouds.openstack.nova.v2_0.compute.functions.AllocateAndAddFloatingIpToNodeExpectTest) succeeded: 985ms
Test suite progress: tests succeeded: 6, failed: 0, skipped: 0.
Starting test testConversionWhereLocationFound(org.jclouds.openstack.nova.v2_0.compute.functions.FlavorInZoneToHardwareTest)
Starting test testConversionWhereLocationNotFound(org.jclouds.openstack.nova.v2_0.compute.functions.FlavorInZoneToHardwareTest)
[pool-6-thread-2] Test testConversionWhereLocationNotFound(org.jclouds.openstack.nova.v2_0.compute.functions.FlavorInZoneToHardwareTest) succeeded: 0ms
Test suite progress: tests succeeded: 7, failed: 0, skipped: 0.
[pool-6-thread-1] Test testConversionWhereLocationFound(org.jclouds.openstack.nova.v2_0.compute.functions.FlavorInZoneToHardwareTest) succeeded: 7ms
Test suite progress: tests succeeded: 8, failed: 0, skipped: 0.
Starting test testConversionWhereLocationFound(org.jclouds.openstack.nova.v2_0.compute.functions.ImageInZoneToImageTest)
[pool-7-thread-1] Test testConversionWhereLocationFound(org.jclouds.openstack.nova.v2_0.compute.functions.ImageInZoneToImageTest) succeeded: 1ms
Test suite progress: tests succeeded: 9, failed: 0, skipped: 0.
Starting test testConversionWhereLocationNotFound(org.jclouds.openstack.nova.v2_0.compute.functions.ImageInZoneToImageTest)
[pool-7-thread-2] Test testConversionWhereLocationNotFound(org.jclouds.openstack.nova.v2_0.compute.functions.ImageInZoneToImageTest) succeeded: 2ms
Test suite progress: tests succeeded: 10, failed: 0, skipped: 0.
Starting test testOEL(org.jclouds.openstack.nova.v2_0.compute.functions.ImageToOperatingSystemTest)
[pool-8-thread-1] Test testOEL(org.jclouds.openstack.nova.v2_0.compute.functions.ImageToOperatingSystemTest) succeeded: 1ms
Test suite progress: tests succeeded: 11, failed: 0, skipped: 0.
Starting test testTryStackNatty(org.jclouds.openstack.nova.v2_0.compute.functions.ImageToOperatingSystemTest)
Starting test testWindows98x86(org.jclouds.openstack.nova.v2_0.compute.functions.ImageToOperatingSystemTest)
[pool-8-thread-1] Test testWindows98x86(org.jclouds.openstack.nova.v2_0.compute.functions.ImageToOperatingSystemTest) succeeded: 0ms
Test suite progress: tests succeeded: 12, failed: 0, skipped: 0.
Starting test testRHEL(org.jclouds.openstack.nova.v2_0.compute.functions.ImageToOperatingSystemTest)
Starting test testTryStackOneric(org.jclouds.openstack.nova.v2_0.compute.functions.ImageToOperatingSystemTest)
[pool-8-thread-4] Test testTryStackNatty(org.jclouds.openstack.nova.v2_0.compute.functions.ImageToOperatingSystemTest) succeeded: 6ms
Test suite progress: tests succeeded: 13, failed: 0, skipped: 0.
Starting test testWindowsServer2008R2x64(org.jclouds.openstack.nova.v2_0.compute.functions.ImageToOperatingSystemTest)
[pool-8-thread-3] Test testRHEL(org.jclouds.openstack.nova.v2_0.compute.functions.ImageToOperatingSystemTest) succeeded: 5ms
Test suite progress: tests succeeded: 14, failed: 0, skipped: 0.
[pool-8-thread-5] Test testTryStackOneric(org.jclouds.openstack.nova.v2_0.compute.functions.ImageToOperatingSystemTest) succeeded: 18ms
Test suite progress: tests succeeded: 15, failed: 0, skipped: 0.
Starting test testOsFamilyValues(org.jclouds.openstack.nova.v2_0.compute.functions.ImageToOperatingSystemTest)
[pool-8-thread-2] Test testOsFamilyValues(org.jclouds.openstack.nova.v2_0.compute.functions.ImageToOperatingSystemTest) succeeded: 0ms
Test suite progress: tests succeeded: 16, failed: 0, skipped: 0.
Starting test testOsFamilyValues(org.jclouds.openstack.nova.v2_0.compute.functions.ImageToOperatingSystemTest)
[pool-8-thread-2] Test testOsFamilyValues(org.jclouds.openstack.nova.v2_0.compute.functions.ImageToOperatingSystemTest) succeeded: 0ms
Test suite progress: tests succeeded: 17, failed: 0, skipped: 0.
Starting test testOsFamilyValues(org.jclouds.openstack.nova.v2_0.compute.functions.ImageToOperatingSystemTest)
[pool-8-thread-2] Test testOsFamilyValues(org.jclouds.openstack.nova.v2_0.compute.functions.ImageToOperatingSystemTest) succeeded: 0ms
Test suite progress: tests succeeded: 18, failed: 0, skipped: 0.
Starting test testOsFamilyValues(org.jclouds.openstack.nova.v2_0.compute.functions.ImageToOperatingSystemTest)
[pool-8-thread-2] Test testOsFamilyValues(org.jclouds.openstack.nova.v2_0.compute.functions.ImageToOperatingSystemTest) succeeded: 0ms
Test suite progress: tests succeeded: 19, failed: 0, skipped: 0.
Starting test testOsFamilyValues(org.jclouds.openstack.nova.v2_0.compute.functions.ImageToOperatingSystemTest)
[pool-8-thread-2] Test testOsFamilyValues(org.jclouds.openstack.nova.v2_0.compute.functions.ImageToOperatingSystemTest) succeeded: 1ms
Test suite progress: tests succeeded: 20, failed: 0, skipped: 0.
Starting test testOsFamilyValues(org.jclouds.openstack.nova.v2_0.compute.functions.ImageToOperatingSystemTest)
[pool-8-thread-2] Test testOsFamilyValues(org.jclouds.openstack.nova.v2_0.compute.functions.ImageToOperatingSystemTest) succeeded: 0ms
Test suite progress: tests succeeded: 21, failed: 0, skipped: 0.
Starting test testOsFamilyValues(org.jclouds.openstack.nova.v2_0.compute.functions.ImageToOperatingSystemTest)
[pool-8-thread-2] Test testOsFamilyValues(org.jclouds.openstack.nova.v2_0.compute.functions.ImageToOperatingSystemTest) succeeded: 0ms
Test suite progress: tests succeeded: 22, failed: 0, skipped: 0.
Starting test testOsFamilyValues(org.jclouds.openstack.nova.v2_0.compute.functions.ImageToOperatingSystemTest)
[pool-8-thread-2] Test testOsFamilyValues(org.jclouds.openstack.nova.v2_0.compute.functions.ImageToOperatingSystemTest) succeeded: 0ms
Test suite progress: tests succeeded: 23, failed: 0, skipped: 0.
Starting test testOsFamilyValues(org.jclouds.openstack.nova.v2_0.compute.functions.ImageToOperatingSystemTest)
[pool-8-thread-2] Test testOsFamilyValues(org.jclouds.openstack.nova.v2_0.compute.functions.ImageToOperatingSystemTest) succeeded: 0ms
Test suite progress: tests succeeded: 24, failed: 0, skipped: 0.
Starting test testOsFamilyValues(org.jclouds.openstack.nova.v2_0.compute.functions.ImageToOperatingSystemTest)
[pool-8-thread-2] Test testOsFamilyValues(org.jclouds.openstack.nova.v2_0.compute.functions.ImageToOperatingSystemTest) succeeded: 1ms
Test suite progress: tests succeeded: 25, failed: 0, skipped: 0.
Starting test testOsFamilyValues(org.jclouds.openstack.nova.v2_0.compute.functions.ImageToOperatingSystemTest)
[pool-8-thread-2] Test testOsFamilyValues(org.jclouds.openstack.nova.v2_0.compute.functions.ImageToOperatingSystemTest) succeeded: 0ms
Test suite progress: tests succeeded: 26, failed: 0, skipped: 0.
[pool-8-thread-1] Test testWindowsServer2008R2x64(org.jclouds.openstack.nova.v2_0.compute.functions.ImageToOperatingSystemTest) succeeded: 22ms
Test suite progress: tests succeeded: 27, failed: 0, skipped: 0.
Starting test testOsFamilyValues(org.jclouds.openstack.nova.v2_0.compute.functions.ImageToOperatingSystemTest)
[pool-8-thread-2] Test testOsFamilyValues(org.jclouds.openstack.nova.v2_0.compute.functions.ImageToOperatingSystemTest) succeeded: 0ms
Test suite progress: tests succeeded: 28, failed: 0, skipped: 0.
Starting test testOsFamilyValues(org.jclouds.openstack.nova.v2_0.compute.functions.ImageToOperatingSystemTest)
[pool-8-thread-2] Test testOsFamilyValues(org.jclouds.openstack.nova.v2_0.compute.functions.ImageToOperatingSystemTest) succeeded: 1ms
Test suite progress: tests succeeded: 29, failed: 0, skipped: 0.
Starting test testOsFamilyValues(org.jclouds.openstack.nova.v2_0.compute.functions.ImageToOperatingSystemTest)
[pool-8-thread-2] Test testOsFamilyValues(org.jclouds.openstack.nova.v2_0.compute.functions.ImageToOperatingSystemTest) succeeded: 0ms
Test suite progress: tests succeeded: 30, failed: 0, skipped: 0.
Starting test testOsFamilyValues(org.jclouds.openstack.nova.v2_0.compute.functions.ImageToOperatingSystemTest)
[pool-8-thread-2] Test testOsFamilyValues(org.jclouds.openstack.nova.v2_0.compute.functions.ImageToOperatingSystemTest) succeeded: 0ms
Test suite progress: tests succeeded: 31, failed: 0, skipped: 0.
Starting test testOsFamilyValues(org.jclouds.openstack.nova.v2_0.compute.functions.ImageToOperatingSystemTest)
[pool-8-thread-2] Test testOsFamilyValues(org.jclouds.openstack.nova.v2_0.compute.functions.ImageToOperatingSystemTest) succeeded: 1ms
Test suite progress: tests succeeded: 32, failed: 0, skipped: 0.
Starting test testOsFamilyValues(org.jclouds.openstack.nova.v2_0.compute.functions.ImageToOperatingSystemTest)
[pool-8-thread-2] Test testOsFamilyValues(org.jclouds.openstack.nova.v2_0.compute.functions.ImageToOperatingSystemTest) succeeded: 0ms
Test suite progress: tests succeeded: 33, failed: 0, skipped: 0.
Starting test testOsFamilyValues(org.jclouds.openstack.nova.v2_0.compute.functions.ImageToOperatingSystemTest)
[pool-8-thread-2] Test testOsFamilyValues(org.jclouds.openstack.nova.v2_0.compute.functions.ImageToOperatingSystemTest) succeeded: 1ms
Test suite progress: tests succeeded: 34, failed: 0, skipped: 0.
Starting test testOsFamilyValues(org.jclouds.openstack.nova.v2_0.compute.functions.ImageToOperatingSystemTest)
[pool-8-thread-2] Test testOsFamilyValues(org.jclouds.openstack.nova.v2_0.compute.functions.ImageToOperatingSystemTest) succeeded: 0ms
Test suite progress: tests succeeded: 35, failed: 0, skipped: 0.
Starting test testOsFamilyValues(org.jclouds.openstack.nova.v2_0.compute.functions.ImageToOperatingSystemTest)
[pool-8-thread-2] Test testOsFamilyValues(org.jclouds.openstack.nova.v2_0.compute.functions.ImageToOperatingSystemTest) succeeded: 1ms
Test suite progress: tests succeeded: 36, failed: 0, skipped: 0.
Starting test testOsFamilyValues(org.jclouds.openstack.nova.v2_0.compute.functions.ImageToOperatingSystemTest)
[pool-8-thread-2] Test testOsFamilyValues(org.jclouds.openstack.nova.v2_0.compute.functions.ImageToOperatingSystemTest) succeeded: 0ms
Test suite progress: tests succeeded: 37, failed: 0, skipped: 0.
Starting test testOsFamilyValues(org.jclouds.openstack.nova.v2_0.compute.functions.ImageToOperatingSystemTest)
[pool-8-thread-2] Test testOsFamilyValues(org.jclouds.openstack.nova.v2_0.compute.functions.ImageToOperatingSystemTest) succeeded: 1ms
Test suite progress: tests succeeded: 38, failed: 0, skipped: 0.
Starting test testOsFamilyValues(org.jclouds.openstack.nova.v2_0.compute.functions.ImageToOperatingSystemTest)
[pool-8-thread-2] Test testOsFamilyValues(org.jclouds.openstack.nova.v2_0.compute.functions.ImageToOperatingSystemTest) succeeded: 0ms
Test suite progress: tests succeeded: 39, failed: 0, skipped: 0.
Starting test testOsFamilyValues(org.jclouds.openstack.nova.v2_0.compute.functions.ImageToOperatingSystemTest)
[pool-8-thread-2] Test testOsFamilyValues(org.jclouds.openstack.nova.v2_0.compute.functions.ImageToOperatingSystemTest) succeeded: 0ms
Test suite progress: tests succeeded: 40, failed: 0, skipped: 0.
Starting test testOsFamilyValues(org.jclouds.openstack.nova.v2_0.compute.functions.ImageToOperatingSystemTest)
[pool-8-thread-2] Test testOsFamilyValues(org.jclouds.openstack.nova.v2_0.compute.functions.ImageToOperatingSystemTest) succeeded: 0ms
Test suite progress: tests succeeded: 41, failed: 0, skipped: 0.
Starting test testOsFamilyValues(org.jclouds.openstack.nova.v2_0.compute.functions.ImageToOperatingSystemTest)
[pool-8-thread-2] Test testOsFamilyValues(org.jclouds.openstack.nova.v2_0.compute.functions.ImageToOperatingSystemTest) succeeded: 0ms
Test suite progress: tests succeeded: 42, failed: 0, skipped: 0.
Starting test testOsFamilyValues(org.jclouds.openstack.nova.v2_0.compute.functions.ImageToOperatingSystemTest)
[pool-8-thread-2] Test testOsFamilyValues(org.jclouds.openstack.nova.v2_0.compute.functions.ImageToOperatingSystemTest) succeeded: 0ms
Test suite progress: tests succeeded: 43, failed: 0, skipped: 0.
Starting test testOsFamilyValues(org.jclouds.openstack.nova.v2_0.compute.functions.ImageToOperatingSystemTest)
[pool-8-thread-2] Test testOsFamilyValues(org.jclouds.openstack.nova.v2_0.compute.functions.ImageToOperatingSystemTest) succeeded: 0ms
Test suite progress: tests succeeded: 44, failed: 0, skipped: 0.
Starting test testOsFamilyValues(org.jclouds.openstack.nova.v2_0.compute.functions.ImageToOperatingSystemTest)
[pool-8-thread-2] Test testOsFamilyValues(org.jclouds.openstack.nova.v2_0.compute.functions.ImageToOperatingSystemTest) succeeded: 0ms
Test suite progress: tests succeeded: 45, failed: 0, skipped: 0.
Starting test testWhenComputeServiceSaysAllNodesAreDeadBothGroupsAreReturned(org.jclouds.openstack.nova.v2_0.compute.functions.OrphanedGroupsByZoneIdTest)
Starting test testWhenComputeServiceSaysAllNodesAreDeadNoGroupsAreReturned(org.jclouds.openstack.nova.v2_0.compute.functions.OrphanedGroupsByZoneIdTest)
[pool-9-thread-2] Test testWhenComputeServiceSaysAllNodesAreDeadNoGroupsAreReturned(org.jclouds.openstack.nova.v2_0.compute.functions.OrphanedGroupsByZoneIdTest) succeeded: 13ms
Test suite progress: tests succeeded: 46, failed: 0, skipped: 0.
[pool-9-thread-1] Test testWhenComputeServiceSaysAllNodesAreDeadBothGroupsAreReturned(org.jclouds.openstack.nova.v2_0.compute.functions.OrphanedGroupsByZoneIdTest) succeeded: 24ms
Test suite progress: tests succeeded: 47, failed: 0, skipped: 0.
Starting test testNewServerWithoutHostIdSetsZoneAsLocation(org.jclouds.openstack.nova.v2_0.compute.functions.ServerInZoneToNodeMetadataTest)
Starting test testWhenNoHardwareAndImageMatchServerScopedIdsHardwareOperatingSystemAndImageIdAreSet(org.jclouds.openstack.nova.v2_0.compute.functions.ServerInZoneToNodeMetadataTest)
[pool-10-thread-1] Test testNewServerWithoutHostIdSetsZoneAsLocation(org.jclouds.openstack.nova.v2_0.compute.functions.ServerInZoneToNodeMetadataTest) succeeded: 2ms
Test suite progress: tests succeeded: 48, failed: 0, skipped: 0.
Starting test testWhenNoHardwareOrImageMatchServerScopedIdsImageIdIsStillSet(org.jclouds.openstack.nova.v2_0.compute.functions.ServerInZoneToNodeMetadataTest)
[pool-10-thread-2] Test testWhenNoHardwareAndImageMatchServerScopedIdsHardwareOperatingSystemAndImageIdAreSet(org.jclouds.openstack.nova.v2_0.compute.functions.ServerInZoneToNodeMetadataTest) succeeded: 3ms
Test suite progress: tests succeeded: 49, failed: 0, skipped: 0.
[pool-10-thread-3] Test testWhenNoHardwareOrImageMatchServerScopedIdsImageIdIsStillSet(org.jclouds.openstack.nova.v2_0.compute.functions.ServerInZoneToNodeMetadataTest) succeeded: 2ms
Test suite progress: tests succeeded: 50, failed: 0, skipped: 0.
Starting test testApply(org.jclouds.openstack.nova.v2_0.compute.loaders.CreateUniqueKeyPairTest)
Starting test testApplyWithIllegalStateException(org.jclouds.openstack.nova.v2_0.compute.loaders.CreateUniqueKeyPairTest)
[pool-11-thread-1] Test testApply(org.jclouds.openstack.nova.v2_0.compute.loaders.CreateUniqueKeyPairTest) succeeded: 211ms
Test suite progress: tests succeeded: 51, failed: 0, skipped: 0.
[pool-11-thread-2] Test testApplyWithIllegalStateException(org.jclouds.openstack.nova.v2_0.compute.loaders.CreateUniqueKeyPairTest) succeeded: 211ms
Test suite progress: tests succeeded: 52, failed: 0, skipped: 0.
Starting test testWhenFoundPredicateMustUpdateAtomicReference(org.jclouds.openstack.nova.v2_0.compute.loaders.FindSecurityGroupOrCreateTest)
[pool-12-thread-1] Test testWhenFoundPredicateMustUpdateAtomicReference(org.jclouds.openstack.nova.v2_0.compute.loaders.FindSecurityGroupOrCreateTest) succeeded: 0ms
Test suite progress: tests succeeded: 53, failed: 0, skipped: 0.
Starting test testWhenFoundReturnsSecurityGroupFromAtomicReferenceValueUpdatedDuringPredicateCheck(org.jclouds.openstack.nova.v2_0.compute.loaders.FindSecurityGroupOrCreateTest)
[pool-12-thread-1] Test testWhenFoundReturnsSecurityGroupFromAtomicReferenceValueUpdatedDuringPredicateCheck(org.jclouds.openstack.nova.v2_0.compute.loaders.FindSecurityGroupOrCreateTest) succeeded: 6ms
Test suite progress: tests succeeded: 54, failed: 0, skipped: 0.
Starting test testWhenNotFoundCreatesANewSecurityGroup(org.jclouds.openstack.nova.v2_0.compute.loaders.FindSecurityGroupOrCreateTest)
[pool-12-thread-1] Test testWhenNotFoundCreatesANewSecurityGroup(org.jclouds.openstack.nova.v2_0.compute.loaders.FindSecurityGroupOrCreateTest) succeeded: 1ms
Test suite progress: tests succeeded: 55, failed: 0, skipped: 0.
Starting test testWhenNotFoundInputMustBeZoneSecurityGroupNameAndPorts(org.jclouds.openstack.nova.v2_0.compute.loaders.FindSecurityGroupOrCreateTest)
[pool-12-thread-1] Test testWhenNotFoundInputMustBeZoneSecurityGroupNameAndPorts(org.jclouds.openstack.nova.v2_0.compute.loaders.FindSecurityGroupOrCreateTest) succeeded: 2ms
Test suite progress: tests succeeded: 56, failed: 0, skipped: 0.
Starting test testReturnsNullWhenNotAssigned(org.jclouds.openstack.nova.v2_0.compute.loaders.LoadFloatingIpsForInstanceTest)
[pool-13-thread-1] Test testReturnsNullWhenNotAssigned(org.jclouds.openstack.nova.v2_0.compute.loaders.LoadFloatingIpsForInstanceTest) succeeded: 7ms
Test suite progress: tests succeeded: 57, failed: 0, skipped: 0.
Starting test testReturnsNullWhenNotFound(org.jclouds.openstack.nova.v2_0.compute.loaders.LoadFloatingIpsForInstanceTest)
[pool-13-thread-1] Test testReturnsNullWhenNotFound(org.jclouds.openstack.nova.v2_0.compute.loaders.LoadFloatingIpsForInstanceTest) succeeded: 3ms
Test suite progress: tests succeeded: 58, failed: 0, skipped: 0.
Starting test testReturnsPublicIpOnMatch(org.jclouds.openstack.nova.v2_0.compute.loaders.LoadFloatingIpsForInstanceTest)
[pool-13-thread-1] Test testReturnsPublicIpOnMatch(org.jclouds.openstack.nova.v2_0.compute.loaders.LoadFloatingIpsForInstanceTest) succeeded: 0ms
Test suite progress: tests succeeded: 59, failed: 0, skipped: 0.
Starting test testCreateNodeWithGroupEncodedIntoNameWhenSecurityGroupsArePresent(org.jclouds.openstack.nova.v2_0.compute.NovaComputeServiceAdapterExpectTest)
Starting test testNoKeyPairOrAdminPass(org.jclouds.openstack.nova.v2_0.compute.NovaComputeServiceAdapterExpectTest)
Starting test testWhenKeyPairPresentWeUsePrivateKeyAsCredentialNotPassword(org.jclouds.openstack.nova.v2_0.compute.NovaComputeServiceAdapterExpectTest)
[pool-14-thread-3] Test testWhenKeyPairPresentWeUsePrivateKeyAsCredentialNotPassword(org.jclouds.openstack.nova.v2_0.compute.NovaComputeServiceAdapterExpectTest) succeeded: 951ms
Test suite progress: tests succeeded: 60, failed: 0, skipped: 0.
[pool-14-thread-1] Test testCreateNodeWithGroupEncodedIntoNameWhenSecurityGroupsArePresent(org.jclouds.openstack.nova.v2_0.compute.NovaComputeServiceAdapterExpectTest) succeeded: 985ms
Test suite progress: tests succeeded: 61, failed: 0, skipped: 0.
[pool-14-thread-2] Test testNoKeyPairOrAdminPass(org.jclouds.openstack.nova.v2_0.compute.NovaComputeServiceAdapterExpectTest) succeeded: 980ms
Test suite progress: tests succeeded: 62, failed: 0, skipped: 0.
Starting test testCreateNodeWhileUserSpecifiesKeyPair(org.jclouds.openstack.nova.v2_0.compute.NovaComputeServiceExpectTest)
Starting test testCreateNodeWhileUserSpecifiesKeyPairAndUserSpecifiedGroups(org.jclouds.openstack.nova.v2_0.compute.NovaComputeServiceExpectTest)
Starting test testListLocationsWhenResponseIs2xx(org.jclouds.openstack.nova.v2_0.compute.NovaComputeServiceExpectTest)
Starting test testDefaultTemplateTryStack(org.jclouds.openstack.nova.v2_0.compute.NovaComputeServiceExpectTest)
Starting test testCreateNodeWithGeneratedKeyPair(org.jclouds.openstack.nova.v2_0.compute.NovaComputeServiceExpectTest)
[pool-15-thread-4] Test testDefaultTemplateTryStack(org.jclouds.openstack.nova.v2_0.compute.NovaComputeServiceExpectTest) succeeded: 1168ms
Test suite progress: tests succeeded: 63, failed: 0, skipped: 0.
Starting test testListServersWhenReponseIs404IsEmpty(org.jclouds.openstack.nova.v2_0.compute.NovaComputeServiceExpectTest)
[pool-15-thread-2] Test testCreateNodeWhileUserSpecifiesKeyPairAndUserSpecifiedGroups(org.jclouds.openstack.nova.v2_0.compute.NovaComputeServiceExpectTest) succeeded: 1449ms
Test suite progress: tests succeeded: 64, failed: 0, skipped: 0.
[pool-15-thread-5] Test testListLocationsWhenResponseIs2xx(org.jclouds.openstack.nova.v2_0.compute.NovaComputeServiceExpectTest) succeeded: 1458ms
Test suite progress: tests succeeded: 65, failed: 0, skipped: 0.
[pool-15-thread-4] Test testListServersWhenReponseIs404IsEmpty(org.jclouds.openstack.nova.v2_0.compute.NovaComputeServiceExpectTest) succeeded: 334ms
Test suite progress: tests succeeded: 66, failed: 0, skipped: 0.
[pool-15-thread-3] Test testCreateNodeWithGeneratedKeyPair(org.jclouds.openstack.nova.v2_0.compute.NovaComputeServiceExpectTest) succeeded: 1734ms
Test suite progress: tests succeeded: 67, failed: 0, skipped: 0.
[pool-15-thread-1] Test testCreateNodeWhileUserSpecifiesKeyPair(org.jclouds.openstack.nova.v2_0.compute.NovaComputeServiceExpectTest) succeeded: 1844ms
Test suite progress: tests succeeded: 68, failed: 0, skipped: 0.
Starting test testAs(org.jclouds.openstack.nova.v2_0.compute.options.NovaTemplateOptionsTest)
[pool-16-thread-1] Test testAs(org.jclouds.openstack.nova.v2_0.compute.options.NovaTemplateOptionsTest) succeeded: 0ms
Test suite progress: tests succeeded: 69, failed: 0, skipped: 0.
Starting test testDefaultGroupsVarArgsEmpty(org.jclouds.openstack.nova.v2_0.compute.options.NovaTemplateOptionsTest)
Starting test testGenerateKeyPairStatic(org.jclouds.openstack.nova.v2_0.compute.options.NovaTemplateOptionsTest)
[pool-16-thread-1] Test testGenerateKeyPairStatic(org.jclouds.openstack.nova.v2_0.compute.options.NovaTemplateOptionsTest) succeeded: 0ms
Test suite progress: tests succeeded: 70, failed: 0, skipped: 0.
Starting test testNullauthorizePublicKey(org.jclouds.openstack.nova.v2_0.compute.options.NovaTemplateOptionsTest)
[pool-16-thread-1] Test testNullauthorizePublicKey(org.jclouds.openstack.nova.v2_0.compute.options.NovaTemplateOptionsTest) succeeded: 0ms
Test suite progress: tests succeeded: 71, failed: 0, skipped: 0.
Starting test testNullblockOnPort(org.jclouds.openstack.nova.v2_0.compute.options.NovaTemplateOptionsTest)
[pool-16-thread-1] Test testNullblockOnPort(org.jclouds.openstack.nova.v2_0.compute.options.NovaTemplateOptionsTest) succeeded: 1ms
Test suite progress: tests succeeded: 72, failed: 0, skipped: 0.
Starting test testNullinstallPrivateKey(org.jclouds.openstack.nova.v2_0.compute.options.NovaTemplateOptionsTest)
[pool-16-thread-1] Test testNullinstallPrivateKey(org.jclouds.openstack.nova.v2_0.compute.options.NovaTemplateOptionsTest) succeeded: 0ms
Test suite progress: tests succeeded: 73, failed: 0, skipped: 0.
Starting test testUserData(org.jclouds.openstack.nova.v2_0.compute.options.NovaTemplateOptionsTest)
[pool-16-thread-1] Test testUserData(org.jclouds.openstack.nova.v2_0.compute.options.NovaTemplateOptionsTest) succeeded: 0ms
Test suite progress: tests succeeded: 74, failed: 0, skipped: 0.
Starting test testauthorizePublicKey(org.jclouds.openstack.nova.v2_0.compute.options.NovaTemplateOptionsTest)
[pool-16-thread-1] Test testauthorizePublicKey(org.jclouds.openstack.nova.v2_0.compute.options.NovaTemplateOptionsTest) succeeded: 0ms
Test suite progress: tests succeeded: 75, failed: 0, skipped: 0.
Starting test testDefaultOpen22(org.jclouds.openstack.nova.v2_0.compute.options.NovaTemplateOptionsTest)
Starting test testGenerateKeyPairDefault(org.jclouds.openstack.nova.v2_0.compute.options.NovaTemplateOptionsTest)
Starting test testauthorizePublicKeyBadFormat(org.jclouds.openstack.nova.v2_0.compute.options.NovaTemplateOptionsTest)
[pool-16-thread-1] Test testauthorizePublicKeyBadFormat(org.jclouds.openstack.nova.v2_0.compute.options.NovaTemplateOptionsTest) succeeded: 1ms
Test suite progress: tests succeeded: 76, failed: 0, skipped: 0.
Starting test testGenerateKeyPair(org.jclouds.openstack.nova.v2_0.compute.options.NovaTemplateOptionsTest)
Starting test testauthorizePublicKeyNPE(org.jclouds.openstack.nova.v2_0.compute.options.NovaTemplateOptionsTest)
[pool-16-thread-1] Test testauthorizePublicKeyNPE(org.jclouds.openstack.nova.v2_0.compute.options.NovaTemplateOptionsTest) succeeded: 0ms
Test suite progress: tests succeeded: 77, failed: 0, skipped: 0.
Starting test testauthorizePublicKeyStatic(org.jclouds.openstack.nova.v2_0.compute.options.NovaTemplateOptionsTest)
[pool-16-thread-1] Test testauthorizePublicKeyStatic(org.jclouds.openstack.nova.v2_0.compute.options.NovaTemplateOptionsTest) succeeded: 0ms
Test suite progress: tests succeeded: 78, failed: 0, skipped: 0.
[pool-16-thread-3] Test testDefaultOpen22(org.jclouds.openstack.nova.v2_0.compute.options.NovaTemplateOptionsTest) succeeded: 17ms
Test suite progress: tests succeeded: 79, failed: 0, skipped: 0.
Starting test testautoAssignFloatingIp(org.jclouds.openstack.nova.v2_0.compute.options.NovaTemplateOptionsTest)
Starting test testautoAssignFloatingIpDefault(org.jclouds.openstack.nova.v2_0.compute.options.NovaTemplateOptionsTest)
[pool-16-thread-1] Test testautoAssignFloatingIp(org.jclouds.openstack.nova.v2_0.compute.options.NovaTemplateOptionsTest) succeeded: 0ms
Test suite progress: tests succeeded: 80, failed: 0, skipped: 0.
[pool-16-thread-2] Test testDefaultGroupsVarArgsEmpty(org.jclouds.openstack.nova.v2_0.compute.options.NovaTemplateOptionsTest) succeeded: 20ms
Test suite progress: tests succeeded: 81, failed: 0, skipped: 0.
Starting test testautoAssignFloatingIpStatic(org.jclouds.openstack.nova.v2_0.compute.options.NovaTemplateOptionsTest)
Starting test testblockOnPort(org.jclouds.openstack.nova.v2_0.compute.options.NovaTemplateOptionsTest)
[pool-16-thread-1] Test testautoAssignFloatingIpStatic(org.jclouds.openstack.nova.v2_0.compute.options.NovaTemplateOptionsTest) succeeded: 0ms
Test suite progress: tests succeeded: 82, failed: 0, skipped: 0.
Starting test testblockOnPortBadFormat(org.jclouds.openstack.nova.v2_0.compute.options.NovaTemplateOptionsTest)
[pool-16-thread-1] Test testblockOnPortBadFormat(org.jclouds.openstack.nova.v2_0.compute.options.NovaTemplateOptionsTest) succeeded: 0ms
Test suite progress: tests succeeded: 83, failed: 0, skipped: 0.
[pool-16-thread-5] Test testGenerateKeyPairDefault(org.jclouds.openstack.nova.v2_0.compute.options.NovaTemplateOptionsTest) succeeded: 6ms
Test suite progress: tests succeeded: 84, failed: 0, skipped: 0.
Starting test testblockOnPortStatic(org.jclouds.openstack.nova.v2_0.compute.options.NovaTemplateOptionsTest)
[pool-16-thread-1] Test testblockOnPortStatic(org.jclouds.openstack.nova.v2_0.compute.options.NovaTemplateOptionsTest) succeeded: 0ms
Test suite progress: tests succeeded: 85, failed: 0, skipped: 0.
Starting test testinboundPorts(org.jclouds.openstack.nova.v2_0.compute.options.NovaTemplateOptionsTest)
[pool-16-thread-3] Test testautoAssignFloatingIpDefault(org.jclouds.openstack.nova.v2_0.compute.options.NovaTemplateOptionsTest) succeeded: 1ms
Starting test testinboundPortsBadFormat(org.jclouds.openstack.nova.v2_0.compute.options.NovaTemplateOptionsTest)
Test suite progress: tests succeeded: 86, failed: 0, skipped: 0.
Starting test testinboundPortsStatic(org.jclouds.openstack.nova.v2_0.compute.options.NovaTemplateOptionsTest)
[pool-16-thread-3] Test testinboundPortsStatic(org.jclouds.openstack.nova.v2_0.compute.options.NovaTemplateOptionsTest) succeeded: 0ms
Test suite progress: tests succeeded: 87, failed: 0, skipped: 0.
[pool-16-thread-1] Test testinboundPortsBadFormat(org.jclouds.openstack.nova.v2_0.compute.options.NovaTemplateOptionsTest) succeeded: 0ms
Test suite progress: tests succeeded: 88, failed: 0, skipped: 0.
Starting test testinstallPrivateKey(org.jclouds.openstack.nova.v2_0.compute.options.NovaTemplateOptionsTest)
Starting test testinstallPrivateKeyBadFormat(org.jclouds.openstack.nova.v2_0.compute.options.NovaTemplateOptionsTest)
[pool-16-thread-3] Test testinstallPrivateKey(org.jclouds.openstack.nova.v2_0.compute.options.NovaTemplateOptionsTest) succeeded: 1ms
Test suite progress: tests succeeded: 89, failed: 0, skipped: 0.
Starting test testinstallPrivateKeyNPE(org.jclouds.openstack.nova.v2_0.compute.options.NovaTemplateOptionsTest)
[pool-16-thread-3] Test testinstallPrivateKeyNPE(org.jclouds.openstack.nova.v2_0.compute.options.NovaTemplateOptionsTest) succeeded: 0ms
Test suite progress: tests succeeded: 90, failed: 0, skipped: 0.
[pool-16-thread-5] Test testinboundPorts(org.jclouds.openstack.nova.v2_0.compute.options.NovaTemplateOptionsTest) succeeded: 2ms
Test suite progress: tests succeeded: 91, failed: 0, skipped: 0.
Starting test testinstallPrivateKeyStatic(org.jclouds.openstack.nova.v2_0.compute.options.NovaTemplateOptionsTest)
[pool-16-thread-3] Test testinstallPrivateKeyStatic(org.jclouds.openstack.nova.v2_0.compute.options.NovaTemplateOptionsTest) succeeded: 0ms
Test suite progress: tests succeeded: 92, failed: 0, skipped: 0.
Starting test testsecurityGroupNamesIterable(org.jclouds.openstack.nova.v2_0.compute.options.NovaTemplateOptionsTest)
[pool-16-thread-5] Test testsecurityGroupNamesIterable(org.jclouds.openstack.nova.v2_0.compute.options.NovaTemplateOptionsTest) succeeded: 0ms
Test suite progress: tests succeeded: 93, failed: 0, skipped: 0.
Starting test testsecurityGroupNamesIterableBadFormat(org.jclouds.openstack.nova.v2_0.compute.options.NovaTemplateOptionsTest)
Starting test testsecurityGroupNamesIterableStatic(org.jclouds.openstack.nova.v2_0.compute.options.NovaTemplateOptionsTest)
[pool-16-thread-5] Test testsecurityGroupNamesIterableBadFormat(org.jclouds.openstack.nova.v2_0.compute.options.NovaTemplateOptionsTest) succeeded: 0ms
Test suite progress: tests succeeded: 94, failed: 0, skipped: 0.
[pool-16-thread-3] Test testsecurityGroupNamesIterableStatic(org.jclouds.openstack.nova.v2_0.compute.options.NovaTemplateOptionsTest) succeeded: 0ms
Test suite progress: tests succeeded: 95, failed: 0, skipped: 0.
Starting test testsecurityGroupNamesVarArgs(org.jclouds.openstack.nova.v2_0.compute.options.NovaTemplateOptionsTest)
Starting test testsecurityGroupNamesVarArgsBadFormat(org.jclouds.openstack.nova.v2_0.compute.options.NovaTemplateOptionsTest)
[pool-16-thread-5] Test testsecurityGroupNamesVarArgs(org.jclouds.openstack.nova.v2_0.compute.options.NovaTemplateOptionsTest) succeeded: 0ms
Test suite progress: tests succeeded: 96, failed: 0, skipped: 0.
[pool-16-thread-3] Test testsecurityGroupNamesVarArgsBadFormat(org.jclouds.openstack.nova.v2_0.compute.options.NovaTemplateOptionsTest) succeeded: 0ms
Starting test testsecurityGroupNamesVarArgsStatic(org.jclouds.openstack.nova.v2_0.compute.options.NovaTemplateOptionsTest)
Test suite progress: tests succeeded: 97, failed: 0, skipped: 0.
[pool-16-thread-5] Test testsecurityGroupNamesVarArgsStatic(org.jclouds.openstack.nova.v2_0.compute.options.NovaTemplateOptionsTest) succeeded: 1ms
Test suite progress: tests succeeded: 98, failed: 0, skipped: 0.
[pool-16-thread-4] Test testGenerateKeyPair(org.jclouds.openstack.nova.v2_0.compute.options.NovaTemplateOptionsTest) succeeded: 7ms
Test suite progress: tests succeeded: 99, failed: 0, skipped: 0.
[pool-16-thread-2] Test testblockOnPort(org.jclouds.openstack.nova.v2_0.compute.options.NovaTemplateOptionsTest) succeeded: 5ms
Test suite progress: tests succeeded: 100, failed: 0, skipped: 0.
[pool-16-thread-1] Test testinstallPrivateKeyBadFormat(org.jclouds.openstack.nova.v2_0.compute.options.NovaTemplateOptionsTest) succeeded: 2ms
Test suite progress: tests succeeded: 101, failed: 0, skipped: 0.
Starting test testVersionMatchOnConfiguredZonesWhenResponseIs2xx(org.jclouds.openstack.nova.v2_0.EndpointIdIsRandomExpectTest)
[pool-17-thread-1] Test testVersionMatchOnConfiguredZonesWhenResponseIs2xx(org.jclouds.openstack.nova.v2_0.EndpointIdIsRandomExpectTest) succeeded: 379ms
Test suite progress: tests succeeded: 102, failed: 0, skipped: 0.
Starting test testBackupServer(org.jclouds.openstack.nova.v2_0.extensions.AdminActionsApiExpectTest)
Starting test testInjectNetworkInfoIntoServer(org.jclouds.openstack.nova.v2_0.extensions.AdminActionsApiExpectTest)
Starting test testInjectNetworkInfoIntoServerFailsNotFound(org.jclouds.openstack.nova.v2_0.extensions.AdminActionsApiExpectTest)
Starting test testLiveMigrateServer(org.jclouds.openstack.nova.v2_0.extensions.AdminActionsApiExpectTest)
Starting test testBackupServerFailNotFound(org.jclouds.openstack.nova.v2_0.extensions.AdminActionsApiExpectTest)
[pool-18-thread-2] Test testBackupServerFailNotFound(org.jclouds.openstack.nova.v2_0.extensions.AdminActionsApiExpectTest) succeeded: 719ms
Test suite progress: tests succeeded: 103, failed: 0, skipped: 0.
Starting test testLiveMigrateServerFailsNotFound(org.jclouds.openstack.nova.v2_0.extensions.AdminActionsApiExpectTest)
[pool-18-thread-5] Test testLiveMigrateServer(org.jclouds.openstack.nova.v2_0.extensions.AdminActionsApiExpectTest) succeeded: 783ms
Test suite progress: tests succeeded: 104, failed: 0, skipped: 0.
[pool-18-thread-1] Test testBackupServer(org.jclouds.openstack.nova.v2_0.extensions.AdminActionsApiExpectTest) succeeded: 827ms
Test suite progress: tests succeeded: 105, failed: 0, skipped: 0.
[pool-18-thread-3] Test testInjectNetworkInfoIntoServer(org.jclouds.openstack.nova.v2_0.extensions.AdminActionsApiExpectTest) succeeded: 815ms
Test suite progress: tests succeeded: 106, failed: 0, skipped: 0.
[pool-18-thread-4] Test testInjectNetworkInfoIntoServerFailsNotFound(org.jclouds.openstack.nova.v2_0.extensions.AdminActionsApiExpectTest) succeeded: 817ms
Test suite progress: tests succeeded: 107, failed: 0, skipped: 0.
Starting test testLock(org.jclouds.openstack.nova.v2_0.extensions.AdminActionsApiExpectTest)
Starting test testLockFailsNotFound(org.jclouds.openstack.nova.v2_0.extensions.AdminActionsApiExpectTest)
Starting test testMigrateServer(org.jclouds.openstack.nova.v2_0.extensions.AdminActionsApiExpectTest)
Starting test testMigrateServerFailsNotFound(org.jclouds.openstack.nova.v2_0.extensions.AdminActionsApiExpectTest)
[pool-18-thread-3] Test testMigrateServer(org.jclouds.openstack.nova.v2_0.extensions.AdminActionsApiExpectTest) succeeded: 917ms
Test suite progress: tests succeeded: 108, failed: 0, skipped: 0.
Starting test testPause(org.jclouds.openstack.nova.v2_0.extensions.AdminActionsApiExpectTest)
[pool-18-thread-1] Test testMigrateServerFailsNotFound(org.jclouds.openstack.nova.v2_0.extensions.AdminActionsApiExpectTest) succeeded: 968ms
Test suite progress: tests succeeded: 109, failed: 0, skipped: 0.
Starting test testPauseFailsNotFound(org.jclouds.openstack.nova.v2_0.extensions.AdminActionsApiExpectTest)
[pool-18-thread-2] Test testLiveMigrateServerFailsNotFound(org.jclouds.openstack.nova.v2_0.extensions.AdminActionsApiExpectTest) succeeded: 1140ms
Test suite progress: tests succeeded: 110, failed: 0, skipped: 0.
Starting test testResetNetworkOfServer(org.jclouds.openstack.nova.v2_0.extensions.AdminActionsApiExpectTest)
[pool-18-thread-4] Test testLockFailsNotFound(org.jclouds.openstack.nova.v2_0.extensions.AdminActionsApiExpectTest) succeeded: 1105ms
Test suite progress: tests succeeded: 111, failed: 0, skipped: 0.
Starting test testResetNetworkOfServerFailsNotFound(org.jclouds.openstack.nova.v2_0.extensions.AdminActionsApiExpectTest)
[pool-18-thread-5] Test testLock(org.jclouds.openstack.nova.v2_0.extensions.AdminActionsApiExpectTest) succeeded: 1175ms
Test suite progress: tests succeeded: 112, failed: 0, skipped: 0.
Starting test testResume(org.jclouds.openstack.nova.v2_0.extensions.AdminActionsApiExpectTest)
[pool-18-thread-3] Test testPause(org.jclouds.openstack.nova.v2_0.extensions.AdminActionsApiExpectTest) succeeded: 709ms
Test suite progress: tests succeeded: 113, failed: 0, skipped: 0.
Starting test testResumeFailsNotAuthorized(org.jclouds.openstack.nova.v2_0.extensions.AdminActionsApiExpectTest)
[pool-18-thread-4] Test testResetNetworkOfServerFailsNotFound(org.jclouds.openstack.nova.v2_0.extensions.AdminActionsApiExpectTest) succeeded: 638ms
Test suite progress: tests succeeded: 114, failed: 0, skipped: 0.
Starting test testResumeFailsNotFound(org.jclouds.openstack.nova.v2_0.extensions.AdminActionsApiExpectTest)
[pool-18-thread-1] Test testPauseFailsNotFound(org.jclouds.openstack.nova.v2_0.extensions.AdminActionsApiExpectTest) succeeded: 819ms
Test suite progress: tests succeeded: 115, failed: 0, skipped: 0.
Starting test testSuspend(org.jclouds.openstack.nova.v2_0.extensions.AdminActionsApiExpectTest)
[pool-18-thread-2] Test testResetNetworkOfServer(org.jclouds.openstack.nova.v2_0.extensions.AdminActionsApiExpectTest) succeeded: 747ms
Test suite progress: tests succeeded: 116, failed: 0, skipped: 0.
Starting test testSuspendFailsNotAuthorized(org.jclouds.openstack.nova.v2_0.extensions.AdminActionsApiExpectTest)
[pool-18-thread-5] Test testResume(org.jclouds.openstack.nova.v2_0.extensions.AdminActionsApiExpectTest) succeeded: 677ms
Test suite progress: tests succeeded: 117, failed: 0, skipped: 0.
Starting test testSuspendFailsNotFound(org.jclouds.openstack.nova.v2_0.extensions.AdminActionsApiExpectTest)
[pool-18-thread-3] Test testResumeFailsNotAuthorized(org.jclouds.openstack.nova.v2_0.extensions.AdminActionsApiExpectTest) succeeded: 781ms
Test suite progress: tests succeeded: 118, failed: 0, skipped: 0.
Starting test testUnlock(org.jclouds.openstack.nova.v2_0.extensions.AdminActionsApiExpectTest)
[pool-18-thread-2] Test testSuspendFailsNotAuthorized(org.jclouds.openstack.nova.v2_0.extensions.AdminActionsApiExpectTest) succeeded: 762ms
Test suite progress: tests succeeded: 119, failed: 0, skipped: 0.
Starting test testUnlockFailsNotFound(org.jclouds.openstack.nova.v2_0.extensions.AdminActionsApiExpectTest)
[pool-18-thread-1] Test testSuspend(org.jclouds.openstack.nova.v2_0.extensions.AdminActionsApiExpectTest) succeeded: 803ms
Test suite progress: tests succeeded: 120, failed: 0, skipped: 0.
Starting test testUnpause(org.jclouds.openstack.nova.v2_0.extensions.AdminActionsApiExpectTest)
[pool-18-thread-4] Test testResumeFailsNotFound(org.jclouds.openstack.nova.v2_0.extensions.AdminActionsApiExpectTest) succeeded: 829ms
Test suite progress: tests succeeded: 121, failed: 0, skipped: 0.
Starting test testUnpauseFailsNotFound(org.jclouds.openstack.nova.v2_0.extensions.AdminActionsApiExpectTest)
[pool-18-thread-5] Test testSuspendFailsNotFound(org.jclouds.openstack.nova.v2_0.extensions.AdminActionsApiExpectTest) succeeded: 805ms
Test suite progress: tests succeeded: 122, failed: 0, skipped: 0.
[pool-18-thread-2] Test testUnlockFailsNotFound(org.jclouds.openstack.nova.v2_0.extensions.AdminActionsApiExpectTest) succeeded: 297ms
Test suite progress: tests succeeded: 123, failed: 0, skipped: 0.
[pool-18-thread-3] Test testUnlock(org.jclouds.openstack.nova.v2_0.extensions.AdminActionsApiExpectTest) succeeded: 473ms
Test suite progress: tests succeeded: 124, failed: 0, skipped: 0.
[pool-18-thread-4] Test testUnpauseFailsNotFound(org.jclouds.openstack.nova.v2_0.extensions.AdminActionsApiExpectTest) succeeded: 408ms
Test suite progress: tests succeeded: 125, failed: 0, skipped: 0.
[pool-18-thread-1] Test testUnpause(org.jclouds.openstack.nova.v2_0.extensions.AdminActionsApiExpectTest) succeeded: 443ms
Test suite progress: tests succeeded: 126, failed: 0, skipped: 0.
Starting test testDeleteExtraSpec(org.jclouds.openstack.nova.v2_0.extensions.FlavorExtraSpecsApiExpectTest)
Starting test testDeleteExtraSpecFailNotFound(org.jclouds.openstack.nova.v2_0.extensions.FlavorExtraSpecsApiExpectTest)
Starting test testGetAllExtraSpecsFailNotFound(org.jclouds.openstack.nova.v2_0.extensions.FlavorExtraSpecsApiExpectTest)
Starting test testGetExtraSpec(org.jclouds.openstack.nova.v2_0.extensions.FlavorExtraSpecsApiExpectTest)
Starting test testGetAllExtraSpecs(org.jclouds.openstack.nova.v2_0.extensions.FlavorExtraSpecsApiExpectTest)
[pool-19-thread-2] Test testDeleteExtraSpecFailNotFound(org.jclouds.openstack.nova.v2_0.extensions.FlavorExtraSpecsApiExpectTest) succeeded: 465ms
Test suite progress: tests succeeded: 127, failed: 0, skipped: 0.
Starting test testGetExtraSpecFailNotFound(org.jclouds.openstack.nova.v2_0.extensions.FlavorExtraSpecsApiExpectTest)
[pool-19-thread-4] Test testGetAllExtraSpecsFailNotFound(org.jclouds.openstack.nova.v2_0.extensions.FlavorExtraSpecsApiExpectTest) succeeded: 505ms
Test suite progress: tests succeeded: 128, failed: 0, skipped: 0.
Starting test testSetAllExtraSpecs(org.jclouds.openstack.nova.v2_0.extensions.FlavorExtraSpecsApiExpectTest)
[pool-19-thread-3] Test testGetAllExtraSpecs(org.jclouds.openstack.nova.v2_0.extensions.FlavorExtraSpecsApiExpectTest) succeeded: 507ms
Test suite progress: tests succeeded: 129, failed: 0, skipped: 0.
Starting test testSetExtraSpec(org.jclouds.openstack.nova.v2_0.extensions.FlavorExtraSpecsApiExpectTest)
[pool-19-thread-1] Test testDeleteExtraSpec(org.jclouds.openstack.nova.v2_0.extensions.FlavorExtraSpecsApiExpectTest) succeeded: 524ms
Test suite progress: tests succeeded: 130, failed: 0, skipped: 0.
[pool-19-thread-5] Test testGetExtraSpec(org.jclouds.openstack.nova.v2_0.extensions.FlavorExtraSpecsApiExpectTest) succeeded: 523ms
Test suite progress: tests succeeded: 131, failed: 0, skipped: 0.
[pool-19-thread-2] Test testGetExtraSpecFailNotFound(org.jclouds.openstack.nova.v2_0.extensions.FlavorExtraSpecsApiExpectTest) succeeded: 254ms
Test suite progress: tests succeeded: 132, failed: 0, skipped: 0.
[pool-19-thread-3] Test testSetExtraSpec(org.jclouds.openstack.nova.v2_0.extensions.FlavorExtraSpecsApiExpectTest) succeeded: 303ms
Test suite progress: tests succeeded: 133, failed: 0, skipped: 0.
[pool-19-thread-4] Test testSetAllExtraSpecs(org.jclouds.openstack.nova.v2_0.extensions.FlavorExtraSpecsApiExpectTest) succeeded: 318ms
Test suite progress: tests succeeded: 134, failed: 0, skipped: 0.
Starting test testAllocateWhenResponseIs2xx(org.jclouds.openstack.nova.v2_0.extensions.FloatingIPApiExpectTest)
Starting test testAllocateWhenResponseIs404(org.jclouds.openstack.nova.v2_0.extensions.FloatingIPApiExpectTest)
Starting test testAllocateWithPoolNameWhenResponseIs2xx(org.jclouds.openstack.nova.v2_0.extensions.FloatingIPApiExpectTest)
Starting test testGetFloatingIPWhenResponseIs2xx(org.jclouds.openstack.nova.v2_0.extensions.FloatingIPApiExpectTest)
Starting test testGetFloatingIPWhenResponseIs404(org.jclouds.openstack.nova.v2_0.extensions.FloatingIPApiExpectTest)
[pool-20-thread-5] Test testGetFloatingIPWhenResponseIs404(org.jclouds.openstack.nova.v2_0.extensions.FloatingIPApiExpectTest) succeeded: 317ms
Test suite progress: tests succeeded: 135, failed: 0, skipped: 0.
Starting test testListFloatingIPsWhenResponseIs2xx(org.jclouds.openstack.nova.v2_0.extensions.FloatingIPApiExpectTest)
[pool-20-thread-1] Test testAllocateWhenResponseIs2xx(org.jclouds.openstack.nova.v2_0.extensions.FloatingIPApiExpectTest) succeeded: 413ms
Test suite progress: tests succeeded: 136, failed: 0, skipped: 0.
Starting test testListFloatingIPsWhenResponseIs404(org.jclouds.openstack.nova.v2_0.extensions.FloatingIPApiExpectTest)
[pool-20-thread-2] Test testAllocateWhenResponseIs404(org.jclouds.openstack.nova.v2_0.extensions.FloatingIPApiExpectTest) succeeded: 387ms
Test suite progress: tests succeeded: 137, failed: 0, skipped: 0.
Starting test testWhenNamespaceInExtensionsListFloatingIpPresent(org.jclouds.openstack.nova.v2_0.extensions.FloatingIPApiExpectTest)
[pool-20-thread-4] Test testGetFloatingIPWhenResponseIs2xx(org.jclouds.openstack.nova.v2_0.extensions.FloatingIPApiExpectTest) succeeded: 395ms
Test suite progress: tests succeeded: 138, failed: 0, skipped: 0.
Starting test testWhenNamespaceNotInExtensionsListFloatingIpNotPresent(org.jclouds.openstack.nova.v2_0.extensions.FloatingIPApiExpectTest)
[pool-20-thread-3] Test testAllocateWithPoolNameWhenResponseIs2xx(org.jclouds.openstack.nova.v2_0.extensions.FloatingIPApiExpectTest) succeeded: 410ms
Test suite progress: tests succeeded: 139, failed: 0, skipped: 0.
[pool-20-thread-1] Test testListFloatingIPsWhenResponseIs404(org.jclouds.openstack.nova.v2_0.extensions.FloatingIPApiExpectTest) succeeded: 334ms
Test suite progress: tests succeeded: 140, failed: 0, skipped: 0.
[pool-20-thread-2] Test testWhenNamespaceInExtensionsListFloatingIpPresent(org.jclouds.openstack.nova.v2_0.extensions.FloatingIPApiExpectTest) succeeded: 345ms
Test suite progress: tests succeeded: 141, failed: 0, skipped: 0.
[pool-20-thread-5] Test testListFloatingIPsWhenResponseIs2xx(org.jclouds.openstack.nova.v2_0.extensions.FloatingIPApiExpectTest) succeeded: 403ms
Test suite progress: tests succeeded: 142, failed: 0, skipped: 0.
[pool-20-thread-4] Test testWhenNamespaceNotInExtensionsListFloatingIpNotPresent(org.jclouds.openstack.nova.v2_0.extensions.FloatingIPApiExpectTest) succeeded: 340ms
Test suite progress: tests succeeded: 143, failed: 0, skipped: 0.
Starting test testAllocateWhenResponseIs2xx(org.jclouds.openstack.nova.v2_0.extensions.FloatingIPAsyncApiExpectTest)
Starting test testAllocateWhenResponseIs404(org.jclouds.openstack.nova.v2_0.extensions.FloatingIPAsyncApiExpectTest)
Starting test testAllocateWithPoolNameWhenResponseIs2xx(org.jclouds.openstack.nova.v2_0.extensions.FloatingIPAsyncApiExpectTest)
Starting test testGetFloatingIPWhenResponseIs2xx(org.jclouds.openstack.nova.v2_0.extensions.FloatingIPAsyncApiExpectTest)
Starting test testGetFloatingIPWhenResponseIs404(org.jclouds.openstack.nova.v2_0.extensions.FloatingIPAsyncApiExpectTest)
[pool-21-thread-5] Test testGetFloatingIPWhenResponseIs404(org.jclouds.openstack.nova.v2_0.extensions.FloatingIPAsyncApiExpectTest) succeeded: 403ms
Test suite progress: tests succeeded: 144, failed: 0, skipped: 0.
Starting test testListFloatingIPsWhenResponseIs2xx(org.jclouds.openstack.nova.v2_0.extensions.FloatingIPAsyncApiExpectTest)
[pool-21-thread-2] Test testAllocateWhenResponseIs404(org.jclouds.openstack.nova.v2_0.extensions.FloatingIPAsyncApiExpectTest) succeeded: 411ms
Test suite progress: tests succeeded: 145, failed: 0, skipped: 0.
Starting test testListFloatingIPsWhenResponseIs404(org.jclouds.openstack.nova.v2_0.extensions.FloatingIPAsyncApiExpectTest)
[pool-21-thread-4] Test testGetFloatingIPWhenResponseIs2xx(org.jclouds.openstack.nova.v2_0.extensions.FloatingIPAsyncApiExpectTest) succeeded: 421ms
Test suite progress: tests succeeded: 146, failed: 0, skipped: 0.
Starting test testWhenNamespaceInExtensionsListFloatingIpPresent(org.jclouds.openstack.nova.v2_0.extensions.FloatingIPAsyncApiExpectTest)
[pool-21-thread-1] Test testAllocateWhenResponseIs2xx(org.jclouds.openstack.nova.v2_0.extensions.FloatingIPAsyncApiExpectTest) succeeded: 471ms
Test suite progress: tests succeeded: 147, failed: 0, skipped: 0.
Starting test testWhenNamespaceNotInExtensionsListFloatingIpNotPresent(org.jclouds.openstack.nova.v2_0.extensions.FloatingIPAsyncApiExpectTest)
[pool-21-thread-3] Test testAllocateWithPoolNameWhenResponseIs2xx(org.jclouds.openstack.nova.v2_0.extensions.FloatingIPAsyncApiExpectTest) succeeded: 464ms
Test suite progress: tests succeeded: 148, failed: 0, skipped: 0.
[pool-21-thread-4] Test testWhenNamespaceInExtensionsListFloatingIpPresent(org.jclouds.openstack.nova.v2_0.extensions.FloatingIPAsyncApiExpectTest) succeeded: 280ms
Test suite progress: tests succeeded: 149, failed: 0, skipped: 0.
[pool-21-thread-1] Test testWhenNamespaceNotInExtensionsListFloatingIpNotPresent(org.jclouds.openstack.nova.v2_0.extensions.FloatingIPAsyncApiExpectTest) succeeded: 236ms
Test suite progress: tests succeeded: 150, failed: 0, skipped: 0.
[pool-21-thread-2] Test testListFloatingIPsWhenResponseIs404(org.jclouds.openstack.nova.v2_0.extensions.FloatingIPAsyncApiExpectTest) succeeded: 299ms
Test suite progress: tests succeeded: 151, failed: 0, skipped: 0.
[pool-21-thread-5] Test testListFloatingIPsWhenResponseIs2xx(org.jclouds.openstack.nova.v2_0.extensions.FloatingIPAsyncApiExpectTest) succeeded: 313ms
Test suite progress: tests succeeded: 152, failed: 0, skipped: 0.
Starting test testDisableHost(org.jclouds.openstack.nova.v2_0.extensions.HostAdministrationApiExpectTest)
Starting test testGet(org.jclouds.openstack.nova.v2_0.extensions.HostAdministrationApiExpectTest)
Starting test testEnableHostFailNotFound(org.jclouds.openstack.nova.v2_0.extensions.HostAdministrationApiExpectTest)
Starting test testEnableHost(org.jclouds.openstack.nova.v2_0.extensions.HostAdministrationApiExpectTest)
Starting test testEnableHostFailNotEnabled(org.jclouds.openstack.nova.v2_0.extensions.HostAdministrationApiExpectTest)
[pool-22-thread-4] Test testEnableHostFailNotFound(org.jclouds.openstack.nova.v2_0.extensions.HostAdministrationApiExpectTest) succeeded: 498ms
Test suite progress: tests succeeded: 153, failed: 0, skipped: 0.
[pool-22-thread-1] Test testDisableHost(org.jclouds.openstack.nova.v2_0.extensions.HostAdministrationApiExpectTest) succeeded: 509ms
Test suite progress: tests succeeded: 154, failed: 0, skipped: 0.
Starting test testList(org.jclouds.openstack.nova.v2_0.extensions.HostAdministrationApiExpectTest)
Starting test testRebootHost(org.jclouds.openstack.nova.v2_0.extensions.HostAdministrationApiExpectTest)
[pool-22-thread-3] Test testEnableHostFailNotEnabled(org.jclouds.openstack.nova.v2_0.extensions.HostAdministrationApiExpectTest) succeeded: 627ms
Test suite progress: tests succeeded: 155, failed: 0, skipped: 0.
Starting test testShutdownHost(org.jclouds.openstack.nova.v2_0.extensions.HostAdministrationApiExpectTest)
[pool-22-thread-2] Test testEnableHost(org.jclouds.openstack.nova.v2_0.extensions.HostAdministrationApiExpectTest) succeeded: 667ms
Test suite progress: tests succeeded: 156, failed: 0, skipped: 0.
Starting test testStartMaintenance(org.jclouds.openstack.nova.v2_0.extensions.HostAdministrationApiExpectTest)
[pool-22-thread-5] Test testGet(org.jclouds.openstack.nova.v2_0.extensions.HostAdministrationApiExpectTest) succeeded: 669ms
Test suite progress: tests succeeded: 157, failed: 0, skipped: 0.
Starting test testStartupHost(org.jclouds.openstack.nova.v2_0.extensions.HostAdministrationApiExpectTest)
[pool-22-thread-4] Test testRebootHost(org.jclouds.openstack.nova.v2_0.extensions.HostAdministrationApiExpectTest) succeeded: 418ms
Test suite progress: tests succeeded: 158, failed: 0, skipped: 0.
Starting test testStartupHostFailNotFound(org.jclouds.openstack.nova.v2_0.extensions.HostAdministrationApiExpectTest)
[pool-22-thread-1] Test testList(org.jclouds.openstack.nova.v2_0.extensions.HostAdministrationApiExpectTest) succeeded: 685ms
Test suite progress: tests succeeded: 159, failed: 0, skipped: 0.
Starting test testStartupHostFailWrongActionInProgress(org.jclouds.openstack.nova.v2_0.extensions.HostAdministrationApiExpectTest)
[pool-22-thread-3] Test testShutdownHost(org.jclouds.openstack.nova.v2_0.extensions.HostAdministrationApiExpectTest) succeeded: 567ms
Test suite progress: tests succeeded: 160, failed: 0, skipped: 0.
Starting test testStopMaintenance(org.jclouds.openstack.nova.v2_0.extensions.HostAdministrationApiExpectTest)
[pool-22-thread-2] Test testStartMaintenance(org.jclouds.openstack.nova.v2_0.extensions.HostAdministrationApiExpectTest) succeeded: 578ms
Test suite progress: tests succeeded: 161, failed: 0, skipped: 0.
[pool-22-thread-5] Test testStartupHost(org.jclouds.openstack.nova.v2_0.extensions.HostAdministrationApiExpectTest) succeeded: 580ms
Test suite progress: tests succeeded: 162, failed: 0, skipped: 0.
[pool-22-thread-4] Test testStartupHostFailNotFound(org.jclouds.openstack.nova.v2_0.extensions.HostAdministrationApiExpectTest) succeeded: 616ms
Test suite progress: tests succeeded: 163, failed: 0, skipped: 0.
[pool-22-thread-3] Test testStopMaintenance(org.jclouds.openstack.nova.v2_0.extensions.HostAdministrationApiExpectTest) succeeded: 522ms
Test suite progress: tests succeeded: 164, failed: 0, skipped: 0.
[pool-22-thread-1] Test testStartupHostFailWrongActionInProgress(org.jclouds.openstack.nova.v2_0.extensions.HostAdministrationApiExpectTest) succeeded: 530ms
Test suite progress: tests succeeded: 165, failed: 0, skipped: 0.
Starting test testAddHost(org.jclouds.openstack.nova.v2_0.extensions.HostAggregateApiExpectTest)
Starting test testCreateAggregate(org.jclouds.openstack.nova.v2_0.extensions.HostAggregateApiExpectTest)
Starting test testDeleteAggregate(org.jclouds.openstack.nova.v2_0.extensions.HostAggregateApiExpectTest)
Starting test testDeleteAggregateFailNotFound(org.jclouds.openstack.nova.v2_0.extensions.HostAggregateApiExpectTest)
Starting test testGet(org.jclouds.openstack.nova.v2_0.extensions.HostAggregateApiExpectTest)
[pool-23-thread-4] Test testDeleteAggregateFailNotFound(org.jclouds.openstack.nova.v2_0.extensions.HostAggregateApiExpectTest) succeeded: 402ms
Test suite progress: tests succeeded: 166, failed: 0, skipped: 0.
Starting test testGetFailNotFound(org.jclouds.openstack.nova.v2_0.extensions.HostAggregateApiExpectTest)
[pool-23-thread-3] Test testDeleteAggregate(org.jclouds.openstack.nova.v2_0.extensions.HostAggregateApiExpectTest) succeeded: 423ms
Test suite progress: tests succeeded: 167, failed: 0, skipped: 0.
Starting test testList(org.jclouds.openstack.nova.v2_0.extensions.HostAggregateApiExpectTest)
[pool-23-thread-5] Test testGet(org.jclouds.openstack.nova.v2_0.extensions.HostAggregateApiExpectTest) succeeded: 433ms
Test suite progress: tests succeeded: 168, failed: 0, skipped: 0.
Starting test testRemoveHost(org.jclouds.openstack.nova.v2_0.extensions.HostAggregateApiExpectTest)
[pool-23-thread-1] Test testAddHost(org.jclouds.openstack.nova.v2_0.extensions.HostAggregateApiExpectTest) succeeded: 524ms
Test suite progress: tests succeeded: 169, failed: 0, skipped: 0.
Starting test testSetMetadata(org.jclouds.openstack.nova.v2_0.extensions.HostAggregateApiExpectTest)
[pool-23-thread-2] Test testCreateAggregate(org.jclouds.openstack.nova.v2_0.extensions.HostAggregateApiExpectTest) succeeded: 500ms
Test suite progress: tests succeeded: 170, failed: 0, skipped: 0.
Starting test testUpdateAvailabilityZone(org.jclouds.openstack.nova.v2_0.extensions.HostAggregateApiExpectTest)
[pool-23-thread-1] Test testSetMetadata(org.jclouds.openstack.nova.v2_0.extensions.HostAggregateApiExpectTest) succeeded: 449ms
Test suite progress: tests succeeded: 171, failed: 0, skipped: 0.
Starting test testUpdateName(org.jclouds.openstack.nova.v2_0.extensions.HostAggregateApiExpectTest)
[pool-23-thread-2] Test testUpdateAvailabilityZone(org.jclouds.openstack.nova.v2_0.extensions.HostAggregateApiExpectTest) succeeded: 445ms
Test suite progress: tests succeeded: 172, failed: 0, skipped: 0.
[pool-23-thread-4] Test testGetFailNotFound(org.jclouds.openstack.nova.v2_0.extensions.HostAggregateApiExpectTest) succeeded: 533ms
Test suite progress: tests succeeded: 173, failed: 0, skipped: 0.
[pool-23-thread-5] Test testRemoveHost(org.jclouds.openstack.nova.v2_0.extensions.HostAggregateApiExpectTest) succeeded: 572ms
Test suite progress: tests succeeded: 174, failed: 0, skipped: 0.
[pool-23-thread-3] Test testList(org.jclouds.openstack.nova.v2_0.extensions.HostAggregateApiExpectTest) succeeded: 598ms
Test suite progress: tests succeeded: 175, failed: 0, skipped: 0.
[pool-23-thread-1] Test testUpdateName(org.jclouds.openstack.nova.v2_0.extensions.HostAggregateApiExpectTest) succeeded: 142ms
Test suite progress: tests succeeded: 176, failed: 0, skipped: 0.
Starting test testCreateKeyPair(org.jclouds.openstack.nova.v2_0.extensions.KeyPairApiExpectTest)
Starting test testCreateKeyPairWithPublicKey(org.jclouds.openstack.nova.v2_0.extensions.KeyPairApiExpectTest)
Starting test testDeleteKeyPair(org.jclouds.openstack.nova.v2_0.extensions.KeyPairApiExpectTest)
Starting test testListKeyPairsWhenResponseIs2xx(org.jclouds.openstack.nova.v2_0.extensions.KeyPairApiExpectTest)
Starting test testListKeyPairsWhenResponseIs404(org.jclouds.openstack.nova.v2_0.extensions.KeyPairApiExpectTest)
[pool-24-thread-3] Test testDeleteKeyPair(org.jclouds.openstack.nova.v2_0.extensions.KeyPairApiExpectTest) succeeded: 370ms
Test suite progress: tests succeeded: 177, failed: 0, skipped: 0.
[pool-24-thread-1] Test testCreateKeyPair(org.jclouds.openstack.nova.v2_0.extensions.KeyPairApiExpectTest) succeeded: 576ms
Test suite progress: tests succeeded: 178, failed: 0, skipped: 0.
[pool-24-thread-2] Test testCreateKeyPairWithPublicKey(org.jclouds.openstack.nova.v2_0.extensions.KeyPairApiExpectTest) succeeded: 557ms
Test suite progress: tests succeeded: 179, failed: 0, skipped: 0.
[pool-24-thread-4] Test testListKeyPairsWhenResponseIs2xx(org.jclouds.openstack.nova.v2_0.extensions.KeyPairApiExpectTest) succeeded: 564ms
Test suite progress: tests succeeded: 180, failed: 0, skipped: 0.
[pool-24-thread-5] Test testListKeyPairsWhenResponseIs404(org.jclouds.openstack.nova.v2_0.extensions.KeyPairApiExpectTest) succeeded: 537ms
Test suite progress: tests succeeded: 181, failed: 0, skipped: 0.
Starting test testGetDefaultQuotas(org.jclouds.openstack.nova.v2_0.extensions.QuotaApiExpectTest)
Starting test testGetDefaultQuotasFailsTenantNotFound(org.jclouds.openstack.nova.v2_0.extensions.QuotaApiExpectTest)
Starting test testGetQuotas(org.jclouds.openstack.nova.v2_0.extensions.QuotaApiExpectTest)
Starting test testGetQuotasFailsTenantNotFound(org.jclouds.openstack.nova.v2_0.extensions.QuotaApiExpectTest)
Starting test testUpdateQuotas(org.jclouds.openstack.nova.v2_0.extensions.QuotaApiExpectTest)
[pool-25-thread-1] Test testGetDefaultQuotas(org.jclouds.openstack.nova.v2_0.extensions.QuotaApiExpectTest) succeeded: 571ms
Test suite progress: tests succeeded: 182, failed: 0, skipped: 0.
Starting test testUpdateQuotasFailsNotFound(org.jclouds.openstack.nova.v2_0.extensions.QuotaApiExpectTest)
[pool-25-thread-5] Test testUpdateQuotas(org.jclouds.openstack.nova.v2_0.extensions.QuotaApiExpectTest) succeeded: 527ms
Test suite progress: tests succeeded: 183, failed: 0, skipped: 0.
[pool-25-thread-2] Test testGetDefaultQuotasFailsTenantNotFound(org.jclouds.openstack.nova.v2_0.extensions.QuotaApiExpectTest) succeeded: 611ms
Test suite progress: tests succeeded: 184, failed: 0, skipped: 0.
[pool-25-thread-3] Test testGetQuotas(org.jclouds.openstack.nova.v2_0.extensions.QuotaApiExpectTest) succeeded: 556ms
Test suite progress: tests succeeded: 185, failed: 0, skipped: 0.
[pool-25-thread-4] Test testGetQuotasFailsTenantNotFound(org.jclouds.openstack.nova.v2_0.extensions.QuotaApiExpectTest) succeeded: 618ms
Test suite progress: tests succeeded: 186, failed: 0, skipped: 0.
[pool-25-thread-1] Test testUpdateQuotasFailsNotFound(org.jclouds.openstack.nova.v2_0.extensions.QuotaApiExpectTest) succeeded: 280ms
Test suite progress: tests succeeded: 187, failed: 0, skipped: 0.
Starting test testGetQuotas(org.jclouds.openstack.nova.v2_0.extensions.QuotaClassApiExpectTest)
Starting test testGetQuotasFailsTenantNotFound(org.jclouds.openstack.nova.v2_0.extensions.QuotaClassApiExpectTest)
Starting test testUpdateQuotas(org.jclouds.openstack.nova.v2_0.extensions.QuotaClassApiExpectTest)
Starting test testUpdateQuotasFailsNotFound(org.jclouds.openstack.nova.v2_0.extensions.QuotaClassApiExpectTest)
[pool-26-thread-4] Test testUpdateQuotasFailsNotFound(org.jclouds.openstack.nova.v2_0.extensions.QuotaClassApiExpectTest) succeeded: 427ms
Test suite progress: tests succeeded: 188, failed: 0, skipped: 0.
[pool-26-thread-1] Test testGetQuotas(org.jclouds.openstack.nova.v2_0.extensions.QuotaClassApiExpectTest) succeeded: 486ms
Test suite progress: tests succeeded: 189, failed: 0, skipped: 0.
[pool-26-thread-2] Test testGetQuotasFailsTenantNotFound(org.jclouds.openstack.nova.v2_0.extensions.QuotaClassApiExpectTest) succeeded: 453ms
Test suite progress: tests succeeded: 190, failed: 0, skipped: 0.
[pool-26-thread-3] Test testUpdateQuotas(org.jclouds.openstack.nova.v2_0.extensions.QuotaClassApiExpectTest) succeeded: 460ms
Test suite progress: tests succeeded: 191, failed: 0, skipped: 0.
Starting test testCreateSecurityGroupRuleForCidrBlockWhenResponseIs2xx(org.jclouds.openstack.nova.v2_0.extensions.SecurityGroupApiExpectTest)
Starting test testCreateSecurityGroupRuleForSecurityGroupIdWhenResponseIs2xx(org.jclouds.openstack.nova.v2_0.extensions.SecurityGroupApiExpectTest)
Starting test testCreateSecurityGroupWhenResponseIs2xx(org.jclouds.openstack.nova.v2_0.extensions.SecurityGroupApiExpectTest)
Starting test testDeleteSecurityGroupWhenResponseIs2xx(org.jclouds.openstack.nova.v2_0.extensions.SecurityGroupApiExpectTest)
Starting test testDeleteSecurityGroupRuleWhenResponseIs2xx(org.jclouds.openstack.nova.v2_0.extensions.SecurityGroupApiExpectTest)
[pool-27-thread-1] Test testCreateSecurityGroupRuleForCidrBlockWhenResponseIs2xx(org.jclouds.openstack.nova.v2_0.extensions.SecurityGroupApiExpectTest) succeeded: 481ms
Test suite progress: tests succeeded: 192, failed: 0, skipped: 0.
Starting test testGetSecurityGroupWhenResponseIs2xx(org.jclouds.openstack.nova.v2_0.extensions.SecurityGroupApiExpectTest)
[pool-27-thread-5] Test testDeleteSecurityGroupWhenResponseIs2xx(org.jclouds.openstack.nova.v2_0.extensions.SecurityGroupApiExpectTest) succeeded: 474ms
Test suite progress: tests succeeded: 193, failed: 0, skipped: 0.
Starting test testGetSecurityGroupWhenResponseIs404(org.jclouds.openstack.nova.v2_0.extensions.SecurityGroupApiExpectTest)
[pool-27-thread-3] Test testCreateSecurityGroupWhenResponseIs2xx(org.jclouds.openstack.nova.v2_0.extensions.SecurityGroupApiExpectTest) succeeded: 481ms
Test suite progress: tests succeeded: 194, failed: 0, skipped: 0.
Starting test testListSecurityGroupsWhenReponseIs404IsEmpty(org.jclouds.openstack.nova.v2_0.extensions.SecurityGroupApiExpectTest)
[pool-27-thread-2] Test testCreateSecurityGroupRuleForSecurityGroupIdWhenResponseIs2xx(org.jclouds.openstack.nova.v2_0.extensions.SecurityGroupApiExpectTest) succeeded: 488ms
Test suite progress: tests succeeded: 195, failed: 0, skipped: 0.
Starting test testListSecurityGroupsWhenResponseIs2xx(org.jclouds.openstack.nova.v2_0.extensions.SecurityGroupApiExpectTest)
[pool-27-thread-4] Test testDeleteSecurityGroupRuleWhenResponseIs2xx(org.jclouds.openstack.nova.v2_0.extensions.SecurityGroupApiExpectTest) succeeded: 493ms
Test suite progress: tests succeeded: 196, failed: 0, skipped: 0.
[pool-27-thread-1] Test testGetSecurityGroupWhenResponseIs2xx(org.jclouds.openstack.nova.v2_0.extensions.SecurityGroupApiExpectTest) succeeded: 374ms
Test suite progress: tests succeeded: 197, failed: 0, skipped: 0.
[pool-27-thread-5] Test testGetSecurityGroupWhenResponseIs404(org.jclouds.openstack.nova.v2_0.extensions.SecurityGroupApiExpectTest) succeeded: 359ms
Test suite progress: tests succeeded: 198, failed: 0, skipped: 0.
[pool-27-thread-3] Test testListSecurityGroupsWhenReponseIs404IsEmpty(org.jclouds.openstack.nova.v2_0.extensions.SecurityGroupApiExpectTest) succeeded: 397ms
Test suite progress: tests succeeded: 199, failed: 0, skipped: 0.
[pool-27-thread-2] Test testListSecurityGroupsWhenResponseIs2xx(org.jclouds.openstack.nova.v2_0.extensions.SecurityGroupApiExpectTest) succeeded: 413ms
Test suite progress: tests succeeded: 200, failed: 0, skipped: 0.
Starting test testGetServerWithSecurityGroups(org.jclouds.openstack.nova.v2_0.extensions.ServerWithSecurityGroupsApiExpectTest)
Starting test testGetServerWithSecurityGroupsFailNotFound(org.jclouds.openstack.nova.v2_0.extensions.ServerWithSecurityGroupsApiExpectTest)
[pool-28-thread-2] Test testGetServerWithSecurityGroupsFailNotFound(org.jclouds.openstack.nova.v2_0.extensions.ServerWithSecurityGroupsApiExpectTest) succeeded: 132ms
Test suite progress: tests succeeded: 201, failed: 0, skipped: 0.
[pool-28-thread-1] Test testGetServerWithSecurityGroups(org.jclouds.openstack.nova.v2_0.extensions.ServerWithSecurityGroupsApiExpectTest) succeeded: 169ms
Test suite progress: tests succeeded: 202, failed: 0, skipped: 0.
Starting test testGet(org.jclouds.openstack.nova.v2_0.extensions.SimpleTenantUsageApiExpectTest)
Starting test testList(org.jclouds.openstack.nova.v2_0.extensions.SimpleTenantUsageApiExpectTest)
[pool-29-thread-2] Test testList(org.jclouds.openstack.nova.v2_0.extensions.SimpleTenantUsageApiExpectTest) succeeded: 95ms
Test suite progress: tests succeeded: 203, failed: 0, skipped: 0.
[pool-29-thread-1] Test testGet(org.jclouds.openstack.nova.v2_0.extensions.SimpleTenantUsageApiExpectTest) succeeded: 113ms
Test suite progress: tests succeeded: 204, failed: 0, skipped: 0.
Starting test testListVirtualInterfaces(org.jclouds.openstack.nova.v2_0.extensions.VirtualInterfaceApiExpectTest)
Starting test testListVirtualInterfacesFailNotFound(org.jclouds.openstack.nova.v2_0.extensions.VirtualInterfaceApiExpectTest)
[pool-30-thread-1] Test testListVirtualInterfaces(org.jclouds.openstack.nova.v2_0.extensions.VirtualInterfaceApiExpectTest) succeeded: 81ms
Test suite progress: tests succeeded: 205, failed: 0, skipped: 0.
[pool-30-thread-2] Test testListVirtualInterfacesFailNotFound(org.jclouds.openstack.nova.v2_0.extensions.VirtualInterfaceApiExpectTest) succeeded: 92ms
Test suite progress: tests succeeded: 206, failed: 0, skipped: 0.
Starting test testAttachVolume(org.jclouds.openstack.nova.v2_0.extensions.VolumeApiExpectTest)
Starting test testAttachVolumeFail(org.jclouds.openstack.nova.v2_0.extensions.VolumeApiExpectTest)
Starting test testCreateSnapshotFail(org.jclouds.openstack.nova.v2_0.extensions.VolumeApiExpectTest)
Starting test testCreateSnapshot(org.jclouds.openstack.nova.v2_0.extensions.VolumeApiExpectTest)
Starting test testCreateVolume(org.jclouds.openstack.nova.v2_0.extensions.VolumeApiExpectTest)
[pool-31-thread-3] Test testCreateSnapshot(org.jclouds.openstack.nova.v2_0.extensions.VolumeApiExpectTest) succeeded: 238ms
Test suite progress: tests succeeded: 207, failed: 0, skipped: 0.
Starting test testCreateVolumeFail(org.jclouds.openstack.nova.v2_0.extensions.VolumeApiExpectTest)
[pool-31-thread-2] Test testAttachVolumeFail(org.jclouds.openstack.nova.v2_0.extensions.VolumeApiExpectTest) succeeded: 262ms
Test suite progress: tests succeeded: 208, failed: 0, skipped: 0.
Starting test testDeleteSnapshot(org.jclouds.openstack.nova.v2_0.extensions.VolumeApiExpectTest)
[pool-31-thread-1] Test testAttachVolume(org.jclouds.openstack.nova.v2_0.extensions.VolumeApiExpectTest) succeeded: 323ms
Test suite progress: tests succeeded: 209, failed: 0, skipped: 0.
Starting test testDeleteSnapshotFail(org.jclouds.openstack.nova.v2_0.extensions.VolumeApiExpectTest)
[pool-31-thread-4] Test testCreateSnapshotFail(org.jclouds.openstack.nova.v2_0.extensions.VolumeApiExpectTest) succeeded: 370ms
Test suite progress: tests succeeded: 210, failed: 0, skipped: 0.
Starting test testDeleteVolume(org.jclouds.openstack.nova.v2_0.extensions.VolumeApiExpectTest)
[pool-31-thread-5] Test testCreateVolume(org.jclouds.openstack.nova.v2_0.extensions.VolumeApiExpectTest) succeeded: 392ms
Test suite progress: tests succeeded: 211, failed: 0, skipped: 0.
Starting test testDeleteVolumeFail(org.jclouds.openstack.nova.v2_0.extensions.VolumeApiExpectTest)
[pool-31-thread-3] Test testCreateVolumeFail(org.jclouds.openstack.nova.v2_0.extensions.VolumeApiExpectTest) succeeded: 300ms
Test suite progress: tests succeeded: 212, failed: 0, skipped: 0.
Starting test testDetachVolume(org.jclouds.openstack.nova.v2_0.extensions.VolumeApiExpectTest)
[pool-31-thread-2] Test testDeleteSnapshot(org.jclouds.openstack.nova.v2_0.extensions.VolumeApiExpectTest) succeeded: 379ms
Test suite progress: tests succeeded: 213, failed: 0, skipped: 0.
Starting test testDetachVolumeFail(org.jclouds.openstack.nova.v2_0.extensions.VolumeApiExpectTest)
[pool-31-thread-1] Test testDeleteSnapshotFail(org.jclouds.openstack.nova.v2_0.extensions.VolumeApiExpectTest) succeeded: 350ms
Test suite progress: tests succeeded: 214, failed: 0, skipped: 0.
Starting test testGetAttachment(org.jclouds.openstack.nova.v2_0.extensions.VolumeApiExpectTest)
[pool-31-thread-4] Test testDeleteVolume(org.jclouds.openstack.nova.v2_0.extensions.VolumeApiExpectTest) succeeded: 305ms
Test suite progress: tests succeeded: 215, failed: 0, skipped: 0.
Starting test testGetAttachmentFail(org.jclouds.openstack.nova.v2_0.extensions.VolumeApiExpectTest)
[pool-31-thread-5] Test testDeleteVolumeFail(org.jclouds.openstack.nova.v2_0.extensions.VolumeApiExpectTest) succeeded: 345ms
Test suite progress: tests succeeded: 216, failed: 0, skipped: 0.
Starting test testGetSnapshot(org.jclouds.openstack.nova.v2_0.extensions.VolumeApiExpectTest)
[pool-31-thread-2] Test testDetachVolumeFail(org.jclouds.openstack.nova.v2_0.extensions.VolumeApiExpectTest) succeeded: 222ms
Test suite progress: tests succeeded: 217, failed: 0, skipped: 0.
Starting test testGetSnapshotFail(org.jclouds.openstack.nova.v2_0.extensions.VolumeApiExpectTest)
[pool-31-thread-3] Test testDetachVolume(org.jclouds.openstack.nova.v2_0.extensions.VolumeApiExpectTest) succeeded: 328ms
Test suite progress: tests succeeded: 218, failed: 0, skipped: 0.
Starting test testGetVolume(org.jclouds.openstack.nova.v2_0.extensions.VolumeApiExpectTest)
[pool-31-thread-1] Test testGetAttachment(org.jclouds.openstack.nova.v2_0.extensions.VolumeApiExpectTest) succeeded: 265ms
Test suite progress: tests succeeded: 219, failed: 0, skipped: 0.
Starting test testGetVolumeFail(org.jclouds.openstack.nova.v2_0.extensions.VolumeApiExpectTest)
[pool-31-thread-4] Test testGetAttachmentFail(org.jclouds.openstack.nova.v2_0.extensions.VolumeApiExpectTest) succeeded: 323ms
Test suite progress: tests succeeded: 220, failed: 0, skipped: 0.
Starting test testListAttachments(org.jclouds.openstack.nova.v2_0.extensions.VolumeApiExpectTest)
[pool-31-thread-5] Test testGetSnapshot(org.jclouds.openstack.nova.v2_0.extensions.VolumeApiExpectTest) succeeded: 401ms
Test suite progress: tests succeeded: 221, failed: 0, skipped: 0.
Starting test testListAttachmentsFail(org.jclouds.openstack.nova.v2_0.extensions.VolumeApiExpectTest)
[pool-31-thread-2] Test testGetSnapshotFail(org.jclouds.openstack.nova.v2_0.extensions.VolumeApiExpectTest) succeeded: 377ms
Test suite progress: tests succeeded: 222, failed: 0, skipped: 0.
Starting test testListSnapshots(org.jclouds.openstack.nova.v2_0.extensions.VolumeApiExpectTest)
[pool-31-thread-4] Test testListAttachments(org.jclouds.openstack.nova.v2_0.extensions.VolumeApiExpectTest) succeeded: 314ms
Test suite progress: tests succeeded: 223, failed: 0, skipped: 0.
Starting test testListSnapshotsFail(org.jclouds.openstack.nova.v2_0.extensions.VolumeApiExpectTest)
[pool-31-thread-1] Test testGetVolumeFail(org.jclouds.openstack.nova.v2_0.extensions.VolumeApiExpectTest) succeeded: 356ms
Test suite progress: tests succeeded: 224, failed: 0, skipped: 0.
Starting test testListSnapshotsInDetail(org.jclouds.openstack.nova.v2_0.extensions.VolumeApiExpectTest)
[pool-31-thread-3] Test testGetVolume(org.jclouds.openstack.nova.v2_0.extensions.VolumeApiExpectTest) succeeded: 585ms
Test suite progress: tests succeeded: 225, failed: 0, skipped: 0.
Starting test testListSnapshotsInDetailFail(org.jclouds.openstack.nova.v2_0.extensions.VolumeApiExpectTest)
[pool-31-thread-1] Test testListSnapshotsInDetail(org.jclouds.openstack.nova.v2_0.extensions.VolumeApiExpectTest) succeeded: 295ms
Test suite progress: tests succeeded: 226, failed: 0, skipped: 0.
Starting test testListVolumes(org.jclouds.openstack.nova.v2_0.extensions.VolumeApiExpectTest)
[pool-31-thread-5] Test testListAttachmentsFail(org.jclouds.openstack.nova.v2_0.extensions.VolumeApiExpectTest) succeeded: 505ms
Test suite progress: tests succeeded: 227, failed: 0, skipped: 0.
Starting test testListVolumesFail(org.jclouds.openstack.nova.v2_0.extensions.VolumeApiExpectTest)
[pool-31-thread-2] Test testListSnapshots(org.jclouds.openstack.nova.v2_0.extensions.VolumeApiExpectTest) succeeded: 436ms
Test suite progress: tests succeeded: 228, failed: 0, skipped: 0.
Starting test testListVolumesInDetail(org.jclouds.openstack.nova.v2_0.extensions.VolumeApiExpectTest)
[pool-31-thread-4] Test testListSnapshotsFail(org.jclouds.openstack.nova.v2_0.extensions.VolumeApiExpectTest) succeeded: 426ms
Test suite progress: tests succeeded: 229, failed: 0, skipped: 0.
Starting test testListVolumesInDetailFail(org.jclouds.openstack.nova.v2_0.extensions.VolumeApiExpectTest)
[pool-31-thread-3] Test testListSnapshotsInDetailFail(org.jclouds.openstack.nova.v2_0.extensions.VolumeApiExpectTest) succeeded: 303ms
Test suite progress: tests succeeded: 230, failed: 0, skipped: 0.
[pool-31-thread-5] Test testListVolumesFail(org.jclouds.openstack.nova.v2_0.extensions.VolumeApiExpectTest) succeeded: 233ms
Test suite progress: tests succeeded: 231, failed: 0, skipped: 0.
[pool-31-thread-1] Test testListVolumes(org.jclouds.openstack.nova.v2_0.extensions.VolumeApiExpectTest) succeeded: 289ms
Test suite progress: tests succeeded: 232, failed: 0, skipped: 0.
[pool-31-thread-2] Test testListVolumesInDetail(org.jclouds.openstack.nova.v2_0.extensions.VolumeApiExpectTest) succeeded: 302ms
Test suite progress: tests succeeded: 233, failed: 0, skipped: 0.
[pool-31-thread-4] Test testListVolumesInDetailFail(org.jclouds.openstack.nova.v2_0.extensions.VolumeApiExpectTest) succeeded: 235ms
Test suite progress: tests succeeded: 234, failed: 0, skipped: 0.
Starting test testAttachVolume(org.jclouds.openstack.nova.v2_0.extensions.VolumeAttachmentApiExpectTest)
Starting test testDetachVolumeFail(org.jclouds.openstack.nova.v2_0.extensions.VolumeAttachmentApiExpectTest)
Starting test testAttachVolumeFail(org.jclouds.openstack.nova.v2_0.extensions.VolumeAttachmentApiExpectTest)
Starting test testDetachVolume(org.jclouds.openstack.nova.v2_0.extensions.VolumeAttachmentApiExpectTest)
Starting test testGetAttachment(org.jclouds.openstack.nova.v2_0.extensions.VolumeAttachmentApiExpectTest)
[pool-32-thread-1] Test testAttachVolume(org.jclouds.openstack.nova.v2_0.extensions.VolumeAttachmentApiExpectTest) succeeded: 221ms
Test suite progress: tests succeeded: 235, failed: 0, skipped: 0.
Starting test testGetAttachmentFail(org.jclouds.openstack.nova.v2_0.extensions.VolumeAttachmentApiExpectTest)
[pool-32-thread-5] Test testGetAttachment(org.jclouds.openstack.nova.v2_0.extensions.VolumeAttachmentApiExpectTest) succeeded: 237ms
Test suite progress: tests succeeded: 236, failed: 0, skipped: 0.
Starting test testListAttachments(org.jclouds.openstack.nova.v2_0.extensions.VolumeAttachmentApiExpectTest)
[pool-32-thread-2] Test testAttachVolumeFail(org.jclouds.openstack.nova.v2_0.extensions.VolumeAttachmentApiExpectTest) succeeded: 248ms
Test suite progress: tests succeeded: 237, failed: 0, skipped: 0.
Starting test testListAttachmentsFail(org.jclouds.openstack.nova.v2_0.extensions.VolumeAttachmentApiExpectTest)
[pool-32-thread-3] Test testDetachVolume(org.jclouds.openstack.nova.v2_0.extensions.VolumeAttachmentApiExpectTest) succeeded: 265ms
Test suite progress: tests succeeded: 238, failed: 0, skipped: 0.
[pool-32-thread-4] Test testDetachVolumeFail(org.jclouds.openstack.nova.v2_0.extensions.VolumeAttachmentApiExpectTest) succeeded: 299ms
Test suite progress: tests succeeded: 239, failed: 0, skipped: 0.
[pool-32-thread-1] Test testGetAttachmentFail(org.jclouds.openstack.nova.v2_0.extensions.VolumeAttachmentApiExpectTest) succeeded: 236ms
Test suite progress: tests succeeded: 240, failed: 0, skipped: 0.
[pool-32-thread-5] Test testListAttachments(org.jclouds.openstack.nova.v2_0.extensions.VolumeAttachmentApiExpectTest) succeeded: 213ms
Test suite progress: tests succeeded: 241, failed: 0, skipped: 0.
[pool-32-thread-2] Test testListAttachmentsFail(org.jclouds.openstack.nova.v2_0.extensions.VolumeAttachmentApiExpectTest) succeeded: 197ms
Test suite progress: tests succeeded: 242, failed: 0, skipped: 0.
Starting test testCreateVolumeType(org.jclouds.openstack.nova.v2_0.extensions.VolumeTypeApiExpectTest)
Starting test testCreateVolumeTypeWithOptsNONE(org.jclouds.openstack.nova.v2_0.extensions.VolumeTypeApiExpectTest)
Starting test testDeleteExtraSpec(org.jclouds.openstack.nova.v2_0.extensions.VolumeTypeApiExpectTest)
Starting test testDeleteExtraSpecFailNotFound(org.jclouds.openstack.nova.v2_0.extensions.VolumeTypeApiExpectTest)
Starting test testCreateVolumeTypeWithOptsSet(org.jclouds.openstack.nova.v2_0.extensions.VolumeTypeApiExpectTest)
[pool-33-thread-1] Test testCreateVolumeType(org.jclouds.openstack.nova.v2_0.extensions.VolumeTypeApiExpectTest) succeeded: 292ms
Test suite progress: tests succeeded: 243, failed: 0, skipped: 0.
Starting test testDeleteVolumeType(org.jclouds.openstack.nova.v2_0.extensions.VolumeTypeApiExpectTest)
[pool-33-thread-2] Test testCreateVolumeTypeWithOptsNONE(org.jclouds.openstack.nova.v2_0.extensions.VolumeTypeApiExpectTest) succeeded: 382ms
Test suite progress: tests succeeded: 244, failed: 0, skipped: 0.
Starting test testDeleteVolumeTypeFailNotFound(org.jclouds.openstack.nova.v2_0.extensions.VolumeTypeApiExpectTest)
[pool-33-thread-4] Test testDeleteExtraSpec(org.jclouds.openstack.nova.v2_0.extensions.VolumeTypeApiExpectTest) succeeded: 393ms
Test suite progress: tests succeeded: 245, failed: 0, skipped: 0.
Starting test testGetAllExtraSpecs(org.jclouds.openstack.nova.v2_0.extensions.VolumeTypeApiExpectTest)
[pool-33-thread-3] Test testCreateVolumeTypeWithOptsSet(org.jclouds.openstack.nova.v2_0.extensions.VolumeTypeApiExpectTest) succeeded: 383ms
Test suite progress: tests succeeded: 246, failed: 0, skipped: 0.
Starting test testGetAllExtraSpecsFailNotFound(org.jclouds.openstack.nova.v2_0.extensions.VolumeTypeApiExpectTest)
[pool-33-thread-5] Test testDeleteExtraSpecFailNotFound(org.jclouds.openstack.nova.v2_0.extensions.VolumeTypeApiExpectTest) succeeded: 415ms
Test suite progress: tests succeeded: 247, failed: 0, skipped: 0.
Starting test testGetExtraSpec(org.jclouds.openstack.nova.v2_0.extensions.VolumeTypeApiExpectTest)
[pool-33-thread-1] Test testDeleteVolumeType(org.jclouds.openstack.nova.v2_0.extensions.VolumeTypeApiExpectTest) succeeded: 429ms
Test suite progress: tests succeeded: 248, failed: 0, skipped: 0.
Starting test testGetExtraSpecFailNotFound(org.jclouds.openstack.nova.v2_0.extensions.VolumeTypeApiExpectTest)
[pool-33-thread-2] Test testDeleteVolumeTypeFailNotFound(org.jclouds.openstack.nova.v2_0.extensions.VolumeTypeApiExpectTest) succeeded: 335ms
Test suite progress: tests succeeded: 249, failed: 0, skipped: 0.
Starting test testGetVolumeType(org.jclouds.openstack.nova.v2_0.extensions.VolumeTypeApiExpectTest)
[pool-33-thread-3] Test testGetAllExtraSpecsFailNotFound(org.jclouds.openstack.nova.v2_0.extensions.VolumeTypeApiExpectTest) succeeded: 322ms
Test suite progress: tests succeeded: 250, failed: 0, skipped: 0.
Starting test testGetVolumeTypeFailNotFound(org.jclouds.openstack.nova.v2_0.extensions.VolumeTypeApiExpectTest)
[pool-33-thread-5] Test testGetExtraSpec(org.jclouds.openstack.nova.v2_0.extensions.VolumeTypeApiExpectTest) succeeded: 404ms
Test suite progress: tests succeeded: 251, failed: 0, skipped: 0.
Starting test testListVolumeTypes(org.jclouds.openstack.nova.v2_0.extensions.VolumeTypeApiExpectTest)
[pool-33-thread-4] Test testGetAllExtraSpecs(org.jclouds.openstack.nova.v2_0.extensions.VolumeTypeApiExpectTest) succeeded: 457ms
Test suite progress: tests succeeded: 252, failed: 0, skipped: 0.
Starting test testSetAllExtraSpecs(org.jclouds.openstack.nova.v2_0.extensions.VolumeTypeApiExpectTest)
[pool-33-thread-1] Test testGetExtraSpecFailNotFound(org.jclouds.openstack.nova.v2_0.extensions.VolumeTypeApiExpectTest) succeeded: 436ms
Test suite progress: tests succeeded: 253, failed: 0, skipped: 0.
Starting test testSetExtraSpec(org.jclouds.openstack.nova.v2_0.extensions.VolumeTypeApiExpectTest)
[pool-33-thread-2] Test testGetVolumeType(org.jclouds.openstack.nova.v2_0.extensions.VolumeTypeApiExpectTest) succeeded: 437ms
Test suite progress: tests succeeded: 254, failed: 0, skipped: 0.
[pool-33-thread-3] Test testGetVolumeTypeFailNotFound(org.jclouds.openstack.nova.v2_0.extensions.VolumeTypeApiExpectTest) succeeded: 429ms
Test suite progress: tests succeeded: 255, failed: 0, skipped: 0.
[pool-33-thread-4] Test testSetAllExtraSpecs(org.jclouds.openstack.nova.v2_0.extensions.VolumeTypeApiExpectTest) succeeded: 334ms
Test suite progress: tests succeeded: 256, failed: 0, skipped: 0.
[pool-33-thread-5] Test testListVolumeTypes(org.jclouds.openstack.nova.v2_0.extensions.VolumeTypeApiExpectTest) succeeded: 362ms
Test suite progress: tests succeeded: 257, failed: 0, skipped: 0.
[pool-33-thread-1] Test testSetExtraSpec(org.jclouds.openstack.nova.v2_0.extensions.VolumeTypeApiExpectTest) succeeded: 158ms
Test suite progress: tests succeeded: 258, failed: 0, skipped: 0.
Starting test testGetExtensionByAliasWhenResponseIs2xx(org.jclouds.openstack.nova.v2_0.features.ExtensionApiExpectTest)
Starting test testGetExtensionByAliasWhenResponseIs404(org.jclouds.openstack.nova.v2_0.features.ExtensionApiExpectTest)
Starting test testListExtensionsWhenReponseIs404IsEmpty(org.jclouds.openstack.nova.v2_0.features.ExtensionApiExpectTest)
Starting test testListExtensionsWhenResponseIs2xx(org.jclouds.openstack.nova.v2_0.features.ExtensionApiExpectTest)
[pool-34-thread-1] Test testGetExtensionByAliasWhenResponseIs2xx(org.jclouds.openstack.nova.v2_0.features.ExtensionApiExpectTest) succeeded: 129ms
Test suite progress: tests succeeded: 259, failed: 0, skipped: 0.
[pool-34-thread-2] Test testGetExtensionByAliasWhenResponseIs404(org.jclouds.openstack.nova.v2_0.features.ExtensionApiExpectTest) succeeded: 189ms
Test suite progress: tests succeeded: 260, failed: 0, skipped: 0.
[pool-34-thread-3] Test testListExtensionsWhenReponseIs404IsEmpty(org.jclouds.openstack.nova.v2_0.features.ExtensionApiExpectTest) succeeded: 195ms
Test suite progress: tests succeeded: 261, failed: 0, skipped: 0.
[pool-34-thread-4] Test testListExtensionsWhenResponseIs2xx(org.jclouds.openstack.nova.v2_0.features.ExtensionApiExpectTest) succeeded: 213ms
Test suite progress: tests succeeded: 262, failed: 0, skipped: 0.
Starting test testCreateFlavor200(org.jclouds.openstack.nova.v2_0.features.FlavorApiExpectTest)
Starting test testDeleteFlavor202(org.jclouds.openstack.nova.v2_0.features.FlavorApiExpectTest)
Starting test testListFlavorsWhenReponseIs404IsEmpty(org.jclouds.openstack.nova.v2_0.features.FlavorApiExpectTest)
Starting test testGetFlavorWhenResponseIs404(org.jclouds.openstack.nova.v2_0.features.FlavorApiExpectTest)
Starting test testGetFlavorWhenResponseIs2xx(org.jclouds.openstack.nova.v2_0.features.FlavorApiExpectTest)
[pool-35-thread-1] Test testCreateFlavor200(org.jclouds.openstack.nova.v2_0.features.FlavorApiExpectTest) succeeded: 303ms
Test suite progress: tests succeeded: 263, failed: 0, skipped: 0.
Starting test testListFlavorsWhenResponseIs2xx(org.jclouds.openstack.nova.v2_0.features.FlavorApiExpectTest)
[pool-35-thread-2] Test testDeleteFlavor202(org.jclouds.openstack.nova.v2_0.features.FlavorApiExpectTest) succeeded: 347ms
Test suite progress: tests succeeded: 264, failed: 0, skipped: 0.
[pool-35-thread-5] Test testListFlavorsWhenReponseIs404IsEmpty(org.jclouds.openstack.nova.v2_0.features.FlavorApiExpectTest) succeeded: 346ms
Test suite progress: tests succeeded: 265, failed: 0, skipped: 0.
[pool-35-thread-4] Test testGetFlavorWhenResponseIs404(org.jclouds.openstack.nova.v2_0.features.FlavorApiExpectTest) succeeded: 361ms
Test suite progress: tests succeeded: 266, failed: 0, skipped: 0.
[pool-35-thread-3] Test testGetFlavorWhenResponseIs2xx(org.jclouds.openstack.nova.v2_0.features.FlavorApiExpectTest) succeeded: 359ms
Test suite progress: tests succeeded: 267, failed: 0, skipped: 0.
[pool-35-thread-1] Test testListFlavorsWhenResponseIs2xx(org.jclouds.openstack.nova.v2_0.features.FlavorApiExpectTest) succeeded: 174ms
Test suite progress: tests succeeded: 268, failed: 0, skipped: 0.
Starting test testDeleteMetadataItemWhenResponseIs2xx(org.jclouds.openstack.nova.v2_0.features.ImageApiExpectTest)
Starting test testDeleteMetadataItemWhenResponseIs404(org.jclouds.openstack.nova.v2_0.features.ImageApiExpectTest)
Starting test testGetImageWhenResponseIs2xx(org.jclouds.openstack.nova.v2_0.features.ImageApiExpectTest)
Starting test testGetImageWhenResponseIs404(org.jclouds.openstack.nova.v2_0.features.ImageApiExpectTest)
Starting test testGetMetadataItemWhenResponseIs2xx(org.jclouds.openstack.nova.v2_0.features.ImageApiExpectTest)
[pool-36-thread-4] Test testGetImageWhenResponseIs404(org.jclouds.openstack.nova.v2_0.features.ImageApiExpectTest) succeeded: 270ms
Test suite progress: tests succeeded: 269, failed: 0, skipped: 0.
[pool-36-thread-3] Test testGetImageWhenResponseIs2xx(org.jclouds.openstack.nova.v2_0.features.ImageApiExpectTest) succeeded: 274ms
Test suite progress: tests succeeded: 270, failed: 0, skipped: 0.
[pool-36-thread-2] Test testDeleteMetadataItemWhenResponseIs404(org.jclouds.openstack.nova.v2_0.features.ImageApiExpectTest) succeeded: 275ms
Test suite progress: tests succeeded: 271, failed: 0, skipped: 0.
Starting test testListImagesWhenResponseIs2xx(org.jclouds.openstack.nova.v2_0.features.ImageApiExpectTest)
Starting test testGetMetadataItemWhenResponseIs404(org.jclouds.openstack.nova.v2_0.features.ImageApiExpectTest)
Starting test testListImagesWhenReponseIs404IsEmpty(org.jclouds.openstack.nova.v2_0.features.ImageApiExpectTest)
[pool-36-thread-5] Test testGetMetadataItemWhenResponseIs2xx(org.jclouds.openstack.nova.v2_0.features.ImageApiExpectTest) succeeded: 360ms
Test suite progress: tests succeeded: 272, failed: 0, skipped: 0.
Starting test testListMetadataWhenResponseIs2xx(org.jclouds.openstack.nova.v2_0.features.ImageApiExpectTest)
[pool-36-thread-1] Test testDeleteMetadataItemWhenResponseIs2xx(org.jclouds.openstack.nova.v2_0.features.ImageApiExpectTest) succeeded: 384ms
Test suite progress: tests succeeded: 273, failed: 0, skipped: 0.
Starting test testListMetadataWhenResponseIs404(org.jclouds.openstack.nova.v2_0.features.ImageApiExpectTest)
[pool-36-thread-4] Test testGetMetadataItemWhenResponseIs404(org.jclouds.openstack.nova.v2_0.features.ImageApiExpectTest) succeeded: 204ms
Test suite progress: tests succeeded: 274, failed: 0, skipped: 0.
Starting test testSetMetadataItemWhenResponseIs2xx(org.jclouds.openstack.nova.v2_0.features.ImageApiExpectTest)
[pool-36-thread-2] Test testListImagesWhenResponseIs2xx(org.jclouds.openstack.nova.v2_0.features.ImageApiExpectTest) succeeded: 407ms
Test suite progress: tests succeeded: 275, failed: 0, skipped: 0.
[pool-36-thread-5] Test testListMetadataWhenResponseIs2xx(org.jclouds.openstack.nova.v2_0.features.ImageApiExpectTest) succeeded: 323ms
Test suite progress: tests succeeded: 276, failed: 0, skipped: 0.
Starting test testSetMetadataWhenResponseIs404(org.jclouds.openstack.nova.v2_0.features.ImageApiExpectTest)
Starting test testSetMetadataWhenResponseIs2xx(org.jclouds.openstack.nova.v2_0.features.ImageApiExpectTest)
[pool-36-thread-3] Test testListImagesWhenReponseIs404IsEmpty(org.jclouds.openstack.nova.v2_0.features.ImageApiExpectTest) succeeded: 391ms
Test suite progress: tests succeeded: 277, failed: 0, skipped: 0.
Starting test testUpdateMetadataWhenResponseIs2xx(org.jclouds.openstack.nova.v2_0.features.ImageApiExpectTest)
[pool-36-thread-1] Test testListMetadataWhenResponseIs404(org.jclouds.openstack.nova.v2_0.features.ImageApiExpectTest) succeeded: 388ms
Test suite progress: tests succeeded: 278, failed: 0, skipped: 0.
Starting test testUpdateMetadataWhenResponseIs404(org.jclouds.openstack.nova.v2_0.features.ImageApiExpectTest)
[pool-36-thread-2] Test testSetMetadataWhenResponseIs2xx(org.jclouds.openstack.nova.v2_0.features.ImageApiExpectTest) succeeded: 249ms
Test suite progress: tests succeeded: 279, failed: 0, skipped: 0.
[pool-36-thread-4] Test testSetMetadataItemWhenResponseIs2xx(org.jclouds.openstack.nova.v2_0.features.ImageApiExpectTest) succeeded: 457ms
Test suite progress: tests succeeded: 280, failed: 0, skipped: 0.
[pool-36-thread-3] Test testUpdateMetadataWhenResponseIs2xx(org.jclouds.openstack.nova.v2_0.features.ImageApiExpectTest) succeeded: 255ms
Test suite progress: tests succeeded: 281, failed: 0, skipped: 0.
[pool-36-thread-5] Test testSetMetadataWhenResponseIs404(org.jclouds.openstack.nova.v2_0.features.ImageApiExpectTest) succeeded: 307ms
Test suite progress: tests succeeded: 282, failed: 0, skipped: 0.
[pool-36-thread-1] Test testUpdateMetadataWhenResponseIs404(org.jclouds.openstack.nova.v2_0.features.ImageApiExpectTest) succeeded: 251ms
Test suite progress: tests succeeded: 283, failed: 0, skipped: 0.
Starting test testCreateImageWhenResponseIs2xx(org.jclouds.openstack.nova.v2_0.features.ServerApiExpectTest)
Starting test testCreateImageWhenResponseIs404IsEmpty(org.jclouds.openstack.nova.v2_0.features.ServerApiExpectTest)
Starting test testCreateServerWhenResponseIs202(org.jclouds.openstack.nova.v2_0.features.ServerApiExpectTest)
Starting test testCreateServerWithSecurityGroupsWhenResponseIs202(org.jclouds.openstack.nova.v2_0.features.ServerApiExpectTest)
Starting test testDeleteMetadataItemWhenResponseIs2xx(org.jclouds.openstack.nova.v2_0.features.ServerApiExpectTest)
[pool-37-thread-1] Test testCreateImageWhenResponseIs2xx(org.jclouds.openstack.nova.v2_0.features.ServerApiExpectTest) succeeded: 196ms
Test suite progress: tests succeeded: 284, failed: 0, skipped: 0.
Starting test testDeleteMetadataItemWhenResponseIs404(org.jclouds.openstack.nova.v2_0.features.ServerApiExpectTest)
[pool-37-thread-2] Test testCreateImageWhenResponseIs404IsEmpty(org.jclouds.openstack.nova.v2_0.features.ServerApiExpectTest) succeeded: 216ms
Test suite progress: tests succeeded: 285, failed: 0, skipped: 0.
[pool-37-thread-5] Test testDeleteMetadataItemWhenResponseIs2xx(org.jclouds.openstack.nova.v2_0.features.ServerApiExpectTest) succeeded: 214ms
Test suite progress: tests succeeded: 286, failed: 0, skipped: 0.
Starting test testGetDiagnosticsWhenResponseIs403Or404Or500(org.jclouds.openstack.nova.v2_0.features.ServerApiExpectTest)
Starting test testGetDiagnosticsWhenResponseIs200(org.jclouds.openstack.nova.v2_0.features.ServerApiExpectTest)
[pool-37-thread-3] Test testCreateServerWhenResponseIs202(org.jclouds.openstack.nova.v2_0.features.ServerApiExpectTest) succeeded: 218ms
Test suite progress: tests succeeded: 287, failed: 0, skipped: 0.
Starting test testGetMetadataItemWhenResponseIs2xx(org.jclouds.openstack.nova.v2_0.features.ServerApiExpectTest)
[pool-37-thread-4] Test testCreateServerWithSecurityGroupsWhenResponseIs202(org.jclouds.openstack.nova.v2_0.features.ServerApiExpectTest) succeeded: 259ms
Test suite progress: tests succeeded: 288, failed: 0, skipped: 0.
Starting test testGetMetadataItemWhenResponseIs404(org.jclouds.openstack.nova.v2_0.features.ServerApiExpectTest)
[pool-37-thread-1] Test testDeleteMetadataItemWhenResponseIs404(org.jclouds.openstack.nova.v2_0.features.ServerApiExpectTest) succeeded: 350ms
Test suite progress: tests succeeded: 289, failed: 0, skipped: 0.
Starting test testListMetadataWhenResponseIs2xx(org.jclouds.openstack.nova.v2_0.features.ServerApiExpectTest)
[pool-37-thread-3] Test testGetMetadataItemWhenResponseIs2xx(org.jclouds.openstack.nova.v2_0.features.ServerApiExpectTest) succeeded: 345ms
Test suite progress: tests succeeded: 290, failed: 0, skipped: 0.
Starting test testListMetadataWhenResponseIs404(org.jclouds.openstack.nova.v2_0.features.ServerApiExpectTest)
[pool-37-thread-4] Test testGetMetadataItemWhenResponseIs404(org.jclouds.openstack.nova.v2_0.features.ServerApiExpectTest) succeeded: 371ms
Test suite progress: tests succeeded: 291, failed: 0, skipped: 0.
Starting test testListServersWhenReponseIs404IsEmpty(org.jclouds.openstack.nova.v2_0.features.ServerApiExpectTest)
[pool-37-thread-2] Test testGetDiagnosticsWhenResponseIs200(org.jclouds.openstack.nova.v2_0.features.ServerApiExpectTest) succeeded: 418ms
Test suite progress: tests succeeded: 292, failed: 0, skipped: 0.
Starting test testListServersWhenResponseIs2xx(org.jclouds.openstack.nova.v2_0.features.ServerApiExpectTest)
[pool-37-thread-1] Test testListMetadataWhenResponseIs2xx(org.jclouds.openstack.nova.v2_0.features.ServerApiExpectTest) succeeded: 399ms
Test suite progress: tests succeeded: 293, failed: 0, skipped: 0.
Starting test testSetMetadataItemWhenResponseIs2xx(org.jclouds.openstack.nova.v2_0.features.ServerApiExpectTest)
[pool-37-thread-4] Test testListServersWhenReponseIs404IsEmpty(org.jclouds.openstack.nova.v2_0.features.ServerApiExpectTest) succeeded: 367ms
Test suite progress: tests succeeded: 294, failed: 0, skipped: 0.
Starting test testSetMetadataItemWhenResponseIs404(org.jclouds.openstack.nova.v2_0.features.ServerApiExpectTest)
[pool-37-thread-2] Test testListServersWhenResponseIs2xx(org.jclouds.openstack.nova.v2_0.features.ServerApiExpectTest) succeeded: 392ms
Test suite progress: tests succeeded: 295, failed: 0, skipped: 0.
Starting test testSetMetadataWhenResponseIs2xx(org.jclouds.openstack.nova.v2_0.features.ServerApiExpectTest)
[pool-37-thread-3] Test testListMetadataWhenResponseIs404(org.jclouds.openstack.nova.v2_0.features.ServerApiExpectTest) succeeded: 504ms
Test suite progress: tests succeeded: 296, failed: 0, skipped: 0.
Starting test testSetMetadataWhenResponseIs404(org.jclouds.openstack.nova.v2_0.features.ServerApiExpectTest)
[pool-37-thread-1] Test testSetMetadataItemWhenResponseIs2xx(org.jclouds.openstack.nova.v2_0.features.ServerApiExpectTest) succeeded: 410ms
Test suite progress: tests succeeded: 297, failed: 0, skipped: 0.
Starting test testStartServerWhenResponseIs2xx(org.jclouds.openstack.nova.v2_0.features.ServerApiExpectTest)
[pool-37-thread-2] Test testSetMetadataWhenResponseIs2xx(org.jclouds.openstack.nova.v2_0.features.ServerApiExpectTest) succeeded: 408ms
Test suite progress: tests succeeded: 298, failed: 0, skipped: 0.
Starting test testStartServerWhenResponseIs404(org.jclouds.openstack.nova.v2_0.features.ServerApiExpectTest)
[pool-37-thread-5] Test testGetDiagnosticsWhenResponseIs403Or404Or500(org.jclouds.openstack.nova.v2_0.features.ServerApiExpectTest) succeeded: 1226ms
Test suite progress: tests succeeded: 299, failed: 0, skipped: 0.
Starting test testStopServerWhenResponseIs2xx(org.jclouds.openstack.nova.v2_0.features.ServerApiExpectTest)
[pool-37-thread-3] Test testSetMetadataWhenResponseIs404(org.jclouds.openstack.nova.v2_0.features.ServerApiExpectTest) succeeded: 398ms
Test suite progress: tests succeeded: 300, failed: 0, skipped: 0.
Starting test testStopServerWhenResponseIs404(org.jclouds.openstack.nova.v2_0.features.ServerApiExpectTest)
[pool-37-thread-4] Test testSetMetadataItemWhenResponseIs404(org.jclouds.openstack.nova.v2_0.features.ServerApiExpectTest) succeeded: 499ms
Test suite progress: tests succeeded: 301, failed: 0, skipped: 0.
Starting test testUpdateMetadataWhenResponseIs2xx(org.jclouds.openstack.nova.v2_0.features.ServerApiExpectTest)
[pool-37-thread-1] Test testStartServerWhenResponseIs2xx(org.jclouds.openstack.nova.v2_0.features.ServerApiExpectTest) succeeded: 174ms
Test suite progress: tests succeeded: 302, failed: 0, skipped: 0.
Starting test testUpdateMetadataWhenResponseIs404(org.jclouds.openstack.nova.v2_0.features.ServerApiExpectTest)
[pool-37-thread-5] Test testStopServerWhenResponseIs2xx(org.jclouds.openstack.nova.v2_0.features.ServerApiExpectTest) succeeded: 221ms
Test suite progress: tests succeeded: 303, failed: 0, skipped: 0.
[pool-37-thread-4] Test testUpdateMetadataWhenResponseIs2xx(org.jclouds.openstack.nova.v2_0.features.ServerApiExpectTest) succeeded: 248ms
Test suite progress: tests succeeded: 304, failed: 0, skipped: 0.
[pool-37-thread-3] Test testStopServerWhenResponseIs404(org.jclouds.openstack.nova.v2_0.features.ServerApiExpectTest) succeeded: 265ms
Test suite progress: tests succeeded: 305, failed: 0, skipped: 0.
[pool-37-thread-2] Test testStartServerWhenResponseIs404(org.jclouds.openstack.nova.v2_0.features.ServerApiExpectTest) succeeded: 364ms
Test suite progress: tests succeeded: 306, failed: 0, skipped: 0.
[pool-37-thread-1] Test testUpdateMetadataWhenResponseIs404(org.jclouds.openstack.nova.v2_0.features.ServerApiExpectTest) succeeded: 301ms
Test suite progress: tests succeeded: 307, failed: 0, skipped: 0.
Starting test testCreateNewGroup(org.jclouds.openstack.nova.v2_0.functions.CreateSecurityGroupIfNeededTest)
Starting test testReturnExistingGroupOnAlreadyExists(org.jclouds.openstack.nova.v2_0.functions.CreateSecurityGroupIfNeededTest)
[pool-38-thread-2] Test testReturnExistingGroupOnAlreadyExists(org.jclouds.openstack.nova.v2_0.functions.CreateSecurityGroupIfNeededTest) succeeded: 140ms
Test suite progress: tests succeeded: 308, failed: 0, skipped: 0.
[pool-38-thread-1] Test testCreateNewGroup(org.jclouds.openstack.nova.v2_0.functions.CreateSecurityGroupIfNeededTest) succeeded: 152ms
Test suite progress: tests succeeded: 309, failed: 0, skipped: 0.
Starting test testDoesNotUpdateReferenceWhenSecurityGroupListMissingGroupName(org.jclouds.openstack.nova.v2_0.functions.FindSecurityGroupWithNameAndReturnTrueExpectTest)
Starting test testUpdateReferenceWhenSecurityGroupListContainsGroupName(org.jclouds.openstack.nova.v2_0.functions.FindSecurityGroupWithNameAndReturnTrueExpectTest)
[pool-39-thread-1] Test testDoesNotUpdateReferenceWhenSecurityGroupListMissingGroupName(org.jclouds.openstack.nova.v2_0.functions.FindSecurityGroupWithNameAndReturnTrueExpectTest) succeeded: 185ms
Test suite progress: tests succeeded: 310, failed: 0, skipped: 0.
[pool-39-thread-2] Test testUpdateReferenceWhenSecurityGroupListContainsGroupName(org.jclouds.openstack.nova.v2_0.functions.FindSecurityGroupWithNameAndReturnTrueExpectTest) succeeded: 195ms
Test suite progress: tests succeeded: 311, failed: 0, skipped: 0.
Starting test test400MakesIllegalStateExceptionOnAlreadyExists(org.jclouds.openstack.nova.v2_0.handlers.NovaErrorHandlerTest)
[pool-40-thread-1] Test test400MakesIllegalStateExceptionOnAlreadyExists(org.jclouds.openstack.nova.v2_0.handlers.NovaErrorHandlerTest) succeeded: 0ms
Test suite progress: tests succeeded: 312, failed: 0, skipped: 0.
Starting test test400MakesIllegalStateExceptionOnQuotaExceededOnNoFixedIps(org.jclouds.openstack.nova.v2_0.handlers.NovaErrorHandlerTest)
[pool-40-thread-1] Test test400MakesIllegalStateExceptionOnQuotaExceededOnNoFixedIps(org.jclouds.openstack.nova.v2_0.handlers.NovaErrorHandlerTest) succeeded: 0ms
Test suite progress: tests succeeded: 313, failed: 0, skipped: 0.
Starting test test400MakesInsufficientResourcesExceptionOnQuotaExceeded(org.jclouds.openstack.nova.v2_0.handlers.NovaErrorHandlerTest)
[pool-40-thread-1] Test test400MakesInsufficientResourcesExceptionOnQuotaExceeded(org.jclouds.openstack.nova.v2_0.handlers.NovaErrorHandlerTest) succeeded: 0ms
Test suite progress: tests succeeded: 314, failed: 0, skipped: 0.
Starting test test401MakesAuthorizationException(org.jclouds.openstack.nova.v2_0.handlers.NovaErrorHandlerTest)
[pool-40-thread-1] Test test401MakesAuthorizationException(org.jclouds.openstack.nova.v2_0.handlers.NovaErrorHandlerTest) succeeded: 0ms
Test suite progress: tests succeeded: 315, failed: 0, skipped: 0.
Starting test test404MakesResourceNotFoundException(org.jclouds.openstack.nova.v2_0.handlers.NovaErrorHandlerTest)
[pool-40-thread-1] Test test404MakesResourceNotFoundException(org.jclouds.openstack.nova.v2_0.handlers.NovaErrorHandlerTest) succeeded: 2ms
Test suite progress: tests succeeded: 316, failed: 0, skipped: 0.
Starting test test413MakesInsufficientResourcesException(org.jclouds.openstack.nova.v2_0.handlers.NovaErrorHandlerTest)
[pool-40-thread-1] Test test413MakesInsufficientResourcesException(org.jclouds.openstack.nova.v2_0.handlers.NovaErrorHandlerTest) succeeded: 2ms
Test suite progress: tests succeeded: 317, failed: 0, skipped: 0.
Starting test test413WithBadRetryAtFormatFallsBack(org.jclouds.openstack.nova.v2_0.handlers.NovaErrorHandlerTest)
[pool-40-thread-1] Test test413WithBadRetryAtFormatFallsBack(org.jclouds.openstack.nova.v2_0.handlers.NovaErrorHandlerTest) succeeded: 1ms
Test suite progress: tests succeeded: 318, failed: 0, skipped: 0.
Starting test test413WithRetryAfterExceptionFolsom(org.jclouds.openstack.nova.v2_0.handlers.NovaErrorHandlerTest)
[pool-40-thread-1] Test test413WithRetryAfterExceptionFolsom(org.jclouds.openstack.nova.v2_0.handlers.NovaErrorHandlerTest) succeeded: 0ms
Test suite progress: tests succeeded: 319, failed: 0, skipped: 0.
Starting test test413WithRetryAfterTrumpsRetryAt(org.jclouds.openstack.nova.v2_0.handlers.NovaErrorHandlerTest)
[pool-40-thread-1] Test test413WithRetryAfterTrumpsRetryAt(org.jclouds.openstack.nova.v2_0.handlers.NovaErrorHandlerTest) succeeded: 0ms
Test suite progress: tests succeeded: 320, failed: 0, skipped: 0.
Starting test test413WithRetryAtExceptionParsesDelta(org.jclouds.openstack.nova.v2_0.handlers.NovaErrorHandlerTest)
[pool-40-thread-1] Test test413WithRetryAtExceptionParsesDelta(org.jclouds.openstack.nova.v2_0.handlers.NovaErrorHandlerTest) succeeded: 36ms
Test suite progress: tests succeeded: 321, failed: 0, skipped: 0.
Starting test testAllContains(org.jclouds.openstack.nova.v2_0.NovaApiMetadataTest)
[pool-41-thread-1] Test testAllContains(org.jclouds.openstack.nova.v2_0.NovaApiMetadataTest) succeeded: 2ms
Test suite progress: tests succeeded: 322, failed: 0, skipped: 0.
Starting test testTransformableToContains(org.jclouds.openstack.nova.v2_0.NovaApiMetadataTest)
Starting test testWithId(org.jclouds.openstack.nova.v2_0.NovaApiMetadataTest)
[pool-41-thread-3] Test testWithId(org.jclouds.openstack.nova.v2_0.NovaApiMetadataTest) succeeded: 1ms
Test suite progress: tests succeeded: 323, failed: 0, skipped: 0.
[pool-41-thread-2] Test testTransformableToContains(org.jclouds.openstack.nova.v2_0.NovaApiMetadataTest) succeeded: 2ms
Test suite progress: tests succeeded: 324, failed: 0, skipped: 0.
Starting test test(org.jclouds.openstack.nova.v2_0.parse.ParseComputeServiceTypicalSecurityGroupTest)
Starting test test(org.jclouds.openstack.nova.v2_0.parse.ParseSecurityGroupTest)
[pool-42-thread-1] Test test(org.jclouds.openstack.nova.v2_0.parse.ParseComputeServiceTypicalSecurityGroupTest) succeeded: 5ms
Test suite progress: tests succeeded: 325, failed: 0, skipped: 0.
[pool-42-thread-2] Test test(org.jclouds.openstack.nova.v2_0.parse.ParseSecurityGroupTest) succeeded: 5ms
Test suite progress: tests succeeded: 326, failed: 0, skipped: 0.
Starting test test(org.jclouds.openstack.nova.v2_0.parse.ParseCreatedServerTest)
[pool-43-thread-1] Test test(org.jclouds.openstack.nova.v2_0.parse.ParseCreatedServerTest) succeeded: 4ms
Test suite progress: tests succeeded: 327, failed: 0, skipped: 0.
Starting test test(org.jclouds.openstack.nova.v2_0.parse.PublicIpsInPrivateAddressBlockExpectTest)
[pool-43-thread-2] Test test(org.jclouds.openstack.nova.v2_0.parse.PublicIpsInPrivateAddressBlockExpectTest) succeeded: 13ms
Test suite progress: tests succeeded: 328, failed: 0, skipped: 0.
Starting test test(org.jclouds.openstack.nova.v2_0.parse.ParseCreateFlavorTest)
[pool-44-thread-1] Test test(org.jclouds.openstack.nova.v2_0.parse.ParseCreateFlavorTest) succeeded: 4ms
Test suite progress: tests succeeded: 329, failed: 0, skipped: 0.
Starting test test(org.jclouds.openstack.nova.v2_0.parse.ParseExtensionListNormalTest)
[pool-45-thread-1] Test test(org.jclouds.openstack.nova.v2_0.parse.ParseExtensionListNormalTest) succeeded: 5ms
Test suite progress: tests succeeded: 330, failed: 0, skipped: 0.
Starting test test(org.jclouds.openstack.nova.v2_0.parse.ParseExtensionListTest)
[pool-46-thread-1] Test test(org.jclouds.openstack.nova.v2_0.parse.ParseExtensionListTest) succeeded: 4ms
Test suite progress: tests succeeded: 331, failed: 0, skipped: 0.
Starting test test(org.jclouds.openstack.nova.v2_0.parse.ParseExtensionTest)
[pool-47-thread-1] Test test(org.jclouds.openstack.nova.v2_0.parse.ParseExtensionTest) succeeded: 7ms
Test suite progress: tests succeeded: 332, failed: 0, skipped: 0.
Starting test test(org.jclouds.openstack.nova.v2_0.parse.ParseFlavorListTest)
[pool-48-thread-1] Test test(org.jclouds.openstack.nova.v2_0.parse.ParseFlavorListTest) succeeded: 10ms
Test suite progress: tests succeeded: 333, failed: 0, skipped: 0.
Starting test test(org.jclouds.openstack.nova.v2_0.parse.ParseFlavorTest)
[pool-49-thread-1] Test test(org.jclouds.openstack.nova.v2_0.parse.ParseFlavorTest) succeeded: 7ms
Test suite progress: tests succeeded: 334, failed: 0, skipped: 0.
Starting test test(org.jclouds.openstack.nova.v2_0.parse.ParseFloatingIPListTest)
[pool-50-thread-1] Test test(org.jclouds.openstack.nova.v2_0.parse.ParseFloatingIPListTest) succeeded: 7ms
Test suite progress: tests succeeded: 335, failed: 0, skipped: 0.
Starting test test(org.jclouds.openstack.nova.v2_0.parse.ParseFloatingIPTest)
[pool-51-thread-1] Test test(org.jclouds.openstack.nova.v2_0.parse.ParseFloatingIPTest) succeeded: 5ms
Test suite progress: tests succeeded: 336, failed: 0, skipped: 0.
Starting test test(org.jclouds.openstack.nova.v2_0.parse.ParseImageListTest)
[pool-52-thread-1] Test test(org.jclouds.openstack.nova.v2_0.parse.ParseImageListTest) succeeded: 4ms
Test suite progress: tests succeeded: 337, failed: 0, skipped: 0.
Starting test test(org.jclouds.openstack.nova.v2_0.parse.ParseImageTest)
[pool-53-thread-1] Test test(org.jclouds.openstack.nova.v2_0.parse.ParseImageTest) succeeded: 9ms
Test suite progress: tests succeeded: 338, failed: 0, skipped: 0.
Starting test test(org.jclouds.openstack.nova.v2_0.parse.ParseKeyPairListTest)
[pool-54-thread-1] Test test(org.jclouds.openstack.nova.v2_0.parse.ParseKeyPairListTest) succeeded: 5ms
Test suite progress: tests succeeded: 339, failed: 0, skipped: 0.
Starting test test(org.jclouds.openstack.nova.v2_0.parse.ParseKeyPairTest)
[pool-55-thread-1] Test test(org.jclouds.openstack.nova.v2_0.parse.ParseKeyPairTest) succeeded: 23ms
Test suite progress: tests succeeded: 340, failed: 0, skipped: 0.
Starting test test(org.jclouds.openstack.nova.v2_0.parse.ParseMetadataItemTest)
[pool-56-thread-1] Test test(org.jclouds.openstack.nova.v2_0.parse.ParseMetadataItemTest) succeeded: 4ms
Test suite progress: tests succeeded: 341, failed: 0, skipped: 0.
Starting test test(org.jclouds.openstack.nova.v2_0.parse.ParseMetadataListTest)
[pool-57-thread-1] Test test(org.jclouds.openstack.nova.v2_0.parse.ParseMetadataListTest) succeeded: 3ms
Test suite progress: tests succeeded: 342, failed: 0, skipped: 0.
Starting test test(org.jclouds.openstack.nova.v2_0.parse.ParseMetadataUpdateTest)
[pool-58-thread-1] Test test(org.jclouds.openstack.nova.v2_0.parse.ParseMetadataUpdateTest) succeeded: 3ms
Test suite progress: tests succeeded: 343, failed: 0, skipped: 0.
Starting test test(org.jclouds.openstack.nova.v2_0.parse.ParseSecurityGroupListTest)
[pool-59-thread-1] Test test(org.jclouds.openstack.nova.v2_0.parse.ParseSecurityGroupListTest) succeeded: 4ms
Test suite progress: tests succeeded: 344, failed: 0, skipped: 0.
Starting test test(org.jclouds.openstack.nova.v2_0.parse.ParseServerDetailsEssexTest)
[pool-60-thread-1] Test test(org.jclouds.openstack.nova.v2_0.parse.ParseServerDetailsEssexTest) succeeded: 28ms
Test suite progress: tests succeeded: 345, failed: 0, skipped: 0.
Starting test test(org.jclouds.openstack.nova.v2_0.parse.ParseServerListTest)
[pool-61-thread-1] Test test(org.jclouds.openstack.nova.v2_0.parse.ParseServerListTest) succeeded: 4ms
Test suite progress: tests succeeded: 346, failed: 0, skipped: 0.
Starting test test(org.jclouds.openstack.nova.v2_0.parse.ParseServerTest)
[pool-62-thread-1] Test test(org.jclouds.openstack.nova.v2_0.parse.ParseServerTest) succeeded: 27ms
Test suite progress: tests succeeded: 347, failed: 0, skipped: 0.
Starting test test(org.jclouds.openstack.nova.v2_0.parse.ParseServerWithInternetAddressesTest)
[pool-62-thread-2] Test test(org.jclouds.openstack.nova.v2_0.parse.ParseServerWithInternetAddressesTest) succeeded: 10ms
Test suite progress: tests succeeded: 348, failed: 0, skipped: 0.
Starting test test(org.jclouds.openstack.nova.v2_0.parse.ParseServerWithAllExtensionsTest)
[pool-63-thread-1] Test test(org.jclouds.openstack.nova.v2_0.parse.ParseServerWithAllExtensionsTest) succeeded: 7ms
Test suite progress: tests succeeded: 349, failed: 0, skipped: 0.
Starting test testListServersWhenResponseIs2xx(org.jclouds.openstack.nova.v2_0.PasswordAuthenticationExpectTest)
[pool-64-thread-1] Test testListServersWhenResponseIs2xx(org.jclouds.openstack.nova.v2_0.PasswordAuthenticationExpectTest) succeeded: 86ms
Test suite progress: tests succeeded: 350, failed: 0, skipped: 0.
Starting test testListServersWhenResponseIs2xx(org.jclouds.openstack.nova.v2_0.PasswordAuthenticationWithTenantNameExpectTest)
[pool-65-thread-1] Test testListServersWhenResponseIs2xx(org.jclouds.openstack.nova.v2_0.PasswordAuthenticationWithTenantNameExpectTest) succeeded: 81ms
Test suite progress: tests succeeded: 351, failed: 0, skipped: 0.
Starting test teststatusEqualsWhenEqual(org.jclouds.openstack.nova.v2_0.predicates.ImagePredicatesTest)
[pool-66-thread-1] Test teststatusEqualsWhenEqual(org.jclouds.openstack.nova.v2_0.predicates.ImagePredicatesTest) succeeded: 0ms
Test suite progress: tests succeeded: 352, failed: 0, skipped: 0.
Starting test teststatusEqualsWhenNotEqual(org.jclouds.openstack.nova.v2_0.predicates.ImagePredicatesTest)
[pool-66-thread-2] Test teststatusEqualsWhenNotEqual(org.jclouds.openstack.nova.v2_0.predicates.ImagePredicatesTest) succeeded: 0ms
Test suite progress: tests succeeded: 353, failed: 0, skipped: 0.
Starting test testnameEqualsWhenEqual(org.jclouds.openstack.nova.v2_0.predicates.SecurityGroupPredicatesTest)
[pool-67-thread-1] Test testnameEqualsWhenEqual(org.jclouds.openstack.nova.v2_0.predicates.SecurityGroupPredicatesTest) succeeded: 0ms
Test suite progress: tests succeeded: 354, failed: 0, skipped: 0.
Starting test testnameEqualsWhenNotEqual(org.jclouds.openstack.nova.v2_0.predicates.SecurityGroupPredicatesTest)
[pool-67-thread-2] Test testnameEqualsWhenNotEqual(org.jclouds.openstack.nova.v2_0.predicates.SecurityGroupPredicatesTest) succeeded: 0ms
Test suite progress: tests succeeded: 355, failed: 0, skipped: 0.
Tests run: 355, Failures: 0, Errors: 0, Skipped: 0, Time elapsed: 35.621 sec

Results :

Tests run: 355, Failures: 0, Errors: 0, Skipped: 0

[INFO] 
[INFO] --- maven-bundle-plugin:2.3.7:bundle (default-bundle) @ openstack-nova ---
[INFO] 
[INFO] --- maven-jar-plugin:2.4:test-jar (default) @ openstack-nova ---
[INFO] Building jar: /Users/adriancole/workspace/git/1.6.x/jclouds/apis/openstack-nova/target/openstack-nova-1.6.0-SNAPSHOT-tests.jar
[INFO] 
[INFO] --- maven-surefire-plugin:2.12.4:test (integration) @ openstack-nova ---
[INFO] Surefire report directory: /Users/adriancole/workspace/git/1.6.x/jclouds/apis/openstack-nova/target/surefire-reports

-------------------------------------------------------
 T E S T S
-------------------------------------------------------
Running TestSuite
Configuring TestNG with: org.apache.maven.surefire.testng.conf.TestNG652Configurator@44bd928a
09:17:59,135 |-INFO in ch.qos.logback.classic.LoggerContext[default] - Could NOT find resource [logback.groovy]
09:17:59,135 |-INFO in ch.qos.logback.classic.LoggerContext[default] - Could NOT find resource [logback-test.xml]
09:17:59,136 |-INFO in ch.qos.logback.classic.LoggerContext[default] - Found resource [logback.xml] at [jar:file:/Users/adriancole/.m2/repository/org/jclouds/api/openstack-keystone/1.6.0-SNAPSHOT/openstack-keystone-1.6.0-SNAPSHOT-tests.jar!/logback.xml]
09:17:59,136 |-WARN in ch.qos.logback.classic.LoggerContext[default] - Resource [logback.xml] occurs multiple times on the classpath.
09:17:59,136 |-WARN in ch.qos.logback.classic.LoggerContext[default] - Resource [logback.xml] occurs at [jar:file:/Users/adriancole/.m2/repository/org/jclouds/jclouds-compute/1.6.0-SNAPSHOT/jclouds-compute-1.6.0-SNAPSHOT-tests.jar!/logback.xml]
09:17:59,136 |-WARN in ch.qos.logback.classic.LoggerContext[default] - Resource [logback.xml] occurs at [jar:file:/Users/adriancole/.m2/repository/org/jclouds/api/openstack-keystone/1.6.0-SNAPSHOT/openstack-keystone-1.6.0-SNAPSHOT-tests.jar!/logback.xml]
09:17:59,150 |-INFO in ch.qos.logback.core.joran.spi.ConfigurationWatchList@7c82a13a - URL [jar:file:/Users/adriancole/.m2/repository/org/jclouds/api/openstack-keystone/1.6.0-SNAPSHOT/openstack-keystone-1.6.0-SNAPSHOT-tests.jar!/logback.xml] is not of type file
09:17:59,225 |-INFO in ch.qos.logback.classic.joran.action.ConfigurationAction - debug attribute not set
09:17:59,258 |-INFO in ch.qos.logback.core.joran.action.AppenderAction - About to instantiate appender of type [ch.qos.logback.core.FileAppender]
09:17:59,261 |-INFO in ch.qos.logback.core.joran.action.AppenderAction - Naming appender as [FILE]
09:17:59,277 |-INFO in ch.qos.logback.core.joran.action.NestedComplexPropertyIA - Assuming default type [ch.qos.logback.classic.encoder.PatternLayoutEncoder] for [encoder] property
09:17:59,373 |-INFO in ch.qos.logback.core.FileAppender[FILE] - File property is set to [target/test-data/jclouds.log]
09:17:59,375 |-INFO in ch.qos.logback.core.joran.action.AppenderAction - About to instantiate appender of type [ch.qos.logback.core.FileAppender]
09:17:59,375 |-INFO in ch.qos.logback.core.joran.action.AppenderAction - Naming appender as [WIREFILE]
09:17:59,375 |-INFO in ch.qos.logback.core.joran.action.NestedComplexPropertyIA - Assuming default type [ch.qos.logback.classic.encoder.PatternLayoutEncoder] for [encoder] property
09:17:59,376 |-INFO in ch.qos.logback.core.FileAppender[WIREFILE] - File property is set to [target/test-data/jclouds-wire.log]
09:17:59,376 |-INFO in ch.qos.logback.core.joran.action.AppenderAction - About to instantiate appender of type [ch.qos.logback.core.FileAppender]
09:17:59,376 |-INFO in ch.qos.logback.core.joran.action.AppenderAction - Naming appender as [COMPUTEFILE]
09:17:59,376 |-INFO in ch.qos.logback.core.joran.action.NestedComplexPropertyIA - Assuming default type [ch.qos.logback.classic.encoder.PatternLayoutEncoder] for [encoder] property
09:17:59,376 |-INFO in ch.qos.logback.core.FileAppender[COMPUTEFILE] - File property is set to [target/test-data/jclouds-compute.log]
09:17:59,377 |-INFO in ch.qos.logback.core.joran.action.AppenderAction - About to instantiate appender of type [ch.qos.logback.core.FileAppender]
09:17:59,377 |-INFO in ch.qos.logback.core.joran.action.AppenderAction - Naming appender as [SSHFILE]
09:17:59,377 |-INFO in ch.qos.logback.core.joran.action.NestedComplexPropertyIA - Assuming default type [ch.qos.logback.classic.encoder.PatternLayoutEncoder] for [encoder] property
09:17:59,377 |-INFO in ch.qos.logback.core.FileAppender[SSHFILE] - File property is set to [target/test-data/jclouds-ssh.log]
09:17:59,377 |-INFO in ch.qos.logback.classic.joran.action.LevelAction - ROOT level set to WARN
09:17:59,378 |-INFO in ch.qos.logback.classic.joran.action.LevelAction - org.jclouds level set to DEBUG
09:17:59,378 |-INFO in ch.qos.logback.core.joran.action.AppenderRefAction - Attaching appender named [FILE] to Logger[org.jclouds]
09:17:59,379 |-INFO in ch.qos.logback.classic.joran.action.LevelAction - jclouds.wire level set to DEBUG
09:17:59,379 |-INFO in ch.qos.logback.core.joran.action.AppenderRefAction - Attaching appender named [WIREFILE] to Logger[jclouds.wire]
09:17:59,379 |-INFO in ch.qos.logback.classic.joran.action.LevelAction - jclouds.headers level set to DEBUG
09:17:59,379 |-INFO in ch.qos.logback.core.joran.action.AppenderRefAction - Attaching appender named [WIREFILE] to Logger[jclouds.headers]
09:17:59,379 |-INFO in ch.qos.logback.classic.joran.action.LevelAction - jclouds.compute level set to DEBUG
09:17:59,379 |-INFO in ch.qos.logback.core.joran.action.AppenderRefAction - Attaching appender named [COMPUTEFILE] to Logger[jclouds.compute]
09:17:59,379 |-INFO in ch.qos.logback.classic.joran.action.LevelAction - jclouds.ssh level set to DEBUG
09:17:59,379 |-INFO in ch.qos.logback.core.joran.action.AppenderRefAction - Attaching appender named [SSHFILE] to Logger[jclouds.ssh]
09:17:59,379 |-INFO in ch.qos.logback.classic.joran.action.ConfigurationAction - End of configuration.
09:17:59,380 |-INFO in ch.qos.logback.classic.joran.JoranConfigurator@642726b2 - Registering current configuration as safe fallback point

Starting test testCreateImage(org.jclouds.openstack.nova.v2_0.compute.extensions.NovaImageExtensionLiveTest)
Starting test setServiceDefaults(org.jclouds.openstack.nova.v2_0.compute.NovaComputeServiceLiveTest)
[TestNG] Test setServiceDefaults(org.jclouds.openstack.nova.v2_0.compute.NovaComputeServiceLiveTest) succeeded: 0ms
Test suite progress: tests succeeded: 1, failed: 0, skipped: 0.
Starting test testCompareSizes(org.jclouds.openstack.nova.v2_0.compute.NovaComputeServiceLiveTest)
Starting test testAddAndRemoveFloatingIp(org.jclouds.openstack.nova.v2_0.extensions.FloatingIPApiLiveTest)
Starting test testCreateBackupOfServer(org.jclouds.openstack.nova.v2_0.extensions.AdminActionsApiLiveTest)
[TestNG] Test testCreateBackupOfServer(org.jclouds.openstack.nova.v2_0.extensions.AdminActionsApiLiveTest) skipped.
Starting test testCreateExtraSpecs(org.jclouds.openstack.nova.v2_0.extensions.FlavorExtraSpecsApiLiveTest)
Test suite progress: tests succeeded: 1, failed: 0, skipped: 1.
Starting test testLockAndUnlock(org.jclouds.openstack.nova.v2_0.extensions.AdminActionsApiLiveTest)
[TestNG] Test testCreateExtraSpecs(org.jclouds.openstack.nova.v2_0.extensions.FlavorExtraSpecsApiLiveTest) succeeded: 5ms
Test suite progress: tests succeeded: 2, failed: 0, skipped: 1.
[TestNG] Test testLockAndUnlock(org.jclouds.openstack.nova.v2_0.extensions.AdminActionsApiLiveTest) skipped.
Test suite progress: tests succeeded: 2, failed: 0, skipped: 2.
Starting test testPauseAndUnpause(org.jclouds.openstack.nova.v2_0.extensions.AdminActionsApiLiveTest)
[TestNG] Test testPauseAndUnpause(org.jclouds.openstack.nova.v2_0.extensions.AdminActionsApiLiveTest) skipped.
Test suite progress: tests succeeded: 2, failed: 0, skipped: 3.
Starting test testResetNetworkAndInjectNetworkInfo(org.jclouds.openstack.nova.v2_0.extensions.AdminActionsApiLiveTest)
[TestNG] Test testResetNetworkAndInjectNetworkInfo(org.jclouds.openstack.nova.v2_0.extensions.AdminActionsApiLiveTest) skipped.
Test suite progress: tests succeeded: 2, failed: 0, skipped: 4.
Starting test testSuspendAndResume(org.jclouds.openstack.nova.v2_0.extensions.AdminActionsApiLiveTest)
[TestNG] Test testSuspendAndResume(org.jclouds.openstack.nova.v2_0.extensions.AdminActionsApiLiveTest) skipped.
Test suite progress: tests succeeded: 2, failed: 0, skipped: 5.
Starting test testListExtraSpecs(org.jclouds.openstack.nova.v2_0.extensions.FlavorExtraSpecsApiLiveTest)
[TestNG] Test testListExtraSpecs(org.jclouds.openstack.nova.v2_0.extensions.FlavorExtraSpecsApiLiveTest) succeeded: 0ms
Test suite progress: tests succeeded: 3, failed: 0, skipped: 5.
Starting test testTwiddleIndividualSpecs(org.jclouds.openstack.nova.v2_0.extensions.FlavorExtraSpecsApiLiveTest)
[TestNG] Test testTwiddleIndividualSpecs(org.jclouds.openstack.nova.v2_0.extensions.FlavorExtraSpecsApiLiveTest) succeeded: 0ms
Test suite progress: tests succeeded: 4, failed: 0, skipped: 5.
Starting test testListAndGet(org.jclouds.openstack.nova.v2_0.extensions.HostAdministrationApiLiveTest)
[TestNG] Test testListAndGet(org.jclouds.openstack.nova.v2_0.extensions.HostAdministrationApiLiveTest) succeeded: 0ms
Test suite progress: tests succeeded: 5, failed: 0, skipped: 5.
Starting test testCreateAggregate(org.jclouds.openstack.nova.v2_0.extensions.HostAggregateApiLiveTest)
[TestNG] Test testCreateAggregate(org.jclouds.openstack.nova.v2_0.extensions.HostAggregateApiLiveTest) succeeded: 0ms
Test suite progress: tests succeeded: 6, failed: 0, skipped: 5.
Starting test testListAndGetAggregate(org.jclouds.openstack.nova.v2_0.extensions.HostAggregateApiLiveTest)
[TestNG] Test testListAndGetAggregate(org.jclouds.openstack.nova.v2_0.extensions.HostAggregateApiLiveTest) succeeded: 0ms
Test suite progress: tests succeeded: 7, failed: 0, skipped: 5.
Starting test testModifyMetadata(org.jclouds.openstack.nova.v2_0.extensions.HostAggregateApiLiveTest)
[TestNG] Test testModifyMetadata(org.jclouds.openstack.nova.v2_0.extensions.HostAggregateApiLiveTest) succeeded: 0ms
Test suite progress: tests succeeded: 8, failed: 0, skipped: 5.
Starting test testCreateAndDeleteKeyPair(org.jclouds.openstack.nova.v2_0.extensions.KeyPairApiLiveTest)
[TestNG] Test testCompareSizes(org.jclouds.openstack.nova.v2_0.compute.NovaComputeServiceLiveTest) succeeded: 8800ms
Test suite progress: tests succeeded: 9, failed: 0, skipped: 5.
Starting test testCorrectExceptionRunningNodesNotFound(org.jclouds.openstack.nova.v2_0.compute.NovaComputeServiceLiveTest)
blocking on status ACTIVE
Server{id=727811, name=adriancole, links=[Link{relation=SELF, href=https://az-3.region-a.geo-1.compute.hpcloudsvc.com/v1.1/37936628937291/servers/727811}, Link{relation=BOOKMARK, href=https://az-3.region-a.geo-1.compute.hpcloudsvc.com/37936628937291/servers/727811}], uuid=77e5d510-8322-4d93-81f8-163bb558c774, tenantId=37936628937291, userId=54297837463082, updated=Sat Mar 09 09:18:10 PST 2013, created=Sat Mar 09 09:18:10 PST 2013, hostId=null, accessIPv4=null, accessIPv6=null, status=BUILD, image=Resource{id=100, name=null, links=[Link{relation=BOOKMARK, href=https://az-3.region-a.geo-1.compute.hpcloudsvc.com/37936628937291/images/100}]}, flavor=Resource{id=100, name=null, links=[Link{relation=BOOKMARK, href=https://az-3.region-a.geo-1.compute.hpcloudsvc.com/37936628937291/flavors/100}]}, keyName=null, configDrive=null, addresses={}, metadata={}, extendedStatus=Optional.absent(), extendedAttributes=Optional.absent(), diskConfig=Optional.absent()}
Starting test testGetDefaultQuotasForCurrentTenant(org.jclouds.openstack.nova.v2_0.extensions.QuotaApiLiveTest)
[TestNG] Test testGetDefaultQuotasForCurrentTenant(org.jclouds.openstack.nova.v2_0.extensions.QuotaApiLiveTest) succeeded: 0ms
Test suite progress: tests succeeded: 10, failed: 0, skipped: 5.
Starting test testGetQuotasForCurrentTenant(org.jclouds.openstack.nova.v2_0.extensions.QuotaApiLiveTest)
[TestNG] Test testGetQuotasForCurrentTenant(org.jclouds.openstack.nova.v2_0.extensions.QuotaApiLiveTest) succeeded: 0ms
Test suite progress: tests succeeded: 11, failed: 0, skipped: 5.
Starting test testUpdateQuotasOfCurrentTenantThenReset(org.jclouds.openstack.nova.v2_0.extensions.QuotaApiLiveTest)
[TestNG] Test testUpdateQuotasOfCurrentTenantThenReset(org.jclouds.openstack.nova.v2_0.extensions.QuotaApiLiveTest) succeeded: 0ms
Test suite progress: tests succeeded: 12, failed: 0, skipped: 5.
[TestNG] Test testCorrectExceptionRunningNodesNotFound(org.jclouds.openstack.nova.v2_0.compute.NovaComputeServiceLiveTest) succeeded: 1204ms
Test suite progress: tests succeeded: 13, failed: 0, skipped: 5.
Starting test testGetAssignableLocations(org.jclouds.openstack.nova.v2_0.compute.NovaComputeServiceLiveTest)
[TestNG] Test testGetAssignableLocations(org.jclouds.openstack.nova.v2_0.compute.NovaComputeServiceLiveTest) succeeded: 5ms
Test suite progress: tests succeeded: 14, failed: 0, skipped: 5.
Starting test testImageById(org.jclouds.openstack.nova.v2_0.compute.NovaComputeServiceLiveTest)
[TestNG] Test testImageById(org.jclouds.openstack.nova.v2_0.compute.NovaComputeServiceLiveTest) succeeded: 636ms
Test suite progress: tests succeeded: 15, failed: 0, skipped: 5.
Starting test testImagesCache(org.jclouds.openstack.nova.v2_0.compute.NovaComputeServiceLiveTest)
[TestNG] Test testImagesCache(org.jclouds.openstack.nova.v2_0.compute.NovaComputeServiceLiveTest) succeeded: 1ms
Test suite progress: tests succeeded: 16, failed: 0, skipped: 5.
Starting test testListImages(org.jclouds.openstack.nova.v2_0.compute.NovaComputeServiceLiveTest)
[TestNG] Test testListImages(org.jclouds.openstack.nova.v2_0.compute.NovaComputeServiceLiveTest) succeeded: 0ms
Test suite progress: tests succeeded: 17, failed: 0, skipped: 5.
Starting test testListSizes(org.jclouds.openstack.nova.v2_0.compute.NovaComputeServiceLiveTest)
[TestNG] Test testListSizes(org.jclouds.openstack.nova.v2_0.compute.NovaComputeServiceLiveTest) succeeded: 0ms
Test suite progress: tests succeeded: 18, failed: 0, skipped: 5.
Starting test testOptionToNotBlock(org.jclouds.openstack.nova.v2_0.compute.NovaComputeServiceLiveTest)
[TestNG] Test testOptionToNotBlock(org.jclouds.openstack.nova.v2_0.compute.NovaComputeServiceLiveTest) succeeded: 0ms
Test suite progress: tests succeeded: 19, failed: 0, skipped: 5.
Starting test testCreateAndRunAService(org.jclouds.openstack.nova.v2_0.compute.NovaComputeServiceLiveTest)
Starting test testUpdateAndGetQuotaClass(org.jclouds.openstack.nova.v2_0.extensions.QuotaClassApiLiveTest)
[TestNG] Test testUpdateAndGetQuotaClass(org.jclouds.openstack.nova.v2_0.extensions.QuotaClassApiLiveTest) succeeded: 0ms
Test suite progress: tests succeeded: 20, failed: 0, skipped: 5.
[TestNG] Test testCreateAndDeleteKeyPair(org.jclouds.openstack.nova.v2_0.extensions.KeyPairApiLiveTest) succeeded: 3684ms
Test suite progress: tests succeeded: 21, failed: 0, skipped: 5.
Starting test testCreateAndDeleteKeyPairWithPublicKey(org.jclouds.openstack.nova.v2_0.extensions.KeyPairApiLiveTest)
Starting test createAndDeleteSecurityGroupRule(org.jclouds.openstack.nova.v2_0.extensions.SecurityGroupApiLiveTest)
[TestNG] Test testCreateAndDeleteKeyPairWithPublicKey(org.jclouds.openstack.nova.v2_0.extensions.KeyPairApiLiveTest) succeeded: 2221ms
Test suite progress: tests succeeded: 22, failed: 0, skipped: 5.
Starting test testListKeyPairs(org.jclouds.openstack.nova.v2_0.extensions.KeyPairApiLiveTest)
[TestNG] Test testAddAndRemoveFloatingIp(org.jclouds.openstack.nova.v2_0.extensions.FloatingIPApiLiveTest) failed.
Test suite progress: tests succeeded: 22, failed: 1, skipped: 5.
Starting test testAllocateAndDecreateFloatingIPs(org.jclouds.openstack.nova.v2_0.extensions.FloatingIPApiLiveTest)
[TestNG] Test testListKeyPairs(org.jclouds.openstack.nova.v2_0.extensions.KeyPairApiLiveTest) succeeded: 1113ms
Test suite progress: tests succeeded: 23, failed: 1, skipped: 5.
Starting test testGetServer(org.jclouds.openstack.nova.v2_0.extensions.ServerWithSecurityGroupsApiLiveTest)
[TestNG] Test testGetServer(org.jclouds.openstack.nova.v2_0.extensions.ServerWithSecurityGroupsApiLiveTest) succeeded: 0ms
Test suite progress: tests succeeded: 24, failed: 1, skipped: 5.
Starting test testList(org.jclouds.openstack.nova.v2_0.extensions.SimpleTenantUsageApiLiveTest)
[TestNG] Test testList(org.jclouds.openstack.nova.v2_0.extensions.SimpleTenantUsageApiLiveTest) succeeded: 890ms
Test suite progress: tests succeeded: 25, failed: 1, skipped: 5.
[TestNG] Test testAllocateAndDecreateFloatingIPs(org.jclouds.openstack.nova.v2_0.extensions.FloatingIPApiLiveTest) succeeded: 5897ms
Test suite progress: tests succeeded: 26, failed: 1, skipped: 5.
Starting test testListFloatingIPs(org.jclouds.openstack.nova.v2_0.extensions.FloatingIPApiLiveTest)
Starting test testListVirtualInterfaces(org.jclouds.openstack.nova.v2_0.extensions.VirtualInterfaceApiLiveTest)
[TestNG] Test testListVirtualInterfaces(org.jclouds.openstack.nova.v2_0.extensions.VirtualInterfaceApiLiveTest) succeeded: 0ms
Test suite progress: tests succeeded: 27, failed: 1, skipped: 5.
[TestNG] Test createAndDeleteSecurityGroupRule(org.jclouds.openstack.nova.v2_0.extensions.SecurityGroupApiLiveTest) succeeded: 9142ms
Test suite progress: tests succeeded: 28, failed: 1, skipped: 5.
Starting test createGetAndDeleteSecurityGroup(org.jclouds.openstack.nova.v2_0.extensions.SecurityGroupApiLiveTest)
Starting test testCreateVolume(org.jclouds.openstack.nova.v2_0.extensions.VolumeApiLiveTest)
[TestNG] Test testCreateVolume(org.jclouds.openstack.nova.v2_0.extensions.VolumeApiLiveTest) succeeded: 1017ms
Test suite progress: tests succeeded: 29, failed: 1, skipped: 5.
Starting test testAttachments(org.jclouds.openstack.nova.v2_0.extensions.VolumeApiLiveTest)
[TestNG] Test testListFloatingIPs(org.jclouds.openstack.nova.v2_0.extensions.FloatingIPApiLiveTest) succeeded: 4268ms
Test suite progress: tests succeeded: 30, failed: 1, skipped: 5.
[TestNG] Test createGetAndDeleteSecurityGroup(org.jclouds.openstack.nova.v2_0.extensions.SecurityGroupApiLiveTest) succeeded: 3099ms
Test suite progress: tests succeeded: 31, failed: 1, skipped: 5.
Starting test list(org.jclouds.openstack.nova.v2_0.extensions.SecurityGroupApiLiveTest)
Starting test testCreateVolume(org.jclouds.openstack.nova.v2_0.extensions.VolumeAttachmentApiLiveTest)
[TestNG] Test list(org.jclouds.openstack.nova.v2_0.extensions.SecurityGroupApiLiveTest) succeeded: 1024ms
Test suite progress: tests succeeded: 32, failed: 1, skipped: 5.
[TestNG] Test testCreateVolume(org.jclouds.openstack.nova.v2_0.extensions.VolumeAttachmentApiLiveTest) succeeded: 885ms
Test suite progress: tests succeeded: 33, failed: 1, skipped: 5.
Starting test testAttachments(org.jclouds.openstack.nova.v2_0.extensions.VolumeAttachmentApiLiveTest)
blocking on status ACTIVE
Server{id=942857, name=adriancole, links=[Link{relation=SELF, href=https://az-1.region-a.geo-1.compute.hpcloudsvc.com/v1.1/37936628937291/servers/942857}, Link{relation=BOOKMARK, href=https://az-1.region-a.geo-1.compute.hpcloudsvc.com/37936628937291/servers/942857}], uuid=417d8481-1090-4846-b866-c1145822505e, tenantId=37936628937291, userId=54297837463082, updated=Sat Mar 09 09:18:29 PST 2013, created=Sat Mar 09 09:18:29 PST 2013, hostId=null, accessIPv4=null, accessIPv6=null, status=BUILD, image=Resource{id=1232, name=null, links=[Link{relation=BOOKMARK, href=https://az-1.region-a.geo-1.compute.hpcloudsvc.com/37936628937291/images/1232}]}, flavor=Resource{id=100, name=null, links=[Link{relation=BOOKMARK, href=https://az-1.region-a.geo-1.compute.hpcloudsvc.com/37936628937291/flavors/100}]}, keyName=null, configDrive=null, addresses={}, metadata={}, extendedStatus=Optional.absent(), extendedAttributes=Optional.absent(), diskConfig=Optional.absent()}
[TestNG] Test testAttachments(org.jclouds.openstack.nova.v2_0.extensions.VolumeAttachmentApiLiveTest) failed.
Test suite progress: tests succeeded: 33, failed: 2, skipped: 5.
Starting test testCreateVolumeType(org.jclouds.openstack.nova.v2_0.extensions.VolumeTypeApiLiveTest)
[TestNG] Test testCreateVolumeType(org.jclouds.openstack.nova.v2_0.extensions.VolumeTypeApiLiveTest) succeeded: 0ms
Test suite progress: tests succeeded: 34, failed: 2, skipped: 5.
Starting test testExtraSpecs(org.jclouds.openstack.nova.v2_0.extensions.VolumeTypeApiLiveTest)
[TestNG] Test testExtraSpecs(org.jclouds.openstack.nova.v2_0.extensions.VolumeTypeApiLiveTest) succeeded: 0ms
Test suite progress: tests succeeded: 35, failed: 2, skipped: 5.
Starting test testListVolumeTypes(org.jclouds.openstack.nova.v2_0.extensions.VolumeTypeApiLiveTest)
[TestNG] Test testListVolumeTypes(org.jclouds.openstack.nova.v2_0.extensions.VolumeTypeApiLiveTest) succeeded: 1ms
Test suite progress: tests succeeded: 36, failed: 2, skipped: 5.
Starting test testUpdateIndividualSpec(org.jclouds.openstack.nova.v2_0.extensions.VolumeTypeApiLiveTest)
[TestNG] Test testUpdateIndividualSpec(org.jclouds.openstack.nova.v2_0.extensions.VolumeTypeApiLiveTest) succeeded: 0ms
Test suite progress: tests succeeded: 37, failed: 2, skipped: 5.
Starting test testListExtensions(org.jclouds.openstack.nova.v2_0.features.ExtensionApiLiveTest)
Starting test testListFlavors(org.jclouds.openstack.nova.v2_0.features.FlavorApiLiveTest)
[TestNG] Test testListExtensions(org.jclouds.openstack.nova.v2_0.features.ExtensionApiLiveTest) succeeded: 837ms
Test suite progress: tests succeeded: 38, failed: 2, skipped: 5.
Starting test testGetExtensionByAlias(org.jclouds.openstack.nova.v2_0.features.ExtensionApiLiveTest)
[TestNG] Test testListFlavors(org.jclouds.openstack.nova.v2_0.features.FlavorApiLiveTest) succeeded: 907ms
Test suite progress: tests succeeded: 39, failed: 2, skipped: 5.
Starting test testListFlavorsInDetail(org.jclouds.openstack.nova.v2_0.features.FlavorApiLiveTest)
[TestNG] Test testListFlavorsInDetail(org.jclouds.openstack.nova.v2_0.features.FlavorApiLiveTest) succeeded: 877ms
Test suite progress: tests succeeded: 40, failed: 2, skipped: 5.
Starting test testGetFlavorById(org.jclouds.openstack.nova.v2_0.features.FlavorApiLiveTest)
[TestNG] Test testAttachments(org.jclouds.openstack.nova.v2_0.extensions.VolumeApiLiveTest) failed.
Test suite progress: tests succeeded: 40, failed: 3, skipped: 5.
Starting test testCreateSnapshot(org.jclouds.openstack.nova.v2_0.extensions.VolumeApiLiveTest)
[TestNG] Test testCreateSnapshot(org.jclouds.openstack.nova.v2_0.extensions.VolumeApiLiveTest) succeeded: 1042ms
Test suite progress: tests succeeded: 41, failed: 3, skipped: 5.
Starting test testListVolumes(org.jclouds.openstack.nova.v2_0.extensions.VolumeApiLiveTest)
[TestNG] Test testListVolumes(org.jclouds.openstack.nova.v2_0.extensions.VolumeApiLiveTest) succeeded: 1112ms
Test suite progress: tests succeeded: 42, failed: 3, skipped: 5.
Starting test testListVolumesInDetail(org.jclouds.openstack.nova.v2_0.extensions.VolumeApiLiveTest)
[TestNG] Test testListVolumesInDetail(org.jclouds.openstack.nova.v2_0.extensions.VolumeApiLiveTest) succeeded: 729ms
Test suite progress: tests succeeded: 43, failed: 3, skipped: 5.
Starting test testListSnapshots(org.jclouds.openstack.nova.v2_0.extensions.VolumeApiLiveTest)
[TestNG] Test testListSnapshots(org.jclouds.openstack.nova.v2_0.extensions.VolumeApiLiveTest) succeeded: 636ms
Test suite progress: tests succeeded: 44, failed: 3, skipped: 5.
Starting test testListSnapshotsInDetail(org.jclouds.openstack.nova.v2_0.extensions.VolumeApiLiveTest)
[TestNG] Test testListSnapshotsInDetail(org.jclouds.openstack.nova.v2_0.extensions.VolumeApiLiveTest) succeeded: 503ms
Test suite progress: tests succeeded: 45, failed: 3, skipped: 5.
[TestNG] Test testGetFlavorById(org.jclouds.openstack.nova.v2_0.features.FlavorApiLiveTest) succeeded: 6499ms
Test suite progress: tests succeeded: 46, failed: 3, skipped: 5.
Starting test testListImages(org.jclouds.openstack.nova.v2_0.features.ImageApiLiveTest)
[TestNG] Test testGetExtensionByAlias(org.jclouds.openstack.nova.v2_0.features.ExtensionApiLiveTest) succeeded: 8324ms
Test suite progress: tests succeeded: 47, failed: 3, skipped: 5.
Starting test testListServers(org.jclouds.openstack.nova.v2_0.features.ServerApiLiveTest)
[TestNG] Test testListServers(org.jclouds.openstack.nova.v2_0.features.ServerApiLiveTest) succeeded: 999ms
Test suite progress: tests succeeded: 48, failed: 3, skipped: 5.
Starting test testListServersInDetail(org.jclouds.openstack.nova.v2_0.features.ServerApiLiveTest)
[TestNG] Test testListServersInDetail(org.jclouds.openstack.nova.v2_0.features.ServerApiLiveTest) succeeded: 1004ms
Test suite progress: tests succeeded: 49, failed: 3, skipped: 5.
Starting test testGetServerById(org.jclouds.openstack.nova.v2_0.features.ServerApiLiveTest)
[TestNG] Test testListImages(org.jclouds.openstack.nova.v2_0.features.ImageApiLiveTest) succeeded: 3687ms
Test suite progress: tests succeeded: 50, failed: 3, skipped: 5.
Starting test testListImagesInDetail(org.jclouds.openstack.nova.v2_0.features.ImageApiLiveTest)
[TestNG] Test testGetServerById(org.jclouds.openstack.nova.v2_0.features.ServerApiLiveTest) succeeded: 2252ms
Test suite progress: tests succeeded: 51, failed: 3, skipped: 5.
[TestNG] Test testListImagesInDetail(org.jclouds.openstack.nova.v2_0.features.ImageApiLiveTest) succeeded: 4165ms
Test suite progress: tests succeeded: 52, failed: 3, skipped: 5.
Starting test testGetImageById(org.jclouds.openstack.nova.v2_0.features.ImageApiLiveTest)
[TestNG] Test testCreateImage(org.jclouds.openstack.nova.v2_0.compute.extensions.NovaImageExtensionLiveTest) failed.
Test suite progress: tests succeeded: 52, failed: 4, skipped: 5.
[TestNG] Test testSpawnNodeFromImage(org.jclouds.openstack.nova.v2_0.compute.extensions.NovaImageExtensionLiveTest) skipped.
Test suite progress: tests succeeded: 52, failed: 4, skipped: 6.
[TestNG] Test testDeleteImage(org.jclouds.openstack.nova.v2_0.compute.extensions.NovaImageExtensionLiveTest) skipped.
Test suite progress: tests succeeded: 52, failed: 4, skipped: 7.
[TestNG] Test testCreateAndRunAService(org.jclouds.openstack.nova.v2_0.compute.NovaComputeServiceLiveTest) failed.
Test suite progress: tests succeeded: 52, failed: 5, skipped: 7.
Starting test testCorrectAuthException(org.jclouds.openstack.nova.v2_0.compute.NovaComputeServiceLiveTest)
[TestNG] Test testCorrectAuthException(org.jclouds.openstack.nova.v2_0.compute.NovaComputeServiceLiveTest) succeeded: 348ms
Test suite progress: tests succeeded: 53, failed: 5, skipped: 7.
Starting test testAScriptExecutionAfterBootWithBasicTemplate(org.jclouds.openstack.nova.v2_0.compute.NovaComputeServiceLiveTest)
[TestNG] Test testGetImageById(org.jclouds.openstack.nova.v2_0.features.ImageApiLiveTest) succeeded: 84987ms
Test suite progress: tests succeeded: 54, failed: 5, skipped: 7.
[TestNG] Test testAScriptExecutionAfterBootWithBasicTemplate(org.jclouds.openstack.nova.v2_0.compute.NovaComputeServiceLiveTest) failed.
Test suite progress: tests succeeded: 54, failed: 6, skipped: 7.
Starting test testConcurrentUseOfComputeServiceToCreateNodes(org.jclouds.openstack.nova.v2_0.compute.NovaComputeServiceLiveTest)
[TestNG] Test testConcurrentUseOfComputeServiceToCreateNodes(org.jclouds.openstack.nova.v2_0.compute.NovaComputeServiceLiveTest) succeeded: 73523ms
Test suite progress: tests succeeded: 55, failed: 6, skipped: 7.
Starting test testTemplateMatch(org.jclouds.openstack.nova.v2_0.compute.NovaComputeServiceLiveTest)
[TestNG] Test testTemplateMatch(org.jclouds.openstack.nova.v2_0.compute.NovaComputeServiceLiveTest) succeeded: 6ms
Test suite progress: tests succeeded: 56, failed: 6, skipped: 7.
Starting test testCreateTwoNodesWithRunScript(org.jclouds.openstack.nova.v2_0.compute.NovaComputeServiceLiveTest)
[TestNG] Test testCreateTwoNodesWithRunScript(org.jclouds.openstack.nova.v2_0.compute.NovaComputeServiceLiveTest) failed.
Test suite progress: tests succeeded: 56, failed: 7, skipped: 7.
[TestNG] Test testCreateAnotherNodeWithANewContextToEnsureSharedMemIsntRequired(org.jclouds.openstack.nova.v2_0.compute.NovaComputeServiceLiveTest) skipped.
Test suite progress: tests succeeded: 56, failed: 7, skipped: 8.
[TestNG] Test testCredentialsCache(org.jclouds.openstack.nova.v2_0.compute.NovaComputeServiceLiveTest) skipped.
Test suite progress: tests succeeded: 56, failed: 7, skipped: 9.
[TestNG] Test testGet(org.jclouds.openstack.nova.v2_0.compute.NovaComputeServiceLiveTest) skipped.
Test suite progress: tests succeeded: 56, failed: 7, skipped: 10.
[TestNG] Test testReboot(org.jclouds.openstack.nova.v2_0.compute.NovaComputeServiceLiveTest) skipped.
Test suite progress: tests succeeded: 56, failed: 7, skipped: 11.
[TestNG] Test testSuspendResume(org.jclouds.openstack.nova.v2_0.compute.NovaComputeServiceLiveTest) skipped.
Test suite progress: tests succeeded: 56, failed: 7, skipped: 12.
[TestNG] Test testGetNodesWithDetails(org.jclouds.openstack.nova.v2_0.compute.NovaComputeServiceLiveTest) skipped.
Test suite progress: tests succeeded: 56, failed: 7, skipped: 13.
[TestNG] Test testListNodes(org.jclouds.openstack.nova.v2_0.compute.NovaComputeServiceLiveTest) skipped.
Test suite progress: tests succeeded: 56, failed: 7, skipped: 14.
[TestNG] Test testDestroyNodes(org.jclouds.openstack.nova.v2_0.compute.NovaComputeServiceLiveTest) skipped.
Test suite progress: tests succeeded: 56, failed: 7, skipped: 15.
Tests run: 78, Failures: 7, Errors: 0, Skipped: 15, Time elapsed: 313.295 sec <<< FAILURE!
testAddAndRemoveFloatingIp(org.jclouds.openstack.nova.v2_0.extensions.FloatingIPApiLiveTest)  Time elapsed: 0.356 sec  <<< FAILURE!
java.lang.NullPointerException
	at org.jclouds.openstack.nova.v2_0.internal.BaseNovaApiLiveTest.blockUntilServerInState(BaseNovaApiLiveTest.java:99)
	at org.jclouds.openstack.nova.v2_0.internal.BaseNovaApiLiveTest.createServerInZone(BaseNovaApiLiveTest.java:88)
	at org.jclouds.openstack.nova.v2_0.extensions.FloatingIPApiLiveTest.testAddAndRemoveFloatingIp(FloatingIPApiLiveTest.java:109)

testAttachments(org.jclouds.openstack.nova.v2_0.extensions.VolumeAttachmentApiLiveTest)  Time elapsed: 1.556 sec  <<< FAILURE!
java.lang.IllegalStateException: {"badRequest": {"message": "Server with the name 'adriancole' already exists", "code": 400}}
	at org.jclouds.openstack.nova.v2_0.handlers.NovaErrorHandler.handleError(NovaErrorHandler.java:94)
	at org.jclouds.http.handlers.DelegatingErrorHandler.handleError(DelegatingErrorHandler.java:69)
	at org.jclouds.http.internal.BaseHttpCommandExecutorService.shouldContinue(BaseHttpCommandExecutorService.java:182)
	at org.jclouds.http.internal.BaseHttpCommandExecutorService.invoke(BaseHttpCommandExecutorService.java:152)
	at org.jclouds.rest.internal.InvokeHttpMethod.invoke(InvokeHttpMethod.java:131)
	at org.jclouds.rest.internal.InvokeHttpMethod.apply(InvokeHttpMethod.java:97)
	at org.jclouds.rest.internal.InvokeHttpMethod.apply(InvokeHttpMethod.java:59)
	at org.jclouds.reflect.FunctionalReflection$FunctionalInvocationHandler.handleInvocation(FunctionalReflection.java:119)
	at com.google.common.reflect.AbstractInvocationHandler.invoke(AbstractInvocationHandler.java:70)
	at com.sun.proxy.$Proxy73.create(Unknown Source)
	at org.jclouds.openstack.nova.v2_0.internal.BaseNovaApiLiveTest.createServerInZone(BaseNovaApiLiveTest.java:87)
	at org.jclouds.openstack.nova.v2_0.extensions.VolumeAttachmentApiLiveTest.testAttachments(VolumeAttachmentApiLiveTest.java:103)
Caused by: org.jclouds.http.HttpResponseException: command: POST https://az-1.region-a.geo-1.compute.hpcloudsvc.com/v1.1/37936628937291/servers HTTP/1.1 failed with response: HTTP/1.1 400 Bad Request; content: [{"badRequest": {"message": "Server with the name 'adriancole' already exists", "code": 400}}]
	at org.jclouds.openstack.nova.v2_0.handlers.NovaErrorHandler.handleError(NovaErrorHandler.java:83)
	... 32 more

testAttachments(org.jclouds.openstack.nova.v2_0.extensions.VolumeApiLiveTest)  Time elapsed: 0.202 sec  <<< FAILURE!
java.lang.NullPointerException
	at org.jclouds.openstack.nova.v2_0.internal.BaseNovaApiLiveTest.blockUntilServerInState(BaseNovaApiLiveTest.java:99)
	at org.jclouds.openstack.nova.v2_0.internal.BaseNovaApiLiveTest.createServerInZone(BaseNovaApiLiveTest.java:88)
	at org.jclouds.openstack.nova.v2_0.extensions.VolumeApiLiveTest.testAttachments(VolumeApiLiveTest.java:222)

testCreateImage(org.jclouds.openstack.nova.v2_0.compute.extensions.NovaImageExtensionLiveTest)  Time elapsed: 10.895 sec  <<< FAILURE!
org.jclouds.rest.AuthorizationException: (ubuntu:pw[1f88013c1c2b9b3e00f9ac859fb8d8e4]@15.185.226.165:22) (ubuntu:pw[1f88013c1c2b9b3e00f9ac859fb8d8e4]@15.185.226.165:22) error acquiring {hostAndPort=15.185.226.165:22, loginUser=ubuntu, ssh=null, connectTimeout=60000, sessionTimeout=60000} (out of retries - max 7): Exhausted available authentication methods
	at org.jclouds.sshj.SshjSshClient.propagate(SshjSshClient.java:382)
	at org.jclouds.sshj.SshjSshClient.acquire(SshjSshClient.java:203)
	at org.jclouds.sshj.SshjSshClient.connect(SshjSshClient.java:223)
	at org.jclouds.compute.extensions.internal.BaseImageExtensionLiveTest$2.apply(BaseImageExtensionLiveTest.java:181)
	at org.jclouds.compute.extensions.internal.BaseImageExtensionLiveTest$2.apply(BaseImageExtensionLiveTest.java:178)
	at org.jclouds.util.Predicates2$RetryablePredicate.apply(Predicates2.java:113)
	at org.jclouds.compute.extensions.internal.BaseImageExtensionLiveTest.checkReachable(BaseImageExtensionLiveTest.java:178)
	at org.jclouds.compute.extensions.internal.BaseImageExtensionLiveTest.testCreateImage(BaseImageExtensionLiveTest.java:106)
	at sun.reflect.NativeMethodAccessorImpl.invoke0(Native Method)
	at sun.reflect.NativeMethodAccessorImpl.invoke(NativeMethodAccessorImpl.java:39)
	at sun.reflect.DelegatingMethodAccessorImpl.invoke(DelegatingMethodAccessorImpl.java:25)
	at java.lang.reflect.Method.invoke(Method.java:597)
	at org.testng.internal.MethodInvocationHelper.invokeMethod(MethodInvocationHelper.java:80)
	at org.testng.internal.Invoker.invokeMethod(Invoker.java:714)
	at org.testng.internal.Invoker.invokeTestMethod(Invoker.java:901)
	at org.testng.internal.Invoker.invokeTestMethods(Invoker.java:1231)
	at org.testng.internal.TestMethodWorker.invokeTestMethods(TestMethodWorker.java:127)
	at org.testng.internal.TestMethodWorker.run(TestMethodWorker.java:111)
	at org.testng.TestRunner.privateRun(TestRunner.java:767)
	at org.testng.TestRunner.run(TestRunner.java:617)
	at org.testng.SuiteRunner.runTest(SuiteRunner.java:334)
	at org.testng.SuiteRunner.access$000(SuiteRunner.java:37)
	at org.testng.SuiteRunner$SuiteWorker.run(SuiteRunner.java:368)
	at org.testng.internal.thread.ThreadUtil$2.call(ThreadUtil.java:64)
	at java.util.concurrent.FutureTask$Sync.innerRun(FutureTask.java:303)
	at java.util.concurrent.FutureTask.run(FutureTask.java:138)
	at java.util.concurrent.ThreadPoolExecutor$Worker.runTask(ThreadPoolExecutor.java:895)
	at java.util.concurrent.ThreadPoolExecutor$Worker.run(ThreadPoolExecutor.java:918)
	at java.lang.Thread.run(Thread.java:680)
Caused by: net.schmizz.sshj.userauth.UserAuthException: Exhausted available authentication methods
	at net.schmizz.sshj.userauth.UserAuthImpl.authenticate(UserAuthImpl.java:114)
	at net.schmizz.sshj.SSHClient.auth(SSHClient.java:205)
	at net.schmizz.sshj.SSHClient.auth(SSHClient.java:190)
	at net.schmizz.sshj.SSHClient.authPassword(SSHClient.java:266)
	at net.schmizz.sshj.SSHClient.authPassword(SSHClient.java:236)
	at net.schmizz.sshj.SSHClient.authPassword(SSHClient.java:220)
	at org.jclouds.sshj.SSHClientConnection.create(SSHClientConnection.java:140)
	at org.jclouds.sshj.SSHClientConnection.create(SSHClientConnection.java:40)
	at org.jclouds.sshj.SshjSshClient.acquire(SshjSshClient.java:193)
	... 27 more
Caused by: net.schmizz.sshj.userauth.UserAuthException: keyboard-interactive auth not allowed by server
	at net.schmizz.sshj.userauth.UserAuthImpl.authenticate(UserAuthImpl.java:81)
	... 35 more
Caused by: net.schmizz.sshj.userauth.UserAuthException: Exhausted available authentication methods
	at net.schmizz.sshj.userauth.UserAuthImpl.authenticate(UserAuthImpl.java:114)
	at net.schmizz.sshj.SSHClient.auth(SSHClient.java:205)
	at net.schmizz.sshj.SSHClient.auth(SSHClient.java:190)
	at net.schmizz.sshj.SSHClient.authPassword(SSHClient.java:266)
	at net.schmizz.sshj.SSHClient.authPassword(SSHClient.java:236)
	at net.schmizz.sshj.SSHClient.authPassword(SSHClient.java:220)
	at org.jclouds.sshj.SSHClientConnection.create(SSHClientConnection.java:140)
	at org.jclouds.sshj.SSHClientConnection.create(SSHClientConnection.java:40)
	at org.jclouds.sshj.SshjSshClient.acquire(SshjSshClient.java:193)
	... 27 more
Caused by: net.schmizz.sshj.userauth.UserAuthException: keyboard-interactive auth not allowed by server
	at net.schmizz.sshj.userauth.UserAuthImpl.authenticate(UserAuthImpl.java:81)
	... 35 more

testCreateAndRunAService(org.jclouds.openstack.nova.v2_0.compute.NovaComputeServiceLiveTest)  Time elapsed: 33.88 sec  <<< FAILURE!
org.jclouds.rest.AuthorizationException: (ubuntu:pw[3317f58ff0c101f9e5950d7229b21a84]@15.185.227.214:22) (ubuntu:pw[3317f58ff0c101f9e5950d7229b21a84]@15.185.227.214:22) error acquiring {hostAndPort=15.185.227.214:22, loginUser=ubuntu, ssh=null, connectTimeout=60000, sessionTimeout=60000} (out of retries - max 7): Exhausted available authentication methods
	at org.jclouds.sshj.SshjSshClient.propagate(SshjSshClient.java:382)
	at org.jclouds.sshj.SshjSshClient.acquire(SshjSshClient.java:203)
	at org.jclouds.sshj.SshjSshClient.connect(SshjSshClient.java:223)
	at org.jclouds.compute.callables.RunScriptOnNodeAsInitScriptUsingSsh.call(RunScriptOnNodeAsInitScriptUsingSsh.java:78)
	at org.jclouds.compute.internal.BaseComputeService.runScriptOnNode(BaseComputeService.java:602)
	at sun.reflect.NativeMethodAccessorImpl.invoke0(Native Method)
	at sun.reflect.NativeMethodAccessorImpl.invoke(NativeMethodAccessorImpl.java:39)
	at sun.reflect.DelegatingMethodAccessorImpl.invoke(DelegatingMethodAccessorImpl.java:25)
	at java.lang.reflect.Method.invoke(Method.java:597)
	at com.google.inject.internal.DelegatingInvocationHandler.invoke(DelegatingInvocationHandler.java:37)
	at com.sun.proxy.$Proxy63.runScriptOnNode(Unknown Source)
	at org.jclouds.compute.internal.BaseComputeServiceLiveTest.createAndRunAServiceInGroup(BaseComputeServiceLiveTest.java:669)
	at org.jclouds.compute.internal.BaseComputeServiceLiveTest.testCreateAndRunAService(BaseComputeServiceLiveTest.java:642)
	at sun.reflect.NativeMethodAccessorImpl.invoke0(Native Method)
	at sun.reflect.NativeMethodAccessorImpl.invoke(NativeMethodAccessorImpl.java:39)
	at sun.reflect.DelegatingMethodAccessorImpl.invoke(DelegatingMethodAccessorImpl.java:25)
	at java.lang.reflect.Method.invoke(Method.java:597)
	at org.testng.internal.MethodInvocationHelper.invokeMethod(MethodInvocationHelper.java:80)
	at org.testng.internal.Invoker.invokeMethod(Invoker.java:714)
	at org.testng.internal.Invoker.invokeTestMethod(Invoker.java:901)
	at org.testng.internal.Invoker.invokeTestMethods(Invoker.java:1231)
	at org.testng.internal.TestMethodWorker.invokeTestMethods(TestMethodWorker.java:127)
	at org.testng.internal.TestMethodWorker.run(TestMethodWorker.java:111)
	at org.testng.TestRunner.privateRun(TestRunner.java:767)
	at org.testng.TestRunner.run(TestRunner.java:617)
	at org.testng.SuiteRunner.runTest(SuiteRunner.java:334)
	at org.testng.SuiteRunner.access$000(SuiteRunner.java:37)
	at org.testng.SuiteRunner$SuiteWorker.run(SuiteRunner.java:368)
	at org.testng.internal.thread.ThreadUtil$2.call(ThreadUtil.java:64)
	at java.util.concurrent.FutureTask$Sync.innerRun(FutureTask.java:303)
	at java.util.concurrent.FutureTask.run(FutureTask.java:138)
	at java.util.concurrent.ThreadPoolExecutor$Worker.runTask(ThreadPoolExecutor.java:895)
	at java.util.concurrent.ThreadPoolExecutor$Worker.run(ThreadPoolExecutor.java:918)
	at java.lang.Thread.run(Thread.java:680)
Caused by: net.schmizz.sshj.userauth.UserAuthException: Exhausted available authentication methods
	at net.schmizz.sshj.userauth.UserAuthImpl.authenticate(UserAuthImpl.java:114)
	at net.schmizz.sshj.SSHClient.auth(SSHClient.java:205)
	at net.schmizz.sshj.SSHClient.auth(SSHClient.java:190)
	at net.schmizz.sshj.SSHClient.authPassword(SSHClient.java:266)
	at net.schmizz.sshj.SSHClient.authPassword(SSHClient.java:236)
	at net.schmizz.sshj.SSHClient.authPassword(SSHClient.java:220)
	at org.jclouds.sshj.SSHClientConnection.create(SSHClientConnection.java:140)
	at org.jclouds.sshj.SSHClientConnection.create(SSHClientConnection.java:40)
	at org.jclouds.sshj.SshjSshClient.acquire(SshjSshClient.java:193)
	... 32 more
Caused by: net.schmizz.sshj.userauth.UserAuthException: keyboard-interactive auth not allowed by server
	at net.schmizz.sshj.userauth.UserAuthImpl.authenticate(UserAuthImpl.java:81)
	... 40 more
Caused by: net.schmizz.sshj.userauth.UserAuthException: Exhausted available authentication methods
	at net.schmizz.sshj.userauth.UserAuthImpl.authenticate(UserAuthImpl.java:114)
	at net.schmizz.sshj.SSHClient.auth(SSHClient.java:205)
	at net.schmizz.sshj.SSHClient.auth(SSHClient.java:190)
	at net.schmizz.sshj.SSHClient.authPassword(SSHClient.java:266)
	at net.schmizz.sshj.SSHClient.authPassword(SSHClient.java:236)
	at net.schmizz.sshj.SSHClient.authPassword(SSHClient.java:220)
	at org.jclouds.sshj.SSHClientConnection.create(SSHClientConnection.java:140)
	at org.jclouds.sshj.SSHClientConnection.create(SSHClientConnection.java:40)
	at org.jclouds.sshj.SshjSshClient.acquire(SshjSshClient.java:193)
	... 32 more
Caused by: net.schmizz.sshj.userauth.UserAuthException: keyboard-interactive auth not allowed by server
	at net.schmizz.sshj.userauth.UserAuthImpl.authenticate(UserAuthImpl.java:81)
	... 40 more

testAScriptExecutionAfterBootWithBasicTemplate(org.jclouds.openstack.nova.v2_0.compute.NovaComputeServiceLiveTest)  Time elapsed: 76.736 sec  <<< FAILURE!
org.jclouds.compute.RunScriptOnNodesException: error runScript on filtered nodes options({loginUser=ubuntu, loginPasswordPresent=true, loginPrivateKeyPresent=true, runAsRoot=false, wrapInInitScript=false})
Execution failures:
0 error[s]
Node failures:
1) AuthorizationException on node az-3.region-a.geo-1/727817:
org.jclouds.rest.AuthorizationException: (ubuntu:pw[92a95ab2692517f5e3ac021b54fcadf8]@15.185.227.214:22) (ubuntu:pw[92a95ab2692517f5e3ac021b54fcadf8]@15.185.227.214:22) error acquiring {hostAndPort=15.185.227.214:22, loginUser=ubuntu, ssh=null, connectTimeout=60000, sessionTimeout=60000} (out of retries - max 7): Exhausted available authentication methods
	at org.jclouds.sshj.SshjSshClient.propagate(SshjSshClient.java:382)
	at org.jclouds.sshj.SshjSshClient.acquire(SshjSshClient.java:203)
	at org.jclouds.sshj.SshjSshClient.connect(SshjSshClient.java:223)
	at org.jclouds.compute.callables.RunScriptOnNodeUsingSsh.call(RunScriptOnNodeUsingSsh.java:80)
	at org.jclouds.compute.strategy.RunScriptOnNodeAndAddToGoodMapOrPutExceptionIntoBadMap.call(RunScriptOnNodeAndAddToGoodMapOrPutExceptionIntoBadMap.java:69)
	at org.jclouds.compute.strategy.RunScriptOnNodeAndAddToGoodMapOrPutExceptionIntoBadMap.call(RunScriptOnNodeAndAddToGoodMapOrPutExceptionIntoBadMap.java:44)
	at java.util.concurrent.FutureTask$Sync.innerRun(FutureTask.java:303)
	at java.util.concurrent.FutureTask.run(FutureTask.java:138)
	at java.util.concurrent.ThreadPoolExecutor$Worker.runTask(ThreadPoolExecutor.java:895)
	at java.util.concurrent.ThreadPoolExecutor$Worker.run(ThreadPoolExecutor.java:918)
	at java.lang.Thread.run(Thread.java:680)
Caused by: net.schmizz.sshj.userauth.UserAuthException: Exhausted available authentication methods
	at net.schmizz.sshj.userauth.UserAuthImpl.authenticate(UserAuthImpl.java:114)
	at net.schmizz.sshj.SSHClient.auth(SSHClient.java:205)
	at net.schmizz.sshj.SSHClient.auth(SSHClient.java:190)
	at net.schmizz.sshj.SSHClient.authPassword(SSHClient.java:266)
	at net.schmizz.sshj.SSHClient.authPassword(SSHClient.java:236)
	at net.schmizz.sshj.SSHClient.authPassword(SSHClient.java:220)
	at org.jclouds.sshj.SSHClientConnection.create(SSHClientConnection.java:140)
	at org.jclouds.sshj.SSHClientConnection.create(SSHClientConnection.java:40)
	at org.jclouds.sshj.SshjSshClient.acquire(SshjSshClient.java:193)
	... 9 more
Caused by: net.schmizz.sshj.userauth.UserAuthException: keyboard-interactive auth not allowed by server
	at net.schmizz.sshj.userauth.UserAuthImpl.authenticate(UserAuthImpl.java:81)
	... 17 more
1 error[s]
	at org.jclouds.compute.internal.BaseComputeService.runScriptOnNodesMatching(BaseComputeService.java:560)
	at org.jclouds.compute.internal.BaseComputeService.runScriptOnNodesMatching(BaseComputeService.java:520)
	at sun.reflect.NativeMethodAccessorImpl.invoke0(Native Method)
	at sun.reflect.NativeMethodAccessorImpl.invoke(NativeMethodAccessorImpl.java:39)
	at sun.reflect.DelegatingMethodAccessorImpl.invoke(DelegatingMethodAccessorImpl.java:25)
	at java.lang.reflect.Method.invoke(Method.java:597)
	at com.google.inject.internal.DelegatingInvocationHandler.invoke(DelegatingInvocationHandler.java:37)
	at com.sun.proxy.$Proxy63.runScriptOnNodesMatching(Unknown Source)
	at org.jclouds.compute.internal.BaseComputeServiceLiveTest.testAScriptExecutionAfterBootWithBasicTemplate(BaseComputeServiceLiveTest.java:228)
	at sun.reflect.NativeMethodAccessorImpl.invoke0(Native Method)
	at sun.reflect.NativeMethodAccessorImpl.invoke(NativeMethodAccessorImpl.java:39)
	at sun.reflect.DelegatingMethodAccessorImpl.invoke(DelegatingMethodAccessorImpl.java:25)
	at java.lang.reflect.Method.invoke(Method.java:597)
	at org.testng.internal.MethodInvocationHelper.invokeMethod(MethodInvocationHelper.java:80)
	at org.testng.internal.Invoker.invokeMethod(Invoker.java:714)
	at org.testng.internal.Invoker.invokeTestMethod(Invoker.java:901)
	at org.testng.internal.Invoker.invokeTestMethods(Invoker.java:1231)
	at org.testng.internal.TestMethodWorker.invokeTestMethods(TestMethodWorker.java:127)
	at org.testng.internal.TestMethodWorker.run(TestMethodWorker.java:111)
	at org.testng.TestRunner.privateRun(TestRunner.java:767)
	at org.testng.TestRunner.run(TestRunner.java:617)
	at org.testng.SuiteRunner.runTest(SuiteRunner.java:334)
	at org.testng.SuiteRunner.access$000(SuiteRunner.java:37)
	at org.testng.SuiteRunner$SuiteWorker.run(SuiteRunner.java:368)
	at org.testng.internal.thread.ThreadUtil$2.call(ThreadUtil.java:64)
	at java.util.concurrent.FutureTask$Sync.innerRun(FutureTask.java:303)
	at java.util.concurrent.FutureTask.run(FutureTask.java:138)
	at java.util.concurrent.ThreadPoolExecutor$Worker.runTask(ThreadPoolExecutor.java:895)
	at java.util.concurrent.ThreadPoolExecutor$Worker.run(ThreadPoolExecutor.java:918)
	at java.lang.Thread.run(Thread.java:680)
Caused by: net.schmizz.sshj.userauth.UserAuthException: Exhausted available authentication methods
	at net.schmizz.sshj.userauth.UserAuthImpl.authenticate(UserAuthImpl.java:114)
	at net.schmizz.sshj.SSHClient.auth(SSHClient.java:205)
	at net.schmizz.sshj.SSHClient.auth(SSHClient.java:190)
	at net.schmizz.sshj.SSHClient.authPassword(SSHClient.java:266)
	at net.schmizz.sshj.SSHClient.authPassword(SSHClient.java:236)
	at net.schmizz.sshj.SSHClient.authPassword(SSHClient.java:220)
	at org.jclouds.sshj.SSHClientConnection.create(SSHClientConnection.java:140)
	at org.jclouds.sshj.SSHClientConnection.create(SSHClientConnection.java:40)
	at org.jclouds.sshj.SshjSshClient.acquire(SshjSshClient.java:193)
	... 9 more
Caused by: net.schmizz.sshj.userauth.UserAuthException: keyboard-interactive auth not allowed by server
	at net.schmizz.sshj.userauth.UserAuthImpl.authenticate(UserAuthImpl.java:81)
	... 17 more
1 error[s]
	at org.jclouds.compute.internal.BaseComputeService.runScriptOnNodesMatching(BaseComputeService.java:560)
	at org.jclouds.compute.internal.BaseComputeService.runScriptOnNodesMatching(BaseComputeService.java:520)
	at sun.reflect.NativeMethodAccessorImpl.invoke0(Native Method)
	at sun.reflect.NativeMethodAccessorImpl.invoke(NativeMethodAccessorImpl.java:39)
	at sun.reflect.DelegatingMethodAccessorImpl.invoke(DelegatingMethodAccessorImpl.java:25)
	at java.lang.reflect.Method.invoke(Method.java:597)
	at com.google.inject.internal.DelegatingInvocationHandler.invoke(DelegatingInvocationHandler.java:37)
	at com.sun.proxy.$Proxy63.runScriptOnNodesMatching(Unknown Source)
	at org.jclouds.compute.internal.BaseComputeServiceLiveTest.testAScriptExecutionAfterBootWithBasicTemplate(BaseComputeServiceLiveTest.java:228)
	at sun.reflect.NativeMethodAccessorImpl.invoke0(Native Method)
	at sun.reflect.NativeMethodAccessorImpl.invoke(NativeMethodAccessorImpl.java:39)
	at sun.reflect.DelegatingMethodAccessorImpl.invoke(DelegatingMethodAccessorImpl.java:25)
	at java.lang.reflect.Method.invoke(Method.java:597)
	at org.testng.internal.MethodInvocationHelper.invokeMethod(MethodInvocationHelper.java:80)
	at org.testng.internal.Invoker.invokeMethod(Invoker.java:714)
	at org.testng.internal.Invoker.invokeTestMethod(Invoker.java:901)
	at org.testng.internal.Invoker.invokeTestMethods(Invoker.java:1231)
	at org.testng.internal.TestMethodWorker.invokeTestMethods(TestMethodWorker.java:127)
	at org.testng.internal.TestMethodWorker.run(TestMethodWorker.java:111)
	at org.testng.TestRunner.privateRun(TestRunner.java:767)
	at org.testng.TestRunner.run(TestRunner.java:617)
	at org.testng.SuiteRunner.runTest(SuiteRunner.java:334)
	at org.testng.SuiteRunner.access$000(SuiteRunner.java:37)
	at org.testng.SuiteRunner$SuiteWorker.run(SuiteRunner.java:368)
	at org.testng.internal.thread.ThreadUtil$2.call(ThreadUtil.java:64)
	at java.util.concurrent.FutureTask$Sync.innerRun(FutureTask.java:303)
	at java.util.concurrent.FutureTask.run(FutureTask.java:138)
	at java.util.concurrent.ThreadPoolExecutor$Worker.runTask(ThreadPoolExecutor.java:895)
	at java.util.concurrent.ThreadPoolExecutor$Worker.run(ThreadPoolExecutor.java:918)
	at java.lang.Thread.run(Thread.java:680)

testCreateTwoNodesWithRunScript(org.jclouds.openstack.nova.v2_0.compute.NovaComputeServiceLiveTest)  Time elapsed: 53.009 sec  <<< FAILURE!
org.jclouds.compute.RunNodesException: error running 2 nodes group(openstack-nova) location(az-3.region-a.geo-1) image(48335) size(100) options({scriptPresent=true, autoAssignFloatingIp=false})
Execution failures:
0 error[s]
Node failures:
1) AuthorizationException on node az-3.region-a.geo-1/727833:
org.jclouds.rest.AuthorizationException: (ubuntu:pw[cd9e62a8aa4ad0155a3e57c2c93a91e3]@15.185.227.214:22) (ubuntu:pw[cd9e62a8aa4ad0155a3e57c2c93a91e3]@15.185.227.214:22) error acquiring {hostAndPort=15.185.227.214:22, loginUser=ubuntu, ssh=null, connectTimeout=60000, sessionTimeout=60000} (out of retries - max 7): Exhausted available authentication methods
	at org.jclouds.sshj.SshjSshClient.propagate(SshjSshClient.java:382)
	at org.jclouds.sshj.SshjSshClient.acquire(SshjSshClient.java:203)
	at org.jclouds.sshj.SshjSshClient.connect(SshjSshClient.java:223)
	at org.jclouds.compute.callables.RunScriptOnNodeAsInitScriptUsingSsh.call(RunScriptOnNodeAsInitScriptUsingSsh.java:78)
	at org.jclouds.compute.strategy.CustomizeNodeAndAddToGoodMapOrPutExceptionIntoBadMap.call(CustomizeNodeAndAddToGoodMapOrPutExceptionIntoBadMap.java:127)
	at org.jclouds.compute.strategy.CustomizeNodeAndAddToGoodMapOrPutExceptionIntoBadMap.apply(CustomizeNodeAndAddToGoodMapOrPutExceptionIntoBadMap.java:148)
	at org.jclouds.compute.strategy.CustomizeNodeAndAddToGoodMapOrPutExceptionIntoBadMap.apply(CustomizeNodeAndAddToGoodMapOrPutExceptionIntoBadMap.java:55)
	at com.google.common.util.concurrent.Futures$1.apply(Futures.java:725)
	at com.google.common.util.concurrent.Futures$ChainingListenableFuture.run(Futures.java:864)
	at java.util.concurrent.ThreadPoolExecutor$Worker.runTask(ThreadPoolExecutor.java:895)
	at java.util.concurrent.ThreadPoolExecutor$Worker.run(ThreadPoolExecutor.java:918)
	at java.lang.Thread.run(Thread.java:680)
Caused by: net.schmizz.sshj.userauth.UserAuthException: Exhausted available authentication methods
	at net.schmizz.sshj.userauth.UserAuthImpl.authenticate(UserAuthImpl.java:114)
	at net.schmizz.sshj.SSHClient.auth(SSHClient.java:205)
	at net.schmizz.sshj.SSHClient.auth(SSHClient.java:190)
	at net.schmizz.sshj.SSHClient.authPassword(SSHClient.java:266)
	at net.schmizz.sshj.SSHClient.authPassword(SSHClient.java:236)
	at net.schmizz.sshj.SSHClient.authPassword(SSHClient.java:220)
	at org.jclouds.sshj.SSHClientConnection.create(SSHClientConnection.java:140)
	at org.jclouds.sshj.SSHClientConnection.create(SSHClientConnection.java:40)
	at org.jclouds.sshj.SshjSshClient.acquire(SshjSshClient.java:193)
	... 10 more
Caused by: net.schmizz.sshj.userauth.UserAuthException: keyboard-interactive auth not allowed by server
	at net.schmizz.sshj.userauth.UserAuthImpl.authenticate(UserAuthImpl.java:81)
	... 18 more
2) AuthorizationException on node az-3.region-a.geo-1/727831:
org.jclouds.rest.AuthorizationException: (ubuntu:pw[b9d6c75b908a5510717b7f771e1dfcab]@15.185.227.92:22) (ubuntu:pw[b9d6c75b908a5510717b7f771e1dfcab]@15.185.227.92:22) error acquiring {hostAndPort=15.185.227.92:22, loginUser=ubuntu, ssh=null, connectTimeout=60000, sessionTimeout=60000} (out of retries - max 7): Exhausted available authentication methods
	at org.jclouds.sshj.SshjSshClient.propagate(SshjSshClient.java:382)
	at org.jclouds.sshj.SshjSshClient.acquire(SshjSshClient.java:203)
	at org.jclouds.sshj.SshjSshClient.connect(SshjSshClient.java:223)
	at org.jclouds.compute.callables.RunScriptOnNodeAsInitScriptUsingSsh.call(RunScriptOnNodeAsInitScriptUsingSsh.java:78)
	at org.jclouds.compute.strategy.CustomizeNodeAndAddToGoodMapOrPutExceptionIntoBadMap.call(CustomizeNodeAndAddToGoodMapOrPutExceptionIntoBadMap.java:127)
	at org.jclouds.compute.strategy.CustomizeNodeAndAddToGoodMapOrPutExceptionIntoBadMap.apply(CustomizeNodeAndAddToGoodMapOrPutExceptionIntoBadMap.java:148)
	at org.jclouds.compute.strategy.CustomizeNodeAndAddToGoodMapOrPutExceptionIntoBadMap.apply(CustomizeNodeAndAddToGoodMapOrPutExceptionIntoBadMap.java:55)
	at com.google.common.util.concurrent.Futures$1.apply(Futures.java:725)
	at com.google.common.util.concurrent.Futures$ChainingListenableFuture.run(Futures.java:864)
	at java.util.concurrent.ThreadPoolExecutor$Worker.runTask(ThreadPoolExecutor.java:895)
	at java.util.concurrent.ThreadPoolExecutor$Worker.run(ThreadPoolExecutor.java:918)
	at java.lang.Thread.run(Thread.java:680)
Caused by: net.schmizz.sshj.userauth.UserAuthException: Exhausted available authentication methods
	at net.schmizz.sshj.userauth.UserAuthImpl.authenticate(UserAuthImpl.java:114)
	at net.schmizz.sshj.SSHClient.auth(SSHClient.java:205)
	at net.schmizz.sshj.SSHClient.auth(SSHClient.java:190)
	at net.schmizz.sshj.SSHClient.authPassword(SSHClient.java:266)
	at net.schmizz.sshj.SSHClient.authPassword(SSHClient.java:236)
	at net.schmizz.sshj.SSHClient.authPassword(SSHClient.java:220)
	at org.jclouds.sshj.SSHClientConnection.create(SSHClientConnection.java:140)
	at org.jclouds.sshj.SSHClientConnection.create(SSHClientConnection.java:40)
	at org.jclouds.sshj.SshjSshClient.acquire(SshjSshClient.java:193)
	... 10 more
Caused by: net.schmizz.sshj.userauth.UserAuthException: keyboard-interactive auth not allowed by server
	at net.schmizz.sshj.userauth.UserAuthImpl.authenticate(UserAuthImpl.java:81)
	... 18 more
2 error[s]
	at org.jclouds.compute.internal.BaseComputeService.createNodesInGroup(BaseComputeService.java:226)
	at sun.reflect.NativeMethodAccessorImpl.invoke0(Native Method)
	at sun.reflect.NativeMethodAccessorImpl.invoke(NativeMethodAccessorImpl.java:39)
	at sun.reflect.DelegatingMethodAccessorImpl.invoke(DelegatingMethodAccessorImpl.java:25)
	at java.lang.reflect.Method.invoke(Method.java:597)
	at com.google.inject.internal.DelegatingInvocationHandler.invoke(DelegatingInvocationHandler.java:37)
	at com.sun.proxy.$Proxy63.createNodesInGroup(Unknown Source)
	at org.jclouds.compute.internal.BaseComputeServiceLiveTest.testCreateTwoNodesWithRunScript(BaseComputeServiceLiveTest.java:341)
	at sun.reflect.NativeMethodAccessorImpl.invoke0(Native Method)
	at sun.reflect.NativeMethodAccessorImpl.invoke(NativeMethodAccessorImpl.java:39)
	at sun.reflect.DelegatingMethodAccessorImpl.invoke(DelegatingMethodAccessorImpl.java:25)
	at java.lang.reflect.Method.invoke(Method.java:597)
	at org.testng.internal.MethodInvocationHelper.invokeMethod(MethodInvocationHelper.java:80)
	at org.testng.internal.Invoker.invokeMethod(Invoker.java:714)
	at org.testng.internal.Invoker.invokeTestMethod(Invoker.java:901)
	at org.testng.internal.Invoker.invokeTestMethods(Invoker.java:1231)
	at org.testng.internal.TestMethodWorker.invokeTestMethods(TestMethodWorker.java:127)
	at org.testng.internal.TestMethodWorker.run(TestMethodWorker.java:111)
	at org.testng.TestRunner.privateRun(TestRunner.java:767)
	at org.testng.TestRunner.run(TestRunner.java:617)
	at org.testng.SuiteRunner.runTest(SuiteRunner.java:334)
	at org.testng.SuiteRunner.access$000(SuiteRunner.java:37)
	at org.testng.SuiteRunner$SuiteWorker.run(SuiteRunner.java:368)
	at org.testng.internal.thread.ThreadUtil$2.call(ThreadUtil.java:64)
	at java.util.concurrent.FutureTask$Sync.innerRun(FutureTask.java:303)
	at java.util.concurrent.FutureTask.run(FutureTask.java:138)
	at java.util.concurrent.ThreadPoolExecutor$Worker.runTask(ThreadPoolExecutor.java:895)
	at java.util.concurrent.ThreadPoolExecutor$Worker.run(ThreadPoolExecutor.java:918)
	at java.lang.Thread.run(Thread.java:680)
Caused by: net.schmizz.sshj.userauth.UserAuthException: Exhausted available authentication methods
	at net.schmizz.sshj.userauth.UserAuthImpl.authenticate(UserAuthImpl.java:114)
	at net.schmizz.sshj.SSHClient.auth(SSHClient.java:205)
	at net.schmizz.sshj.SSHClient.auth(SSHClient.java:190)
	at net.schmizz.sshj.SSHClient.authPassword(SSHClient.java:266)
	at net.schmizz.sshj.SSHClient.authPassword(SSHClient.java:236)
	at net.schmizz.sshj.SSHClient.authPassword(SSHClient.java:220)
	at org.jclouds.sshj.SSHClientConnection.create(SSHClientConnection.java:140)
	at org.jclouds.sshj.SSHClientConnection.create(SSHClientConnection.java:40)
	at org.jclouds.sshj.SshjSshClient.acquire(SshjSshClient.java:193)
	... 10 more
Caused by: net.schmizz.sshj.userauth.UserAuthException: keyboard-interactive auth not allowed by server
	at net.schmizz.sshj.userauth.UserAuthImpl.authenticate(UserAuthImpl.java:81)
	... 18 more
2) AuthorizationException on node az-3.region-a.geo-1/727831:
org.jclouds.rest.AuthorizationException: (ubuntu:pw[b9d6c75b908a5510717b7f771e1dfcab]@15.185.227.92:22) (ubuntu:pw[b9d6c75b908a5510717b7f771e1dfcab]@15.185.227.92:22) error acquiring {hostAndPort=15.185.227.92:22, loginUser=ubuntu, ssh=null, connectTimeout=60000, sessionTimeout=60000} (out of retries - max 7): Exhausted available authentication methods
	at org.jclouds.sshj.SshjSshClient.propagate(SshjSshClient.java:382)
	at org.jclouds.sshj.SshjSshClient.acquire(SshjSshClient.java:203)
	at org.jclouds.sshj.SshjSshClient.connect(SshjSshClient.java:223)
	at org.jclouds.compute.callables.RunScriptOnNodeAsInitScriptUsingSsh.call(RunScriptOnNodeAsInitScriptUsingSsh.java:78)
	at org.jclouds.compute.strategy.CustomizeNodeAndAddToGoodMapOrPutExceptionIntoBadMap.call(CustomizeNodeAndAddToGoodMapOrPutExceptionIntoBadMap.java:127)
	at org.jclouds.compute.strategy.CustomizeNodeAndAddToGoodMapOrPutExceptionIntoBadMap.apply(CustomizeNodeAndAddToGoodMapOrPutExceptionIntoBadMap.java:148)
	at org.jclouds.compute.strategy.CustomizeNodeAndAddToGoodMapOrPutExceptionIntoBadMap.apply(CustomizeNodeAndAddToGoodMapOrPutExceptionIntoBadMap.java:55)
	at com.google.common.util.concurrent.Futures$1.apply(Futures.java:725)
	at com.google.common.util.concurrent.Futures$ChainingListenableFuture.run(Futures.java:864)
	at java.util.concurrent.ThreadPoolExecutor$Worker.runTask(ThreadPoolExecutor.java:895)
	at java.util.concurrent.ThreadPoolExecutor$Worker.run(ThreadPoolExecutor.java:918)
	at java.lang.Thread.run(Thread.java:680)
Caused by: net.schmizz.sshj.userauth.UserAuthException: Exhausted available authentication methods
	at net.schmizz.sshj.userauth.UserAuthImpl.authenticate(UserAuthImpl.java:114)
	at net.schmizz.sshj.SSHClient.auth(SSHClient.java:205)
	at net.schmizz.sshj.SSHClient.auth(SSHClient.java:190)
	at net.schmizz.sshj.SSHClient.authPassword(SSHClient.java:266)
	at net.schmizz.sshj.SSHClient.authPassword(SSHClient.java:236)
	at net.schmizz.sshj.SSHClient.authPassword(SSHClient.java:220)
	at org.jclouds.sshj.SSHClientConnection.create(SSHClientConnection.java:140)
	at org.jclouds.sshj.SSHClientConnection.create(SSHClientConnection.java:40)
	at org.jclouds.sshj.SshjSshClient.acquire(SshjSshClient.java:193)
	... 10 more
Caused by: net.schmizz.sshj.userauth.UserAuthException: keyboard-interactive auth not allowed by server
	at net.schmizz.sshj.userauth.UserAuthImpl.authenticate(UserAuthImpl.java:81)
	... 18 more
2 error[s]
	at org.jclouds.compute.internal.BaseComputeService.createNodesInGroup(BaseComputeService.java:226)
	at sun.reflect.NativeMethodAccessorImpl.invoke0(Native Method)
	at sun.reflect.NativeMethodAccessorImpl.invoke(NativeMethodAccessorImpl.java:39)
	at sun.reflect.DelegatingMethodAccessorImpl.invoke(DelegatingMethodAccessorImpl.java:25)
	at java.lang.reflect.Method.invoke(Method.java:597)
	at com.google.inject.internal.DelegatingInvocationHandler.invoke(DelegatingInvocationHandler.java:37)
	at com.sun.proxy.$Proxy63.createNodesInGroup(Unknown Source)
	at org.jclouds.compute.internal.BaseComputeServiceLiveTest.testCreateTwoNodesWithRunScript(BaseComputeServiceLiveTest.java:341)
	at sun.reflect.NativeMethodAccessorImpl.invoke0(Native Method)
	at sun.reflect.NativeMethodAccessorImpl.invoke(NativeMethodAccessorImpl.java:39)
	at sun.reflect.DelegatingMethodAccessorImpl.invoke(DelegatingMethodAccessorImpl.java:25)
	at java.lang.reflect.Method.invoke(Method.java:597)
	at org.testng.internal.MethodInvocationHelper.invokeMethod(MethodInvocationHelper.java:80)
	at org.testng.internal.Invoker.invokeMethod(Invoker.java:714)
	at org.testng.internal.Invoker.invokeTestMethod(Invoker.java:901)
	at org.testng.internal.Invoker.invokeTestMethods(Invoker.java:1231)
	at org.testng.internal.TestMethodWorker.invokeTestMethods(TestMethodWorker.java:127)
	at org.testng.internal.TestMethodWorker.run(TestMethodWorker.java:111)
	at org.testng.TestRunner.privateRun(TestRunner.java:767)
	at org.testng.TestRunner.run(TestRunner.java:617)
	at org.testng.SuiteRunner.runTest(SuiteRunner.java:334)
	at org.testng.SuiteRunner.access$000(SuiteRunner.java:37)
	at org.testng.SuiteRunner$SuiteWorker.run(SuiteRunner.java:368)
	at org.testng.internal.thread.ThreadUtil$2.call(ThreadUtil.java:64)
	at java.util.concurrent.FutureTask$Sync.innerRun(FutureTask.java:303)
	at java.util.concurrent.FutureTask.run(FutureTask.java:138)
	at java.util.concurrent.ThreadPoolExecutor$Worker.runTask(ThreadPoolExecutor.java:895)
	at java.util.concurrent.ThreadPoolExecutor$Worker.run(ThreadPoolExecutor.java:918)
	at java.lang.Thread.run(Thread.java:680)


Results :

Failed tests:   testAddAndRemoveFloatingIp(org.jclouds.openstack.nova.v2_0.extensions.FloatingIPApiLiveTest)
  testAttachments(org.jclouds.openstack.nova.v2_0.extensions.VolumeAttachmentApiLiveTest): {"badRequest": {"message": "Server with the name 'adriancole' already exists", "code": 400}}
  testAttachments(org.jclouds.openstack.nova.v2_0.extensions.VolumeApiLiveTest)
  testCreateImage(org.jclouds.openstack.nova.v2_0.compute.extensions.NovaImageExtensionLiveTest): (ubuntu:pw[1f88013c1c2b9b3e00f9ac859fb8d8e4]@15.185.226.165:22) (ubuntu:pw[1f88013c1c2b9b3e00f9ac859fb8d8e4]@15.185.226.165:22) error acquiring {hostAndPort=15.185.226.165:22, loginUser=ubuntu, ssh=null, connectTimeout=60000, sessionTimeout=60000} (out of retries - max 7): Exhausted available authentication methods
  testCreateAndRunAService(org.jclouds.openstack.nova.v2_0.compute.NovaComputeServiceLiveTest): (ubuntu:pw[3317f58ff0c101f9e5950d7229b21a84]@15.185.227.214:22) (ubuntu:pw[3317f58ff0c101f9e5950d7229b21a84]@15.185.227.214:22) error acquiring {hostAndPort=15.185.227.214:22, loginUser=ubuntu, ssh=null, connectTimeout=60000, sessionTimeout=60000} (out of retries - max 7): Exhausted available authentication methods
  testAScriptExecutionAfterBootWithBasicTemplate(org.jclouds.openstack.nova.v2_0.compute.NovaComputeServiceLiveTest): error runScript on filtered nodes options({loginUser=ubuntu, loginPasswordPresent=true, loginPrivateKeyPresent=true, runAsRoot=false, wrapInInitScript=false})(..)
  testCreateTwoNodesWithRunScript(org.jclouds.openstack.nova.v2_0.compute.NovaComputeServiceLiveTest): error running 2 nodes group(openstack-nova) location(az-3.region-a.geo-1) image(48335) size(100) options({scriptPresent=true, autoAssignFloatingIp=false})(..)

Tests run: 78, Failures: 7, Errors: 0, Skipped: 15

[INFO] ------------------------------------------------------------------------
[INFO] BUILD FAILURE
[INFO] ------------------------------------------------------------------------
[INFO] Total time: 6:08.439s
[INFO] Finished at: Sat Mar 09 09:23:10 PST 2013
[INFO] Final Memory: 20M/265M
[INFO] ------------------------------------------------------------------------
[ERROR] Failed to execute goal org.apache.maven.plugins:maven-surefire-plugin:2.12.4:test (integration) on project openstack-nova: There are test failures.
[ERROR] 
[ERROR] Please refer to /Users/adriancole/workspace/git/1.6.x/jclouds/apis/openstack-nova/target/surefire-reports for the individual test results.
[ERROR] -> [Help 1]
[ERROR] 
[ERROR] To see the full stack trace of the errors, re-run Maven with the -e switch.
[ERROR] Re-run Maven using the -X switch to enable full debug logging.
[ERROR] 
[ERROR] For more information about the errors and possible solutions, please read the following articles:
[ERROR] [Help 1] http://cwiki.apache.org/confluence/display/MAVEN/MojoFailureException
