[INFO] Scanning for projects...
[WARNING] 
[WARNING] Some problems were encountered while building the effective model for org.jclouds.provider:rackspace-cloudservers-us:bundle:1.6.0-SNAPSHOT
[WARNING] 'parent.relativePath' of POM org.jclouds:jclouds-project:1.6.0-SNAPSHOT (/Users/adriancole/workspace/git/1.6.x/jclouds/project/pom.xml) points at org.jclouds:jclouds-multi instead of org.sonatype.oss:oss-parent, please verify your project structure @ org.jclouds:jclouds-project:1.6.0-SNAPSHOT, /Users/adriancole/workspace/git/1.6.x/jclouds/project/pom.xml, line 24, column 13
[WARNING] 
[WARNING] It is highly recommended to fix these problems because they threaten the stability of your build.
[WARNING] 
[WARNING] For this reason, future Maven versions might no longer support building such malformed projects.
[WARNING] 
[INFO]                                                                         
[INFO] ------------------------------------------------------------------------
[INFO] Building jclouds Rackspace Next Generation Cloud Servers US provider 1.6.0-SNAPSHOT
[INFO] ------------------------------------------------------------------------
[INFO] 
[INFO] --- maven-clean-plugin:2.4.1:clean (default-clean) @ rackspace-cloudservers-us ---
[INFO] 
[INFO] --- maven-enforcer-plugin:1.1.1:enforce (enforce-maven) @ rackspace-cloudservers-us ---
[INFO] 
[INFO] --- maven-enforcer-plugin:1.1.1:enforce (enforce-banned-dependencies) @ rackspace-cloudservers-us ---
[INFO] 
[INFO] --- maven-enforcer-plugin:1.1.1:enforce (enforce-java) @ rackspace-cloudservers-us ---
[INFO] 
[INFO] --- maven-remote-resources-plugin:1.4:process (process-remote-resources) @ rackspace-cloudservers-us ---
[INFO] 
[INFO] --- maven-resources-plugin:2.6:resources (default-resources) @ rackspace-cloudservers-us ---
[INFO] Using 'UTF-8' encoding to copy filtered resources.
[INFO] skip non existing resourceDirectory /Users/adriancole/workspace/git/1.6.x/jclouds/providers/rackspace-cloudservers-us/src/main/clojure
[INFO] Copying 1 resource
[INFO] Copying 2 resources
[INFO] 
[INFO] --- maven-compiler-plugin:2.5.1:compile (default-compile) @ rackspace-cloudservers-us ---
[INFO] Compiling 2 source files to /Users/adriancole/workspace/git/1.6.x/jclouds/providers/rackspace-cloudservers-us/target/classes
[INFO] 
[INFO] --- maven-resources-plugin:2.6:testResources (default-testResources) @ rackspace-cloudservers-us ---
[INFO] Using 'UTF-8' encoding to copy filtered resources.
[INFO] skip non existing resourceDirectory /Users/adriancole/workspace/git/1.6.x/jclouds/providers/rackspace-cloudservers-us/src/test/clojure
[INFO] Copying 2 resources
[INFO] Copying 2 resources
[INFO] 
[INFO] --- maven-compiler-plugin:2.5.1:testCompile (default-testCompile) @ rackspace-cloudservers-us ---
[INFO] Compiling 8 source files to /Users/adriancole/workspace/git/1.6.x/jclouds/providers/rackspace-cloudservers-us/target/test-classes
[INFO] 
[INFO] --- maven-surefire-plugin:2.12.4:test (default-test) @ rackspace-cloudservers-us ---
[INFO] Surefire report directory: /Users/adriancole/workspace/git/1.6.x/jclouds/providers/rackspace-cloudservers-us/target/surefire-reports

-------------------------------------------------------
 T E S T S
-------------------------------------------------------
Running TestSuite
Configuring TestNG with: org.apache.maven.surefire.testng.conf.TestNG652Configurator@5a77a7f9
Starting test testCanGetConfiguredZones(org.jclouds.rackspace.cloudservers.us.CloudServersUSProviderMetadataExpectTest)
[pool-1-thread-1] Test testCanGetConfiguredZones(org.jclouds.rackspace.cloudservers.us.CloudServersUSProviderMetadataExpectTest) succeeded: 1547ms
Test suite progress: tests succeeded: 1, failed: 0, skipped: 0.
Starting test testAllContains(org.jclouds.rackspace.cloudservers.us.CloudServersUSProviderTest)
[pool-2-thread-1] Test testAllContains(org.jclouds.rackspace.cloudservers.us.CloudServersUSProviderTest) succeeded: 2ms
Test suite progress: tests succeeded: 2, failed: 0, skipped: 0.
Starting test testOfApiContains(org.jclouds.rackspace.cloudservers.us.CloudServersUSProviderTest)
[pool-2-thread-2] Test testOfApiContains(org.jclouds.rackspace.cloudservers.us.CloudServersUSProviderTest) succeeded: 2ms
Test suite progress: tests succeeded: 3, failed: 0, skipped: 0.
Starting test testTransformableToContains(org.jclouds.rackspace.cloudservers.us.CloudServersUSProviderTest)
Starting test testWithId(org.jclouds.rackspace.cloudservers.us.CloudServersUSProviderTest)
[pool-2-thread-4] Test testWithId(org.jclouds.rackspace.cloudservers.us.CloudServersUSProviderTest) succeeded: 2ms
Test suite progress: tests succeeded: 4, failed: 0, skipped: 0.
[pool-2-thread-3] Test testTransformableToContains(org.jclouds.rackspace.cloudservers.us.CloudServersUSProviderTest) succeeded: 2ms
Test suite progress: tests succeeded: 5, failed: 0, skipped: 0.
Tests run: 5, Failures: 0, Errors: 0, Skipped: 0, Time elapsed: 2.226 sec

Results :

Tests run: 5, Failures: 0, Errors: 0, Skipped: 0

[INFO] 
[INFO] --- maven-bundle-plugin:2.3.7:bundle (default-bundle) @ rackspace-cloudservers-us ---
[INFO] 
[INFO] --- maven-jar-plugin:2.4:test-jar (default) @ rackspace-cloudservers-us ---
[INFO] Building jar: /Users/adriancole/workspace/git/1.6.x/jclouds/providers/rackspace-cloudservers-us/target/rackspace-cloudservers-us-1.6.0-SNAPSHOT-tests.jar
[INFO] 
[INFO] --- maven-surefire-plugin:2.12.4:test (integration) @ rackspace-cloudservers-us ---
[INFO] Surefire report directory: /Users/adriancole/workspace/git/1.6.x/jclouds/providers/rackspace-cloudservers-us/target/surefire-reports

-------------------------------------------------------
 T E S T S
-------------------------------------------------------
Running TestSuite
Configuring TestNG with: org.apache.maven.surefire.testng.conf.TestNG652Configurator@45b9ce4b
17:10:54,974 |-INFO in ch.qos.logback.classic.LoggerContext[default] - Could NOT find resource [logback.groovy]
17:10:54,974 |-INFO in ch.qos.logback.classic.LoggerContext[default] - Could NOT find resource [logback-test.xml]
17:10:54,974 |-INFO in ch.qos.logback.classic.LoggerContext[default] - Found resource [logback.xml] at [jar:file:/Users/adriancole/.m2/repository/org/jclouds/jclouds-compute/1.6.0-SNAPSHOT/jclouds-compute-1.6.0-SNAPSHOT-tests.jar!/logback.xml]
17:10:54,975 |-WARN in ch.qos.logback.classic.LoggerContext[default] - Resource [logback.xml] occurs multiple times on the classpath.
17:10:54,975 |-WARN in ch.qos.logback.classic.LoggerContext[default] - Resource [logback.xml] occurs at [jar:file:/Users/adriancole/.m2/repository/org/jclouds/jclouds-compute/1.6.0-SNAPSHOT/jclouds-compute-1.6.0-SNAPSHOT-tests.jar!/logback.xml]
17:10:54,975 |-WARN in ch.qos.logback.classic.LoggerContext[default] - Resource [logback.xml] occurs at [jar:file:/Users/adriancole/.m2/repository/org/jclouds/api/openstack-keystone/1.6.0-SNAPSHOT/openstack-keystone-1.6.0-SNAPSHOT-tests.jar!/logback.xml]
17:10:54,988 |-INFO in ch.qos.logback.core.joran.spi.ConfigurationWatchList@71b493c6 - URL [jar:file:/Users/adriancole/.m2/repository/org/jclouds/jclouds-compute/1.6.0-SNAPSHOT/jclouds-compute-1.6.0-SNAPSHOT-tests.jar!/logback.xml] is not of type file
17:10:55,035 |-INFO in ch.qos.logback.classic.joran.action.ConfigurationAction - debug attribute not set
17:10:55,045 |-INFO in ch.qos.logback.core.joran.action.AppenderAction - About to instantiate appender of type [ch.qos.logback.core.FileAppender]
17:10:55,047 |-INFO in ch.qos.logback.core.joran.action.AppenderAction - Naming appender as [FILE]
17:10:55,061 |-INFO in ch.qos.logback.core.joran.action.NestedComplexPropertyIA - Assuming default type [ch.qos.logback.classic.encoder.PatternLayoutEncoder] for [encoder] property
17:10:55,097 |-INFO in ch.qos.logback.core.FileAppender[FILE] - File property is set to [target/test-data/jclouds.log]
17:10:55,098 |-INFO in ch.qos.logback.core.joran.action.AppenderAction - About to instantiate appender of type [ch.qos.logback.core.FileAppender]
17:10:55,098 |-INFO in ch.qos.logback.core.joran.action.AppenderAction - Naming appender as [WIREFILE]
17:10:55,099 |-INFO in ch.qos.logback.core.joran.action.NestedComplexPropertyIA - Assuming default type [ch.qos.logback.classic.encoder.PatternLayoutEncoder] for [encoder] property
17:10:55,099 |-INFO in ch.qos.logback.core.FileAppender[WIREFILE] - File property is set to [target/test-data/jclouds-wire.log]
17:10:55,099 |-INFO in ch.qos.logback.core.joran.action.AppenderAction - About to instantiate appender of type [ch.qos.logback.core.FileAppender]
17:10:55,099 |-INFO in ch.qos.logback.core.joran.action.AppenderAction - Naming appender as [COMPUTEFILE]
17:10:55,099 |-INFO in ch.qos.logback.core.joran.action.NestedComplexPropertyIA - Assuming default type [ch.qos.logback.classic.encoder.PatternLayoutEncoder] for [encoder] property
17:10:55,100 |-INFO in ch.qos.logback.core.FileAppender[COMPUTEFILE] - File property is set to [target/test-data/jclouds-compute.log]
17:10:55,100 |-INFO in ch.qos.logback.core.joran.action.AppenderAction - About to instantiate appender of type [ch.qos.logback.core.FileAppender]
17:10:55,100 |-INFO in ch.qos.logback.core.joran.action.AppenderAction - Naming appender as [SSHFILE]
17:10:55,100 |-INFO in ch.qos.logback.core.joran.action.NestedComplexPropertyIA - Assuming default type [ch.qos.logback.classic.encoder.PatternLayoutEncoder] for [encoder] property
17:10:55,101 |-INFO in ch.qos.logback.core.FileAppender[SSHFILE] - File property is set to [target/test-data/jclouds-ssh.log]
17:10:55,101 |-INFO in ch.qos.logback.classic.joran.action.LevelAction - ROOT level set to WARN
17:10:55,101 |-INFO in ch.qos.logback.classic.joran.action.LevelAction - org.jclouds level set to DEBUG
17:10:55,101 |-INFO in ch.qos.logback.core.joran.action.AppenderRefAction - Attaching appender named [FILE] to Logger[org.jclouds]
17:10:55,102 |-INFO in ch.qos.logback.classic.joran.action.LevelAction - jclouds.wire level set to DEBUG
17:10:55,102 |-INFO in ch.qos.logback.core.joran.action.AppenderRefAction - Attaching appender named [WIREFILE] to Logger[jclouds.wire]
17:10:55,102 |-INFO in ch.qos.logback.classic.joran.action.LevelAction - jclouds.headers level set to DEBUG
17:10:55,102 |-INFO in ch.qos.logback.core.joran.action.AppenderRefAction - Attaching appender named [WIREFILE] to Logger[jclouds.headers]
17:10:55,102 |-INFO in ch.qos.logback.classic.joran.action.LevelAction - jclouds.compute level set to DEBUG
17:10:55,102 |-INFO in ch.qos.logback.core.joran.action.AppenderRefAction - Attaching appender named [COMPUTEFILE] to Logger[jclouds.compute]
17:10:55,102 |-INFO in ch.qos.logback.classic.joran.action.LevelAction - jclouds.ssh level set to DEBUG
17:10:55,102 |-INFO in ch.qos.logback.core.joran.action.AppenderRefAction - Attaching appender named [SSHFILE] to Logger[jclouds.ssh]
17:10:55,102 |-INFO in ch.qos.logback.classic.joran.action.ConfigurationAction - End of configuration.
17:10:55,103 |-INFO in ch.qos.logback.classic.joran.JoranConfigurator@651e67c - Registering current configuration as safe fallback point

Starting test setServiceDefaults(org.jclouds.rackspace.cloudservers.us.compute.CloudServersUSComputeServiceLiveTest)
[TestNG] Test setServiceDefaults(org.jclouds.rackspace.cloudservers.us.compute.CloudServersUSComputeServiceLiveTest) succeeded: 2ms
Test suite progress: tests succeeded: 1, failed: 0, skipped: 0.
Starting test testCompareSizes(org.jclouds.rackspace.cloudservers.us.compute.CloudServersUSComputeServiceLiveTest)
[TestNG] Test testCompareSizes(org.jclouds.rackspace.cloudservers.us.compute.CloudServersUSComputeServiceLiveTest) succeeded: 9662ms
Test suite progress: tests succeeded: 2, failed: 0, skipped: 0.
Starting test testCorrectExceptionRunningNodesNotFound(org.jclouds.rackspace.cloudservers.us.compute.CloudServersUSComputeServiceLiveTest)
[TestNG] Test testCorrectExceptionRunningNodesNotFound(org.jclouds.rackspace.cloudservers.us.compute.CloudServersUSComputeServiceLiveTest) succeeded: 1728ms
Test suite progress: tests succeeded: 3, failed: 0, skipped: 0.
Starting test testGetAssignableLocations(org.jclouds.rackspace.cloudservers.us.compute.CloudServersUSComputeServiceLiveTest)
[TestNG] Test testGetAssignableLocations(org.jclouds.rackspace.cloudservers.us.compute.CloudServersUSComputeServiceLiveTest) succeeded: 1ms
Test suite progress: tests succeeded: 4, failed: 0, skipped: 0.
Starting test testImageById(org.jclouds.rackspace.cloudservers.us.compute.CloudServersUSComputeServiceLiveTest)
[TestNG] Test testImageById(org.jclouds.rackspace.cloudservers.us.compute.CloudServersUSComputeServiceLiveTest) succeeded: 718ms
Test suite progress: tests succeeded: 5, failed: 0, skipped: 0.
Starting test testImagesCache(org.jclouds.rackspace.cloudservers.us.compute.CloudServersUSComputeServiceLiveTest)
[TestNG] Test testImagesCache(org.jclouds.rackspace.cloudservers.us.compute.CloudServersUSComputeServiceLiveTest) succeeded: 0ms
Test suite progress: tests succeeded: 6, failed: 0, skipped: 0.
Starting test testListImages(org.jclouds.rackspace.cloudservers.us.compute.CloudServersUSComputeServiceLiveTest)
[TestNG] Test testListImages(org.jclouds.rackspace.cloudservers.us.compute.CloudServersUSComputeServiceLiveTest) succeeded: 0ms
Test suite progress: tests succeeded: 7, failed: 0, skipped: 0.
Starting test testListSizes(org.jclouds.rackspace.cloudservers.us.compute.CloudServersUSComputeServiceLiveTest)
[TestNG] Test testListSizes(org.jclouds.rackspace.cloudservers.us.compute.CloudServersUSComputeServiceLiveTest) succeeded: 0ms
Test suite progress: tests succeeded: 8, failed: 0, skipped: 0.
Starting test testOptionToNotBlock(org.jclouds.rackspace.cloudservers.us.compute.CloudServersUSComputeServiceLiveTest)
[TestNG] Test testOptionToNotBlock(org.jclouds.rackspace.cloudservers.us.compute.CloudServersUSComputeServiceLiveTest) succeeded: 0ms
Test suite progress: tests succeeded: 9, failed: 0, skipped: 0.
Starting test testCreateAndRunAService(org.jclouds.rackspace.cloudservers.us.compute.CloudServersUSComputeServiceLiveTest)
[TestNG] Test testCreateAndRunAService(org.jclouds.rackspace.cloudservers.us.compute.CloudServersUSComputeServiceLiveTest) succeeded: 422698ms
Test suite progress: tests succeeded: 10, failed: 0, skipped: 0.
Starting test testCorrectAuthException(org.jclouds.rackspace.cloudservers.us.compute.CloudServersUSComputeServiceLiveTest)
[TestNG] Test testCorrectAuthException(org.jclouds.rackspace.cloudservers.us.compute.CloudServersUSComputeServiceLiveTest) succeeded: 1247ms
Test suite progress: tests succeeded: 11, failed: 0, skipped: 0.
Starting test testAScriptExecutionAfterBootWithBasicTemplate(org.jclouds.rackspace.cloudservers.us.compute.CloudServersUSComputeServiceLiveTest)
[TestNG] Test testAScriptExecutionAfterBootWithBasicTemplate(org.jclouds.rackspace.cloudservers.us.compute.CloudServersUSComputeServiceLiveTest) succeeded: 458687ms
Test suite progress: tests succeeded: 12, failed: 0, skipped: 0.
Starting test testConcurrentUseOfComputeServiceToCreateNodes(org.jclouds.rackspace.cloudservers.us.compute.CloudServersUSComputeServiceLiveTest)
[TestNG] Test testConcurrentUseOfComputeServiceToCreateNodes(org.jclouds.rackspace.cloudservers.us.compute.CloudServersUSComputeServiceLiveTest) succeeded: 368538ms
Test suite progress: tests succeeded: 13, failed: 0, skipped: 0.
Starting test testTemplateMatch(org.jclouds.rackspace.cloudservers.us.compute.CloudServersUSComputeServiceLiveTest)
[TestNG] Test testTemplateMatch(org.jclouds.rackspace.cloudservers.us.compute.CloudServersUSComputeServiceLiveTest) succeeded: 9ms
Test suite progress: tests succeeded: 14, failed: 0, skipped: 0.
Starting test testCreateTwoNodesWithRunScript(org.jclouds.rackspace.cloudservers.us.compute.CloudServersUSComputeServiceLiveTest)
[TestNG] Test testCreateTwoNodesWithRunScript(org.jclouds.rackspace.cloudservers.us.compute.CloudServersUSComputeServiceLiveTest) succeeded: 352671ms
Test suite progress: tests succeeded: 15, failed: 0, skipped: 0.
Starting test testCreateAnotherNodeWithANewContextToEnsureSharedMemIsntRequired(org.jclouds.rackspace.cloudservers.us.compute.CloudServersUSComputeServiceLiveTest)
[TestNG] Test testCreateAnotherNodeWithANewContextToEnsureSharedMemIsntRequired(org.jclouds.rackspace.cloudservers.us.compute.CloudServersUSComputeServiceLiveTest) succeeded: 386004ms
Test suite progress: tests succeeded: 16, failed: 0, skipped: 0.
Starting test testCredentialsCache(org.jclouds.rackspace.cloudservers.us.compute.CloudServersUSComputeServiceLiveTest)
[TestNG] Test testCredentialsCache(org.jclouds.rackspace.cloudservers.us.compute.CloudServersUSComputeServiceLiveTest) succeeded: 123ms
Test suite progress: tests succeeded: 17, failed: 0, skipped: 0.
Starting test testGet(org.jclouds.rackspace.cloudservers.us.compute.CloudServersUSComputeServiceLiveTest)
[TestNG] Test testGet(org.jclouds.rackspace.cloudservers.us.compute.CloudServersUSComputeServiceLiveTest) failed.
Test suite progress: tests succeeded: 17, failed: 1, skipped: 0.
[TestNG] Test testReboot(org.jclouds.rackspace.cloudservers.us.compute.CloudServersUSComputeServiceLiveTest) skipped.
Test suite progress: tests succeeded: 17, failed: 1, skipped: 1.
[TestNG] Test testSuspendResume(org.jclouds.rackspace.cloudservers.us.compute.CloudServersUSComputeServiceLiveTest) skipped.
Test suite progress: tests succeeded: 17, failed: 1, skipped: 2.
[TestNG] Test testGetNodesWithDetails(org.jclouds.rackspace.cloudservers.us.compute.CloudServersUSComputeServiceLiveTest) skipped.
Test suite progress: tests succeeded: 17, failed: 1, skipped: 3.
[TestNG] Test testListNodes(org.jclouds.rackspace.cloudservers.us.compute.CloudServersUSComputeServiceLiveTest) skipped.
Test suite progress: tests succeeded: 17, failed: 1, skipped: 4.
[TestNG] Test testDestroyNodes(org.jclouds.rackspace.cloudservers.us.compute.CloudServersUSComputeServiceLiveTest) skipped.
Test suite progress: tests succeeded: 17, failed: 1, skipped: 5.
Starting test testCompareSizes(org.jclouds.rackspace.cloudservers.us.compute.CloudServersUSTemplateBuilderLiveTest)
smallest {id=ORD/2, providerId=2, name=512MB Standard Instance, location={scope=ZONE, id=ORD, description=ORD, parent=rackspace-cloudservers-us, iso3166Codes=[US-IL]}, processors=[{cores=1.0, speed=1.0}], ram=512, volumes=[{type=LOCAL, size=20.0, bootDevice=true, durable=true}], supportsImage=ALWAYS_TRUE}
fastest {id=ORD/8, providerId=8, name=30GB Standard Instance, location={scope=ZONE, id=ORD, description=ORD, parent=rackspace-cloudservers-us, iso3166Codes=[US-IL]}, processors=[{cores=8.0, speed=1.0}], ram=30720, volumes=[{type=LOCAL, size=1200.0, bootDevice=true, durable=true}], supportsImage=ALWAYS_TRUE}
biggest {id=ORD/8, providerId=8, name=30GB Standard Instance, location={scope=ZONE, id=ORD, description=ORD, parent=rackspace-cloudservers-us, iso3166Codes=[US-IL]}, processors=[{cores=8.0, speed=1.0}], ram=30720, volumes=[{type=LOCAL, size=1200.0, bootDevice=true, durable=true}], supportsImage=ALWAYS_TRUE}
[TestNG] Test testCompareSizes(org.jclouds.rackspace.cloudservers.us.compute.CloudServersUSTemplateBuilderLiveTest) succeeded: 12418ms
Test suite progress: tests succeeded: 18, failed: 1, skipped: 5.
Starting test testDefaultTemplateBuilder(org.jclouds.rackspace.cloudservers.us.compute.CloudServersUSTemplateBuilderLiveTest)
[TestNG] Test testDefaultTemplateBuilder(org.jclouds.rackspace.cloudservers.us.compute.CloudServersUSTemplateBuilderLiveTest) succeeded: 16ms
Test suite progress: tests succeeded: 19, failed: 1, skipped: 5.
Starting test testFromTemplate(org.jclouds.rackspace.cloudservers.us.compute.CloudServersUSTemplateBuilderLiveTest)
[TestNG] Test testFromTemplate(org.jclouds.rackspace.cloudservers.us.compute.CloudServersUSTemplateBuilderLiveTest) succeeded: 65ms
Test suite progress: tests succeeded: 20, failed: 1, skipped: 5.
Starting test testGetAssignableLocations(org.jclouds.rackspace.cloudservers.us.compute.CloudServersUSTemplateBuilderLiveTest)
[TestNG] Test testGetAssignableLocations(org.jclouds.rackspace.cloudservers.us.compute.CloudServersUSTemplateBuilderLiveTest) succeeded: 2ms
Test suite progress: tests succeeded: 21, failed: 1, skipped: 5.
Starting test testTemplateBuilderCanFind(org.jclouds.rackspace.cloudservers.us.compute.CloudServersUSTemplateBuilderLiveTest)
[TestNG] Test testTemplateBuilderCanFind(org.jclouds.rackspace.cloudservers.us.compute.CloudServersUSTemplateBuilderLiveTest) succeeded: 32ms
Test suite progress: tests succeeded: 22, failed: 1, skipped: 5.
Starting test testTemplateBuilderCanFind(org.jclouds.rackspace.cloudservers.us.compute.CloudServersUSTemplateBuilderLiveTest)
[TestNG] Test testTemplateBuilderCanFind(org.jclouds.rackspace.cloudservers.us.compute.CloudServersUSTemplateBuilderLiveTest) succeeded: 7ms
Test suite progress: tests succeeded: 23, failed: 1, skipped: 5.
Starting test testTemplateBuilderCanFind(org.jclouds.rackspace.cloudservers.us.compute.CloudServersUSTemplateBuilderLiveTest)
[TestNG] Test testTemplateBuilderCanFind(org.jclouds.rackspace.cloudservers.us.compute.CloudServersUSTemplateBuilderLiveTest) succeeded: 2ms
Test suite progress: tests succeeded: 24, failed: 1, skipped: 5.
Starting test testTemplateBuilderCanFind(org.jclouds.rackspace.cloudservers.us.compute.CloudServersUSTemplateBuilderLiveTest)
[TestNG] Test testTemplateBuilderCanFind(org.jclouds.rackspace.cloudservers.us.compute.CloudServersUSTemplateBuilderLiveTest) succeeded: 6ms
Test suite progress: tests succeeded: 25, failed: 1, skipped: 5.
Starting test testTemplateBuilderCanFind(org.jclouds.rackspace.cloudservers.us.compute.CloudServersUSTemplateBuilderLiveTest)
[TestNG] Test testTemplateBuilderCanFind(org.jclouds.rackspace.cloudservers.us.compute.CloudServersUSTemplateBuilderLiveTest) succeeded: 5ms
Test suite progress: tests succeeded: 26, failed: 1, skipped: 5.
Starting test testTemplateBuilderCanFind(org.jclouds.rackspace.cloudservers.us.compute.CloudServersUSTemplateBuilderLiveTest)
[TestNG] Test testTemplateBuilderCanFind(org.jclouds.rackspace.cloudservers.us.compute.CloudServersUSTemplateBuilderLiveTest) succeeded: 4ms
Test suite progress: tests succeeded: 27, failed: 1, skipped: 5.
Starting test testTemplateBuilderCanFind(org.jclouds.rackspace.cloudservers.us.compute.CloudServersUSTemplateBuilderLiveTest)
[TestNG] Test testTemplateBuilderCanFind(org.jclouds.rackspace.cloudservers.us.compute.CloudServersUSTemplateBuilderLiveTest) succeeded: 3ms
Test suite progress: tests succeeded: 28, failed: 1, skipped: 5.
Starting test testTemplateBuilderCanFind(org.jclouds.rackspace.cloudservers.us.compute.CloudServersUSTemplateBuilderLiveTest)
[TestNG] Test testTemplateBuilderCanFind(org.jclouds.rackspace.cloudservers.us.compute.CloudServersUSTemplateBuilderLiveTest) succeeded: 17ms
Test suite progress: tests succeeded: 29, failed: 1, skipped: 5.
Starting test testTemplateBuilderCanFind(org.jclouds.rackspace.cloudservers.us.compute.CloudServersUSTemplateBuilderLiveTest)
[TestNG] Test testTemplateBuilderCanFind(org.jclouds.rackspace.cloudservers.us.compute.CloudServersUSTemplateBuilderLiveTest) succeeded: 3ms
Test suite progress: tests succeeded: 30, failed: 1, skipped: 5.
Starting test testTemplateBuilderCanFind(org.jclouds.rackspace.cloudservers.us.compute.CloudServersUSTemplateBuilderLiveTest)
[TestNG] Test testTemplateBuilderCanFind(org.jclouds.rackspace.cloudservers.us.compute.CloudServersUSTemplateBuilderLiveTest) succeeded: 4ms
Test suite progress: tests succeeded: 31, failed: 1, skipped: 5.
Starting test testTemplateBuilderCanFind(org.jclouds.rackspace.cloudservers.us.compute.CloudServersUSTemplateBuilderLiveTest)
[TestNG] Test testTemplateBuilderCanFind(org.jclouds.rackspace.cloudservers.us.compute.CloudServersUSTemplateBuilderLiveTest) succeeded: 21ms
Test suite progress: tests succeeded: 32, failed: 1, skipped: 5.
Starting test testTemplateBuilderCanUseImageId(org.jclouds.rackspace.cloudservers.us.compute.CloudServersUSTemplateBuilderLiveTest)
[TestNG] Test testTemplateBuilderCanUseImageId(org.jclouds.rackspace.cloudservers.us.compute.CloudServersUSTemplateBuilderLiveTest) succeeded: 7892ms
Test suite progress: tests succeeded: 33, failed: 1, skipped: 5.
Starting test testTemplateBuilderCannotFind(org.jclouds.rackspace.cloudservers.us.compute.CloudServersUSTemplateBuilderLiveTest)
[TestNG] Test testTemplateBuilderCannotFind(org.jclouds.rackspace.cloudservers.us.compute.CloudServersUSTemplateBuilderLiveTest) succeeded: 1ms
Test suite progress: tests succeeded: 34, failed: 1, skipped: 5.
Starting test testTemplateBuilderCannotFind(org.jclouds.rackspace.cloudservers.us.compute.CloudServersUSTemplateBuilderLiveTest)
[TestNG] Test testTemplateBuilderCannotFind(org.jclouds.rackspace.cloudservers.us.compute.CloudServersUSTemplateBuilderLiveTest) succeeded: 0ms
Test suite progress: tests succeeded: 35, failed: 1, skipped: 5.
Starting test testTemplateBuilderCannotFind(org.jclouds.rackspace.cloudservers.us.compute.CloudServersUSTemplateBuilderLiveTest)
[TestNG] Test testTemplateBuilderCannotFind(org.jclouds.rackspace.cloudservers.us.compute.CloudServersUSTemplateBuilderLiveTest) succeeded: 0ms
Test suite progress: tests succeeded: 36, failed: 1, skipped: 5.
Starting test testTemplateBuilderCannotFind(org.jclouds.rackspace.cloudservers.us.compute.CloudServersUSTemplateBuilderLiveTest)
[TestNG] Test testTemplateBuilderCannotFind(org.jclouds.rackspace.cloudservers.us.compute.CloudServersUSTemplateBuilderLiveTest) succeeded: 1ms
Test suite progress: tests succeeded: 37, failed: 1, skipped: 5.
Starting test testTemplateBuilderCannotFind(org.jclouds.rackspace.cloudservers.us.compute.CloudServersUSTemplateBuilderLiveTest)
[TestNG] Test testTemplateBuilderCannotFind(org.jclouds.rackspace.cloudservers.us.compute.CloudServersUSTemplateBuilderLiveTest) succeeded: 0ms
Test suite progress: tests succeeded: 38, failed: 1, skipped: 5.
Starting test testTemplateBuilderCannotFind(org.jclouds.rackspace.cloudservers.us.compute.CloudServersUSTemplateBuilderLiveTest)
[TestNG] Test testTemplateBuilderCannotFind(org.jclouds.rackspace.cloudservers.us.compute.CloudServersUSTemplateBuilderLiveTest) succeeded: 1ms
Test suite progress: tests succeeded: 39, failed: 1, skipped: 5.
Starting test testTemplateBuilderCannotFind(org.jclouds.rackspace.cloudservers.us.compute.CloudServersUSTemplateBuilderLiveTest)
[TestNG] Test testTemplateBuilderCannotFind(org.jclouds.rackspace.cloudservers.us.compute.CloudServersUSTemplateBuilderLiveTest) succeeded: 0ms
Test suite progress: tests succeeded: 40, failed: 1, skipped: 5.
Starting test testTemplateBuilderCannotFind(org.jclouds.rackspace.cloudservers.us.compute.CloudServersUSTemplateBuilderLiveTest)
[TestNG] Test testTemplateBuilderCannotFind(org.jclouds.rackspace.cloudservers.us.compute.CloudServersUSTemplateBuilderLiveTest) succeeded: 0ms
Test suite progress: tests succeeded: 41, failed: 1, skipped: 5.
Starting test testTemplateBuilderCannotFind(org.jclouds.rackspace.cloudservers.us.compute.CloudServersUSTemplateBuilderLiveTest)
[TestNG] Test testTemplateBuilderCannotFind(org.jclouds.rackspace.cloudservers.us.compute.CloudServersUSTemplateBuilderLiveTest) succeeded: 1ms
Test suite progress: tests succeeded: 42, failed: 1, skipped: 5.
Starting test testTemplateBuilderCannotFind(org.jclouds.rackspace.cloudservers.us.compute.CloudServersUSTemplateBuilderLiveTest)
[TestNG] Test testTemplateBuilderCannotFind(org.jclouds.rackspace.cloudservers.us.compute.CloudServersUSTemplateBuilderLiveTest) succeeded: 0ms
Test suite progress: tests succeeded: 43, failed: 1, skipped: 5.
Starting test testTemplateBuilderCannotFind(org.jclouds.rackspace.cloudservers.us.compute.CloudServersUSTemplateBuilderLiveTest)
[TestNG] Test testTemplateBuilderCannotFind(org.jclouds.rackspace.cloudservers.us.compute.CloudServersUSTemplateBuilderLiveTest) succeeded: 1ms
Test suite progress: tests succeeded: 44, failed: 1, skipped: 5.
Starting test testTemplateBuilderCannotFind(org.jclouds.rackspace.cloudservers.us.compute.CloudServersUSTemplateBuilderLiveTest)
[TestNG] Test testTemplateBuilderCannotFind(org.jclouds.rackspace.cloudservers.us.compute.CloudServersUSTemplateBuilderLiveTest) succeeded: 0ms
Test suite progress: tests succeeded: 45, failed: 1, skipped: 5.
Starting test testTemplateBuilderCannotFind(org.jclouds.rackspace.cloudservers.us.compute.CloudServersUSTemplateBuilderLiveTest)
[TestNG] Test testTemplateBuilderCannotFind(org.jclouds.rackspace.cloudservers.us.compute.CloudServersUSTemplateBuilderLiveTest) succeeded: 1ms
Test suite progress: tests succeeded: 46, failed: 1, skipped: 5.
Starting test testTemplateBuilderCannotFind(org.jclouds.rackspace.cloudservers.us.compute.CloudServersUSTemplateBuilderLiveTest)
[TestNG] Test testTemplateBuilderCannotFind(org.jclouds.rackspace.cloudservers.us.compute.CloudServersUSTemplateBuilderLiveTest) succeeded: 0ms
Test suite progress: tests succeeded: 47, failed: 1, skipped: 5.
Starting test testTemplateBuilderCannotFind(org.jclouds.rackspace.cloudservers.us.compute.CloudServersUSTemplateBuilderLiveTest)
[TestNG] Test testTemplateBuilderCannotFind(org.jclouds.rackspace.cloudservers.us.compute.CloudServersUSTemplateBuilderLiveTest) succeeded: 1ms
Test suite progress: tests succeeded: 48, failed: 1, skipped: 5.
Starting test testTemplateBuilderCannotFind(org.jclouds.rackspace.cloudservers.us.compute.CloudServersUSTemplateBuilderLiveTest)
[TestNG] Test testTemplateBuilderCannotFind(org.jclouds.rackspace.cloudservers.us.compute.CloudServersUSTemplateBuilderLiveTest) succeeded: 0ms
Test suite progress: tests succeeded: 49, failed: 1, skipped: 5.
Starting test testTemplateBuilderCannotFind(org.jclouds.rackspace.cloudservers.us.compute.CloudServersUSTemplateBuilderLiveTest)
[TestNG] Test testTemplateBuilderCannotFind(org.jclouds.rackspace.cloudservers.us.compute.CloudServersUSTemplateBuilderLiveTest) succeeded: 0ms
Test suite progress: tests succeeded: 50, failed: 1, skipped: 5.
Starting test testTemplateBuilderCannotFind(org.jclouds.rackspace.cloudservers.us.compute.CloudServersUSTemplateBuilderLiveTest)
[TestNG] Test testTemplateBuilderCannotFind(org.jclouds.rackspace.cloudservers.us.compute.CloudServersUSTemplateBuilderLiveTest) failed.
Test suite progress: tests succeeded: 50, failed: 2, skipped: 5.
Starting test testTemplateBuilderCannotFind(org.jclouds.rackspace.cloudservers.us.compute.CloudServersUSTemplateBuilderLiveTest)
[TestNG] Test testTemplateBuilderCannotFind(org.jclouds.rackspace.cloudservers.us.compute.CloudServersUSTemplateBuilderLiveTest) succeeded: 1ms
Test suite progress: tests succeeded: 51, failed: 2, skipped: 5.
Starting test testTemplateBuilderCannotFind(org.jclouds.rackspace.cloudservers.us.compute.CloudServersUSTemplateBuilderLiveTest)
[TestNG] Test testTemplateBuilderCannotFind(org.jclouds.rackspace.cloudservers.us.compute.CloudServersUSTemplateBuilderLiveTest) succeeded: 0ms
Test suite progress: tests succeeded: 52, failed: 2, skipped: 5.
Starting test testTemplateBuilderCannotFind(org.jclouds.rackspace.cloudservers.us.compute.CloudServersUSTemplateBuilderLiveTest)
[TestNG] Test testTemplateBuilderCannotFind(org.jclouds.rackspace.cloudservers.us.compute.CloudServersUSTemplateBuilderLiveTest) succeeded: 0ms
Test suite progress: tests succeeded: 53, failed: 2, skipped: 5.
Starting test testTemplateBuilderCannotFind(org.jclouds.rackspace.cloudservers.us.compute.CloudServersUSTemplateBuilderLiveTest)
[TestNG] Test testTemplateBuilderCannotFind(org.jclouds.rackspace.cloudservers.us.compute.CloudServersUSTemplateBuilderLiveTest) succeeded: 0ms
Test suite progress: tests succeeded: 54, failed: 2, skipped: 5.
Starting test testTemplateBuilderCannotFind(org.jclouds.rackspace.cloudservers.us.compute.CloudServersUSTemplateBuilderLiveTest)
[TestNG] Test testTemplateBuilderCannotFind(org.jclouds.rackspace.cloudservers.us.compute.CloudServersUSTemplateBuilderLiveTest) succeeded: 0ms
Test suite progress: tests succeeded: 55, failed: 2, skipped: 5.
Starting test testTemplateBuilderCannotFind(org.jclouds.rackspace.cloudservers.us.compute.CloudServersUSTemplateBuilderLiveTest)
[TestNG] Test testTemplateBuilderCannotFind(org.jclouds.rackspace.cloudservers.us.compute.CloudServersUSTemplateBuilderLiveTest) succeeded: 0ms
Test suite progress: tests succeeded: 56, failed: 2, skipped: 5.
Starting test testTemplateBuilderCannotFind(org.jclouds.rackspace.cloudservers.us.compute.CloudServersUSTemplateBuilderLiveTest)
[TestNG] Test testTemplateBuilderCannotFind(org.jclouds.rackspace.cloudservers.us.compute.CloudServersUSTemplateBuilderLiveTest) succeeded: 0ms
Test suite progress: tests succeeded: 57, failed: 2, skipped: 5.
Starting test testTemplateBuilderCannotFind(org.jclouds.rackspace.cloudservers.us.compute.CloudServersUSTemplateBuilderLiveTest)
[TestNG] Test testTemplateBuilderCannotFind(org.jclouds.rackspace.cloudservers.us.compute.CloudServersUSTemplateBuilderLiveTest) succeeded: 0ms
Test suite progress: tests succeeded: 58, failed: 2, skipped: 5.
Starting test testTemplateBuilderCannotFind(org.jclouds.rackspace.cloudservers.us.compute.CloudServersUSTemplateBuilderLiveTest)
[TestNG] Test testTemplateBuilderCannotFind(org.jclouds.rackspace.cloudservers.us.compute.CloudServersUSTemplateBuilderLiveTest) succeeded: 1ms
Test suite progress: tests succeeded: 59, failed: 2, skipped: 5.
Starting test testTemplateBuilderCannotFind(org.jclouds.rackspace.cloudservers.us.compute.CloudServersUSTemplateBuilderLiveTest)
[TestNG] Test testTemplateBuilderCannotFind(org.jclouds.rackspace.cloudservers.us.compute.CloudServersUSTemplateBuilderLiveTest) succeeded: 1ms
Test suite progress: tests succeeded: 60, failed: 2, skipped: 5.
Starting test testTemplateBuilderCannotFind(org.jclouds.rackspace.cloudservers.us.compute.CloudServersUSTemplateBuilderLiveTest)
[TestNG] Test testTemplateBuilderCannotFind(org.jclouds.rackspace.cloudservers.us.compute.CloudServersUSTemplateBuilderLiveTest) succeeded: 0ms
Test suite progress: tests succeeded: 61, failed: 2, skipped: 5.
Starting test testTemplateBuilderCannotFind(org.jclouds.rackspace.cloudservers.us.compute.CloudServersUSTemplateBuilderLiveTest)
[TestNG] Test testTemplateBuilderCannotFind(org.jclouds.rackspace.cloudservers.us.compute.CloudServersUSTemplateBuilderLiveTest) succeeded: 1ms
Test suite progress: tests succeeded: 62, failed: 2, skipped: 5.
Starting test testTemplateBuilderCannotFind(org.jclouds.rackspace.cloudservers.us.compute.CloudServersUSTemplateBuilderLiveTest)
[TestNG] Test testTemplateBuilderCannotFind(org.jclouds.rackspace.cloudservers.us.compute.CloudServersUSTemplateBuilderLiveTest) succeeded: 0ms
Test suite progress: tests succeeded: 63, failed: 2, skipped: 5.
Starting test testTemplateBuilderCannotFind(org.jclouds.rackspace.cloudservers.us.compute.CloudServersUSTemplateBuilderLiveTest)
[TestNG] Test testTemplateBuilderCannotFind(org.jclouds.rackspace.cloudservers.us.compute.CloudServersUSTemplateBuilderLiveTest) succeeded: 1ms
Test suite progress: tests succeeded: 64, failed: 2, skipped: 5.
Starting test testTemplateBuilderCannotFind(org.jclouds.rackspace.cloudservers.us.compute.CloudServersUSTemplateBuilderLiveTest)
[TestNG] Test testTemplateBuilderCannotFind(org.jclouds.rackspace.cloudservers.us.compute.CloudServersUSTemplateBuilderLiveTest) succeeded: 3ms
Test suite progress: tests succeeded: 65, failed: 2, skipped: 5.
Starting test testTemplateBuilderCannotFind(org.jclouds.rackspace.cloudservers.us.compute.CloudServersUSTemplateBuilderLiveTest)
[TestNG] Test testTemplateBuilderCannotFind(org.jclouds.rackspace.cloudservers.us.compute.CloudServersUSTemplateBuilderLiveTest) succeeded: 1ms
Test suite progress: tests succeeded: 66, failed: 2, skipped: 5.
Starting test testTemplateBuilderCannotFind(org.jclouds.rackspace.cloudservers.us.compute.CloudServersUSTemplateBuilderLiveTest)
[TestNG] Test testTemplateBuilderCannotFind(org.jclouds.rackspace.cloudservers.us.compute.CloudServersUSTemplateBuilderLiveTest) succeeded: 0ms
Test suite progress: tests succeeded: 67, failed: 2, skipped: 5.
Starting test testTemplateBuilderCannotFind(org.jclouds.rackspace.cloudservers.us.compute.CloudServersUSTemplateBuilderLiveTest)
[TestNG] Test testTemplateBuilderCannotFind(org.jclouds.rackspace.cloudservers.us.compute.CloudServersUSTemplateBuilderLiveTest) succeeded: 1ms
Test suite progress: tests succeeded: 68, failed: 2, skipped: 5.
Starting test testTemplateBuilderCannotFind(org.jclouds.rackspace.cloudservers.us.compute.CloudServersUSTemplateBuilderLiveTest)
[TestNG] Test testTemplateBuilderCannotFind(org.jclouds.rackspace.cloudservers.us.compute.CloudServersUSTemplateBuilderLiveTest) succeeded: 1ms
Test suite progress: tests succeeded: 69, failed: 2, skipped: 5.
Starting test testTemplateBuilderCannotFind(org.jclouds.rackspace.cloudservers.us.compute.CloudServersUSTemplateBuilderLiveTest)
[TestNG] Test testTemplateBuilderCannotFind(org.jclouds.rackspace.cloudservers.us.compute.CloudServersUSTemplateBuilderLiveTest) succeeded: 1ms
Test suite progress: tests succeeded: 70, failed: 2, skipped: 5.
Starting test testTemplateBuilderCannotFind(org.jclouds.rackspace.cloudservers.us.compute.CloudServersUSTemplateBuilderLiveTest)
[TestNG] Test testTemplateBuilderCannotFind(org.jclouds.rackspace.cloudservers.us.compute.CloudServersUSTemplateBuilderLiveTest) succeeded: 1ms
Test suite progress: tests succeeded: 71, failed: 2, skipped: 5.
Starting test testTemplateBuilderCannotFind(org.jclouds.rackspace.cloudservers.us.compute.CloudServersUSTemplateBuilderLiveTest)
[TestNG] Test testTemplateBuilderCannotFind(org.jclouds.rackspace.cloudservers.us.compute.CloudServersUSTemplateBuilderLiveTest) succeeded: 0ms
Test suite progress: tests succeeded: 72, failed: 2, skipped: 5.
Starting test testTemplateBuilderCannotFind(org.jclouds.rackspace.cloudservers.us.compute.CloudServersUSTemplateBuilderLiveTest)
[TestNG] Test testTemplateBuilderCannotFind(org.jclouds.rackspace.cloudservers.us.compute.CloudServersUSTemplateBuilderLiveTest) succeeded: 1ms
Test suite progress: tests succeeded: 73, failed: 2, skipped: 5.
Starting test testTemplateBuilderCannotFind(org.jclouds.rackspace.cloudservers.us.compute.CloudServersUSTemplateBuilderLiveTest)
[TestNG] Test testTemplateBuilderCannotFind(org.jclouds.rackspace.cloudservers.us.compute.CloudServersUSTemplateBuilderLiveTest) succeeded: 0ms
Test suite progress: tests succeeded: 74, failed: 2, skipped: 5.
Starting test testTemplateBuilderCannotFind(org.jclouds.rackspace.cloudservers.us.compute.CloudServersUSTemplateBuilderLiveTest)
[TestNG] Test testTemplateBuilderCannotFind(org.jclouds.rackspace.cloudservers.us.compute.CloudServersUSTemplateBuilderLiveTest) succeeded: 0ms
Test suite progress: tests succeeded: 75, failed: 2, skipped: 5.
Starting test testTemplateBuilderCannotFind(org.jclouds.rackspace.cloudservers.us.compute.CloudServersUSTemplateBuilderLiveTest)
[TestNG] Test testTemplateBuilderCannotFind(org.jclouds.rackspace.cloudservers.us.compute.CloudServersUSTemplateBuilderLiveTest) succeeded: 0ms
Test suite progress: tests succeeded: 76, failed: 2, skipped: 5.
Starting test testTemplateBuilderCannotFind(org.jclouds.rackspace.cloudservers.us.compute.CloudServersUSTemplateBuilderLiveTest)
[TestNG] Test testTemplateBuilderCannotFind(org.jclouds.rackspace.cloudservers.us.compute.CloudServersUSTemplateBuilderLiveTest) succeeded: 0ms
Test suite progress: tests succeeded: 77, failed: 2, skipped: 5.
Starting test testTemplateBuilderCannotFind(org.jclouds.rackspace.cloudservers.us.compute.CloudServersUSTemplateBuilderLiveTest)
[TestNG] Test testTemplateBuilderCannotFind(org.jclouds.rackspace.cloudservers.us.compute.CloudServersUSTemplateBuilderLiveTest) succeeded: 1ms
Test suite progress: tests succeeded: 78, failed: 2, skipped: 5.
Starting test testTemplateBuilderCannotFind(org.jclouds.rackspace.cloudservers.us.compute.CloudServersUSTemplateBuilderLiveTest)
[TestNG] Test testTemplateBuilderCannotFind(org.jclouds.rackspace.cloudservers.us.compute.CloudServersUSTemplateBuilderLiveTest) succeeded: 0ms
Test suite progress: tests succeeded: 79, failed: 2, skipped: 5.
Starting test testTemplateBuilderCannotFind(org.jclouds.rackspace.cloudservers.us.compute.CloudServersUSTemplateBuilderLiveTest)
[TestNG] Test testTemplateBuilderCannotFind(org.jclouds.rackspace.cloudservers.us.compute.CloudServersUSTemplateBuilderLiveTest) succeeded: 1ms
Test suite progress: tests succeeded: 80, failed: 2, skipped: 5.
Starting test testTemplateBuilderCannotFind(org.jclouds.rackspace.cloudservers.us.compute.CloudServersUSTemplateBuilderLiveTest)
[TestNG] Test testTemplateBuilderCannotFind(org.jclouds.rackspace.cloudservers.us.compute.CloudServersUSTemplateBuilderLiveTest) succeeded: 0ms
Test suite progress: tests succeeded: 81, failed: 2, skipped: 5.
Starting test testTemplateBuilderCannotFind(org.jclouds.rackspace.cloudservers.us.compute.CloudServersUSTemplateBuilderLiveTest)
[TestNG] Test testTemplateBuilderCannotFind(org.jclouds.rackspace.cloudservers.us.compute.CloudServersUSTemplateBuilderLiveTest) succeeded: 1ms
Test suite progress: tests succeeded: 82, failed: 2, skipped: 5.
Starting test testTemplateBuilderCannotFind(org.jclouds.rackspace.cloudservers.us.compute.CloudServersUSTemplateBuilderLiveTest)
[TestNG] Test testTemplateBuilderCannotFind(org.jclouds.rackspace.cloudservers.us.compute.CloudServersUSTemplateBuilderLiveTest) succeeded: 0ms
Test suite progress: tests succeeded: 83, failed: 2, skipped: 5.
Starting test testTemplateBuilderCannotFind(org.jclouds.rackspace.cloudservers.us.compute.CloudServersUSTemplateBuilderLiveTest)
[TestNG] Test testTemplateBuilderCannotFind(org.jclouds.rackspace.cloudservers.us.compute.CloudServersUSTemplateBuilderLiveTest) succeeded: 1ms
Test suite progress: tests succeeded: 84, failed: 2, skipped: 5.
Starting test testTemplateBuilderCannotFind(org.jclouds.rackspace.cloudservers.us.compute.CloudServersUSTemplateBuilderLiveTest)
[TestNG] Test testTemplateBuilderCannotFind(org.jclouds.rackspace.cloudservers.us.compute.CloudServersUSTemplateBuilderLiveTest) succeeded: 0ms
Test suite progress: tests succeeded: 85, failed: 2, skipped: 5.
Starting test testTemplateBuilderCannotFind(org.jclouds.rackspace.cloudservers.us.compute.CloudServersUSTemplateBuilderLiveTest)
[TestNG] Test testTemplateBuilderCannotFind(org.jclouds.rackspace.cloudservers.us.compute.CloudServersUSTemplateBuilderLiveTest) succeeded: 1ms
Test suite progress: tests succeeded: 86, failed: 2, skipped: 5.
Starting test testTemplateBuilderCannotFind(org.jclouds.rackspace.cloudservers.us.compute.CloudServersUSTemplateBuilderLiveTest)
[TestNG] Test testTemplateBuilderCannotFind(org.jclouds.rackspace.cloudservers.us.compute.CloudServersUSTemplateBuilderLiveTest) succeeded: 0ms
Test suite progress: tests succeeded: 87, failed: 2, skipped: 5.
Starting test testTemplateBuilderCannotFind(org.jclouds.rackspace.cloudservers.us.compute.CloudServersUSTemplateBuilderLiveTest)
[TestNG] Test testTemplateBuilderCannotFind(org.jclouds.rackspace.cloudservers.us.compute.CloudServersUSTemplateBuilderLiveTest) succeeded: 1ms
Test suite progress: tests succeeded: 88, failed: 2, skipped: 5.
Starting test testTemplateBuilderCannotFind(org.jclouds.rackspace.cloudservers.us.compute.CloudServersUSTemplateBuilderLiveTest)
[TestNG] Test testTemplateBuilderCannotFind(org.jclouds.rackspace.cloudservers.us.compute.CloudServersUSTemplateBuilderLiveTest) succeeded: 0ms
Test suite progress: tests succeeded: 89, failed: 2, skipped: 5.
Starting test testTemplateBuilderCannotFind(org.jclouds.rackspace.cloudservers.us.compute.CloudServersUSTemplateBuilderLiveTest)
[TestNG] Test testTemplateBuilderCannotFind(org.jclouds.rackspace.cloudservers.us.compute.CloudServersUSTemplateBuilderLiveTest) succeeded: 1ms
Test suite progress: tests succeeded: 90, failed: 2, skipped: 5.
Starting test testTemplateBuilderCannotFind(org.jclouds.rackspace.cloudservers.us.compute.CloudServersUSTemplateBuilderLiveTest)
[TestNG] Test testTemplateBuilderCannotFind(org.jclouds.rackspace.cloudservers.us.compute.CloudServersUSTemplateBuilderLiveTest) succeeded: 0ms
Test suite progress: tests succeeded: 91, failed: 2, skipped: 5.
Starting test testTemplateBuilderCannotFind(org.jclouds.rackspace.cloudservers.us.compute.CloudServersUSTemplateBuilderLiveTest)
[TestNG] Test testTemplateBuilderCannotFind(org.jclouds.rackspace.cloudservers.us.compute.CloudServersUSTemplateBuilderLiveTest) succeeded: 1ms
Test suite progress: tests succeeded: 92, failed: 2, skipped: 5.
Starting test testTemplateBuilderCannotFind(org.jclouds.rackspace.cloudservers.us.compute.CloudServersUSTemplateBuilderLiveTest)
[TestNG] Test testTemplateBuilderCannotFind(org.jclouds.rackspace.cloudservers.us.compute.CloudServersUSTemplateBuilderLiveTest) succeeded: 0ms
Test suite progress: tests succeeded: 93, failed: 2, skipped: 5.
Starting test testTemplateBuilderCannotFind(org.jclouds.rackspace.cloudservers.us.compute.CloudServersUSTemplateBuilderLiveTest)
[TestNG] Test testTemplateBuilderCannotFind(org.jclouds.rackspace.cloudservers.us.compute.CloudServersUSTemplateBuilderLiveTest) succeeded: 1ms
Test suite progress: tests succeeded: 94, failed: 2, skipped: 5.
Starting test testTemplateBuilderCannotFind(org.jclouds.rackspace.cloudservers.us.compute.CloudServersUSTemplateBuilderLiveTest)
[TestNG] Test testTemplateBuilderCannotFind(org.jclouds.rackspace.cloudservers.us.compute.CloudServersUSTemplateBuilderLiveTest) succeeded: 0ms
Test suite progress: tests succeeded: 95, failed: 2, skipped: 5.
Starting test testTemplateBuilderCannotFind(org.jclouds.rackspace.cloudservers.us.compute.CloudServersUSTemplateBuilderLiveTest)
[TestNG] Test testTemplateBuilderCannotFind(org.jclouds.rackspace.cloudservers.us.compute.CloudServersUSTemplateBuilderLiveTest) succeeded: 0ms
Test suite progress: tests succeeded: 96, failed: 2, skipped: 5.
Starting test testTemplateBuilderCannotFind(org.jclouds.rackspace.cloudservers.us.compute.CloudServersUSTemplateBuilderLiveTest)
[TestNG] Test testTemplateBuilderCannotFind(org.jclouds.rackspace.cloudservers.us.compute.CloudServersUSTemplateBuilderLiveTest) succeeded: 0ms
Test suite progress: tests succeeded: 97, failed: 2, skipped: 5.
Starting test testTemplateBuilderCannotFind(org.jclouds.rackspace.cloudservers.us.compute.CloudServersUSTemplateBuilderLiveTest)
[TestNG] Test testTemplateBuilderCannotFind(org.jclouds.rackspace.cloudservers.us.compute.CloudServersUSTemplateBuilderLiveTest) succeeded: 0ms
Test suite progress: tests succeeded: 98, failed: 2, skipped: 5.
Starting test testTemplateBuilderCannotFind(org.jclouds.rackspace.cloudservers.us.compute.CloudServersUSTemplateBuilderLiveTest)
[TestNG] Test testTemplateBuilderCannotFind(org.jclouds.rackspace.cloudservers.us.compute.CloudServersUSTemplateBuilderLiveTest) succeeded: 1ms
Test suite progress: tests succeeded: 99, failed: 2, skipped: 5.
Starting test testTemplateBuilderCannotFind(org.jclouds.rackspace.cloudservers.us.compute.CloudServersUSTemplateBuilderLiveTest)
[TestNG] Test testTemplateBuilderCannotFind(org.jclouds.rackspace.cloudservers.us.compute.CloudServersUSTemplateBuilderLiveTest) succeeded: 0ms
Test suite progress: tests succeeded: 100, failed: 2, skipped: 5.
Starting test testTemplateBuilderCannotFind(org.jclouds.rackspace.cloudservers.us.compute.CloudServersUSTemplateBuilderLiveTest)
[TestNG] Test testTemplateBuilderCannotFind(org.jclouds.rackspace.cloudservers.us.compute.CloudServersUSTemplateBuilderLiveTest) succeeded: 1ms
Test suite progress: tests succeeded: 101, failed: 2, skipped: 5.
Starting test testTemplateBuilderCannotFind(org.jclouds.rackspace.cloudservers.us.compute.CloudServersUSTemplateBuilderLiveTest)
[TestNG] Test testTemplateBuilderCannotFind(org.jclouds.rackspace.cloudservers.us.compute.CloudServersUSTemplateBuilderLiveTest) succeeded: 0ms
Test suite progress: tests succeeded: 102, failed: 2, skipped: 5.
Starting test testTemplateBuilderCannotFind(org.jclouds.rackspace.cloudservers.us.compute.CloudServersUSTemplateBuilderLiveTest)
[TestNG] Test testTemplateBuilderCannotFind(org.jclouds.rackspace.cloudservers.us.compute.CloudServersUSTemplateBuilderLiveTest) succeeded: 1ms
Test suite progress: tests succeeded: 103, failed: 2, skipped: 5.
Starting test testTemplateBuilderCannotFind(org.jclouds.rackspace.cloudservers.us.compute.CloudServersUSTemplateBuilderLiveTest)
[TestNG] Test testTemplateBuilderCannotFind(org.jclouds.rackspace.cloudservers.us.compute.CloudServersUSTemplateBuilderLiveTest) succeeded: 0ms
Test suite progress: tests succeeded: 104, failed: 2, skipped: 5.
Starting test testTemplateBuilderCannotFind(org.jclouds.rackspace.cloudservers.us.compute.CloudServersUSTemplateBuilderLiveTest)
[TestNG] Test testTemplateBuilderCannotFind(org.jclouds.rackspace.cloudservers.us.compute.CloudServersUSTemplateBuilderLiveTest) succeeded: 0ms
Test suite progress: tests succeeded: 105, failed: 2, skipped: 5.
Starting test testTemplateBuilderWithImageIdSpecified(org.jclouds.rackspace.cloudservers.us.compute.CloudServersUSTemplateBuilderLiveTest)
[TestNG] Test testTemplateBuilderWithImageIdSpecified(org.jclouds.rackspace.cloudservers.us.compute.CloudServersUSTemplateBuilderLiveTest) succeeded: 14925ms
Test suite progress: tests succeeded: 106, failed: 2, skipped: 5.
Starting test testTemplateBuilderWithLoginUserSpecified(org.jclouds.rackspace.cloudservers.us.compute.CloudServersUSTemplateBuilderLiveTest)
[TestNG] Test testTemplateBuilderWithLoginUserSpecified(org.jclouds.rackspace.cloudservers.us.compute.CloudServersUSTemplateBuilderLiveTest) succeeded: 14915ms
Test suite progress: tests succeeded: 107, failed: 2, skipped: 5.
Starting test testTemplateBuilder(org.jclouds.rackspace.cloudservers.us.compute.CloudServersUSTemplateBuilderLiveTest)
[TestNG] Test testTemplateBuilder(org.jclouds.rackspace.cloudservers.us.compute.CloudServersUSTemplateBuilderLiveTest) failed.
Test suite progress: tests succeeded: 107, failed: 3, skipped: 5.
Starting test testListFlavors(org.jclouds.rackspace.cloudservers.us.features.CloudServersUSFlavorApiLiveTest)
[TestNG] Test testListFlavors(org.jclouds.rackspace.cloudservers.us.features.CloudServersUSFlavorApiLiveTest) succeeded: 1206ms
Test suite progress: tests succeeded: 108, failed: 3, skipped: 5.
Starting test testListFlavorsInDetail(org.jclouds.rackspace.cloudservers.us.features.CloudServersUSFlavorApiLiveTest)
[TestNG] Test testListFlavorsInDetail(org.jclouds.rackspace.cloudservers.us.features.CloudServersUSFlavorApiLiveTest) succeeded: 1523ms
Test suite progress: tests succeeded: 109, failed: 3, skipped: 5.
Starting test testGetFlavorById(org.jclouds.rackspace.cloudservers.us.features.CloudServersUSFlavorApiLiveTest)
[TestNG] Test testGetFlavorById(org.jclouds.rackspace.cloudservers.us.features.CloudServersUSFlavorApiLiveTest) succeeded: 7598ms
Test suite progress: tests succeeded: 110, failed: 3, skipped: 5.
Starting test testListImages(org.jclouds.rackspace.cloudservers.us.features.CloudServersUSImageApiLiveTest)
[TestNG] Test testListImages(org.jclouds.rackspace.cloudservers.us.features.CloudServersUSImageApiLiveTest) succeeded: 4834ms
Test suite progress: tests succeeded: 111, failed: 3, skipped: 5.
Starting test testListImagesInDetail(org.jclouds.rackspace.cloudservers.us.features.CloudServersUSImageApiLiveTest)
[TestNG] Test testListImagesInDetail(org.jclouds.rackspace.cloudservers.us.features.CloudServersUSImageApiLiveTest) succeeded: 4908ms
Test suite progress: tests succeeded: 112, failed: 3, skipped: 5.
Starting test testGetImageById(org.jclouds.rackspace.cloudservers.us.features.CloudServersUSImageApiLiveTest)
[TestNG] Test testGetImageById(org.jclouds.rackspace.cloudservers.us.features.CloudServersUSImageApiLiveTest) succeeded: 37653ms
Test suite progress: tests succeeded: 113, failed: 3, skipped: 5.
Starting test testListServers(org.jclouds.rackspace.cloudservers.us.features.CloudServersUSServerApiLiveTest)
[TestNG] Test testListServers(org.jclouds.rackspace.cloudservers.us.features.CloudServersUSServerApiLiveTest) succeeded: 1002ms
Test suite progress: tests succeeded: 114, failed: 3, skipped: 5.
Starting test testListServersInDetail(org.jclouds.rackspace.cloudservers.us.features.CloudServersUSServerApiLiveTest)
[TestNG] Test testListServersInDetail(org.jclouds.rackspace.cloudservers.us.features.CloudServersUSServerApiLiveTest) succeeded: 1077ms
Test suite progress: tests succeeded: 115, failed: 3, skipped: 5.
Starting test testGetServerById(org.jclouds.rackspace.cloudservers.us.features.CloudServersUSServerApiLiveTest)
[TestNG] Test testGetServerById(org.jclouds.rackspace.cloudservers.us.features.CloudServersUSServerApiLiveTest) succeeded: 731ms
Test suite progress: tests succeeded: 116, failed: 3, skipped: 5.
Tests run: 124, Failures: 3, Errors: 0, Skipped: 5, Time elapsed: 2,165.324 sec <<< FAILURE!
testGet(org.jclouds.rackspace.cloudservers.us.compute.CloudServersUSComputeServiceLiveTest)  Time elapsed: 12.807 sec  <<< FAILURE!
java.lang.AssertionError: expected [ORD] but found [DFW]
	at org.testng.Assert.fail(Assert.java:94)
	at org.testng.Assert.failNotEquals(Assert.java:494)
	at org.testng.Assert.assertEquals(Assert.java:123)
	at org.testng.Assert.assertEquals(Assert.java:176)
	at org.testng.Assert.assertEquals(Assert.java:186)
	at org.jclouds.compute.internal.BaseComputeServiceLiveTest.assertLocationSameOrChild(BaseComputeServiceLiveTest.java:384)
	at org.jclouds.compute.internal.BaseComputeServiceLiveTest.testGet(BaseComputeServiceLiveTest.java:507)
	at sun.reflect.NativeMethodAccessorImpl.invoke0(Native Method)
	at sun.reflect.NativeMethodAccessorImpl.invoke(NativeMethodAccessorImpl.java:39)
	at sun.reflect.DelegatingMethodAccessorImpl.invoke(DelegatingMethodAccessorImpl.java:25)
	at java.lang.reflect.Method.invoke(Method.java:597)
	at org.testng.internal.MethodInvocationHelper.invokeMethod(MethodInvocationHelper.java:80)
	at org.testng.internal.Invoker.invokeMethod(Invoker.java:714)
	at org.testng.internal.Invoker.invokeTestMethod(Invoker.java:901)
	at org.testng.internal.Invoker.invokeTestMethods(Invoker.java:1231)
	at org.testng.internal.TestMethodWorker.invokeTestMethods(TestMethodWorker.java:127)
	at org.testng.internal.TestMethodWorker.run(TestMethodWorker.java:111)
	at org.testng.TestRunner.privateRun(TestRunner.java:767)
	at org.testng.TestRunner.run(TestRunner.java:617)
	at org.testng.SuiteRunner.runTest(SuiteRunner.java:334)
	at org.testng.SuiteRunner.access$000(SuiteRunner.java:37)
	at org.testng.SuiteRunner$SuiteWorker.run(SuiteRunner.java:368)
	at org.testng.internal.thread.ThreadUtil$2.call(ThreadUtil.java:64)
	at java.util.concurrent.FutureTask$Sync.innerRun(FutureTask.java:303)
	at java.util.concurrent.FutureTask.run(FutureTask.java:138)
	at java.util.concurrent.ThreadPoolExecutor$Worker.runTask(ThreadPoolExecutor.java:895)
	at java.util.concurrent.ThreadPoolExecutor$Worker.run(ThreadPoolExecutor.java:918)
	at java.lang.Thread.run(Thread.java:680)

testTemplateBuilderCannotFind(org.jclouds.rackspace.cloudservers.us.compute.CloudServersUSTemplateBuilderLiveTest)  Time elapsed: 0.002 sec  <<< FAILURE!
org.testng.TestException: 
Method BaseTemplateBuilderLiveTest.testTemplateBuilderCannotFind(org.jclouds.compute.domain.OsFamilyVersion64Bit)[pri:0, instance:org.jclouds.rackspace.cloudservers.us.compute.CloudServersUSTemplateBuilderLiveTest@1505bd58] should have thrown an exception of class java.util.NoSuchElementException
	at org.testng.internal.Invoker.handleInvocationResults(Invoker.java:1512)
	at org.testng.internal.Invoker.invokeMethod(Invoker.java:754)
	at org.testng.internal.Invoker.invokeTestMethod(Invoker.java:901)
	at org.testng.internal.Invoker.invokeTestMethods(Invoker.java:1231)
	at org.testng.internal.TestMethodWorker.invokeTestMethods(TestMethodWorker.java:127)
	at org.testng.internal.TestMethodWorker.run(TestMethodWorker.java:111)
	at org.testng.TestRunner.privateRun(TestRunner.java:767)
	at org.testng.TestRunner.run(TestRunner.java:617)
	at org.testng.SuiteRunner.runTest(SuiteRunner.java:334)
	at org.testng.SuiteRunner.access$000(SuiteRunner.java:37)
	at org.testng.SuiteRunner$SuiteWorker.run(SuiteRunner.java:368)
	at org.testng.internal.thread.ThreadUtil$2.call(ThreadUtil.java:64)
	at java.util.concurrent.FutureTask$Sync.innerRun(FutureTask.java:303)
	at java.util.concurrent.FutureTask.run(FutureTask.java:138)
	at java.util.concurrent.ThreadPoolExecutor$Worker.runTask(ThreadPoolExecutor.java:895)
	at java.util.concurrent.ThreadPoolExecutor$Worker.run(ThreadPoolExecutor.java:918)
	at java.lang.Thread.run(Thread.java:680)

testTemplateBuilder(org.jclouds.rackspace.cloudservers.us.compute.CloudServersUSTemplateBuilderLiveTest)  Time elapsed: 0.003 sec  <<< FAILURE!
java.lang.AssertionError: expected [ORD] but found [DFW]
	at org.testng.Assert.fail(Assert.java:94)
	at org.testng.Assert.failNotEquals(Assert.java:494)
	at org.testng.Assert.assertEquals(Assert.java:123)
	at org.testng.Assert.assertEquals(Assert.java:176)
	at org.testng.Assert.assertEquals(Assert.java:186)
	at org.jclouds.rackspace.cloudservers.us.compute.CloudServersUSTemplateBuilderLiveTest.testTemplateBuilder(CloudServersUSTemplateBuilderLiveTest.java:82)


Results :

Failed tests:   testGet(org.jclouds.rackspace.cloudservers.us.compute.CloudServersUSComputeServiceLiveTest): expected [ORD] but found [DFW]
  testTemplateBuilderCannotFind(org.jclouds.rackspace.cloudservers.us.compute.CloudServersUSTemplateBuilderLiveTest): (..)
  testTemplateBuilder(org.jclouds.rackspace.cloudservers.us.compute.CloudServersUSTemplateBuilderLiveTest): expected [ORD] but found [DFW]

Tests run: 124, Failures: 3, Errors: 0, Skipped: 5

[INFO] ------------------------------------------------------------------------
[INFO] BUILD FAILURE
[INFO] ------------------------------------------------------------------------
[INFO] Total time: 36:22.899s
[INFO] Finished at: Sat Mar 09 17:46:58 PST 2013
[INFO] Final Memory: 19M/265M
[INFO] ------------------------------------------------------------------------
[ERROR] Failed to execute goal org.apache.maven.plugins:maven-surefire-plugin:2.12.4:test (integration) on project rackspace-cloudservers-us: There are test failures.
[ERROR] 
[ERROR] Please refer to /Users/adriancole/workspace/git/1.6.x/jclouds/providers/rackspace-cloudservers-us/target/surefire-reports for the individual test results.
[ERROR] -> [Help 1]
[ERROR] 
[ERROR] To see the full stack trace of the errors, re-run Maven with the -e switch.
[ERROR] Re-run Maven using the -X switch to enable full debug logging.
[ERROR] 
[ERROR] For more information about the errors and possible solutions, please read the following articles:
[ERROR] [Help 1] http://cwiki.apache.org/confluence/display/MAVEN/MojoFailureException
