[INFO] Scanning for projects...
[WARNING] 
[WARNING] Some problems were encountered while building the effective model for org.jclouds.provider:rackspace-cloudservers-uk:bundle:1.6.0-SNAPSHOT
[WARNING] 'parent.relativePath' of POM org.jclouds:jclouds-project:1.6.0-SNAPSHOT (/home/zack/jclouds/project/pom.xml) points at org.jclouds:jclouds-multi instead of org.sonatype.oss:oss-parent, please verify your project structure @ org.jclouds:jclouds-project:1.6.0-SNAPSHOT, /home/zack/jclouds/project/pom.xml, line 24, column 13
[WARNING] 
[WARNING] It is highly recommended to fix these problems because they threaten the stability of your build.
[WARNING] 
[WARNING] For this reason, future Maven versions might no longer support building such malformed projects.
[WARNING] 
[INFO]                                                                         
[INFO] ------------------------------------------------------------------------
[INFO] Building jclouds Rackspace Next Generation Cloud Servers provider 1.6.0-SNAPSHOT
[INFO] ------------------------------------------------------------------------
[INFO] 
[INFO] --- maven-clean-plugin:2.3:clean (default-clean) @ rackspace-cloudservers-uk ---
[INFO] Deleting file set: /home/zack/jclouds/providers/rackspace-cloudservers-uk/target (included: [**], excluded: [])
[INFO] 
[INFO] --- maven-enforcer-plugin:1.1.1:enforce (enforce-maven) @ rackspace-cloudservers-uk ---
[INFO] 
[INFO] --- maven-enforcer-plugin:1.1.1:enforce (enforce-banned-dependencies) @ rackspace-cloudservers-uk ---
[INFO] 
[INFO] --- maven-enforcer-plugin:1.1.1:enforce (enforce-java) @ rackspace-cloudservers-uk ---
[INFO] 
[INFO] --- maven-remote-resources-plugin:1.4:process (process-remote-resources) @ rackspace-cloudservers-uk ---
[INFO] 
[INFO] --- maven-resources-plugin:2.6:resources (default-resources) @ rackspace-cloudservers-uk ---
[INFO] Using 'UTF-8' encoding to copy filtered resources.
[INFO] skip non existing resourceDirectory /home/zack/jclouds/providers/rackspace-cloudservers-uk/src/main/clojure
[INFO] Copying 1 resource
[INFO] Copying 2 resources
[INFO] 
[INFO] --- maven-compiler-plugin:2.5.1:compile (default-compile) @ rackspace-cloudservers-uk ---
[INFO] Compiling 2 source files to /home/zack/jclouds/providers/rackspace-cloudservers-uk/target/classes
[INFO] 
[INFO] --- maven-resources-plugin:2.6:testResources (default-testResources) @ rackspace-cloudservers-uk ---
[INFO] Using 'UTF-8' encoding to copy filtered resources.
[INFO] skip non existing resourceDirectory /home/zack/jclouds/providers/rackspace-cloudservers-uk/src/test/clojure
[INFO] Copying 2 resources
[INFO] Copying 2 resources
[INFO] 
[INFO] --- maven-compiler-plugin:2.5.1:testCompile (default-testCompile) @ rackspace-cloudservers-uk ---
[INFO] Compiling 8 source files to /home/zack/jclouds/providers/rackspace-cloudservers-uk/target/test-classes
[INFO] 
[INFO] --- maven-surefire-plugin:2.12.4:test (default-test) @ rackspace-cloudservers-uk ---
[INFO] Surefire report directory: /home/zack/jclouds/providers/rackspace-cloudservers-uk/target/surefire-reports

-------------------------------------------------------
 T E S T S
-------------------------------------------------------
Running TestSuite
Configuring TestNG with: org.apache.maven.surefire.testng.conf.TestNG652Configurator@7119087d
Starting test testOfApiContains(org.jclouds.rackspace.cloudservers.uk.CloudServersUKProviderTest)
Starting test testAllContains(org.jclouds.rackspace.cloudservers.uk.CloudServersUKProviderTest)
Starting test testTransformableToContains(org.jclouds.rackspace.cloudservers.uk.CloudServersUKProviderTest)
Starting test testWithId(org.jclouds.rackspace.cloudservers.uk.CloudServersUKProviderTest)
[pool-1-thread-1] Test testAllContains(org.jclouds.rackspace.cloudservers.uk.CloudServersUKProviderTest) succeeded: 33ms
Test suite progress: tests succeeded: 1, failed: 0, skipped: 0.
[pool-1-thread-2] Test testOfApiContains(org.jclouds.rackspace.cloudservers.uk.CloudServersUKProviderTest) succeeded: 60ms
Test suite progress: tests succeeded: 2, failed: 0, skipped: 0.
[pool-1-thread-3] Test testTransformableToContains(org.jclouds.rackspace.cloudservers.uk.CloudServersUKProviderTest) succeeded: 48ms
Test suite progress: tests succeeded: 3, failed: 0, skipped: 0.
[pool-1-thread-4] Test testWithId(org.jclouds.rackspace.cloudservers.uk.CloudServersUKProviderTest) succeeded: 45ms
Test suite progress: tests succeeded: 4, failed: 0, skipped: 0.
Starting test testCanGetConfiguredZones(org.jclouds.rackspace.cloudservers.uk.CloudServersUKProviderMetadataExpectTest)
[pool-2-thread-1] Test testCanGetConfiguredZones(org.jclouds.rackspace.cloudservers.uk.CloudServersUKProviderMetadataExpectTest) succeeded: 2692ms
Test suite progress: tests succeeded: 5, failed: 0, skipped: 0.
Tests run: 5, Failures: 0, Errors: 0, Skipped: 0, Time elapsed: 4.654 sec

Results :

Tests run: 5, Failures: 0, Errors: 0, Skipped: 0

[INFO] 
[INFO] --- maven-bundle-plugin:2.3.7:bundle (default-bundle) @ rackspace-cloudservers-uk ---
[WARNING] Bundle org.jclouds.provider:rackspace-cloudservers-uk:bundle:1.6.0-SNAPSHOT : Instructions in Export-Package that are never used: org\.jclouds\.rackspace\.cloudservers\.us.*
Classpath: Jar:.,Jar:rackspace-cloudidentity,Jar:openstack-keystone,Jar:openstack-nova,Jar:jclouds-compute,Jar:jsr311-api,Jar:guice-assistedinject,Jar:guice,Jar:aopalliance,Jar:rocoto,Jar:javax.inject,Jar:jsr250-api,Jar:gson,Jar:guava,Jar:jclouds-scriptbuilder,Jar:jclouds-core,Jar:clojure,Jar:tools.logging,Jar:core.incubator

[WARNING] Bundle org.jclouds.provider:rackspace-cloudservers-uk:bundle:1.6.0-SNAPSHOT : Superfluous export-package instructions: [org.jclouds.rackspace.cloudservers.us*]
[INFO] 
[INFO] --- maven-jar-plugin:2.4:test-jar (default) @ rackspace-cloudservers-uk ---
[INFO] Building jar: /home/zack/jclouds/providers/rackspace-cloudservers-uk/target/rackspace-cloudservers-uk-1.6.0-SNAPSHOT-tests.jar
[INFO] 
[INFO] --- maven-surefire-plugin:2.12.4:test (integration) @ rackspace-cloudservers-uk ---
[INFO] Surefire report directory: /home/zack/jclouds/providers/rackspace-cloudservers-uk/target/surefire-reports

-------------------------------------------------------
 T E S T S
-------------------------------------------------------
Running TestSuite
Configuring TestNG with: org.apache.maven.surefire.testng.conf.TestNG652Configurator@10181f5b
21:38:22,234 |-INFO in ch.qos.logback.classic.LoggerContext[default] - Could NOT find resource [logback.groovy]
21:38:22,234 |-INFO in ch.qos.logback.classic.LoggerContext[default] - Could NOT find resource [logback-test.xml]
21:38:22,235 |-INFO in ch.qos.logback.classic.LoggerContext[default] - Found resource [logback.xml] at [jar:file:/home/zack/.m2/repository/org/jclouds/jclouds-compute/1.6.0-SNAPSHOT/jclouds-compute-1.6.0-SNAPSHOT-tests.jar!/logback.xml]
21:38:22,235 |-WARN in ch.qos.logback.classic.LoggerContext[default] - Resource [logback.xml] occurs multiple times on the classpath.
21:38:22,235 |-WARN in ch.qos.logback.classic.LoggerContext[default] - Resource [logback.xml] occurs at [jar:file:/home/zack/.m2/repository/org/jclouds/jclouds-compute/1.6.0-SNAPSHOT/jclouds-compute-1.6.0-SNAPSHOT-tests.jar!/logback.xml]
21:38:22,235 |-WARN in ch.qos.logback.classic.LoggerContext[default] - Resource [logback.xml] occurs at [jar:file:/home/zack/.m2/repository/org/jclouds/api/openstack-keystone/1.6.0-SNAPSHOT/openstack-keystone-1.6.0-SNAPSHOT-tests.jar!/logback.xml]
21:38:22,260 |-INFO in ch.qos.logback.core.joran.spi.ConfigurationWatchList@75304935 - URL [jar:file:/home/zack/.m2/repository/org/jclouds/jclouds-compute/1.6.0-SNAPSHOT/jclouds-compute-1.6.0-SNAPSHOT-tests.jar!/logback.xml] is not of type file
21:38:22,340 |-INFO in ch.qos.logback.classic.joran.action.ConfigurationAction - debug attribute not set
21:38:22,355 |-INFO in ch.qos.logback.core.joran.action.AppenderAction - About to instantiate appender of type [ch.qos.logback.core.FileAppender]
21:38:22,360 |-INFO in ch.qos.logback.core.joran.action.AppenderAction - Naming appender as [FILE]
21:38:22,394 |-INFO in ch.qos.logback.core.joran.action.NestedComplexPropertyIA - Assuming default type [ch.qos.logback.classic.encoder.PatternLayoutEncoder] for [encoder] property
21:38:22,476 |-INFO in ch.qos.logback.core.FileAppender[FILE] - File property is set to [target/test-data/jclouds.log]
21:38:22,478 |-INFO in ch.qos.logback.core.joran.action.AppenderAction - About to instantiate appender of type [ch.qos.logback.core.FileAppender]
21:38:22,478 |-INFO in ch.qos.logback.core.joran.action.AppenderAction - Naming appender as [WIREFILE]
21:38:22,479 |-INFO in ch.qos.logback.core.joran.action.NestedComplexPropertyIA - Assuming default type [ch.qos.logback.classic.encoder.PatternLayoutEncoder] for [encoder] property
21:38:22,480 |-INFO in ch.qos.logback.core.FileAppender[WIREFILE] - File property is set to [target/test-data/jclouds-wire.log]
21:38:22,480 |-INFO in ch.qos.logback.core.joran.action.AppenderAction - About to instantiate appender of type [ch.qos.logback.core.FileAppender]
21:38:22,480 |-INFO in ch.qos.logback.core.joran.action.AppenderAction - Naming appender as [COMPUTEFILE]
21:38:22,481 |-INFO in ch.qos.logback.core.joran.action.NestedComplexPropertyIA - Assuming default type [ch.qos.logback.classic.encoder.PatternLayoutEncoder] for [encoder] property
21:38:22,482 |-INFO in ch.qos.logback.core.FileAppender[COMPUTEFILE] - File property is set to [target/test-data/jclouds-compute.log]
21:38:22,482 |-INFO in ch.qos.logback.core.joran.action.AppenderAction - About to instantiate appender of type [ch.qos.logback.core.FileAppender]
21:38:22,482 |-INFO in ch.qos.logback.core.joran.action.AppenderAction - Naming appender as [SSHFILE]
21:38:22,482 |-INFO in ch.qos.logback.core.joran.action.NestedComplexPropertyIA - Assuming default type [ch.qos.logback.classic.encoder.PatternLayoutEncoder] for [encoder] property
21:38:22,483 |-INFO in ch.qos.logback.core.FileAppender[SSHFILE] - File property is set to [target/test-data/jclouds-ssh.log]
21:38:22,483 |-INFO in ch.qos.logback.classic.joran.action.LevelAction - ROOT level set to WARN
21:38:22,484 |-INFO in ch.qos.logback.classic.joran.action.LevelAction - org.jclouds level set to DEBUG
21:38:22,484 |-INFO in ch.qos.logback.core.joran.action.AppenderRefAction - Attaching appender named [FILE] to Logger[org.jclouds]
21:38:22,485 |-INFO in ch.qos.logback.classic.joran.action.LevelAction - jclouds.wire level set to DEBUG
21:38:22,486 |-INFO in ch.qos.logback.core.joran.action.AppenderRefAction - Attaching appender named [WIREFILE] to Logger[jclouds.wire]
21:38:22,486 |-INFO in ch.qos.logback.classic.joran.action.LevelAction - jclouds.headers level set to DEBUG
21:38:22,486 |-INFO in ch.qos.logback.core.joran.action.AppenderRefAction - Attaching appender named [WIREFILE] to Logger[jclouds.headers]
21:38:22,486 |-INFO in ch.qos.logback.classic.joran.action.LevelAction - jclouds.compute level set to DEBUG
21:38:22,486 |-INFO in ch.qos.logback.core.joran.action.AppenderRefAction - Attaching appender named [COMPUTEFILE] to Logger[jclouds.compute]
21:38:22,486 |-INFO in ch.qos.logback.classic.joran.action.LevelAction - jclouds.ssh level set to DEBUG
21:38:22,486 |-INFO in ch.qos.logback.core.joran.action.AppenderRefAction - Attaching appender named [SSHFILE] to Logger[jclouds.ssh]
21:38:22,486 |-INFO in ch.qos.logback.classic.joran.action.ConfigurationAction - End of configuration.
21:38:22,488 |-INFO in ch.qos.logback.classic.joran.JoranConfigurator@351672ae - Registering current configuration as safe fallback point

Starting test setServiceDefaults(org.jclouds.rackspace.cloudservers.uk.compute.CloudServersUKComputeServiceLiveTest)
[TestNG] Test setServiceDefaults(org.jclouds.rackspace.cloudservers.uk.compute.CloudServersUKComputeServiceLiveTest) succeeded: 2ms
Test suite progress: tests succeeded: 1, failed: 0, skipped: 0.
Starting test testCompareSizes(org.jclouds.rackspace.cloudservers.uk.compute.CloudServersUKComputeServiceLiveTest)
[TestNG] Test testCompareSizes(org.jclouds.rackspace.cloudservers.uk.compute.CloudServersUKComputeServiceLiveTest) succeeded: 6133ms
Test suite progress: tests succeeded: 2, failed: 0, skipped: 0.
Starting test testCorrectExceptionRunningNodesNotFound(org.jclouds.rackspace.cloudservers.uk.compute.CloudServersUKComputeServiceLiveTest)
[TestNG] Test testCorrectExceptionRunningNodesNotFound(org.jclouds.rackspace.cloudservers.uk.compute.CloudServersUKComputeServiceLiveTest) succeeded: 1061ms
Test suite progress: tests succeeded: 3, failed: 0, skipped: 0.
Starting test testGetAssignableLocations(org.jclouds.rackspace.cloudservers.uk.compute.CloudServersUKComputeServiceLiveTest)
[TestNG] Test testGetAssignableLocations(org.jclouds.rackspace.cloudservers.uk.compute.CloudServersUKComputeServiceLiveTest) succeeded: 2ms
Test suite progress: tests succeeded: 4, failed: 0, skipped: 0.
Starting test testImageById(org.jclouds.rackspace.cloudservers.uk.compute.CloudServersUKComputeServiceLiveTest)
[TestNG] Test testImageById(org.jclouds.rackspace.cloudservers.uk.compute.CloudServersUKComputeServiceLiveTest) succeeded: 947ms
Test suite progress: tests succeeded: 5, failed: 0, skipped: 0.
Starting test testImagesCache(org.jclouds.rackspace.cloudservers.uk.compute.CloudServersUKComputeServiceLiveTest)
[TestNG] Test testImagesCache(org.jclouds.rackspace.cloudservers.uk.compute.CloudServersUKComputeServiceLiveTest) succeeded: 1ms
Test suite progress: tests succeeded: 6, failed: 0, skipped: 0.
Starting test testListImages(org.jclouds.rackspace.cloudservers.uk.compute.CloudServersUKComputeServiceLiveTest)
[TestNG] Test testListImages(org.jclouds.rackspace.cloudservers.uk.compute.CloudServersUKComputeServiceLiveTest) succeeded: 0ms
Test suite progress: tests succeeded: 7, failed: 0, skipped: 0.
Starting test testListSizes(org.jclouds.rackspace.cloudservers.uk.compute.CloudServersUKComputeServiceLiveTest)
[TestNG] Test testListSizes(org.jclouds.rackspace.cloudservers.uk.compute.CloudServersUKComputeServiceLiveTest) succeeded: 1ms
Test suite progress: tests succeeded: 8, failed: 0, skipped: 0.
Starting test testOptionToNotBlock(org.jclouds.rackspace.cloudservers.uk.compute.CloudServersUKComputeServiceLiveTest)
[TestNG] Test testOptionToNotBlock(org.jclouds.rackspace.cloudservers.uk.compute.CloudServersUKComputeServiceLiveTest) succeeded: 1ms
Test suite progress: tests succeeded: 9, failed: 0, skipped: 0.
Starting test testCreateAndRunAService(org.jclouds.rackspace.cloudservers.uk.compute.CloudServersUKComputeServiceLiveTest)
[TestNG] Test testCreateAndRunAService(org.jclouds.rackspace.cloudservers.uk.compute.CloudServersUKComputeServiceLiveTest) succeeded: 501102ms
Test suite progress: tests succeeded: 10, failed: 0, skipped: 0.
Starting test testCorrectAuthException(org.jclouds.rackspace.cloudservers.uk.compute.CloudServersUKComputeServiceLiveTest)
[TestNG] Test testCorrectAuthException(org.jclouds.rackspace.cloudservers.uk.compute.CloudServersUKComputeServiceLiveTest) succeeded: 1069ms
Test suite progress: tests succeeded: 11, failed: 0, skipped: 0.
Starting test testAScriptExecutionAfterBootWithBasicTemplate(org.jclouds.rackspace.cloudservers.uk.compute.CloudServersUKComputeServiceLiveTest)
[TestNG] Test testAScriptExecutionAfterBootWithBasicTemplate(org.jclouds.rackspace.cloudservers.uk.compute.CloudServersUKComputeServiceLiveTest) succeeded: 661422ms
Test suite progress: tests succeeded: 12, failed: 0, skipped: 0.
Starting test testConcurrentUseOfComputeServiceToCreateNodes(org.jclouds.rackspace.cloudservers.uk.compute.CloudServersUKComputeServiceLiveTest)
[TestNG] Test testConcurrentUseOfComputeServiceToCreateNodes(org.jclouds.rackspace.cloudservers.uk.compute.CloudServersUKComputeServiceLiveTest) succeeded: 295470ms
Test suite progress: tests succeeded: 13, failed: 0, skipped: 0.
Starting test testTemplateMatch(org.jclouds.rackspace.cloudservers.uk.compute.CloudServersUKComputeServiceLiveTest)
[TestNG] Test testTemplateMatch(org.jclouds.rackspace.cloudservers.uk.compute.CloudServersUKComputeServiceLiveTest) succeeded: 7ms
Test suite progress: tests succeeded: 14, failed: 0, skipped: 0.
Starting test testCreateTwoNodesWithRunScript(org.jclouds.rackspace.cloudservers.uk.compute.CloudServersUKComputeServiceLiveTest)
[TestNG] Test testCreateTwoNodesWithRunScript(org.jclouds.rackspace.cloudservers.uk.compute.CloudServersUKComputeServiceLiveTest) succeeded: 425374ms
Test suite progress: tests succeeded: 15, failed: 0, skipped: 0.
Starting test testCreateAnotherNodeWithANewContextToEnsureSharedMemIsntRequired(org.jclouds.rackspace.cloudservers.uk.compute.CloudServersUKComputeServiceLiveTest)
[TestNG] Test testCreateAnotherNodeWithANewContextToEnsureSharedMemIsntRequired(org.jclouds.rackspace.cloudservers.uk.compute.CloudServersUKComputeServiceLiveTest) succeeded: 405092ms
Test suite progress: tests succeeded: 16, failed: 0, skipped: 0.
Starting test testCredentialsCache(org.jclouds.rackspace.cloudservers.uk.compute.CloudServersUKComputeServiceLiveTest)
[TestNG] Test testCredentialsCache(org.jclouds.rackspace.cloudservers.uk.compute.CloudServersUKComputeServiceLiveTest) succeeded: 249ms
Test suite progress: tests succeeded: 17, failed: 0, skipped: 0.
Starting test testGet(org.jclouds.rackspace.cloudservers.uk.compute.CloudServersUKComputeServiceLiveTest)
[TestNG] Test testGet(org.jclouds.rackspace.cloudservers.uk.compute.CloudServersUKComputeServiceLiveTest) succeeded: 7756ms
Test suite progress: tests succeeded: 18, failed: 0, skipped: 0.
Starting test testReboot(org.jclouds.rackspace.cloudservers.uk.compute.CloudServersUKComputeServiceLiveTest)
[TestNG] Test testReboot(org.jclouds.rackspace.cloudservers.uk.compute.CloudServersUKComputeServiceLiveTest) succeeded: 45090ms
Test suite progress: tests succeeded: 19, failed: 0, skipped: 0.
Starting test testSuspendResume(org.jclouds.rackspace.cloudservers.uk.compute.CloudServersUKComputeServiceLiveTest)
[TestNG] Test testSuspendResume(org.jclouds.rackspace.cloudservers.uk.compute.CloudServersUKComputeServiceLiveTest) succeeded: 2012ms
Test suite progress: tests succeeded: 20, failed: 0, skipped: 0.
Starting test testGetNodesWithDetails(org.jclouds.rackspace.cloudservers.uk.compute.CloudServersUKComputeServiceLiveTest)
[TestNG] Test testGetNodesWithDetails(org.jclouds.rackspace.cloudservers.uk.compute.CloudServersUKComputeServiceLiveTest) succeeded: 762ms
Test suite progress: tests succeeded: 21, failed: 0, skipped: 0.
Starting test testListNodes(org.jclouds.rackspace.cloudservers.uk.compute.CloudServersUKComputeServiceLiveTest)
[TestNG] Test testListNodes(org.jclouds.rackspace.cloudservers.uk.compute.CloudServersUKComputeServiceLiveTest) succeeded: 847ms
Test suite progress: tests succeeded: 22, failed: 0, skipped: 0.
Starting test testListNodesByIds(org.jclouds.rackspace.cloudservers.uk.compute.CloudServersUKComputeServiceLiveTest)
[TestNG] Test testListNodesByIds(org.jclouds.rackspace.cloudservers.uk.compute.CloudServersUKComputeServiceLiveTest) succeeded: 753ms
Test suite progress: tests succeeded: 23, failed: 0, skipped: 0.
Starting test testDestroyNodes(org.jclouds.rackspace.cloudservers.uk.compute.CloudServersUKComputeServiceLiveTest)
[TestNG] Test testDestroyNodes(org.jclouds.rackspace.cloudservers.uk.compute.CloudServersUKComputeServiceLiveTest) succeeded: 40932ms
Test suite progress: tests succeeded: 24, failed: 0, skipped: 0.
Starting test testCompareSizes(org.jclouds.rackspace.cloudservers.uk.compute.CloudServersUKTemplateBuilderLiveTest)
smallest {id=LON/2, providerId=2, name=512MB Standard Instance, location={scope=ZONE, id=LON, description=LON, parent=rackspace-cloudservers-uk, iso3166Codes=[GB-SLG]}, processors=[{cores=1.0, speed=1.0}], ram=512, volumes=[{type=LOCAL, size=20.0, bootDevice=true, durable=true}], supportsImage=ALWAYS_TRUE}
fastest {id=LON/8, providerId=8, name=30GB Standard Instance, location={scope=ZONE, id=LON, description=LON, parent=rackspace-cloudservers-uk, iso3166Codes=[GB-SLG]}, processors=[{cores=8.0, speed=1.0}], ram=30720, volumes=[{type=LOCAL, size=1200.0, bootDevice=true, durable=true}], supportsImage=ALWAYS_TRUE}
biggest {id=LON/8, providerId=8, name=30GB Standard Instance, location={scope=ZONE, id=LON, description=LON, parent=rackspace-cloudservers-uk, iso3166Codes=[GB-SLG]}, processors=[{cores=8.0, speed=1.0}], ram=30720, volumes=[{type=LOCAL, size=1200.0, bootDevice=true, durable=true}], supportsImage=ALWAYS_TRUE}
[TestNG] Test testCompareSizes(org.jclouds.rackspace.cloudservers.uk.compute.CloudServersUKTemplateBuilderLiveTest) succeeded: 4174ms
Test suite progress: tests succeeded: 25, failed: 0, skipped: 0.
Starting test testDefaultTemplateBuilder(org.jclouds.rackspace.cloudservers.uk.compute.CloudServersUKTemplateBuilderLiveTest)
[TestNG] Test testDefaultTemplateBuilder(org.jclouds.rackspace.cloudservers.uk.compute.CloudServersUKTemplateBuilderLiveTest) succeeded: 8ms
Test suite progress: tests succeeded: 26, failed: 0, skipped: 0.
Starting test testFromTemplate(org.jclouds.rackspace.cloudservers.uk.compute.CloudServersUKTemplateBuilderLiveTest)
[TestNG] Test testFromTemplate(org.jclouds.rackspace.cloudservers.uk.compute.CloudServersUKTemplateBuilderLiveTest) succeeded: 23ms
Test suite progress: tests succeeded: 27, failed: 0, skipped: 0.
Starting test testGetAssignableLocations(org.jclouds.rackspace.cloudservers.uk.compute.CloudServersUKTemplateBuilderLiveTest)
[TestNG] Test testGetAssignableLocations(org.jclouds.rackspace.cloudservers.uk.compute.CloudServersUKTemplateBuilderLiveTest) succeeded: 2ms
Test suite progress: tests succeeded: 28, failed: 0, skipped: 0.
Starting test testTemplateBuilderCanFind(org.jclouds.rackspace.cloudservers.uk.compute.CloudServersUKTemplateBuilderLiveTest)
[TestNG] Test testTemplateBuilderCanFind(org.jclouds.rackspace.cloudservers.uk.compute.CloudServersUKTemplateBuilderLiveTest) succeeded: 6ms
Test suite progress: tests succeeded: 29, failed: 0, skipped: 0.
Starting test testTemplateBuilderCanFind(org.jclouds.rackspace.cloudservers.uk.compute.CloudServersUKTemplateBuilderLiveTest)
[TestNG] Test testTemplateBuilderCanFind(org.jclouds.rackspace.cloudservers.uk.compute.CloudServersUKTemplateBuilderLiveTest) succeeded: 6ms
Test suite progress: tests succeeded: 30, failed: 0, skipped: 0.
Starting test testTemplateBuilderCanFind(org.jclouds.rackspace.cloudservers.uk.compute.CloudServersUKTemplateBuilderLiveTest)
[TestNG] Test testTemplateBuilderCanFind(org.jclouds.rackspace.cloudservers.uk.compute.CloudServersUKTemplateBuilderLiveTest) succeeded: 12ms
Test suite progress: tests succeeded: 31, failed: 0, skipped: 0.
Starting test testTemplateBuilderCanFind(org.jclouds.rackspace.cloudservers.uk.compute.CloudServersUKTemplateBuilderLiveTest)
[TestNG] Test testTemplateBuilderCanFind(org.jclouds.rackspace.cloudservers.uk.compute.CloudServersUKTemplateBuilderLiveTest) succeeded: 6ms
Test suite progress: tests succeeded: 32, failed: 0, skipped: 0.
Starting test testTemplateBuilderCanFind(org.jclouds.rackspace.cloudservers.uk.compute.CloudServersUKTemplateBuilderLiveTest)
[TestNG] Test testTemplateBuilderCanFind(org.jclouds.rackspace.cloudservers.uk.compute.CloudServersUKTemplateBuilderLiveTest) failed.
Test suite progress: tests succeeded: 32, failed: 1, skipped: 0.
Starting test testTemplateBuilderCanFind(org.jclouds.rackspace.cloudservers.uk.compute.CloudServersUKTemplateBuilderLiveTest)
[TestNG] Test testTemplateBuilderCanFind(org.jclouds.rackspace.cloudservers.uk.compute.CloudServersUKTemplateBuilderLiveTest) succeeded: 4ms
Test suite progress: tests succeeded: 33, failed: 1, skipped: 0.
Starting test testTemplateBuilderCanFind(org.jclouds.rackspace.cloudservers.uk.compute.CloudServersUKTemplateBuilderLiveTest)
[TestNG] Test testTemplateBuilderCanFind(org.jclouds.rackspace.cloudservers.uk.compute.CloudServersUKTemplateBuilderLiveTest) succeeded: 4ms
Test suite progress: tests succeeded: 34, failed: 1, skipped: 0.
Starting test testTemplateBuilderCanFind(org.jclouds.rackspace.cloudservers.uk.compute.CloudServersUKTemplateBuilderLiveTest)
[TestNG] Test testTemplateBuilderCanFind(org.jclouds.rackspace.cloudservers.uk.compute.CloudServersUKTemplateBuilderLiveTest) succeeded: 3ms
Test suite progress: tests succeeded: 35, failed: 1, skipped: 0.
Starting test testTemplateBuilderCanFind(org.jclouds.rackspace.cloudservers.uk.compute.CloudServersUKTemplateBuilderLiveTest)
[TestNG] Test testTemplateBuilderCanFind(org.jclouds.rackspace.cloudservers.uk.compute.CloudServersUKTemplateBuilderLiveTest) succeeded: 6ms
Test suite progress: tests succeeded: 36, failed: 1, skipped: 0.
Starting test testTemplateBuilderCanFind(org.jclouds.rackspace.cloudservers.uk.compute.CloudServersUKTemplateBuilderLiveTest)
[TestNG] Test testTemplateBuilderCanFind(org.jclouds.rackspace.cloudservers.uk.compute.CloudServersUKTemplateBuilderLiveTest) succeeded: 6ms
Test suite progress: tests succeeded: 37, failed: 1, skipped: 0.
Starting test testTemplateBuilderCanFind(org.jclouds.rackspace.cloudservers.uk.compute.CloudServersUKTemplateBuilderLiveTest)
[TestNG] Test testTemplateBuilderCanFind(org.jclouds.rackspace.cloudservers.uk.compute.CloudServersUKTemplateBuilderLiveTest) succeeded: 4ms
Test suite progress: tests succeeded: 38, failed: 1, skipped: 0.
Starting test testTemplateBuilderCanUseImageId(org.jclouds.rackspace.cloudservers.uk.compute.CloudServersUKTemplateBuilderLiveTest)
[TestNG] Test testTemplateBuilderCanUseImageId(org.jclouds.rackspace.cloudservers.uk.compute.CloudServersUKTemplateBuilderLiveTest) succeeded: 4422ms
Test suite progress: tests succeeded: 39, failed: 1, skipped: 0.
Starting test testTemplateBuilderCannotFind(org.jclouds.rackspace.cloudservers.uk.compute.CloudServersUKTemplateBuilderLiveTest)
[TestNG] Test testTemplateBuilderCannotFind(org.jclouds.rackspace.cloudservers.uk.compute.CloudServersUKTemplateBuilderLiveTest) succeeded: 1ms
Test suite progress: tests succeeded: 40, failed: 1, skipped: 0.
Starting test testTemplateBuilderCannotFind(org.jclouds.rackspace.cloudservers.uk.compute.CloudServersUKTemplateBuilderLiveTest)
[TestNG] Test testTemplateBuilderCannotFind(org.jclouds.rackspace.cloudservers.uk.compute.CloudServersUKTemplateBuilderLiveTest) succeeded: 1ms
Test suite progress: tests succeeded: 41, failed: 1, skipped: 0.
Starting test testTemplateBuilderCannotFind(org.jclouds.rackspace.cloudservers.uk.compute.CloudServersUKTemplateBuilderLiveTest)
[TestNG] Test testTemplateBuilderCannotFind(org.jclouds.rackspace.cloudservers.uk.compute.CloudServersUKTemplateBuilderLiveTest) succeeded: 1ms
Test suite progress: tests succeeded: 42, failed: 1, skipped: 0.
Starting test testTemplateBuilderCannotFind(org.jclouds.rackspace.cloudservers.uk.compute.CloudServersUKTemplateBuilderLiveTest)
[TestNG] Test testTemplateBuilderCannotFind(org.jclouds.rackspace.cloudservers.uk.compute.CloudServersUKTemplateBuilderLiveTest) succeeded: 1ms
Test suite progress: tests succeeded: 43, failed: 1, skipped: 0.
Starting test testTemplateBuilderCannotFind(org.jclouds.rackspace.cloudservers.uk.compute.CloudServersUKTemplateBuilderLiveTest)
[TestNG] Test testTemplateBuilderCannotFind(org.jclouds.rackspace.cloudservers.uk.compute.CloudServersUKTemplateBuilderLiveTest) succeeded: 3ms
Test suite progress: tests succeeded: 44, failed: 1, skipped: 0.
Starting test testTemplateBuilderCannotFind(org.jclouds.rackspace.cloudservers.uk.compute.CloudServersUKTemplateBuilderLiveTest)
[TestNG] Test testTemplateBuilderCannotFind(org.jclouds.rackspace.cloudservers.uk.compute.CloudServersUKTemplateBuilderLiveTest) succeeded: 2ms
Test suite progress: tests succeeded: 45, failed: 1, skipped: 0.
Starting test testTemplateBuilderCannotFind(org.jclouds.rackspace.cloudservers.uk.compute.CloudServersUKTemplateBuilderLiveTest)
[TestNG] Test testTemplateBuilderCannotFind(org.jclouds.rackspace.cloudservers.uk.compute.CloudServersUKTemplateBuilderLiveTest) succeeded: 1ms
Test suite progress: tests succeeded: 46, failed: 1, skipped: 0.
Starting test testTemplateBuilderCannotFind(org.jclouds.rackspace.cloudservers.uk.compute.CloudServersUKTemplateBuilderLiveTest)
[TestNG] Test testTemplateBuilderCannotFind(org.jclouds.rackspace.cloudservers.uk.compute.CloudServersUKTemplateBuilderLiveTest) succeeded: 2ms
Test suite progress: tests succeeded: 47, failed: 1, skipped: 0.
Starting test testTemplateBuilderCannotFind(org.jclouds.rackspace.cloudservers.uk.compute.CloudServersUKTemplateBuilderLiveTest)
[TestNG] Test testTemplateBuilderCannotFind(org.jclouds.rackspace.cloudservers.uk.compute.CloudServersUKTemplateBuilderLiveTest) succeeded: 6ms
Test suite progress: tests succeeded: 48, failed: 1, skipped: 0.
Starting test testTemplateBuilderCannotFind(org.jclouds.rackspace.cloudservers.uk.compute.CloudServersUKTemplateBuilderLiveTest)
[TestNG] Test testTemplateBuilderCannotFind(org.jclouds.rackspace.cloudservers.uk.compute.CloudServersUKTemplateBuilderLiveTest) succeeded: 2ms
Test suite progress: tests succeeded: 49, failed: 1, skipped: 0.
Starting test testTemplateBuilderCannotFind(org.jclouds.rackspace.cloudservers.uk.compute.CloudServersUKTemplateBuilderLiveTest)
[TestNG] Test testTemplateBuilderCannotFind(org.jclouds.rackspace.cloudservers.uk.compute.CloudServersUKTemplateBuilderLiveTest) succeeded: 1ms
Test suite progress: tests succeeded: 50, failed: 1, skipped: 0.
Starting test testTemplateBuilderCannotFind(org.jclouds.rackspace.cloudservers.uk.compute.CloudServersUKTemplateBuilderLiveTest)
[TestNG] Test testTemplateBuilderCannotFind(org.jclouds.rackspace.cloudservers.uk.compute.CloudServersUKTemplateBuilderLiveTest) succeeded: 2ms
Test suite progress: tests succeeded: 51, failed: 1, skipped: 0.
Starting test testTemplateBuilderCannotFind(org.jclouds.rackspace.cloudservers.uk.compute.CloudServersUKTemplateBuilderLiveTest)
[TestNG] Test testTemplateBuilderCannotFind(org.jclouds.rackspace.cloudservers.uk.compute.CloudServersUKTemplateBuilderLiveTest) succeeded: 1ms
Test suite progress: tests succeeded: 52, failed: 1, skipped: 0.
Starting test testTemplateBuilderCannotFind(org.jclouds.rackspace.cloudservers.uk.compute.CloudServersUKTemplateBuilderLiveTest)
[TestNG] Test testTemplateBuilderCannotFind(org.jclouds.rackspace.cloudservers.uk.compute.CloudServersUKTemplateBuilderLiveTest) succeeded: 2ms
Test suite progress: tests succeeded: 53, failed: 1, skipped: 0.
Starting test testTemplateBuilderCannotFind(org.jclouds.rackspace.cloudservers.uk.compute.CloudServersUKTemplateBuilderLiveTest)
[TestNG] Test testTemplateBuilderCannotFind(org.jclouds.rackspace.cloudservers.uk.compute.CloudServersUKTemplateBuilderLiveTest) succeeded: 1ms
Test suite progress: tests succeeded: 54, failed: 1, skipped: 0.
Starting test testTemplateBuilderCannotFind(org.jclouds.rackspace.cloudservers.uk.compute.CloudServersUKTemplateBuilderLiveTest)
[TestNG] Test testTemplateBuilderCannotFind(org.jclouds.rackspace.cloudservers.uk.compute.CloudServersUKTemplateBuilderLiveTest) succeeded: 2ms
Test suite progress: tests succeeded: 55, failed: 1, skipped: 0.
Starting test testTemplateBuilderCannotFind(org.jclouds.rackspace.cloudservers.uk.compute.CloudServersUKTemplateBuilderLiveTest)
[TestNG] Test testTemplateBuilderCannotFind(org.jclouds.rackspace.cloudservers.uk.compute.CloudServersUKTemplateBuilderLiveTest) succeeded: 2ms
Test suite progress: tests succeeded: 56, failed: 1, skipped: 0.
Starting test testTemplateBuilderCannotFind(org.jclouds.rackspace.cloudservers.uk.compute.CloudServersUKTemplateBuilderLiveTest)
[TestNG] Test testTemplateBuilderCannotFind(org.jclouds.rackspace.cloudservers.uk.compute.CloudServersUKTemplateBuilderLiveTest) succeeded: 1ms
Test suite progress: tests succeeded: 57, failed: 1, skipped: 0.
Starting test testTemplateBuilderCannotFind(org.jclouds.rackspace.cloudservers.uk.compute.CloudServersUKTemplateBuilderLiveTest)
[TestNG] Test testTemplateBuilderCannotFind(org.jclouds.rackspace.cloudservers.uk.compute.CloudServersUKTemplateBuilderLiveTest) succeeded: 2ms
Test suite progress: tests succeeded: 58, failed: 1, skipped: 0.
Starting test testTemplateBuilderCannotFind(org.jclouds.rackspace.cloudservers.uk.compute.CloudServersUKTemplateBuilderLiveTest)
[TestNG] Test testTemplateBuilderCannotFind(org.jclouds.rackspace.cloudservers.uk.compute.CloudServersUKTemplateBuilderLiveTest) succeeded: 1ms
Test suite progress: tests succeeded: 59, failed: 1, skipped: 0.
Starting test testTemplateBuilderCannotFind(org.jclouds.rackspace.cloudservers.uk.compute.CloudServersUKTemplateBuilderLiveTest)
[TestNG] Test testTemplateBuilderCannotFind(org.jclouds.rackspace.cloudservers.uk.compute.CloudServersUKTemplateBuilderLiveTest) succeeded: 1ms
Test suite progress: tests succeeded: 60, failed: 1, skipped: 0.
Starting test testTemplateBuilderCannotFind(org.jclouds.rackspace.cloudservers.uk.compute.CloudServersUKTemplateBuilderLiveTest)
[TestNG] Test testTemplateBuilderCannotFind(org.jclouds.rackspace.cloudservers.uk.compute.CloudServersUKTemplateBuilderLiveTest) succeeded: 4ms
Test suite progress: tests succeeded: 61, failed: 1, skipped: 0.
Starting test testTemplateBuilderCannotFind(org.jclouds.rackspace.cloudservers.uk.compute.CloudServersUKTemplateBuilderLiveTest)
[TestNG] Test testTemplateBuilderCannotFind(org.jclouds.rackspace.cloudservers.uk.compute.CloudServersUKTemplateBuilderLiveTest) succeeded: 1ms
Test suite progress: tests succeeded: 62, failed: 1, skipped: 0.
Starting test testTemplateBuilderCannotFind(org.jclouds.rackspace.cloudservers.uk.compute.CloudServersUKTemplateBuilderLiveTest)
[TestNG] Test testTemplateBuilderCannotFind(org.jclouds.rackspace.cloudservers.uk.compute.CloudServersUKTemplateBuilderLiveTest) succeeded: 3ms
Test suite progress: tests succeeded: 63, failed: 1, skipped: 0.
Starting test testTemplateBuilderCannotFind(org.jclouds.rackspace.cloudservers.uk.compute.CloudServersUKTemplateBuilderLiveTest)
[TestNG] Test testTemplateBuilderCannotFind(org.jclouds.rackspace.cloudservers.uk.compute.CloudServersUKTemplateBuilderLiveTest) succeeded: 1ms
Test suite progress: tests succeeded: 64, failed: 1, skipped: 0.
Starting test testTemplateBuilderCannotFind(org.jclouds.rackspace.cloudservers.uk.compute.CloudServersUKTemplateBuilderLiveTest)
[TestNG] Test testTemplateBuilderCannotFind(org.jclouds.rackspace.cloudservers.uk.compute.CloudServersUKTemplateBuilderLiveTest) succeeded: 1ms
Test suite progress: tests succeeded: 65, failed: 1, skipped: 0.
Starting test testTemplateBuilderCannotFind(org.jclouds.rackspace.cloudservers.uk.compute.CloudServersUKTemplateBuilderLiveTest)
[TestNG] Test testTemplateBuilderCannotFind(org.jclouds.rackspace.cloudservers.uk.compute.CloudServersUKTemplateBuilderLiveTest) succeeded: 2ms
Test suite progress: tests succeeded: 66, failed: 1, skipped: 0.
Starting test testTemplateBuilderCannotFind(org.jclouds.rackspace.cloudservers.uk.compute.CloudServersUKTemplateBuilderLiveTest)
[TestNG] Test testTemplateBuilderCannotFind(org.jclouds.rackspace.cloudservers.uk.compute.CloudServersUKTemplateBuilderLiveTest) succeeded: 1ms
Test suite progress: tests succeeded: 67, failed: 1, skipped: 0.
Starting test testTemplateBuilderCannotFind(org.jclouds.rackspace.cloudservers.uk.compute.CloudServersUKTemplateBuilderLiveTest)
[TestNG] Test testTemplateBuilderCannotFind(org.jclouds.rackspace.cloudservers.uk.compute.CloudServersUKTemplateBuilderLiveTest) succeeded: 1ms
Test suite progress: tests succeeded: 68, failed: 1, skipped: 0.
Starting test testTemplateBuilderCannotFind(org.jclouds.rackspace.cloudservers.uk.compute.CloudServersUKTemplateBuilderLiveTest)
[TestNG] Test testTemplateBuilderCannotFind(org.jclouds.rackspace.cloudservers.uk.compute.CloudServersUKTemplateBuilderLiveTest) succeeded: 2ms
Test suite progress: tests succeeded: 69, failed: 1, skipped: 0.
Starting test testTemplateBuilderCannotFind(org.jclouds.rackspace.cloudservers.uk.compute.CloudServersUKTemplateBuilderLiveTest)
[TestNG] Test testTemplateBuilderCannotFind(org.jclouds.rackspace.cloudservers.uk.compute.CloudServersUKTemplateBuilderLiveTest) succeeded: 2ms
Test suite progress: tests succeeded: 70, failed: 1, skipped: 0.
Starting test testTemplateBuilderCannotFind(org.jclouds.rackspace.cloudservers.uk.compute.CloudServersUKTemplateBuilderLiveTest)
[TestNG] Test testTemplateBuilderCannotFind(org.jclouds.rackspace.cloudservers.uk.compute.CloudServersUKTemplateBuilderLiveTest) succeeded: 1ms
Test suite progress: tests succeeded: 71, failed: 1, skipped: 0.
Starting test testTemplateBuilderCannotFind(org.jclouds.rackspace.cloudservers.uk.compute.CloudServersUKTemplateBuilderLiveTest)
[TestNG] Test testTemplateBuilderCannotFind(org.jclouds.rackspace.cloudservers.uk.compute.CloudServersUKTemplateBuilderLiveTest) succeeded: 2ms
Test suite progress: tests succeeded: 72, failed: 1, skipped: 0.
Starting test testTemplateBuilderCannotFind(org.jclouds.rackspace.cloudservers.uk.compute.CloudServersUKTemplateBuilderLiveTest)
[TestNG] Test testTemplateBuilderCannotFind(org.jclouds.rackspace.cloudservers.uk.compute.CloudServersUKTemplateBuilderLiveTest) succeeded: 2ms
Test suite progress: tests succeeded: 73, failed: 1, skipped: 0.
Starting test testTemplateBuilderCannotFind(org.jclouds.rackspace.cloudservers.uk.compute.CloudServersUKTemplateBuilderLiveTest)
[TestNG] Test testTemplateBuilderCannotFind(org.jclouds.rackspace.cloudservers.uk.compute.CloudServersUKTemplateBuilderLiveTest) succeeded: 2ms
Test suite progress: tests succeeded: 74, failed: 1, skipped: 0.
Starting test testTemplateBuilderCannotFind(org.jclouds.rackspace.cloudservers.uk.compute.CloudServersUKTemplateBuilderLiveTest)
[TestNG] Test testTemplateBuilderCannotFind(org.jclouds.rackspace.cloudservers.uk.compute.CloudServersUKTemplateBuilderLiveTest) succeeded: 1ms
Test suite progress: tests succeeded: 75, failed: 1, skipped: 0.
Starting test testTemplateBuilderCannotFind(org.jclouds.rackspace.cloudservers.uk.compute.CloudServersUKTemplateBuilderLiveTest)
[TestNG] Test testTemplateBuilderCannotFind(org.jclouds.rackspace.cloudservers.uk.compute.CloudServersUKTemplateBuilderLiveTest) succeeded: 1ms
Test suite progress: tests succeeded: 76, failed: 1, skipped: 0.
Starting test testTemplateBuilderCannotFind(org.jclouds.rackspace.cloudservers.uk.compute.CloudServersUKTemplateBuilderLiveTest)
[TestNG] Test testTemplateBuilderCannotFind(org.jclouds.rackspace.cloudservers.uk.compute.CloudServersUKTemplateBuilderLiveTest) succeeded: 2ms
Test suite progress: tests succeeded: 77, failed: 1, skipped: 0.
Starting test testTemplateBuilderCannotFind(org.jclouds.rackspace.cloudservers.uk.compute.CloudServersUKTemplateBuilderLiveTest)
[TestNG] Test testTemplateBuilderCannotFind(org.jclouds.rackspace.cloudservers.uk.compute.CloudServersUKTemplateBuilderLiveTest) succeeded: 1ms
Test suite progress: tests succeeded: 78, failed: 1, skipped: 0.
Starting test testTemplateBuilderCannotFind(org.jclouds.rackspace.cloudservers.uk.compute.CloudServersUKTemplateBuilderLiveTest)
[TestNG] Test testTemplateBuilderCannotFind(org.jclouds.rackspace.cloudservers.uk.compute.CloudServersUKTemplateBuilderLiveTest) succeeded: 1ms
Test suite progress: tests succeeded: 79, failed: 1, skipped: 0.
Starting test testTemplateBuilderCannotFind(org.jclouds.rackspace.cloudservers.uk.compute.CloudServersUKTemplateBuilderLiveTest)
[TestNG] Test testTemplateBuilderCannotFind(org.jclouds.rackspace.cloudservers.uk.compute.CloudServersUKTemplateBuilderLiveTest) succeeded: 2ms
Test suite progress: tests succeeded: 80, failed: 1, skipped: 0.
Starting test testTemplateBuilderCannotFind(org.jclouds.rackspace.cloudservers.uk.compute.CloudServersUKTemplateBuilderLiveTest)
[TestNG] Test testTemplateBuilderCannotFind(org.jclouds.rackspace.cloudservers.uk.compute.CloudServersUKTemplateBuilderLiveTest) succeeded: 2ms
Test suite progress: tests succeeded: 81, failed: 1, skipped: 0.
Starting test testTemplateBuilderCannotFind(org.jclouds.rackspace.cloudservers.uk.compute.CloudServersUKTemplateBuilderLiveTest)
[TestNG] Test testTemplateBuilderCannotFind(org.jclouds.rackspace.cloudservers.uk.compute.CloudServersUKTemplateBuilderLiveTest) succeeded: 1ms
Test suite progress: tests succeeded: 82, failed: 1, skipped: 0.
Starting test testTemplateBuilderCannotFind(org.jclouds.rackspace.cloudservers.uk.compute.CloudServersUKTemplateBuilderLiveTest)
[TestNG] Test testTemplateBuilderCannotFind(org.jclouds.rackspace.cloudservers.uk.compute.CloudServersUKTemplateBuilderLiveTest) succeeded: 1ms
Test suite progress: tests succeeded: 83, failed: 1, skipped: 0.
Starting test testTemplateBuilderCannotFind(org.jclouds.rackspace.cloudservers.uk.compute.CloudServersUKTemplateBuilderLiveTest)
[TestNG] Test testTemplateBuilderCannotFind(org.jclouds.rackspace.cloudservers.uk.compute.CloudServersUKTemplateBuilderLiveTest) succeeded: 1ms
Test suite progress: tests succeeded: 84, failed: 1, skipped: 0.
Starting test testTemplateBuilderCannotFind(org.jclouds.rackspace.cloudservers.uk.compute.CloudServersUKTemplateBuilderLiveTest)
[TestNG] Test testTemplateBuilderCannotFind(org.jclouds.rackspace.cloudservers.uk.compute.CloudServersUKTemplateBuilderLiveTest) succeeded: 1ms
Test suite progress: tests succeeded: 85, failed: 1, skipped: 0.
Starting test testTemplateBuilderCannotFind(org.jclouds.rackspace.cloudservers.uk.compute.CloudServersUKTemplateBuilderLiveTest)
[TestNG] Test testTemplateBuilderCannotFind(org.jclouds.rackspace.cloudservers.uk.compute.CloudServersUKTemplateBuilderLiveTest) succeeded: 2ms
Test suite progress: tests succeeded: 86, failed: 1, skipped: 0.
Starting test testTemplateBuilderCannotFind(org.jclouds.rackspace.cloudservers.uk.compute.CloudServersUKTemplateBuilderLiveTest)
[TestNG] Test testTemplateBuilderCannotFind(org.jclouds.rackspace.cloudservers.uk.compute.CloudServersUKTemplateBuilderLiveTest) failed.
Test suite progress: tests succeeded: 86, failed: 2, skipped: 0.
Starting test testTemplateBuilderCannotFind(org.jclouds.rackspace.cloudservers.uk.compute.CloudServersUKTemplateBuilderLiveTest)
[TestNG] Test testTemplateBuilderCannotFind(org.jclouds.rackspace.cloudservers.uk.compute.CloudServersUKTemplateBuilderLiveTest) succeeded: 1ms
Test suite progress: tests succeeded: 87, failed: 2, skipped: 0.
Starting test testTemplateBuilderCannotFind(org.jclouds.rackspace.cloudservers.uk.compute.CloudServersUKTemplateBuilderLiveTest)
[TestNG] Test testTemplateBuilderCannotFind(org.jclouds.rackspace.cloudservers.uk.compute.CloudServersUKTemplateBuilderLiveTest) succeeded: 1ms
Test suite progress: tests succeeded: 88, failed: 2, skipped: 0.
Starting test testTemplateBuilderCannotFind(org.jclouds.rackspace.cloudservers.uk.compute.CloudServersUKTemplateBuilderLiveTest)
[TestNG] Test testTemplateBuilderCannotFind(org.jclouds.rackspace.cloudservers.uk.compute.CloudServersUKTemplateBuilderLiveTest) succeeded: 2ms
Test suite progress: tests succeeded: 89, failed: 2, skipped: 0.
Starting test testTemplateBuilderCannotFind(org.jclouds.rackspace.cloudservers.uk.compute.CloudServersUKTemplateBuilderLiveTest)
[TestNG] Test testTemplateBuilderCannotFind(org.jclouds.rackspace.cloudservers.uk.compute.CloudServersUKTemplateBuilderLiveTest) succeeded: 1ms
Test suite progress: tests succeeded: 90, failed: 2, skipped: 0.
Starting test testTemplateBuilderCannotFind(org.jclouds.rackspace.cloudservers.uk.compute.CloudServersUKTemplateBuilderLiveTest)
[TestNG] Test testTemplateBuilderCannotFind(org.jclouds.rackspace.cloudservers.uk.compute.CloudServersUKTemplateBuilderLiveTest) succeeded: 1ms
Test suite progress: tests succeeded: 91, failed: 2, skipped: 0.
Starting test testTemplateBuilderCannotFind(org.jclouds.rackspace.cloudservers.uk.compute.CloudServersUKTemplateBuilderLiveTest)
[TestNG] Test testTemplateBuilderCannotFind(org.jclouds.rackspace.cloudservers.uk.compute.CloudServersUKTemplateBuilderLiveTest) succeeded: 2ms
Test suite progress: tests succeeded: 92, failed: 2, skipped: 0.
Starting test testTemplateBuilderCannotFind(org.jclouds.rackspace.cloudservers.uk.compute.CloudServersUKTemplateBuilderLiveTest)
[TestNG] Test testTemplateBuilderCannotFind(org.jclouds.rackspace.cloudservers.uk.compute.CloudServersUKTemplateBuilderLiveTest) succeeded: 1ms
Test suite progress: tests succeeded: 93, failed: 2, skipped: 0.
Starting test testTemplateBuilderCannotFind(org.jclouds.rackspace.cloudservers.uk.compute.CloudServersUKTemplateBuilderLiveTest)
[TestNG] Test testTemplateBuilderCannotFind(org.jclouds.rackspace.cloudservers.uk.compute.CloudServersUKTemplateBuilderLiveTest) succeeded: 2ms
Test suite progress: tests succeeded: 94, failed: 2, skipped: 0.
Starting test testTemplateBuilderCannotFind(org.jclouds.rackspace.cloudservers.uk.compute.CloudServersUKTemplateBuilderLiveTest)
[TestNG] Test testTemplateBuilderCannotFind(org.jclouds.rackspace.cloudservers.uk.compute.CloudServersUKTemplateBuilderLiveTest) succeeded: 1ms
Test suite progress: tests succeeded: 95, failed: 2, skipped: 0.
Starting test testTemplateBuilderCannotFind(org.jclouds.rackspace.cloudservers.uk.compute.CloudServersUKTemplateBuilderLiveTest)
[TestNG] Test testTemplateBuilderCannotFind(org.jclouds.rackspace.cloudservers.uk.compute.CloudServersUKTemplateBuilderLiveTest) succeeded: 2ms
Test suite progress: tests succeeded: 96, failed: 2, skipped: 0.
Starting test testTemplateBuilderCannotFind(org.jclouds.rackspace.cloudservers.uk.compute.CloudServersUKTemplateBuilderLiveTest)
[TestNG] Test testTemplateBuilderCannotFind(org.jclouds.rackspace.cloudservers.uk.compute.CloudServersUKTemplateBuilderLiveTest) succeeded: 2ms
Test suite progress: tests succeeded: 97, failed: 2, skipped: 0.
Starting test testTemplateBuilderCannotFind(org.jclouds.rackspace.cloudservers.uk.compute.CloudServersUKTemplateBuilderLiveTest)
[TestNG] Test testTemplateBuilderCannotFind(org.jclouds.rackspace.cloudservers.uk.compute.CloudServersUKTemplateBuilderLiveTest) succeeded: 1ms
Test suite progress: tests succeeded: 98, failed: 2, skipped: 0.
Starting test testTemplateBuilderCannotFind(org.jclouds.rackspace.cloudservers.uk.compute.CloudServersUKTemplateBuilderLiveTest)
[TestNG] Test testTemplateBuilderCannotFind(org.jclouds.rackspace.cloudservers.uk.compute.CloudServersUKTemplateBuilderLiveTest) succeeded: 1ms
Test suite progress: tests succeeded: 99, failed: 2, skipped: 0.
Starting test testTemplateBuilderCannotFind(org.jclouds.rackspace.cloudservers.uk.compute.CloudServersUKTemplateBuilderLiveTest)
[TestNG] Test testTemplateBuilderCannotFind(org.jclouds.rackspace.cloudservers.uk.compute.CloudServersUKTemplateBuilderLiveTest) succeeded: 2ms
Test suite progress: tests succeeded: 100, failed: 2, skipped: 0.
Starting test testTemplateBuilderCannotFind(org.jclouds.rackspace.cloudservers.uk.compute.CloudServersUKTemplateBuilderLiveTest)
[TestNG] Test testTemplateBuilderCannotFind(org.jclouds.rackspace.cloudservers.uk.compute.CloudServersUKTemplateBuilderLiveTest) succeeded: 1ms
Test suite progress: tests succeeded: 101, failed: 2, skipped: 0.
Starting test testTemplateBuilderCannotFind(org.jclouds.rackspace.cloudservers.uk.compute.CloudServersUKTemplateBuilderLiveTest)
[TestNG] Test testTemplateBuilderCannotFind(org.jclouds.rackspace.cloudservers.uk.compute.CloudServersUKTemplateBuilderLiveTest) succeeded: 2ms
Test suite progress: tests succeeded: 102, failed: 2, skipped: 0.
Starting test testTemplateBuilderCannotFind(org.jclouds.rackspace.cloudservers.uk.compute.CloudServersUKTemplateBuilderLiveTest)
[TestNG] Test testTemplateBuilderCannotFind(org.jclouds.rackspace.cloudservers.uk.compute.CloudServersUKTemplateBuilderLiveTest) succeeded: 1ms
Test suite progress: tests succeeded: 103, failed: 2, skipped: 0.
Starting test testTemplateBuilderCannotFind(org.jclouds.rackspace.cloudservers.uk.compute.CloudServersUKTemplateBuilderLiveTest)
[TestNG] Test testTemplateBuilderCannotFind(org.jclouds.rackspace.cloudservers.uk.compute.CloudServersUKTemplateBuilderLiveTest) succeeded: 1ms
Test suite progress: tests succeeded: 104, failed: 2, skipped: 0.
Starting test testTemplateBuilderCannotFind(org.jclouds.rackspace.cloudservers.uk.compute.CloudServersUKTemplateBuilderLiveTest)
[TestNG] Test testTemplateBuilderCannotFind(org.jclouds.rackspace.cloudservers.uk.compute.CloudServersUKTemplateBuilderLiveTest) succeeded: 2ms
Test suite progress: tests succeeded: 105, failed: 2, skipped: 0.
Starting test testTemplateBuilderCannotFind(org.jclouds.rackspace.cloudservers.uk.compute.CloudServersUKTemplateBuilderLiveTest)
[TestNG] Test testTemplateBuilderCannotFind(org.jclouds.rackspace.cloudservers.uk.compute.CloudServersUKTemplateBuilderLiveTest) succeeded: 1ms
Test suite progress: tests succeeded: 106, failed: 2, skipped: 0.
Starting test testTemplateBuilderCannotFind(org.jclouds.rackspace.cloudservers.uk.compute.CloudServersUKTemplateBuilderLiveTest)
[TestNG] Test testTemplateBuilderCannotFind(org.jclouds.rackspace.cloudservers.uk.compute.CloudServersUKTemplateBuilderLiveTest) succeeded: 1ms
Test suite progress: tests succeeded: 107, failed: 2, skipped: 0.
Starting test testTemplateBuilderCannotFind(org.jclouds.rackspace.cloudservers.uk.compute.CloudServersUKTemplateBuilderLiveTest)
[TestNG] Test testTemplateBuilderCannotFind(org.jclouds.rackspace.cloudservers.uk.compute.CloudServersUKTemplateBuilderLiveTest) succeeded: 2ms
Test suite progress: tests succeeded: 108, failed: 2, skipped: 0.
Starting test testTemplateBuilderCannotFind(org.jclouds.rackspace.cloudservers.uk.compute.CloudServersUKTemplateBuilderLiveTest)
[TestNG] Test testTemplateBuilderCannotFind(org.jclouds.rackspace.cloudservers.uk.compute.CloudServersUKTemplateBuilderLiveTest) succeeded: 1ms
Test suite progress: tests succeeded: 109, failed: 2, skipped: 0.
Starting test testTemplateBuilderCannotFind(org.jclouds.rackspace.cloudservers.uk.compute.CloudServersUKTemplateBuilderLiveTest)
[TestNG] Test testTemplateBuilderCannotFind(org.jclouds.rackspace.cloudservers.uk.compute.CloudServersUKTemplateBuilderLiveTest) succeeded: 1ms
Test suite progress: tests succeeded: 110, failed: 2, skipped: 0.
Starting test testTemplateBuilderCannotFind(org.jclouds.rackspace.cloudservers.uk.compute.CloudServersUKTemplateBuilderLiveTest)
[TestNG] Test testTemplateBuilderCannotFind(org.jclouds.rackspace.cloudservers.uk.compute.CloudServersUKTemplateBuilderLiveTest) succeeded: 2ms
Test suite progress: tests succeeded: 111, failed: 2, skipped: 0.
Starting test testTemplateBuilderWithImageIdSpecified(org.jclouds.rackspace.cloudservers.uk.compute.CloudServersUKTemplateBuilderLiveTest)
[TestNG] Test testTemplateBuilderWithImageIdSpecified(org.jclouds.rackspace.cloudservers.uk.compute.CloudServersUKTemplateBuilderLiveTest) succeeded: 8982ms
Test suite progress: tests succeeded: 112, failed: 2, skipped: 0.
Starting test testTemplateBuilderWithLoginUserSpecified(org.jclouds.rackspace.cloudservers.uk.compute.CloudServersUKTemplateBuilderLiveTest)
[TestNG] Test testTemplateBuilderWithLoginUserSpecified(org.jclouds.rackspace.cloudservers.uk.compute.CloudServersUKTemplateBuilderLiveTest) succeeded: 8255ms
Test suite progress: tests succeeded: 113, failed: 2, skipped: 0.
Starting test testTemplateBuilder(org.jclouds.rackspace.cloudservers.uk.compute.CloudServersUKTemplateBuilderLiveTest)
[TestNG] Test testTemplateBuilder(org.jclouds.rackspace.cloudservers.uk.compute.CloudServersUKTemplateBuilderLiveTest) succeeded: 6ms
Test suite progress: tests succeeded: 114, failed: 2, skipped: 0.
Starting test testListImages(org.jclouds.rackspace.cloudservers.uk.features.CloudServersUKImageApiLiveTest)
[TestNG] Test testListImages(org.jclouds.rackspace.cloudservers.uk.features.CloudServersUKImageApiLiveTest) succeeded: 2498ms
Test suite progress: tests succeeded: 115, failed: 2, skipped: 0.
Starting test testListImagesInDetail(org.jclouds.rackspace.cloudservers.uk.features.CloudServersUKImageApiLiveTest)
[TestNG] Test testListImagesInDetail(org.jclouds.rackspace.cloudservers.uk.features.CloudServersUKImageApiLiveTest) succeeded: 2437ms
Test suite progress: tests succeeded: 116, failed: 2, skipped: 0.
Starting test testGetImageById(org.jclouds.rackspace.cloudservers.uk.features.CloudServersUKImageApiLiveTest)
[TestNG] Test testGetImageById(org.jclouds.rackspace.cloudservers.uk.features.CloudServersUKImageApiLiveTest) succeeded: 28945ms
Test suite progress: tests succeeded: 117, failed: 2, skipped: 0.
Starting test testListFlavorsInDetail(org.jclouds.rackspace.cloudservers.uk.features.CloudServersUKFlavorApiLiveTest)
[TestNG] Test testListFlavorsInDetail(org.jclouds.rackspace.cloudservers.uk.features.CloudServersUKFlavorApiLiveTest) succeeded: 629ms
Test suite progress: tests succeeded: 118, failed: 2, skipped: 0.
Starting test testListFlavors(org.jclouds.rackspace.cloudservers.uk.features.CloudServersUKFlavorApiLiveTest)
[TestNG] Test testListFlavors(org.jclouds.rackspace.cloudservers.uk.features.CloudServersUKFlavorApiLiveTest) succeeded: 608ms
Test suite progress: tests succeeded: 119, failed: 2, skipped: 0.
Starting test testGetFlavorById(org.jclouds.rackspace.cloudservers.uk.features.CloudServersUKFlavorApiLiveTest)
[TestNG] Test testGetFlavorById(org.jclouds.rackspace.cloudservers.uk.features.CloudServersUKFlavorApiLiveTest) succeeded: 5105ms
Test suite progress: tests succeeded: 120, failed: 2, skipped: 0.
Starting test testListServers(org.jclouds.rackspace.cloudservers.uk.features.CloudServersUKServerApiLiveTest)
[TestNG] Test testListServers(org.jclouds.rackspace.cloudservers.uk.features.CloudServersUKServerApiLiveTest) succeeded: 709ms
Test suite progress: tests succeeded: 121, failed: 2, skipped: 0.
Starting test testListServersInDetail(org.jclouds.rackspace.cloudservers.uk.features.CloudServersUKServerApiLiveTest)
[TestNG] Test testListServersInDetail(org.jclouds.rackspace.cloudservers.uk.features.CloudServersUKServerApiLiveTest) succeeded: 892ms
Test suite progress: tests succeeded: 122, failed: 2, skipped: 0.
Starting test testGetServerById(org.jclouds.rackspace.cloudservers.uk.features.CloudServersUKServerApiLiveTest)
[TestNG] Test testGetServerById(org.jclouds.rackspace.cloudservers.uk.features.CloudServersUKServerApiLiveTest) succeeded: 652ms
Test suite progress: tests succeeded: 123, failed: 2, skipped: 0.
Tests run: 125, Failures: 2, Errors: 0, Skipped: 0, Time elapsed: 2,477.735 sec <<< FAILURE!
testTemplateBuilderCanFind(org.jclouds.rackspace.cloudservers.uk.compute.CloudServersUKTemplateBuilderLiveTest)  Time elapsed: 0.006 sec  <<< FAILURE!
java.util.NoSuchElementException: no image matched predicate: And(nullEqualToIsParentOrIsGrandparentOfCurrentLocation(),And(osFamily(ubuntu),osVersion(^11.04$),os64Bit(true)))
	at org.jclouds.compute.domain.internal.TemplateBuilderImpl.throwNoSuchElementExceptionAfterLoggingImageIds(TemplateBuilderImpl.java:723)
	at org.jclouds.compute.domain.internal.TemplateBuilderImpl.findSupportedImages(TemplateBuilderImpl.java:697)
	at org.jclouds.compute.domain.internal.TemplateBuilderImpl.build(TemplateBuilderImpl.java:679)
	at org.jclouds.compute.internal.BaseTemplateBuilderLiveTest.testTemplateBuilderCanFind(BaseTemplateBuilderLiveTest.java:141)
	at sun.reflect.NativeMethodAccessorImpl.invoke0(Native Method)
	at sun.reflect.NativeMethodAccessorImpl.invoke(NativeMethodAccessorImpl.java:57)
	at sun.reflect.DelegatingMethodAccessorImpl.invoke(DelegatingMethodAccessorImpl.java:43)
	at java.lang.reflect.Method.invoke(Method.java:601)
	at org.testng.internal.MethodInvocationHelper.invokeMethod(MethodInvocationHelper.java:80)
	at org.testng.internal.Invoker.invokeMethod(Invoker.java:714)
	at org.testng.internal.Invoker.invokeTestMethod(Invoker.java:901)
	at org.testng.internal.Invoker.invokeTestMethods(Invoker.java:1231)
	at org.testng.internal.TestMethodWorker.invokeTestMethods(TestMethodWorker.java:127)
	at org.testng.internal.TestMethodWorker.run(TestMethodWorker.java:111)
	at org.testng.TestRunner.privateRun(TestRunner.java:767)
	at org.testng.TestRunner.run(TestRunner.java:617)
	at org.testng.SuiteRunner.runTest(SuiteRunner.java:334)
	at org.testng.SuiteRunner.access$000(SuiteRunner.java:37)
	at org.testng.SuiteRunner$SuiteWorker.run(SuiteRunner.java:368)
	at org.testng.internal.thread.ThreadUtil$2.call(ThreadUtil.java:64)
	at java.util.concurrent.FutureTask$Sync.innerRun(FutureTask.java:334)
	at java.util.concurrent.FutureTask.run(FutureTask.java:166)
	at java.util.concurrent.ThreadPoolExecutor.runWorker(ThreadPoolExecutor.java:1145)
	at java.util.concurrent.ThreadPoolExecutor$Worker.run(ThreadPoolExecutor.java:615)
	at java.lang.Thread.run(Thread.java:722)

testTemplateBuilderCannotFind(org.jclouds.rackspace.cloudservers.uk.compute.CloudServersUKTemplateBuilderLiveTest)  Time elapsed: 0.005 sec  <<< FAILURE!
org.testng.TestException: 
Method BaseTemplateBuilderLiveTest.testTemplateBuilderCannotFind(org.jclouds.compute.domain.OsFamilyVersion64Bit)[pri:0, instance:org.jclouds.rackspace.cloudservers.uk.compute.CloudServersUKTemplateBuilderLiveTest@669b5cdb] should have thrown an exception of class java.util.NoSuchElementException
	at org.testng.internal.Invoker.handleInvocationResults(Invoker.java:1512)
	at org.testng.internal.Invoker.invokeMethod(Invoker.java:754)
	at org.testng.internal.Invoker.invokeTestMethod(Invoker.java:901)
	at org.testng.internal.Invoker.invokeTestMethods(Invoker.java:1231)
	at org.testng.internal.TestMethodWorker.invokeTestMethods(TestMethodWorker.java:127)
	at org.testng.internal.TestMethodWorker.run(TestMethodWorker.java:111)
	at org.testng.TestRunner.privateRun(TestRunner.java:767)
	at org.testng.TestRunner.run(TestRunner.java:617)
	at org.testng.SuiteRunner.runTest(SuiteRunner.java:334)
	at org.testng.SuiteRunner.access$000(SuiteRunner.java:37)
	at org.testng.SuiteRunner$SuiteWorker.run(SuiteRunner.java:368)
	at org.testng.internal.thread.ThreadUtil$2.call(ThreadUtil.java:64)
	at java.util.concurrent.FutureTask$Sync.innerRun(FutureTask.java:334)
	at java.util.concurrent.FutureTask.run(FutureTask.java:166)
	at java.util.concurrent.ThreadPoolExecutor.runWorker(ThreadPoolExecutor.java:1145)
	at java.util.concurrent.ThreadPoolExecutor$Worker.run(ThreadPoolExecutor.java:615)
	at java.lang.Thread.run(Thread.java:722)


Results :

Failed tests:   testTemplateBuilderCanFind(org.jclouds.rackspace.cloudservers.uk.compute.CloudServersUKTemplateBuilderLiveTest): no image matched predicate: And(nullEqualToIsParentOrIsGrandparentOfCurrentLocation(),And(osFamily(ubuntu),osVersion(^11.04$),os64Bit(true)))
  testTemplateBuilderCannotFind(org.jclouds.rackspace.cloudservers.uk.compute.CloudServersUKTemplateBuilderLiveTest): (..)

Tests run: 125, Failures: 2, Errors: 0, Skipped: 0

[INFO] ------------------------------------------------------------------------
[INFO] BUILD FAILURE
[INFO] ------------------------------------------------------------------------
[INFO] Total time: 41:34.739s
[INFO] Finished at: Mon Apr 29 22:19:37 UTC 2013
[INFO] Final Memory: 20M/190M
[INFO] ------------------------------------------------------------------------
[ERROR] Failed to execute goal org.apache.maven.plugins:maven-surefire-plugin:2.12.4:test (integration) on project rackspace-cloudservers-uk: There are test failures.
[ERROR] 
[ERROR] Please refer to /home/zack/jclouds/providers/rackspace-cloudservers-uk/target/surefire-reports for the individual test results.
[ERROR] -> [Help 1]
[ERROR] 
[ERROR] To see the full stack trace of the errors, re-run Maven with the -e switch.
[ERROR] Re-run Maven using the -X switch to enable full debug logging.
[ERROR] 
[ERROR] For more information about the errors and possible solutions, please read the following articles:
[ERROR] [Help 1] http://cwiki.apache.org/confluence/display/MAVEN/MojoFailureException
