-------------------------------------------------------------------------------
Test set: TestSuite
-------------------------------------------------------------------------------
Tests run: 134, Failures: 12, Errors: 0, Skipped: 9, Time elapsed: 1,208.973 sec <<< FAILURE!
testDatacentersForCloudLayer(org.jclouds.softlayer.features.ProductPackageClientLiveTest)  Time elapsed: 0.05 sec  <<< FAILURE!
java.lang.AssertionError: [Datacenter{id=3, name=dal01, longName=Dallas 1, locationAddress=Address{id=2, country=US, state=TX, description=Dallas - DAL01 - Infomart}, regions=[[keyname=FIRST_AVAILABLE, description=First Available], [keyname=DALLAS, description=DAL01 - Dallas - Central U.S.]]}, Datacenter{id=18171, name=sea01, longName=Seattle, locationAddress=Address{id=3, country=US, state=WA, description=Seattle - SEA01 - Tukwila}, regions=[[keyname=FIRST_AVAILABLE, description=First Available], [keyname=SEATTLE, description=SEA01 - Seattle - West Coast U.S.]]}, Datacenter{id=37473, name=wdc01, longName=Washington, DC, locationAddress=Address{id=4, country=US, state=VA, description=Washington DC - WDC01 - Chantilly}, regions=[[keyname=WASHINGTON_DC, description=WDC01 - Washington, DC - East Coast U.S.], [keyname=FIRST_AVAILABLE, description=First Available]]}, Datacenter{id=138124, name=dal05, longName=Dallas 5, locationAddress=Address{id=722, country=US, state=TX, description=Dallas - DAL05 - Corporate HQ}, regions=[[keyname=DALLAS05, description=DAL05 - Dallas - Central U.S.]]}, Datacenter{id=168642, name=sjc01, longName=San Jose 1, locationAddress=Address{id=1822, country=US, state=CA, description=San Jose - SJC01}, regions=[[keyname=FIRST_AVAILABLE, description=First Available], [keyname=SANJOSE, description=SJC01 - San Jose - West Coast U.S.]]}, Datacenter{id=224092, name=sng01, longName=Singapore 1, locationAddress=Address{id=2982, country=SG, state=null, description=Singapore - SNG01}, regions=[[keyname=SINGAPORE, description=SNG01 - Singapore - Southeast Asia]]}, Datacenter{id=265592, name=ams01, longName=Amsterdam 1, locationAddress=Address{id=3322, country=NL, state=null, description=Amsterdam - AMS01}, regions=[[keyname=AMSTERDAM, description=AMS01 - Amsterdam - Western Europe]]}]
	at org.jclouds.softlayer.features.ProductPackageClientLiveTest.testDatacentersForCloudLayer(ProductPackageClientLiveTest.java:120)

testAndExperiment(org.jclouds.softlayer.compute.SoftLayerExperimentLiveTest)  Time elapsed: 0 sec  <<< FAILURE!
java.lang.AssertionError: expected [6] but found [7]
	at org.testng.Assert.fail(Assert.java:94)
	at org.testng.Assert.failNotEquals(Assert.java:494)
	at org.testng.Assert.assertEquals(Assert.java:123)
	at org.testng.Assert.assertEquals(Assert.java:370)
	at org.testng.Assert.assertEquals(Assert.java:380)
	at org.jclouds.softlayer.compute.SoftLayerExperimentLiveTest.testAndExperiment(SoftLayerExperimentLiveTest.java:52)

testCreateNodeWithGroupEncodedIntoNameThenStoreCredentials(org.jclouds.softlayer.compute.SoftLayerComputeServiceAdapterLiveTest)  Time elapsed: 6.825 sec  <<< FAILURE!
java.lang.IndexOutOfBoundsException: index (0) must be less than size (0)
	at com.google.common.base.Preconditions.checkElementIndex(Preconditions.java:305)
	at com.google.common.base.Preconditions.checkElementIndex(Preconditions.java:284)
	at com.google.common.collect.Iterables.get(Iterables.java:735)
	at org.jclouds.softlayer.compute.strategy.SoftLayerComputeServiceAdapter.createNodeWithGroupEncodedIntoName(SoftLayerComputeServiceAdapter.java:132)
	at org.jclouds.softlayer.compute.SoftLayerComputeServiceAdapterLiveTest.testCreateNodeWithGroupEncodedIntoNameThenStoreCredentials(SoftLayerComputeServiceAdapterLiveTest.java:75)

testCreateAndRunAService(org.jclouds.softlayer.compute.SoftLayerComputeServiceLiveTest)  Time elapsed: 10.563 sec  <<< FAILURE!
java.util.NoSuchElementException: ProductItem has no prices:ProductItem{id=4174, description=Ubuntu Linux 12.04 LTS Precise Pangolin - Minimal Install (64 bit), units=N/A, capacity=0.0, prices=[], categories=[ProductItemCategory{id=12, name=Operating System, categoryCode=os}]}
	at org.jclouds.softlayer.compute.functions.ProductItems$3.apply(ProductItems.java:66)
	at org.jclouds.softlayer.compute.functions.ProductItems$3.apply(ProductItems.java:62)
	at org.jclouds.softlayer.compute.functions.ProductItemToImage$4.apply(ProductItemToImage.java:183)
	at org.jclouds.softlayer.compute.functions.ProductItemToImage$4.apply(ProductItemToImage.java:179)
	at org.jclouds.softlayer.compute.functions.ProductItemToImage.apply(ProductItemToImage.java:89)
	at org.jclouds.softlayer.compute.functions.VirtualGuestToNodeMetadata$GetImageForVirtualGuest.getImage(VirtualGuestToNodeMetadata.java:152)
	at org.jclouds.softlayer.compute.functions.VirtualGuestToNodeMetadata.apply(VirtualGuestToNodeMetadata.java:89)
	at org.jclouds.softlayer.compute.functions.VirtualGuestToNodeMetadata.apply(VirtualGuestToNodeMetadata.java:54)
	at com.google.common.base.Functions$FunctionComposition.apply(Functions.java:210)
	at com.google.common.collect.Iterators$8.transform(Iterators.java:860)
	at com.google.common.collect.TransformedIterator.next(TransformedIterator.java:48)
	at com.google.common.collect.Iterators$7.computeNext(Iterators.java:701)
	at com.google.common.collect.AbstractIterator.tryToComputeNext(AbstractIterator.java:143)
	at com.google.common.collect.AbstractIterator.hasNext(AbstractIterator.java:138)
	at com.google.common.collect.Sets.newLinkedHashSet(Sets.java:295)
	at org.jclouds.compute.internal.BaseComputeService.detailsOnAllNodes(BaseComputeService.java:646)
	at org.jclouds.compute.internal.BaseComputeService.nodesMatchingFilterAndNotTerminated(BaseComputeService.java:318)
	at org.jclouds.compute.internal.BaseComputeService.destroyNodesMatching(BaseComputeService.java:258)
	at org.jclouds.compute.internal.BaseComputeServiceLiveTest.testCreateAndRunAService(BaseComputeServiceLiveTest.java:644)
	at sun.reflect.NativeMethodAccessorImpl.invoke0(Native Method)
	at sun.reflect.NativeMethodAccessorImpl.invoke(NativeMethodAccessorImpl.java:39)
	at sun.reflect.DelegatingMethodAccessorImpl.invoke(DelegatingMethodAccessorImpl.java:25)
	at java.lang.reflect.Method.invoke(Method.java:597)
	at org.testng.internal.MethodInvocationHelper.invokeMethod(MethodInvocationHelper.java:80)
	at org.testng.internal.Invoker.invokeMethod(Invoker.java:714)
	at org.testng.internal.Invoker.invokeTestMethod(Invoker.java:901)
	at org.testng.internal.Invoker.invokeTestMethods(Invoker.java:1231)
	at org.testng.internal.TestMethodWorker.invokeTestMethods(TestMethodWorker.java:127)
	at org.testng.internal.TestMethodWorker.run(TestMethodWorker.java:111)
	at org.testng.TestRunner.privateRun(TestRunner.java:767)
	at org.testng.TestRunner.run(TestRunner.java:617)
	at org.testng.SuiteRunner.runTest(SuiteRunner.java:334)
	at org.testng.SuiteRunner.access$000(SuiteRunner.java:37)
	at org.testng.SuiteRunner$SuiteWorker.run(SuiteRunner.java:368)
	at org.testng.internal.thread.ThreadUtil$2.call(ThreadUtil.java:64)
	at java.util.concurrent.FutureTask$Sync.innerRun(FutureTask.java:303)
	at java.util.concurrent.FutureTask.run(FutureTask.java:138)
	at java.util.concurrent.ThreadPoolExecutor$Worker.runTask(ThreadPoolExecutor.java:895)
	at java.util.concurrent.ThreadPoolExecutor$Worker.run(ThreadPoolExecutor.java:918)
	at java.lang.Thread.run(Thread.java:680)

testBiggestTemplateBuilder(org.jclouds.softlayer.compute.SoftLayerTemplateBuilderLiveTest)  Time elapsed: 0.002 sec  <<< FAILURE!
java.lang.AssertionError: expected [16] but found [32]
	at org.testng.Assert.fail(Assert.java:94)
	at org.testng.Assert.failNotEquals(Assert.java:494)
	at org.testng.Assert.assertEquals(Assert.java:123)
	at org.testng.Assert.assertEquals(Assert.java:370)
	at org.testng.Assert.assertEquals(Assert.java:380)
	at org.jclouds.softlayer.compute.SoftLayerTemplateBuilderLiveTest.testBiggestTemplateBuilder(SoftLayerTemplateBuilderLiveTest.java:208)

testBiggestTemplateBuilderWhenBootIsSAN(org.jclouds.softlayer.compute.SoftLayerTemplateBuilderLiveTest)  Time elapsed: 53.334 sec  <<< FAILURE!
java.lang.AssertionError: expected [16] but found [32]
	at org.testng.Assert.fail(Assert.java:94)
	at org.testng.Assert.failNotEquals(Assert.java:494)
	at org.testng.Assert.assertEquals(Assert.java:123)
	at org.testng.Assert.assertEquals(Assert.java:370)
	at org.testng.Assert.assertEquals(Assert.java:380)
	at org.jclouds.softlayer.compute.SoftLayerTemplateBuilderLiveTest.testBiggestTemplateBuilderWhenBootIsSAN(SoftLayerTemplateBuilderLiveTest.java:146)

testBiggestTemplateBuilderWhenPrivateNetwork(org.jclouds.softlayer.compute.SoftLayerTemplateBuilderLiveTest)  Time elapsed: 53.663 sec  <<< FAILURE!
java.lang.AssertionError: expected [16] but found [32]
	at org.testng.Assert.fail(Assert.java:94)
	at org.testng.Assert.failNotEquals(Assert.java:494)
	at org.testng.Assert.assertEquals(Assert.java:123)
	at org.testng.Assert.assertEquals(Assert.java:370)
	at org.testng.Assert.assertEquals(Assert.java:380)
	at org.jclouds.softlayer.compute.SoftLayerTemplateBuilderLiveTest.testBiggestTemplateBuilderWhenPrivateNetwork(SoftLayerTemplateBuilderLiveTest.java:186)

testGetAssignableLocations(org.jclouds.softlayer.compute.SoftLayerTemplateBuilderLiveTest)  Time elapsed: 53.438 sec  <<< FAILURE!
java.lang.AssertionError: {scope=ZONE, id=265592, description=Amsterdam 1, parent=softlayer, iso3166Codes=[NL]} ||{scope=PROVIDER, id=softlayer, description=https://api.softlayer.com/rest, iso3166Codes=[SG, US-CA, US-TX, US-VA, US-WA]}
	at org.jclouds.compute.internal.BaseTemplateBuilderLiveTest.testGetAssignableLocations(BaseTemplateBuilderLiveTest.java:205)
	at sun.reflect.NativeMethodAccessorImpl.invoke0(Native Method)
	at sun.reflect.NativeMethodAccessorImpl.invoke(NativeMethodAccessorImpl.java:39)
	at sun.reflect.DelegatingMethodAccessorImpl.invoke(DelegatingMethodAccessorImpl.java:25)
	at java.lang.reflect.Method.invoke(Method.java:597)
	at org.testng.internal.MethodInvocationHelper.invokeMethod(MethodInvocationHelper.java:80)
	at org.testng.internal.Invoker.invokeMethod(Invoker.java:714)
	at org.testng.internal.Invoker.invokeTestMethod(Invoker.java:901)
	at org.testng.internal.Invoker.invokeTestMethods(Invoker.java:1231)
	at org.testng.internal.TestMethodWorker.invokeTestMethods(TestMethodWorker.java:127)
	at org.testng.internal.TestMethodWorker.run(TestMethodWorker.java:111)
	at org.testng.TestRunner.privateRun(TestRunner.java:767)
	at org.testng.TestRunner.run(TestRunner.java:617)
	at org.testng.SuiteRunner.runTest(SuiteRunner.java:334)
	at org.testng.SuiteRunner.access$000(SuiteRunner.java:37)
	at org.testng.SuiteRunner$SuiteWorker.run(SuiteRunner.java:368)
	at org.testng.internal.thread.ThreadUtil$2.call(ThreadUtil.java:64)
	at java.util.concurrent.FutureTask$Sync.innerRun(FutureTask.java:303)
	at java.util.concurrent.FutureTask.run(FutureTask.java:138)
	at java.util.concurrent.ThreadPoolExecutor$Worker.runTask(ThreadPoolExecutor.java:895)
	at java.util.concurrent.ThreadPoolExecutor$Worker.run(ThreadPoolExecutor.java:918)
	at java.lang.Thread.run(Thread.java:680)

testListDatacentersContent(org.jclouds.softlayer.features.DatacenterClientLiveTest)  Time elapsed: 0.404 sec  <<< FAILURE!
java.lang.AssertionError: expected [15] but found [12]
	at org.testng.Assert.fail(Assert.java:94)
	at org.testng.Assert.failNotEquals(Assert.java:494)
	at org.testng.Assert.assertEquals(Assert.java:123)
	at org.testng.Assert.assertEquals(Assert.java:370)
	at org.testng.Assert.assertEquals(Assert.java:380)
	at org.jclouds.softlayer.features.DatacenterClientLiveTest.testListDatacentersContent(DatacenterClientLiveTest.java:83)

testListVirtualGuests(org.jclouds.softlayer.features.VirtualGuestClientLiveTest)  Time elapsed: 1.184 sec  <<< FAILURE!
java.lang.AssertionError: VirtualGuest{accountId=93750, createDate=Sat Mar 09 18:03:57 PST 2013, dedicatedAccountHostOnly=false, domain=me.org, fullyQualifiedDomainName=node-1020622390.me.org, hostname=node-1020622390, id=1459115, lastVerifiedDate=null, maxCpu=1, maxCpuUnits=CORE, maxMemory=1024, metricPollDate=null, modifyDate=Sat Mar 09 18:06:11 PST 2013, notes=null, privateNetworkOnly=false, startCpus=1, statusId=1001, uuid=9044873a-b20a-39fe-4c43-4a18e4d0cf98, primaryBackendIpAddress=10.37.35.70, primaryIpAddress=173.193.3.238, billingItemId=14007694, operatingSystem=OperatingSystem{id=1886311, passwords=[Password{id=1526484, username=root, password=FP7XMNnJ}]}, datacenter=Datacenter{id=3, name=dal01, longName=Dallas 1, locationAddress=null, regions=[]}, powerState=PowerState{keyName=Running}}
	at org.jclouds.softlayer.features.VirtualGuestClientLiveTest.checkVirtualGuest(VirtualGuestClientLiveTest.java:154)
	at org.jclouds.softlayer.features.VirtualGuestClientLiveTest.testListVirtualGuests(VirtualGuestClientLiveTest.java:77)

testAScriptExecutionAfterBootWithBasicTemplate(org.jclouds.softlayer.compute.SoftLayerComputeServiceLiveTest)  Time elapsed: 61.348 sec  <<< FAILURE!
java.util.NoSuchElementException: ProductItem has no prices:ProductItem{id=4174, description=Ubuntu Linux 12.04 LTS Precise Pangolin - Minimal Install (64 bit), units=N/A, capacity=0.0, prices=[], categories=[ProductItemCategory{id=12, name=Operating System, categoryCode=os}]}
	at org.jclouds.softlayer.compute.functions.ProductItems$3.apply(ProductItems.java:66)
	at org.jclouds.softlayer.compute.functions.ProductItems$3.apply(ProductItems.java:62)
	at org.jclouds.softlayer.compute.functions.ProductItemToImage$4.apply(ProductItemToImage.java:183)
	at org.jclouds.softlayer.compute.functions.ProductItemToImage$4.apply(ProductItemToImage.java:179)
	at org.jclouds.softlayer.compute.functions.ProductItemToImage.apply(ProductItemToImage.java:89)
	at org.jclouds.softlayer.compute.functions.VirtualGuestToNodeMetadata$GetImageForVirtualGuest.getImage(VirtualGuestToNodeMetadata.java:152)
	at org.jclouds.softlayer.compute.functions.VirtualGuestToNodeMetadata.apply(VirtualGuestToNodeMetadata.java:89)
	at org.jclouds.softlayer.compute.functions.VirtualGuestToNodeMetadata.apply(VirtualGuestToNodeMetadata.java:54)
	at com.google.common.base.Functions$FunctionComposition.apply(Functions.java:210)
	at com.google.common.collect.Iterators$8.transform(Iterators.java:860)
	at com.google.common.collect.TransformedIterator.next(TransformedIterator.java:48)
	at com.google.common.collect.Iterators$7.computeNext(Iterators.java:701)
	at com.google.common.collect.AbstractIterator.tryToComputeNext(AbstractIterator.java:143)
	at com.google.common.collect.AbstractIterator.hasNext(AbstractIterator.java:138)
	at com.google.common.collect.Sets.newLinkedHashSet(Sets.java:295)
	at org.jclouds.compute.internal.BaseComputeService.detailsOnAllNodes(BaseComputeService.java:646)
	at org.jclouds.compute.internal.BaseComputeService.nodesMatchingFilterAndNotTerminated(BaseComputeService.java:318)
	at org.jclouds.compute.internal.BaseComputeService.destroyNodesMatching(BaseComputeService.java:258)
	at org.jclouds.compute.internal.BaseComputeServiceLiveTest.testAScriptExecutionAfterBootWithBasicTemplate(BaseComputeServiceLiveTest.java:270)
	at sun.reflect.NativeMethodAccessorImpl.invoke0(Native Method)
	at sun.reflect.NativeMethodAccessorImpl.invoke(NativeMethodAccessorImpl.java:39)
	at sun.reflect.DelegatingMethodAccessorImpl.invoke(DelegatingMethodAccessorImpl.java:25)
	at java.lang.reflect.Method.invoke(Method.java:597)
	at org.testng.internal.MethodInvocationHelper.invokeMethod(MethodInvocationHelper.java:80)
	at org.testng.internal.Invoker.invokeMethod(Invoker.java:714)
	at org.testng.internal.Invoker.invokeTestMethod(Invoker.java:901)
	at org.testng.internal.Invoker.invokeTestMethods(Invoker.java:1231)
	at org.testng.internal.TestMethodWorker.invokeTestMethods(TestMethodWorker.java:127)
	at org.testng.internal.TestMethodWorker.run(TestMethodWorker.java:111)
	at org.testng.TestRunner.privateRun(TestRunner.java:767)
	at org.testng.TestRunner.run(TestRunner.java:617)
	at org.testng.SuiteRunner.runTest(SuiteRunner.java:334)
	at org.testng.SuiteRunner.access$000(SuiteRunner.java:37)
	at org.testng.SuiteRunner$SuiteWorker.run(SuiteRunner.java:368)
	at org.testng.internal.thread.ThreadUtil$2.call(ThreadUtil.java:64)
	at java.util.concurrent.FutureTask$Sync.innerRun(FutureTask.java:303)
	at java.util.concurrent.FutureTask.run(FutureTask.java:138)
	at java.util.concurrent.ThreadPoolExecutor$Worker.runTask(ThreadPoolExecutor.java:895)
	at java.util.concurrent.ThreadPoolExecutor$Worker.run(ThreadPoolExecutor.java:918)
	at java.lang.Thread.run(Thread.java:680)

testConcurrentUseOfComputeServiceToCreateNodes(org.jclouds.softlayer.compute.SoftLayerComputeServiceLiveTest)  Time elapsed: 6.455 sec  <<< FAILURE!
java.util.NoSuchElementException: ProductItem has no prices:ProductItem{id=4174, description=Ubuntu Linux 12.04 LTS Precise Pangolin - Minimal Install (64 bit), units=N/A, capacity=0.0, prices=[], categories=[ProductItemCategory{id=12, name=Operating System, categoryCode=os}]}
	at org.jclouds.softlayer.compute.functions.ProductItems$3.apply(ProductItems.java:66)
	at org.jclouds.softlayer.compute.functions.ProductItems$3.apply(ProductItems.java:62)
	at org.jclouds.softlayer.compute.functions.ProductItemToImage$4.apply(ProductItemToImage.java:183)
	at org.jclouds.softlayer.compute.functions.ProductItemToImage$4.apply(ProductItemToImage.java:179)
	at org.jclouds.softlayer.compute.functions.ProductItemToImage.apply(ProductItemToImage.java:89)
	at org.jclouds.softlayer.compute.functions.VirtualGuestToNodeMetadata$GetImageForVirtualGuest.getImage(VirtualGuestToNodeMetadata.java:152)
	at org.jclouds.softlayer.compute.functions.VirtualGuestToNodeMetadata.apply(VirtualGuestToNodeMetadata.java:89)
	at org.jclouds.softlayer.compute.functions.VirtualGuestToNodeMetadata.apply(VirtualGuestToNodeMetadata.java:54)
	at com.google.common.base.Functions$FunctionComposition.apply(Functions.java:210)
	at com.google.common.collect.Iterators$8.transform(Iterators.java:860)
	at com.google.common.collect.TransformedIterator.next(TransformedIterator.java:48)
	at com.google.common.collect.Iterators$7.computeNext(Iterators.java:701)
	at com.google.common.collect.AbstractIterator.tryToComputeNext(AbstractIterator.java:143)
	at com.google.common.collect.AbstractIterator.hasNext(AbstractIterator.java:138)
	at com.google.common.collect.Sets.newLinkedHashSet(Sets.java:295)
	at org.jclouds.compute.internal.BaseComputeService.detailsOnAllNodes(BaseComputeService.java:646)
	at org.jclouds.compute.internal.BaseComputeService.nodesMatchingFilterAndNotTerminated(BaseComputeService.java:318)
	at org.jclouds.compute.internal.BaseComputeService.destroyNodesMatching(BaseComputeService.java:258)
	at org.jclouds.compute.internal.BaseComputeServiceLiveTest.testConcurrentUseOfComputeServiceToCreateNodes(BaseComputeServiceLiveTest.java:450)
	at sun.reflect.NativeMethodAccessorImpl.invoke0(Native Method)
	at sun.reflect.NativeMethodAccessorImpl.invoke(NativeMethodAccessorImpl.java:39)
	at sun.reflect.DelegatingMethodAccessorImpl.invoke(DelegatingMethodAccessorImpl.java:25)
	at java.lang.reflect.Method.invoke(Method.java:597)
	at org.testng.internal.MethodInvocationHelper.invokeMethod(MethodInvocationHelper.java:80)
	at org.testng.internal.Invoker.invokeMethod(Invoker.java:714)
	at org.testng.internal.Invoker.invokeTestMethod(Invoker.java:901)
	at org.testng.internal.Invoker.invokeTestMethods(Invoker.java:1231)
	at org.testng.internal.TestMethodWorker.invokeTestMethods(TestMethodWorker.java:127)
	at org.testng.internal.TestMethodWorker.run(TestMethodWorker.java:111)
	at org.testng.TestRunner.privateRun(TestRunner.java:767)
	at org.testng.TestRunner.run(TestRunner.java:617)
	at org.testng.SuiteRunner.runTest(SuiteRunner.java:334)
	at org.testng.SuiteRunner.access$000(SuiteRunner.java:37)
	at org.testng.SuiteRunner$SuiteWorker.run(SuiteRunner.java:368)
	at org.testng.internal.thread.ThreadUtil$2.call(ThreadUtil.java:64)
	at java.util.concurrent.FutureTask$Sync.innerRun(FutureTask.java:303)
	at java.util.concurrent.FutureTask.run(FutureTask.java:138)
	at java.util.concurrent.ThreadPoolExecutor$Worker.runTask(ThreadPoolExecutor.java:895)
	at java.util.concurrent.ThreadPoolExecutor$Worker.run(ThreadPoolExecutor.java:918)
	at java.lang.Thread.run(Thread.java:680)

