[INFO] Scanning for projects...
[WARNING] 
[WARNING] Some problems were encountered while building the effective model for org.jclouds.api:swift:bundle:1.6.0-SNAPSHOT
[WARNING] 'parent.relativePath' of POM org.jclouds:jclouds-project:1.6.0-SNAPSHOT (/Users/adriancole/workspace/git/1.6.x/jclouds/project/pom.xml) points at org.jclouds:jclouds-multi instead of org.sonatype.oss:oss-parent, please verify your project structure @ org.jclouds:jclouds-project:1.6.0-SNAPSHOT, /Users/adriancole/workspace/git/1.6.x/jclouds/project/pom.xml, line 24, column 13
[WARNING] 
[WARNING] It is highly recommended to fix these problems because they threaten the stability of your build.
[WARNING] 
[WARNING] For this reason, future Maven versions might no longer support building such malformed projects.
[WARNING] 
[INFO]                                                                         
[INFO] ------------------------------------------------------------------------
[INFO] Building jcloud swift api 1.6.0-SNAPSHOT
[INFO] ------------------------------------------------------------------------
[INFO] 
[INFO] --- maven-clean-plugin:2.4.1:clean (default-clean) @ swift ---
[INFO] Deleting /Users/adriancole/workspace/git/1.6.x/jclouds/apis/swift/target
[INFO] 
[INFO] --- maven-enforcer-plugin:1.1.1:enforce (enforce-maven) @ swift ---
[INFO] 
[INFO] --- maven-enforcer-plugin:1.1.1:enforce (enforce-banned-dependencies) @ swift ---
[INFO] 
[INFO] --- maven-enforcer-plugin:1.1.1:enforce (enforce-java) @ swift ---
[INFO] 
[INFO] --- maven-remote-resources-plugin:1.4:process (process-remote-resources) @ swift ---
[INFO] 
[INFO] --- maven-resources-plugin:2.6:resources (default-resources) @ swift ---
[INFO] Using 'UTF-8' encoding to copy filtered resources.
[INFO] skip non existing resourceDirectory /Users/adriancole/workspace/git/1.6.x/jclouds/apis/swift/src/main/clojure
[INFO] Copying 1 resource
[INFO] Copying 2 resources
[INFO] 
[INFO] --- maven-compiler-plugin:2.5.1:compile (default-compile) @ swift ---
[INFO] Compiling 62 source files to /Users/adriancole/workspace/git/1.6.x/jclouds/apis/swift/target/classes
[INFO] 
[INFO] --- maven-resources-plugin:2.6:testResources (default-testResources) @ swift ---
[INFO] Using 'UTF-8' encoding to copy filtered resources.
[INFO] skip non existing resourceDirectory /Users/adriancole/workspace/git/1.6.x/jclouds/apis/swift/src/test/clojure
[INFO] Copying 2 resources
[INFO] Copying 2 resources
[INFO] 
[INFO] --- maven-compiler-plugin:2.5.1:testCompile (default-testCompile) @ swift ---
[INFO] Compiling 39 source files to /Users/adriancole/workspace/git/1.6.x/jclouds/apis/swift/target/test-classes
[INFO] 
[INFO] --- maven-surefire-plugin:2.12.4:test (default-test) @ swift ---
[INFO] Surefire report directory: /Users/adriancole/workspace/git/1.6.x/jclouds/apis/swift/target/surefire-reports

-------------------------------------------------------
 T E S T S
-------------------------------------------------------
Running TestSuite
Configuring TestNG with: org.apache.maven.surefire.testng.conf.TestNG652Configurator@7e5a9de6
Starting test testReplaceLocalhost(org.jclouds.openstack.functions.ParseAuthenticationResponseFromHeadersTest)
[pool-1-thread-1] Test testReplaceLocalhost(org.jclouds.openstack.functions.ParseAuthenticationResponseFromHeadersTest) succeeded: 23ms
Test suite progress: tests succeeded: 1, failed: 0, skipped: 0.
Starting test testNullListIsBad(org.jclouds.openstack.swift.binders.BindIterableToHeadersWithContainerDeleteMetadataPrefixTest)
[pool-2-thread-2] Test testNullListIsBad(org.jclouds.openstack.swift.binders.BindIterableToHeadersWithContainerDeleteMetadataPrefixTest) succeeded: 3ms
Test suite progress: tests succeeded: 2, failed: 0, skipped: 0.
Starting test testMetadataKeysBind(org.jclouds.openstack.swift.binders.BindIterableToHeadersWithContainerDeleteMetadataPrefixTest)
Starting test testNullRequestIsBad(org.jclouds.openstack.swift.binders.BindIterableToHeadersWithContainerDeleteMetadataPrefixTest)
[pool-2-thread-3] Test testNullRequestIsBad(org.jclouds.openstack.swift.binders.BindIterableToHeadersWithContainerDeleteMetadataPrefixTest) succeeded: 0ms
Test suite progress: tests succeeded: 3, failed: 0, skipped: 0.
[pool-2-thread-1] Test testMetadataKeysBind(org.jclouds.openstack.swift.binders.BindIterableToHeadersWithContainerDeleteMetadataPrefixTest) succeeded: 15ms
Test suite progress: tests succeeded: 4, failed: 0, skipped: 0.
Starting test testNullRequestIsBad(org.jclouds.openstack.swift.binders.BindMapToHeadersWithContainerMetadataPrefixTest)
Starting test testNullListIsBad(org.jclouds.openstack.swift.binders.BindMapToHeadersWithContainerMetadataPrefixTest)
[pool-3-thread-3] Test testNullRequestIsBad(org.jclouds.openstack.swift.binders.BindMapToHeadersWithContainerMetadataPrefixTest) succeeded: 1ms
Test suite progress: tests succeeded: 5, failed: 0, skipped: 0.
Starting test testMetadataKeysBind(org.jclouds.openstack.swift.binders.BindMapToHeadersWithContainerMetadataPrefixTest)
[pool-3-thread-2] Test testNullListIsBad(org.jclouds.openstack.swift.binders.BindMapToHeadersWithContainerMetadataPrefixTest) succeeded: 1ms
Test suite progress: tests succeeded: 6, failed: 0, skipped: 0.
[pool-3-thread-1] Test testMetadataKeysBind(org.jclouds.openstack.swift.binders.BindMapToHeadersWithContainerMetadataPrefixTest) succeeded: 1ms
Test suite progress: tests succeeded: 7, failed: 0, skipped: 0.
Starting test testNullIsBad(org.jclouds.openstack.swift.binders.BindSwiftObjectMetadataToRequestTest)
Starting test testExtendedPropertiesBind(org.jclouds.openstack.swift.binders.BindSwiftObjectMetadataToRequestTest)
Starting test testNoNameIsBad(org.jclouds.openstack.swift.binders.BindSwiftObjectMetadataToRequestTest)
Starting test testNoContentLengthIsChunked(org.jclouds.openstack.swift.binders.BindSwiftObjectMetadataToRequestTest)
Starting test testMustBeSwiftObject(org.jclouds.openstack.swift.binders.BindSwiftObjectMetadataToRequestTest)
[pool-4-thread-5] Test testNullIsBad(org.jclouds.openstack.swift.binders.BindSwiftObjectMetadataToRequestTest) succeeded: 20ms
Test suite progress: tests succeeded: 8, failed: 0, skipped: 0.
Starting test testOver5GBIsBad(org.jclouds.openstack.swift.binders.BindSwiftObjectMetadataToRequestTest)
[pool-4-thread-5] Test testOver5GBIsBad(org.jclouds.openstack.swift.binders.BindSwiftObjectMetadataToRequestTest) succeeded: 0ms
Test suite progress: tests succeeded: 9, failed: 0, skipped: 0.
Starting test testPassWithMinimumDetailsAndPayload5GB(org.jclouds.openstack.swift.binders.BindSwiftObjectMetadataToRequestTest)
[pool-4-thread-4] Test testNoNameIsBad(org.jclouds.openstack.swift.binders.BindSwiftObjectMetadataToRequestTest) succeeded: 14ms
Test suite progress: tests succeeded: 10, failed: 0, skipped: 0.
[pool-4-thread-2] Test testMustBeSwiftObject(org.jclouds.openstack.swift.binders.BindSwiftObjectMetadataToRequestTest) succeeded: 13ms
Test suite progress: tests succeeded: 11, failed: 0, skipped: 0.
[pool-4-thread-5] Test testPassWithMinimumDetailsAndPayload5GB(org.jclouds.openstack.swift.binders.BindSwiftObjectMetadataToRequestTest) succeeded: 6ms
Test suite progress: tests succeeded: 12, failed: 0, skipped: 0.
[pool-4-thread-3] Test testNoContentLengthIsChunked(org.jclouds.openstack.swift.binders.BindSwiftObjectMetadataToRequestTest) succeeded: 19ms
Test suite progress: tests succeeded: 13, failed: 0, skipped: 0.
[pool-4-thread-1] Test testExtendedPropertiesBind(org.jclouds.openstack.swift.binders.BindSwiftObjectMetadataToRequestTest) succeeded: 23ms
Test suite progress: tests succeeded: 14, failed: 0, skipped: 0.
Starting test testSignGetBlob(org.jclouds.openstack.swift.blobstore.SwiftBlobSignerExpectTest)
Starting test testSignGetBlobWithTime(org.jclouds.openstack.swift.blobstore.SwiftBlobSignerExpectTest)
Starting test testSignPutBlob(org.jclouds.openstack.swift.blobstore.SwiftBlobSignerExpectTest)
Starting test testSignGetBlobWithOptions(org.jclouds.openstack.swift.blobstore.SwiftBlobSignerExpectTest)
Starting test testSignPutBlobWithTime(org.jclouds.openstack.swift.blobstore.SwiftBlobSignerExpectTest)
[pool-5-thread-4] Test testSignPutBlob(org.jclouds.openstack.swift.blobstore.SwiftBlobSignerExpectTest) succeeded: 631ms
Test suite progress: tests succeeded: 15, failed: 0, skipped: 0.
[pool-5-thread-1] Test testSignGetBlob(org.jclouds.openstack.swift.blobstore.SwiftBlobSignerExpectTest) succeeded: 643ms
Test suite progress: tests succeeded: 16, failed: 0, skipped: 0.
Starting test testSignRemoveBlob(org.jclouds.openstack.swift.blobstore.SwiftBlobSignerExpectTest)
[pool-5-thread-2] Test testSignGetBlobWithOptions(org.jclouds.openstack.swift.blobstore.SwiftBlobSignerExpectTest) succeeded: 669ms
Test suite progress: tests succeeded: 17, failed: 0, skipped: 0.
[pool-5-thread-1] Test testSignRemoveBlob(org.jclouds.openstack.swift.blobstore.SwiftBlobSignerExpectTest) succeeded: 214ms
Test suite progress: tests succeeded: 18, failed: 0, skipped: 0.
[pool-5-thread-3] Test testSignGetBlobWithTime(org.jclouds.openstack.swift.blobstore.SwiftBlobSignerExpectTest) succeeded: 1486ms
Test suite progress: tests succeeded: 19, failed: 0, skipped: 0.
[pool-5-thread-5] Test testSignPutBlobWithTime(org.jclouds.openstack.swift.blobstore.SwiftBlobSignerExpectTest) succeeded: 1465ms
Test suite progress: tests succeeded: 20, failed: 0, skipped: 0.
Starting test testSignGetBlob(org.jclouds.openstack.swift.blobstore.SwiftKeystoneBlobSignerExpectTest)
Starting test testSignGetBlobWithOptions(org.jclouds.openstack.swift.blobstore.SwiftKeystoneBlobSignerExpectTest)
Starting test testSignGetBlobWithTime(org.jclouds.openstack.swift.blobstore.SwiftKeystoneBlobSignerExpectTest)
Starting test testSignPutBlob(org.jclouds.openstack.swift.blobstore.SwiftKeystoneBlobSignerExpectTest)
Starting test testSignPutBlobWithTime(org.jclouds.openstack.swift.blobstore.SwiftKeystoneBlobSignerExpectTest)
[pool-6-thread-2] Test testSignGetBlobWithOptions(org.jclouds.openstack.swift.blobstore.SwiftKeystoneBlobSignerExpectTest) succeeded: 852ms
Test suite progress: tests succeeded: 21, failed: 0, skipped: 0.
[pool-6-thread-4] Test testSignPutBlob(org.jclouds.openstack.swift.blobstore.SwiftKeystoneBlobSignerExpectTest) succeeded: 865ms
Test suite progress: tests succeeded: 22, failed: 0, skipped: 0.
Starting test testSignRemoveBlob(org.jclouds.openstack.swift.blobstore.SwiftKeystoneBlobSignerExpectTest)
[pool-6-thread-5] Test testSignPutBlobWithTime(org.jclouds.openstack.swift.blobstore.SwiftKeystoneBlobSignerExpectTest) succeeded: 881ms
Test suite progress: tests succeeded: 23, failed: 0, skipped: 0.
[pool-6-thread-1] Test testSignGetBlob(org.jclouds.openstack.swift.blobstore.SwiftKeystoneBlobSignerExpectTest) succeeded: 923ms
Test suite progress: tests succeeded: 24, failed: 0, skipped: 0.
[pool-6-thread-3] Test testSignGetBlobWithTime(org.jclouds.openstack.swift.blobstore.SwiftKeystoneBlobSignerExpectTest) succeeded: 953ms
Test suite progress: tests succeeded: 25, failed: 0, skipped: 0.
[pool-6-thread-4] Test testSignRemoveBlob(org.jclouds.openstack.swift.blobstore.SwiftKeystoneBlobSignerExpectTest) succeeded: 234ms
Test suite progress: tests succeeded: 26, failed: 0, skipped: 0.
Starting test testMetadata(org.jclouds.openstack.swift.options.CreateContainerOptionsTest)
[pool-7-thread-1] Test testMetadata(org.jclouds.openstack.swift.options.CreateContainerOptionsTest) succeeded: 1ms
Test suite progress: tests succeeded: 27, failed: 0, skipped: 0.
Starting test testMetadataAlreadyPrefixed(org.jclouds.openstack.swift.options.CreateContainerOptionsTest)
[pool-7-thread-2] Test testMetadataAlreadyPrefixed(org.jclouds.openstack.swift.options.CreateContainerOptionsTest) succeeded: 0ms
Test suite progress: tests succeeded: 28, failed: 0, skipped: 0.
Starting test testMetadataStatic(org.jclouds.openstack.swift.options.CreateContainerOptionsTest)
[pool-7-thread-3] Test testMetadataStatic(org.jclouds.openstack.swift.options.CreateContainerOptionsTest) succeeded: 1ms
Test suite progress: tests succeeded: 29, failed: 0, skipped: 0.
Starting test testAssignability(org.jclouds.openstack.swift.options.ListContainerOptionsTest)
[pool-7-thread-3] Test testAssignability(org.jclouds.openstack.swift.options.ListContainerOptionsTest) succeeded: 0ms
Test suite progress: tests succeeded: 30, failed: 0, skipped: 0.
Starting test testMarker(org.jclouds.openstack.swift.options.ListContainerOptionsTest)
[pool-7-thread-3] Test testMarker(org.jclouds.openstack.swift.options.ListContainerOptionsTest) succeeded: 0ms
Test suite progress: tests succeeded: 31, failed: 0, skipped: 0.
Starting test testMarkerNPE(org.jclouds.openstack.swift.options.ListContainerOptionsTest)
[pool-7-thread-3] Test testMarkerNPE(org.jclouds.openstack.swift.options.ListContainerOptionsTest) succeeded: 1ms
Test suite progress: tests succeeded: 32, failed: 0, skipped: 0.
Starting test testMarkerStatic(org.jclouds.openstack.swift.options.ListContainerOptionsTest)
[pool-7-thread-3] Test testMarkerStatic(org.jclouds.openstack.swift.options.ListContainerOptionsTest) succeeded: 0ms
Test suite progress: tests succeeded: 33, failed: 0, skipped: 0.
Starting test testMaxKeys(org.jclouds.openstack.swift.options.ListContainerOptionsTest)
[pool-7-thread-3] Test testMaxKeys(org.jclouds.openstack.swift.options.ListContainerOptionsTest) succeeded: 1ms
Test suite progress: tests succeeded: 34, failed: 0, skipped: 0.
Starting test testMaxKeysNegative(org.jclouds.openstack.swift.options.ListContainerOptionsTest)
[pool-7-thread-3] Test testMaxKeysNegative(org.jclouds.openstack.swift.options.ListContainerOptionsTest) succeeded: 0ms
Test suite progress: tests succeeded: 35, failed: 0, skipped: 0.
Starting test testMaxKeysStatic(org.jclouds.openstack.swift.options.ListContainerOptionsTest)
[pool-7-thread-3] Test testMaxKeysStatic(org.jclouds.openstack.swift.options.ListContainerOptionsTest) succeeded: 0ms
Test suite progress: tests succeeded: 36, failed: 0, skipped: 0.
Starting test testNoOptionsQueryString(org.jclouds.openstack.swift.options.ListContainerOptionsTest)
[pool-7-thread-3] Test testNoOptionsQueryString(org.jclouds.openstack.swift.options.ListContainerOptionsTest) succeeded: 0ms
Test suite progress: tests succeeded: 37, failed: 0, skipped: 0.
Starting test testNullMarker(org.jclouds.openstack.swift.options.ListContainerOptionsTest)
[pool-7-thread-3] Test testNullMarker(org.jclouds.openstack.swift.options.ListContainerOptionsTest) succeeded: 0ms
Test suite progress: tests succeeded: 38, failed: 0, skipped: 0.
Starting test testNullMaxKeys(org.jclouds.openstack.swift.options.ListContainerOptionsTest)
[pool-7-thread-3] Test testNullMaxKeys(org.jclouds.openstack.swift.options.ListContainerOptionsTest) succeeded: 0ms
Starting test testPublicAccess(org.jclouds.openstack.swift.options.CreateContainerOptionsTest)
Starting test testPublicAccessStatic(org.jclouds.openstack.swift.options.CreateContainerOptionsTest)
Starting test testNullPath(org.jclouds.openstack.swift.options.ListContainerOptionsTest)
Test suite progress: tests succeeded: 39, failed: 0, skipped: 0.
Starting test testNullPrefix(org.jclouds.openstack.swift.options.ListContainerOptionsTest)
Starting test testOneOptionQueryString(org.jclouds.openstack.swift.options.ListContainerOptionsTest)
[pool-7-thread-3] Test testNullPrefix(org.jclouds.openstack.swift.options.ListContainerOptionsTest) succeeded: 0ms
Test suite progress: tests succeeded: 40, failed: 0, skipped: 0.
Starting test testPath(org.jclouds.openstack.swift.options.ListContainerOptionsTest)
[pool-7-thread-3] Test testPath(org.jclouds.openstack.swift.options.ListContainerOptionsTest) succeeded: 0ms
Test suite progress: tests succeeded: 41, failed: 0, skipped: 0.
Starting test testPathNPE(org.jclouds.openstack.swift.options.ListContainerOptionsTest)
[pool-7-thread-3] Test testPathNPE(org.jclouds.openstack.swift.options.ListContainerOptionsTest) succeeded: 0ms
Test suite progress: tests succeeded: 42, failed: 0, skipped: 0.
Starting test testPathStatic(org.jclouds.openstack.swift.options.ListContainerOptionsTest)
[pool-7-thread-3] Test testPathStatic(org.jclouds.openstack.swift.options.ListContainerOptionsTest) succeeded: 0ms
Test suite progress: tests succeeded: 43, failed: 0, skipped: 0.
Starting test testPrefix(org.jclouds.openstack.swift.options.ListContainerOptionsTest)
[pool-7-thread-3] Test testPrefix(org.jclouds.openstack.swift.options.ListContainerOptionsTest) succeeded: 0ms
Test suite progress: tests succeeded: 44, failed: 0, skipped: 0.
Starting test testPrefixAndPathUrlEncodingQueryString(org.jclouds.openstack.swift.options.ListContainerOptionsTest)
[pool-7-thread-3] Test testPrefixAndPathUrlEncodingQueryString(org.jclouds.openstack.swift.options.ListContainerOptionsTest) succeeded: 0ms
Test suite progress: tests succeeded: 45, failed: 0, skipped: 0.
Starting test testPrefixNPE(org.jclouds.openstack.swift.options.ListContainerOptionsTest)
[pool-7-thread-3] Test testPrefixNPE(org.jclouds.openstack.swift.options.ListContainerOptionsTest) succeeded: 0ms
Test suite progress: tests succeeded: 46, failed: 0, skipped: 0.
Starting test testPrefixStatic(org.jclouds.openstack.swift.options.ListContainerOptionsTest)
[pool-7-thread-3] Test testPrefixStatic(org.jclouds.openstack.swift.options.ListContainerOptionsTest) succeeded: 0ms
Test suite progress: tests succeeded: 47, failed: 0, skipped: 0.
Starting test testTwoOptionQueryString(org.jclouds.openstack.swift.options.ListContainerOptionsTest)
[pool-7-thread-3] Test testTwoOptionQueryString(org.jclouds.openstack.swift.options.ListContainerOptionsTest) succeeded: 0ms
Test suite progress: tests succeeded: 48, failed: 0, skipped: 0.
Starting test testApplyInputStream(org.jclouds.openstack.swift.functions.ParseContainerListFromJsonResponseTest)
[pool-7-thread-1] Test testNullPath(org.jclouds.openstack.swift.options.ListContainerOptionsTest) succeeded: 4ms
Test suite progress: tests succeeded: 49, failed: 0, skipped: 0.
Starting test testParseContainerMetadataHeaders(org.jclouds.openstack.swift.functions.ParseContainerMetadataFromHeadersTest)
[pool-7-thread-5] Test testPublicAccessStatic(org.jclouds.openstack.swift.options.CreateContainerOptionsTest) succeeded: 6ms
Test suite progress: tests succeeded: 50, failed: 0, skipped: 0.
Starting test testEtagCaseIssue(org.jclouds.openstack.swift.functions.ParseObjectInfoFromHeadersTest)
[pool-7-thread-4] Test testPublicAccess(org.jclouds.openstack.swift.options.CreateContainerOptionsTest) succeeded: 7ms
Test suite progress: tests succeeded: 51, failed: 0, skipped: 0.
Starting test testApplyInputStream(org.jclouds.openstack.swift.domain.internal.ParseObjectInfoListFromJsonResponseTest)
[pool-7-thread-2] Test testOneOptionQueryString(org.jclouds.openstack.swift.options.ListContainerOptionsTest) succeeded: 6ms
Test suite progress: tests succeeded: 52, failed: 0, skipped: 0.
Starting test test404SetsContainerNotFoundExceptionMosso(org.jclouds.openstack.swift.handlers.ParseSwiftErrorFromHttpResponseTest)
[pool-7-thread-1] Test testParseContainerMetadataHeaders(org.jclouds.openstack.swift.functions.ParseContainerMetadataFromHeadersTest) succeeded: 46ms
Test suite progress: tests succeeded: 53, failed: 0, skipped: 0.
Starting test test404SetsContainerNotFoundExceptionSwift(org.jclouds.openstack.swift.handlers.ParseSwiftErrorFromHttpResponseTest)
[pool-7-thread-3] Test testApplyInputStream(org.jclouds.openstack.swift.functions.ParseContainerListFromJsonResponseTest) succeeded: 48ms
Test suite progress: tests succeeded: 54, failed: 0, skipped: 0.
Starting test test404SetsCopyObjectException(org.jclouds.openstack.swift.handlers.ParseSwiftErrorFromHttpResponseTest)
[pool-7-thread-5] Test testEtagCaseIssue(org.jclouds.openstack.swift.functions.ParseObjectInfoFromHeadersTest) succeeded: 51ms
Test suite progress: tests succeeded: 55, failed: 0, skipped: 0.
Starting test test404SetsKeyNotFoundExceptionMosso(org.jclouds.openstack.swift.handlers.ParseSwiftErrorFromHttpResponseTest)
[pool-7-thread-4] Test testApplyInputStream(org.jclouds.openstack.swift.domain.internal.ParseObjectInfoListFromJsonResponseTest) succeeded: 84ms
Test suite progress: tests succeeded: 56, failed: 0, skipped: 0.
Starting test test404SetsKeyNotFoundExceptionSwift(org.jclouds.openstack.swift.handlers.ParseSwiftErrorFromHttpResponseTest)
[pool-7-thread-1] Test test404SetsContainerNotFoundExceptionSwift(org.jclouds.openstack.swift.handlers.ParseSwiftErrorFromHttpResponseTest) succeeded: 170ms
Test suite progress: tests succeeded: 57, failed: 0, skipped: 0.
[pool-7-thread-5] Test test404SetsKeyNotFoundExceptionMosso(org.jclouds.openstack.swift.handlers.ParseSwiftErrorFromHttpResponseTest) succeeded: 163ms
Test suite progress: tests succeeded: 58, failed: 0, skipped: 0.
[pool-7-thread-4] Test test404SetsKeyNotFoundExceptionSwift(org.jclouds.openstack.swift.handlers.ParseSwiftErrorFromHttpResponseTest) succeeded: 131ms
Test suite progress: tests succeeded: 59, failed: 0, skipped: 0.
[pool-7-thread-3] Test test404SetsCopyObjectException(org.jclouds.openstack.swift.handlers.ParseSwiftErrorFromHttpResponseTest) succeeded: 168ms
Test suite progress: tests succeeded: 60, failed: 0, skipped: 0.
[pool-7-thread-2] Test test404SetsContainerNotFoundExceptionMosso(org.jclouds.openstack.swift.handlers.ParseSwiftErrorFromHttpResponseTest) succeeded: 216ms
Test suite progress: tests succeeded: 61, failed: 0, skipped: 0.
Starting test testContainerExistsWhenResponseIs2xx(org.jclouds.openstack.swift.keystone.AccessKeyAndSecretKeyAndTenantIdAuthenticationExpectTest)
[pool-8-thread-1] Test testContainerExistsWhenResponseIs2xx(org.jclouds.openstack.swift.keystone.AccessKeyAndSecretKeyAndTenantIdAuthenticationExpectTest) succeeded: 107ms
Test suite progress: tests succeeded: 62, failed: 0, skipped: 0.
Starting test testContainerExistsWhenResponseIs2xx(org.jclouds.openstack.swift.keystone.AccessKeyAndSecretKeyAndTenantNamePropertyAuthenticationExpectTest)
[pool-9-thread-1] Test testContainerExistsWhenResponseIs2xx(org.jclouds.openstack.swift.keystone.AccessKeyAndSecretKeyAndTenantNamePropertyAuthenticationExpectTest) succeeded: 166ms
Test suite progress: tests succeeded: 63, failed: 0, skipped: 0.
Starting test testContainerExistsWhenResponseIs2xx(org.jclouds.openstack.swift.keystone.AccessKeyAndSecretKeyAuthenticationExpectTest)
[pool-10-thread-1] Test testContainerExistsWhenResponseIs2xx(org.jclouds.openstack.swift.keystone.AccessKeyAndSecretKeyAuthenticationExpectTest) succeeded: 127ms
Test suite progress: tests succeeded: 64, failed: 0, skipped: 0.
Starting test testContainerExistsWhenResponseIs2xx(org.jclouds.openstack.swift.keystone.PasswordAuthenticationExpectTest)
[pool-11-thread-1] Test testContainerExistsWhenResponseIs2xx(org.jclouds.openstack.swift.keystone.PasswordAuthenticationExpectTest) succeeded: 124ms
Test suite progress: tests succeeded: 65, failed: 0, skipped: 0.
Starting test testContainerExistsWhenResponseIs2xx(org.jclouds.openstack.swift.keystone.PasswordAuthenticationWithTenantNameExpectTest)
[pool-12-thread-1] Test testContainerExistsWhenResponseIs2xx(org.jclouds.openstack.swift.keystone.PasswordAuthenticationWithTenantNameExpectTest) succeeded: 103ms
Test suite progress: tests succeeded: 66, failed: 0, skipped: 0.
Starting test testAllContains(org.jclouds.openstack.swift.SwiftApiMetadataTest)
Starting test testTransformableToContains(org.jclouds.openstack.swift.SwiftApiMetadataTest)
[pool-13-thread-1] Test testAllContains(org.jclouds.openstack.swift.SwiftApiMetadataTest) succeeded: 2ms
Test suite progress: tests succeeded: 67, failed: 0, skipped: 0.
Starting test testWithId(org.jclouds.openstack.swift.SwiftApiMetadataTest)
[pool-13-thread-2] Test testTransformableToContains(org.jclouds.openstack.swift.SwiftApiMetadataTest) succeeded: 2ms
Test suite progress: tests succeeded: 68, failed: 0, skipped: 0.
[pool-13-thread-3] Test testWithId(org.jclouds.openstack.swift.SwiftApiMetadataTest) succeeded: 2ms
Test suite progress: tests succeeded: 69, failed: 0, skipped: 0.
Starting test testContainerExistsWhenResponseIs2xxReturnsTrue(org.jclouds.openstack.swift.SwiftClientExpectTest)
Starting test testContainerExistsWhenResponseIs404ReturnsFalse(org.jclouds.openstack.swift.SwiftClientExpectTest)
Starting test testCopyObjectWhenResponseIs2xxReturnsTrue(org.jclouds.openstack.swift.SwiftClientExpectTest)
Starting test testCopyObjectWhenResponseIs404ThrowsException(org.jclouds.openstack.swift.SwiftClientExpectTest)
Starting test testDeleteContainerMetadataEmptyWhenResponseIs2xxReturnsTrue(org.jclouds.openstack.swift.SwiftClientExpectTest)
[pool-14-thread-4] Test testCopyObjectWhenResponseIs404ThrowsException(org.jclouds.openstack.swift.SwiftClientExpectTest) succeeded: 228ms
Test suite progress: tests succeeded: 70, failed: 0, skipped: 0.
Starting test testDeleteContainerMetadataWhenResponseIs2xxReturnsTrue(org.jclouds.openstack.swift.SwiftClientExpectTest)
[pool-14-thread-3] Test testCopyObjectWhenResponseIs2xxReturnsTrue(org.jclouds.openstack.swift.SwiftClientExpectTest) succeeded: 323ms
Test suite progress: tests succeeded: 71, failed: 0, skipped: 0.
Starting test testDeleteContainerMetadataWhenResponseIs404ReturnsFalse(org.jclouds.openstack.swift.SwiftClientExpectTest)
[pool-14-thread-2] Test testContainerExistsWhenResponseIs404ReturnsFalse(org.jclouds.openstack.swift.SwiftClientExpectTest) succeeded: 329ms
Test suite progress: tests succeeded: 72, failed: 0, skipped: 0.
Starting test testSetContainerMetadataWhenResponseIs2xxReturnsTrue(org.jclouds.openstack.swift.SwiftClientExpectTest)
[pool-14-thread-1] Test testContainerExistsWhenResponseIs2xxReturnsTrue(org.jclouds.openstack.swift.SwiftClientExpectTest) succeeded: 365ms
Test suite progress: tests succeeded: 73, failed: 0, skipped: 0.
Starting test testSetContainerMetadataWhenResponseIs400ThrowsException(org.jclouds.openstack.swift.SwiftClientExpectTest)
[pool-14-thread-5] Test testDeleteContainerMetadataEmptyWhenResponseIs2xxReturnsTrue(org.jclouds.openstack.swift.SwiftClientExpectTest) succeeded: 313ms
Test suite progress: tests succeeded: 74, failed: 0, skipped: 0.
Starting test testSetContainerMetadataWhenResponseIs404ReturnsFalse(org.jclouds.openstack.swift.SwiftClientExpectTest)
[pool-14-thread-3] Test testDeleteContainerMetadataWhenResponseIs404ReturnsFalse(org.jclouds.openstack.swift.SwiftClientExpectTest) succeeded: 386ms
Test suite progress: tests succeeded: 75, failed: 0, skipped: 0.
[pool-14-thread-1] Test testSetContainerMetadataWhenResponseIs400ThrowsException(org.jclouds.openstack.swift.SwiftClientExpectTest) succeeded: 358ms
Test suite progress: tests succeeded: 76, failed: 0, skipped: 0.
[pool-14-thread-4] Test testDeleteContainerMetadataWhenResponseIs2xxReturnsTrue(org.jclouds.openstack.swift.SwiftClientExpectTest) succeeded: 465ms
Test suite progress: tests succeeded: 77, failed: 0, skipped: 0.
[pool-14-thread-2] Test testSetContainerMetadataWhenResponseIs2xxReturnsTrue(org.jclouds.openstack.swift.SwiftClientExpectTest) succeeded: 432ms
Test suite progress: tests succeeded: 78, failed: 0, skipped: 0.
[pool-14-thread-5] Test testSetContainerMetadataWhenResponseIs404ReturnsFalse(org.jclouds.openstack.swift.SwiftClientExpectTest) succeeded: 422ms
Test suite progress: tests succeeded: 79, failed: 0, skipped: 0.
Starting test testAllContains(org.jclouds.openstack.swift.SwiftKeystoneApiMetadataTest)
[pool-15-thread-1] Test testAllContains(org.jclouds.openstack.swift.SwiftKeystoneApiMetadataTest) succeeded: 1ms
Test suite progress: tests succeeded: 80, failed: 0, skipped: 0.
Starting test testWithId(org.jclouds.openstack.swift.SwiftKeystoneApiMetadataTest)
[pool-15-thread-3] Test testWithId(org.jclouds.openstack.swift.SwiftKeystoneApiMetadataTest) succeeded: 1ms
Test suite progress: tests succeeded: 81, failed: 0, skipped: 0.
Starting test testTransformableToContains(org.jclouds.openstack.swift.SwiftKeystoneApiMetadataTest)
[pool-15-thread-2] Test testTransformableToContains(org.jclouds.openstack.swift.SwiftKeystoneApiMetadataTest) succeeded: 1ms
Test suite progress: tests succeeded: 82, failed: 0, skipped: 0.
Tests run: 82, Failures: 0, Errors: 0, Skipped: 0, Time elapsed: 8.554 sec

Results :

Tests run: 82, Failures: 0, Errors: 0, Skipped: 0

[INFO] 
[INFO] --- maven-bundle-plugin:2.3.7:bundle (default-bundle) @ swift ---
[INFO] 
[INFO] --- maven-jar-plugin:2.4:test-jar (default) @ swift ---
[INFO] Building jar: /Users/adriancole/workspace/git/1.6.x/jclouds/apis/swift/target/swift-1.6.0-SNAPSHOT-tests.jar
[INFO] 
[INFO] --- maven-surefire-plugin:2.12.4:test (integration) @ swift ---
[INFO] Surefire report directory: /Users/adriancole/workspace/git/1.6.x/jclouds/apis/swift/target/surefire-reports

-------------------------------------------------------
 T E S T S
-------------------------------------------------------
Running TestSuite
Configuring TestNG with: org.apache.maven.surefire.testng.conf.TestNG652Configurator@68fe748f

Results :

Tests run: 0, Failures: 0, Errors: 0, Skipped: 0

[INFO] ------------------------------------------------------------------------
[INFO] BUILD FAILURE
[INFO] ------------------------------------------------------------------------
[INFO] Total time: 35.592s
[INFO] Finished at: Sat Mar 09 12:09:32 PST 2013
[INFO] Final Memory: 18M/265M
[INFO] ------------------------------------------------------------------------
[ERROR] Failed to execute goal org.apache.maven.plugins:maven-surefire-plugin:2.12.4:test (integration) on project swift: Execution integration of goal org.apache.maven.plugins:maven-surefire-plugin:2.12.4:test failed: The forked VM terminated without saying properly goodbye. VM crash or System.exit called ? -> [Help 1]
[ERROR] 
[ERROR] To see the full stack trace of the errors, re-run Maven with the -e switch.
[ERROR] Re-run Maven using the -X switch to enable full debug logging.
[ERROR] 
[ERROR] For more information about the errors and possible solutions, please read the following articles:
[ERROR] [Help 1] http://cwiki.apache.org/confluence/display/MAVEN/PluginExecutionException
