[INFO] Scanning for projects...
[WARNING] 
[WARNING] Some problems were encountered while building the effective model for org.jclouds.provider:synaptic-storage:bundle:1.6.0-SNAPSHOT
[WARNING] 'parent.relativePath' of POM org.jclouds:jclouds-project:1.6.0-SNAPSHOT (/Users/adriancole/workspace/git/1.6.x/jclouds/project/pom.xml) points at org.jclouds:jclouds-multi instead of org.sonatype.oss:oss-parent, please verify your project structure @ org.jclouds:jclouds-project:1.6.0-SNAPSHOT, /Users/adriancole/workspace/git/1.6.x/jclouds/project/pom.xml, line 24, column 13
[WARNING] 
[WARNING] It is highly recommended to fix these problems because they threaten the stability of your build.
[WARNING] 
[WARNING] For this reason, future Maven versions might no longer support building such malformed projects.
[WARNING] 
[INFO]                                                                         
[INFO] ------------------------------------------------------------------------
[INFO] Building jclouds Synaptic Storage as a Service provider 1.6.0-SNAPSHOT
[INFO] ------------------------------------------------------------------------
[INFO] 
[INFO] --- maven-clean-plugin:2.4.1:clean (default-clean) @ synaptic-storage ---
[INFO] 
[INFO] --- maven-enforcer-plugin:1.1.1:enforce (enforce-maven) @ synaptic-storage ---
[INFO] 
[INFO] --- maven-enforcer-plugin:1.1.1:enforce (enforce-banned-dependencies) @ synaptic-storage ---
[INFO] 
[INFO] --- maven-enforcer-plugin:1.1.1:enforce (enforce-java) @ synaptic-storage ---
[INFO] 
[INFO] --- maven-remote-resources-plugin:1.4:process (process-remote-resources) @ synaptic-storage ---
[INFO] 
[INFO] --- maven-resources-plugin:2.6:resources (default-resources) @ synaptic-storage ---
[INFO] Using 'UTF-8' encoding to copy filtered resources.
[INFO] skip non existing resourceDirectory /Users/adriancole/workspace/git/1.6.x/jclouds/providers/synaptic-storage/src/main/clojure
[INFO] Copying 1 resource
[INFO] Copying 2 resources
[INFO] 
[INFO] --- maven-compiler-plugin:2.5.1:compile (default-compile) @ synaptic-storage ---
[INFO] Compiling 1 source file to /Users/adriancole/workspace/git/1.6.x/jclouds/providers/synaptic-storage/target/classes
[INFO] 
[INFO] --- maven-resources-plugin:2.6:testResources (default-testResources) @ synaptic-storage ---
[INFO] Using 'UTF-8' encoding to copy filtered resources.
[INFO] skip non existing resourceDirectory /Users/adriancole/workspace/git/1.6.x/jclouds/providers/synaptic-storage/src/test/clojure
[INFO] skip non existing resourceDirectory /Users/adriancole/workspace/git/1.6.x/jclouds/providers/synaptic-storage/src/test/resources
[INFO] Copying 2 resources
[INFO] 
[INFO] --- maven-compiler-plugin:2.5.1:testCompile (default-testCompile) @ synaptic-storage ---
[INFO] Compiling 11 source files to /Users/adriancole/workspace/git/1.6.x/jclouds/providers/synaptic-storage/target/test-classes
[INFO] 
[INFO] --- maven-surefire-plugin:2.12.4:test (default-test) @ synaptic-storage ---
[INFO] Surefire report directory: /Users/adriancole/workspace/git/1.6.x/jclouds/providers/synaptic-storage/target/surefire-reports

-------------------------------------------------------
 T E S T S
-------------------------------------------------------
Running TestSuite
Configuring TestNG with: org.apache.maven.surefire.testng.conf.TestNG652Configurator@5a77a7f9
Starting test testDeletePath(org.jclouds.synaptic.storage.SynapticStorageAsyncClientTest)
Starting test testCreateFileOptions(org.jclouds.synaptic.storage.SynapticStorageAsyncClientTest)
Starting test testCreateFile(org.jclouds.synaptic.storage.SynapticStorageAsyncClientTest)
Starting test testCreateDirectoryOptions(org.jclouds.synaptic.storage.SynapticStorageAsyncClientTest)
Starting test testCreateDirectory(org.jclouds.synaptic.storage.SynapticStorageAsyncClientTest)
[pool-1-thread-5] Test testDeletePath(org.jclouds.synaptic.storage.SynapticStorageAsyncClientTest) succeeded: 130ms
Test suite progress: tests succeeded: 1, failed: 0, skipped: 0.
Starting test testGetSystemMetadata(org.jclouds.synaptic.storage.SynapticStorageAsyncClientTest)
[pool-1-thread-2] Test testCreateDirectoryOptions(org.jclouds.synaptic.storage.SynapticStorageAsyncClientTest) succeeded: 97ms
Test suite progress: tests succeeded: 2, failed: 0, skipped: 0.
Starting test testIsPublic(org.jclouds.synaptic.storage.SynapticStorageAsyncClientTest)
[pool-1-thread-1] Test testCreateDirectory(org.jclouds.synaptic.storage.SynapticStorageAsyncClientTest) succeeded: 97ms
Test suite progress: tests succeeded: 3, failed: 0, skipped: 0.
Starting test testListDirectories(org.jclouds.synaptic.storage.SynapticStorageAsyncClientTest)
[pool-1-thread-5] Test testGetSystemMetadata(org.jclouds.synaptic.storage.SynapticStorageAsyncClientTest) succeeded: 21ms
Test suite progress: tests succeeded: 4, failed: 0, skipped: 0.
Starting test testListDirectoriesOptions(org.jclouds.synaptic.storage.SynapticStorageAsyncClientTest)
[pool-1-thread-2] Test testIsPublic(org.jclouds.synaptic.storage.SynapticStorageAsyncClientTest) succeeded: 22ms
Test suite progress: tests succeeded: 5, failed: 0, skipped: 0.
Starting test testListDirectory(org.jclouds.synaptic.storage.SynapticStorageAsyncClientTest)
[pool-1-thread-5] Test testListDirectoriesOptions(org.jclouds.synaptic.storage.SynapticStorageAsyncClientTest) succeeded: 56ms
Test suite progress: tests succeeded: 6, failed: 0, skipped: 0.
[pool-1-thread-1] Test testListDirectories(org.jclouds.synaptic.storage.SynapticStorageAsyncClientTest) succeeded: 63ms
Starting test testListDirectoryOptions(org.jclouds.synaptic.storage.SynapticStorageAsyncClientTest)
Test suite progress: tests succeeded: 7, failed: 0, skipped: 0.
Starting test testNewObject(org.jclouds.synaptic.storage.SynapticStorageAsyncClientTest)
[pool-1-thread-2] Test testListDirectory(org.jclouds.synaptic.storage.SynapticStorageAsyncClientTest) succeeded: 49ms
Test suite progress: tests succeeded: 8, failed: 0, skipped: 0.
Starting test testReadFile(org.jclouds.synaptic.storage.SynapticStorageAsyncClientTest)
[pool-1-thread-5] Test testListDirectoryOptions(org.jclouds.synaptic.storage.SynapticStorageAsyncClientTest) succeeded: 3ms
Test suite progress: tests succeeded: 9, failed: 0, skipped: 0.
Starting test testUpdateFile(org.jclouds.synaptic.storage.SynapticStorageAsyncClientTest)
[pool-1-thread-1] Test testNewObject(org.jclouds.synaptic.storage.SynapticStorageAsyncClientTest) succeeded: 16ms
Test suite progress: tests succeeded: 10, failed: 0, skipped: 0.
Starting test testUpdateFileOptions(org.jclouds.synaptic.storage.SynapticStorageAsyncClientTest)
[pool-1-thread-2] Test testReadFile(org.jclouds.synaptic.storage.SynapticStorageAsyncClientTest) succeeded: 18ms
Test suite progress: tests succeeded: 11, failed: 0, skipped: 0.
[pool-1-thread-3] Test testCreateFile(org.jclouds.synaptic.storage.SynapticStorageAsyncClientTest) succeeded: 347ms
Test suite progress: tests succeeded: 12, failed: 0, skipped: 0.
[pool-1-thread-4] Test testCreateFileOptions(org.jclouds.synaptic.storage.SynapticStorageAsyncClientTest) succeeded: 378ms
Test suite progress: tests succeeded: 13, failed: 0, skipped: 0.
[pool-1-thread-1] Test testUpdateFileOptions(org.jclouds.synaptic.storage.SynapticStorageAsyncClientTest) succeeded: 164ms
Test suite progress: tests succeeded: 14, failed: 0, skipped: 0.
[pool-1-thread-5] Test testUpdateFile(org.jclouds.synaptic.storage.SynapticStorageAsyncClientTest) succeeded: 182ms
Test suite progress: tests succeeded: 15, failed: 0, skipped: 0.
Starting test testOfApiContains(org.jclouds.synaptic.storage.SynapticStorageProviderTest)
Starting test testWithId(org.jclouds.synaptic.storage.SynapticStorageProviderTest)
[pool-4-thread-4] Test testWithId(org.jclouds.synaptic.storage.SynapticStorageProviderTest) succeeded: 2ms
Test suite progress: tests succeeded: 16, failed: 0, skipped: 0.
[pool-4-thread-2] Test testOfApiContains(org.jclouds.synaptic.storage.SynapticStorageProviderTest) succeeded: 10ms
Test suite progress: tests succeeded: 17, failed: 0, skipped: 0.
Starting test testAllContains(org.jclouds.synaptic.storage.SynapticStorageProviderTest)
[pool-4-thread-1] Test testAllContains(org.jclouds.synaptic.storage.SynapticStorageProviderTest) succeeded: 1ms
Test suite progress: tests succeeded: 18, failed: 0, skipped: 0.
Starting test testTransformableToContains(org.jclouds.synaptic.storage.SynapticStorageProviderTest)
[pool-4-thread-3] Test testTransformableToContains(org.jclouds.synaptic.storage.SynapticStorageProviderTest) succeeded: 2ms
Test suite progress: tests succeeded: 19, failed: 0, skipped: 0.
Tests run: 19, Failures: 0, Errors: 0, Skipped: 0, Time elapsed: 2.562 sec

Results :

Tests run: 19, Failures: 0, Errors: 0, Skipped: 0

[INFO] 
[INFO] --- maven-bundle-plugin:2.3.7:bundle (default-bundle) @ synaptic-storage ---
[INFO] 
[INFO] --- maven-jar-plugin:2.4:test-jar (default) @ synaptic-storage ---
[INFO] Building jar: /Users/adriancole/workspace/git/1.6.x/jclouds/providers/synaptic-storage/target/synaptic-storage-1.6.0-SNAPSHOT-tests.jar
[INFO] 
[INFO] --- maven-surefire-plugin:2.12.4:test (integration) @ synaptic-storage ---
[INFO] Surefire report directory: /Users/adriancole/workspace/git/1.6.x/jclouds/providers/synaptic-storage/target/surefire-reports

-------------------------------------------------------
 T E S T S
-------------------------------------------------------
Running TestSuite
Configuring TestNG with: org.apache.maven.surefire.testng.conf.TestNG652Configurator@2c641e9a
Starting test testListContainerMarker(org.jclouds.synaptic.storage.blobstore.integration.SynapticStorageContainerIntegrationLiveTest)
Starting test testCopyUrl(org.jclouds.synaptic.storage.blobstore.integration.SynapticStorageBlobLiveTest)
[TestNG] Test testListContainerMarker(org.jclouds.synaptic.storage.blobstore.integration.SynapticStorageContainerIntegrationLiveTest) succeeded: 4ms
Test suite progress: tests succeeded: 1, failed: 0, skipped: 0.
Starting test testListContainerMaxResults(org.jclouds.synaptic.storage.blobstore.integration.SynapticStorageContainerIntegrationLiveTest)
[TestNG] Test testListContainerMaxResults(org.jclouds.synaptic.storage.blobstore.integration.SynapticStorageContainerIntegrationLiveTest) succeeded: 1ms
Test suite progress: tests succeeded: 2, failed: 0, skipped: 0.
Starting test containerDoesntExist(org.jclouds.synaptic.storage.blobstore.integration.SynapticStorageContainerIntegrationLiveTest)
Starting test testSignGetUrl(org.jclouds.synaptic.storage.blobstore.integration.SynapticStorageBlobSignerLiveTest)
Starting test testContains(org.jclouds.synaptic.storage.blobstore.integration.SynapticStorageBlobMapIntegrationLiveTest)
[TestNG] Test testContains(org.jclouds.synaptic.storage.blobstore.integration.SynapticStorageBlobMapIntegrationLiveTest) succeeded: 0ms
Test suite progress: tests succeeded: 3, failed: 0, skipped: 0.
Starting test testEntrySet(org.jclouds.synaptic.storage.blobstore.integration.SynapticStorageBlobMapIntegrationLiveTest)
Starting test testPutObjectStream(org.jclouds.synaptic.storage.blobstore.integration.SynapticStorageBlobIntegrationLiveTest)
[TestNG] Test containerDoesntExist(org.jclouds.synaptic.storage.blobstore.integration.SynapticStorageContainerIntegrationLiveTest) succeeded: 600ms
Test suite progress: tests succeeded: 4, failed: 0, skipped: 0.
Starting test containerExists(org.jclouds.synaptic.storage.blobstore.integration.SynapticStorageContainerIntegrationLiveTest)
[TestNG] Test testSignGetUrl(org.jclouds.synaptic.storage.blobstore.integration.SynapticStorageBlobSignerLiveTest) succeeded: 2891ms
Test suite progress: tests succeeded: 5, failed: 0, skipped: 0.
Starting test testSignGetUrlOptions(org.jclouds.synaptic.storage.blobstore.integration.SynapticStorageBlobSignerLiveTest)
[TestNG] Test containerExists(org.jclouds.synaptic.storage.blobstore.integration.SynapticStorageContainerIntegrationLiveTest) succeeded: 2441ms
Test suite progress: tests succeeded: 6, failed: 0, skipped: 0.
Starting test deleteContainerIfEmpty(org.jclouds.synaptic.storage.blobstore.integration.SynapticStorageContainerIntegrationLiveTest)
[TestNG] Test testPutObjectStream(org.jclouds.synaptic.storage.blobstore.integration.SynapticStorageBlobIntegrationLiveTest) succeeded: 2977ms
Test suite progress: tests succeeded: 7, failed: 0, skipped: 0.
Starting test blobNotFound(org.jclouds.synaptic.storage.blobstore.integration.SynapticStorageBlobIntegrationLiveTest)
[TestNG] Test blobNotFound(org.jclouds.synaptic.storage.blobstore.integration.SynapticStorageBlobIntegrationLiveTest) succeeded: 1834ms
Test suite progress: tests succeeded: 8, failed: 0, skipped: 0.
Starting test deleteObject(org.jclouds.synaptic.storage.blobstore.integration.SynapticStorageBlobIntegrationLiveTest)
[TestNG] Test testSignGetUrlOptions(org.jclouds.synaptic.storage.blobstore.integration.SynapticStorageBlobSignerLiveTest) succeeded: 2897ms
Test suite progress: tests succeeded: 9, failed: 0, skipped: 0.
Starting test testSignGetUrlWithTime(org.jclouds.synaptic.storage.blobstore.integration.SynapticStorageBlobSignerLiveTest)
[TestNG] Test testCopyUrl(org.jclouds.synaptic.storage.blobstore.integration.SynapticStorageBlobLiveTest) succeeded: 6840ms
Test suite progress: tests succeeded: 10, failed: 0, skipped: 0.
Starting test testPublicAccess(org.jclouds.synaptic.storage.blobstore.integration.SynapticStorageContainerLiveTest)
[TestNG] Test deleteContainerIfEmpty(org.jclouds.synaptic.storage.blobstore.integration.SynapticStorageContainerIntegrationLiveTest) succeeded: 4573ms
Test suite progress: tests succeeded: 11, failed: 0, skipped: 0.
Starting test deleteContainerWithContents(org.jclouds.synaptic.storage.blobstore.integration.SynapticStorageContainerIntegrationLiveTest)
[TestNG] Test deleteObject(org.jclouds.synaptic.storage.blobstore.integration.SynapticStorageBlobIntegrationLiveTest) succeeded: 2897ms
Test suite progress: tests succeeded: 12, failed: 0, skipped: 0.
Starting test deleteObjectNoContainer(org.jclouds.synaptic.storage.blobstore.integration.SynapticStorageBlobIntegrationLiveTest)
[TestNG] Test testSignGetUrlWithTime(org.jclouds.synaptic.storage.blobstore.integration.SynapticStorageBlobSignerLiveTest) skipped.
Test suite progress: tests succeeded: 12, failed: 0, skipped: 1.
Starting test testSignPutUrl(org.jclouds.synaptic.storage.blobstore.integration.SynapticStorageBlobSignerLiveTest)
[TestNG] Test deleteObjectNoContainer(org.jclouds.synaptic.storage.blobstore.integration.SynapticStorageBlobIntegrationLiveTest) succeeded: 2082ms
Test suite progress: tests succeeded: 13, failed: 0, skipped: 1.
Starting test deleteObjectNotFound(org.jclouds.synaptic.storage.blobstore.integration.SynapticStorageBlobIntegrationLiveTest)
[TestNG] Test testSignPutUrl(org.jclouds.synaptic.storage.blobstore.integration.SynapticStorageBlobSignerLiveTest) succeeded: 2500ms
Test suite progress: tests succeeded: 14, failed: 0, skipped: 1.
Starting test testSignPutUrlWithTime(org.jclouds.synaptic.storage.blobstore.integration.SynapticStorageBlobSignerLiveTest)
[TestNG] Test testSignPutUrlWithTime(org.jclouds.synaptic.storage.blobstore.integration.SynapticStorageBlobSignerLiveTest) skipped.
Test suite progress: tests succeeded: 14, failed: 0, skipped: 2.
Starting test testSignRemoveUrl(org.jclouds.synaptic.storage.blobstore.integration.SynapticStorageBlobSignerLiveTest)
[TestNG] Test testPublicAccess(org.jclouds.synaptic.storage.blobstore.integration.SynapticStorageContainerLiveTest) succeeded: 5990ms
Test suite progress: tests succeeded: 15, failed: 0, skipped: 2.
Starting test testPublicAccessInNonDefaultLocation(org.jclouds.synaptic.storage.blobstore.integration.SynapticStorageContainerLiveTest)
[TestNG] Test testPublicAccessInNonDefaultLocation(org.jclouds.synaptic.storage.blobstore.integration.SynapticStorageContainerLiveTest) skipped.
Test suite progress: tests succeeded: 15, failed: 0, skipped: 3.
Starting test testPublicAccessInNonDefaultLocationWithBigBlob(org.jclouds.synaptic.storage.blobstore.integration.SynapticStorageContainerLiveTest)
[TestNG] Test testPublicAccessInNonDefaultLocationWithBigBlob(org.jclouds.synaptic.storage.blobstore.integration.SynapticStorageContainerLiveTest) skipped.
Test suite progress: tests succeeded: 15, failed: 0, skipped: 4.
Starting test testEntrySet(org.jclouds.synaptic.storage.blobstore.integration.SynapticStorageInputStreamMapIntegrationLiveTest)
[TestNG] Test deleteContainerWithContents(org.jclouds.synaptic.storage.blobstore.integration.SynapticStorageContainerIntegrationLiveTest) succeeded: 5438ms
Test suite progress: tests succeeded: 16, failed: 0, skipped: 4.
Starting test testClearWhenContentsUnderPath(org.jclouds.synaptic.storage.blobstore.integration.SynapticStorageContainerIntegrationLiveTest)
[TestNG] Test deleteObjectNotFound(org.jclouds.synaptic.storage.blobstore.integration.SynapticStorageBlobIntegrationLiveTest) succeeded: 3688ms
Test suite progress: tests succeeded: 17, failed: 0, skipped: 4.
Starting test testBigFileGets(org.jclouds.synaptic.storage.blobstore.integration.SynapticStorageBlobIntegrationLiveTest)
[TestNG] Test testEntrySet(org.jclouds.synaptic.storage.blobstore.integration.SynapticStorageBlobMapIntegrationLiveTest) succeeded: 14478ms
Test suite progress: tests succeeded: 18, failed: 0, skipped: 4.
Starting test testPut(org.jclouds.synaptic.storage.blobstore.integration.SynapticStorageBlobMapIntegrationLiveTest)
[TestNG] Test testSignRemoveUrl(org.jclouds.synaptic.storage.blobstore.integration.SynapticStorageBlobSignerLiveTest) succeeded: 3491ms
Test suite progress: tests succeeded: 19, failed: 0, skipped: 4.
Starting test containerDoesntExist(org.jclouds.synaptic.storage.blobstore.integration.SynapticStorageServiceIntegrationLiveTest)
[TestNG] Test containerDoesntExist(org.jclouds.synaptic.storage.blobstore.integration.SynapticStorageServiceIntegrationLiveTest) succeeded: 300ms
Test suite progress: tests succeeded: 20, failed: 0, skipped: 4.
Starting test testAllLocations(org.jclouds.synaptic.storage.blobstore.integration.SynapticStorageServiceIntegrationLiveTest)
[TestNG] Test testPut(org.jclouds.synaptic.storage.blobstore.integration.SynapticStorageBlobMapIntegrationLiveTest) succeeded: 5194ms
Test suite progress: tests succeeded: 21, failed: 0, skipped: 4.
Starting test testPutAll(org.jclouds.synaptic.storage.blobstore.integration.SynapticStorageBlobMapIntegrationLiveTest)
[TestNG] Test testAllLocations(org.jclouds.synaptic.storage.blobstore.integration.SynapticStorageServiceIntegrationLiveTest) succeeded: 4105ms
Test suite progress: tests succeeded: 22, failed: 0, skipped: 4.
Starting test testGetAssignableLocations(org.jclouds.synaptic.storage.blobstore.integration.SynapticStorageServiceIntegrationLiveTest)
[TestNG] Test testGetAssignableLocations(org.jclouds.synaptic.storage.blobstore.integration.SynapticStorageServiceIntegrationLiveTest) succeeded: 0ms
Test suite progress: tests succeeded: 23, failed: 0, skipped: 4.
Starting test testCreateDirectory(org.jclouds.synaptic.storage.SynapticStorageClientLiveTest)
[TestNG] Test testClearWhenContentsUnderPath(org.jclouds.synaptic.storage.blobstore.integration.SynapticStorageContainerIntegrationLiveTest) succeeded: 8015ms
Test suite progress: tests succeeded: 24, failed: 0, skipped: 4.
Starting test testDirectory(org.jclouds.synaptic.storage.blobstore.integration.SynapticStorageContainerIntegrationLiveTest)
[TestNG] Test testPutAll(org.jclouds.synaptic.storage.blobstore.integration.SynapticStorageBlobMapIntegrationLiveTest) succeeded: 5208ms
Test suite progress: tests succeeded: 25, failed: 0, skipped: 4.
Starting test testPutMoreThanSingleListing(org.jclouds.synaptic.storage.blobstore.integration.SynapticStorageBlobMapIntegrationLiveTest)
[TestNG] Test testEntrySet(org.jclouds.synaptic.storage.blobstore.integration.SynapticStorageInputStreamMapIntegrationLiveTest) succeeded: 18001ms
Test suite progress: tests succeeded: 26, failed: 0, skipped: 4.
Starting test testPutAll(org.jclouds.synaptic.storage.blobstore.integration.SynapticStorageInputStreamMapIntegrationLiveTest)
[TestNG] Test testPutAll(org.jclouds.synaptic.storage.blobstore.integration.SynapticStorageInputStreamMapIntegrationLiveTest) succeeded: 6502ms
Test suite progress: tests succeeded: 27, failed: 0, skipped: 4.
Starting test testPutAllBytes(org.jclouds.synaptic.storage.blobstore.integration.SynapticStorageInputStreamMapIntegrationLiveTest)
[TestNG] Test testCreateDirectory(org.jclouds.synaptic.storage.SynapticStorageClientLiveTest) succeeded: 17388ms
Test suite progress: tests succeeded: 28, failed: 0, skipped: 4.
Starting test testListDirectorys(org.jclouds.synaptic.storage.SynapticStorageClientLiveTest)
[TestNG] Test testDirectory(org.jclouds.synaptic.storage.blobstore.integration.SynapticStorageContainerIntegrationLiveTest) succeeded: 18402ms
Test suite progress: tests succeeded: 29, failed: 0, skipped: 4.
Starting test testListContainer(org.jclouds.synaptic.storage.blobstore.integration.SynapticStorageContainerIntegrationLiveTest)
[TestNG] Test testListDirectorys(org.jclouds.synaptic.storage.SynapticStorageClientLiveTest) succeeded: 1975ms
Test suite progress: tests succeeded: 30, failed: 0, skipped: 4.
Starting test testListOptions(org.jclouds.synaptic.storage.SynapticStorageClientLiveTest)
[TestNG] Test testPutMoreThanSingleListing(org.jclouds.synaptic.storage.blobstore.integration.SynapticStorageBlobMapIntegrationLiveTest) succeeded: 16035ms
Test suite progress: tests succeeded: 31, failed: 0, skipped: 4.
Starting test testRemove(org.jclouds.synaptic.storage.blobstore.integration.SynapticStorageBlobMapIntegrationLiveTest)
[TestNG] Test testPutAllBytes(org.jclouds.synaptic.storage.blobstore.integration.SynapticStorageInputStreamMapIntegrationLiveTest) succeeded: 5806ms
Test suite progress: tests succeeded: 32, failed: 0, skipped: 4.
Starting test testPutAllFiles(org.jclouds.synaptic.storage.blobstore.integration.SynapticStorageInputStreamMapIntegrationLiveTest)
[TestNG] Test testPutAllFiles(org.jclouds.synaptic.storage.blobstore.integration.SynapticStorageInputStreamMapIntegrationLiveTest) succeeded: 5822ms
Test suite progress: tests succeeded: 33, failed: 0, skipped: 4.
Starting test testPutAllStrings(org.jclouds.synaptic.storage.blobstore.integration.SynapticStorageInputStreamMapIntegrationLiveTest)
[TestNG] Test testListContainer(org.jclouds.synaptic.storage.blobstore.integration.SynapticStorageContainerIntegrationLiveTest) succeeded: 10873ms
Test suite progress: tests succeeded: 34, failed: 0, skipped: 4.
Starting test testListContainerPrefix(org.jclouds.synaptic.storage.blobstore.integration.SynapticStorageContainerIntegrationLiveTest)
[TestNG] Test testRemove(org.jclouds.synaptic.storage.blobstore.integration.SynapticStorageBlobMapIntegrationLiveTest) succeeded: 9729ms
Test suite progress: tests succeeded: 35, failed: 0, skipped: 4.
Starting test testValues(org.jclouds.synaptic.storage.blobstore.integration.SynapticStorageBlobMapIntegrationLiveTest)
[TestNG] Test testListOptions(org.jclouds.synaptic.storage.SynapticStorageClientLiveTest) succeeded: 11552ms
Test suite progress: tests succeeded: 36, failed: 0, skipped: 4.
Starting test testFileOperations(org.jclouds.synaptic.storage.SynapticStorageClientLiveTest)
[TestNG] Test testPutAllStrings(org.jclouds.synaptic.storage.blobstore.integration.SynapticStorageInputStreamMapIntegrationLiveTest) succeeded: 4587ms
Test suite progress: tests succeeded: 37, failed: 0, skipped: 4.
Starting test testPutMoreThanSingleListing(org.jclouds.synaptic.storage.blobstore.integration.SynapticStorageInputStreamMapIntegrationLiveTest)
[TestNG] Test testValues(org.jclouds.synaptic.storage.blobstore.integration.SynapticStorageBlobMapIntegrationLiveTest) succeeded: 4176ms
Test suite progress: tests succeeded: 38, failed: 0, skipped: 4.
Starting test testClear(org.jclouds.synaptic.storage.blobstore.integration.SynapticStorageBlobMapIntegrationLiveTest)
[TestNG] Test testClear(org.jclouds.synaptic.storage.blobstore.integration.SynapticStorageBlobMapIntegrationLiveTest) succeeded: 4098ms
Test suite progress: tests succeeded: 39, failed: 0, skipped: 4.
Starting test testContainsKey(org.jclouds.synaptic.storage.blobstore.integration.SynapticStorageBlobMapIntegrationLiveTest)
[TestNG] Test testBigFileGets(org.jclouds.synaptic.storage.blobstore.integration.SynapticStorageBlobIntegrationLiveTest) failed.
Test suite progress: tests succeeded: 39, failed: 1, skipped: 4.
Starting test testCreateBlobWithExpiry(org.jclouds.synaptic.storage.blobstore.integration.SynapticStorageBlobIntegrationLiveTest)
[TestNG] Test testListContainerPrefix(org.jclouds.synaptic.storage.blobstore.integration.SynapticStorageContainerIntegrationLiveTest) succeeded: 12177ms
Test suite progress: tests succeeded: 40, failed: 1, skipped: 4.
Starting test testListRootUsesDelimiter(org.jclouds.synaptic.storage.blobstore.integration.SynapticStorageContainerIntegrationLiveTest)
[TestNG] Test testPutMoreThanSingleListing(org.jclouds.synaptic.storage.blobstore.integration.SynapticStorageInputStreamMapIntegrationLiveTest) succeeded: 9841ms
Test suite progress: tests succeeded: 41, failed: 1, skipped: 4.
Starting test testRemove(org.jclouds.synaptic.storage.blobstore.integration.SynapticStorageInputStreamMapIntegrationLiveTest)
[TestNG] Test testContainsKey(org.jclouds.synaptic.storage.blobstore.integration.SynapticStorageBlobMapIntegrationLiveTest) succeeded: 10000ms
Test suite progress: tests succeeded: 42, failed: 1, skipped: 4.
Starting test testDirectory(org.jclouds.synaptic.storage.blobstore.integration.SynapticStorageBlobMapIntegrationLiveTest)
[TestNG] Test testRemove(org.jclouds.synaptic.storage.blobstore.integration.SynapticStorageInputStreamMapIntegrationLiveTest) succeeded: 8685ms
Test suite progress: tests succeeded: 43, failed: 1, skipped: 4.
Starting test testValues(org.jclouds.synaptic.storage.blobstore.integration.SynapticStorageInputStreamMapIntegrationLiveTest)
[TestNG] Test testValues(org.jclouds.synaptic.storage.blobstore.integration.SynapticStorageInputStreamMapIntegrationLiveTest) succeeded: 2953ms
Test suite progress: tests succeeded: 44, failed: 1, skipped: 4.
Starting test testClear(org.jclouds.synaptic.storage.blobstore.integration.SynapticStorageInputStreamMapIntegrationLiveTest)
[TestNG] Test testListRootUsesDelimiter(org.jclouds.synaptic.storage.blobstore.integration.SynapticStorageContainerIntegrationLiveTest) succeeded: 13974ms
Test suite progress: tests succeeded: 45, failed: 1, skipped: 4.
Starting test testPutTwiceIsOkAndDoesntOverwrite(org.jclouds.synaptic.storage.blobstore.integration.SynapticStorageContainerIntegrationLiveTest)
[TestNG] Test testClear(org.jclouds.synaptic.storage.blobstore.integration.SynapticStorageInputStreamMapIntegrationLiveTest) succeeded: 4006ms
Test suite progress: tests succeeded: 46, failed: 1, skipped: 4.
Starting test testContainsKey(org.jclouds.synaptic.storage.blobstore.integration.SynapticStorageInputStreamMapIntegrationLiveTest)
[TestNG] Test testPutTwiceIsOkAndDoesntOverwrite(org.jclouds.synaptic.storage.blobstore.integration.SynapticStorageContainerIntegrationLiveTest) succeeded: 3415ms
Test suite progress: tests succeeded: 47, failed: 1, skipped: 4.
Starting test testWithDetails(org.jclouds.synaptic.storage.blobstore.integration.SynapticStorageContainerIntegrationLiveTest)
[TestNG] Test testContainsKey(org.jclouds.synaptic.storage.blobstore.integration.SynapticStorageInputStreamMapIntegrationLiveTest) succeeded: 13449ms
Test suite progress: tests succeeded: 48, failed: 1, skipped: 4.
Starting test testDirectory(org.jclouds.synaptic.storage.blobstore.integration.SynapticStorageInputStreamMapIntegrationLiveTest)
[TestNG] Test testWithDetails(org.jclouds.synaptic.storage.blobstore.integration.SynapticStorageContainerIntegrationLiveTest) succeeded: 14502ms
Test suite progress: tests succeeded: 49, failed: 1, skipped: 4.
[TestNG] Test testCreateBlobWithExpiry(org.jclouds.synaptic.storage.blobstore.integration.SynapticStorageBlobIntegrationLiveTest) failed.
Test suite progress: tests succeeded: 49, failed: 2, skipped: 4.
Starting test testPutFileParallel(org.jclouds.synaptic.storage.blobstore.integration.SynapticStorageBlobIntegrationLiveTest)
[TestNG] Test testDirectory(org.jclouds.synaptic.storage.blobstore.integration.SynapticStorageBlobMapIntegrationLiveTest) failed.
Test suite progress: tests succeeded: 49, failed: 3, skipped: 4.
Starting test testIsEmpty(org.jclouds.synaptic.storage.blobstore.integration.SynapticStorageBlobMapIntegrationLiveTest)
[TestNG] Test testIsEmpty(org.jclouds.synaptic.storage.blobstore.integration.SynapticStorageBlobMapIntegrationLiveTest) succeeded: 3362ms
Test suite progress: tests succeeded: 50, failed: 3, skipped: 4.
Starting test testKeySet(org.jclouds.synaptic.storage.blobstore.integration.SynapticStorageBlobMapIntegrationLiveTest)
[TestNG] Test testDirectory(org.jclouds.synaptic.storage.blobstore.integration.SynapticStorageInputStreamMapIntegrationLiveTest) failed.
Test suite progress: tests succeeded: 50, failed: 4, skipped: 4.
Starting test testIsEmpty(org.jclouds.synaptic.storage.blobstore.integration.SynapticStorageInputStreamMapIntegrationLiveTest)
[TestNG] Test testKeySet(org.jclouds.synaptic.storage.blobstore.integration.SynapticStorageBlobMapIntegrationLiveTest) succeeded: 3685ms
Test suite progress: tests succeeded: 51, failed: 4, skipped: 4.
Starting test testListContainer(org.jclouds.synaptic.storage.blobstore.integration.SynapticStorageBlobMapIntegrationLiveTest)
[TestNG] Test testIsEmpty(org.jclouds.synaptic.storage.blobstore.integration.SynapticStorageInputStreamMapIntegrationLiveTest) succeeded: 3386ms
Test suite progress: tests succeeded: 52, failed: 4, skipped: 4.
Starting test testKeySet(org.jclouds.synaptic.storage.blobstore.integration.SynapticStorageInputStreamMapIntegrationLiveTest)
[TestNG] Test testListContainer(org.jclouds.synaptic.storage.blobstore.integration.SynapticStorageBlobMapIntegrationLiveTest) succeeded: 3116ms
Test suite progress: tests succeeded: 53, failed: 4, skipped: 4.
[TestNG] Test testKeySet(org.jclouds.synaptic.storage.blobstore.integration.SynapticStorageInputStreamMapIntegrationLiveTest) succeeded: 4372ms
Test suite progress: tests succeeded: 54, failed: 4, skipped: 4.
Starting test testListContainer(org.jclouds.synaptic.storage.blobstore.integration.SynapticStorageInputStreamMapIntegrationLiveTest)
[TestNG] Test testPutFileParallel(org.jclouds.synaptic.storage.blobstore.integration.SynapticStorageBlobIntegrationLiveTest) failed.
Test suite progress: tests succeeded: 54, failed: 5, skipped: 4.
Starting test testPutObject(org.jclouds.synaptic.storage.blobstore.integration.SynapticStorageBlobIntegrationLiveTest)
[TestNG] Test testListContainer(org.jclouds.synaptic.storage.blobstore.integration.SynapticStorageInputStreamMapIntegrationLiveTest) succeeded: 15246ms
Test suite progress: tests succeeded: 55, failed: 5, skipped: 4.
[TestNG] Test testPutObject(org.jclouds.synaptic.storage.blobstore.integration.SynapticStorageBlobIntegrationLiveTest) succeeded: 34651ms
Test suite progress: tests succeeded: 56, failed: 5, skipped: 4.
Starting test testPutObject(org.jclouds.synaptic.storage.blobstore.integration.SynapticStorageBlobIntegrationLiveTest)
[TestNG] Test testPutObject(org.jclouds.synaptic.storage.blobstore.integration.SynapticStorageBlobIntegrationLiveTest) succeeded: 29779ms
Test suite progress: tests succeeded: 57, failed: 5, skipped: 4.
Starting test testPutObject(org.jclouds.synaptic.storage.blobstore.integration.SynapticStorageBlobIntegrationLiveTest)
[TestNG] Test testPutObject(org.jclouds.synaptic.storage.blobstore.integration.SynapticStorageBlobIntegrationLiveTest) succeeded: 48740ms
Test suite progress: tests succeeded: 58, failed: 5, skipped: 4.
[TestNG] Test testFileOperations(org.jclouds.synaptic.storage.SynapticStorageClientLiveTest) succeeded: 3426674ms
Test suite progress: tests succeeded: 59, failed: 5, skipped: 4.
Tests run: 68, Failures: 5, Errors: 0, Skipped: 4, Time elapsed: 3,523.888 sec <<< FAILURE!
testBigFileGets(org.jclouds.synaptic.storage.blobstore.integration.SynapticStorageBlobIntegrationLiveTest)  Time elapsed: 0.892 sec  <<< FAILURE!
java.util.concurrent.TimeoutException: get constitution, completed: 0/10, errors: 0, rate: 3000ms/op
	at org.jclouds.concurrent.FutureIterables.awaitCompletion(FutureIterables.java:148)
	at org.jclouds.blobstore.integration.internal.BaseBlobIntegrationTest.testBigFileGets(BaseBlobIntegrationTest.java:203)
	at sun.reflect.NativeMethodAccessorImpl.invoke0(Native Method)
	at sun.reflect.NativeMethodAccessorImpl.invoke(NativeMethodAccessorImpl.java:39)
	at sun.reflect.DelegatingMethodAccessorImpl.invoke(DelegatingMethodAccessorImpl.java:25)
	at java.lang.reflect.Method.invoke(Method.java:597)
	at org.testng.internal.MethodInvocationHelper.invokeMethod(MethodInvocationHelper.java:80)
	at org.testng.internal.Invoker.invokeMethod(Invoker.java:714)
	at org.testng.internal.Invoker.invokeTestMethod(Invoker.java:901)
	at org.testng.internal.Invoker.invokeTestMethods(Invoker.java:1231)
	at org.testng.internal.TestMethodWorker.invokeTestMethods(TestMethodWorker.java:127)
	at org.testng.internal.TestMethodWorker.run(TestMethodWorker.java:111)
	at org.testng.TestRunner.privateRun(TestRunner.java:767)
	at org.testng.TestRunner.run(TestRunner.java:617)
	at org.testng.SuiteRunner.runTest(SuiteRunner.java:334)
	at org.testng.SuiteRunner.access$000(SuiteRunner.java:37)
	at org.testng.SuiteRunner$SuiteWorker.run(SuiteRunner.java:368)
	at org.testng.internal.thread.ThreadUtil$2.call(ThreadUtil.java:64)
	at java.util.concurrent.FutureTask$Sync.innerRun(FutureTask.java:303)
	at java.util.concurrent.FutureTask.run(FutureTask.java:138)
	at java.util.concurrent.ThreadPoolExecutor$Worker.runTask(ThreadPoolExecutor.java:895)
	at java.util.concurrent.ThreadPoolExecutor$Worker.run(ThreadPoolExecutor.java:918)
	at java.lang.Thread.run(Thread.java:680)

testCreateBlobWithExpiry(org.jclouds.synaptic.storage.blobstore.integration.SynapticStorageBlobIntegrationLiveTest)  Time elapsed: 4.307 sec  <<< FAILURE!
java.lang.AssertionError: expires=null; expected=Sat Mar 09 18:35:16 PST 2013
	at org.jclouds.blobstore.integration.internal.BaseBlobStoreIntegrationTest$7.run(BaseBlobStoreIntegrationTest.java:397)
	at org.jclouds.blobstore.integration.internal.BaseBlobStoreIntegrationTest.assertConsistencyAware(BaseBlobStoreIntegrationTest.java:228)
	at org.jclouds.blobstore.integration.internal.BaseBlobStoreIntegrationTest.assertConsistencyAware(BaseBlobStoreIntegrationTest.java:241)
	at org.jclouds.blobstore.integration.internal.BaseBlobStoreIntegrationTest.assertConsistencyAwareBlobExpiryMetadata(BaseBlobStoreIntegrationTest.java:392)
	at org.jclouds.blobstore.integration.internal.BaseBlobIntegrationTest.testCreateBlobWithExpiry(BaseBlobIntegrationTest.java:259)
	at sun.reflect.NativeMethodAccessorImpl.invoke0(Native Method)
	at sun.reflect.NativeMethodAccessorImpl.invoke(NativeMethodAccessorImpl.java:39)
	at sun.reflect.DelegatingMethodAccessorImpl.invoke(DelegatingMethodAccessorImpl.java:25)
	at java.lang.reflect.Method.invoke(Method.java:597)
	at org.testng.internal.MethodInvocationHelper.invokeMethod(MethodInvocationHelper.java:80)
	at org.testng.internal.Invoker.invokeMethod(Invoker.java:714)
	at org.testng.internal.Invoker.invokeTestMethod(Invoker.java:901)
	at org.testng.internal.Invoker.invokeTestMethods(Invoker.java:1231)
	at org.testng.internal.TestMethodWorker.invokeTestMethods(TestMethodWorker.java:127)
	at org.testng.internal.TestMethodWorker.run(TestMethodWorker.java:111)
	at org.testng.TestRunner.privateRun(TestRunner.java:767)
	at org.testng.TestRunner.run(TestRunner.java:617)
	at org.testng.SuiteRunner.runTest(SuiteRunner.java:334)
	at org.testng.SuiteRunner.access$000(SuiteRunner.java:37)
	at org.testng.SuiteRunner$SuiteWorker.run(SuiteRunner.java:368)
	at org.testng.internal.thread.ThreadUtil$2.call(ThreadUtil.java:64)
	at java.util.concurrent.FutureTask$Sync.innerRun(FutureTask.java:303)
	at java.util.concurrent.FutureTask.run(FutureTask.java:138)
	at java.util.concurrent.ThreadPoolExecutor$Worker.runTask(ThreadPoolExecutor.java:895)
	at java.util.concurrent.ThreadPoolExecutor$Worker.run(ThreadPoolExecutor.java:918)
	at java.lang.Thread.run(Thread.java:680)

testDirectory(org.jclouds.synaptic.storage.blobstore.integration.SynapticStorageBlobMapIntegrationLiveTest)  Time elapsed: 3.439 sec  <<< FAILURE!
java.lang.AssertionError: Sets differ: expected [0, 1, 2, 3, 4, 5, 6, 7, 8, 9, apps/0, apps/1, apps/2, apps/3, apps/4, apps/5, apps/6, apps/7, apps/8, apps/9] but got [0, 1, 2, 3, 4, 5, 6, 7, 8, 9]
	at org.testng.Assert.fail(Assert.java:94)
	at org.testng.Assert.assertEquals(Assert.java:710)
	at org.testng.Assert.assertEquals(Assert.java:688)
	at org.jclouds.blobstore.integration.internal.BaseMapIntegrationTest.testDirectory(BaseMapIntegrationTest.java:177)
	at sun.reflect.NativeMethodAccessorImpl.invoke0(Native Method)
	at sun.reflect.NativeMethodAccessorImpl.invoke(NativeMethodAccessorImpl.java:39)
	at sun.reflect.DelegatingMethodAccessorImpl.invoke(DelegatingMethodAccessorImpl.java:25)
	at java.lang.reflect.Method.invoke(Method.java:597)
	at org.testng.internal.MethodInvocationHelper.invokeMethod(MethodInvocationHelper.java:80)
	at org.testng.internal.Invoker.invokeMethod(Invoker.java:714)
	at org.testng.internal.Invoker.invokeTestMethod(Invoker.java:901)
	at org.testng.internal.Invoker.invokeTestMethods(Invoker.java:1231)
	at org.testng.internal.TestMethodWorker.invokeTestMethods(TestMethodWorker.java:127)
	at org.testng.internal.TestMethodWorker.run(TestMethodWorker.java:111)
	at org.testng.TestRunner.privateRun(TestRunner.java:767)
	at org.testng.TestRunner.run(TestRunner.java:617)
	at org.testng.SuiteRunner.runTest(SuiteRunner.java:334)
	at org.testng.SuiteRunner.access$000(SuiteRunner.java:37)
	at org.testng.SuiteRunner$SuiteWorker.run(SuiteRunner.java:368)
	at org.testng.internal.thread.ThreadUtil$2.call(ThreadUtil.java:64)
	at java.util.concurrent.FutureTask$Sync.innerRun(FutureTask.java:303)
	at java.util.concurrent.FutureTask.run(FutureTask.java:138)
	at java.util.concurrent.ThreadPoolExecutor$Worker.runTask(ThreadPoolExecutor.java:895)
	at java.util.concurrent.ThreadPoolExecutor$Worker.run(ThreadPoolExecutor.java:918)
	at java.lang.Thread.run(Thread.java:680)

testDirectory(org.jclouds.synaptic.storage.blobstore.integration.SynapticStorageInputStreamMapIntegrationLiveTest)  Time elapsed: 2.41 sec  <<< FAILURE!
java.lang.AssertionError: Sets differ: expected [0, 1, 2, 3, 4, 5, 6, 7, 8, 9, apps/0, apps/1, apps/2, apps/3, apps/4, apps/5, apps/6, apps/7, apps/8, apps/9] but got [0, 1, 2, 3, 4, 5, 6, 7, 8, 9]
	at org.testng.Assert.fail(Assert.java:94)
	at org.testng.Assert.assertEquals(Assert.java:710)
	at org.testng.Assert.assertEquals(Assert.java:688)
	at org.jclouds.blobstore.integration.internal.BaseMapIntegrationTest.testDirectory(BaseMapIntegrationTest.java:177)
	at sun.reflect.NativeMethodAccessorImpl.invoke0(Native Method)
	at sun.reflect.NativeMethodAccessorImpl.invoke(NativeMethodAccessorImpl.java:39)
	at sun.reflect.DelegatingMethodAccessorImpl.invoke(DelegatingMethodAccessorImpl.java:25)
	at java.lang.reflect.Method.invoke(Method.java:597)
	at org.testng.internal.MethodInvocationHelper.invokeMethod(MethodInvocationHelper.java:80)
	at org.testng.internal.Invoker.invokeMethod(Invoker.java:714)
	at org.testng.internal.Invoker.invokeTestMethod(Invoker.java:901)
	at org.testng.internal.Invoker.invokeTestMethods(Invoker.java:1231)
	at org.testng.internal.TestMethodWorker.invokeTestMethods(TestMethodWorker.java:127)
	at org.testng.internal.TestMethodWorker.run(TestMethodWorker.java:111)
	at org.testng.TestRunner.privateRun(TestRunner.java:767)
	at org.testng.TestRunner.run(TestRunner.java:617)
	at org.testng.SuiteRunner.runTest(SuiteRunner.java:334)
	at org.testng.SuiteRunner.access$000(SuiteRunner.java:37)
	at org.testng.SuiteRunner$SuiteWorker.run(SuiteRunner.java:368)
	at org.testng.internal.thread.ThreadUtil$2.call(ThreadUtil.java:64)
	at java.util.concurrent.FutureTask$Sync.innerRun(FutureTask.java:303)
	at java.util.concurrent.FutureTask.run(FutureTask.java:138)
	at java.util.concurrent.ThreadPoolExecutor$Worker.runTask(ThreadPoolExecutor.java:895)
	at java.util.concurrent.ThreadPoolExecutor$Worker.run(ThreadPoolExecutor.java:918)
	at java.lang.Thread.run(Thread.java:680)

testPutFileParallel(org.jclouds.synaptic.storage.blobstore.integration.SynapticStorageBlobIntegrationLiveTest)  Time elapsed: 14.925 sec  <<< FAILURE!
java.util.concurrent.TimeoutException: putFileParallel, completed: 0/10, errors: 0, rate: 3000ms/op
	at org.jclouds.concurrent.FutureIterables.awaitCompletion(FutureIterables.java:148)
	at org.jclouds.blobstore.integration.internal.BaseBlobIntegrationTest.testPutFileParallel(BaseBlobIntegrationTest.java:166)
	at sun.reflect.NativeMethodAccessorImpl.invoke0(Native Method)
	at sun.reflect.NativeMethodAccessorImpl.invoke(NativeMethodAccessorImpl.java:39)
	at sun.reflect.DelegatingMethodAccessorImpl.invoke(DelegatingMethodAccessorImpl.java:25)
	at java.lang.reflect.Method.invoke(Method.java:597)
	at org.testng.internal.MethodInvocationHelper.invokeMethod(MethodInvocationHelper.java:80)
	at org.testng.internal.Invoker.invokeMethod(Invoker.java:714)
	at org.testng.internal.Invoker.invokeTestMethod(Invoker.java:901)
	at org.testng.internal.Invoker.invokeTestMethods(Invoker.java:1231)
	at org.testng.internal.TestMethodWorker.invokeTestMethods(TestMethodWorker.java:127)
	at org.testng.internal.TestMethodWorker.run(TestMethodWorker.java:111)
	at org.testng.TestRunner.privateRun(TestRunner.java:767)
	at org.testng.TestRunner.run(TestRunner.java:617)
	at org.testng.SuiteRunner.runTest(SuiteRunner.java:334)
	at org.testng.SuiteRunner.access$000(SuiteRunner.java:37)
	at org.testng.SuiteRunner$SuiteWorker.run(SuiteRunner.java:368)
	at org.testng.internal.thread.ThreadUtil$2.call(ThreadUtil.java:64)
	at java.util.concurrent.FutureTask$Sync.innerRun(FutureTask.java:303)
	at java.util.concurrent.FutureTask.run(FutureTask.java:138)
	at java.util.concurrent.ThreadPoolExecutor$Worker.runTask(ThreadPoolExecutor.java:895)
	at java.util.concurrent.ThreadPoolExecutor$Worker.run(ThreadPoolExecutor.java:918)
	at java.lang.Thread.run(Thread.java:680)


Results :

Failed tests:   testBigFileGets(org.jclouds.synaptic.storage.blobstore.integration.SynapticStorageBlobIntegrationLiveTest): get constitution, completed: 0/10, errors: 0, rate: 3000ms/op
  testCreateBlobWithExpiry(org.jclouds.synaptic.storage.blobstore.integration.SynapticStorageBlobIntegrationLiveTest): expires=null; expected=Sat Mar 09 18:35:16 PST 2013
  testDirectory(org.jclouds.synaptic.storage.blobstore.integration.SynapticStorageBlobMapIntegrationLiveTest): Sets differ: expected [0, 1, 2, 3, 4, 5, 6, 7, 8, 9, apps/0, apps/1, apps/2, apps/3, apps/4, apps/5, apps/6, apps/7, apps/8, apps/9] but got [0, 1, 2, 3, 4, 5, 6, 7, 8, 9]
  testDirectory(org.jclouds.synaptic.storage.blobstore.integration.SynapticStorageInputStreamMapIntegrationLiveTest): Sets differ: expected [0, 1, 2, 3, 4, 5, 6, 7, 8, 9, apps/0, apps/1, apps/2, apps/3, apps/4, apps/5, apps/6, apps/7, apps/8, apps/9] but got [0, 1, 2, 3, 4, 5, 6, 7, 8, 9]
  testPutFileParallel(org.jclouds.synaptic.storage.blobstore.integration.SynapticStorageBlobIntegrationLiveTest): putFileParallel, completed: 0/10, errors: 0, rate: 3000ms/op

Tests run: 68, Failures: 5, Errors: 0, Skipped: 4

[INFO] ------------------------------------------------------------------------
[INFO] BUILD FAILURE
[INFO] ------------------------------------------------------------------------
[INFO] Total time: 59:00.709s
[INFO] Finished at: Sat Mar 09 19:31:16 PST 2013
[INFO] Final Memory: 18M/265M
[INFO] ------------------------------------------------------------------------
[ERROR] Failed to execute goal org.apache.maven.plugins:maven-surefire-plugin:2.12.4:test (integration) on project synaptic-storage: There are test failures.
[ERROR] 
[ERROR] Please refer to /Users/adriancole/workspace/git/1.6.x/jclouds/providers/synaptic-storage/target/surefire-reports for the individual test results.
[ERROR] -> [Help 1]
[ERROR] 
[ERROR] To see the full stack trace of the errors, re-run Maven with the -e switch.
[ERROR] Re-run Maven using the -X switch to enable full debug logging.
[ERROR] 
[ERROR] For more information about the errors and possible solutions, please read the following articles:
[ERROR] [Help 1] http://cwiki.apache.org/confluence/display/MAVEN/MojoFailureException
