[INFO] Scanning for projects...
[WARNING] 
[WARNING] Some problems were encountered while building the effective model for org.jclouds.provider:trmk-vcloudexpress:bundle:1.6.0-SNAPSHOT
[WARNING] 'parent.relativePath' of POM org.jclouds:jclouds-project:1.6.0-SNAPSHOT (/private/tmp/jclouds/project/pom.xml) points at org.jclouds:jclouds-multi instead of org.sonatype.oss:oss-parent, please verify your project structure @ org.jclouds:jclouds-project:1.6.0-SNAPSHOT, /private/tmp/jclouds/project/pom.xml, line 24, column 13
[WARNING] 
[WARNING] It is highly recommended to fix these problems because they threaten the stability of your build.
[WARNING] 
[WARNING] For this reason, future Maven versions might no longer support building such malformed projects.
[WARNING] 
[INFO]                                                                         
[INFO] ------------------------------------------------------------------------
[INFO] Building jclouds Terremark vCloud Express provider 1.6.0-SNAPSHOT
[INFO] ------------------------------------------------------------------------
[INFO] 
[INFO] --- maven-clean-plugin:2.4.1:clean (default-clean) @ trmk-vcloudexpress ---
[INFO] 
[INFO] --- maven-enforcer-plugin:1.1.1:enforce (enforce-maven) @ trmk-vcloudexpress ---
[INFO] 
[INFO] --- maven-enforcer-plugin:1.1.1:enforce (enforce-banned-dependencies) @ trmk-vcloudexpress ---
[INFO] 
[INFO] --- maven-enforcer-plugin:1.1.1:enforce (enforce-java) @ trmk-vcloudexpress ---
[INFO] 
[INFO] --- maven-remote-resources-plugin:1.4:process (process-remote-resources) @ trmk-vcloudexpress ---
[INFO] 
[INFO] --- maven-resources-plugin:2.6:resources (default-resources) @ trmk-vcloudexpress ---
[INFO] Using 'UTF-8' encoding to copy filtered resources.
[INFO] skip non existing resourceDirectory /private/tmp/jclouds/providers/trmk-vcloudexpress/src/main/clojure
[INFO] Copying 1 resource
[INFO] Copying 2 resources
[INFO] 
[INFO] --- maven-compiler-plugin:2.5.1:compile (default-compile) @ trmk-vcloudexpress ---
[INFO] Compiling 8 source files to /private/tmp/jclouds/providers/trmk-vcloudexpress/target/classes
[INFO] 
[INFO] --- maven-resources-plugin:2.6:testResources (default-testResources) @ trmk-vcloudexpress ---
[INFO] Using 'UTF-8' encoding to copy filtered resources.
[INFO] skip non existing resourceDirectory /private/tmp/jclouds/providers/trmk-vcloudexpress/src/test/clojure
[INFO] Copying 1 resource
[INFO] Copying 2 resources
[INFO] 
[INFO] --- maven-compiler-plugin:2.5.1:testCompile (default-testCompile) @ trmk-vcloudexpress ---
[INFO] Compiling 6 source files to /private/tmp/jclouds/providers/trmk-vcloudexpress/target/test-classes
[INFO] 
[INFO] --- maven-surefire-plugin:2.12.4:test (default-test) @ trmk-vcloudexpress ---
[INFO] Surefire report directory: /private/tmp/jclouds/providers/trmk-vcloudexpress/target/surefire-reports

-------------------------------------------------------
 T E S T S
-------------------------------------------------------
Running TestSuite
Configuring TestNG with: org.apache.maven.surefire.testng.conf.TestNG652Configurator@1cc7b00c
Starting test testAddInternetService(org.jclouds.trmk.vcloudexpress.TerremarkVCloudExpressAsyncClientTest)
[pool-1-thread-1] Test testAddInternetService(org.jclouds.trmk.vcloudexpress.TerremarkVCloudExpressAsyncClientTest) succeeded: 77ms
Test suite progress: tests succeeded: 1, failed: 0, skipped: 0.
Starting test testAddInternetServiceOptions(org.jclouds.trmk.vcloudexpress.TerremarkVCloudExpressAsyncClientTest)
[pool-1-thread-1] Test testAddInternetServiceOptions(org.jclouds.trmk.vcloudexpress.TerremarkVCloudExpressAsyncClientTest) succeeded: 6ms
Test suite progress: tests succeeded: 2, failed: 0, skipped: 0.
Starting test testAddInternetServiceToExistingIp(org.jclouds.trmk.vcloudexpress.TerremarkVCloudExpressAsyncClientTest)
[pool-1-thread-1] Test testAddInternetServiceToExistingIp(org.jclouds.trmk.vcloudexpress.TerremarkVCloudExpressAsyncClientTest) succeeded: 8ms
Test suite progress: tests succeeded: 3, failed: 0, skipped: 0.
Starting test testAddInternetServiceToExistingIpOptions(org.jclouds.trmk.vcloudexpress.TerremarkVCloudExpressAsyncClientTest)
[pool-1-thread-1] Test testAddInternetServiceToExistingIpOptions(org.jclouds.trmk.vcloudexpress.TerremarkVCloudExpressAsyncClientTest) succeeded: 5ms
Test suite progress: tests succeeded: 4, failed: 0, skipped: 0.
Starting test testAddNode(org.jclouds.trmk.vcloudexpress.TerremarkVCloudExpressAsyncClientTest)
[pool-1-thread-1] Test testAddNode(org.jclouds.trmk.vcloudexpress.TerremarkVCloudExpressAsyncClientTest) succeeded: 13ms
Test suite progress: tests succeeded: 5, failed: 0, skipped: 0.
Starting test testAddNodeOptions(org.jclouds.trmk.vcloudexpress.TerremarkVCloudExpressAsyncClientTest)
[pool-1-thread-1] Test testAddNodeOptions(org.jclouds.trmk.vcloudexpress.TerremarkVCloudExpressAsyncClientTest) succeeded: 5ms
Test suite progress: tests succeeded: 6, failed: 0, skipped: 0.
Starting test testCatalog(org.jclouds.trmk.vcloudexpress.TerremarkVCloudExpressAsyncClientTest)
[pool-1-thread-1] Test testCatalog(org.jclouds.trmk.vcloudexpress.TerremarkVCloudExpressAsyncClientTest) succeeded: 10ms
Test suite progress: tests succeeded: 7, failed: 0, skipped: 0.
Starting test testCatalogItemURI(org.jclouds.trmk.vcloudexpress.TerremarkVCloudExpressAsyncClientTest)
[pool-1-thread-1] Test testCatalogItemURI(org.jclouds.trmk.vcloudexpress.TerremarkVCloudExpressAsyncClientTest) succeeded: 7ms
Test suite progress: tests succeeded: 8, failed: 0, skipped: 0.
Starting test testConfigureNodeNoDescription(org.jclouds.trmk.vcloudexpress.TerremarkVCloudExpressAsyncClientTest)
[pool-1-thread-1] Test testConfigureNodeNoDescription(org.jclouds.trmk.vcloudexpress.TerremarkVCloudExpressAsyncClientTest) succeeded: 28ms
Test suite progress: tests succeeded: 9, failed: 0, skipped: 0.
Starting test testConfigureNodeWithDescription(org.jclouds.trmk.vcloudexpress.TerremarkVCloudExpressAsyncClientTest)
[pool-1-thread-1] Test testConfigureNodeWithDescription(org.jclouds.trmk.vcloudexpress.TerremarkVCloudExpressAsyncClientTest) succeeded: 6ms
Test suite progress: tests succeeded: 10, failed: 0, skipped: 0.
Starting test testDelete(org.jclouds.trmk.vcloudexpress.TerremarkVCloudExpressAsyncClientTest)
[pool-1-thread-1] Test testDelete(org.jclouds.trmk.vcloudexpress.TerremarkVCloudExpressAsyncClientTest) succeeded: 7ms
Test suite progress: tests succeeded: 11, failed: 0, skipped: 0.
Starting test testDeleteInternetService(org.jclouds.trmk.vcloudexpress.TerremarkVCloudExpressAsyncClientTest)
[pool-1-thread-1] Test testDeleteInternetService(org.jclouds.trmk.vcloudexpress.TerremarkVCloudExpressAsyncClientTest) succeeded: 5ms
Test suite progress: tests succeeded: 12, failed: 0, skipped: 0.
Starting test testDeleteKeyPair(org.jclouds.trmk.vcloudexpress.TerremarkVCloudExpressAsyncClientTest)
[pool-1-thread-1] Test testDeleteKeyPair(org.jclouds.trmk.vcloudexpress.TerremarkVCloudExpressAsyncClientTest) succeeded: 2ms
Test suite progress: tests succeeded: 13, failed: 0, skipped: 0.
Starting test testDeleteNode(org.jclouds.trmk.vcloudexpress.TerremarkVCloudExpressAsyncClientTest)
[pool-1-thread-1] Test testDeleteNode(org.jclouds.trmk.vcloudexpress.TerremarkVCloudExpressAsyncClientTest) succeeded: 2ms
Test suite progress: tests succeeded: 14, failed: 0, skipped: 0.
Starting test testFindCatalogItemInOrgCatalogNamed(org.jclouds.trmk.vcloudexpress.TerremarkVCloudExpressAsyncClientTest)
[pool-1-thread-1] Test testFindCatalogItemInOrgCatalogNamed(org.jclouds.trmk.vcloudexpress.TerremarkVCloudExpressAsyncClientTest) succeeded: 8ms
Test suite progress: tests succeeded: 15, failed: 0, skipped: 0.
Starting test testGetAllInternetServices(org.jclouds.trmk.vcloudexpress.TerremarkVCloudExpressAsyncClientTest)
[pool-1-thread-1] Test testGetAllInternetServices(org.jclouds.trmk.vcloudexpress.TerremarkVCloudExpressAsyncClientTest) succeeded: 8ms
Test suite progress: tests succeeded: 16, failed: 0, skipped: 0.
Starting test testGetCustomizationOptionsOfCatalogItem(org.jclouds.trmk.vcloudexpress.TerremarkVCloudExpressAsyncClientTest)
[pool-1-thread-1] Test testGetCustomizationOptionsOfCatalogItem(org.jclouds.trmk.vcloudexpress.TerremarkVCloudExpressAsyncClientTest) succeeded: 7ms
Test suite progress: tests succeeded: 17, failed: 0, skipped: 0.
Starting test testGetInternetService(org.jclouds.trmk.vcloudexpress.TerremarkVCloudExpressAsyncClientTest)
[pool-1-thread-1] Test testGetInternetService(org.jclouds.trmk.vcloudexpress.TerremarkVCloudExpressAsyncClientTest) succeeded: 3ms
Test suite progress: tests succeeded: 18, failed: 0, skipped: 0.
Starting test testGetKeyPair(org.jclouds.trmk.vcloudexpress.TerremarkVCloudExpressAsyncClientTest)
[pool-1-thread-1] Test testGetKeyPair(org.jclouds.trmk.vcloudexpress.TerremarkVCloudExpressAsyncClientTest) succeeded: 7ms
Test suite progress: tests succeeded: 19, failed: 0, skipped: 0.
Starting test testGetKeyPairInOrg(org.jclouds.trmk.vcloudexpress.TerremarkVCloudExpressAsyncClientTest)
[pool-1-thread-1] Test testGetKeyPairInOrg(org.jclouds.trmk.vcloudexpress.TerremarkVCloudExpressAsyncClientTest) succeeded: 16ms
Test suite progress: tests succeeded: 20, failed: 0, skipped: 0.
Starting test testGetNode(org.jclouds.trmk.vcloudexpress.TerremarkVCloudExpressAsyncClientTest)
[pool-1-thread-1] Test testGetNode(org.jclouds.trmk.vcloudexpress.TerremarkVCloudExpressAsyncClientTest) succeeded: 2ms
Test suite progress: tests succeeded: 21, failed: 0, skipped: 0.
Starting test testGetNodes(org.jclouds.trmk.vcloudexpress.TerremarkVCloudExpressAsyncClientTest)
[pool-1-thread-1] Test testGetNodes(org.jclouds.trmk.vcloudexpress.TerremarkVCloudExpressAsyncClientTest) succeeded: 7ms
Test suite progress: tests succeeded: 22, failed: 0, skipped: 0.
Starting test testGetVDC(org.jclouds.trmk.vcloudexpress.TerremarkVCloudExpressAsyncClientTest)
[pool-1-thread-1] Test testGetVDC(org.jclouds.trmk.vcloudexpress.TerremarkVCloudExpressAsyncClientTest) succeeded: 7ms
Test suite progress: tests succeeded: 23, failed: 0, skipped: 0.
Starting test testInstantiateVAppTemplateInVDCURI(org.jclouds.trmk.vcloudexpress.TerremarkVCloudExpressAsyncClientTest)
[pool-1-thread-1] Test testInstantiateVAppTemplateInVDCURI(org.jclouds.trmk.vcloudexpress.TerremarkVCloudExpressAsyncClientTest) succeeded: 35ms
Test suite progress: tests succeeded: 24, failed: 0, skipped: 0.
Starting test testInstantiateVAppTemplateInVDCURIOptions(org.jclouds.trmk.vcloudexpress.TerremarkVCloudExpressAsyncClientTest)
[pool-1-thread-1] Test testInstantiateVAppTemplateInVDCURIOptions(org.jclouds.trmk.vcloudexpress.TerremarkVCloudExpressAsyncClientTest) succeeded: 10ms
Test suite progress: tests succeeded: 25, failed: 0, skipped: 0.
Starting test testListKeyPairsInOrg(org.jclouds.trmk.vcloudexpress.TerremarkVCloudExpressAsyncClientTest)
[pool-1-thread-1] Test testListKeyPairsInOrg(org.jclouds.trmk.vcloudexpress.TerremarkVCloudExpressAsyncClientTest) succeeded: 3ms
Test suite progress: tests succeeded: 26, failed: 0, skipped: 0.
Starting test testListKeyPairsInOrgNotFound(org.jclouds.trmk.vcloudexpress.TerremarkVCloudExpressAsyncClientTest)
[pool-1-thread-1] Test testListKeyPairsInOrgNotFound(org.jclouds.trmk.vcloudexpress.TerremarkVCloudExpressAsyncClientTest) succeeded: 1ms
Test suite progress: tests succeeded: 27, failed: 0, skipped: 0.
Starting test testListKeyPairsInOrgNull(org.jclouds.trmk.vcloudexpress.TerremarkVCloudExpressAsyncClientTest)
[pool-1-thread-1] Test testListKeyPairsInOrgNull(org.jclouds.trmk.vcloudexpress.TerremarkVCloudExpressAsyncClientTest) succeeded: 2ms
Test suite progress: tests succeeded: 28, failed: 0, skipped: 0.
Starting test testListOrgs(org.jclouds.trmk.vcloudexpress.TerremarkVCloudExpressAsyncClientTest)
[pool-1-thread-1] Test testListOrgs(org.jclouds.trmk.vcloudexpress.TerremarkVCloudExpressAsyncClientTest) succeeded: 1ms
Test suite progress: tests succeeded: 29, failed: 0, skipped: 0.
Starting test testAllContains(org.jclouds.trmk.vcloudexpress.TerremarkVCloudExpressProviderTest)
Starting test testOfApiContains(org.jclouds.trmk.vcloudexpress.TerremarkVCloudExpressProviderTest)
Starting test testTransformableToContains(org.jclouds.trmk.vcloudexpress.TerremarkVCloudExpressProviderTest)
Starting test testWithId(org.jclouds.trmk.vcloudexpress.TerremarkVCloudExpressProviderTest)
[pool-2-thread-1] Test testAllContains(org.jclouds.trmk.vcloudexpress.TerremarkVCloudExpressProviderTest) succeeded: 3ms
Test suite progress: tests succeeded: 30, failed: 0, skipped: 0.
[pool-2-thread-2] Test testOfApiContains(org.jclouds.trmk.vcloudexpress.TerremarkVCloudExpressProviderTest) succeeded: 3ms
Test suite progress: tests succeeded: 31, failed: 0, skipped: 0.
[pool-2-thread-4] Test testWithId(org.jclouds.trmk.vcloudexpress.TerremarkVCloudExpressProviderTest) succeeded: 4ms
Test suite progress: tests succeeded: 32, failed: 0, skipped: 0.
[pool-2-thread-3] Test testTransformableToContains(org.jclouds.trmk.vcloudexpress.TerremarkVCloudExpressProviderTest) succeeded: 4ms
Test suite progress: tests succeeded: 33, failed: 0, skipped: 0.
Tests run: 33, Failures: 0, Errors: 0, Skipped: 0, Time elapsed: 1.892 sec

Results :

Tests run: 33, Failures: 0, Errors: 0, Skipped: 0

[INFO] 
[INFO] --- maven-bundle-plugin:2.3.7:bundle (default-bundle) @ trmk-vcloudexpress ---
[WARNING] Bundle org.jclouds.provider:trmk-vcloudexpress:bundle:1.6.0-SNAPSHOT : Instructions in Export-Package that are never used: org\.jclouds\.trmk\.ecloud.*
Classpath: Jar:.,Jar:trmk-common,Jar:jclouds-compute,Jar:java-xmlbuilder,Jar:jsr311-api,Jar:guice-assistedinject,Jar:guice,Jar:aopalliance,Jar:rocoto,Jar:javax.inject,Jar:jsr250-api,Jar:gson,Jar:guava,Jar:jclouds-scriptbuilder,Jar:jclouds-core,Jar:clojure,Jar:tools.logging,Jar:core.incubator

[WARNING] Bundle org.jclouds.provider:trmk-vcloudexpress:bundle:1.6.0-SNAPSHOT : Superfluous export-package instructions: [org.jclouds.trmk.ecloud*]
[INFO] 
[INFO] --- maven-jar-plugin:2.4:test-jar (default) @ trmk-vcloudexpress ---
[INFO] Building jar: /private/tmp/jclouds/providers/trmk-vcloudexpress/target/trmk-vcloudexpress-1.6.0-SNAPSHOT-tests.jar
[INFO] 
[INFO] --- maven-surefire-plugin:2.12.4:test (integration) @ trmk-vcloudexpress ---
[INFO] Surefire report directory: /private/tmp/jclouds/providers/trmk-vcloudexpress/target/surefire-reports

-------------------------------------------------------
 T E S T S
-------------------------------------------------------
Running TestSuite
Configuring TestNG with: org.apache.maven.surefire.testng.conf.TestNG652Configurator@68861f24
Starting test testCompareSizes(org.jclouds.trmk.vcloudexpress.compute.TerremarkVCloudExpressComputeServiceLiveTest)
[TestNG] Test testCompareSizes(org.jclouds.trmk.vcloudexpress.compute.TerremarkVCloudExpressComputeServiceLiveTest) succeeded: 13080ms
Test suite progress: tests succeeded: 1, failed: 0, skipped: 0.
Starting test testCorrectExceptionRunningNodesNotFound(org.jclouds.trmk.vcloudexpress.compute.TerremarkVCloudExpressComputeServiceLiveTest)
[TestNG] Test testCorrectExceptionRunningNodesNotFound(org.jclouds.trmk.vcloudexpress.compute.TerremarkVCloudExpressComputeServiceLiveTest) succeeded: 20546ms
Test suite progress: tests succeeded: 2, failed: 0, skipped: 0.
Starting test testGetAssignableLocations(org.jclouds.trmk.vcloudexpress.compute.TerremarkVCloudExpressComputeServiceLiveTest)
[TestNG] Test testGetAssignableLocations(org.jclouds.trmk.vcloudexpress.compute.TerremarkVCloudExpressComputeServiceLiveTest) succeeded: 1ms
Test suite progress: tests succeeded: 3, failed: 0, skipped: 0.
Starting test testImageById(org.jclouds.trmk.vcloudexpress.compute.TerremarkVCloudExpressComputeServiceLiveTest)
[TestNG] Test testImageById(org.jclouds.trmk.vcloudexpress.compute.TerremarkVCloudExpressComputeServiceLiveTest) failed.
Test suite progress: tests succeeded: 3, failed: 1, skipped: 0.
Starting test testImagesCache(org.jclouds.trmk.vcloudexpress.compute.TerremarkVCloudExpressComputeServiceLiveTest)
[TestNG] Test testImagesCache(org.jclouds.trmk.vcloudexpress.compute.TerremarkVCloudExpressComputeServiceLiveTest) succeeded: 0ms
Test suite progress: tests succeeded: 4, failed: 1, skipped: 0.
Starting test testListSizes(org.jclouds.trmk.vcloudexpress.compute.TerremarkVCloudExpressComputeServiceLiveTest)
[TestNG] Test testListSizes(org.jclouds.trmk.vcloudexpress.compute.TerremarkVCloudExpressComputeServiceLiveTest) succeeded: 0ms
Test suite progress: tests succeeded: 5, failed: 1, skipped: 0.
Starting test testOptionToNotBlock(org.jclouds.trmk.vcloudexpress.compute.TerremarkVCloudExpressComputeServiceLiveTest)
[TestNG] Test testOptionToNotBlock(org.jclouds.trmk.vcloudexpress.compute.TerremarkVCloudExpressComputeServiceLiveTest) succeeded: 238897ms
Test suite progress: tests succeeded: 6, failed: 1, skipped: 0.
Starting test setServiceDefaults(org.jclouds.trmk.vcloudexpress.compute.TerremarkVCloudExpressComputeServiceLiveTest)
[TestNG] Test setServiceDefaults(org.jclouds.trmk.vcloudexpress.compute.TerremarkVCloudExpressComputeServiceLiveTest) succeeded: 0ms
Test suite progress: tests succeeded: 7, failed: 1, skipped: 0.
Starting test testDestroyNodes(org.jclouds.trmk.vcloudexpress.compute.TerremarkVCloudExpressComputeServiceLiveTest)
[TestNG] Test testDestroyNodes(org.jclouds.trmk.vcloudexpress.compute.TerremarkVCloudExpressComputeServiceLiveTest) succeeded: 43202ms
Test suite progress: tests succeeded: 8, failed: 1, skipped: 0.
Starting test testListImages(org.jclouds.trmk.vcloudexpress.compute.TerremarkVCloudExpressComputeServiceLiveTest)
[TestNG] Test testListImages(org.jclouds.trmk.vcloudexpress.compute.TerremarkVCloudExpressComputeServiceLiveTest) succeeded: 0ms
Test suite progress: tests succeeded: 9, failed: 1, skipped: 0.
Starting test testListNodes(org.jclouds.trmk.vcloudexpress.compute.TerremarkVCloudExpressComputeServiceLiveTest)
{id=https://services.vcloudexpress.terremark.com/api/v0.8a-ext1.6/vapp/505443, providerId=https://services.vcloudexpress.terremark.com/api/v0.8a-ext1.6/vapp/505443, name=vcx-block-1115, location={scope=ZONE, id=https://services.vcloudexpress.terremark.com/api/v0.8a-ext1.6/vdc/32, description=Miami Environment 1, parent=https://services.vcloudexpress.terremark.com/api/v0.8a-ext1.6/org/48}, processors=[{cores=1.0, speed=1.0}], ram=512, volumes=[{id=0, type=LOCAL, size=4.0, bootDevice=true, durable=true}], hypervisor=VMware, supportsImage=idEquals(https://services.vcloudexpress.terremark.com/api/v0.8a-ext1.6/vapp/505443)}
{id=https://services.vcloudexpress.terremark.com/api/v0.8a-ext1.6/vapp/504347, providerId=https://services.vcloudexpress.terremark.com/api/v0.8a-ext1.6/vapp/504347, name=ddddddddddddddd, location={scope=ZONE, id=https://services.vcloudexpress.terremark.com/api/v0.8a-ext1.6/vdc/32, description=Miami Environment 1, parent=https://services.vcloudexpress.terremark.com/api/v0.8a-ext1.6/org/48}, processors=[{cores=1.0, speed=1.0}], ram=512, volumes=[{id=0, type=LOCAL, size=4.0, bootDevice=true, durable=true}], hypervisor=VMware, supportsImage=idEquals(https://services.vcloudexpress.terremark.com/api/v0.8a-ext1.6/vapp/504347)}
{id=https://services.vcloudexpress.terremark.com/api/v0.8a-ext1.6/vapp/504350, providerId=https://services.vcloudexpress.terremark.com/api/v0.8a-ext1.6/vapp/504350, name=bbbbbbbbbbbbbbb, location={scope=ZONE, id=https://services.vcloudexpress.terremark.com/api/v0.8a-ext1.6/vdc/32, description=Miami Environment 1, parent=https://services.vcloudexpress.terremark.com/api/v0.8a-ext1.6/org/48}, processors=[{cores=1.0, speed=1.0}], ram=512, volumes=[{id=0, type=LOCAL, size=4.0, bootDevice=true, durable=true}], hypervisor=VMware, supportsImage=idEquals(https://services.vcloudexpress.terremark.com/api/v0.8a-ext1.6/vapp/504350)}
[TestNG] Test testListNodes(org.jclouds.trmk.vcloudexpress.compute.TerremarkVCloudExpressComputeServiceLiveTest) succeeded: 20874ms
Test suite progress: tests succeeded: 10, failed: 1, skipped: 0.
Starting test testCreateAndRunAService(org.jclouds.trmk.vcloudexpress.compute.TerremarkVCloudExpressComputeServiceLiveTest)
[TestNG] Test testCreateAndRunAService(org.jclouds.trmk.vcloudexpress.compute.TerremarkVCloudExpressComputeServiceLiveTest) failed.
Test suite progress: tests succeeded: 10, failed: 2, skipped: 0.
Starting test testCorrectAuthException(org.jclouds.trmk.vcloudexpress.compute.TerremarkVCloudExpressComputeServiceLiveTest)
[TestNG] Test testCorrectAuthException(org.jclouds.trmk.vcloudexpress.compute.TerremarkVCloudExpressComputeServiceLiveTest) succeeded: 1190ms
Test suite progress: tests succeeded: 11, failed: 2, skipped: 0.
Starting test testAScriptExecutionAfterBootWithBasicTemplate(org.jclouds.trmk.vcloudexpress.compute.TerremarkVCloudExpressComputeServiceLiveTest)
[TestNG] Test testAScriptExecutionAfterBootWithBasicTemplate(org.jclouds.trmk.vcloudexpress.compute.TerremarkVCloudExpressComputeServiceLiveTest) failed.
Test suite progress: tests succeeded: 11, failed: 3, skipped: 0.
Starting test testConcurrentUseOfComputeServiceToCreateNodes(org.jclouds.trmk.vcloudexpress.compute.TerremarkVCloudExpressComputeServiceLiveTest)
[TestNG] Test testConcurrentUseOfComputeServiceToCreateNodes(org.jclouds.trmk.vcloudexpress.compute.TerremarkVCloudExpressComputeServiceLiveTest) succeeded: 405605ms
Test suite progress: tests succeeded: 12, failed: 3, skipped: 0.
Starting test testTemplateMatch(org.jclouds.trmk.vcloudexpress.compute.TerremarkVCloudExpressComputeServiceLiveTest)
[TestNG] Test testTemplateMatch(org.jclouds.trmk.vcloudexpress.compute.TerremarkVCloudExpressComputeServiceLiveTest) succeeded: 3974ms
Test suite progress: tests succeeded: 13, failed: 3, skipped: 0.
Starting test testCreateTwoNodesWithRunScript(org.jclouds.trmk.vcloudexpress.compute.TerremarkVCloudExpressComputeServiceLiveTest)
[TestNG] Test testCreateTwoNodesWithRunScript(org.jclouds.trmk.vcloudexpress.compute.TerremarkVCloudExpressComputeServiceLiveTest) failed.
Test suite progress: tests succeeded: 13, failed: 4, skipped: 0.
[TestNG] Test testCreateAnotherNodeWithANewContextToEnsureSharedMemIsntRequired(org.jclouds.trmk.vcloudexpress.compute.TerremarkVCloudExpressComputeServiceLiveTest) skipped.
Test suite progress: tests succeeded: 13, failed: 4, skipped: 1.
[TestNG] Test testCredentialsCache(org.jclouds.trmk.vcloudexpress.compute.TerremarkVCloudExpressComputeServiceLiveTest) skipped.
Test suite progress: tests succeeded: 13, failed: 4, skipped: 2.
[TestNG] Test testGet(org.jclouds.trmk.vcloudexpress.compute.TerremarkVCloudExpressComputeServiceLiveTest) skipped.
Test suite progress: tests succeeded: 13, failed: 4, skipped: 3.
[TestNG] Test testReboot(org.jclouds.trmk.vcloudexpress.compute.TerremarkVCloudExpressComputeServiceLiveTest) skipped.
Test suite progress: tests succeeded: 13, failed: 4, skipped: 4.
[TestNG] Test testSuspendResume(org.jclouds.trmk.vcloudexpress.compute.TerremarkVCloudExpressComputeServiceLiveTest) skipped.
Test suite progress: tests succeeded: 13, failed: 4, skipped: 5.
[TestNG] Test testGetNodesWithDetails(org.jclouds.trmk.vcloudexpress.compute.TerremarkVCloudExpressComputeServiceLiveTest) skipped.
Test suite progress: tests succeeded: 13, failed: 4, skipped: 6.
[TestNG] Test testListNodesByIds(org.jclouds.trmk.vcloudexpress.compute.TerremarkVCloudExpressComputeServiceLiveTest) skipped.
Test suite progress: tests succeeded: 13, failed: 4, skipped: 7.
Starting test testCompareSizes(org.jclouds.trmk.vcloudexpress.compute.TerremarkVCloudExpressTemplateBuilderLiveTest)
smallest {id=cpu=1,ram=512,disk=10, providerId=cpu=1,ram=512,disk=10, processors=[{cores=1.0, speed=1.0}], ram=512, volumes=[{type=LOCAL, size=10.0, bootDevice=true, durable=true}], hypervisor=VMware, supportsImage=ALWAYS_TRUE}
fastest {id=cpu=8,ram=512,disk=10, providerId=cpu=8,ram=512,disk=10, processors=[{cores=8.0, speed=1.0}], ram=512, volumes=[{type=LOCAL, size=10.0, bootDevice=true, durable=true}], hypervisor=VMware, supportsImage=ALWAYS_TRUE}
biggest {id=cpu=8,ram=16384,disk=10, providerId=cpu=8,ram=16384,disk=10, processors=[{cores=8.0, speed=1.0}], ram=16384, volumes=[{type=LOCAL, size=10.0, bootDevice=true, durable=true}], hypervisor=VMware, supportsImage=ALWAYS_TRUE}
[TestNG] Test testCompareSizes(org.jclouds.trmk.vcloudexpress.compute.TerremarkVCloudExpressTemplateBuilderLiveTest) succeeded: 5309ms
Test suite progress: tests succeeded: 14, failed: 4, skipped: 7.
Starting test testFromTemplate(org.jclouds.trmk.vcloudexpress.compute.TerremarkVCloudExpressTemplateBuilderLiveTest)
[TestNG] Test testFromTemplate(org.jclouds.trmk.vcloudexpress.compute.TerremarkVCloudExpressTemplateBuilderLiveTest) succeeded: 17ms
Test suite progress: tests succeeded: 15, failed: 4, skipped: 7.
Starting test testGetAssignableLocations(org.jclouds.trmk.vcloudexpress.compute.TerremarkVCloudExpressTemplateBuilderLiveTest)
[TestNG] Test testGetAssignableLocations(org.jclouds.trmk.vcloudexpress.compute.TerremarkVCloudExpressTemplateBuilderLiveTest) succeeded: 0ms
Test suite progress: tests succeeded: 16, failed: 4, skipped: 7.
Starting test testTemplateBuilderCanFind(org.jclouds.trmk.vcloudexpress.compute.TerremarkVCloudExpressTemplateBuilderLiveTest)
[TestNG] Test testTemplateBuilderCanFind(org.jclouds.trmk.vcloudexpress.compute.TerremarkVCloudExpressTemplateBuilderLiveTest) succeeded: 5ms
Test suite progress: tests succeeded: 17, failed: 4, skipped: 7.
Starting test testTemplateBuilderCanFind(org.jclouds.trmk.vcloudexpress.compute.TerremarkVCloudExpressTemplateBuilderLiveTest)
[TestNG] Test testTemplateBuilderCanFind(org.jclouds.trmk.vcloudexpress.compute.TerremarkVCloudExpressTemplateBuilderLiveTest) succeeded: 7ms
Test suite progress: tests succeeded: 18, failed: 4, skipped: 7.
Starting test testTemplateBuilderCanFind(org.jclouds.trmk.vcloudexpress.compute.TerremarkVCloudExpressTemplateBuilderLiveTest)
[TestNG] Test testTemplateBuilderCanFind(org.jclouds.trmk.vcloudexpress.compute.TerremarkVCloudExpressTemplateBuilderLiveTest) succeeded: 2ms
Test suite progress: tests succeeded: 19, failed: 4, skipped: 7.
Starting test testTemplateBuilderCanFind(org.jclouds.trmk.vcloudexpress.compute.TerremarkVCloudExpressTemplateBuilderLiveTest)
[TestNG] Test testTemplateBuilderCanFind(org.jclouds.trmk.vcloudexpress.compute.TerremarkVCloudExpressTemplateBuilderLiveTest) succeeded: 1ms
Test suite progress: tests succeeded: 20, failed: 4, skipped: 7.
Starting test testTemplateBuilderCanFind(org.jclouds.trmk.vcloudexpress.compute.TerremarkVCloudExpressTemplateBuilderLiveTest)
[TestNG] Test testTemplateBuilderCanFind(org.jclouds.trmk.vcloudexpress.compute.TerremarkVCloudExpressTemplateBuilderLiveTest) succeeded: 8ms
Test suite progress: tests succeeded: 21, failed: 4, skipped: 7.
Starting test testTemplateBuilderCanFind(org.jclouds.trmk.vcloudexpress.compute.TerremarkVCloudExpressTemplateBuilderLiveTest)
[TestNG] Test testTemplateBuilderCanFind(org.jclouds.trmk.vcloudexpress.compute.TerremarkVCloudExpressTemplateBuilderLiveTest) succeeded: 3ms
Test suite progress: tests succeeded: 22, failed: 4, skipped: 7.
Starting test testTemplateBuilderCanFind(org.jclouds.trmk.vcloudexpress.compute.TerremarkVCloudExpressTemplateBuilderLiveTest)
[TestNG] Test testTemplateBuilderCanFind(org.jclouds.trmk.vcloudexpress.compute.TerremarkVCloudExpressTemplateBuilderLiveTest) succeeded: 2ms
Test suite progress: tests succeeded: 23, failed: 4, skipped: 7.
Starting test testTemplateBuilderCanFind(org.jclouds.trmk.vcloudexpress.compute.TerremarkVCloudExpressTemplateBuilderLiveTest)
[TestNG] Test testTemplateBuilderCanFind(org.jclouds.trmk.vcloudexpress.compute.TerremarkVCloudExpressTemplateBuilderLiveTest) succeeded: 2ms
Test suite progress: tests succeeded: 24, failed: 4, skipped: 7.
Starting test testTemplateBuilderCanFind(org.jclouds.trmk.vcloudexpress.compute.TerremarkVCloudExpressTemplateBuilderLiveTest)
[TestNG] Test testTemplateBuilderCanFind(org.jclouds.trmk.vcloudexpress.compute.TerremarkVCloudExpressTemplateBuilderLiveTest) succeeded: 2ms
Test suite progress: tests succeeded: 25, failed: 4, skipped: 7.
Starting test testTemplateBuilderCanFind(org.jclouds.trmk.vcloudexpress.compute.TerremarkVCloudExpressTemplateBuilderLiveTest)
[TestNG] Test testTemplateBuilderCanFind(org.jclouds.trmk.vcloudexpress.compute.TerremarkVCloudExpressTemplateBuilderLiveTest) succeeded: 4ms
Test suite progress: tests succeeded: 26, failed: 4, skipped: 7.
Starting test testTemplateBuilderCanFind(org.jclouds.trmk.vcloudexpress.compute.TerremarkVCloudExpressTemplateBuilderLiveTest)
[TestNG] Test testTemplateBuilderCanFind(org.jclouds.trmk.vcloudexpress.compute.TerremarkVCloudExpressTemplateBuilderLiveTest) succeeded: 3ms
Test suite progress: tests succeeded: 27, failed: 4, skipped: 7.
Starting test testTemplateBuilderCanFind(org.jclouds.trmk.vcloudexpress.compute.TerremarkVCloudExpressTemplateBuilderLiveTest)
[TestNG] Test testTemplateBuilderCanFind(org.jclouds.trmk.vcloudexpress.compute.TerremarkVCloudExpressTemplateBuilderLiveTest) succeeded: 2ms
Test suite progress: tests succeeded: 28, failed: 4, skipped: 7.
Starting test testTemplateBuilderCanFind(org.jclouds.trmk.vcloudexpress.compute.TerremarkVCloudExpressTemplateBuilderLiveTest)
[TestNG] Test testTemplateBuilderCanFind(org.jclouds.trmk.vcloudexpress.compute.TerremarkVCloudExpressTemplateBuilderLiveTest) succeeded: 5ms
Test suite progress: tests succeeded: 29, failed: 4, skipped: 7.
Starting test testTemplateBuilderCanFind(org.jclouds.trmk.vcloudexpress.compute.TerremarkVCloudExpressTemplateBuilderLiveTest)
[TestNG] Test testTemplateBuilderCanFind(org.jclouds.trmk.vcloudexpress.compute.TerremarkVCloudExpressTemplateBuilderLiveTest) succeeded: 1ms
Test suite progress: tests succeeded: 30, failed: 4, skipped: 7.
Starting test testTemplateBuilderCanFind(org.jclouds.trmk.vcloudexpress.compute.TerremarkVCloudExpressTemplateBuilderLiveTest)
[TestNG] Test testTemplateBuilderCanFind(org.jclouds.trmk.vcloudexpress.compute.TerremarkVCloudExpressTemplateBuilderLiveTest) succeeded: 4ms
Test suite progress: tests succeeded: 31, failed: 4, skipped: 7.
Starting test testTemplateBuilderCanFind(org.jclouds.trmk.vcloudexpress.compute.TerremarkVCloudExpressTemplateBuilderLiveTest)
[TestNG] Test testTemplateBuilderCanFind(org.jclouds.trmk.vcloudexpress.compute.TerremarkVCloudExpressTemplateBuilderLiveTest) succeeded: 2ms
Test suite progress: tests succeeded: 32, failed: 4, skipped: 7.
Starting test testTemplateBuilderCanFind(org.jclouds.trmk.vcloudexpress.compute.TerremarkVCloudExpressTemplateBuilderLiveTest)
[TestNG] Test testTemplateBuilderCanFind(org.jclouds.trmk.vcloudexpress.compute.TerremarkVCloudExpressTemplateBuilderLiveTest) succeeded: 3ms
Test suite progress: tests succeeded: 33, failed: 4, skipped: 7.
Starting test testTemplateBuilderCanFind(org.jclouds.trmk.vcloudexpress.compute.TerremarkVCloudExpressTemplateBuilderLiveTest)
[TestNG] Test testTemplateBuilderCanFind(org.jclouds.trmk.vcloudexpress.compute.TerremarkVCloudExpressTemplateBuilderLiveTest) succeeded: 2ms
Test suite progress: tests succeeded: 34, failed: 4, skipped: 7.
Starting test testTemplateBuilderCanFind(org.jclouds.trmk.vcloudexpress.compute.TerremarkVCloudExpressTemplateBuilderLiveTest)
[TestNG] Test testTemplateBuilderCanFind(org.jclouds.trmk.vcloudexpress.compute.TerremarkVCloudExpressTemplateBuilderLiveTest) succeeded: 2ms
Test suite progress: tests succeeded: 35, failed: 4, skipped: 7.
Starting test testTemplateBuilderCanFind(org.jclouds.trmk.vcloudexpress.compute.TerremarkVCloudExpressTemplateBuilderLiveTest)
[TestNG] Test testTemplateBuilderCanFind(org.jclouds.trmk.vcloudexpress.compute.TerremarkVCloudExpressTemplateBuilderLiveTest) succeeded: 2ms
Test suite progress: tests succeeded: 36, failed: 4, skipped: 7.
Starting test testTemplateBuilderCanUseImageId(org.jclouds.trmk.vcloudexpress.compute.TerremarkVCloudExpressTemplateBuilderLiveTest)
[TestNG] Test testTemplateBuilderCanUseImageId(org.jclouds.trmk.vcloudexpress.compute.TerremarkVCloudExpressTemplateBuilderLiveTest) succeeded: 5950ms
Test suite progress: tests succeeded: 37, failed: 4, skipped: 7.
Starting test testTemplateBuilderCannotFind(org.jclouds.trmk.vcloudexpress.compute.TerremarkVCloudExpressTemplateBuilderLiveTest)
[TestNG] Test testTemplateBuilderCannotFind(org.jclouds.trmk.vcloudexpress.compute.TerremarkVCloudExpressTemplateBuilderLiveTest) succeeded: 4ms
Test suite progress: tests succeeded: 38, failed: 4, skipped: 7.
Starting test testTemplateBuilderCannotFind(org.jclouds.trmk.vcloudexpress.compute.TerremarkVCloudExpressTemplateBuilderLiveTest)
[TestNG] Test testTemplateBuilderCannotFind(org.jclouds.trmk.vcloudexpress.compute.TerremarkVCloudExpressTemplateBuilderLiveTest) succeeded: 1ms
Test suite progress: tests succeeded: 39, failed: 4, skipped: 7.
Starting test testTemplateBuilderCannotFind(org.jclouds.trmk.vcloudexpress.compute.TerremarkVCloudExpressTemplateBuilderLiveTest)
[TestNG] Test testTemplateBuilderCannotFind(org.jclouds.trmk.vcloudexpress.compute.TerremarkVCloudExpressTemplateBuilderLiveTest) succeeded: 0ms
Test suite progress: tests succeeded: 40, failed: 4, skipped: 7.
Starting test testTemplateBuilderCannotFind(org.jclouds.trmk.vcloudexpress.compute.TerremarkVCloudExpressTemplateBuilderLiveTest)
[TestNG] Test testTemplateBuilderCannotFind(org.jclouds.trmk.vcloudexpress.compute.TerremarkVCloudExpressTemplateBuilderLiveTest) succeeded: 1ms
Test suite progress: tests succeeded: 41, failed: 4, skipped: 7.
Starting test testTemplateBuilderCannotFind(org.jclouds.trmk.vcloudexpress.compute.TerremarkVCloudExpressTemplateBuilderLiveTest)
[TestNG] Test testTemplateBuilderCannotFind(org.jclouds.trmk.vcloudexpress.compute.TerremarkVCloudExpressTemplateBuilderLiveTest) succeeded: 0ms
Test suite progress: tests succeeded: 42, failed: 4, skipped: 7.
Starting test testTemplateBuilderCannotFind(org.jclouds.trmk.vcloudexpress.compute.TerremarkVCloudExpressTemplateBuilderLiveTest)
[TestNG] Test testTemplateBuilderCannotFind(org.jclouds.trmk.vcloudexpress.compute.TerremarkVCloudExpressTemplateBuilderLiveTest) succeeded: 1ms
Test suite progress: tests succeeded: 43, failed: 4, skipped: 7.
Starting test testTemplateBuilderCannotFind(org.jclouds.trmk.vcloudexpress.compute.TerremarkVCloudExpressTemplateBuilderLiveTest)
[TestNG] Test testTemplateBuilderCannotFind(org.jclouds.trmk.vcloudexpress.compute.TerremarkVCloudExpressTemplateBuilderLiveTest) succeeded: 0ms
Test suite progress: tests succeeded: 44, failed: 4, skipped: 7.
Starting test testTemplateBuilderCannotFind(org.jclouds.trmk.vcloudexpress.compute.TerremarkVCloudExpressTemplateBuilderLiveTest)
[TestNG] Test testTemplateBuilderCannotFind(org.jclouds.trmk.vcloudexpress.compute.TerremarkVCloudExpressTemplateBuilderLiveTest) succeeded: 0ms
Test suite progress: tests succeeded: 45, failed: 4, skipped: 7.
Starting test testTemplateBuilderCannotFind(org.jclouds.trmk.vcloudexpress.compute.TerremarkVCloudExpressTemplateBuilderLiveTest)
[TestNG] Test testTemplateBuilderCannotFind(org.jclouds.trmk.vcloudexpress.compute.TerremarkVCloudExpressTemplateBuilderLiveTest) succeeded: 1ms
Test suite progress: tests succeeded: 46, failed: 4, skipped: 7.
Starting test testTemplateBuilderCannotFind(org.jclouds.trmk.vcloudexpress.compute.TerremarkVCloudExpressTemplateBuilderLiveTest)
[TestNG] Test testTemplateBuilderCannotFind(org.jclouds.trmk.vcloudexpress.compute.TerremarkVCloudExpressTemplateBuilderLiveTest) succeeded: 0ms
Test suite progress: tests succeeded: 47, failed: 4, skipped: 7.
Starting test testTemplateBuilderCannotFind(org.jclouds.trmk.vcloudexpress.compute.TerremarkVCloudExpressTemplateBuilderLiveTest)
[TestNG] Test testTemplateBuilderCannotFind(org.jclouds.trmk.vcloudexpress.compute.TerremarkVCloudExpressTemplateBuilderLiveTest) succeeded: 1ms
Test suite progress: tests succeeded: 48, failed: 4, skipped: 7.
Starting test testTemplateBuilderCannotFind(org.jclouds.trmk.vcloudexpress.compute.TerremarkVCloudExpressTemplateBuilderLiveTest)
[TestNG] Test testTemplateBuilderCannotFind(org.jclouds.trmk.vcloudexpress.compute.TerremarkVCloudExpressTemplateBuilderLiveTest) succeeded: 0ms
Test suite progress: tests succeeded: 49, failed: 4, skipped: 7.
Starting test testTemplateBuilderCannotFind(org.jclouds.trmk.vcloudexpress.compute.TerremarkVCloudExpressTemplateBuilderLiveTest)
[TestNG] Test testTemplateBuilderCannotFind(org.jclouds.trmk.vcloudexpress.compute.TerremarkVCloudExpressTemplateBuilderLiveTest) succeeded: 1ms
Test suite progress: tests succeeded: 50, failed: 4, skipped: 7.
Starting test testTemplateBuilderCannotFind(org.jclouds.trmk.vcloudexpress.compute.TerremarkVCloudExpressTemplateBuilderLiveTest)
[TestNG] Test testTemplateBuilderCannotFind(org.jclouds.trmk.vcloudexpress.compute.TerremarkVCloudExpressTemplateBuilderLiveTest) succeeded: 0ms
Test suite progress: tests succeeded: 51, failed: 4, skipped: 7.
Starting test testTemplateBuilderCannotFind(org.jclouds.trmk.vcloudexpress.compute.TerremarkVCloudExpressTemplateBuilderLiveTest)
[TestNG] Test testTemplateBuilderCannotFind(org.jclouds.trmk.vcloudexpress.compute.TerremarkVCloudExpressTemplateBuilderLiveTest) succeeded: 0ms
Test suite progress: tests succeeded: 52, failed: 4, skipped: 7.
Starting test testTemplateBuilderCannotFind(org.jclouds.trmk.vcloudexpress.compute.TerremarkVCloudExpressTemplateBuilderLiveTest)
[TestNG] Test testTemplateBuilderCannotFind(org.jclouds.trmk.vcloudexpress.compute.TerremarkVCloudExpressTemplateBuilderLiveTest) succeeded: 1ms
Test suite progress: tests succeeded: 53, failed: 4, skipped: 7.
Starting test testTemplateBuilderCannotFind(org.jclouds.trmk.vcloudexpress.compute.TerremarkVCloudExpressTemplateBuilderLiveTest)
[TestNG] Test testTemplateBuilderCannotFind(org.jclouds.trmk.vcloudexpress.compute.TerremarkVCloudExpressTemplateBuilderLiveTest) succeeded: 1ms
Test suite progress: tests succeeded: 54, failed: 4, skipped: 7.
Starting test testTemplateBuilderCannotFind(org.jclouds.trmk.vcloudexpress.compute.TerremarkVCloudExpressTemplateBuilderLiveTest)
[TestNG] Test testTemplateBuilderCannotFind(org.jclouds.trmk.vcloudexpress.compute.TerremarkVCloudExpressTemplateBuilderLiveTest) succeeded: 0ms
Test suite progress: tests succeeded: 55, failed: 4, skipped: 7.
Starting test testTemplateBuilderCannotFind(org.jclouds.trmk.vcloudexpress.compute.TerremarkVCloudExpressTemplateBuilderLiveTest)
[TestNG] Test testTemplateBuilderCannotFind(org.jclouds.trmk.vcloudexpress.compute.TerremarkVCloudExpressTemplateBuilderLiveTest) succeeded: 1ms
Test suite progress: tests succeeded: 56, failed: 4, skipped: 7.
Starting test testTemplateBuilderCannotFind(org.jclouds.trmk.vcloudexpress.compute.TerremarkVCloudExpressTemplateBuilderLiveTest)
[TestNG] Test testTemplateBuilderCannotFind(org.jclouds.trmk.vcloudexpress.compute.TerremarkVCloudExpressTemplateBuilderLiveTest) succeeded: 0ms
Test suite progress: tests succeeded: 57, failed: 4, skipped: 7.
Starting test testTemplateBuilderCannotFind(org.jclouds.trmk.vcloudexpress.compute.TerremarkVCloudExpressTemplateBuilderLiveTest)
[TestNG] Test testTemplateBuilderCannotFind(org.jclouds.trmk.vcloudexpress.compute.TerremarkVCloudExpressTemplateBuilderLiveTest) succeeded: 1ms
Test suite progress: tests succeeded: 58, failed: 4, skipped: 7.
Starting test testTemplateBuilderCannotFind(org.jclouds.trmk.vcloudexpress.compute.TerremarkVCloudExpressTemplateBuilderLiveTest)
[TestNG] Test testTemplateBuilderCannotFind(org.jclouds.trmk.vcloudexpress.compute.TerremarkVCloudExpressTemplateBuilderLiveTest) succeeded: 0ms
Test suite progress: tests succeeded: 59, failed: 4, skipped: 7.
Starting test testTemplateBuilderCannotFind(org.jclouds.trmk.vcloudexpress.compute.TerremarkVCloudExpressTemplateBuilderLiveTest)
[TestNG] Test testTemplateBuilderCannotFind(org.jclouds.trmk.vcloudexpress.compute.TerremarkVCloudExpressTemplateBuilderLiveTest) succeeded: 1ms
Test suite progress: tests succeeded: 60, failed: 4, skipped: 7.
Starting test testTemplateBuilderCannotFind(org.jclouds.trmk.vcloudexpress.compute.TerremarkVCloudExpressTemplateBuilderLiveTest)
[TestNG] Test testTemplateBuilderCannotFind(org.jclouds.trmk.vcloudexpress.compute.TerremarkVCloudExpressTemplateBuilderLiveTest) succeeded: 0ms
Test suite progress: tests succeeded: 61, failed: 4, skipped: 7.
Starting test testTemplateBuilderCannotFind(org.jclouds.trmk.vcloudexpress.compute.TerremarkVCloudExpressTemplateBuilderLiveTest)
[TestNG] Test testTemplateBuilderCannotFind(org.jclouds.trmk.vcloudexpress.compute.TerremarkVCloudExpressTemplateBuilderLiveTest) succeeded: 1ms
Test suite progress: tests succeeded: 62, failed: 4, skipped: 7.
Starting test testTemplateBuilderCannotFind(org.jclouds.trmk.vcloudexpress.compute.TerremarkVCloudExpressTemplateBuilderLiveTest)
[TestNG] Test testTemplateBuilderCannotFind(org.jclouds.trmk.vcloudexpress.compute.TerremarkVCloudExpressTemplateBuilderLiveTest) succeeded: 0ms
Test suite progress: tests succeeded: 63, failed: 4, skipped: 7.
Starting test testTemplateBuilderCannotFind(org.jclouds.trmk.vcloudexpress.compute.TerremarkVCloudExpressTemplateBuilderLiveTest)
[TestNG] Test testTemplateBuilderCannotFind(org.jclouds.trmk.vcloudexpress.compute.TerremarkVCloudExpressTemplateBuilderLiveTest) succeeded: 1ms
Test suite progress: tests succeeded: 64, failed: 4, skipped: 7.
Starting test testTemplateBuilderCannotFind(org.jclouds.trmk.vcloudexpress.compute.TerremarkVCloudExpressTemplateBuilderLiveTest)
[TestNG] Test testTemplateBuilderCannotFind(org.jclouds.trmk.vcloudexpress.compute.TerremarkVCloudExpressTemplateBuilderLiveTest) succeeded: 0ms
Test suite progress: tests succeeded: 65, failed: 4, skipped: 7.
Starting test testTemplateBuilderCannotFind(org.jclouds.trmk.vcloudexpress.compute.TerremarkVCloudExpressTemplateBuilderLiveTest)
[TestNG] Test testTemplateBuilderCannotFind(org.jclouds.trmk.vcloudexpress.compute.TerremarkVCloudExpressTemplateBuilderLiveTest) succeeded: 0ms
Test suite progress: tests succeeded: 66, failed: 4, skipped: 7.
Starting test testTemplateBuilderCannotFind(org.jclouds.trmk.vcloudexpress.compute.TerremarkVCloudExpressTemplateBuilderLiveTest)
[TestNG] Test testTemplateBuilderCannotFind(org.jclouds.trmk.vcloudexpress.compute.TerremarkVCloudExpressTemplateBuilderLiveTest) succeeded: 1ms
Test suite progress: tests succeeded: 67, failed: 4, skipped: 7.
Starting test testTemplateBuilderCannotFind(org.jclouds.trmk.vcloudexpress.compute.TerremarkVCloudExpressTemplateBuilderLiveTest)
[TestNG] Test testTemplateBuilderCannotFind(org.jclouds.trmk.vcloudexpress.compute.TerremarkVCloudExpressTemplateBuilderLiveTest) succeeded: 0ms
Test suite progress: tests succeeded: 68, failed: 4, skipped: 7.
Starting test testTemplateBuilderCannotFind(org.jclouds.trmk.vcloudexpress.compute.TerremarkVCloudExpressTemplateBuilderLiveTest)
[TestNG] Test testTemplateBuilderCannotFind(org.jclouds.trmk.vcloudexpress.compute.TerremarkVCloudExpressTemplateBuilderLiveTest) succeeded: 1ms
Test suite progress: tests succeeded: 69, failed: 4, skipped: 7.
Starting test testTemplateBuilderCannotFind(org.jclouds.trmk.vcloudexpress.compute.TerremarkVCloudExpressTemplateBuilderLiveTest)
[TestNG] Test testTemplateBuilderCannotFind(org.jclouds.trmk.vcloudexpress.compute.TerremarkVCloudExpressTemplateBuilderLiveTest) succeeded: 1ms
Test suite progress: tests succeeded: 70, failed: 4, skipped: 7.
Starting test testTemplateBuilderCannotFind(org.jclouds.trmk.vcloudexpress.compute.TerremarkVCloudExpressTemplateBuilderLiveTest)
[TestNG] Test testTemplateBuilderCannotFind(org.jclouds.trmk.vcloudexpress.compute.TerremarkVCloudExpressTemplateBuilderLiveTest) succeeded: 0ms
Test suite progress: tests succeeded: 71, failed: 4, skipped: 7.
Starting test testTemplateBuilderCannotFind(org.jclouds.trmk.vcloudexpress.compute.TerremarkVCloudExpressTemplateBuilderLiveTest)
[TestNG] Test testTemplateBuilderCannotFind(org.jclouds.trmk.vcloudexpress.compute.TerremarkVCloudExpressTemplateBuilderLiveTest) succeeded: 1ms
Test suite progress: tests succeeded: 72, failed: 4, skipped: 7.
Starting test testTemplateBuilderCannotFind(org.jclouds.trmk.vcloudexpress.compute.TerremarkVCloudExpressTemplateBuilderLiveTest)
[TestNG] Test testTemplateBuilderCannotFind(org.jclouds.trmk.vcloudexpress.compute.TerremarkVCloudExpressTemplateBuilderLiveTest) succeeded: 0ms
Test suite progress: tests succeeded: 73, failed: 4, skipped: 7.
Starting test testTemplateBuilderCannotFind(org.jclouds.trmk.vcloudexpress.compute.TerremarkVCloudExpressTemplateBuilderLiveTest)
[TestNG] Test testTemplateBuilderCannotFind(org.jclouds.trmk.vcloudexpress.compute.TerremarkVCloudExpressTemplateBuilderLiveTest) succeeded: 1ms
Test suite progress: tests succeeded: 74, failed: 4, skipped: 7.
Starting test testTemplateBuilderCannotFind(org.jclouds.trmk.vcloudexpress.compute.TerremarkVCloudExpressTemplateBuilderLiveTest)
[TestNG] Test testTemplateBuilderCannotFind(org.jclouds.trmk.vcloudexpress.compute.TerremarkVCloudExpressTemplateBuilderLiveTest) succeeded: 0ms
Test suite progress: tests succeeded: 75, failed: 4, skipped: 7.
Starting test testTemplateBuilderCannotFind(org.jclouds.trmk.vcloudexpress.compute.TerremarkVCloudExpressTemplateBuilderLiveTest)
[TestNG] Test testTemplateBuilderCannotFind(org.jclouds.trmk.vcloudexpress.compute.TerremarkVCloudExpressTemplateBuilderLiveTest) succeeded: 1ms
Test suite progress: tests succeeded: 76, failed: 4, skipped: 7.
Starting test testTemplateBuilderCannotFind(org.jclouds.trmk.vcloudexpress.compute.TerremarkVCloudExpressTemplateBuilderLiveTest)
[TestNG] Test testTemplateBuilderCannotFind(org.jclouds.trmk.vcloudexpress.compute.TerremarkVCloudExpressTemplateBuilderLiveTest) succeeded: 0ms
Test suite progress: tests succeeded: 77, failed: 4, skipped: 7.
Starting test testTemplateBuilderCannotFind(org.jclouds.trmk.vcloudexpress.compute.TerremarkVCloudExpressTemplateBuilderLiveTest)
[TestNG] Test testTemplateBuilderCannotFind(org.jclouds.trmk.vcloudexpress.compute.TerremarkVCloudExpressTemplateBuilderLiveTest) succeeded: 1ms
Test suite progress: tests succeeded: 78, failed: 4, skipped: 7.
Starting test testTemplateBuilderCannotFind(org.jclouds.trmk.vcloudexpress.compute.TerremarkVCloudExpressTemplateBuilderLiveTest)
[TestNG] Test testTemplateBuilderCannotFind(org.jclouds.trmk.vcloudexpress.compute.TerremarkVCloudExpressTemplateBuilderLiveTest) succeeded: 0ms
Test suite progress: tests succeeded: 79, failed: 4, skipped: 7.
Starting test testTemplateBuilderCannotFind(org.jclouds.trmk.vcloudexpress.compute.TerremarkVCloudExpressTemplateBuilderLiveTest)
[TestNG] Test testTemplateBuilderCannotFind(org.jclouds.trmk.vcloudexpress.compute.TerremarkVCloudExpressTemplateBuilderLiveTest) succeeded: 1ms
Test suite progress: tests succeeded: 80, failed: 4, skipped: 7.
Starting test testTemplateBuilderCannotFind(org.jclouds.trmk.vcloudexpress.compute.TerremarkVCloudExpressTemplateBuilderLiveTest)
[TestNG] Test testTemplateBuilderCannotFind(org.jclouds.trmk.vcloudexpress.compute.TerremarkVCloudExpressTemplateBuilderLiveTest) succeeded: 0ms
Test suite progress: tests succeeded: 81, failed: 4, skipped: 7.
Starting test testTemplateBuilderCannotFind(org.jclouds.trmk.vcloudexpress.compute.TerremarkVCloudExpressTemplateBuilderLiveTest)
[TestNG] Test testTemplateBuilderCannotFind(org.jclouds.trmk.vcloudexpress.compute.TerremarkVCloudExpressTemplateBuilderLiveTest) succeeded: 1ms
Test suite progress: tests succeeded: 82, failed: 4, skipped: 7.
Starting test testTemplateBuilderCannotFind(org.jclouds.trmk.vcloudexpress.compute.TerremarkVCloudExpressTemplateBuilderLiveTest)
[TestNG] Test testTemplateBuilderCannotFind(org.jclouds.trmk.vcloudexpress.compute.TerremarkVCloudExpressTemplateBuilderLiveTest) succeeded: 0ms
Test suite progress: tests succeeded: 83, failed: 4, skipped: 7.
Starting test testTemplateBuilderCannotFind(org.jclouds.trmk.vcloudexpress.compute.TerremarkVCloudExpressTemplateBuilderLiveTest)
[TestNG] Test testTemplateBuilderCannotFind(org.jclouds.trmk.vcloudexpress.compute.TerremarkVCloudExpressTemplateBuilderLiveTest) succeeded: 1ms
Test suite progress: tests succeeded: 84, failed: 4, skipped: 7.
Starting test testTemplateBuilderCannotFind(org.jclouds.trmk.vcloudexpress.compute.TerremarkVCloudExpressTemplateBuilderLiveTest)
[TestNG] Test testTemplateBuilderCannotFind(org.jclouds.trmk.vcloudexpress.compute.TerremarkVCloudExpressTemplateBuilderLiveTest) succeeded: 0ms
Test suite progress: tests succeeded: 85, failed: 4, skipped: 7.
Starting test testTemplateBuilderCannotFind(org.jclouds.trmk.vcloudexpress.compute.TerremarkVCloudExpressTemplateBuilderLiveTest)
[TestNG] Test testTemplateBuilderCannotFind(org.jclouds.trmk.vcloudexpress.compute.TerremarkVCloudExpressTemplateBuilderLiveTest) succeeded: 1ms
Test suite progress: tests succeeded: 86, failed: 4, skipped: 7.
Starting test testTemplateBuilderCannotFind(org.jclouds.trmk.vcloudexpress.compute.TerremarkVCloudExpressTemplateBuilderLiveTest)
[TestNG] Test testTemplateBuilderCannotFind(org.jclouds.trmk.vcloudexpress.compute.TerremarkVCloudExpressTemplateBuilderLiveTest) succeeded: 0ms
Test suite progress: tests succeeded: 87, failed: 4, skipped: 7.
Starting test testTemplateBuilderCannotFind(org.jclouds.trmk.vcloudexpress.compute.TerremarkVCloudExpressTemplateBuilderLiveTest)
[TestNG] Test testTemplateBuilderCannotFind(org.jclouds.trmk.vcloudexpress.compute.TerremarkVCloudExpressTemplateBuilderLiveTest) succeeded: 1ms
Test suite progress: tests succeeded: 88, failed: 4, skipped: 7.
Starting test testTemplateBuilderCannotFind(org.jclouds.trmk.vcloudexpress.compute.TerremarkVCloudExpressTemplateBuilderLiveTest)
[TestNG] Test testTemplateBuilderCannotFind(org.jclouds.trmk.vcloudexpress.compute.TerremarkVCloudExpressTemplateBuilderLiveTest) succeeded: 0ms
Test suite progress: tests succeeded: 89, failed: 4, skipped: 7.
Starting test testTemplateBuilderCannotFind(org.jclouds.trmk.vcloudexpress.compute.TerremarkVCloudExpressTemplateBuilderLiveTest)
[TestNG] Test testTemplateBuilderCannotFind(org.jclouds.trmk.vcloudexpress.compute.TerremarkVCloudExpressTemplateBuilderLiveTest) succeeded: 1ms
Test suite progress: tests succeeded: 90, failed: 4, skipped: 7.
Starting test testTemplateBuilderCannotFind(org.jclouds.trmk.vcloudexpress.compute.TerremarkVCloudExpressTemplateBuilderLiveTest)
[TestNG] Test testTemplateBuilderCannotFind(org.jclouds.trmk.vcloudexpress.compute.TerremarkVCloudExpressTemplateBuilderLiveTest) succeeded: 0ms
Test suite progress: tests succeeded: 91, failed: 4, skipped: 7.
Starting test testTemplateBuilderCannotFind(org.jclouds.trmk.vcloudexpress.compute.TerremarkVCloudExpressTemplateBuilderLiveTest)
[TestNG] Test testTemplateBuilderCannotFind(org.jclouds.trmk.vcloudexpress.compute.TerremarkVCloudExpressTemplateBuilderLiveTest) succeeded: 1ms
Test suite progress: tests succeeded: 92, failed: 4, skipped: 7.
Starting test testTemplateBuilderCannotFind(org.jclouds.trmk.vcloudexpress.compute.TerremarkVCloudExpressTemplateBuilderLiveTest)
[TestNG] Test testTemplateBuilderCannotFind(org.jclouds.trmk.vcloudexpress.compute.TerremarkVCloudExpressTemplateBuilderLiveTest) succeeded: 0ms
Test suite progress: tests succeeded: 93, failed: 4, skipped: 7.
Starting test testTemplateBuilderCannotFind(org.jclouds.trmk.vcloudexpress.compute.TerremarkVCloudExpressTemplateBuilderLiveTest)
[TestNG] Test testTemplateBuilderCannotFind(org.jclouds.trmk.vcloudexpress.compute.TerremarkVCloudExpressTemplateBuilderLiveTest) succeeded: 1ms
Test suite progress: tests succeeded: 94, failed: 4, skipped: 7.
Starting test testTemplateBuilderCannotFind(org.jclouds.trmk.vcloudexpress.compute.TerremarkVCloudExpressTemplateBuilderLiveTest)
[TestNG] Test testTemplateBuilderCannotFind(org.jclouds.trmk.vcloudexpress.compute.TerremarkVCloudExpressTemplateBuilderLiveTest) succeeded: 0ms
Test suite progress: tests succeeded: 95, failed: 4, skipped: 7.
Starting test testTemplateBuilderCannotFind(org.jclouds.trmk.vcloudexpress.compute.TerremarkVCloudExpressTemplateBuilderLiveTest)
[TestNG] Test testTemplateBuilderCannotFind(org.jclouds.trmk.vcloudexpress.compute.TerremarkVCloudExpressTemplateBuilderLiveTest) succeeded: 1ms
Test suite progress: tests succeeded: 96, failed: 4, skipped: 7.
Starting test testTemplateBuilderCannotFind(org.jclouds.trmk.vcloudexpress.compute.TerremarkVCloudExpressTemplateBuilderLiveTest)
[TestNG] Test testTemplateBuilderCannotFind(org.jclouds.trmk.vcloudexpress.compute.TerremarkVCloudExpressTemplateBuilderLiveTest) succeeded: 0ms
Test suite progress: tests succeeded: 97, failed: 4, skipped: 7.
Starting test testTemplateBuilderCannotFind(org.jclouds.trmk.vcloudexpress.compute.TerremarkVCloudExpressTemplateBuilderLiveTest)
[TestNG] Test testTemplateBuilderCannotFind(org.jclouds.trmk.vcloudexpress.compute.TerremarkVCloudExpressTemplateBuilderLiveTest) succeeded: 1ms
Test suite progress: tests succeeded: 98, failed: 4, skipped: 7.
Starting test testTemplateBuilderCannotFind(org.jclouds.trmk.vcloudexpress.compute.TerremarkVCloudExpressTemplateBuilderLiveTest)
[TestNG] Test testTemplateBuilderCannotFind(org.jclouds.trmk.vcloudexpress.compute.TerremarkVCloudExpressTemplateBuilderLiveTest) succeeded: 0ms
Test suite progress: tests succeeded: 99, failed: 4, skipped: 7.
Starting test testTemplateBuilderCannotFind(org.jclouds.trmk.vcloudexpress.compute.TerremarkVCloudExpressTemplateBuilderLiveTest)
[TestNG] Test testTemplateBuilderCannotFind(org.jclouds.trmk.vcloudexpress.compute.TerremarkVCloudExpressTemplateBuilderLiveTest) succeeded: 1ms
Test suite progress: tests succeeded: 100, failed: 4, skipped: 7.
Starting test testTemplateBuilderCannotFind(org.jclouds.trmk.vcloudexpress.compute.TerremarkVCloudExpressTemplateBuilderLiveTest)
[TestNG] Test testTemplateBuilderCannotFind(org.jclouds.trmk.vcloudexpress.compute.TerremarkVCloudExpressTemplateBuilderLiveTest) succeeded: 0ms
Test suite progress: tests succeeded: 101, failed: 4, skipped: 7.
Starting test testTemplateBuilderWithImageIdSpecified(org.jclouds.trmk.vcloudexpress.compute.TerremarkVCloudExpressTemplateBuilderLiveTest)
[TestNG] Test testTemplateBuilderWithImageIdSpecified(org.jclouds.trmk.vcloudexpress.compute.TerremarkVCloudExpressTemplateBuilderLiveTest) failed.
Test suite progress: tests succeeded: 101, failed: 5, skipped: 7.
Starting test testTemplateBuilderWithLoginUserSpecified(org.jclouds.trmk.vcloudexpress.compute.TerremarkVCloudExpressTemplateBuilderLiveTest)
[TestNG] Test testTemplateBuilderWithLoginUserSpecified(org.jclouds.trmk.vcloudexpress.compute.TerremarkVCloudExpressTemplateBuilderLiveTest) succeeded: 11525ms
Test suite progress: tests succeeded: 102, failed: 5, skipped: 7.
Starting test testDefaultTemplateBuilder(org.jclouds.trmk.vcloudexpress.compute.TerremarkVCloudExpressTemplateBuilderLiveTest)
[TestNG] Test testDefaultTemplateBuilder(org.jclouds.trmk.vcloudexpress.compute.TerremarkVCloudExpressTemplateBuilderLiveTest) succeeded: 2ms
Test suite progress: tests succeeded: 103, failed: 5, skipped: 7.
Starting test testGetAllInternetServices(org.jclouds.trmk.vcloudexpress.InternetServiceLiveTest)
[TestNG] Test testGetAllInternetServices(org.jclouds.trmk.vcloudexpress.InternetServiceLiveTest) succeeded: 4144ms
Test suite progress: tests succeeded: 104, failed: 5, skipped: 7.
Starting test testGetAllPublicIps(org.jclouds.trmk.vcloudexpress.InternetServiceLiveTest)
[TestNG] Test testGetAllPublicIps(org.jclouds.trmk.vcloudexpress.InternetServiceLiveTest) succeeded: 102592ms
Test suite progress: tests succeeded: 105, failed: 5, skipped: 7.
Starting test testCatalog(org.jclouds.trmk.vcloudexpress.TerremarkVCloudExpressClientLiveTest)
[TestNG] Test testCatalog(org.jclouds.trmk.vcloudexpress.TerremarkVCloudExpressClientLiveTest) succeeded: 2300ms
Test suite progress: tests succeeded: 106, failed: 5, skipped: 7.
Starting test testCreateInternetServiceMonitorDisabled(org.jclouds.trmk.vcloudexpress.TerremarkVCloudExpressClientLiveTest)
[TestNG] Test testCreateInternetServiceMonitorDisabled(org.jclouds.trmk.vcloudexpress.TerremarkVCloudExpressClientLiveTest) succeeded: 6062ms
Test suite progress: tests succeeded: 107, failed: 5, skipped: 7.
Starting test testDefaultTasksList(org.jclouds.trmk.vcloudexpress.TerremarkVCloudExpressClientLiveTest)
[TestNG] Test testDefaultTasksList(org.jclouds.trmk.vcloudexpress.TerremarkVCloudExpressClientLiveTest) succeeded: 19436ms
Test suite progress: tests succeeded: 108, failed: 5, skipped: 7.
Starting test testDefaultVDC(org.jclouds.trmk.vcloudexpress.TerremarkVCloudExpressClientLiveTest)
[TestNG] Test testDefaultVDC(org.jclouds.trmk.vcloudexpress.TerremarkVCloudExpressClientLiveTest) succeeded: 2575ms
Test suite progress: tests succeeded: 109, failed: 5, skipped: 7.
Starting test testFindCatalogItem(org.jclouds.trmk.vcloudexpress.TerremarkVCloudExpressClientLiveTest)
[TestNG] Test testFindCatalogItem(org.jclouds.trmk.vcloudexpress.TerremarkVCloudExpressClientLiveTest) succeeded: 40388ms
Test suite progress: tests succeeded: 110, failed: 5, skipped: 7.
Starting test testFindVAppTemplate(org.jclouds.trmk.vcloudexpress.TerremarkVCloudExpressClientLiveTest)
[TestNG] Test testFindVAppTemplate(org.jclouds.trmk.vcloudexpress.TerremarkVCloudExpressClientLiveTest) succeeded: 89050ms
Test suite progress: tests succeeded: 111, failed: 5, skipped: 7.
Starting test testGetAllInternetServices(org.jclouds.trmk.vcloudexpress.TerremarkVCloudExpressClientLiveTest)
[TestNG] Test testGetAllInternetServices(org.jclouds.trmk.vcloudexpress.TerremarkVCloudExpressClientLiveTest) succeeded: 1736ms
Test suite progress: tests succeeded: 112, failed: 5, skipped: 7.
Starting test testGetCatalogItem(org.jclouds.trmk.vcloudexpress.TerremarkVCloudExpressClientLiveTest)
[TestNG] Test testGetCatalogItem(org.jclouds.trmk.vcloudexpress.TerremarkVCloudExpressClientLiveTest) succeeded: 16245ms
Test suite progress: tests succeeded: 113, failed: 5, skipped: 7.
Starting test testGetConfigCustomizationOptions(org.jclouds.trmk.vcloudexpress.TerremarkVCloudExpressClientLiveTest)
[TestNG] Test testGetConfigCustomizationOptions(org.jclouds.trmk.vcloudexpress.TerremarkVCloudExpressClientLiveTest) succeeded: 53674ms
Test suite progress: tests succeeded: 114, failed: 5, skipped: 7.
Starting test testGetPublicIpsAssociatedWithVDC(org.jclouds.trmk.vcloudexpress.TerremarkVCloudExpressClientLiveTest)
[TestNG] Test testGetPublicIpsAssociatedWithVDC(org.jclouds.trmk.vcloudexpress.TerremarkVCloudExpressClientLiveTest) succeeded: 205405ms
Test suite progress: tests succeeded: 115, failed: 5, skipped: 7.
Starting test testGetTask(org.jclouds.trmk.vcloudexpress.TerremarkVCloudExpressClientLiveTest)
[TestNG] Test testGetTask(org.jclouds.trmk.vcloudexpress.TerremarkVCloudExpressClientLiveTest) succeeded: 10545ms
Test suite progress: tests succeeded: 116, failed: 5, skipped: 7.
Starting test testGetVApp(org.jclouds.trmk.vcloudexpress.TerremarkVCloudExpressClientLiveTest)
[TestNG] Test testGetVApp(org.jclouds.trmk.vcloudexpress.TerremarkVCloudExpressClientLiveTest) succeeded: 4633ms
Test suite progress: tests succeeded: 117, failed: 5, skipped: 7.
Starting test testGetVAppTemplate(org.jclouds.trmk.vcloudexpress.TerremarkVCloudExpressClientLiveTest)
[TestNG] Test testGetVAppTemplate(org.jclouds.trmk.vcloudexpress.TerremarkVCloudExpressClientLiveTest) succeeded: 37074ms
Test suite progress: tests succeeded: 118, failed: 5, skipped: 7.
Starting test testGetVDCNetwork(org.jclouds.trmk.vcloudexpress.TerremarkVCloudExpressClientLiveTest)
[TestNG] Test testGetVDCNetwork(org.jclouds.trmk.vcloudexpress.TerremarkVCloudExpressClientLiveTest) failed.
Test suite progress: tests succeeded: 118, failed: 6, skipped: 7.
Starting test testInstantiateAndPowerOn(org.jclouds.trmk.vcloudexpress.TerremarkVCloudExpressClientLiveTest)
[TestNG] Test testInstantiateAndPowerOn(org.jclouds.trmk.vcloudexpress.TerremarkVCloudExpressClientLiveTest) failed.
Test suite progress: tests succeeded: 118, failed: 7, skipped: 7.
Starting test testKeysList(org.jclouds.trmk.vcloudexpress.TerremarkVCloudExpressClientLiveTest)
[TestNG] Test testKeysList(org.jclouds.trmk.vcloudexpress.TerremarkVCloudExpressClientLiveTest) succeeded: 1117ms
Test suite progress: tests succeeded: 119, failed: 7, skipped: 7.
Starting test testOrg(org.jclouds.trmk.vcloudexpress.TerremarkVCloudExpressClientLiveTest)
[TestNG] Test testOrg(org.jclouds.trmk.vcloudexpress.TerremarkVCloudExpressClientLiveTest) succeeded: 924ms
Test suite progress: tests succeeded: 120, failed: 7, skipped: 7.
Starting test testPropertiesCanOverrideDefaultCatalog(org.jclouds.trmk.vcloudexpress.TerremarkVCloudExpressClientLiveTest)
[TestNG] Test testPropertiesCanOverrideDefaultCatalog(org.jclouds.trmk.vcloudexpress.TerremarkVCloudExpressClientLiveTest) succeeded: 3380ms
Test suite progress: tests succeeded: 121, failed: 7, skipped: 7.
Starting test testPropertiesCanOverrideDefaultNetwork(org.jclouds.trmk.vcloudexpress.TerremarkVCloudExpressClientLiveTest)
[TestNG] Test testPropertiesCanOverrideDefaultNetwork(org.jclouds.trmk.vcloudexpress.TerremarkVCloudExpressClientLiveTest) failed.
Test suite progress: tests succeeded: 121, failed: 8, skipped: 7.
Starting test testPropertiesCanOverrideDefaultOrg(org.jclouds.trmk.vcloudexpress.TerremarkVCloudExpressClientLiveTest)
[TestNG] Test testPropertiesCanOverrideDefaultOrg(org.jclouds.trmk.vcloudexpress.TerremarkVCloudExpressClientLiveTest) succeeded: 3142ms
Test suite progress: tests succeeded: 122, failed: 8, skipped: 7.
Starting test testPropertiesCanOverrideDefaultTasksList(org.jclouds.trmk.vcloudexpress.TerremarkVCloudExpressClientLiveTest)
[TestNG] Test testPropertiesCanOverrideDefaultTasksList(org.jclouds.trmk.vcloudexpress.TerremarkVCloudExpressClientLiveTest) succeeded: 20855ms
Test suite progress: tests succeeded: 123, failed: 8, skipped: 7.
Starting test testPropertiesCanOverrideDefaultVDC(org.jclouds.trmk.vcloudexpress.TerremarkVCloudExpressClientLiveTest)
[TestNG] Test testPropertiesCanOverrideDefaultVDC(org.jclouds.trmk.vcloudexpress.TerremarkVCloudExpressClientLiveTest) succeeded: 4370ms
Test suite progress: tests succeeded: 124, failed: 8, skipped: 7.
[TestNG] Test testAddInternetService(org.jclouds.trmk.vcloudexpress.TerremarkVCloudExpressClientLiveTest) skipped.
Test suite progress: tests succeeded: 124, failed: 8, skipped: 8.
[TestNG] Test testCloneVApp(org.jclouds.trmk.vcloudexpress.TerremarkVCloudExpressClientLiveTest) skipped.
Test suite progress: tests succeeded: 124, failed: 8, skipped: 9.
[TestNG] Test testPublicIp(org.jclouds.trmk.vcloudexpress.TerremarkVCloudExpressClientLiveTest) skipped.
Test suite progress: tests succeeded: 124, failed: 8, skipped: 10.
[TestNG] Test testConfigureNode(org.jclouds.trmk.vcloudexpress.TerremarkVCloudExpressClientLiveTest) skipped.
Test suite progress: tests succeeded: 124, failed: 8, skipped: 11.
[TestNG] Test testLifeCycle(org.jclouds.trmk.vcloudexpress.TerremarkVCloudExpressClientLiveTest) skipped.
Test suite progress: tests succeeded: 124, failed: 8, skipped: 12.
[TestNG] Test testConfigure(org.jclouds.trmk.vcloudexpress.TerremarkVCloudExpressClientLiveTest) skipped.
Test suite progress: tests succeeded: 124, failed: 8, skipped: 13.
Tests run: 145, Failures: 8, Errors: 0, Skipped: 13, Time elapsed: 2,497.126 sec <<< FAILURE!
testImageById(org.jclouds.trmk.vcloudexpress.compute.TerremarkVCloudExpressComputeServiceLiveTest)  Time elapsed: 0.543 sec  <<< FAILURE!
java.lang.NullPointerException: parent
	at com.google.common.base.Preconditions.checkNotNull(Preconditions.java:208)
	at org.jclouds.trmk.vcloud_0_8.compute.functions.ImageForVCloudExpressVAppTemplate.apply(ImageForVCloudExpressVAppTemplate.java:71)
	at org.jclouds.trmk.vcloud_0_8.compute.functions.ImageForVCloudExpressVAppTemplate.apply(ImageForVCloudExpressVAppTemplate.java:41)
	at org.jclouds.trmk.vcloud_0_8.compute.strategy.TerremarkVCloudGetImageStrategy.getImage(TerremarkVCloudGetImageStrategy.java:56)
	at org.jclouds.compute.internal.BaseComputeService.getImage(BaseComputeService.java:415)
	at sun.reflect.NativeMethodAccessorImpl.invoke0(Native Method)
	at sun.reflect.NativeMethodAccessorImpl.invoke(NativeMethodAccessorImpl.java:39)
	at sun.reflect.DelegatingMethodAccessorImpl.invoke(DelegatingMethodAccessorImpl.java:25)
	at java.lang.reflect.Method.invoke(Method.java:597)
	at com.google.inject.internal.DelegatingInvocationHandler.invoke(DelegatingInvocationHandler.java:37)
	at com.sun.proxy.$Proxy71.getImage(Unknown Source)
	at org.jclouds.compute.internal.BaseComputeServiceLiveTest.testImageById(BaseComputeServiceLiveTest.java:208)
	at sun.reflect.NativeMethodAccessorImpl.invoke0(Native Method)
	at sun.reflect.NativeMethodAccessorImpl.invoke(NativeMethodAccessorImpl.java:39)
	at sun.reflect.DelegatingMethodAccessorImpl.invoke(DelegatingMethodAccessorImpl.java:25)
	at java.lang.reflect.Method.invoke(Method.java:597)
	at org.testng.internal.MethodInvocationHelper.invokeMethod(MethodInvocationHelper.java:80)
	at org.testng.internal.Invoker.invokeMethod(Invoker.java:714)
	at org.testng.internal.Invoker.invokeTestMethod(Invoker.java:901)
	at org.testng.internal.Invoker.invokeTestMethods(Invoker.java:1231)
	at org.testng.internal.TestMethodWorker.invokeTestMethods(TestMethodWorker.java:127)
	at org.testng.internal.TestMethodWorker.run(TestMethodWorker.java:111)
	at org.testng.TestRunner.privateRun(TestRunner.java:767)
	at org.testng.TestRunner.run(TestRunner.java:617)
	at org.testng.SuiteRunner.runTest(SuiteRunner.java:334)
	at org.testng.SuiteRunner.access$000(SuiteRunner.java:37)
	at org.testng.SuiteRunner$SuiteWorker.run(SuiteRunner.java:368)
	at org.testng.internal.thread.ThreadUtil$2.call(ThreadUtil.java:64)
	at java.util.concurrent.FutureTask$Sync.innerRun(FutureTask.java:303)
	at java.util.concurrent.FutureTask.run(FutureTask.java:138)
	at java.util.concurrent.ThreadPoolExecutor$Worker.runTask(ThreadPoolExecutor.java:895)
	at java.util.concurrent.ThreadPoolExecutor$Worker.run(ThreadPoolExecutor.java:918)
	at java.lang.Thread.run(Thread.java:680)

testCreateAndRunAService(org.jclouds.trmk.vcloudexpress.compute.TerremarkVCloudExpressComputeServiceLiveTest)  Time elapsed: 334.651 sec  <<< FAILURE!
java.lang.AssertionError: node tags did not match [vcxs] {id=https://services.vcloudexpress.terremark.com/api/v0.8a-ext1.6/vapp/505445, providerId=https://services.vcloudexpress.terremark.com/api/v0.8a-ext1.6/vapp/505445, uri=https://services.vcloudexpress.terremark.com/api/v0.8a-ext1.6/vapp/505445, name=vcxs-483, uri=https://services.vcloudexpress.terremark.com/api/v0.8a-ext1.6/vapp/505445, location={scope=ZONE, id=https://services.vcloudexpress.terremark.com/api/v0.8a-ext1.6/vdc/32, description=Miami Environment 1, parent=https://services.vcloudexpress.terremark.com/api/v0.8a-ext1.6/org/48}, group=vcxs, os={family=ubuntu, name=46, version=, description=Ubuntu Linux (64-bit), is64Bit=true}, status=RUNNING, loginPort=22, hostname=vcxs-483, privateAddresses=[10.114.34.134], publicAddresses=[204.51.115.134], hardware={id=https://services.vcloudexpress.terremark.com/api/v0.8a-ext1.6/vapp/505445, providerId=https://services.vcloudexpress.terremark.com/api/v0.8a-ext1.6/vapp/505445, name=vcxs-483, location={scope=ZONE, id=https://services.vcloudexpress.terremark.com/api/v0.8a-ext1.6/vdc/32, description=Miami Environment 1, parent=https://services.vcloudexpress.terremark.com/api/v0.8a-ext1.6/org/48}, processors=[{cores=1.0, speed=1.0}], ram=512, volumes=[{id=0, type=LOCAL, size=4.0, bootDevice=true, durable=true}], hypervisor=VMware, supportsImage=idEquals(https://services.vcloudexpress.terremark.com/api/v0.8a-ext1.6/vapp/505445)}, loginUser=vcloud}
	at org.jclouds.compute.internal.BaseComputeServiceLiveTest.checkTagsInNodeEquals(BaseComputeServiceLiveTest.java:719)
	at org.jclouds.compute.internal.BaseComputeServiceLiveTest.createAndRunAServiceInGroup(BaseComputeServiceLiveTest.java:680)
	at org.jclouds.compute.internal.BaseComputeServiceLiveTest.testCreateAndRunAService(BaseComputeServiceLiveTest.java:660)
	at sun.reflect.NativeMethodAccessorImpl.invoke0(Native Method)
	at sun.reflect.NativeMethodAccessorImpl.invoke(NativeMethodAccessorImpl.java:39)
	at sun.reflect.DelegatingMethodAccessorImpl.invoke(DelegatingMethodAccessorImpl.java:25)
	at java.lang.reflect.Method.invoke(Method.java:597)
	at org.testng.internal.MethodInvocationHelper.invokeMethod(MethodInvocationHelper.java:80)
	at org.testng.internal.Invoker.invokeMethod(Invoker.java:714)
	at org.testng.internal.Invoker.invokeTestMethod(Invoker.java:901)
	at org.testng.internal.Invoker.invokeTestMethods(Invoker.java:1231)
	at org.testng.internal.TestMethodWorker.invokeTestMethods(TestMethodWorker.java:127)
	at org.testng.internal.TestMethodWorker.run(TestMethodWorker.java:111)
	at org.testng.TestRunner.privateRun(TestRunner.java:767)
	at org.testng.TestRunner.run(TestRunner.java:617)
	at org.testng.SuiteRunner.runTest(SuiteRunner.java:334)
	at org.testng.SuiteRunner.access$000(SuiteRunner.java:37)
	at org.testng.SuiteRunner$SuiteWorker.run(SuiteRunner.java:368)
	at org.testng.internal.thread.ThreadUtil$2.call(ThreadUtil.java:64)
	at java.util.concurrent.FutureTask$Sync.innerRun(FutureTask.java:303)
	at java.util.concurrent.FutureTask.run(FutureTask.java:138)
	at java.util.concurrent.ThreadPoolExecutor$Worker.runTask(ThreadPoolExecutor.java:895)
	at java.util.concurrent.ThreadPoolExecutor$Worker.run(ThreadPoolExecutor.java:918)
	at java.lang.Thread.run(Thread.java:680)

testAScriptExecutionAfterBootWithBasicTemplate(org.jclouds.trmk.vcloudexpress.compute.TerremarkVCloudExpressComputeServiceLiveTest)  Time elapsed: 338.031 sec  <<< FAILURE!
org.jclouds.compute.RunScriptOnNodesException: error runScript on filtered nodes options({loginUser=vcloud, loginPasswordPresent=true, loginPrivateKeyPresent=true, authenticateSudo=true, runAsRoot=false, wrapInInitScript=false})
Execution failures:
0 error[s]
Node failures:
1) AuthorizationException on node https://services.vcloudexpress.terremark.com/api/v0.8a-ext1.6/vapp/505448:
org.jclouds.rest.AuthorizationException: (vcloud:rsa[fingerprint(0b:18:cb:c5:7b:c4:7e:d2:07:f2:45:ca:33:18:67:fc),sha1(f9:06:20:2d:f6:18:16:4a:7d:73:ac:ef:23:ca:30:0a:c7:b0:30:bd)]@204.51.115.139:22) (vcloud:rsa[fingerprint(0b:18:cb:c5:7b:c4:7e:d2:07:f2:45:ca:33:18:67:fc),sha1(f9:06:20:2d:f6:18:16:4a:7d:73:ac:ef:23:ca:30:0a:c7:b0:30:bd)]@204.51.115.139:22) error acquiring {hostAndPort=204.51.115.139:22, loginUser=vcloud, ssh=null, connectTimeout=60000, sessionTimeout=60000} (not retryable): Exhausted available authentication methods
	at org.jclouds.sshj.SshjSshClient.propagate(SshjSshClient.java:382)
	at org.jclouds.sshj.SshjSshClient.acquire(SshjSshClient.java:213)
	at org.jclouds.sshj.SshjSshClient.connect(SshjSshClient.java:223)
	at org.jclouds.compute.callables.RunScriptOnNodeUsingSsh.call(RunScriptOnNodeUsingSsh.java:80)
	at org.jclouds.compute.strategy.RunScriptOnNodeAndAddToGoodMapOrPutExceptionIntoBadMap.call(RunScriptOnNodeAndAddToGoodMapOrPutExceptionIntoBadMap.java:69)
	at org.jclouds.compute.strategy.RunScriptOnNodeAndAddToGoodMapOrPutExceptionIntoBadMap.call(RunScriptOnNodeAndAddToGoodMapOrPutExceptionIntoBadMap.java:44)
	at java.util.concurrent.FutureTask$Sync.innerRun(FutureTask.java:303)
	at java.util.concurrent.FutureTask.run(FutureTask.java:138)
	at java.util.concurrent.ThreadPoolExecutor$Worker.runTask(ThreadPoolExecutor.java:895)
	at java.util.concurrent.ThreadPoolExecutor$Worker.run(ThreadPoolExecutor.java:918)
	at java.lang.Thread.run(Thread.java:680)
Caused by: net.schmizz.sshj.userauth.UserAuthException: Exhausted available authentication methods
	at net.schmizz.sshj.userauth.UserAuthImpl.authenticate(UserAuthImpl.java:114)
	at net.schmizz.sshj.SSHClient.auth(SSHClient.java:205)
	at net.schmizz.sshj.SSHClient.auth(SSHClient.java:190)
	at net.schmizz.sshj.SSHClient.authPassword(SSHClient.java:266)
	at net.schmizz.sshj.SSHClient.authPassword(SSHClient.java:236)
	at net.schmizz.sshj.SSHClient.authPassword(SSHClient.java:220)
	at org.jclouds.sshj.SSHClientConnection.create(SSHClientConnection.java:140)
	at org.jclouds.sshj.SSHClientConnection.create(SSHClientConnection.java:40)
	at org.jclouds.sshj.SshjSshClient.acquire(SshjSshClient.java:193)
	... 9 more
Caused by: net.schmizz.sshj.userauth.UserAuthException: keyboard-interactive auth failed
	at net.schmizz.sshj.userauth.UserAuthImpl.handle(UserAuthImpl.java:157)
	at net.schmizz.sshj.transport.TransportImpl.handle(TransportImpl.java:474)
	at net.schmizz.sshj.transport.Decoder.decode(Decoder.java:127)
	at net.schmizz.sshj.transport.Decoder.received(Decoder.java:195)
	at net.schmizz.sshj.transport.Reader.run(Reader.java:72)
1 error[s]
	at org.jclouds.compute.internal.BaseComputeService.runScriptOnNodesMatching(BaseComputeService.java:572)
	at org.jclouds.compute.internal.BaseComputeService.runScriptOnNodesMatching(BaseComputeService.java:532)
	at sun.reflect.NativeMethodAccessorImpl.invoke0(Native Method)
	at sun.reflect.NativeMethodAccessorImpl.invoke(NativeMethodAccessorImpl.java:39)
	at sun.reflect.DelegatingMethodAccessorImpl.invoke(DelegatingMethodAccessorImpl.java:25)
	at java.lang.reflect.Method.invoke(Method.java:597)
	at com.google.inject.internal.DelegatingInvocationHandler.invoke(DelegatingInvocationHandler.java:37)
	at com.sun.proxy.$Proxy71.runScriptOnNodesMatching(Unknown Source)
	at org.jclouds.compute.internal.BaseComputeServiceLiveTest.testAScriptExecutionAfterBootWithBasicTemplate(BaseComputeServiceLiveTest.java:230)
	at sun.reflect.NativeMethodAccessorImpl.invoke0(Native Method)
	at sun.reflect.NativeMethodAccessorImpl.invoke(NativeMethodAccessorImpl.java:39)
	at sun.reflect.DelegatingMethodAccessorImpl.invoke(DelegatingMethodAccessorImpl.java:25)
	at java.lang.reflect.Method.invoke(Method.java:597)
	at org.testng.internal.MethodInvocationHelper.invokeMethod(MethodInvocationHelper.java:80)
	at org.testng.internal.Invoker.invokeMethod(Invoker.java:714)
	at org.testng.internal.Invoker.invokeTestMethod(Invoker.java:901)
	at org.testng.internal.Invoker.invokeTestMethods(Invoker.java:1231)
	at org.testng.internal.TestMethodWorker.invokeTestMethods(TestMethodWorker.java:127)
	at org.testng.internal.TestMethodWorker.run(TestMethodWorker.java:111)
	at org.testng.TestRunner.privateRun(TestRunner.java:767)
	at org.testng.TestRunner.run(TestRunner.java:617)
	at org.testng.SuiteRunner.runTest(SuiteRunner.java:334)
	at org.testng.SuiteRunner.access$000(SuiteRunner.java:37)
	at org.testng.SuiteRunner$SuiteWorker.run(SuiteRunner.java:368)
	at org.testng.internal.thread.ThreadUtil$2.call(ThreadUtil.java:64)
	at java.util.concurrent.FutureTask$Sync.innerRun(FutureTask.java:303)
	at java.util.concurrent.FutureTask.run(FutureTask.java:138)
	at java.util.concurrent.ThreadPoolExecutor$Worker.runTask(ThreadPoolExecutor.java:895)
	at java.util.concurrent.ThreadPoolExecutor$Worker.run(ThreadPoolExecutor.java:918)
	at java.lang.Thread.run(Thread.java:680)
Caused by: net.schmizz.sshj.userauth.UserAuthException: Exhausted available authentication methods
	at net.schmizz.sshj.userauth.UserAuthImpl.authenticate(UserAuthImpl.java:114)
	at net.schmizz.sshj.SSHClient.auth(SSHClient.java:205)
	at net.schmizz.sshj.SSHClient.auth(SSHClient.java:190)
	at net.schmizz.sshj.SSHClient.authPassword(SSHClient.java:266)
	at net.schmizz.sshj.SSHClient.authPassword(SSHClient.java:236)
	at net.schmizz.sshj.SSHClient.authPassword(SSHClient.java:220)
	at org.jclouds.sshj.SSHClientConnection.create(SSHClientConnection.java:140)
	at org.jclouds.sshj.SSHClientConnection.create(SSHClientConnection.java:40)
	at org.jclouds.sshj.SshjSshClient.acquire(SshjSshClient.java:193)
	... 9 more
Caused by: net.schmizz.sshj.userauth.UserAuthException: keyboard-interactive auth failed
	at net.schmizz.sshj.userauth.UserAuthImpl.handle(UserAuthImpl.java:157)
	at net.schmizz.sshj.transport.TransportImpl.handle(TransportImpl.java:474)
	at net.schmizz.sshj.transport.Decoder.decode(Decoder.java:127)
	at net.schmizz.sshj.transport.Decoder.received(Decoder.java:195)
	at net.schmizz.sshj.transport.Reader.run(Reader.java:72)
1 error[s]
	at org.jclouds.compute.internal.BaseComputeService.runScriptOnNodesMatching(BaseComputeService.java:572)
	at org.jclouds.compute.internal.BaseComputeService.runScriptOnNodesMatching(BaseComputeService.java:532)
	at sun.reflect.NativeMethodAccessorImpl.invoke0(Native Method)
	at sun.reflect.NativeMethodAccessorImpl.invoke(NativeMethodAccessorImpl.java:39)
	at sun.reflect.DelegatingMethodAccessorImpl.invoke(DelegatingMethodAccessorImpl.java:25)
	at java.lang.reflect.Method.invoke(Method.java:597)
	at com.google.inject.internal.DelegatingInvocationHandler.invoke(DelegatingInvocationHandler.java:37)
	at com.sun.proxy.$Proxy71.runScriptOnNodesMatching(Unknown Source)
	at org.jclouds.compute.internal.BaseComputeServiceLiveTest.testAScriptExecutionAfterBootWithBasicTemplate(BaseComputeServiceLiveTest.java:230)
	at sun.reflect.NativeMethodAccessorImpl.invoke0(Native Method)
	at sun.reflect.NativeMethodAccessorImpl.invoke(NativeMethodAccessorImpl.java:39)
	at sun.reflect.DelegatingMethodAccessorImpl.invoke(DelegatingMethodAccessorImpl.java:25)
	at java.lang.reflect.Method.invoke(Method.java:597)
	at org.testng.internal.MethodInvocationHelper.invokeMethod(MethodInvocationHelper.java:80)
	at org.testng.internal.Invoker.invokeMethod(Invoker.java:714)
	at org.testng.internal.Invoker.invokeTestMethod(Invoker.java:901)
	at org.testng.internal.Invoker.invokeTestMethods(Invoker.java:1231)
	at org.testng.internal.TestMethodWorker.invokeTestMethods(TestMethodWorker.java:127)
	at org.testng.internal.TestMethodWorker.run(TestMethodWorker.java:111)
	at org.testng.TestRunner.privateRun(TestRunner.java:767)
	at org.testng.TestRunner.run(TestRunner.java:617)
	at org.testng.SuiteRunner.runTest(SuiteRunner.java:334)
	at org.testng.SuiteRunner.access$000(SuiteRunner.java:37)
	at org.testng.SuiteRunner$SuiteWorker.run(SuiteRunner.java:368)
	at org.testng.internal.thread.ThreadUtil$2.call(ThreadUtil.java:64)
	at java.util.concurrent.FutureTask$Sync.innerRun(FutureTask.java:303)
	at java.util.concurrent.FutureTask.run(FutureTask.java:138)
	at java.util.concurrent.ThreadPoolExecutor$Worker.runTask(ThreadPoolExecutor.java:895)
	at java.util.concurrent.ThreadPoolExecutor$Worker.run(ThreadPoolExecutor.java:918)
	at java.lang.Thread.run(Thread.java:680)

testCreateTwoNodesWithRunScript(org.jclouds.trmk.vcloudexpress.compute.TerremarkVCloudExpressComputeServiceLiveTest)  Time elapsed: 228.636 sec  <<< FAILURE!
org.jclouds.compute.RunNodesException: error running 2 nodes group(vcx) location(https://services.vcloudexpress.terremark.com/api/v0.8a-ext1.6/vdc/32) image(https://services.vcloudexpress.terremark.com/api/v0.8a-ext1.6/vappTemplate/41) size(cpu=1,ram=512,disk=10) options(TerremarkVCloudTemplateOptions [keyPair=6e:d1:7c:cc:46:03:45:81:bc:35:ec:2d:de:f8:b5:10, noKeyPair=false, inboundPorts=[22], privateKey=false, publicKey=false, runScript=true, port:seconds=-1:-1, userMetadata: {}])
Execution failures:
0 error[s]
Node failures:
1) AuthorizationException on node https://services.vcloudexpress.terremark.com/api/v0.8a-ext1.6/vapp/505459:
org.jclouds.rest.AuthorizationException: (vcloud:rsa[fingerprint(6e:d1:7c:cc:46:03:45:81:bc:35:ec:2d:de:f8:b5:10),sha1(4c:5a:e7:50:2c:dd:63:98:34:7e:a8:d9:3b:bc:b6:bc:32:89:b9:b3)]@204.51.124.15:22) (vcloud:rsa[fingerprint(6e:d1:7c:cc:46:03:45:81:bc:35:ec:2d:de:f8:b5:10),sha1(4c:5a:e7:50:2c:dd:63:98:34:7e:a8:d9:3b:bc:b6:bc:32:89:b9:b3)]@204.51.124.15:22) error acquiring {hostAndPort=204.51.124.15:22, loginUser=vcloud, ssh=null, connectTimeout=60000, sessionTimeout=60000} (not retryable): Exhausted available authentication methods
	at org.jclouds.sshj.SshjSshClient.propagate(SshjSshClient.java:382)
	at org.jclouds.sshj.SshjSshClient.acquire(SshjSshClient.java:213)
	at org.jclouds.sshj.SshjSshClient.connect(SshjSshClient.java:223)
	at org.jclouds.compute.callables.RunScriptOnNodeAsInitScriptUsingSsh.call(RunScriptOnNodeAsInitScriptUsingSsh.java:78)
	at org.jclouds.compute.strategy.CustomizeNodeAndAddToGoodMapOrPutExceptionIntoBadMap.call(CustomizeNodeAndAddToGoodMapOrPutExceptionIntoBadMap.java:127)
	at org.jclouds.compute.strategy.CustomizeNodeAndAddToGoodMapOrPutExceptionIntoBadMap.apply(CustomizeNodeAndAddToGoodMapOrPutExceptionIntoBadMap.java:148)
	at org.jclouds.compute.strategy.CustomizeNodeAndAddToGoodMapOrPutExceptionIntoBadMap.apply(CustomizeNodeAndAddToGoodMapOrPutExceptionIntoBadMap.java:55)
	at com.google.common.util.concurrent.Futures$1.apply(Futures.java:720)
	at com.google.common.util.concurrent.Futures$ChainingListenableFuture.run(Futures.java:859)
	at java.util.concurrent.ThreadPoolExecutor$Worker.runTask(ThreadPoolExecutor.java:895)
	at java.util.concurrent.ThreadPoolExecutor$Worker.run(ThreadPoolExecutor.java:918)
	at java.lang.Thread.run(Thread.java:680)
Caused by: net.schmizz.sshj.userauth.UserAuthException: Exhausted available authentication methods
	at net.schmizz.sshj.userauth.UserAuthImpl.authenticate(UserAuthImpl.java:114)
	at net.schmizz.sshj.SSHClient.auth(SSHClient.java:205)
	at net.schmizz.sshj.SSHClient.auth(SSHClient.java:190)
	at net.schmizz.sshj.SSHClient.authPassword(SSHClient.java:266)
	at net.schmizz.sshj.SSHClient.authPassword(SSHClient.java:236)
	at net.schmizz.sshj.SSHClient.authPassword(SSHClient.java:220)
	at org.jclouds.sshj.SSHClientConnection.create(SSHClientConnection.java:140)
	at org.jclouds.sshj.SSHClientConnection.create(SSHClientConnection.java:40)
	at org.jclouds.sshj.SshjSshClient.acquire(SshjSshClient.java:193)
	... 10 more
Caused by: net.schmizz.sshj.userauth.UserAuthException: keyboard-interactive auth failed
	at net.schmizz.sshj.userauth.UserAuthImpl.handle(UserAuthImpl.java:157)
	at net.schmizz.sshj.transport.TransportImpl.handle(TransportImpl.java:474)
	at net.schmizz.sshj.transport.Decoder.decode(Decoder.java:127)
	at net.schmizz.sshj.transport.Decoder.received(Decoder.java:195)
	at net.schmizz.sshj.transport.Reader.run(Reader.java:72)
2) AuthorizationException on node https://services.vcloudexpress.terremark.com/api/v0.8a-ext1.6/vapp/505461:
org.jclouds.rest.AuthorizationException: (vcloud:rsa[fingerprint(6e:d1:7c:cc:46:03:45:81:bc:35:ec:2d:de:f8:b5:10),sha1(4c:5a:e7:50:2c:dd:63:98:34:7e:a8:d9:3b:bc:b6:bc:32:89:b9:b3)]@204.51.124.16:22) (vcloud:rsa[fingerprint(6e:d1:7c:cc:46:03:45:81:bc:35:ec:2d:de:f8:b5:10),sha1(4c:5a:e7:50:2c:dd:63:98:34:7e:a8:d9:3b:bc:b6:bc:32:89:b9:b3)]@204.51.124.16:22) error acquiring {hostAndPort=204.51.124.16:22, loginUser=vcloud, ssh=null, connectTimeout=60000, sessionTimeout=60000} (not retryable): Exhausted available authentication methods
	at org.jclouds.sshj.SshjSshClient.propagate(SshjSshClient.java:382)
	at org.jclouds.sshj.SshjSshClient.acquire(SshjSshClient.java:213)
	at org.jclouds.sshj.SshjSshClient.connect(SshjSshClient.java:223)
	at org.jclouds.compute.callables.RunScriptOnNodeAsInitScriptUsingSsh.call(RunScriptOnNodeAsInitScriptUsingSsh.java:78)
	at org.jclouds.compute.strategy.CustomizeNodeAndAddToGoodMapOrPutExceptionIntoBadMap.call(CustomizeNodeAndAddToGoodMapOrPutExceptionIntoBadMap.java:127)
	at org.jclouds.compute.strategy.CustomizeNodeAndAddToGoodMapOrPutExceptionIntoBadMap.apply(CustomizeNodeAndAddToGoodMapOrPutExceptionIntoBadMap.java:148)
	at org.jclouds.compute.strategy.CustomizeNodeAndAddToGoodMapOrPutExceptionIntoBadMap.apply(CustomizeNodeAndAddToGoodMapOrPutExceptionIntoBadMap.java:55)
	at com.google.common.util.concurrent.Futures$1.apply(Futures.java:720)
	at com.google.common.util.concurrent.Futures$ChainingListenableFuture.run(Futures.java:859)
	at java.util.concurrent.ThreadPoolExecutor$Worker.runTask(ThreadPoolExecutor.java:895)
	at java.util.concurrent.ThreadPoolExecutor$Worker.run(ThreadPoolExecutor.java:918)
	at java.lang.Thread.run(Thread.java:680)
Caused by: net.schmizz.sshj.userauth.UserAuthException: Exhausted available authentication methods
	at net.schmizz.sshj.userauth.UserAuthImpl.authenticate(UserAuthImpl.java:114)
	at net.schmizz.sshj.SSHClient.auth(SSHClient.java:205)
	at net.schmizz.sshj.SSHClient.auth(SSHClient.java:190)
	at net.schmizz.sshj.SSHClient.authPassword(SSHClient.java:266)
	at net.schmizz.sshj.SSHClient.authPassword(SSHClient.java:236)
	at net.schmizz.sshj.SSHClient.authPassword(SSHClient.java:220)
	at org.jclouds.sshj.SSHClientConnection.create(SSHClientConnection.java:140)
	at org.jclouds.sshj.SSHClientConnection.create(SSHClientConnection.java:40)
	at org.jclouds.sshj.SshjSshClient.acquire(SshjSshClient.java:193)
	... 10 more
Caused by: net.schmizz.sshj.userauth.UserAuthException: keyboard-interactive auth failed
	at net.schmizz.sshj.userauth.UserAuthImpl.handle(UserAuthImpl.java:157)
	at net.schmizz.sshj.transport.TransportImpl.handle(TransportImpl.java:474)
	at net.schmizz.sshj.transport.Decoder.decode(Decoder.java:127)
	at net.schmizz.sshj.transport.Decoder.received(Decoder.java:195)
	at net.schmizz.sshj.transport.Reader.run(Reader.java:72)
2 error[s]
	at org.jclouds.compute.internal.BaseComputeService.createNodesInGroup(BaseComputeService.java:226)
	at sun.reflect.NativeMethodAccessorImpl.invoke0(Native Method)
	at sun.reflect.NativeMethodAccessorImpl.invoke(NativeMethodAccessorImpl.java:39)
	at sun.reflect.DelegatingMethodAccessorImpl.invoke(DelegatingMethodAccessorImpl.java:25)
	at java.lang.reflect.Method.invoke(Method.java:597)
	at com.google.inject.internal.DelegatingInvocationHandler.invoke(DelegatingInvocationHandler.java:37)
	at com.sun.proxy.$Proxy71.createNodesInGroup(Unknown Source)
	at org.jclouds.compute.internal.BaseComputeServiceLiveTest.testCreateTwoNodesWithRunScript(BaseComputeServiceLiveTest.java:343)
	at sun.reflect.NativeMethodAccessorImpl.invoke0(Native Method)
	at sun.reflect.NativeMethodAccessorImpl.invoke(NativeMethodAccessorImpl.java:39)
	at sun.reflect.DelegatingMethodAccessorImpl.invoke(DelegatingMethodAccessorImpl.java:25)
	at java.lang.reflect.Method.invoke(Method.java:597)
	at org.testng.internal.MethodInvocationHelper.invokeMethod(MethodInvocationHelper.java:80)
	at org.testng.internal.Invoker.invokeMethod(Invoker.java:714)
	at org.testng.internal.Invoker.invokeTestMethod(Invoker.java:901)
	at org.testng.internal.Invoker.invokeTestMethods(Invoker.java:1231)
	at org.testng.internal.TestMethodWorker.invokeTestMethods(TestMethodWorker.java:127)
	at org.testng.internal.TestMethodWorker.run(TestMethodWorker.java:111)
	at org.testng.TestRunner.privateRun(TestRunner.java:767)
	at org.testng.TestRunner.run(TestRunner.java:617)
	at org.testng.SuiteRunner.runTest(SuiteRunner.java:334)
	at org.testng.SuiteRunner.access$000(SuiteRunner.java:37)
	at org.testng.SuiteRunner$SuiteWorker.run(SuiteRunner.java:368)
	at org.testng.internal.thread.ThreadUtil$2.call(ThreadUtil.java:64)
	at java.util.concurrent.FutureTask$Sync.innerRun(FutureTask.java:303)
	at java.util.concurrent.FutureTask.run(FutureTask.java:138)
	at java.util.concurrent.ThreadPoolExecutor$Worker.runTask(ThreadPoolExecutor.java:895)
	at java.util.concurrent.ThreadPoolExecutor$Worker.run(ThreadPoolExecutor.java:918)
	at java.lang.Thread.run(Thread.java:680)
Caused by: net.schmizz.sshj.userauth.UserAuthException: Exhausted available authentication methods
	at net.schmizz.sshj.userauth.UserAuthImpl.authenticate(UserAuthImpl.java:114)
	at net.schmizz.sshj.SSHClient.auth(SSHClient.java:205)
	at net.schmizz.sshj.SSHClient.auth(SSHClient.java:190)
	at net.schmizz.sshj.SSHClient.authPassword(SSHClient.java:266)
	at net.schmizz.sshj.SSHClient.authPassword(SSHClient.java:236)
	at net.schmizz.sshj.SSHClient.authPassword(SSHClient.java:220)
	at org.jclouds.sshj.SSHClientConnection.create(SSHClientConnection.java:140)
	at org.jclouds.sshj.SSHClientConnection.create(SSHClientConnection.java:40)
	at org.jclouds.sshj.SshjSshClient.acquire(SshjSshClient.java:193)
	... 10 more
Caused by: net.schmizz.sshj.userauth.UserAuthException: keyboard-interactive auth failed
	at net.schmizz.sshj.userauth.UserAuthImpl.handle(UserAuthImpl.java:157)
	at net.schmizz.sshj.transport.TransportImpl.handle(TransportImpl.java:474)
	at net.schmizz.sshj.transport.Decoder.decode(Decoder.java:127)
	at net.schmizz.sshj.transport.Decoder.received(Decoder.java:195)
	at net.schmizz.sshj.transport.Reader.run(Reader.java:72)
2) AuthorizationException on node https://services.vcloudexpress.terremark.com/api/v0.8a-ext1.6/vapp/505461:
org.jclouds.rest.AuthorizationException: (vcloud:rsa[fingerprint(6e:d1:7c:cc:46:03:45:81:bc:35:ec:2d:de:f8:b5:10),sha1(4c:5a:e7:50:2c:dd:63:98:34:7e:a8:d9:3b:bc:b6:bc:32:89:b9:b3)]@204.51.124.16:22) (vcloud:rsa[fingerprint(6e:d1:7c:cc:46:03:45:81:bc:35:ec:2d:de:f8:b5:10),sha1(4c:5a:e7:50:2c:dd:63:98:34:7e:a8:d9:3b:bc:b6:bc:32:89:b9:b3)]@204.51.124.16:22) error acquiring {hostAndPort=204.51.124.16:22, loginUser=vcloud, ssh=null, connectTimeout=60000, sessionTimeout=60000} (not retryable): Exhausted available authentication methods
	at org.jclouds.sshj.SshjSshClient.propagate(SshjSshClient.java:382)
	at org.jclouds.sshj.SshjSshClient.acquire(SshjSshClient.java:213)
	at org.jclouds.sshj.SshjSshClient.connect(SshjSshClient.java:223)
	at org.jclouds.compute.callables.RunScriptOnNodeAsInitScriptUsingSsh.call(RunScriptOnNodeAsInitScriptUsingSsh.java:78)
	at org.jclouds.compute.strategy.CustomizeNodeAndAddToGoodMapOrPutExceptionIntoBadMap.call(CustomizeNodeAndAddToGoodMapOrPutExceptionIntoBadMap.java:127)
	at org.jclouds.compute.strategy.CustomizeNodeAndAddToGoodMapOrPutExceptionIntoBadMap.apply(CustomizeNodeAndAddToGoodMapOrPutExceptionIntoBadMap.java:148)
	at org.jclouds.compute.strategy.CustomizeNodeAndAddToGoodMapOrPutExceptionIntoBadMap.apply(CustomizeNodeAndAddToGoodMapOrPutExceptionIntoBadMap.java:55)
	at com.google.common.util.concurrent.Futures$1.apply(Futures.java:720)
	at com.google.common.util.concurrent.Futures$ChainingListenableFuture.run(Futures.java:859)
	at java.util.concurrent.ThreadPoolExecutor$Worker.runTask(ThreadPoolExecutor.java:895)
	at java.util.concurrent.ThreadPoolExecutor$Worker.run(ThreadPoolExecutor.java:918)
	at java.lang.Thread.run(Thread.java:680)
Caused by: net.schmizz.sshj.userauth.UserAuthException: Exhausted available authentication methods
	at net.schmizz.sshj.userauth.UserAuthImpl.authenticate(UserAuthImpl.java:114)
	at net.schmizz.sshj.SSHClient.auth(SSHClient.java:205)
	at net.schmizz.sshj.SSHClient.auth(SSHClient.java:190)
	at net.schmizz.sshj.SSHClient.authPassword(SSHClient.java:266)
	at net.schmizz.sshj.SSHClient.authPassword(SSHClient.java:236)
	at net.schmizz.sshj.SSHClient.authPassword(SSHClient.java:220)
	at org.jclouds.sshj.SSHClientConnection.create(SSHClientConnection.java:140)
	at org.jclouds.sshj.SSHClientConnection.create(SSHClientConnection.java:40)
	at org.jclouds.sshj.SshjSshClient.acquire(SshjSshClient.java:193)
	... 10 more
Caused by: net.schmizz.sshj.userauth.UserAuthException: keyboard-interactive auth failed
	at net.schmizz.sshj.userauth.UserAuthImpl.handle(UserAuthImpl.java:157)
	at net.schmizz.sshj.transport.TransportImpl.handle(TransportImpl.java:474)
	at net.schmizz.sshj.transport.Decoder.decode(Decoder.java:127)
	at net.schmizz.sshj.transport.Decoder.received(Decoder.java:195)
	at net.schmizz.sshj.transport.Reader.run(Reader.java:72)
2 error[s]
	at org.jclouds.compute.internal.BaseComputeService.createNodesInGroup(BaseComputeService.java:226)
	at sun.reflect.NativeMethodAccessorImpl.invoke0(Native Method)
	at sun.reflect.NativeMethodAccessorImpl.invoke(NativeMethodAccessorImpl.java:39)
	at sun.reflect.DelegatingMethodAccessorImpl.invoke(DelegatingMethodAccessorImpl.java:25)
	at java.lang.reflect.Method.invoke(Method.java:597)
	at com.google.inject.internal.DelegatingInvocationHandler.invoke(DelegatingInvocationHandler.java:37)
	at com.sun.proxy.$Proxy71.createNodesInGroup(Unknown Source)
	at org.jclouds.compute.internal.BaseComputeServiceLiveTest.testCreateTwoNodesWithRunScript(BaseComputeServiceLiveTest.java:343)
	at sun.reflect.NativeMethodAccessorImpl.invoke0(Native Method)
	at sun.reflect.NativeMethodAccessorImpl.invoke(NativeMethodAccessorImpl.java:39)
	at sun.reflect.DelegatingMethodAccessorImpl.invoke(DelegatingMethodAccessorImpl.java:25)
	at java.lang.reflect.Method.invoke(Method.java:597)
	at org.testng.internal.MethodInvocationHelper.invokeMethod(MethodInvocationHelper.java:80)
	at org.testng.internal.Invoker.invokeMethod(Invoker.java:714)
	at org.testng.internal.Invoker.invokeTestMethod(Invoker.java:901)
	at org.testng.internal.Invoker.invokeTestMethods(Invoker.java:1231)
	at org.testng.internal.TestMethodWorker.invokeTestMethods(TestMethodWorker.java:127)
	at org.testng.internal.TestMethodWorker.run(TestMethodWorker.java:111)
	at org.testng.TestRunner.privateRun(TestRunner.java:767)
	at org.testng.TestRunner.run(TestRunner.java:617)
	at org.testng.SuiteRunner.runTest(SuiteRunner.java:334)
	at org.testng.SuiteRunner.access$000(SuiteRunner.java:37)
	at org.testng.SuiteRunner$SuiteWorker.run(SuiteRunner.java:368)
	at org.testng.internal.thread.ThreadUtil$2.call(ThreadUtil.java:64)
	at java.util.concurrent.FutureTask$Sync.innerRun(FutureTask.java:303)
	at java.util.concurrent.FutureTask.run(FutureTask.java:138)
	at java.util.concurrent.ThreadPoolExecutor$Worker.runTask(ThreadPoolExecutor.java:895)
	at java.util.concurrent.ThreadPoolExecutor$Worker.run(ThreadPoolExecutor.java:918)
	at java.lang.Thread.run(Thread.java:680)

testTemplateBuilderWithImageIdSpecified(org.jclouds.trmk.vcloudexpress.compute.TerremarkVCloudExpressTemplateBuilderLiveTest)  Time elapsed: 5.799 sec  <<< FAILURE!
java.lang.AssertionError: expected [{image={id=https://services.vcloudexpress.terremark.com/api/v0.8a-ext1.6/vappTemplate/41, providerId=https://services.vcloudexpress.terremark.com/api/v0.8a-ext1.6/vappTemplate/41, uri=https://services.vcloudexpress.terremark.com/api/v0.8a-ext1.6/vappTemplate/41, name=Ubuntu Server 10.04 LTS x64, uri=https://services.vcloudexpress.terremark.com/api/v0.8a-ext1.6/vappTemplate/41, location={scope=REGION, id=https://services.vcloudexpress.terremark.com/api/v0.8a-ext1.6/org/48, description=adrian@jclouds.org, parent=trmk-vcloudexpress}, os={family=ubuntu, version=10.04, description=Ubuntu Server 10.04 LTS x64, is64Bit=true}, description=username: vcloud (SSH) or (Console)
password: TmrkCl0ud1s#1!
This template contains a base install of Ubuntu Server 10.04 LTS x64. The hostname and base IP will be set as part of the server creation process based on user input. Once deployment is complete, please connect via the console and change the vcloud password. To connect via SSH you must use your private key. Instructions for using public key authentication with SSH and Putty are available on the vCloud Express community site., status=AVAILABLE, loginUser=vcloud}, hardware={id=cpu=1,ram=512,disk=10, providerId=cpu=1,ram=512,disk=10, processors=[{cores=1.0, speed=1.0}], ram=512, volumes=[{type=LOCAL, size=10.0, bootDevice=true, durable=true}], hypervisor=VMware, supportsImage=ALWAYS_TRUE}, location={scope=ZONE, id=https://services.vcloudexpress.terremark.com/api/v0.8a-ext1.6/vdc/32, description=Miami Environment 1, parent=https://services.vcloudexpress.terremark.com/api/v0.8a-ext1.6/org/48}, options=TerremarkVCloudTemplateOptions [keyPair=null, noKeyPair=false, inboundPorts=[22], privateKey=false, publicKey=false, runScript=false, port:seconds=-1:-1, userMetadata: {}]}] but found [{image={id=https://services.vcloudexpress.terremark.com/api/v0.8a-ext1.6/vappTemplate/41, providerId=https://services.vcloudexpress.terremark.com/api/v0.8a-ext1.6/vappTemplate/41, uri=https://services.vcloudexpress.terremark.com/api/v0.8a-ext1.6/vappTemplate/41, name=Ubuntu Server 10.04 LTS x64, uri=https://services.vcloudexpress.terremark.com/api/v0.8a-ext1.6/vappTemplate/41, location={scope=REGION, id=https://services.vcloudexpress.terremark.com/api/v0.8a-ext1.6/org/48, description=adrian@jclouds.org, parent=trmk-vcloudexpress}, os={family=ubuntu, version=10.04, description=Ubuntu Server 10.04 LTS x64, is64Bit=true}, description=username: vcloud (SSH) or (Console)
password: TmrkCl0ud1s#1!
This template contains a base install of Ubuntu Server 10.04 LTS x64. The hostname and base IP will be set as part of the server creation process based on user input. Once deployment is complete, please connect via the console and change the vcloud password. To connect via SSH you must use your private key. Instructions for using public key authentication with SSH and Putty are available on the vCloud Express community site., status=AVAILABLE, loginUser=vcloud}, hardware={id=cpu=1,ram=512,disk=10, providerId=cpu=1,ram=512,disk=10, processors=[{cores=1.0, speed=1.0}], ram=512, volumes=[{type=LOCAL, size=10.0, bootDevice=true, durable=true}], hypervisor=VMware, supportsImage=ALWAYS_TRUE}, location={scope=REGION, id=https://services.vcloudexpress.terremark.com/api/v0.8a-ext1.6/org/48, description=adrian@jclouds.org, parent=trmk-vcloudexpress}, options=TerremarkVCloudTemplateOptions [keyPair=null, noKeyPair=false, inboundPorts=[22], privateKey=false, publicKey=false, runScript=false, port:seconds=-1:-1, userMetadata: {}]}]
	at org.testng.Assert.fail(Assert.java:94)
	at org.testng.Assert.failNotEquals(Assert.java:494)
	at org.testng.Assert.assertEquals(Assert.java:123)
	at org.testng.Assert.assertEquals(Assert.java:176)
	at org.testng.Assert.assertEquals(Assert.java:186)
	at org.jclouds.compute.internal.BaseTemplateBuilderLiveTest.testTemplateBuilderWithImageIdSpecified(BaseTemplateBuilderLiveTest.java:246)
	at sun.reflect.NativeMethodAccessorImpl.invoke0(Native Method)
	at sun.reflect.NativeMethodAccessorImpl.invoke(NativeMethodAccessorImpl.java:39)
	at sun.reflect.DelegatingMethodAccessorImpl.invoke(DelegatingMethodAccessorImpl.java:25)
	at java.lang.reflect.Method.invoke(Method.java:597)
	at org.testng.internal.MethodInvocationHelper.invokeMethod(MethodInvocationHelper.java:80)
	at org.testng.internal.Invoker.invokeMethod(Invoker.java:714)
	at org.testng.internal.Invoker.invokeTestMethod(Invoker.java:901)
	at org.testng.internal.Invoker.invokeTestMethods(Invoker.java:1231)
	at org.testng.internal.TestMethodWorker.invokeTestMethods(TestMethodWorker.java:127)
	at org.testng.internal.TestMethodWorker.run(TestMethodWorker.java:111)
	at org.testng.TestRunner.privateRun(TestRunner.java:767)
	at org.testng.TestRunner.run(TestRunner.java:617)
	at org.testng.SuiteRunner.runTest(SuiteRunner.java:334)
	at org.testng.SuiteRunner.access$000(SuiteRunner.java:37)
	at org.testng.SuiteRunner$SuiteWorker.run(SuiteRunner.java:368)
	at org.testng.internal.thread.ThreadUtil$2.call(ThreadUtil.java:64)
	at java.util.concurrent.FutureTask$Sync.innerRun(FutureTask.java:303)
	at java.util.concurrent.FutureTask.run(FutureTask.java:138)
	at java.util.concurrent.ThreadPoolExecutor$Worker.runTask(ThreadPoolExecutor.java:895)
	at java.util.concurrent.ThreadPoolExecutor$Worker.run(ThreadPoolExecutor.java:918)
	at java.lang.Thread.run(Thread.java:680)

testGetVDCNetwork(org.jclouds.trmk.vcloudexpress.TerremarkVCloudExpressClientLiveTest)  Time elapsed: 3.994 sec  <<< FAILURE!
java.util.NoSuchElementException: entity 10.114.34.128/26 in vdc Miami Environment 1, org adrian@jclouds.org not found in [bbbbbbbbbbbbbbb, ddddddddddddddd, vcx-block-1115]
	at org.jclouds.trmk.vcloud_0_8.binders.OrgNameVDCNameResourceEntityNameToEndpoint.getEndpointOfResourceInVDC(OrgNameVDCNameResourceEntityNameToEndpoint.java:51)
	at org.jclouds.trmk.vcloud_0_8.binders.OrgNameVDCNameResourceNameToEndpoint.bindToRequest(OrgNameVDCNameResourceNameToEndpoint.java:73)
	at org.jclouds.rest.internal.RestAnnotationProcessor.apply(RestAnnotationProcessor.java:315)
	at org.jclouds.rest.internal.RestAnnotationProcessor.apply(RestAnnotationProcessor.java:134)
	at org.jclouds.rest.internal.InvokeSyncToAsyncHttpMethod.toCommand(InvokeSyncToAsyncHttpMethod.java:242)
	at org.jclouds.rest.internal.InvokeSyncToAsyncHttpMethod.invoke(InvokeSyncToAsyncHttpMethod.java:127)
	at org.jclouds.rest.internal.InvokeSyncToAsyncHttpMethod.apply(InvokeSyncToAsyncHttpMethod.java:99)
	at org.jclouds.rest.internal.InvokeSyncToAsyncHttpMethod.apply(InvokeSyncToAsyncHttpMethod.java:60)
	at org.jclouds.rest.internal.DelegatesToInvocationFunction.handle(DelegatesToInvocationFunction.java:159)
	at org.jclouds.rest.internal.DelegatesToInvocationFunction.invoke(DelegatesToInvocationFunction.java:126)
	at com.sun.proxy.$Proxy67.findNetworkInOrgVDCNamed(Unknown Source)
	at org.jclouds.trmk.vcloud_0_8.TerremarkClientLiveTest.testGetVDCNetwork(TerremarkClientLiveTest.java:569)
	at sun.reflect.NativeMethodAccessorImpl.invoke0(Native Method)
	at sun.reflect.NativeMethodAccessorImpl.invoke(NativeMethodAccessorImpl.java:39)
	at sun.reflect.DelegatingMethodAccessorImpl.invoke(DelegatingMethodAccessorImpl.java:25)
	at java.lang.reflect.Method.invoke(Method.java:597)
	at org.testng.internal.MethodInvocationHelper.invokeMethod(MethodInvocationHelper.java:80)
	at org.testng.internal.Invoker.invokeMethod(Invoker.java:714)
	at org.testng.internal.Invoker.invokeTestMethod(Invoker.java:901)
	at org.testng.internal.Invoker.invokeTestMethods(Invoker.java:1231)
	at org.testng.internal.TestMethodWorker.invokeTestMethods(TestMethodWorker.java:127)
	at org.testng.internal.TestMethodWorker.run(TestMethodWorker.java:111)
	at org.testng.TestRunner.privateRun(TestRunner.java:767)
	at org.testng.TestRunner.run(TestRunner.java:617)
	at org.testng.SuiteRunner.runTest(SuiteRunner.java:334)
	at org.testng.SuiteRunner.access$000(SuiteRunner.java:37)
	at org.testng.SuiteRunner$SuiteWorker.run(SuiteRunner.java:368)
	at org.testng.internal.thread.ThreadUtil$2.call(ThreadUtil.java:64)
	at java.util.concurrent.FutureTask$Sync.innerRun(FutureTask.java:303)
	at java.util.concurrent.FutureTask.run(FutureTask.java:138)
	at java.util.concurrent.ThreadPoolExecutor$Worker.runTask(ThreadPoolExecutor.java:895)
	at java.util.concurrent.ThreadPoolExecutor$Worker.run(ThreadPoolExecutor.java:918)
	at java.lang.Thread.run(Thread.java:680)

testInstantiateAndPowerOn(org.jclouds.trmk.vcloudexpress.TerremarkVCloudExpressClientLiveTest)  Time elapsed: 16.495 sec  <<< FAILURE!
java.lang.IllegalStateException: Server with name "ddddddddddddddd" already exists.
	at org.jclouds.trmk.vcloud_0_8.handlers.ParseTerremarkVCloudErrorFromHttpResponse.handleError(ParseTerremarkVCloudErrorFromHttpResponse.java:63)
	at org.jclouds.http.handlers.DelegatingErrorHandler.handleError(DelegatingErrorHandler.java:71)
	at org.jclouds.http.internal.BaseHttpCommandExecutorService.shouldContinue(BaseHttpCommandExecutorService.java:182)
	at org.jclouds.http.internal.BaseHttpCommandExecutorService.invoke(BaseHttpCommandExecutorService.java:152)
	at org.jclouds.rest.internal.InvokeSyncToAsyncHttpMethod.invoke(InvokeSyncToAsyncHttpMethod.java:133)
	at org.jclouds.rest.internal.InvokeSyncToAsyncHttpMethod.apply(InvokeSyncToAsyncHttpMethod.java:99)
	at org.jclouds.rest.internal.InvokeSyncToAsyncHttpMethod.apply(InvokeSyncToAsyncHttpMethod.java:60)
	at org.jclouds.rest.internal.DelegatesToInvocationFunction.handle(DelegatesToInvocationFunction.java:159)
	at org.jclouds.rest.internal.DelegatesToInvocationFunction.invoke(DelegatesToInvocationFunction.java:126)
	at com.sun.proxy.$Proxy67.instantiateVAppTemplateInVDC(Unknown Source)
	at org.jclouds.trmk.vcloud_0_8.TerremarkClientLiveTest.testInstantiateAndPowerOn(TerremarkClientLiveTest.java:214)
	at sun.reflect.NativeMethodAccessorImpl.invoke0(Native Method)
	at sun.reflect.NativeMethodAccessorImpl.invoke(NativeMethodAccessorImpl.java:39)
	at sun.reflect.DelegatingMethodAccessorImpl.invoke(DelegatingMethodAccessorImpl.java:25)
	at java.lang.reflect.Method.invoke(Method.java:597)
	at org.testng.internal.MethodInvocationHelper.invokeMethod(MethodInvocationHelper.java:80)
	at org.testng.internal.Invoker.invokeMethod(Invoker.java:714)
	at org.testng.internal.Invoker.invokeTestMethod(Invoker.java:901)
	at org.testng.internal.Invoker.invokeTestMethods(Invoker.java:1231)
	at org.testng.internal.TestMethodWorker.invokeTestMethods(TestMethodWorker.java:127)
	at org.testng.internal.TestMethodWorker.run(TestMethodWorker.java:111)
	at org.testng.TestRunner.privateRun(TestRunner.java:767)
	at org.testng.TestRunner.run(TestRunner.java:617)
	at org.testng.SuiteRunner.runTest(SuiteRunner.java:334)
	at org.testng.SuiteRunner.access$000(SuiteRunner.java:37)
	at org.testng.SuiteRunner$SuiteWorker.run(SuiteRunner.java:368)
	at org.testng.internal.thread.ThreadUtil$2.call(ThreadUtil.java:64)
	at java.util.concurrent.FutureTask$Sync.innerRun(FutureTask.java:303)
	at java.util.concurrent.FutureTask.run(FutureTask.java:138)
	at java.util.concurrent.ThreadPoolExecutor$Worker.runTask(ThreadPoolExecutor.java:895)
	at java.util.concurrent.ThreadPoolExecutor$Worker.run(ThreadPoolExecutor.java:918)
	at java.lang.Thread.run(Thread.java:680)
Caused by: org.jclouds.http.HttpResponseException: command: POST https://services.vcloudexpress.terremark.com/api/v0.8a-ext1.6/vdc/32/action/instantiateVAppTemplate HTTP/1.1 failed with response: HTTP/1.1 500 Server with name "ddddddddddddddd" already exists.; content: [<html version="-//W3C//DTD XHTML 2.0//EN" xml:lang="en" xsi:schemaLocation="http://www.w3.org/1999/xhtml http://www.w3.org/MarkUp/SCHEMA/xhtml2.xsd" xmlns="http://www.w3.org/1999/xhtml" xmlns:xsi="http://www.w3.org/2001/XMLSchema-instance"><HEAD><TITLE>Request Error</TITLE></HEAD><BODY><DIV id="content"><P class="heading1"><B>Error Status Code:</B> 'InternalServerError'</P><P><B>Details: </B>Server with name "ddddddddddddddd" already exists.</P><!-- Padding xxxxxxxxxxxxxxxxxxxxxxxxxxxxxxxxxxxxxxxxxxxxxxxxxxxxxxxxxxxxxxxxxxxxxxxxxxxxxxxxxxxxxxxxxxxxxxxxxxxxxxxxxxxxxxxxxxxxxxxxxxxxxxxxxxxxxxxxxxxxxxxxxxxxxxxxxxxxxxxxxxxxxxxxxxxxxxxxxxxxxxxxxxxxxxxxxxxxxxxxxxxxxxxxxxxxxxxxxxxxxxxxxxxxxxxxxxxxxxxxxxxxxxxxxxxxxxxxxxxxxxxxxxxxxxxxxxxxxxxxxxxxxxxxxxxxxxxxxxxxxxxxxxxxxxxxxxxxxxxxxxxxxxxxxxxxxxxxxxxxxxxxxxxxxxxxxxxxxxxxxxxxxxxxxxxxxxxxxxxxxxxxxxxxxxxxxxxxxxxxxxxxxxxxxxxxxxxxxxxxxxxxxxxxxxxxxxxxxxxxxxxxxxxxxxxxxxxxxxxxxxxxxxxxxxxxxxxxxxxxxxxxxxxxxxxxxxxxxxxxxxxxxxxxxxxx--></DIV></BODY></html>]
	at org.jclouds.trmk.vcloud_0_8.handlers.ParseTerremarkVCloudErrorFromHttpResponse.handleError(ParseTerremarkVCloudErrorFromHttpResponse.java:58)
	... 31 more
Caused by: org.jclouds.http.HttpResponseException: command: POST https://services.vcloudexpress.terremark.com/api/v0.8a-ext1.6/vdc/32/action/instantiateVAppTemplate HTTP/1.1 failed with response: HTTP/1.1 500 Server with name "ddddddddddddddd" already exists.; content: [<html version="-//W3C//DTD XHTML 2.0//EN" xml:lang="en" xsi:schemaLocation="http://www.w3.org/1999/xhtml http://www.w3.org/MarkUp/SCHEMA/xhtml2.xsd" xmlns="http://www.w3.org/1999/xhtml" xmlns:xsi="http://www.w3.org/2001/XMLSchema-instance"><HEAD><TITLE>Request Error</TITLE></HEAD><BODY><DIV id="content"><P class="heading1"><B>Error Status Code:</B> 'InternalServerError'</P><P><B>Details: </B>Server with name "ddddddddddddddd" already exists.</P><!-- Padding xxxxxxxxxxxxxxxxxxxxxxxxxxxxxxxxxxxxxxxxxxxxxxxxxxxxxxxxxxxxxxxxxxxxxxxxxxxxxxxxxxxxxxxxxxxxxxxxxxxxxxxxxxxxxxxxxxxxxxxxxxxxxxxxxxxxxxxxxxxxxxxxxxxxxxxxxxxxxxxxxxxxxxxxxxxxxxxxxxxxxxxxxxxxxxxxxxxxxxxxxxxxxxxxxxxxxxxxxxxxxxxxxxxxxxxxxxxxxxxxxxxxxxxxxxxxxxxxxxxxxxxxxxxxxxxxxxxxxxxxxxxxxxxxxxxxxxxxxxxxxxxxxxxxxxxxxxxxxxxxxxxxxxxxxxxxxxxxxxxxxxxxxxxxxxxxxxxxxxxxxxxxxxxxxxxxxxxxxxxxxxxxxxxxxxxxxxxxxxxxxxxxxxxxxxxxxxxxxxxxxxxxxxxxxxxxxxxxxxxxxxxxxxxxxxxxxxxxxxxxxxxxxxxxxxxxxxxxxxxxxxxxxxxxxxxxxxxxxxxxxxxxxxxxxxxx--></DIV></BODY></html>]
	at org.jclouds.trmk.vcloud_0_8.handlers.ParseTerremarkVCloudErrorFromHttpResponse.handleError(ParseTerremarkVCloudErrorFromHttpResponse.java:58)
	... 31 more

testPropertiesCanOverrideDefaultNetwork(org.jclouds.trmk.vcloudexpress.TerremarkVCloudExpressClientLiveTest)  Time elapsed: 4.298 sec  <<< FAILURE!
java.util.NoSuchElementException: entity 10.114.34.128/26 in vdc Miami Environment 1, org adrian@jclouds.org not found in [bbbbbbbbbbbbbbb, ddddddddddddddd, vcx-block-1115]
	at org.jclouds.trmk.vcloud_0_8.binders.OrgNameVDCNameResourceEntityNameToEndpoint.getEndpointOfResourceInVDC(OrgNameVDCNameResourceEntityNameToEndpoint.java:51)
	at org.jclouds.trmk.vcloud_0_8.binders.OrgNameVDCNameResourceNameToEndpoint.bindToRequest(OrgNameVDCNameResourceNameToEndpoint.java:73)
	at org.jclouds.rest.internal.RestAnnotationProcessor.apply(RestAnnotationProcessor.java:315)
	at org.jclouds.rest.internal.RestAnnotationProcessor.apply(RestAnnotationProcessor.java:134)
	at org.jclouds.rest.internal.InvokeSyncToAsyncHttpMethod.toCommand(InvokeSyncToAsyncHttpMethod.java:242)
	at org.jclouds.rest.internal.InvokeSyncToAsyncHttpMethod.invoke(InvokeSyncToAsyncHttpMethod.java:127)
	at org.jclouds.rest.internal.InvokeSyncToAsyncHttpMethod.apply(InvokeSyncToAsyncHttpMethod.java:99)
	at org.jclouds.rest.internal.InvokeSyncToAsyncHttpMethod.apply(InvokeSyncToAsyncHttpMethod.java:60)
	at org.jclouds.rest.internal.DelegatesToInvocationFunction.handle(DelegatesToInvocationFunction.java:159)
	at org.jclouds.rest.internal.DelegatesToInvocationFunction.invoke(DelegatesToInvocationFunction.java:126)
	at com.sun.proxy.$Proxy67.findNetworkInOrgVDCNamed(Unknown Source)
	at org.jclouds.trmk.vcloud_0_8.TerremarkClientLiveTest.testPropertiesCanOverrideDefaultNetwork(TerremarkClientLiveTest.java:592)
	at sun.reflect.NativeMethodAccessorImpl.invoke0(Native Method)
	at sun.reflect.NativeMethodAccessorImpl.invoke(NativeMethodAccessorImpl.java:39)
	at sun.reflect.DelegatingMethodAccessorImpl.invoke(DelegatingMethodAccessorImpl.java:25)
	at java.lang.reflect.Method.invoke(Method.java:597)
	at org.testng.internal.MethodInvocationHelper.invokeMethod(MethodInvocationHelper.java:80)
	at org.testng.internal.Invoker.invokeMethod(Invoker.java:714)
	at org.testng.internal.Invoker.invokeTestMethod(Invoker.java:901)
	at org.testng.internal.Invoker.invokeTestMethods(Invoker.java:1231)
	at org.testng.internal.TestMethodWorker.invokeTestMethods(TestMethodWorker.java:127)
	at org.testng.internal.TestMethodWorker.run(TestMethodWorker.java:111)
	at org.testng.TestRunner.privateRun(TestRunner.java:767)
	at org.testng.TestRunner.run(TestRunner.java:617)
	at org.testng.SuiteRunner.runTest(SuiteRunner.java:334)
	at org.testng.SuiteRunner.access$000(SuiteRunner.java:37)
	at org.testng.SuiteRunner$SuiteWorker.run(SuiteRunner.java:368)
	at org.testng.internal.thread.ThreadUtil$2.call(ThreadUtil.java:64)
	at java.util.concurrent.FutureTask$Sync.innerRun(FutureTask.java:303)
	at java.util.concurrent.FutureTask.run(FutureTask.java:138)
	at java.util.concurrent.ThreadPoolExecutor$Worker.runTask(ThreadPoolExecutor.java:895)
	at java.util.concurrent.ThreadPoolExecutor$Worker.run(ThreadPoolExecutor.java:918)
	at java.lang.Thread.run(Thread.java:680)


Results :

Failed tests:   testImageById(org.jclouds.trmk.vcloudexpress.compute.TerremarkVCloudExpressComputeServiceLiveTest): parent
  testCreateAndRunAService(org.jclouds.trmk.vcloudexpress.compute.TerremarkVCloudExpressComputeServiceLiveTest): node tags did not match [vcxs] {id=https://services.vcloudexpress.terremark.com/api/v0.8a-ext1.6/vapp/505445, providerId=https://services.vcloudexpress.terremark.com/api/v0.8a-ext1.6/vapp/505445, uri=https://services.vcloudexpress.terremark.com/api/v0.8a-ext1.6/vapp/505445, name=vcxs-483, uri=https://services.vcloudexpress.terremark.com/api/v0.8a-ext1.6/vapp/505445, location={scope=ZONE, id=https://services.vcloudexpress.terremark.com/api/v0.8a-ext1.6/vdc/32, description=Miami Environment 1, parent=https://services.vcloudexpress.terremark.com/api/v0.8a-ext1.6/org/48}, group=vcxs, os={family=ubuntu, name=46, version=, description=Ubuntu Linux (64-bit), is64Bit=true}, status=RUNNING, loginPort=22, hostname=vcxs-483, privateAddresses=[10.114.34.134], publicAddresses=[204.51.115.134], hardware={id=https://services.vcloudexpress.terremark.com/api/v0.8a-ext1.6/vapp/505445, providerId=https://services.vcloudexpress.terremark.com/api/v0.8a-ext1.6/vapp/505445, name=vcxs-483, location={scope=ZONE, id=https://services.vcloudexpress.terremark.com/api/v0.8a-ext1.6/vdc/32, description=Miami Environment 1, parent=https://services.vcloudexpress.terremark.com/api/v0.8a-ext1.6/org/48}, processors=[{cores=1.0, speed=1.0}], ram=512, volumes=[{id=0, type=LOCAL, size=4.0, bootDevice=true, durable=true}], hypervisor=VMware, supportsImage=idEquals(https://services.vcloudexpress.terremark.com/api/v0.8a-ext1.6/vapp/505445)}, loginUser=vcloud}
  testAScriptExecutionAfterBootWithBasicTemplate(org.jclouds.trmk.vcloudexpress.compute.TerremarkVCloudExpressComputeServiceLiveTest): error runScript on filtered nodes options({loginUser=vcloud, loginPasswordPresent=true, loginPrivateKeyPresent=true, authenticateSudo=true, runAsRoot=false, wrapInInitScript=false})(..)
  testCreateTwoNodesWithRunScript(org.jclouds.trmk.vcloudexpress.compute.TerremarkVCloudExpressComputeServiceLiveTest): error running 2 nodes group(vcx) location(https://services.vcloudexpress.terremark.com/api/v0.8a-ext1.6/vdc/32) image(https://services.vcloudexpress.terremark.com/api/v0.8a-ext1.6/vappTemplate/41) size(cpu=1,ram=512,disk=10) options(TerremarkVCloudTemplateOptions [keyPair=6e:d1:7c:cc:46:03:45:81:bc:35:ec:2d:de:f8:b5:10, noKeyPair=false, inboundPorts=[22], privateKey=false, publicKey=false, runScript=true, port:seconds=-1:-1, userMetadata: {}])(..)
  testTemplateBuilderWithImageIdSpecified(org.jclouds.trmk.vcloudexpress.compute.TerremarkVCloudExpressTemplateBuilderLiveTest): expected [{image={id=https://services.vcloudexpress.terremark.com/api/v0.8a-ext1.6/vappTemplate/41, providerId=https://services.vcloudexpress.terremark.com/api/v0.8a-ext1.6/vappTemplate/41, uri=https://services.vcloudexpress.terremark.com/api/v0.8a-ext1.6/vappTemplate/41, name=Ubuntu Server 10.04 LTS x64, uri=https://services.vcloudexpress.terremark.com/api/v0.8a-ext1.6/vappTemplate/41, location={scope=REGION, id=https://services.vcloudexpress.terremark.com/api/v0.8a-ext1.6/org/48, description=adrian@jclouds.org, parent=trmk-vcloudexpress}, os={family=ubuntu, version=10.04, description=Ubuntu Server 10.04 LTS x64, is64Bit=true}, description=username: vcloud (SSH) or (Console)(..)
  testGetVDCNetwork(org.jclouds.trmk.vcloudexpress.TerremarkVCloudExpressClientLiveTest): entity 10.114.34.128/26 in vdc Miami Environment 1, org adrian@jclouds.org not found in [bbbbbbbbbbbbbbb, ddddddddddddddd, vcx-block-1115]
  testInstantiateAndPowerOn(org.jclouds.trmk.vcloudexpress.TerremarkVCloudExpressClientLiveTest): Server with name "ddddddddddddddd" already exists.
  testPropertiesCanOverrideDefaultNetwork(org.jclouds.trmk.vcloudexpress.TerremarkVCloudExpressClientLiveTest): entity 10.114.34.128/26 in vdc Miami Environment 1, org adrian@jclouds.org not found in [bbbbbbbbbbbbbbb, ddddddddddddddd, vcx-block-1115]

Tests run: 145, Failures: 8, Errors: 0, Skipped: 13

[INFO] ------------------------------------------------------------------------
[INFO] BUILD FAILURE
[INFO] ------------------------------------------------------------------------
[INFO] Total time: 41:44.606s
[INFO] Finished at: Sat Apr 27 22:13:26 PDT 2013
[INFO] Final Memory: 18M/125M
[INFO] ------------------------------------------------------------------------
[ERROR] Failed to execute goal org.apache.maven.plugins:maven-surefire-plugin:2.12.4:test (integration) on project trmk-vcloudexpress: There are test failures.
[ERROR] 
[ERROR] Please refer to /private/tmp/jclouds/providers/trmk-vcloudexpress/target/surefire-reports for the individual test results.
[ERROR] -> [Help 1]
[ERROR] 
[ERROR] To see the full stack trace of the errors, re-run Maven with the -e switch.
[ERROR] Re-run Maven using the -X switch to enable full debug logging.
[ERROR] 
[ERROR] For more information about the errors and possible solutions, please read the following articles:
[ERROR] [Help 1] http://cwiki.apache.org/confluence/display/MAVEN/MojoFailureException
