[INFO] Scanning for projects...
[WARNING] 
[WARNING] Some problems were encountered while building the effective model for org.jclouds.api:vcloud:bundle:1.6.0-SNAPSHOT
[WARNING] 'parent.relativePath' of POM org.jclouds:jclouds-project:1.6.0-SNAPSHOT (/private/tmp/jclouds/project/pom.xml) points at org.jclouds:jclouds-multi instead of org.sonatype.oss:oss-parent, please verify your project structure @ org.jclouds:jclouds-project:1.6.0-SNAPSHOT, /private/tmp/jclouds/project/pom.xml, line 24, column 13
[WARNING] 
[WARNING] It is highly recommended to fix these problems because they threaten the stability of your build.
[WARNING] 
[WARNING] For this reason, future Maven versions might no longer support building such malformed projects.
[WARNING] 
[INFO]                                                                         
[INFO] ------------------------------------------------------------------------
[INFO] Building jcloud vcloud api 1.6.0-SNAPSHOT
[INFO] ------------------------------------------------------------------------
[INFO] 
[INFO] --- maven-clean-plugin:2.4.1:clean (default-clean) @ vcloud ---
[INFO] 
[INFO] --- maven-enforcer-plugin:1.1.1:enforce (enforce-maven) @ vcloud ---
[INFO] 
[INFO] --- maven-enforcer-plugin:1.1.1:enforce (enforce-banned-dependencies) @ vcloud ---
[INFO] 
[INFO] --- maven-enforcer-plugin:1.1.1:enforce (enforce-java) @ vcloud ---
[INFO] 
[INFO] --- maven-remote-resources-plugin:1.4:process (process-remote-resources) @ vcloud ---
[INFO] 
[INFO] --- maven-resources-plugin:2.6:resources (default-resources) @ vcloud ---
[INFO] Using 'UTF-8' encoding to copy filtered resources.
[INFO] skip non existing resourceDirectory /private/tmp/jclouds/apis/vcloud/src/main/clojure
[INFO] Copying 1 resource
[INFO] Copying 2 resources
[INFO] 
[INFO] --- maven-compiler-plugin:2.5.1:compile (default-compile) @ vcloud ---
[INFO] Compiling 189 source files to /private/tmp/jclouds/apis/vcloud/target/classes
[INFO] 
[INFO] --- maven-resources-plugin:2.6:testResources (default-testResources) @ vcloud ---
[INFO] Using 'UTF-8' encoding to copy filtered resources.
[INFO] skip non existing resourceDirectory /private/tmp/jclouds/apis/vcloud/src/test/clojure
[INFO] Copying 70 resources
[INFO] Copying 2 resources
[INFO] 
[INFO] --- maven-compiler-plugin:2.5.1:testCompile (default-testCompile) @ vcloud ---
[INFO] Compiling 62 source files to /private/tmp/jclouds/apis/vcloud/target/test-classes
[INFO] 
[INFO] --- maven-surefire-plugin:2.12.4:test (default-test) @ vcloud ---
[INFO] Surefire report directory: /private/tmp/jclouds/apis/vcloud/target/surefire-reports

-------------------------------------------------------
 T E S T S
-------------------------------------------------------
Running TestSuite
Configuring TestNG with: org.apache.maven.surefire.testng.conf.TestNG652Configurator@244aeb52
Starting test testDefault(org.jclouds.vcloud.binders.BindCatalogItemToXmlPayloadTest)
Starting test testDefault(org.jclouds.vcloud.binders.BindCloneVAppTemplateParamsToXmlPayloadTest)
Starting test testWithDescriptionDeployOn(org.jclouds.vcloud.binders.BindCloneVAppParamsToXmlPayloadTest)
Starting test testWithDescriptionDeployOnSourceDelete(org.jclouds.vcloud.binders.BindCloneVAppParamsToXmlPayloadTest)
Starting test testDefault(org.jclouds.vcloud.binders.BindCloneVAppParamsToXmlPayloadTest)
[pool-1-thread-3] Test testWithDescriptionDeployOn(org.jclouds.vcloud.binders.BindCloneVAppParamsToXmlPayloadTest) succeeded: 133ms
Test suite progress: tests succeeded: 1, failed: 0, skipped: 0.
[pool-1-thread-5] Test testDefault(org.jclouds.vcloud.binders.BindCloneVAppTemplateParamsToXmlPayloadTest) succeeded: 133ms
Test suite progress: tests succeeded: 2, failed: 0, skipped: 0.
[pool-1-thread-4] Test testWithDescriptionDeployOnSourceDelete(org.jclouds.vcloud.binders.BindCloneVAppParamsToXmlPayloadTest) succeeded: 134ms
Test suite progress: tests succeeded: 3, failed: 0, skipped: 0.
[pool-1-thread-2] Test testDefault(org.jclouds.vcloud.binders.BindCloneVAppParamsToXmlPayloadTest) succeeded: 134ms
Test suite progress: tests succeeded: 4, failed: 0, skipped: 0.
[pool-1-thread-1] Test testDefault(org.jclouds.vcloud.binders.BindCatalogItemToXmlPayloadTest) succeeded: 134ms
Starting test testWithDescriptionSourceDelete(org.jclouds.vcloud.binders.BindCloneVAppTemplateParamsToXmlPayloadTest)
Starting test testWithDescription(org.jclouds.vcloud.binders.BindCloneVAppTemplateParamsToXmlPayloadTest)
Starting test testDefault(org.jclouds.vcloud.binders.BindDeployVAppParamsToXmlPayloadTest)
Test suite progress: tests succeeded: 5, failed: 0, skipped: 0.
Starting test testPowerOnTrue(org.jclouds.vcloud.binders.BindDeployVAppParamsToXmlPayloadTest)
Starting test testDefault(org.jclouds.vcloud.binders.BindInstantiateVAppTemplateParamsToXmlPayloadTest)
[pool-1-thread-3] Test testWithDescription(org.jclouds.vcloud.binders.BindCloneVAppTemplateParamsToXmlPayloadTest) succeeded: 5ms
Test suite progress: tests succeeded: 6, failed: 0, skipped: 0.
[pool-1-thread-5] Test testWithDescriptionSourceDelete(org.jclouds.vcloud.binders.BindCloneVAppTemplateParamsToXmlPayloadTest) succeeded: 5ms
Test suite progress: tests succeeded: 7, failed: 0, skipped: 0.
Starting test testDescription(org.jclouds.vcloud.binders.BindInstantiateVAppTemplateParamsToXmlPayloadTest)
Starting test testWhenTemplateDoesntExist(org.jclouds.vcloud.binders.BindInstantiateVAppTemplateParamsToXmlPayloadTest)
[pool-1-thread-4] Test testDefault(org.jclouds.vcloud.binders.BindDeployVAppParamsToXmlPayloadTest) succeeded: 8ms
Test suite progress: tests succeeded: 8, failed: 0, skipped: 0.
[pool-1-thread-2] Test testPowerOnTrue(org.jclouds.vcloud.binders.BindDeployVAppParamsToXmlPayloadTest) succeeded: 8ms
Test suite progress: tests succeeded: 9, failed: 0, skipped: 0.
Starting test testWithNetworkNameFenceMode(org.jclouds.vcloud.binders.BindInstantiateVAppTemplateParamsToXmlPayloadTest)
Starting test testDefault(org.jclouds.vcloud.binders.BindUndeployVAppParamsToXmlPayloadTest)
[pool-1-thread-2] Test testDefault(org.jclouds.vcloud.binders.BindUndeployVAppParamsToXmlPayloadTest) succeeded: 6ms
Test suite progress: tests succeeded: 10, failed: 0, skipped: 0.
Starting test testSaveStateTrue(org.jclouds.vcloud.binders.BindUndeployVAppParamsToXmlPayloadTest)
[pool-1-thread-2] Test testSaveStateTrue(org.jclouds.vcloud.binders.BindUndeployVAppParamsToXmlPayloadTest) succeeded: 3ms
Test suite progress: tests succeeded: 11, failed: 0, skipped: 0.
Starting test testTerremark(org.jclouds.vcloud.xml.CatalogHandlerTest)
[pool-1-thread-3] Test testDescription(org.jclouds.vcloud.binders.BindInstantiateVAppTemplateParamsToXmlPayloadTest) succeeded: 53ms
Test suite progress: tests succeeded: 12, failed: 0, skipped: 0.
[pool-1-thread-5] Test testWhenTemplateDoesntExist(org.jclouds.vcloud.binders.BindInstantiateVAppTemplateParamsToXmlPayloadTest) succeeded: 53ms
Test suite progress: tests succeeded: 13, failed: 0, skipped: 0.
Starting test testVCloud1_0(org.jclouds.vcloud.xml.CatalogHandlerTest)
Starting test testApplyInputStream(org.jclouds.vcloud.xml.CatalogItemHandlerTest)
[pool-1-thread-1] Test testDefault(org.jclouds.vcloud.binders.BindInstantiateVAppTemplateParamsToXmlPayloadTest) succeeded: 59ms
Test suite progress: tests succeeded: 14, failed: 0, skipped: 0.
Starting test testApplyInputStreamWithNamespaceUsingDefault(org.jclouds.vcloud.xml.CatalogItemHandlerTest)
[pool-1-thread-4] Test testWithNetworkNameFenceMode(org.jclouds.vcloud.binders.BindInstantiateVAppTemplateParamsToXmlPayloadTest) succeeded: 51ms
Test suite progress: tests succeeded: 15, failed: 0, skipped: 0.
Starting test testApplyInputStreamWithNamespaceUsingVcloud(org.jclouds.vcloud.xml.CatalogItemHandlerTest)
[pool-1-thread-3] Test testVCloud1_0(org.jclouds.vcloud.xml.CatalogHandlerTest) succeeded: 6ms
Test suite progress: tests succeeded: 16, failed: 0, skipped: 0.
[pool-1-thread-2] Test testTerremark(org.jclouds.vcloud.xml.CatalogHandlerTest) succeeded: 50ms
Test suite progress: tests succeeded: 17, failed: 0, skipped: 0.
Starting test testGracefulWhenHrefIsntLocationId(org.jclouds.vcloud.compute.functions.FindLocationForResourceTest)
Starting test testGracefulWhenLocationIdIsntURI(org.jclouds.vcloud.compute.functions.FindLocationForResourceTest)
[pool-1-thread-3] Test testGracefulWhenHrefIsntLocationId(org.jclouds.vcloud.compute.functions.FindLocationForResourceTest) succeeded: 1ms
Test suite progress: tests succeeded: 18, failed: 0, skipped: 0.
[pool-1-thread-2] Test testGracefulWhenLocationIdIsntURI(org.jclouds.vcloud.compute.functions.FindLocationForResourceTest) succeeded: 2ms
Test suite progress: tests succeeded: 19, failed: 0, skipped: 0.
Starting test testMatchWhenIdIsHref(org.jclouds.vcloud.compute.functions.FindLocationForResourceTest)
Starting test testAddNetworkConfig(org.jclouds.vcloud.options.InstantiateVAppTemplateOptionsTest)
[pool-1-thread-3] Test testMatchWhenIdIsHref(org.jclouds.vcloud.compute.functions.FindLocationForResourceTest) succeeded: 0ms
Test suite progress: tests succeeded: 20, failed: 0, skipped: 0.
Starting test testAddNetworkConfigStatic(org.jclouds.vcloud.options.InstantiateVAppTemplateOptionsTest)
[pool-1-thread-2] Test testAddNetworkConfig(org.jclouds.vcloud.options.InstantiateVAppTemplateOptionsTest) succeeded: 0ms
Test suite progress: tests succeeded: 21, failed: 0, skipped: 0.
[pool-1-thread-3] Test testAddNetworkConfigStatic(org.jclouds.vcloud.options.InstantiateVAppTemplateOptionsTest) succeeded: 0ms
Test suite progress: tests succeeded: 22, failed: 0, skipped: 0.
Starting test testDescription(org.jclouds.vcloud.options.InstantiateVAppTemplateOptionsTest)
Starting test testDescriptionStatic(org.jclouds.vcloud.options.InstantiateVAppTemplateOptionsTest)
[pool-1-thread-2] Test testDescription(org.jclouds.vcloud.options.InstantiateVAppTemplateOptionsTest) succeeded: 1ms
Test suite progress: tests succeeded: 23, failed: 0, skipped: 0.
[pool-1-thread-3] Test testDescriptionStatic(org.jclouds.vcloud.options.InstantiateVAppTemplateOptionsTest) succeeded: 0ms
Test suite progress: tests succeeded: 24, failed: 0, skipped: 0.
Starting test testVCloud1_0(org.jclouds.vcloud.xml.NetworkConnectionSectionHandlerTest)
Starting test testApplyInputStream(org.jclouds.vcloud.xml.OrgHandlerTest)
[pool-1-thread-4] Test testApplyInputStreamWithNamespaceUsingVcloud(org.jclouds.vcloud.xml.CatalogItemHandlerTest) succeeded: 16ms
Test suite progress: tests succeeded: 25, failed: 0, skipped: 0.
[pool-1-thread-1] Test testApplyInputStreamWithNamespaceUsingDefault(org.jclouds.vcloud.xml.CatalogItemHandlerTest) succeeded: 17ms
Test suite progress: tests succeeded: 26, failed: 0, skipped: 0.
Starting test testHosting(org.jclouds.vcloud.xml.OrgHandlerTest)
Starting test testSavvis(org.jclouds.vcloud.xml.OrgHandlerTest)
[pool-1-thread-5] Test testApplyInputStream(org.jclouds.vcloud.xml.CatalogItemHandlerTest) succeeded: 20ms
Test suite progress: tests succeeded: 27, failed: 0, skipped: 0.
Starting test testTerremark(org.jclouds.vcloud.xml.OrgHandlerTest)
[pool-1-thread-3] Test testApplyInputStream(org.jclouds.vcloud.xml.OrgHandlerTest) succeeded: 12ms
Test suite progress: tests succeeded: 28, failed: 0, skipped: 0.
Starting test testBridged(org.jclouds.vcloud.xml.OrgNetworkHandlerTest)
[pool-1-thread-4] Test testHosting(org.jclouds.vcloud.xml.OrgHandlerTest) succeeded: 12ms
Test suite progress: tests succeeded: 29, failed: 0, skipped: 0.
Starting test testIsolated(org.jclouds.vcloud.xml.OrgNetworkHandlerTest)
[pool-1-thread-2] Test testVCloud1_0(org.jclouds.vcloud.xml.NetworkConnectionSectionHandlerTest) succeeded: 25ms
Test suite progress: tests succeeded: 30, failed: 0, skipped: 0.
Starting test test401SetsAuthorizationException(org.jclouds.vcloud.handlers.ParseVCloudErrorFromHttpResponseTest)
[pool-1-thread-1] Test testSavvis(org.jclouds.vcloud.xml.OrgHandlerTest) succeeded: 28ms
Test suite progress: tests succeeded: 31, failed: 0, skipped: 0.
[pool-1-thread-5] Test testTerremark(org.jclouds.vcloud.xml.OrgHandlerTest) succeeded: 26ms
Test suite progress: tests succeeded: 32, failed: 0, skipped: 0.
Starting test testDelete404SetsHttpResponseException(org.jclouds.vcloud.handlers.ParseVCloudErrorFromHttpResponseTest)
Starting test testGet403NoAcessToEntitySetsResourceNotFoundException(org.jclouds.vcloud.handlers.ParseVCloudErrorFromHttpResponseTest)
[pool-1-thread-3] Test testBridged(org.jclouds.vcloud.xml.OrgNetworkHandlerTest) succeeded: 31ms
Test suite progress: tests succeeded: 33, failed: 0, skipped: 0.
[pool-1-thread-4] Test testIsolated(org.jclouds.vcloud.xml.OrgNetworkHandlerTest) succeeded: 25ms
Test suite progress: tests succeeded: 34, failed: 0, skipped: 0.
Starting test testGet403NoAcessToEntitySetsResourceNotFoundExceptionOnAPI1_0AgainstVCD1_5(org.jclouds.vcloud.handlers.ParseVCloudErrorFromHttpResponseTest)
Starting test testGet404SetsResourceNotFoundException(org.jclouds.vcloud.handlers.ParseVCloudErrorFromHttpResponseTest)
[pool-1-thread-5] Test testGet403NoAcessToEntitySetsResourceNotFoundException(org.jclouds.vcloud.handlers.ParseVCloudErrorFromHttpResponseTest) succeeded: 90ms
Test suite progress: tests succeeded: 35, failed: 0, skipped: 0.
[pool-1-thread-3] Test testGet403NoAcessToEntitySetsResourceNotFoundExceptionOnAPI1_0AgainstVCD1_5(org.jclouds.vcloud.handlers.ParseVCloudErrorFromHttpResponseTest) succeeded: 82ms
Test suite progress: tests succeeded: 36, failed: 0, skipped: 0.
Starting test testPOSTNotRunningSetsIllegalStateException(org.jclouds.vcloud.handlers.ParseVCloudErrorFromHttpResponseTest)
Starting test testApplyInputStream(org.jclouds.vcloud.xml.SupportedVersionsHandlerTest)
[pool-1-thread-2] Test test401SetsAuthorizationException(org.jclouds.vcloud.handlers.ParseVCloudErrorFromHttpResponseTest) succeeded: 102ms
Test suite progress: tests succeeded: 37, failed: 0, skipped: 0.
[pool-1-thread-1] Test testDelete404SetsHttpResponseException(org.jclouds.vcloud.handlers.ParseVCloudErrorFromHttpResponseTest) succeeded: 93ms
Test suite progress: tests succeeded: 38, failed: 0, skipped: 0.
[pool-1-thread-4] Test testGet404SetsResourceNotFoundException(org.jclouds.vcloud.handlers.ParseVCloudErrorFromHttpResponseTest) succeeded: 84ms
Test suite progress: tests succeeded: 39, failed: 0, skipped: 0.
Starting test testRhelOffStatic(org.jclouds.vcloud.xml.VAppHandlerTest)
Starting test testCopyingTemplate(org.jclouds.vcloud.xml.VAppTemplateHandlerTest)
Starting test testUbuntuTemplate(org.jclouds.vcloud.xml.VAppTemplateHandlerTest)
[pool-1-thread-5] Test testPOSTNotRunningSetsIllegalStateException(org.jclouds.vcloud.handlers.ParseVCloudErrorFromHttpResponseTest) succeeded: 7ms
Test suite progress: tests succeeded: 40, failed: 0, skipped: 0.
Starting test testVAppTemplateWithNewlinesAndNamespacedElements(org.jclouds.vcloud.xml.VAppTemplateHandlerTest)
[pool-1-thread-3] Test testApplyInputStream(org.jclouds.vcloud.xml.SupportedVersionsHandlerTest) succeeded: 20ms
Test suite progress: tests succeeded: 41, failed: 0, skipped: 0.
Starting test testGracefulWhenNoIPs(org.jclouds.vcloud.compute.functions.VAppToNodeMetadataTest)
[pool-1-thread-5] Test testVAppTemplateWithNewlinesAndNamespacedElements(org.jclouds.vcloud.xml.VAppTemplateHandlerTest) succeeded: 96ms
Test suite progress: tests succeeded: 42, failed: 0, skipped: 0.
Starting test testGracefulWhenVDCIsNotLocation(org.jclouds.vcloud.compute.functions.VAppToNodeMetadataTest)
[pool-1-thread-4] Test testUbuntuTemplate(org.jclouds.vcloud.xml.VAppTemplateHandlerTest) succeeded: 103ms
Test suite progress: tests succeeded: 43, failed: 0, skipped: 0.
Starting test testWhenVDCIsLocation(org.jclouds.vcloud.compute.functions.VAppToNodeMetadataTest)
[pool-1-thread-1] Test testCopyingTemplate(org.jclouds.vcloud.xml.VAppTemplateHandlerTest) succeeded: 109ms
Test suite progress: tests succeeded: 44, failed: 0, skipped: 0.
Starting test testWithEncodedMetadata(org.jclouds.vcloud.compute.functions.VAppToNodeMetadataTest)
[pool-1-thread-2] Test testRhelOffStatic(org.jclouds.vcloud.xml.VAppHandlerTest) succeeded: 133ms
Test suite progress: tests succeeded: 45, failed: 0, skipped: 0.
Starting test testWithMetadataNoNewLines(org.jclouds.vcloud.compute.functions.VAppToNodeMetadataTest)
[pool-1-thread-5] Test testGracefulWhenVDCIsNotLocation(org.jclouds.vcloud.compute.functions.VAppToNodeMetadataTest) succeeded: 49ms
Test suite progress: tests succeeded: 46, failed: 0, skipped: 0.
Starting test testWithMetadataParseException(org.jclouds.vcloud.compute.functions.VAppToNodeMetadataTest)
[pool-1-thread-3] Test testGracefulWhenNoIPs(org.jclouds.vcloud.compute.functions.VAppToNodeMetadataTest) succeeded: 150ms
Test suite progress: tests succeeded: 47, failed: 0, skipped: 0.
Starting test testListHardwareProfiles(org.jclouds.vcloud.compute.strategy.VCloudComputeServiceAdapterTest)
[pool-1-thread-2] Test testWithMetadataNoNewLines(org.jclouds.vcloud.compute.functions.VAppToNodeMetadataTest) succeeded: 38ms
Test suite progress: tests succeeded: 48, failed: 0, skipped: 0.
[pool-1-thread-4] Test testWhenVDCIsLocation(org.jclouds.vcloud.compute.functions.VAppToNodeMetadataTest) succeeded: 68ms
Test suite progress: tests succeeded: 49, failed: 0, skipped: 0.
[pool-1-thread-1] Test testWithEncodedMetadata(org.jclouds.vcloud.compute.functions.VAppToNodeMetadataTest) succeeded: 63ms
Test suite progress: tests succeeded: 50, failed: 0, skipped: 0.
Starting test testListHardwareProfilesWithUnsupportedTemplate(org.jclouds.vcloud.compute.strategy.VCloudComputeServiceAdapterTest)
Starting test testNullauthorizePublicKey(org.jclouds.vcloud.compute.options.VCloudTemplateOptionsTest)
Starting test testDefaultOpen22(org.jclouds.vcloud.compute.options.VCloudTemplateOptionsTest)
[pool-1-thread-1] Test testNullauthorizePublicKey(org.jclouds.vcloud.compute.options.VCloudTemplateOptionsTest) succeeded: 2ms
Test suite progress: tests succeeded: 51, failed: 0, skipped: 0.
Starting test testNullblockOnPort(org.jclouds.vcloud.compute.options.VCloudTemplateOptionsTest)
[pool-1-thread-1] Test testNullblockOnPort(org.jclouds.vcloud.compute.options.VCloudTemplateOptionsTest) succeeded: 0ms
Test suite progress: tests succeeded: 52, failed: 0, skipped: 0.
Starting test testNullinstallPrivateKey(org.jclouds.vcloud.compute.options.VCloudTemplateOptionsTest)
[pool-1-thread-1] Test testNullinstallPrivateKey(org.jclouds.vcloud.compute.options.VCloudTemplateOptionsTest) succeeded: 0ms
Test suite progress: tests succeeded: 53, failed: 0, skipped: 0.
[pool-1-thread-4] Test testDefaultOpen22(org.jclouds.vcloud.compute.options.VCloudTemplateOptionsTest) succeeded: 5ms
Starting test testNullparentNetwork(org.jclouds.vcloud.compute.options.VCloudTemplateOptionsTest)
Test suite progress: tests succeeded: 54, failed: 0, skipped: 0.
[pool-1-thread-5] Test testWithMetadataParseException(org.jclouds.vcloud.compute.functions.VAppToNodeMetadataTest) succeeded: 27ms
Test suite progress: tests succeeded: 55, failed: 0, skipped: 0.
[pool-1-thread-1] Test testNullparentNetwork(org.jclouds.vcloud.compute.options.VCloudTemplateOptionsTest) succeeded: 0ms
Test suite progress: tests succeeded: 56, failed: 0, skipped: 0.
Starting test testauthorizePublicKey(org.jclouds.vcloud.compute.options.VCloudTemplateOptionsTest)
Starting test testblockOnPort(org.jclouds.vcloud.compute.options.VCloudTemplateOptionsTest)
Starting test testblockOnPortBadFormat(org.jclouds.vcloud.compute.options.VCloudTemplateOptionsTest)
[pool-1-thread-4] Test testauthorizePublicKey(org.jclouds.vcloud.compute.options.VCloudTemplateOptionsTest) succeeded: 0ms
Test suite progress: tests succeeded: 57, failed: 0, skipped: 0.
[pool-1-thread-5] Test testblockOnPort(org.jclouds.vcloud.compute.options.VCloudTemplateOptionsTest) succeeded: 1ms
Test suite progress: tests succeeded: 58, failed: 0, skipped: 0.
[pool-1-thread-1] Test testblockOnPortBadFormat(org.jclouds.vcloud.compute.options.VCloudTemplateOptionsTest) succeeded: 1ms
Test suite progress: tests succeeded: 59, failed: 0, skipped: 0.
Starting test testblockOnPortStatic(org.jclouds.vcloud.compute.options.VCloudTemplateOptionsTest)
Starting test testcustomizationScriptBadFormat(org.jclouds.vcloud.compute.options.VCloudTemplateOptionsTest)
Starting test testcustomizationScript(org.jclouds.vcloud.compute.options.VCloudTemplateOptionsTest)
[pool-1-thread-1] Test testcustomizationScriptBadFormat(org.jclouds.vcloud.compute.options.VCloudTemplateOptionsTest) succeeded: 0ms
Test suite progress: tests succeeded: 60, failed: 0, skipped: 0.
[pool-1-thread-5] Test testcustomizationScript(org.jclouds.vcloud.compute.options.VCloudTemplateOptionsTest) succeeded: 0ms
Test suite progress: tests succeeded: 61, failed: 0, skipped: 0.
[pool-1-thread-4] Test testblockOnPortStatic(org.jclouds.vcloud.compute.options.VCloudTemplateOptionsTest) succeeded: 1ms
Test suite progress: tests succeeded: 62, failed: 0, skipped: 0.
Starting test testcustomizationScriptStatic(org.jclouds.vcloud.compute.options.VCloudTemplateOptionsTest)
Starting test testcustomizationScriptNPE(org.jclouds.vcloud.compute.options.VCloudTemplateOptionsTest)
[pool-1-thread-1] Test testcustomizationScriptNPE(org.jclouds.vcloud.compute.options.VCloudTemplateOptionsTest) succeeded: 0ms
Test suite progress: tests succeeded: 63, failed: 0, skipped: 0.
Starting test testdescription(org.jclouds.vcloud.compute.options.VCloudTemplateOptionsTest)
[pool-1-thread-5] Test testcustomizationScriptStatic(org.jclouds.vcloud.compute.options.VCloudTemplateOptionsTest) succeeded: 0ms
Test suite progress: tests succeeded: 64, failed: 0, skipped: 0.
[pool-1-thread-4] Test testdescription(org.jclouds.vcloud.compute.options.VCloudTemplateOptionsTest) succeeded: 1ms
Test suite progress: tests succeeded: 65, failed: 0, skipped: 0.
Starting test testinboundPorts(org.jclouds.vcloud.compute.options.VCloudTemplateOptionsTest)
Starting test testdescriptionStatic(org.jclouds.vcloud.compute.options.VCloudTemplateOptionsTest)
Starting test testinboundPortsBadFormat(org.jclouds.vcloud.compute.options.VCloudTemplateOptionsTest)
[pool-1-thread-1] Test testdescriptionStatic(org.jclouds.vcloud.compute.options.VCloudTemplateOptionsTest) succeeded: 0ms
Test suite progress: tests succeeded: 66, failed: 0, skipped: 0.
[pool-1-thread-5] Test testinboundPorts(org.jclouds.vcloud.compute.options.VCloudTemplateOptionsTest) succeeded: 0ms
Test suite progress: tests succeeded: 67, failed: 0, skipped: 0.
[pool-1-thread-4] Test testinboundPortsBadFormat(org.jclouds.vcloud.compute.options.VCloudTemplateOptionsTest) succeeded: 0ms
Test suite progress: tests succeeded: 68, failed: 0, skipped: 0.
Starting test testinboundPortsStatic(org.jclouds.vcloud.compute.options.VCloudTemplateOptionsTest)
[pool-1-thread-1] Test testinboundPortsStatic(org.jclouds.vcloud.compute.options.VCloudTemplateOptionsTest) succeeded: 0ms
Test suite progress: tests succeeded: 69, failed: 0, skipped: 0.
Starting test testinstallPrivateKey(org.jclouds.vcloud.compute.options.VCloudTemplateOptionsTest)
Starting test testipAddressAllocationMode(org.jclouds.vcloud.compute.options.VCloudTemplateOptionsTest)
[pool-1-thread-4] Test testipAddressAllocationMode(org.jclouds.vcloud.compute.options.VCloudTemplateOptionsTest) succeeded: 0ms
Test suite progress: tests succeeded: 70, failed: 0, skipped: 0.
[pool-1-thread-5] Test testinstallPrivateKey(org.jclouds.vcloud.compute.options.VCloudTemplateOptionsTest) succeeded: 1ms
Test suite progress: tests succeeded: 71, failed: 0, skipped: 0.
Starting test testipAddressAllocationModeStatic(org.jclouds.vcloud.compute.options.VCloudTemplateOptionsTest)
[pool-1-thread-1] Test testipAddressAllocationModeStatic(org.jclouds.vcloud.compute.options.VCloudTemplateOptionsTest) succeeded: 0ms
Test suite progress: tests succeeded: 72, failed: 0, skipped: 0.
Starting test testparentNetwork(org.jclouds.vcloud.compute.options.VCloudTemplateOptionsTest)
Starting test testHostingDotCom(org.jclouds.vcloud.xml.VDCHandlerTest)
[pool-1-thread-4] Test testparentNetwork(org.jclouds.vcloud.compute.options.VCloudTemplateOptionsTest) succeeded: 0ms
Test suite progress: tests succeeded: 73, failed: 0, skipped: 0.
Starting test testparentNetworkStatic(org.jclouds.vcloud.compute.options.VCloudTemplateOptionsTest)
[pool-1-thread-5] Test testparentNetworkStatic(org.jclouds.vcloud.compute.options.VCloudTemplateOptionsTest) succeeded: 1ms
Starting test testTerremark(org.jclouds.vcloud.xml.VDCHandlerTest)
Test suite progress: tests succeeded: 74, failed: 0, skipped: 0.
Starting test testVCloud1_0(org.jclouds.vcloud.xml.VDCHandlerTest)
[pool-1-thread-4] Test testTerremark(org.jclouds.vcloud.xml.VDCHandlerTest) succeeded: 13ms
Test suite progress: tests succeeded: 75, failed: 0, skipped: 0.
[pool-1-thread-1] Test testHostingDotCom(org.jclouds.vcloud.xml.VDCHandlerTest) succeeded: 14ms
Test suite progress: tests succeeded: 76, failed: 0, skipped: 0.
Starting test testVCloud1_0(org.jclouds.vcloud.xml.VmHandlerTest)
[pool-1-thread-5] Test testVCloud1_0(org.jclouds.vcloud.xml.VDCHandlerTest) succeeded: 13ms
Test suite progress: tests succeeded: 77, failed: 0, skipped: 0.
[pool-1-thread-4] Test testVCloud1_0(org.jclouds.vcloud.xml.VmHandlerTest) succeeded: 27ms
Test suite progress: tests succeeded: 78, failed: 0, skipped: 0.
[pool-1-thread-3] Test testListHardwareProfiles(org.jclouds.vcloud.compute.strategy.VCloudComputeServiceAdapterTest) succeeded: 945ms
Test suite progress: tests succeeded: 79, failed: 0, skipped: 0.
[pool-1-thread-2] Test testListHardwareProfilesWithUnsupportedTemplate(org.jclouds.vcloud.compute.strategy.VCloudComputeServiceAdapterTest) succeeded: 943ms
Test suite progress: tests succeeded: 80, failed: 0, skipped: 0.
Starting test testWithIpAllocationModeNONE(org.jclouds.vcloud.binders.BindNetworkConnectionSectionToXmlPayloadTest)
[pool-2-thread-1] Test testWithIpAllocationModeNONE(org.jclouds.vcloud.binders.BindNetworkConnectionSectionToXmlPayloadTest) succeeded: 5ms
Test suite progress: tests succeeded: 81, failed: 0, skipped: 0.
Starting test testListImagesUsingVCloud1_0ApiOnServerRunningVCloudDirector1_5ReturnsImageWithLocationForVAppTemplateInVDC(org.jclouds.vcloud.compute.functions.ListImagesInVCloudExpectTest)
[pool-3-thread-1] Test testListImagesUsingVCloud1_0ApiOnServerRunningVCloudDirector1_5ReturnsImageWithLocationForVAppTemplateInVDC(org.jclouds.vcloud.compute.functions.ListImagesInVCloudExpectTest) succeeded: 176ms
Test suite progress: tests succeeded: 82, failed: 0, skipped: 0.
Starting test testInstantiateVAppFromTemplateWhenUsingOverriddenNetworkAndFenceMode(org.jclouds.vcloud.compute.strategy.InstantiateVAppTemplateWithGroupEncodedIntoNameThenCustomizeDeployAndPowerOnExpectTest)
[pool-4-thread-1] Test testInstantiateVAppFromTemplateWhenUsingOverriddenNetworkAndFenceMode(org.jclouds.vcloud.compute.strategy.InstantiateVAppTemplateWithGroupEncodedIntoNameThenCustomizeDeployAndPowerOnExpectTest) succeeded: 191ms
Test suite progress: tests succeeded: 83, failed: 0, skipped: 0.
Starting test testFindCatalogItemInOrgCatalogNamed(org.jclouds.vcloud.features.CatalogAsyncClientTest)
Starting test testAddVAppTemplateOrMediaImageToCatalogAndNameItem(org.jclouds.vcloud.features.CatalogAsyncClientTest)
Starting test testCatalogItemURI(org.jclouds.vcloud.features.CatalogAsyncClientTest)
Starting test testCatalog(org.jclouds.vcloud.features.CatalogAsyncClientTest)
Starting test testCatalogInOrg(org.jclouds.vcloud.features.CatalogAsyncClientTest)
[pool-5-thread-2] Test testCatalog(org.jclouds.vcloud.features.CatalogAsyncClientTest) succeeded: 10ms
Test suite progress: tests succeeded: 84, failed: 0, skipped: 0.
[pool-5-thread-4] Test testCatalogItemURI(org.jclouds.vcloud.features.CatalogAsyncClientTest) succeeded: 10ms
Test suite progress: tests succeeded: 85, failed: 0, skipped: 0.
[pool-5-thread-5] Test testFindCatalogItemInOrgCatalogNamed(org.jclouds.vcloud.features.CatalogAsyncClientTest) succeeded: 12ms
Test suite progress: tests succeeded: 86, failed: 0, skipped: 0.
[pool-5-thread-1] Test testAddVAppTemplateOrMediaImageToCatalogAndNameItem(org.jclouds.vcloud.features.CatalogAsyncClientTest) succeeded: 12ms
Test suite progress: tests succeeded: 87, failed: 0, skipped: 0.
[pool-5-thread-3] Test testCatalogInOrg(org.jclouds.vcloud.features.CatalogAsyncClientTest) succeeded: 13ms
Test suite progress: tests succeeded: 88, failed: 0, skipped: 0.
Starting test testFindNetworkInOrgVDCNamed(org.jclouds.vcloud.features.NetworkAsyncClientTest)
Starting test testNetwork(org.jclouds.vcloud.features.NetworkAsyncClientTest)
[pool-6-thread-2] Test testNetwork(org.jclouds.vcloud.features.NetworkAsyncClientTest) succeeded: 6ms
Test suite progress: tests succeeded: 89, failed: 0, skipped: 0.
[pool-6-thread-1] Test testFindNetworkInOrgVDCNamed(org.jclouds.vcloud.features.NetworkAsyncClientTest) succeeded: 10ms
Test suite progress: tests succeeded: 90, failed: 0, skipped: 0.
Starting test testFindOrgNamed(org.jclouds.vcloud.features.OrgAsyncClientTest)
Starting test testOrg(org.jclouds.vcloud.features.OrgAsyncClientTest)
Starting test testlistOrgs(org.jclouds.vcloud.features.OrgAsyncClientTest)
[pool-7-thread-1] Test testFindOrgNamed(org.jclouds.vcloud.features.OrgAsyncClientTest) succeeded: 2ms
Test suite progress: tests succeeded: 91, failed: 0, skipped: 0.
[pool-7-thread-2] Test testOrg(org.jclouds.vcloud.features.OrgAsyncClientTest) succeeded: 3ms
Test suite progress: tests succeeded: 92, failed: 0, skipped: 0.
[pool-7-thread-3] Test testlistOrgs(org.jclouds.vcloud.features.OrgAsyncClientTest) succeeded: 3ms
Test suite progress: tests succeeded: 93, failed: 0, skipped: 0.
Starting test testCancelTask(org.jclouds.vcloud.features.TaskAsyncClientTest)
Starting test testGetTask(org.jclouds.vcloud.features.TaskAsyncClientTest)
Starting test testGetTasksList(org.jclouds.vcloud.features.TaskAsyncClientTest)
Starting test testFindTasksListInOrgNamed(org.jclouds.vcloud.features.TaskAsyncClientTest)
[pool-8-thread-3] Test testGetTask(org.jclouds.vcloud.features.TaskAsyncClientTest) succeeded: 3ms
Test suite progress: tests succeeded: 94, failed: 0, skipped: 0.
[pool-8-thread-1] Test testCancelTask(org.jclouds.vcloud.features.TaskAsyncClientTest) succeeded: 5ms
Test suite progress: tests succeeded: 95, failed: 0, skipped: 0.
[pool-8-thread-4] Test testGetTasksList(org.jclouds.vcloud.features.TaskAsyncClientTest) succeeded: 8ms
Test suite progress: tests succeeded: 96, failed: 0, skipped: 0.
[pool-8-thread-2] Test testFindTasksListInOrgNamed(org.jclouds.vcloud.features.TaskAsyncClientTest) succeeded: 8ms
Test suite progress: tests succeeded: 97, failed: 0, skipped: 0.
Starting test testCopyVAppToVDCAndNameOptions(org.jclouds.vcloud.features.VAppAsyncClientTest)
Starting test testDeployVApp(org.jclouds.vcloud.features.VAppAsyncClientTest)
Starting test testDeleteVApp(org.jclouds.vcloud.features.VAppAsyncClientTest)
Starting test testDeployAndPowerOnVApp(org.jclouds.vcloud.features.VAppAsyncClientTest)
Starting test testGetVApp(org.jclouds.vcloud.features.VAppAsyncClientTest)
[pool-9-thread-2] Test testDeleteVApp(org.jclouds.vcloud.features.VAppAsyncClientTest) succeeded: 5ms
Test suite progress: tests succeeded: 98, failed: 0, skipped: 0.
Starting test testMoveVAppToVDCAndRenameOptions(org.jclouds.vcloud.features.VAppAsyncClientTest)
[pool-9-thread-3] Test testDeployAndPowerOnVApp(org.jclouds.vcloud.features.VAppAsyncClientTest) succeeded: 7ms
Test suite progress: tests succeeded: 99, failed: 0, skipped: 0.
[pool-9-thread-4] Test testDeployVApp(org.jclouds.vcloud.features.VAppAsyncClientTest) succeeded: 7ms
Test suite progress: tests succeeded: 100, failed: 0, skipped: 0.
[pool-9-thread-1] Test testCopyVAppToVDCAndNameOptions(org.jclouds.vcloud.features.VAppAsyncClientTest) succeeded: 8ms
Test suite progress: tests succeeded: 101, failed: 0, skipped: 0.
[pool-9-thread-5] Test testGetVApp(org.jclouds.vcloud.features.VAppAsyncClientTest) succeeded: 8ms
Test suite progress: tests succeeded: 102, failed: 0, skipped: 0.
Starting test testPowerOffVApp(org.jclouds.vcloud.features.VAppAsyncClientTest)
Starting test testPowerOnVApp(org.jclouds.vcloud.features.VAppAsyncClientTest)
Starting test testRebootVApp(org.jclouds.vcloud.features.VAppAsyncClientTest)
Starting test testResetVApp(org.jclouds.vcloud.features.VAppAsyncClientTest)
[pool-9-thread-1] Test testRebootVApp(org.jclouds.vcloud.features.VAppAsyncClientTest) succeeded: 2ms
Test suite progress: tests succeeded: 103, failed: 0, skipped: 0.
[pool-9-thread-4] Test testPowerOnVApp(org.jclouds.vcloud.features.VAppAsyncClientTest) succeeded: 2ms
Test suite progress: tests succeeded: 104, failed: 0, skipped: 0.
Starting test testShutdownVApp(org.jclouds.vcloud.features.VAppAsyncClientTest)
[pool-9-thread-3] Test testPowerOffVApp(org.jclouds.vcloud.features.VAppAsyncClientTest) succeeded: 2ms
Test suite progress: tests succeeded: 105, failed: 0, skipped: 0.
[pool-9-thread-5] Test testResetVApp(org.jclouds.vcloud.features.VAppAsyncClientTest) succeeded: 2ms
Test suite progress: tests succeeded: 106, failed: 0, skipped: 0.
Starting test testSuspendVApp(org.jclouds.vcloud.features.VAppAsyncClientTest)
Starting test testUndeployAndSaveStateOfVAppSaveState(org.jclouds.vcloud.features.VAppAsyncClientTest)
Starting test testUndeployVApp(org.jclouds.vcloud.features.VAppAsyncClientTest)
[pool-9-thread-1] Test testShutdownVApp(org.jclouds.vcloud.features.VAppAsyncClientTest) succeeded: 2ms
Test suite progress: tests succeeded: 107, failed: 0, skipped: 0.
[pool-9-thread-2] Test testMoveVAppToVDCAndRenameOptions(org.jclouds.vcloud.features.VAppAsyncClientTest) succeeded: 7ms
Test suite progress: tests succeeded: 108, failed: 0, skipped: 0.
Starting test testopyVAppToVDCAndName(org.jclouds.vcloud.features.VAppAsyncClientTest)
[pool-9-thread-4] Test testSuspendVApp(org.jclouds.vcloud.features.VAppAsyncClientTest) succeeded: 2ms
Test suite progress: tests succeeded: 109, failed: 0, skipped: 0.
[pool-9-thread-3] Test testUndeployVApp(org.jclouds.vcloud.features.VAppAsyncClientTest) succeeded: 4ms
Test suite progress: tests succeeded: 110, failed: 0, skipped: 0.
[pool-9-thread-5] Test testUndeployAndSaveStateOfVAppSaveState(org.jclouds.vcloud.features.VAppAsyncClientTest) succeeded: 5ms
Test suite progress: tests succeeded: 111, failed: 0, skipped: 0.
[pool-9-thread-1] Test testopyVAppToVDCAndName(org.jclouds.vcloud.features.VAppAsyncClientTest) succeeded: 4ms
Test suite progress: tests succeeded: 112, failed: 0, skipped: 0.
Starting test testCreateVAppInVDCByInstantiatingTemplate(org.jclouds.vcloud.features.VAppTemplateAsyncClientTest)
Starting test testGetOvfEnvelopeForVAppTemplate(org.jclouds.vcloud.features.VAppTemplateAsyncClientTest)
Starting test testVAppTemplateURI(org.jclouds.vcloud.features.VAppTemplateAsyncClientTest)
Starting test testFindVAppTemplate(org.jclouds.vcloud.features.VAppTemplateAsyncClientTest)
Starting test testCreateVAppInVDCByInstantiatingTemplateOptionsIllegalName(org.jclouds.vcloud.features.VAppTemplateAsyncClientTest)
[pool-10-thread-2] Test testCreateVAppInVDCByInstantiatingTemplateOptionsIllegalName(org.jclouds.vcloud.features.VAppTemplateAsyncClientTest) succeeded: 2ms
Test suite progress: tests succeeded: 113, failed: 0, skipped: 0.
Starting test testcaptureVAppAsTemplateInVDC(org.jclouds.vcloud.features.VAppTemplateAsyncClientTest)
[pool-10-thread-5] Test testVAppTemplateURI(org.jclouds.vcloud.features.VAppTemplateAsyncClientTest) succeeded: 10ms
Test suite progress: tests succeeded: 114, failed: 0, skipped: 0.
Starting test testcaptureVAppAsTemplateInVDCOptions(org.jclouds.vcloud.features.VAppTemplateAsyncClientTest)
[pool-10-thread-4] Test testGetOvfEnvelopeForVAppTemplate(org.jclouds.vcloud.features.VAppTemplateAsyncClientTest) succeeded: 11ms
Test suite progress: tests succeeded: 115, failed: 0, skipped: 0.
Starting test testcopyVAppTemplateToVDCAndName(org.jclouds.vcloud.features.VAppTemplateAsyncClientTest)
[pool-10-thread-1] Test testCreateVAppInVDCByInstantiatingTemplate(org.jclouds.vcloud.features.VAppTemplateAsyncClientTest) succeeded: 22ms
Test suite progress: tests succeeded: 116, failed: 0, skipped: 0.
[pool-10-thread-3] Test testFindVAppTemplate(org.jclouds.vcloud.features.VAppTemplateAsyncClientTest) succeeded: 22ms
Test suite progress: tests succeeded: 117, failed: 0, skipped: 0.
Starting test testcopyVAppTemplateToVDCAndNameOptions(org.jclouds.vcloud.features.VAppTemplateAsyncClientTest)
Starting test testmoveVAppTemplateToVDCAndRenameOptions(org.jclouds.vcloud.features.VAppTemplateAsyncClientTest)
[pool-10-thread-3] Test testmoveVAppTemplateToVDCAndRenameOptions(org.jclouds.vcloud.features.VAppTemplateAsyncClientTest) succeeded: 7ms
Test suite progress: tests succeeded: 118, failed: 0, skipped: 0.
[pool-10-thread-1] Test testcopyVAppTemplateToVDCAndNameOptions(org.jclouds.vcloud.features.VAppTemplateAsyncClientTest) succeeded: 7ms
Test suite progress: tests succeeded: 119, failed: 0, skipped: 0.
[pool-10-thread-4] Test testcopyVAppTemplateToVDCAndName(org.jclouds.vcloud.features.VAppTemplateAsyncClientTest) succeeded: 20ms
Test suite progress: tests succeeded: 120, failed: 0, skipped: 0.
[pool-10-thread-5] Test testcaptureVAppAsTemplateInVDCOptions(org.jclouds.vcloud.features.VAppTemplateAsyncClientTest) succeeded: 21ms
Test suite progress: tests succeeded: 121, failed: 0, skipped: 0.
[pool-10-thread-2] Test testcaptureVAppAsTemplateInVDC(org.jclouds.vcloud.features.VAppTemplateAsyncClientTest) succeeded: 29ms
Test suite progress: tests succeeded: 122, failed: 0, skipped: 0.
Starting test testFindVDCInOrgNamedBadOrg(org.jclouds.vcloud.features.VDCAsyncClientTest)
Starting test testFindVDCInOrgNamedNullOrg(org.jclouds.vcloud.features.VDCAsyncClientTest)
Starting test testGetVDC(org.jclouds.vcloud.features.VDCAsyncClientTest)
Starting test testFindVDCInOrgNamedNullOrgAndVDC(org.jclouds.vcloud.features.VDCAsyncClientTest)
Starting test testFindVDCInOrgNamedBadVDC(org.jclouds.vcloud.features.VDCAsyncClientTest)
[pool-11-thread-5] Test testGetVDC(org.jclouds.vcloud.features.VDCAsyncClientTest) succeeded: 4ms
Test suite progress: tests succeeded: 123, failed: 0, skipped: 0.
[pool-11-thread-1] Test testFindVDCInOrgNamedBadOrg(org.jclouds.vcloud.features.VDCAsyncClientTest) succeeded: 8ms
Test suite progress: tests succeeded: 124, failed: 0, skipped: 0.
[pool-11-thread-2] Test testFindVDCInOrgNamedBadVDC(org.jclouds.vcloud.features.VDCAsyncClientTest) succeeded: 8ms
Test suite progress: tests succeeded: 125, failed: 0, skipped: 0.
[pool-11-thread-3] Test testFindVDCInOrgNamedNullOrg(org.jclouds.vcloud.features.VDCAsyncClientTest) succeeded: 9ms
Test suite progress: tests succeeded: 126, failed: 0, skipped: 0.
[pool-11-thread-4] Test testFindVDCInOrgNamedNullOrgAndVDC(org.jclouds.vcloud.features.VDCAsyncClientTest) succeeded: 9ms
Test suite progress: tests succeeded: 127, failed: 0, skipped: 0.
Starting test testDeployAndPowerOnVm(org.jclouds.vcloud.features.VmAsyncClientTest)
Starting test testGetThumbnailOfVm(org.jclouds.vcloud.features.VmAsyncClientTest)
Starting test testPowerOffVm(org.jclouds.vcloud.features.VmAsyncClientTest)
Starting test testGetVm(org.jclouds.vcloud.features.VmAsyncClientTest)
Starting test testDeployVm(org.jclouds.vcloud.features.VmAsyncClientTest)
[pool-12-thread-4] Test testGetVm(org.jclouds.vcloud.features.VmAsyncClientTest) succeeded: 5ms
Test suite progress: tests succeeded: 128, failed: 0, skipped: 0.
[pool-12-thread-5] Test testPowerOffVm(org.jclouds.vcloud.features.VmAsyncClientTest) succeeded: 6ms
Test suite progress: tests succeeded: 129, failed: 0, skipped: 0.
Starting test testRebootVm(org.jclouds.vcloud.features.VmAsyncClientTest)
Starting test testPowerOnVm(org.jclouds.vcloud.features.VmAsyncClientTest)
[pool-12-thread-3] Test testGetThumbnailOfVm(org.jclouds.vcloud.features.VmAsyncClientTest) succeeded: 8ms
Test suite progress: tests succeeded: 130, failed: 0, skipped: 0.
[pool-12-thread-1] Test testDeployAndPowerOnVm(org.jclouds.vcloud.features.VmAsyncClientTest) succeeded: 9ms
Starting test testResetVm(org.jclouds.vcloud.features.VmAsyncClientTest)
Test suite progress: tests succeeded: 131, failed: 0, skipped: 0.
[pool-12-thread-2] Test testDeployVm(org.jclouds.vcloud.features.VmAsyncClientTest) succeeded: 8ms
Test suite progress: tests succeeded: 132, failed: 0, skipped: 0.
Starting test testShutdownVm(org.jclouds.vcloud.features.VmAsyncClientTest)
Starting test testSuspendVm(org.jclouds.vcloud.features.VmAsyncClientTest)
[pool-12-thread-5] Test testRebootVm(org.jclouds.vcloud.features.VmAsyncClientTest) succeeded: 3ms
Test suite progress: tests succeeded: 133, failed: 0, skipped: 0.
[pool-12-thread-4] Test testPowerOnVm(org.jclouds.vcloud.features.VmAsyncClientTest) succeeded: 4ms
Starting test testUndeployAndSaveStateOfVmSaveState(org.jclouds.vcloud.features.VmAsyncClientTest)
Test suite progress: tests succeeded: 134, failed: 0, skipped: 0.
[pool-12-thread-1] Test testShutdownVm(org.jclouds.vcloud.features.VmAsyncClientTest) succeeded: 2ms
Test suite progress: tests succeeded: 135, failed: 0, skipped: 0.
[pool-12-thread-3] Test testResetVm(org.jclouds.vcloud.features.VmAsyncClientTest) succeeded: 2ms
Test suite progress: tests succeeded: 136, failed: 0, skipped: 0.
Starting test testUndeployVm(org.jclouds.vcloud.features.VmAsyncClientTest)
Starting test testUpdateCPUCountOfVm(org.jclouds.vcloud.features.VmAsyncClientTest)
[pool-12-thread-2] Test testSuspendVm(org.jclouds.vcloud.features.VmAsyncClientTest) succeeded: 2ms
Test suite progress: tests succeeded: 137, failed: 0, skipped: 0.
Starting test testUpdateMemoryMBOfVm(org.jclouds.vcloud.features.VmAsyncClientTest)
Starting test testUpdateGuestConfiguration(org.jclouds.vcloud.features.VmAsyncClientTest)
[pool-12-thread-5] Test testUndeployAndSaveStateOfVmSaveState(org.jclouds.vcloud.features.VmAsyncClientTest) succeeded: 4ms
Test suite progress: tests succeeded: 138, failed: 0, skipped: 0.
[pool-12-thread-4] Test testUndeployVm(org.jclouds.vcloud.features.VmAsyncClientTest) succeeded: 4ms
Test suite progress: tests succeeded: 139, failed: 0, skipped: 0.
[pool-12-thread-2] Test testUpdateMemoryMBOfVm(org.jclouds.vcloud.features.VmAsyncClientTest) succeeded: 9ms
Test suite progress: tests succeeded: 140, failed: 0, skipped: 0.
[pool-12-thread-3] Test testUpdateGuestConfiguration(org.jclouds.vcloud.features.VmAsyncClientTest) succeeded: 9ms
Test suite progress: tests succeeded: 141, failed: 0, skipped: 0.
[pool-12-thread-1] Test testUpdateCPUCountOfVm(org.jclouds.vcloud.features.VmAsyncClientTest) succeeded: 14ms
Test suite progress: tests succeeded: 142, failed: 0, skipped: 0.
Starting test testApply(org.jclouds.vcloud.filters.AddVCloudAuthorizationAndCookieToRequestTest)
[pool-13-thread-1] Test testApply(org.jclouds.vcloud.filters.AddVCloudAuthorizationAndCookieToRequestTest) succeeded: 1ms
Test suite progress: tests succeeded: 143, failed: 0, skipped: 0.
Starting test testApplyBlueLock(org.jclouds.vcloud.functions.ParseLoginResponseFromHeadersTest)
Starting test testApply(org.jclouds.vcloud.functions.ParseLoginResponseFromHeadersTest)
Starting test testApplyTerremarkMultipleCookies(org.jclouds.vcloud.functions.ParseLoginResponseFromHeadersTest)
Starting test testApplyTerremark(org.jclouds.vcloud.functions.ParseLoginResponseFromHeadersTest)
Starting test testApplyVirtacore(org.jclouds.vcloud.functions.ParseLoginResponseFromHeadersTest)
[pool-14-thread-1] Test testApply(org.jclouds.vcloud.functions.ParseLoginResponseFromHeadersTest) succeeded: 6ms
Test suite progress: tests succeeded: 144, failed: 0, skipped: 0.
[pool-14-thread-5] Test testApplyVirtacore(org.jclouds.vcloud.functions.ParseLoginResponseFromHeadersTest) succeeded: 4ms
Test suite progress: tests succeeded: 145, failed: 0, skipped: 0.
[pool-14-thread-4] Test testApplyTerremarkMultipleCookies(org.jclouds.vcloud.functions.ParseLoginResponseFromHeadersTest) succeeded: 6ms
Test suite progress: tests succeeded: 146, failed: 0, skipped: 0.
[pool-14-thread-2] Test testApplyBlueLock(org.jclouds.vcloud.functions.ParseLoginResponseFromHeadersTest) succeeded: 7ms
Test suite progress: tests succeeded: 147, failed: 0, skipped: 0.
[pool-14-thread-3] Test testApplyTerremark(org.jclouds.vcloud.functions.ParseLoginResponseFromHeadersTest) succeeded: 6ms
Test suite progress: tests succeeded: 148, failed: 0, skipped: 0.
Starting test testNoThrowsHttpResponseException(org.jclouds.vcloud.functions.ParseLoginResponseFromHeadersTest)
Starting test testUnmatchedCookieThrowsHttpResponseException(org.jclouds.vcloud.functions.ParseLoginResponseFromHeadersTest)
[pool-14-thread-1] Test testNoThrowsHttpResponseException(org.jclouds.vcloud.functions.ParseLoginResponseFromHeadersTest) succeeded: 1ms
Test suite progress: tests succeeded: 149, failed: 0, skipped: 0.
[pool-14-thread-5] Test testUnmatchedCookieThrowsHttpResponseException(org.jclouds.vcloud.functions.ParseLoginResponseFromHeadersTest) succeeded: 1ms
Test suite progress: tests succeeded: 150, failed: 0, skipped: 0.
Starting test testLogin(org.jclouds.vcloud.internal.VCloudLoginAsyncClientTest)
[pool-15-thread-1] Test testLogin(org.jclouds.vcloud.internal.VCloudLoginAsyncClientTest) succeeded: 1ms
Test suite progress: tests succeeded: 151, failed: 0, skipped: 0.
Starting test testReturnsFirstResourceWhenConfigurationUnspecified(org.jclouds.vcloud.suppliers.OnlyReferenceTypeFirstWithNameMatchingConfigurationKeyOrDefaultTest)
Starting test testIllegalArgumentWhenResourcesEmpty(org.jclouds.vcloud.suppliers.OnlyReferenceTypeFirstWithNameMatchingConfigurationKeyOrDefaultTest)
Starting test testReturnsOnlyResource(org.jclouds.vcloud.suppliers.OnlyReferenceTypeFirstWithNameMatchingConfigurationKeyOrDefaultTest)
Starting test testReturnsResourceMatchingDefaultPredicateWhenConfigurationUnspecified(org.jclouds.vcloud.suppliers.OnlyReferenceTypeFirstWithNameMatchingConfigurationKeyOrDefaultTest)
[pool-16-thread-1] Test testIllegalArgumentWhenResourcesEmpty(org.jclouds.vcloud.suppliers.OnlyReferenceTypeFirstWithNameMatchingConfigurationKeyOrDefaultTest) succeeded: 0ms
Starting test testReturnsResourceWithNameMatchingConfigurationKey(org.jclouds.vcloud.suppliers.OnlyReferenceTypeFirstWithNameMatchingConfigurationKeyOrDefaultTest)
Test suite progress: tests succeeded: 152, failed: 0, skipped: 0.
Starting test testThrowsNoSuchElementWhenNoneMatchConfigurationKey(org.jclouds.vcloud.suppliers.OnlyReferenceTypeFirstWithNameMatchingConfigurationKeyOrDefaultTest)
[pool-16-thread-3] Test testReturnsOnlyResource(org.jclouds.vcloud.suppliers.OnlyReferenceTypeFirstWithNameMatchingConfigurationKeyOrDefaultTest) succeeded: 5ms
Test suite progress: tests succeeded: 153, failed: 0, skipped: 0.
[pool-16-thread-4] Test testReturnsResourceMatchingDefaultPredicateWhenConfigurationUnspecified(org.jclouds.vcloud.suppliers.OnlyReferenceTypeFirstWithNameMatchingConfigurationKeyOrDefaultTest) succeeded: 5ms
Test suite progress: tests succeeded: 154, failed: 0, skipped: 0.
[pool-16-thread-2] Test testReturnsFirstResourceWhenConfigurationUnspecified(org.jclouds.vcloud.suppliers.OnlyReferenceTypeFirstWithNameMatchingConfigurationKeyOrDefaultTest) succeeded: 5ms
Test suite progress: tests succeeded: 155, failed: 0, skipped: 0.
[pool-16-thread-5] Test testReturnsResourceWithNameMatchingConfigurationKey(org.jclouds.vcloud.suppliers.OnlyReferenceTypeFirstWithNameMatchingConfigurationKeyOrDefaultTest) succeeded: 7ms
Test suite progress: tests succeeded: 156, failed: 0, skipped: 0.
[pool-16-thread-1] Test testThrowsNoSuchElementWhenNoneMatchConfigurationKey(org.jclouds.vcloud.suppliers.OnlyReferenceTypeFirstWithNameMatchingConfigurationKeyOrDefaultTest) succeeded: 6ms
Test suite progress: tests succeeded: 157, failed: 0, skipped: 0.
Starting test testAllContains(org.jclouds.vcloud.VCloudApiMetadataTest)
Starting test testTransformableToContains(org.jclouds.vcloud.VCloudApiMetadataTest)
Starting test testWithId(org.jclouds.vcloud.VCloudApiMetadataTest)
[pool-17-thread-1] Test testAllContains(org.jclouds.vcloud.VCloudApiMetadataTest) succeeded: 15ms
Test suite progress: tests succeeded: 158, failed: 0, skipped: 0.
[pool-17-thread-3] Test testWithId(org.jclouds.vcloud.VCloudApiMetadataTest) succeeded: 14ms
Test suite progress: tests succeeded: 159, failed: 0, skipped: 0.
[pool-17-thread-2] Test testTransformableToContains(org.jclouds.vcloud.VCloudApiMetadataTest) succeeded: 16ms
Test suite progress: tests succeeded: 160, failed: 0, skipped: 0.
Starting test testAsync(org.jclouds.vcloud.VCloudAsyncClientTest)
Starting test testSync(org.jclouds.vcloud.VCloudAsyncClientTest)
[pool-18-thread-1] Test testAsync(org.jclouds.vcloud.VCloudAsyncClientTest) succeeded: 8ms
Test suite progress: tests succeeded: 161, failed: 0, skipped: 0.
[pool-18-thread-2] Test testSync(org.jclouds.vcloud.VCloudAsyncClientTest) succeeded: 11ms
Test suite progress: tests succeeded: 162, failed: 0, skipped: 0.
Starting test testVersions(org.jclouds.vcloud.VCloudVersionsAsyncClientTest)
[pool-19-thread-1] Test testVersions(org.jclouds.vcloud.VCloudVersionsAsyncClientTest) succeeded: 1ms
Test suite progress: tests succeeded: 163, failed: 0, skipped: 0.
Starting test testDefault(org.jclouds.vcloud.xml.GuestCustomizationSectionHandlerTest)
[pool-20-thread-1] Test testDefault(org.jclouds.vcloud.xml.GuestCustomizationSectionHandlerTest) succeeded: 4ms
Test suite progress: tests succeeded: 164, failed: 0, skipped: 0.
Starting test testDefault(org.jclouds.vcloud.xml.NetworkConnectionHandlerTest)
[pool-21-thread-1] Test testDefault(org.jclouds.vcloud.xml.NetworkConnectionHandlerTest) succeeded: 2ms
Test suite progress: tests succeeded: 165, failed: 0, skipped: 0.
Starting test testApplyInputStream(org.jclouds.vcloud.xml.OrgListHandlerTest)
Starting test testSavvis(org.jclouds.vcloud.xml.OrgListHandlerTest)
[pool-22-thread-2] Test testSavvis(org.jclouds.vcloud.xml.OrgListHandlerTest) succeeded: 2ms
Test suite progress: tests succeeded: 166, failed: 0, skipped: 0.
[pool-22-thread-1] Test testApplyInputStream(org.jclouds.vcloud.xml.OrgListHandlerTest) succeeded: 2ms
Test suite progress: tests succeeded: 167, failed: 0, skipped: 0.
Starting test testDefault(org.jclouds.vcloud.xml.ovf.VCloudOperatingSystemSectionHandlerTest)
[pool-23-thread-1] Test testDefault(org.jclouds.vcloud.xml.ovf.VCloudOperatingSystemSectionHandlerTest) succeeded: 2ms
Test suite progress: tests succeeded: 168, failed: 0, skipped: 0.
Starting test testDefault(org.jclouds.vcloud.xml.ovf.VCloudVirtualHardwareSectionHandlerTest)
[pool-24-thread-1] Test testDefault(org.jclouds.vcloud.xml.ovf.VCloudVirtualHardwareSectionHandlerTest) succeeded: 8ms
Test suite progress: tests succeeded: 169, failed: 0, skipped: 0.
Starting test testApplyInputStream2(org.jclouds.vcloud.xml.TaskHandlerTest)
Starting test test(org.jclouds.vcloud.xml.TaskHandlerTest)
Starting test testError(org.jclouds.vcloud.xml.TaskHandlerTest)
Starting test testHrefWhenTaskElementIsNamespaced(org.jclouds.vcloud.xml.TaskHandlerTest)
Starting test testSelf(org.jclouds.vcloud.xml.TaskHandlerTest)
[pool-25-thread-5] Test testSelf(org.jclouds.vcloud.xml.TaskHandlerTest) succeeded: 4ms
Test suite progress: tests succeeded: 170, failed: 0, skipped: 0.
Starting test testTerremark(org.jclouds.vcloud.xml.TaskHandlerTest)
[pool-25-thread-4] Test testHrefWhenTaskElementIsNamespaced(org.jclouds.vcloud.xml.TaskHandlerTest) succeeded: 8ms
Test suite progress: tests succeeded: 171, failed: 0, skipped: 0.
[pool-25-thread-1] Test test(org.jclouds.vcloud.xml.TaskHandlerTest) succeeded: 12ms
Test suite progress: tests succeeded: 172, failed: 0, skipped: 0.
[pool-25-thread-2] Test testApplyInputStream2(org.jclouds.vcloud.xml.TaskHandlerTest) succeeded: 22ms
Test suite progress: tests succeeded: 173, failed: 0, skipped: 0.
[pool-25-thread-5] Test testTerremark(org.jclouds.vcloud.xml.TaskHandlerTest) succeeded: 16ms
Test suite progress: tests succeeded: 174, failed: 0, skipped: 0.
[pool-25-thread-3] Test testError(org.jclouds.vcloud.xml.TaskHandlerTest) succeeded: 25ms
Test suite progress: tests succeeded: 175, failed: 0, skipped: 0.
Starting test testApplyInputStream(org.jclouds.vcloud.xml.TasksListHandlerTest)
Starting test testApplyInputStreamHosting(org.jclouds.vcloud.xml.TasksListHandlerTest)
[pool-26-thread-2] Test testApplyInputStreamHosting(org.jclouds.vcloud.xml.TasksListHandlerTest) succeeded: 4ms
Test suite progress: tests succeeded: 176, failed: 0, skipped: 0.
[pool-26-thread-1] Test testApplyInputStream(org.jclouds.vcloud.xml.TasksListHandlerTest) succeeded: 5ms
Test suite progress: tests succeeded: 177, failed: 0, skipped: 0.
Tests run: 177, Failures: 0, Errors: 0, Skipped: 0, Time elapsed: 4.567 sec

Results :

Tests run: 177, Failures: 0, Errors: 0, Skipped: 0

[INFO] 
[INFO] --- maven-bundle-plugin:2.3.7:bundle (default-bundle) @ vcloud ---
[INFO] 
[INFO] --- maven-jar-plugin:2.4:test-jar (default) @ vcloud ---
[INFO] Building jar: /private/tmp/jclouds/apis/vcloud/target/vcloud-1.6.0-SNAPSHOT-tests.jar
[INFO] 
[INFO] --- maven-surefire-plugin:2.12.4:test (integration) @ vcloud ---
[INFO] Surefire report directory: /private/tmp/jclouds/apis/vcloud/target/surefire-reports

-------------------------------------------------------
 T E S T S
-------------------------------------------------------
Running TestSuite
Configuring TestNG with: org.apache.maven.surefire.testng.conf.TestNG652Configurator@6b4da8f4
Starting test testGetVApp(org.jclouds.vcloud.features.VAppClientLiveTest)
Starting test testFindCatalogIsWriteableIfNotVersion1_5(org.jclouds.vcloud.features.CatalogClientLiveTest)
Starting test testListOrgs(org.jclouds.vcloud.features.OrgClientLiveTest)
Starting test testCaptureVApp(org.jclouds.vcloud.features.VAppTemplateClientLiveTest)
Starting test testCompareSizes(org.jclouds.vcloud.compute.VCloudComputeServiceLiveTest)
[TestNG] Test testListOrgs(org.jclouds.vcloud.features.OrgClientLiveTest) succeeded: 4887ms
Test suite progress: tests succeeded: 1, failed: 0, skipped: 0.
Starting test testExtendedOptionsWithCustomizationScript(org.jclouds.vcloud.features.VmClientLiveTest)
[TestNG] Test testFindCatalogIsWriteableIfNotVersion1_5(org.jclouds.vcloud.features.CatalogClientLiveTest) failed.
Test suite progress: tests succeeded: 1, failed: 1, skipped: 0.
Starting test testGetCatalog(org.jclouds.vcloud.features.CatalogClientLiveTest)
[TestNG] Test testGetVApp(org.jclouds.vcloud.features.VAppClientLiveTest) succeeded: 7518ms
Test suite progress: tests succeeded: 2, failed: 1, skipped: 0.
[TestNG] Test testGetCatalog(org.jclouds.vcloud.features.CatalogClientLiveTest) succeeded: 5127ms
Test suite progress: tests succeeded: 3, failed: 1, skipped: 0.
[TestNG] Test testCompareSizes(org.jclouds.vcloud.compute.VCloudComputeServiceLiveTest) failed.
Test suite progress: tests succeeded: 3, failed: 2, skipped: 0.
Starting test testCorrectExceptionRunningNodesNotFound(org.jclouds.vcloud.compute.VCloudComputeServiceLiveTest)
[TestNG] Test testCaptureVApp(org.jclouds.vcloud.features.VAppTemplateClientLiveTest) failed.
Test suite progress: tests succeeded: 3, failed: 3, skipped: 0.
Starting test testFindVAppTemplate(org.jclouds.vcloud.features.VAppTemplateClientLiveTest)
[TestNG] Test testCorrectExceptionRunningNodesNotFound(org.jclouds.vcloud.compute.VCloudComputeServiceLiveTest) succeeded: 4077ms
Test suite progress: tests succeeded: 4, failed: 3, skipped: 0.
Starting test testGetAssignableLocations(org.jclouds.vcloud.compute.VCloudComputeServiceLiveTest)
[TestNG] Test testGetAssignableLocations(org.jclouds.vcloud.compute.VCloudComputeServiceLiveTest) succeeded: 3ms
Test suite progress: tests succeeded: 5, failed: 3, skipped: 0.
Starting test testImageById(org.jclouds.vcloud.compute.VCloudComputeServiceLiveTest)
[TestNG] Test testImageById(org.jclouds.vcloud.compute.VCloudComputeServiceLiveTest) failed.
Test suite progress: tests succeeded: 5, failed: 4, skipped: 0.
Starting test testImagesCache(org.jclouds.vcloud.compute.VCloudComputeServiceLiveTest)
[TestNG] Test testImagesCache(org.jclouds.vcloud.compute.VCloudComputeServiceLiveTest) succeeded: 0ms
Test suite progress: tests succeeded: 6, failed: 4, skipped: 0.
Starting test testListImages(org.jclouds.vcloud.compute.VCloudComputeServiceLiveTest)
[TestNG] Test testListImages(org.jclouds.vcloud.compute.VCloudComputeServiceLiveTest) succeeded: 0ms
Test suite progress: tests succeeded: 7, failed: 4, skipped: 0.
Starting test testListSizes(org.jclouds.vcloud.compute.VCloudComputeServiceLiveTest)
[TestNG] Test testListSizes(org.jclouds.vcloud.compute.VCloudComputeServiceLiveTest) succeeded: 1ms
Test suite progress: tests succeeded: 8, failed: 4, skipped: 0.
Starting test setServiceDefaults(org.jclouds.vcloud.compute.VCloudComputeServiceLiveTest)
[TestNG] Test setServiceDefaults(org.jclouds.vcloud.compute.VCloudComputeServiceLiveTest) succeeded: 0ms
Test suite progress: tests succeeded: 9, failed: 4, skipped: 0.
Starting test testOptionToNotBlock(org.jclouds.vcloud.compute.VCloudComputeServiceLiveTest)
[TestNG] Test testOptionToNotBlock(org.jclouds.vcloud.compute.VCloudComputeServiceLiveTest) succeeded: 0ms
Test suite progress: tests succeeded: 10, failed: 4, skipped: 0.
Starting test testCreateAndRunAService(org.jclouds.vcloud.compute.VCloudComputeServiceLiveTest)
[TestNG] Test testExtendedOptionsWithCustomizationScript(org.jclouds.vcloud.features.VmClientLiveTest) failed.
Test suite progress: tests succeeded: 10, failed: 5, skipped: 0.
Starting test testGetThumbnailOfVm(org.jclouds.vcloud.features.VmClientLiveTest)
[TestNG] Test testGetThumbnailOfVm(org.jclouds.vcloud.features.VmClientLiveTest) succeeded: 6830ms
Test suite progress: tests succeeded: 11, failed: 5, skipped: 0.
Starting test testGetVm(org.jclouds.vcloud.features.VmClientLiveTest)
[TestNG] Test testCreateAndRunAService(org.jclouds.vcloud.compute.VCloudComputeServiceLiveTest) failed.
Test suite progress: tests succeeded: 11, failed: 6, skipped: 0.
Starting test testCorrectAuthException(org.jclouds.vcloud.compute.VCloudComputeServiceLiveTest)
[TestNG] Test testCorrectAuthException(org.jclouds.vcloud.compute.VCloudComputeServiceLiveTest) succeeded: 1556ms
Test suite progress: tests succeeded: 12, failed: 6, skipped: 0.
Starting test testSessionRefresh(org.jclouds.vcloud.VCloudSessionRefreshLiveTest)
[TestNG] Test testGetVm(org.jclouds.vcloud.features.VmClientLiveTest) succeeded: 8929ms
Test suite progress: tests succeeded: 13, failed: 6, skipped: 0.
[TestNG] Test testSessionRefresh(org.jclouds.vcloud.VCloudSessionRefreshLiveTest) succeeded: 44876ms
Test suite progress: tests succeeded: 14, failed: 6, skipped: 0.
[TestNG] Test testAScriptExecutionAfterBootWithBasicTemplate(org.jclouds.vcloud.compute.VCloudComputeServiceLiveTest) skipped.
Test suite progress: tests succeeded: 14, failed: 6, skipped: 1.
[TestNG] Test testConcurrentUseOfComputeServiceToCreateNodes(org.jclouds.vcloud.compute.VCloudComputeServiceLiveTest) skipped.
Test suite progress: tests succeeded: 14, failed: 6, skipped: 2.
Starting test testTemplateMatch(org.jclouds.vcloud.compute.VCloudComputeServiceLiveTest)
[TestNG] Test testTemplateMatch(org.jclouds.vcloud.compute.VCloudComputeServiceLiveTest) failed.
Test suite progress: tests succeeded: 14, failed: 7, skipped: 2.
[TestNG] Test testCreateTwoNodesWithRunScript(org.jclouds.vcloud.compute.VCloudComputeServiceLiveTest) skipped.
Test suite progress: tests succeeded: 14, failed: 7, skipped: 3.
[TestNG] Test testCreateAnotherNodeWithANewContextToEnsureSharedMemIsntRequired(org.jclouds.vcloud.compute.VCloudComputeServiceLiveTest) skipped.
Test suite progress: tests succeeded: 14, failed: 7, skipped: 4.
[TestNG] Test testCredentialsCache(org.jclouds.vcloud.compute.VCloudComputeServiceLiveTest) skipped.
Test suite progress: tests succeeded: 14, failed: 7, skipped: 5.
[TestNG] Test testGet(org.jclouds.vcloud.compute.VCloudComputeServiceLiveTest) skipped.
Test suite progress: tests succeeded: 14, failed: 7, skipped: 6.
[TestNG] Test testReboot(org.jclouds.vcloud.compute.VCloudComputeServiceLiveTest) skipped.
Test suite progress: tests succeeded: 14, failed: 7, skipped: 7.
[TestNG] Test testSuspendResume(org.jclouds.vcloud.compute.VCloudComputeServiceLiveTest) skipped.
Test suite progress: tests succeeded: 14, failed: 7, skipped: 8.
[TestNG] Test testGetNodesWithDetails(org.jclouds.vcloud.compute.VCloudComputeServiceLiveTest) skipped.
Test suite progress: tests succeeded: 14, failed: 7, skipped: 9.
[TestNG] Test testListNodes(org.jclouds.vcloud.compute.VCloudComputeServiceLiveTest) skipped.
Test suite progress: tests succeeded: 14, failed: 7, skipped: 10.
[TestNG] Test testListNodesByIds(org.jclouds.vcloud.compute.VCloudComputeServiceLiveTest) skipped.
Test suite progress: tests succeeded: 14, failed: 7, skipped: 11.
[TestNG] Test testDestroyNodes(org.jclouds.vcloud.compute.VCloudComputeServiceLiveTest) skipped.
Test suite progress: tests succeeded: 14, failed: 7, skipped: 12.
[TestNG] Test testFindVAppTemplate(org.jclouds.vcloud.features.VAppTemplateClientLiveTest) succeeded: 72870ms
Test suite progress: tests succeeded: 15, failed: 7, skipped: 12.
Starting test testGetOvfEnvelopeForVAppTemplate(org.jclouds.vcloud.features.VAppTemplateClientLiveTest)
[TestNG] Test testGetOvfEnvelopeForVAppTemplate(org.jclouds.vcloud.features.VAppTemplateClientLiveTest) succeeded: 44835ms
Test suite progress: tests succeeded: 16, failed: 7, skipped: 12.
Starting test testGetVAppTemplate(org.jclouds.vcloud.features.VAppTemplateClientLiveTest)
[TestNG] Test testGetVAppTemplate(org.jclouds.vcloud.features.VAppTemplateClientLiveTest) succeeded: 37838ms
Test suite progress: tests succeeded: 17, failed: 7, skipped: 12.
Tests run: 36, Failures: 7, Errors: 0, Skipped: 12, Time elapsed: 187.538 sec <<< FAILURE!
testFindCatalogIsWriteableIfNotVersion1_5(org.jclouds.vcloud.features.CatalogClientLiveTest)  Time elapsed: 0.845 sec  <<< FAILURE!
java.lang.AssertionError: expected [true] but found [false]
	at org.testng.Assert.fail(Assert.java:94)
	at org.testng.Assert.failNotEquals(Assert.java:494)
	at org.testng.Assert.assertTrue(Assert.java:42)
	at org.testng.Assert.assertTrue(Assert.java:52)
	at org.jclouds.vcloud.features.CatalogClientLiveTest.testFindCatalogIsWriteableIfNotVersion1_5(CatalogClientLiveTest.java:53)

testCompareSizes(org.jclouds.vcloud.compute.VCloudComputeServiceLiveTest)  Time elapsed: 23.612 sec  <<< FAILURE!
java.util.NoSuchElementException: imageId(https://zone01.bluelock.com/api/v1.0/vAppTemplate/vappTemplate-3bcb6057-69e2-4749-8171-0019fe9a9813) not found
	at org.jclouds.compute.domain.internal.TemplateBuilderImpl.throwNoSuchElementExceptionAfterLoggingImageIds(TemplateBuilderImpl.java:723)
	at org.jclouds.compute.domain.internal.TemplateBuilderImpl.findImageWithId(TemplateBuilderImpl.java:708)
	at org.jclouds.compute.domain.internal.TemplateBuilderImpl.build(TemplateBuilderImpl.java:661)
	at org.jclouds.compute.domain.internal.TemplateBuilderImpl.build(TemplateBuilderImpl.java:648)
	at org.jclouds.compute.internal.BaseComputeServiceLiveTest.testCompareSizes(BaseComputeServiceLiveTest.java:803)
	at sun.reflect.NativeMethodAccessorImpl.invoke0(Native Method)
	at sun.reflect.NativeMethodAccessorImpl.invoke(NativeMethodAccessorImpl.java:39)
	at sun.reflect.DelegatingMethodAccessorImpl.invoke(DelegatingMethodAccessorImpl.java:25)
	at java.lang.reflect.Method.invoke(Method.java:597)
	at org.testng.internal.MethodInvocationHelper.invokeMethod(MethodInvocationHelper.java:80)
	at org.testng.internal.Invoker.invokeMethod(Invoker.java:714)
	at org.testng.internal.Invoker.invokeTestMethod(Invoker.java:901)
	at org.testng.internal.Invoker.invokeTestMethods(Invoker.java:1231)
	at org.testng.internal.TestMethodWorker.invokeTestMethods(TestMethodWorker.java:127)
	at org.testng.internal.TestMethodWorker.run(TestMethodWorker.java:111)
	at org.testng.TestRunner.privateRun(TestRunner.java:767)
	at org.testng.TestRunner.run(TestRunner.java:617)
	at org.testng.SuiteRunner.runTest(SuiteRunner.java:334)
	at org.testng.SuiteRunner.access$000(SuiteRunner.java:37)
	at org.testng.SuiteRunner$SuiteWorker.run(SuiteRunner.java:368)
	at org.testng.internal.thread.ThreadUtil$2.call(ThreadUtil.java:64)
	at java.util.concurrent.FutureTask$Sync.innerRun(FutureTask.java:303)
	at java.util.concurrent.FutureTask.run(FutureTask.java:138)
	at java.util.concurrent.ThreadPoolExecutor$Worker.runTask(ThreadPoolExecutor.java:895)
	at java.util.concurrent.ThreadPoolExecutor$Worker.run(ThreadPoolExecutor.java:918)
	at java.lang.Thread.run(Thread.java:680)

testCaptureVApp(org.jclouds.vcloud.features.VAppTemplateClientLiveTest)  Time elapsed: 0.558 sec  <<< FAILURE!
java.util.NoSuchElementException: imageId(https://zone01.bluelock.com/api/v1.0/vAppTemplate/vappTemplate-3bcb6057-69e2-4749-8171-0019fe9a9813) not found
	at org.jclouds.compute.domain.internal.TemplateBuilderImpl.throwNoSuchElementExceptionAfterLoggingImageIds(TemplateBuilderImpl.java:723)
	at org.jclouds.compute.domain.internal.TemplateBuilderImpl.findImageWithId(TemplateBuilderImpl.java:708)
	at org.jclouds.compute.domain.internal.TemplateBuilderImpl.build(TemplateBuilderImpl.java:661)
	at org.jclouds.compute.internal.BaseComputeService.createNodesInGroup(BaseComputeService.java:234)
	at org.jclouds.compute.internal.BaseComputeService.createNodesInGroup(BaseComputeService.java:239)
	at org.jclouds.vcloud.features.VAppTemplateClientLiveTest.testCaptureVApp(VAppTemplateClientLiveTest.java:122)

testImageById(org.jclouds.vcloud.compute.VCloudComputeServiceLiveTest)  Time elapsed: 0.001 sec  <<< FAILURE!
java.util.NoSuchElementException: imageId(https://zone01.bluelock.com/api/v1.0/vAppTemplate/vappTemplate-3bcb6057-69e2-4749-8171-0019fe9a9813) not found
	at org.jclouds.compute.domain.internal.TemplateBuilderImpl.throwNoSuchElementExceptionAfterLoggingImageIds(TemplateBuilderImpl.java:723)
	at org.jclouds.compute.domain.internal.TemplateBuilderImpl.findImageWithId(TemplateBuilderImpl.java:708)
	at org.jclouds.compute.domain.internal.TemplateBuilderImpl.build(TemplateBuilderImpl.java:661)
	at org.jclouds.compute.domain.internal.TemplateBuilderImpl.build(TemplateBuilderImpl.java:648)
	at org.jclouds.compute.internal.BaseComputeServiceLiveTest.testImageById(BaseComputeServiceLiveTest.java:207)
	at sun.reflect.NativeMethodAccessorImpl.invoke0(Native Method)
	at sun.reflect.NativeMethodAccessorImpl.invoke(NativeMethodAccessorImpl.java:39)
	at sun.reflect.DelegatingMethodAccessorImpl.invoke(DelegatingMethodAccessorImpl.java:25)
	at java.lang.reflect.Method.invoke(Method.java:597)
	at org.testng.internal.MethodInvocationHelper.invokeMethod(MethodInvocationHelper.java:80)
	at org.testng.internal.Invoker.invokeMethod(Invoker.java:714)
	at org.testng.internal.Invoker.invokeTestMethod(Invoker.java:901)
	at org.testng.internal.Invoker.invokeTestMethods(Invoker.java:1231)
	at org.testng.internal.TestMethodWorker.invokeTestMethods(TestMethodWorker.java:127)
	at org.testng.internal.TestMethodWorker.run(TestMethodWorker.java:111)
	at org.testng.TestRunner.privateRun(TestRunner.java:767)
	at org.testng.TestRunner.run(TestRunner.java:617)
	at org.testng.SuiteRunner.runTest(SuiteRunner.java:334)
	at org.testng.SuiteRunner.access$000(SuiteRunner.java:37)
	at org.testng.SuiteRunner$SuiteWorker.run(SuiteRunner.java:368)
	at org.testng.internal.thread.ThreadUtil$2.call(ThreadUtil.java:64)
	at java.util.concurrent.FutureTask$Sync.innerRun(FutureTask.java:303)
	at java.util.concurrent.FutureTask.run(FutureTask.java:138)
	at java.util.concurrent.ThreadPoolExecutor$Worker.runTask(ThreadPoolExecutor.java:895)
	at java.util.concurrent.ThreadPoolExecutor$Worker.run(ThreadPoolExecutor.java:918)
	at java.lang.Thread.run(Thread.java:680)

testExtendedOptionsWithCustomizationScript(org.jclouds.vcloud.features.VmClientLiveTest)  Time elapsed: 0.949 sec  <<< FAILURE!
java.util.NoSuchElementException: imageId(https://zone01.bluelock.com/api/v1.0/vAppTemplate/vappTemplate-3bcb6057-69e2-4749-8171-0019fe9a9813) not found
	at org.jclouds.compute.domain.internal.TemplateBuilderImpl.throwNoSuchElementExceptionAfterLoggingImageIds(TemplateBuilderImpl.java:723)
	at org.jclouds.compute.domain.internal.TemplateBuilderImpl.findImageWithId(TemplateBuilderImpl.java:708)
	at org.jclouds.compute.domain.internal.TemplateBuilderImpl.build(TemplateBuilderImpl.java:661)
	at org.jclouds.compute.internal.BaseComputeService.createNodesInGroup(BaseComputeService.java:234)
	at org.jclouds.vcloud.features.VmClientLiveTest.testExtendedOptionsWithCustomizationScript(VmClientLiveTest.java:111)

testCreateAndRunAService(org.jclouds.vcloud.compute.VCloudComputeServiceLiveTest)  Time elapsed: 0.397 sec  <<< FAILURE!
java.util.NoSuchElementException: imageId(https://zone01.bluelock.com/api/v1.0/vAppTemplate/vappTemplate-3bcb6057-69e2-4749-8171-0019fe9a9813) not found
	at org.jclouds.compute.domain.internal.TemplateBuilderImpl.throwNoSuchElementExceptionAfterLoggingImageIds(TemplateBuilderImpl.java:723)
	at org.jclouds.compute.domain.internal.TemplateBuilderImpl.findImageWithId(TemplateBuilderImpl.java:708)
	at org.jclouds.compute.domain.internal.TemplateBuilderImpl.build(TemplateBuilderImpl.java:661)
	at org.jclouds.compute.internal.BaseComputeService.createNodesInGroup(BaseComputeService.java:234)
	at org.jclouds.compute.internal.BaseComputeServiceLiveTest.createAndRunAServiceInGroup(BaseComputeServiceLiveTest.java:673)
	at org.jclouds.compute.internal.BaseComputeServiceLiveTest.testCreateAndRunAService(BaseComputeServiceLiveTest.java:660)
	at sun.reflect.NativeMethodAccessorImpl.invoke0(Native Method)
	at sun.reflect.NativeMethodAccessorImpl.invoke(NativeMethodAccessorImpl.java:39)
	at sun.reflect.DelegatingMethodAccessorImpl.invoke(DelegatingMethodAccessorImpl.java:25)
	at java.lang.reflect.Method.invoke(Method.java:597)
	at org.testng.internal.MethodInvocationHelper.invokeMethod(MethodInvocationHelper.java:80)
	at org.testng.internal.Invoker.invokeMethod(Invoker.java:714)
	at org.testng.internal.Invoker.invokeTestMethod(Invoker.java:901)
	at org.testng.internal.Invoker.invokeTestMethods(Invoker.java:1231)
	at org.testng.internal.TestMethodWorker.invokeTestMethods(TestMethodWorker.java:127)
	at org.testng.internal.TestMethodWorker.run(TestMethodWorker.java:111)
	at org.testng.TestRunner.privateRun(TestRunner.java:767)
	at org.testng.TestRunner.run(TestRunner.java:617)
	at org.testng.SuiteRunner.runTest(SuiteRunner.java:334)
	at org.testng.SuiteRunner.access$000(SuiteRunner.java:37)
	at org.testng.SuiteRunner$SuiteWorker.run(SuiteRunner.java:368)
	at org.testng.internal.thread.ThreadUtil$2.call(ThreadUtil.java:64)
	at java.util.concurrent.FutureTask$Sync.innerRun(FutureTask.java:303)
	at java.util.concurrent.FutureTask.run(FutureTask.java:138)
	at java.util.concurrent.ThreadPoolExecutor$Worker.runTask(ThreadPoolExecutor.java:895)
	at java.util.concurrent.ThreadPoolExecutor$Worker.run(ThreadPoolExecutor.java:918)
	at java.lang.Thread.run(Thread.java:680)

testTemplateMatch(org.jclouds.vcloud.compute.VCloudComputeServiceLiveTest)  Time elapsed: 0.001 sec  <<< FAILURE!
java.util.NoSuchElementException: imageId(https://zone01.bluelock.com/api/v1.0/vAppTemplate/vappTemplate-3bcb6057-69e2-4749-8171-0019fe9a9813) not found
	at org.jclouds.compute.domain.internal.TemplateBuilderImpl.throwNoSuchElementExceptionAfterLoggingImageIds(TemplateBuilderImpl.java:723)
	at org.jclouds.compute.domain.internal.TemplateBuilderImpl.findImageWithId(TemplateBuilderImpl.java:708)
	at org.jclouds.compute.domain.internal.TemplateBuilderImpl.build(TemplateBuilderImpl.java:661)
	at org.jclouds.compute.domain.internal.TemplateBuilderImpl.build(TemplateBuilderImpl.java:648)
	at org.jclouds.compute.internal.BaseComputeServiceLiveTest.buildTemplate(BaseComputeServiceLiveTest.java:489)
	at org.jclouds.compute.internal.BaseComputeServiceLiveTest.testTemplateMatch(BaseComputeServiceLiveTest.java:325)
	at sun.reflect.NativeMethodAccessorImpl.invoke0(Native Method)
	at sun.reflect.NativeMethodAccessorImpl.invoke(NativeMethodAccessorImpl.java:39)
	at sun.reflect.DelegatingMethodAccessorImpl.invoke(DelegatingMethodAccessorImpl.java:25)
	at java.lang.reflect.Method.invoke(Method.java:597)
	at org.testng.internal.MethodInvocationHelper.invokeMethod(MethodInvocationHelper.java:80)
	at org.testng.internal.Invoker.invokeMethod(Invoker.java:714)
	at org.testng.internal.Invoker.invokeTestMethod(Invoker.java:901)
	at org.testng.internal.Invoker.invokeTestMethods(Invoker.java:1231)
	at org.testng.internal.TestMethodWorker.invokeTestMethods(TestMethodWorker.java:127)
	at org.testng.internal.TestMethodWorker.run(TestMethodWorker.java:111)
	at org.testng.TestRunner.privateRun(TestRunner.java:767)
	at org.testng.TestRunner.run(TestRunner.java:617)
	at org.testng.SuiteRunner.runTest(SuiteRunner.java:334)
	at org.testng.SuiteRunner.access$000(SuiteRunner.java:37)
	at org.testng.SuiteRunner$SuiteWorker.run(SuiteRunner.java:368)
	at org.testng.internal.thread.ThreadUtil$2.call(ThreadUtil.java:64)
	at java.util.concurrent.FutureTask$Sync.innerRun(FutureTask.java:303)
	at java.util.concurrent.FutureTask.run(FutureTask.java:138)
	at java.util.concurrent.ThreadPoolExecutor$Worker.runTask(ThreadPoolExecutor.java:895)
	at java.util.concurrent.ThreadPoolExecutor$Worker.run(ThreadPoolExecutor.java:918)
	at java.lang.Thread.run(Thread.java:680)


Results :

Failed tests:   testFindCatalogIsWriteableIfNotVersion1_5(org.jclouds.vcloud.features.CatalogClientLiveTest): expected [true] but found [false]
  testCompareSizes(org.jclouds.vcloud.compute.VCloudComputeServiceLiveTest): imageId(https://zone01.bluelock.com/api/v1.0/vAppTemplate/vappTemplate-3bcb6057-69e2-4749-8171-0019fe9a9813) not found
  testCaptureVApp(org.jclouds.vcloud.features.VAppTemplateClientLiveTest): imageId(https://zone01.bluelock.com/api/v1.0/vAppTemplate/vappTemplate-3bcb6057-69e2-4749-8171-0019fe9a9813) not found
  testImageById(org.jclouds.vcloud.compute.VCloudComputeServiceLiveTest): imageId(https://zone01.bluelock.com/api/v1.0/vAppTemplate/vappTemplate-3bcb6057-69e2-4749-8171-0019fe9a9813) not found
  testExtendedOptionsWithCustomizationScript(org.jclouds.vcloud.features.VmClientLiveTest): imageId(https://zone01.bluelock.com/api/v1.0/vAppTemplate/vappTemplate-3bcb6057-69e2-4749-8171-0019fe9a9813) not found
  testCreateAndRunAService(org.jclouds.vcloud.compute.VCloudComputeServiceLiveTest): imageId(https://zone01.bluelock.com/api/v1.0/vAppTemplate/vappTemplate-3bcb6057-69e2-4749-8171-0019fe9a9813) not found
  testTemplateMatch(org.jclouds.vcloud.compute.VCloudComputeServiceLiveTest): imageId(https://zone01.bluelock.com/api/v1.0/vAppTemplate/vappTemplate-3bcb6057-69e2-4749-8171-0019fe9a9813) not found

Tests run: 36, Failures: 7, Errors: 0, Skipped: 12

[INFO] ------------------------------------------------------------------------
[INFO] BUILD FAILURE
[INFO] ------------------------------------------------------------------------
[INFO] Total time: 3:21.076s
[INFO] Finished at: Sat Apr 27 14:56:26 PDT 2013
[INFO] Final Memory: 19M/125M
[INFO] ------------------------------------------------------------------------
[ERROR] Failed to execute goal org.apache.maven.plugins:maven-surefire-plugin:2.12.4:test (integration) on project vcloud: There are test failures.
[ERROR] 
[ERROR] Please refer to /private/tmp/jclouds/apis/vcloud/target/surefire-reports for the individual test results.
[ERROR] -> [Help 1]
[ERROR] 
[ERROR] To see the full stack trace of the errors, re-run Maven with the -e switch.
[ERROR] Re-run Maven using the -X switch to enable full debug logging.
[ERROR] 
[ERROR] For more information about the errors and possible solutions, please read the following articles:
[ERROR] [Help 1] http://cwiki.apache.org/confluence/display/MAVEN/MojoFailureException
