-------------------------------------------------------------------------------
Test set: TestSuite
-------------------------------------------------------------------------------
Tests run: 151, Failures: 3, Errors: 0, Skipped: 4, Time elapsed: 1,690.083 sec <<< FAILURE!
testTemplateBuilderCannotFind(org.jclouds.rackspace.cloudservers.compute.CloudServersUKTemplateBuilderLiveTest)  Time elapsed: 0.003 sec  <<< FAILURE!
org.testng.TestException: 
Method BaseTemplateBuilderLiveTest.testTemplateBuilderCannotFind(org.jclouds.compute.domain.OsFamilyVersion64Bit)[pri:0, instance:org.jclouds.rackspace.cloudservers.compute.CloudServersUKTemplateBuilderLiveTest@44a613f8] should have thrown an exception of class java.util.NoSuchElementException
	at org.testng.internal.Invoker.handleInvocationResults(Invoker.java:1485)
	at org.testng.internal.Invoker.invokeMethod(Invoker.java:740)
	at org.testng.internal.Invoker.invokeTestMethod(Invoker.java:883)
	at org.testng.internal.Invoker.invokeTestMethods(Invoker.java:1208)
	at org.testng.internal.TestMethodWorker.invokeTestMethods(TestMethodWorker.java:127)
	at org.testng.internal.TestMethodWorker.run(TestMethodWorker.java:111)
	at org.testng.TestRunner.privateRun(TestRunner.java:758)
	at org.testng.TestRunner.run(TestRunner.java:613)
	at org.testng.SuiteRunner.runTest(SuiteRunner.java:334)
	at org.testng.SuiteRunner.access$000(SuiteRunner.java:37)
	at org.testng.SuiteRunner$SuiteWorker.run(SuiteRunner.java:368)
	at org.testng.internal.thread.ThreadUtil$CountDownLatchedRunnable.run(ThreadUtil.java:165)
	at java.util.concurrent.ThreadPoolExecutor$Worker.runTask(ThreadPoolExecutor.java:886)
	at java.util.concurrent.ThreadPoolExecutor$Worker.run(ThreadPoolExecutor.java:908)
	at java.lang.Thread.run(Thread.java:680)
testCreateAndRunAService(org.jclouds.rackspace.cloudservers.compute.CloudServersUKComputeServiceLiveTest)  Time elapsed: 49.921 sec  <<< FAILURE!
java.lang.NullPointerException: no credentials found for node 10122806
	at com.google.common.base.Preconditions.checkNotNull(Preconditions.java:231)
	at org.jclouds.compute.functions.CreateSshClientOncePortIsListeningOnNode.apply(CreateSshClientOncePortIsListeningOnNode.java:54)
	at org.jclouds.compute.functions.CreateSshClientOncePortIsListeningOnNode.apply(CreateSshClientOncePortIsListeningOnNode.java:40)
	at org.jclouds.compute.callables.SudoAwareInitManager.init(SudoAwareInitManager.java:73)
	at org.jclouds.compute.callables.RunScriptOnNodeAsInitScriptUsingSsh.init(RunScriptOnNodeAsInitScriptUsingSsh.java:70)
	at org.jclouds.compute.callables.RunScriptOnNodeAsInitScriptUsingSshAndBlockUntilComplete.init(RunScriptOnNodeAsInitScriptUsingSshAndBlockUntilComplete.java:83)
	at org.jclouds.compute.callables.RunScriptOnNodeAsInitScriptUsingSshAndBlockUntilComplete.init(RunScriptOnNodeAsInitScriptUsingSshAndBlockUntilComplete.java:44)
	at org.jclouds.compute.internal.BaseComputeService.runScriptOnNode(BaseComputeService.java:571)
	at org.jclouds.compute.BaseComputeServiceLiveTest.testCreateAndRunAService(BaseComputeServiceLiveTest.java:664)
	at sun.reflect.NativeMethodAccessorImpl.invoke0(Native Method)
	at sun.reflect.NativeMethodAccessorImpl.invoke(NativeMethodAccessorImpl.java:39)
	at sun.reflect.DelegatingMethodAccessorImpl.invoke(DelegatingMethodAccessorImpl.java:25)
	at java.lang.reflect.Method.invoke(Method.java:597)
	at org.testng.internal.MethodInvocationHelper.invokeMethod(MethodInvocationHelper.java:80)
	at org.testng.internal.Invoker.invokeMethod(Invoker.java:691)
	at org.testng.internal.Invoker.invokeTestMethod(Invoker.java:883)
	at org.testng.internal.Invoker.invokeTestMethods(Invoker.java:1208)
	at org.testng.internal.TestMethodWorker.invokeTestMethods(TestMethodWorker.java:127)
	at org.testng.internal.TestMethodWorker.run(TestMethodWorker.java:111)
	at org.testng.TestRunner.privateRun(TestRunner.java:758)
	at org.testng.TestRunner.run(TestRunner.java:613)
	at org.testng.SuiteRunner.runTest(SuiteRunner.java:334)
	at org.testng.SuiteRunner.access$000(SuiteRunner.java:37)
	at org.testng.SuiteRunner$SuiteWorker.run(SuiteRunner.java:368)
	at org.testng.internal.thread.ThreadUtil$CountDownLatchedRunnable.run(ThreadUtil.java:165)
	at java.util.concurrent.ThreadPoolExecutor$Worker.runTask(ThreadPoolExecutor.java:886)
	at java.util.concurrent.ThreadPoolExecutor$Worker.run(ThreadPoolExecutor.java:908)
	at java.lang.Thread.run(Thread.java:680)
testReboot(org.jclouds.rackspace.cloudservers.compute.CloudServersUKComputeServiceLiveTest)  Time elapsed: 16.088 sec  <<< FAILURE!
java.lang.AssertionError: [id=10122811, providerId=10122811, group=cs-, name=cs--707, location=[id=7061b72c8ad0659145cc346d962ea350, scope=HOST, description=7061b72c8ad0659145cc346d962ea350, parent=cloudservers-uk, iso3166Codes=[], metadata={}], uri=null, imageId=119, os=[name=null, family=ubuntu, version=11.10, arch=null, is64Bit=true, description=Ubuntu 11.10], state=PENDING, loginPort=22, hostname=cs--707, privateAddresses=[10.177.139.209], publicAddresses=[164.177.147.113], hardware=[id=1, providerId=1, name=256 server, processors=[[cores=1.0, speed=1.0]], ram=256, volumes=[[id=null, type=LOCAL, size=10.0, device=null, durable=true, isBootDevice=true]], hypervisor=xen, supportsImage=ALWAYS_TRUE, tags=[]], loginUser=adriancole, userMetadata={}, tags=[]]
	at org.jclouds.compute.BaseComputeServiceLiveTest.testGet(BaseComputeServiceLiveTest.java:483)
	at org.jclouds.compute.BaseComputeServiceLiveTest.testReboot(BaseComputeServiceLiveTest.java:500)
	at sun.reflect.NativeMethodAccessorImpl.invoke0(Native Method)
	at sun.reflect.NativeMethodAccessorImpl.invoke(NativeMethodAccessorImpl.java:39)
	at sun.reflect.DelegatingMethodAccessorImpl.invoke(DelegatingMethodAccessorImpl.java:25)
	at java.lang.reflect.Method.invoke(Method.java:597)
	at org.testng.internal.MethodInvocationHelper.invokeMethod(MethodInvocationHelper.java:80)
	at org.testng.internal.Invoker.invokeMethod(Invoker.java:691)
	at org.testng.internal.Invoker.invokeTestMethod(Invoker.java:883)
	at org.testng.internal.Invoker.invokeTestMethods(Invoker.java:1208)
	at org.testng.internal.TestMethodWorker.invokeTestMethods(TestMethodWorker.java:127)
	at org.testng.internal.TestMethodWorker.run(TestMethodWorker.java:111)
	at org.testng.TestRunner.privateRun(TestRunner.java:758)
	at org.testng.TestRunner.run(TestRunner.java:613)
	at org.testng.SuiteRunner.runTest(SuiteRunner.java:334)
	at org.testng.SuiteRunner.access$000(SuiteRunner.java:37)
	at org.testng.SuiteRunner$SuiteWorker.run(SuiteRunner.java:368)
	at org.testng.internal.thread.ThreadUtil$CountDownLatchedRunnable.run(ThreadUtil.java:165)
	at java.util.concurrent.ThreadPoolExecutor$Worker.runTask(ThreadPoolExecutor.java:886)
	at java.util.concurrent.ThreadPoolExecutor$Worker.run(ThreadPoolExecutor.java:908)
	at java.lang.Thread.run(Thread.java:680)
