[INFO] Scanning for projects...
[WARNING] 
[WARNING] Some problems were encountered while building the effective model for org.jclouds.provider:cloudservers-us:bundle:1.4.0-SNAPSHOT
[WARNING] 'parent.relativePath' of POM org.jclouds:jclouds-project:1.4.0-SNAPSHOT (/Users/adriancole/workspace/git/1.4.x/jclouds/project/pom.xml) points at org.jclouds:jclouds-multi instead of org.sonatype.oss:oss-parent, please verify your project structure @ org.jclouds:jclouds-project:1.4.0-SNAPSHOT, /Users/adriancole/workspace/git/1.4.x/jclouds/project/pom.xml, line 24, column 13
[WARNING] 
[WARNING] It is highly recommended to fix these problems because they threaten the stability of your build.
[WARNING] 
[WARNING] For this reason, future Maven versions might no longer support building such malformed projects.
[WARNING] 
[INFO]                                                                         
[INFO] ------------------------------------------------------------------------
[INFO] Building jclouds CloudServers US provider 1.4.0-SNAPSHOT
[INFO] ------------------------------------------------------------------------
[INFO] 
[INFO] --- maven-clean-plugin:2.4.1:clean (default-clean) @ cloudservers-us ---
[INFO] Deleting /Users/adriancole/workspace/git/1.4.x/jclouds/providers/cloudservers-us/target
[INFO] 
[INFO] --- maven-enforcer-plugin:1.0.1:enforce (enforce-maven) @ cloudservers-us ---
[INFO] 
[INFO] --- maven-enforcer-plugin:1.0.1:enforce (enforce-banned-dependencies) @ cloudservers-us ---
[INFO] 
[INFO] --- maven-enforcer-plugin:1.0.1:enforce (enforce-java) @ cloudservers-us ---
[INFO] 
[INFO] --- maven-remote-resources-plugin:1.2:process (process-remote-resources) @ cloudservers-us ---
[INFO] Setting property: classpath.resource.loader.class => 'org.codehaus.plexus.velocity.ContextClassLoaderResourceLoader'.
[INFO] Setting property: velocimacro.messages.on => 'false'.
[INFO] Setting property: resource.loader => 'classpath'.
[INFO] Setting property: resource.manager.logwhenfound => 'false'.
[INFO] 
[INFO] --- maven-resources-plugin:2.4.2:resources (default-resources) @ cloudservers-us ---
[INFO] Using 'UTF-8' encoding to copy filtered resources.
[INFO] skip non existing resourceDirectory /Users/adriancole/workspace/git/1.4.x/jclouds/providers/cloudservers-us/src/main/clojure
[INFO] Copying 1 resource
[INFO] Copying 2 resources
[INFO] 
[INFO] --- maven-compiler-plugin:2.3:compile (default-compile) @ cloudservers-us ---
[INFO] Compiling 2 source files to /Users/adriancole/workspace/git/1.4.x/jclouds/providers/cloudservers-us/target/classes
[INFO] 
[INFO] --- maven-resources-plugin:2.4.2:testResources (default-testResources) @ cloudservers-us ---
[INFO] Using 'UTF-8' encoding to copy filtered resources.
[INFO] skip non existing resourceDirectory /Users/adriancole/workspace/git/1.4.x/jclouds/providers/cloudservers-us/src/test/clojure
[INFO] skip non existing resourceDirectory /Users/adriancole/workspace/git/1.4.x/jclouds/providers/cloudservers-us/src/test/resources
[INFO] Copying 2 resources
[INFO] 
[INFO] --- maven-compiler-plugin:2.3:testCompile (default-testCompile) @ cloudservers-us ---
[INFO] Compiling 4 source files to /Users/adriancole/workspace/git/1.4.x/jclouds/providers/cloudservers-us/target/test-classes
[INFO] 
[INFO] --- maven-surefire-plugin:2.10:test (default-test) @ cloudservers-us ---
[INFO] Surefire report directory: /Users/adriancole/workspace/git/1.4.x/jclouds/providers/cloudservers-us/target/surefire-reports
[INFO] Using configured provider org.apache.maven.surefire.testng.TestNGProvider

-------------------------------------------------------
 T E S T S
-------------------------------------------------------
Running org.jclouds.rackspace.cloudservers.CloudServersUSProviderTest
Starting test testAllContains(org.jclouds.rackspace.cloudservers.CloudServersUSProviderTest)
Starting test testInRestProperties(org.jclouds.rackspace.cloudservers.CloudServersUSProviderTest)
Starting test testOfTypeContains(org.jclouds.rackspace.cloudservers.CloudServersUSProviderTest)
Starting test testWithId(org.jclouds.rackspace.cloudservers.CloudServersUSProviderTest)
[pool-2-thread-1] Test testAllContains(org.jclouds.rackspace.cloudservers.CloudServersUSProviderTest) succeeded: 63ms
Test suite progress: tests succeeded: 1, failed: 0, skipped: 0.
[pool-2-thread-3] Test testOfTypeContains(org.jclouds.rackspace.cloudservers.CloudServersUSProviderTest) succeeded: 56ms
Test suite progress: tests succeeded: 2, failed: 0, skipped: 0.
[pool-2-thread-4] Test testWithId(org.jclouds.rackspace.cloudservers.CloudServersUSProviderTest) succeeded: 56ms
Test suite progress: tests succeeded: 3, failed: 0, skipped: 0.
[pool-2-thread-2] Test testInRestProperties(org.jclouds.rackspace.cloudservers.CloudServersUSProviderTest) succeeded: 102ms
Test suite progress: tests succeeded: 4, failed: 0, skipped: 0.
Tests run: 4, Failures: 0, Errors: 0, Skipped: 0, Time elapsed: 0.477 sec

Results :

Tests run: 4, Failures: 0, Errors: 0, Skipped: 0

[INFO] 
[INFO] --- clojure-maven-plugin:1.3.8:test (test-clojure) @ cloudservers-us ---

Testing com.theoryinpractise.clojure.testrunner

Ran 0 tests containing 0 assertions.
0 failures, 0 errors.
[INFO] 
[INFO] --- maven-bundle-plugin:2.3.4:bundle (default-bundle) @ cloudservers-us ---
[INFO] 
[INFO] --- maven-source-plugin:2.1.1:jar-no-fork (attach-sources) @ cloudservers-us ---
[INFO] Building jar: /Users/adriancole/workspace/git/1.4.x/jclouds/providers/cloudservers-us/target/cloudservers-us-1.4.0-SNAPSHOT-sources.jar
[INFO] 
[INFO] --- maven-javadoc-plugin:2.8:jar (javadoc) @ cloudservers-us ---
[INFO] Skipping javadoc generation
[INFO] 
[INFO] --- maven-jar-plugin:2.3.1:test-jar (default) @ cloudservers-us ---
[INFO] Building jar: /Users/adriancole/workspace/git/1.4.x/jclouds/providers/cloudservers-us/target/cloudservers-us-1.4.0-SNAPSHOT-tests.jar
[INFO] 
[INFO] --- maven-surefire-plugin:2.10:test (integration) @ cloudservers-us ---
[INFO] Surefire report directory: /Users/adriancole/workspace/git/1.4.x/jclouds/providers/cloudservers-us/target/surefire-reports
[INFO] Using configured provider org.apache.maven.surefire.testng.TestNGProvider

-------------------------------------------------------
 T E S T S
-------------------------------------------------------
Running TestSuite
Starting test testCreateServer(org.jclouds.rackspace.cloudservers.CloudServersUSClientLiveTest)
blocking on status active
Server [addresses=Addresses [privateAddresses=[10.179.161.195], publicAddresses=[184.106.216.14]], adminPass=null, flavorId=1, hostId=b717271d7eb3243e3a8d7eb14240318f, id=20671218, imageId=14362, metadata={jclouds=rackspace}, name=adriancole.cscreateserver697045938, sharedIpGroupId=null]
blocking on status active
Server [addresses=Addresses [privateAddresses=[10.179.161.195], publicAddresses=[184.106.216.14]], adminPass=null, flavorId=1, hostId=b717271d7eb3243e3a8d7eb14240318f, id=20671218, imageId=14362, metadata={jclouds=rackspace}, name=adriancole.cscreateserver697045938, sharedIpGroupId=null]
blocking on status active
Server [addresses=Addresses [privateAddresses=[10.179.161.195], publicAddresses=[184.106.216.14]], adminPass=null, flavorId=1, hostId=b717271d7eb3243e3a8d7eb14240318f, id=20671218, imageId=14362, metadata={jclouds=rackspace}, name=adriancole.cscreateserver697045938, sharedIpGroupId=null]
blocking on status active
Server [addresses=Addresses [privateAddresses=[10.179.161.195], publicAddresses=[184.106.216.14]], adminPass=null, flavorId=1, hostId=b717271d7eb3243e3a8d7eb14240318f, id=20671218, imageId=14362, metadata={jclouds=rackspace}, name=adriancole.cscreateserver697045938, sharedIpGroupId=null]
blocking on status active
Server [addresses=Addresses [privateAddresses=[10.179.161.195], publicAddresses=[184.106.216.14]], adminPass=null, flavorId=1, hostId=b717271d7eb3243e3a8d7eb14240318f, id=20671218, imageId=14362, metadata={jclouds=rackspace}, name=adriancole.cscreateserver697045938, sharedIpGroupId=null]
blocking on status active
Server [addresses=Addresses [privateAddresses=[10.179.161.195], publicAddresses=[184.106.216.14]], adminPass=null, flavorId=1, hostId=b717271d7eb3243e3a8d7eb14240318f, id=20671218, imageId=14362, metadata={jclouds=rackspace}, name=adriancole.cscreateserver697045938, sharedIpGroupId=null]
blocking on status active
Server [addresses=Addresses [privateAddresses=[10.179.161.195], publicAddresses=[184.106.216.14]], adminPass=null, flavorId=1, hostId=b717271d7eb3243e3a8d7eb14240318f, id=20671218, imageId=14362, metadata={jclouds=rackspace}, name=adriancole.cscreateserver697045938, sharedIpGroupId=null]
blocking on status active
Server [addresses=Addresses [privateAddresses=[10.179.161.195], publicAddresses=[184.106.216.14]], adminPass=null, flavorId=1, hostId=b717271d7eb3243e3a8d7eb14240318f, id=20671218, imageId=14362, metadata={jclouds=rackspace}, name=adriancole.cscreateserver697045938, sharedIpGroupId=null]
blocking on status active
Server [addresses=Addresses [privateAddresses=[10.179.161.195], publicAddresses=[184.106.216.14]], adminPass=null, flavorId=1, hostId=b717271d7eb3243e3a8d7eb14240318f, id=20671218, imageId=14362, metadata={jclouds=rackspace}, name=adriancole.cscreateserver697045938, sharedIpGroupId=null]
[TestNG] Test testCreateServer(org.jclouds.rackspace.cloudservers.CloudServersUSClientLiveTest) failed.
Test suite progress: tests succeeded: 0, failed: 1, skipped: 0.
Starting test testGetFlavorDetailsNotFound(org.jclouds.rackspace.cloudservers.CloudServersUSClientLiveTest)
[TestNG] Test testGetFlavorDetailsNotFound(org.jclouds.rackspace.cloudservers.CloudServersUSClientLiveTest) succeeded: 351ms
Test suite progress: tests succeeded: 1, failed: 1, skipped: 0.
Starting test testGetFlavorsDetail(org.jclouds.rackspace.cloudservers.CloudServersUSClientLiveTest)
[TestNG] Test testGetFlavorsDetail(org.jclouds.rackspace.cloudservers.CloudServersUSClientLiveTest) succeeded: 3428ms
Test suite progress: tests succeeded: 2, failed: 1, skipped: 0.
Starting test testGetImageDetailsNotFound(org.jclouds.rackspace.cloudservers.CloudServersUSClientLiveTest)
[TestNG] Test testGetImageDetailsNotFound(org.jclouds.rackspace.cloudservers.CloudServersUSClientLiveTest) failed.
Test suite progress: tests succeeded: 2, failed: 2, skipped: 0.
Starting test testGetImagesDetail(org.jclouds.rackspace.cloudservers.CloudServersUSClientLiveTest)
[TestNG] Test testGetImagesDetail(org.jclouds.rackspace.cloudservers.CloudServersUSClientLiveTest) succeeded: 8699ms
Test suite progress: tests succeeded: 3, failed: 2, skipped: 0.
Starting test testGetServerDetailsNotFound(org.jclouds.rackspace.cloudservers.CloudServersUSClientLiveTest)
[TestNG] Test testGetServerDetailsNotFound(org.jclouds.rackspace.cloudservers.CloudServersUSClientLiveTest) succeeded: 409ms
Test suite progress: tests succeeded: 4, failed: 2, skipped: 0.
Starting test testGetServersDetail(org.jclouds.rackspace.cloudservers.CloudServersUSClientLiveTest)
[TestNG] Test testGetServersDetail(org.jclouds.rackspace.cloudservers.CloudServersUSClientLiveTest) succeeded: 2288ms
Test suite progress: tests succeeded: 5, failed: 2, skipped: 0.
Starting test testGetSharedIpGroupDetailsNotFound(org.jclouds.rackspace.cloudservers.CloudServersUSClientLiveTest)
[TestNG] Test testGetSharedIpGroupDetailsNotFound(org.jclouds.rackspace.cloudservers.CloudServersUSClientLiveTest) succeeded: 389ms
Test suite progress: tests succeeded: 6, failed: 2, skipped: 0.
Starting test testGetSharedIpGroupsDetail(org.jclouds.rackspace.cloudservers.CloudServersUSClientLiveTest)
[TestNG] Test testGetSharedIpGroupsDetail(org.jclouds.rackspace.cloudservers.CloudServersUSClientLiveTest) failed.
Test suite progress: tests succeeded: 6, failed: 3, skipped: 0.
Starting test testLimits(org.jclouds.rackspace.cloudservers.CloudServersUSClientLiveTest)
[TestNG] Test testLimits(org.jclouds.rackspace.cloudservers.CloudServersUSClientLiveTest) succeeded: 391ms
Test suite progress: tests succeeded: 7, failed: 3, skipped: 0.
Starting test testListFlavors(org.jclouds.rackspace.cloudservers.CloudServersUSClientLiveTest)
[TestNG] Test testListFlavors(org.jclouds.rackspace.cloudservers.CloudServersUSClientLiveTest) succeeded: 392ms
Test suite progress: tests succeeded: 8, failed: 3, skipped: 0.
Starting test testListFlavorsDetail(org.jclouds.rackspace.cloudservers.CloudServersUSClientLiveTest)
[TestNG] Test testListFlavorsDetail(org.jclouds.rackspace.cloudservers.CloudServersUSClientLiveTest) succeeded: 389ms
Test suite progress: tests succeeded: 9, failed: 3, skipped: 0.
Starting test testListImages(org.jclouds.rackspace.cloudservers.CloudServersUSClientLiveTest)
[TestNG] Test testListImages(org.jclouds.rackspace.cloudservers.CloudServersUSClientLiveTest) succeeded: 547ms
Test suite progress: tests succeeded: 10, failed: 3, skipped: 0.
Starting test testListImagesDetail(org.jclouds.rackspace.cloudservers.CloudServersUSClientLiveTest)
[TestNG] Test testListImagesDetail(org.jclouds.rackspace.cloudservers.CloudServersUSClientLiveTest) succeeded: 555ms
Test suite progress: tests succeeded: 11, failed: 3, skipped: 0.
Starting test testListServers(org.jclouds.rackspace.cloudservers.CloudServersUSClientLiveTest)
[TestNG] Test testListServers(org.jclouds.rackspace.cloudservers.CloudServersUSClientLiveTest) succeeded: 712ms
Test suite progress: tests succeeded: 12, failed: 3, skipped: 0.
Starting test testListServersDetail(org.jclouds.rackspace.cloudservers.CloudServersUSClientLiveTest)
[TestNG] Test testListServersDetail(org.jclouds.rackspace.cloudservers.CloudServersUSClientLiveTest) succeeded: 662ms
Test suite progress: tests succeeded: 13, failed: 3, skipped: 0.
Starting test testListSharedIpGroups(org.jclouds.rackspace.cloudservers.CloudServersUSClientLiveTest)
[TestNG] Test testListSharedIpGroups(org.jclouds.rackspace.cloudservers.CloudServersUSClientLiveTest) succeeded: 2688ms
Test suite progress: tests succeeded: 14, failed: 3, skipped: 0.
Starting test testListSharedIpGroupsDetail(org.jclouds.rackspace.cloudservers.CloudServersUSClientLiveTest)
[TestNG] Test testListSharedIpGroupsDetail(org.jclouds.rackspace.cloudservers.CloudServersUSClientLiveTest) succeeded: 1311ms
Test suite progress: tests succeeded: 15, failed: 3, skipped: 0.
Starting test testTemplateBuilderWithImageIdSpecified(org.jclouds.rackspace.cloudservers.compute.CloudServersUSTemplateBuilderLiveTest)
[TestNG] Test testTemplateBuilderWithImageIdSpecified(org.jclouds.rackspace.cloudservers.compute.CloudServersUSTemplateBuilderLiveTest) succeeded: 4683ms
Test suite progress: tests succeeded: 16, failed: 3, skipped: 0.
Starting test testTemplateBuilderWithLoginUserSpecified(org.jclouds.rackspace.cloudservers.compute.CloudServersUSTemplateBuilderLiveTest)
[TestNG] Test testTemplateBuilderWithLoginUserSpecified(org.jclouds.rackspace.cloudservers.compute.CloudServersUSTemplateBuilderLiveTest) succeeded: 3110ms
Test suite progress: tests succeeded: 17, failed: 3, skipped: 0.
Starting test testTemplateBuilderCannotFind(org.jclouds.rackspace.cloudservers.compute.CloudServersUSTemplateBuilderLiveTest)
[TestNG] Test testTemplateBuilderCannotFind(org.jclouds.rackspace.cloudservers.compute.CloudServersUSTemplateBuilderLiveTest) succeeded: 3ms
Test suite progress: tests succeeded: 18, failed: 3, skipped: 0.
Starting test testTemplateBuilderCannotFind(org.jclouds.rackspace.cloudservers.compute.CloudServersUSTemplateBuilderLiveTest)
[TestNG] Test testTemplateBuilderCannotFind(org.jclouds.rackspace.cloudservers.compute.CloudServersUSTemplateBuilderLiveTest) succeeded: 1ms
Test suite progress: tests succeeded: 19, failed: 3, skipped: 0.
Starting test testTemplateBuilderCannotFind(org.jclouds.rackspace.cloudservers.compute.CloudServersUSTemplateBuilderLiveTest)
[TestNG] Test testTemplateBuilderCannotFind(org.jclouds.rackspace.cloudservers.compute.CloudServersUSTemplateBuilderLiveTest) succeeded: 1ms
Test suite progress: tests succeeded: 20, failed: 3, skipped: 0.
Starting test testTemplateBuilderCannotFind(org.jclouds.rackspace.cloudservers.compute.CloudServersUSTemplateBuilderLiveTest)
[TestNG] Test testTemplateBuilderCannotFind(org.jclouds.rackspace.cloudservers.compute.CloudServersUSTemplateBuilderLiveTest) succeeded: 7ms
Test suite progress: tests succeeded: 21, failed: 3, skipped: 0.
Starting test testTemplateBuilderCannotFind(org.jclouds.rackspace.cloudservers.compute.CloudServersUSTemplateBuilderLiveTest)
[TestNG] Test testTemplateBuilderCannotFind(org.jclouds.rackspace.cloudservers.compute.CloudServersUSTemplateBuilderLiveTest) failed.
Test suite progress: tests succeeded: 21, failed: 4, skipped: 0.
Starting test testTemplateBuilderCannotFind(org.jclouds.rackspace.cloudservers.compute.CloudServersUSTemplateBuilderLiveTest)
[TestNG] Test testTemplateBuilderCannotFind(org.jclouds.rackspace.cloudservers.compute.CloudServersUSTemplateBuilderLiveTest) succeeded: 1ms
Test suite progress: tests succeeded: 22, failed: 4, skipped: 0.
Starting test testTemplateBuilderCannotFind(org.jclouds.rackspace.cloudservers.compute.CloudServersUSTemplateBuilderLiveTest)
[TestNG] Test testTemplateBuilderCannotFind(org.jclouds.rackspace.cloudservers.compute.CloudServersUSTemplateBuilderLiveTest) succeeded: 0ms
Test suite progress: tests succeeded: 23, failed: 4, skipped: 0.
Starting test testTemplateBuilderCannotFind(org.jclouds.rackspace.cloudservers.compute.CloudServersUSTemplateBuilderLiveTest)
[TestNG] Test testTemplateBuilderCannotFind(org.jclouds.rackspace.cloudservers.compute.CloudServersUSTemplateBuilderLiveTest) succeeded: 0ms
Test suite progress: tests succeeded: 24, failed: 4, skipped: 0.
Starting test testTemplateBuilderCannotFind(org.jclouds.rackspace.cloudservers.compute.CloudServersUSTemplateBuilderLiveTest)
[TestNG] Test testTemplateBuilderCannotFind(org.jclouds.rackspace.cloudservers.compute.CloudServersUSTemplateBuilderLiveTest) succeeded: 16ms
Test suite progress: tests succeeded: 25, failed: 4, skipped: 0.
Starting test testTemplateBuilderCannotFind(org.jclouds.rackspace.cloudservers.compute.CloudServersUSTemplateBuilderLiveTest)
[TestNG] Test testTemplateBuilderCannotFind(org.jclouds.rackspace.cloudservers.compute.CloudServersUSTemplateBuilderLiveTest) succeeded: 1ms
Test suite progress: tests succeeded: 26, failed: 4, skipped: 0.
Starting test testTemplateBuilderCannotFind(org.jclouds.rackspace.cloudservers.compute.CloudServersUSTemplateBuilderLiveTest)
[TestNG] Test testTemplateBuilderCannotFind(org.jclouds.rackspace.cloudservers.compute.CloudServersUSTemplateBuilderLiveTest) succeeded: 1ms
Test suite progress: tests succeeded: 27, failed: 4, skipped: 0.
Starting test testTemplateBuilderCannotFind(org.jclouds.rackspace.cloudservers.compute.CloudServersUSTemplateBuilderLiveTest)
[TestNG] Test testTemplateBuilderCannotFind(org.jclouds.rackspace.cloudservers.compute.CloudServersUSTemplateBuilderLiveTest) succeeded: 3ms
Test suite progress: tests succeeded: 28, failed: 4, skipped: 0.
Starting test testTemplateBuilderCannotFind(org.jclouds.rackspace.cloudservers.compute.CloudServersUSTemplateBuilderLiveTest)
[TestNG] Test testTemplateBuilderCannotFind(org.jclouds.rackspace.cloudservers.compute.CloudServersUSTemplateBuilderLiveTest) succeeded: 1ms
Test suite progress: tests succeeded: 29, failed: 4, skipped: 0.
Starting test testTemplateBuilderCannotFind(org.jclouds.rackspace.cloudservers.compute.CloudServersUSTemplateBuilderLiveTest)
[TestNG] Test testTemplateBuilderCannotFind(org.jclouds.rackspace.cloudservers.compute.CloudServersUSTemplateBuilderLiveTest) succeeded: 5ms
Test suite progress: tests succeeded: 30, failed: 4, skipped: 0.
Starting test testTemplateBuilderCannotFind(org.jclouds.rackspace.cloudservers.compute.CloudServersUSTemplateBuilderLiveTest)
[TestNG] Test testTemplateBuilderCannotFind(org.jclouds.rackspace.cloudservers.compute.CloudServersUSTemplateBuilderLiveTest) succeeded: 1ms
Test suite progress: tests succeeded: 31, failed: 4, skipped: 0.
Starting test testTemplateBuilderCannotFind(org.jclouds.rackspace.cloudservers.compute.CloudServersUSTemplateBuilderLiveTest)
[TestNG] Test testTemplateBuilderCannotFind(org.jclouds.rackspace.cloudservers.compute.CloudServersUSTemplateBuilderLiveTest) succeeded: 0ms
Test suite progress: tests succeeded: 32, failed: 4, skipped: 0.
Starting test testTemplateBuilderCannotFind(org.jclouds.rackspace.cloudservers.compute.CloudServersUSTemplateBuilderLiveTest)
[TestNG] Test testTemplateBuilderCannotFind(org.jclouds.rackspace.cloudservers.compute.CloudServersUSTemplateBuilderLiveTest) succeeded: 0ms
Test suite progress: tests succeeded: 33, failed: 4, skipped: 0.
Starting test testTemplateBuilderCannotFind(org.jclouds.rackspace.cloudservers.compute.CloudServersUSTemplateBuilderLiveTest)
[TestNG] Test testTemplateBuilderCannotFind(org.jclouds.rackspace.cloudservers.compute.CloudServersUSTemplateBuilderLiveTest) succeeded: 1ms
Test suite progress: tests succeeded: 34, failed: 4, skipped: 0.
Starting test testTemplateBuilderCannotFind(org.jclouds.rackspace.cloudservers.compute.CloudServersUSTemplateBuilderLiveTest)
[TestNG] Test testTemplateBuilderCannotFind(org.jclouds.rackspace.cloudservers.compute.CloudServersUSTemplateBuilderLiveTest) succeeded: 0ms
Test suite progress: tests succeeded: 35, failed: 4, skipped: 0.
Starting test testTemplateBuilderCannotFind(org.jclouds.rackspace.cloudservers.compute.CloudServersUSTemplateBuilderLiveTest)
[TestNG] Test testTemplateBuilderCannotFind(org.jclouds.rackspace.cloudservers.compute.CloudServersUSTemplateBuilderLiveTest) succeeded: 1ms
Test suite progress: tests succeeded: 36, failed: 4, skipped: 0.
Starting test testTemplateBuilderCannotFind(org.jclouds.rackspace.cloudservers.compute.CloudServersUSTemplateBuilderLiveTest)
[TestNG] Test testTemplateBuilderCannotFind(org.jclouds.rackspace.cloudservers.compute.CloudServersUSTemplateBuilderLiveTest) succeeded: 0ms
Test suite progress: tests succeeded: 37, failed: 4, skipped: 0.
Starting test testTemplateBuilderCannotFind(org.jclouds.rackspace.cloudservers.compute.CloudServersUSTemplateBuilderLiveTest)
[TestNG] Test testTemplateBuilderCannotFind(org.jclouds.rackspace.cloudservers.compute.CloudServersUSTemplateBuilderLiveTest) succeeded: 2ms
Test suite progress: tests succeeded: 38, failed: 4, skipped: 0.
Starting test testTemplateBuilderCannotFind(org.jclouds.rackspace.cloudservers.compute.CloudServersUSTemplateBuilderLiveTest)
[TestNG] Test testTemplateBuilderCannotFind(org.jclouds.rackspace.cloudservers.compute.CloudServersUSTemplateBuilderLiveTest) succeeded: 3ms
Test suite progress: tests succeeded: 39, failed: 4, skipped: 0.
Starting test testTemplateBuilderCannotFind(org.jclouds.rackspace.cloudservers.compute.CloudServersUSTemplateBuilderLiveTest)
[TestNG] Test testTemplateBuilderCannotFind(org.jclouds.rackspace.cloudservers.compute.CloudServersUSTemplateBuilderLiveTest) succeeded: 1ms
Test suite progress: tests succeeded: 40, failed: 4, skipped: 0.
Starting test testTemplateBuilderCannotFind(org.jclouds.rackspace.cloudservers.compute.CloudServersUSTemplateBuilderLiveTest)
[TestNG] Test testTemplateBuilderCannotFind(org.jclouds.rackspace.cloudservers.compute.CloudServersUSTemplateBuilderLiveTest) succeeded: 0ms
Test suite progress: tests succeeded: 41, failed: 4, skipped: 0.
Starting test testTemplateBuilderCannotFind(org.jclouds.rackspace.cloudservers.compute.CloudServersUSTemplateBuilderLiveTest)
[TestNG] Test testTemplateBuilderCannotFind(org.jclouds.rackspace.cloudservers.compute.CloudServersUSTemplateBuilderLiveTest) succeeded: 0ms
Test suite progress: tests succeeded: 42, failed: 4, skipped: 0.
Starting test testTemplateBuilderCannotFind(org.jclouds.rackspace.cloudservers.compute.CloudServersUSTemplateBuilderLiveTest)
[TestNG] Test testTemplateBuilderCannotFind(org.jclouds.rackspace.cloudservers.compute.CloudServersUSTemplateBuilderLiveTest) succeeded: 2ms
Test suite progress: tests succeeded: 43, failed: 4, skipped: 0.
Starting test testTemplateBuilderCannotFind(org.jclouds.rackspace.cloudservers.compute.CloudServersUSTemplateBuilderLiveTest)
[TestNG] Test testTemplateBuilderCannotFind(org.jclouds.rackspace.cloudservers.compute.CloudServersUSTemplateBuilderLiveTest) succeeded: 2ms
Test suite progress: tests succeeded: 44, failed: 4, skipped: 0.
Starting test testTemplateBuilderCannotFind(org.jclouds.rackspace.cloudservers.compute.CloudServersUSTemplateBuilderLiveTest)
[TestNG] Test testTemplateBuilderCannotFind(org.jclouds.rackspace.cloudservers.compute.CloudServersUSTemplateBuilderLiveTest) succeeded: 1ms
Test suite progress: tests succeeded: 45, failed: 4, skipped: 0.
Starting test testTemplateBuilderCannotFind(org.jclouds.rackspace.cloudservers.compute.CloudServersUSTemplateBuilderLiveTest)
[TestNG] Test testTemplateBuilderCannotFind(org.jclouds.rackspace.cloudservers.compute.CloudServersUSTemplateBuilderLiveTest) succeeded: 2ms
Test suite progress: tests succeeded: 46, failed: 4, skipped: 0.
Starting test testTemplateBuilderCannotFind(org.jclouds.rackspace.cloudservers.compute.CloudServersUSTemplateBuilderLiveTest)
[TestNG] Test testTemplateBuilderCannotFind(org.jclouds.rackspace.cloudservers.compute.CloudServersUSTemplateBuilderLiveTest) succeeded: 0ms
Test suite progress: tests succeeded: 47, failed: 4, skipped: 0.
Starting test testTemplateBuilderCannotFind(org.jclouds.rackspace.cloudservers.compute.CloudServersUSTemplateBuilderLiveTest)
[TestNG] Test testTemplateBuilderCannotFind(org.jclouds.rackspace.cloudservers.compute.CloudServersUSTemplateBuilderLiveTest) succeeded: 1ms
Test suite progress: tests succeeded: 48, failed: 4, skipped: 0.
Starting test testTemplateBuilderCannotFind(org.jclouds.rackspace.cloudservers.compute.CloudServersUSTemplateBuilderLiveTest)
[TestNG] Test testTemplateBuilderCannotFind(org.jclouds.rackspace.cloudservers.compute.CloudServersUSTemplateBuilderLiveTest) succeeded: 2ms
Test suite progress: tests succeeded: 49, failed: 4, skipped: 0.
Starting test testTemplateBuilderCannotFind(org.jclouds.rackspace.cloudservers.compute.CloudServersUSTemplateBuilderLiveTest)
[TestNG] Test testTemplateBuilderCannotFind(org.jclouds.rackspace.cloudservers.compute.CloudServersUSTemplateBuilderLiveTest) succeeded: 2ms
Test suite progress: tests succeeded: 50, failed: 4, skipped: 0.
Starting test testTemplateBuilderCannotFind(org.jclouds.rackspace.cloudservers.compute.CloudServersUSTemplateBuilderLiveTest)
[TestNG] Test testTemplateBuilderCannotFind(org.jclouds.rackspace.cloudservers.compute.CloudServersUSTemplateBuilderLiveTest) succeeded: 1ms
Test suite progress: tests succeeded: 51, failed: 4, skipped: 0.
Starting test testTemplateBuilderCannotFind(org.jclouds.rackspace.cloudservers.compute.CloudServersUSTemplateBuilderLiveTest)
[TestNG] Test testTemplateBuilderCannotFind(org.jclouds.rackspace.cloudservers.compute.CloudServersUSTemplateBuilderLiveTest) succeeded: 1ms
Test suite progress: tests succeeded: 52, failed: 4, skipped: 0.
Starting test testTemplateBuilderCannotFind(org.jclouds.rackspace.cloudservers.compute.CloudServersUSTemplateBuilderLiveTest)
[TestNG] Test testTemplateBuilderCannotFind(org.jclouds.rackspace.cloudservers.compute.CloudServersUSTemplateBuilderLiveTest) succeeded: 0ms
Test suite progress: tests succeeded: 53, failed: 4, skipped: 0.
Starting test testTemplateBuilderCannotFind(org.jclouds.rackspace.cloudservers.compute.CloudServersUSTemplateBuilderLiveTest)
[TestNG] Test testTemplateBuilderCannotFind(org.jclouds.rackspace.cloudservers.compute.CloudServersUSTemplateBuilderLiveTest) succeeded: 2ms
Test suite progress: tests succeeded: 54, failed: 4, skipped: 0.
Starting test testTemplateBuilderCannotFind(org.jclouds.rackspace.cloudservers.compute.CloudServersUSTemplateBuilderLiveTest)
[TestNG] Test testTemplateBuilderCannotFind(org.jclouds.rackspace.cloudservers.compute.CloudServersUSTemplateBuilderLiveTest) succeeded: 2ms
Test suite progress: tests succeeded: 55, failed: 4, skipped: 0.
Starting test testTemplateBuilderCannotFind(org.jclouds.rackspace.cloudservers.compute.CloudServersUSTemplateBuilderLiveTest)
[TestNG] Test testTemplateBuilderCannotFind(org.jclouds.rackspace.cloudservers.compute.CloudServersUSTemplateBuilderLiveTest) succeeded: 1ms
Test suite progress: tests succeeded: 56, failed: 4, skipped: 0.
Starting test testTemplateBuilderCannotFind(org.jclouds.rackspace.cloudservers.compute.CloudServersUSTemplateBuilderLiveTest)
[TestNG] Test testTemplateBuilderCannotFind(org.jclouds.rackspace.cloudservers.compute.CloudServersUSTemplateBuilderLiveTest) succeeded: 1ms
Test suite progress: tests succeeded: 57, failed: 4, skipped: 0.
Starting test testTemplateBuilderCannotFind(org.jclouds.rackspace.cloudservers.compute.CloudServersUSTemplateBuilderLiveTest)
[TestNG] Test testTemplateBuilderCannotFind(org.jclouds.rackspace.cloudservers.compute.CloudServersUSTemplateBuilderLiveTest) succeeded: 0ms
Test suite progress: tests succeeded: 58, failed: 4, skipped: 0.
Starting test testTemplateBuilderCannotFind(org.jclouds.rackspace.cloudservers.compute.CloudServersUSTemplateBuilderLiveTest)
[TestNG] Test testTemplateBuilderCannotFind(org.jclouds.rackspace.cloudservers.compute.CloudServersUSTemplateBuilderLiveTest) succeeded: 1ms
Test suite progress: tests succeeded: 59, failed: 4, skipped: 0.
Starting test testTemplateBuilderCannotFind(org.jclouds.rackspace.cloudservers.compute.CloudServersUSTemplateBuilderLiveTest)
[TestNG] Test testTemplateBuilderCannotFind(org.jclouds.rackspace.cloudservers.compute.CloudServersUSTemplateBuilderLiveTest) succeeded: 0ms
Test suite progress: tests succeeded: 60, failed: 4, skipped: 0.
Starting test testTemplateBuilderCannotFind(org.jclouds.rackspace.cloudservers.compute.CloudServersUSTemplateBuilderLiveTest)
[TestNG] Test testTemplateBuilderCannotFind(org.jclouds.rackspace.cloudservers.compute.CloudServersUSTemplateBuilderLiveTest) succeeded: 0ms
Test suite progress: tests succeeded: 61, failed: 4, skipped: 0.
Starting test testTemplateBuilderCannotFind(org.jclouds.rackspace.cloudservers.compute.CloudServersUSTemplateBuilderLiveTest)
[TestNG] Test testTemplateBuilderCannotFind(org.jclouds.rackspace.cloudservers.compute.CloudServersUSTemplateBuilderLiveTest) succeeded: 0ms
Test suite progress: tests succeeded: 62, failed: 4, skipped: 0.
Starting test testTemplateBuilderCannotFind(org.jclouds.rackspace.cloudservers.compute.CloudServersUSTemplateBuilderLiveTest)
[TestNG] Test testTemplateBuilderCannotFind(org.jclouds.rackspace.cloudservers.compute.CloudServersUSTemplateBuilderLiveTest) succeeded: 0ms
Test suite progress: tests succeeded: 63, failed: 4, skipped: 0.
Starting test testTemplateBuilderCannotFind(org.jclouds.rackspace.cloudservers.compute.CloudServersUSTemplateBuilderLiveTest)
[TestNG] Test testTemplateBuilderCannotFind(org.jclouds.rackspace.cloudservers.compute.CloudServersUSTemplateBuilderLiveTest) succeeded: 0ms
Test suite progress: tests succeeded: 64, failed: 4, skipped: 0.
Starting test testTemplateBuilderCannotFind(org.jclouds.rackspace.cloudservers.compute.CloudServersUSTemplateBuilderLiveTest)
[TestNG] Test testTemplateBuilderCannotFind(org.jclouds.rackspace.cloudservers.compute.CloudServersUSTemplateBuilderLiveTest) succeeded: 0ms
Test suite progress: tests succeeded: 65, failed: 4, skipped: 0.
Starting test testTemplateBuilderCannotFind(org.jclouds.rackspace.cloudservers.compute.CloudServersUSTemplateBuilderLiveTest)
[TestNG] Test testTemplateBuilderCannotFind(org.jclouds.rackspace.cloudservers.compute.CloudServersUSTemplateBuilderLiveTest) succeeded: 1ms
Test suite progress: tests succeeded: 66, failed: 4, skipped: 0.
Starting test testTemplateBuilderCannotFind(org.jclouds.rackspace.cloudservers.compute.CloudServersUSTemplateBuilderLiveTest)
[TestNG] Test testTemplateBuilderCannotFind(org.jclouds.rackspace.cloudservers.compute.CloudServersUSTemplateBuilderLiveTest) succeeded: 0ms
Test suite progress: tests succeeded: 67, failed: 4, skipped: 0.
Starting test testTemplateBuilderCannotFind(org.jclouds.rackspace.cloudservers.compute.CloudServersUSTemplateBuilderLiveTest)
[TestNG] Test testTemplateBuilderCannotFind(org.jclouds.rackspace.cloudservers.compute.CloudServersUSTemplateBuilderLiveTest) succeeded: 0ms
Test suite progress: tests succeeded: 68, failed: 4, skipped: 0.
Starting test testTemplateBuilderCannotFind(org.jclouds.rackspace.cloudservers.compute.CloudServersUSTemplateBuilderLiveTest)
[TestNG] Test testTemplateBuilderCannotFind(org.jclouds.rackspace.cloudservers.compute.CloudServersUSTemplateBuilderLiveTest) succeeded: 0ms
Test suite progress: tests succeeded: 69, failed: 4, skipped: 0.
Starting test testTemplateBuilderCannotFind(org.jclouds.rackspace.cloudservers.compute.CloudServersUSTemplateBuilderLiveTest)
[TestNG] Test testTemplateBuilderCannotFind(org.jclouds.rackspace.cloudservers.compute.CloudServersUSTemplateBuilderLiveTest) succeeded: 1ms
Test suite progress: tests succeeded: 70, failed: 4, skipped: 0.
Starting test testTemplateBuilderCannotFind(org.jclouds.rackspace.cloudservers.compute.CloudServersUSTemplateBuilderLiveTest)
[TestNG] Test testTemplateBuilderCannotFind(org.jclouds.rackspace.cloudservers.compute.CloudServersUSTemplateBuilderLiveTest) succeeded: 0ms
Test suite progress: tests succeeded: 71, failed: 4, skipped: 0.
Starting test testTemplateBuilderCannotFind(org.jclouds.rackspace.cloudservers.compute.CloudServersUSTemplateBuilderLiveTest)
[TestNG] Test testTemplateBuilderCannotFind(org.jclouds.rackspace.cloudservers.compute.CloudServersUSTemplateBuilderLiveTest) succeeded: 1ms
Test suite progress: tests succeeded: 72, failed: 4, skipped: 0.
Starting test testTemplateBuilderCannotFind(org.jclouds.rackspace.cloudservers.compute.CloudServersUSTemplateBuilderLiveTest)
[TestNG] Test testTemplateBuilderCannotFind(org.jclouds.rackspace.cloudservers.compute.CloudServersUSTemplateBuilderLiveTest) succeeded: 1ms
Test suite progress: tests succeeded: 73, failed: 4, skipped: 0.
Starting test testTemplateBuilderCannotFind(org.jclouds.rackspace.cloudservers.compute.CloudServersUSTemplateBuilderLiveTest)
[TestNG] Test testTemplateBuilderCannotFind(org.jclouds.rackspace.cloudservers.compute.CloudServersUSTemplateBuilderLiveTest) succeeded: 1ms
Test suite progress: tests succeeded: 74, failed: 4, skipped: 0.
Starting test testTemplateBuilderCannotFind(org.jclouds.rackspace.cloudservers.compute.CloudServersUSTemplateBuilderLiveTest)
[TestNG] Test testTemplateBuilderCannotFind(org.jclouds.rackspace.cloudservers.compute.CloudServersUSTemplateBuilderLiveTest) succeeded: 1ms
Test suite progress: tests succeeded: 75, failed: 4, skipped: 0.
Starting test testTemplateBuilderCannotFind(org.jclouds.rackspace.cloudservers.compute.CloudServersUSTemplateBuilderLiveTest)
[TestNG] Test testTemplateBuilderCannotFind(org.jclouds.rackspace.cloudservers.compute.CloudServersUSTemplateBuilderLiveTest) succeeded: 0ms
Test suite progress: tests succeeded: 76, failed: 4, skipped: 0.
Starting test testTemplateBuilderCannotFind(org.jclouds.rackspace.cloudservers.compute.CloudServersUSTemplateBuilderLiveTest)
[TestNG] Test testTemplateBuilderCannotFind(org.jclouds.rackspace.cloudservers.compute.CloudServersUSTemplateBuilderLiveTest) succeeded: 1ms
Test suite progress: tests succeeded: 77, failed: 4, skipped: 0.
Starting test testTemplateBuilderCannotFind(org.jclouds.rackspace.cloudservers.compute.CloudServersUSTemplateBuilderLiveTest)
[TestNG] Test testTemplateBuilderCannotFind(org.jclouds.rackspace.cloudservers.compute.CloudServersUSTemplateBuilderLiveTest) succeeded: 0ms
Test suite progress: tests succeeded: 78, failed: 4, skipped: 0.
Starting test testTemplateBuilderCannotFind(org.jclouds.rackspace.cloudservers.compute.CloudServersUSTemplateBuilderLiveTest)
[TestNG] Test testTemplateBuilderCannotFind(org.jclouds.rackspace.cloudservers.compute.CloudServersUSTemplateBuilderLiveTest) succeeded: 1ms
Test suite progress: tests succeeded: 79, failed: 4, skipped: 0.
Starting test testTemplateBuilderCannotFind(org.jclouds.rackspace.cloudservers.compute.CloudServersUSTemplateBuilderLiveTest)
[TestNG] Test testTemplateBuilderCannotFind(org.jclouds.rackspace.cloudservers.compute.CloudServersUSTemplateBuilderLiveTest) succeeded: 0ms
Test suite progress: tests succeeded: 80, failed: 4, skipped: 0.
Starting test testTemplateBuilderCannotFind(org.jclouds.rackspace.cloudservers.compute.CloudServersUSTemplateBuilderLiveTest)
[TestNG] Test testTemplateBuilderCannotFind(org.jclouds.rackspace.cloudservers.compute.CloudServersUSTemplateBuilderLiveTest) succeeded: 1ms
Test suite progress: tests succeeded: 81, failed: 4, skipped: 0.
Starting test testTemplateBuilderCannotFind(org.jclouds.rackspace.cloudservers.compute.CloudServersUSTemplateBuilderLiveTest)
[TestNG] Test testTemplateBuilderCannotFind(org.jclouds.rackspace.cloudservers.compute.CloudServersUSTemplateBuilderLiveTest) succeeded: 0ms
Test suite progress: tests succeeded: 82, failed: 4, skipped: 0.
Starting test testTemplateBuilderCannotFind(org.jclouds.rackspace.cloudservers.compute.CloudServersUSTemplateBuilderLiveTest)
[TestNG] Test testTemplateBuilderCannotFind(org.jclouds.rackspace.cloudservers.compute.CloudServersUSTemplateBuilderLiveTest) succeeded: 1ms
Test suite progress: tests succeeded: 83, failed: 4, skipped: 0.
Starting test testTemplateBuilderCannotFind(org.jclouds.rackspace.cloudservers.compute.CloudServersUSTemplateBuilderLiveTest)
[TestNG] Test testTemplateBuilderCannotFind(org.jclouds.rackspace.cloudservers.compute.CloudServersUSTemplateBuilderLiveTest) succeeded: 0ms
Test suite progress: tests succeeded: 84, failed: 4, skipped: 0.
Starting test testTemplateBuilderCannotFind(org.jclouds.rackspace.cloudservers.compute.CloudServersUSTemplateBuilderLiveTest)
[TestNG] Test testTemplateBuilderCannotFind(org.jclouds.rackspace.cloudservers.compute.CloudServersUSTemplateBuilderLiveTest) succeeded: 0ms
Test suite progress: tests succeeded: 85, failed: 4, skipped: 0.
Starting test testTemplateBuilderCannotFind(org.jclouds.rackspace.cloudservers.compute.CloudServersUSTemplateBuilderLiveTest)
[TestNG] Test testTemplateBuilderCannotFind(org.jclouds.rackspace.cloudservers.compute.CloudServersUSTemplateBuilderLiveTest) succeeded: 0ms
Test suite progress: tests succeeded: 86, failed: 4, skipped: 0.
Starting test testTemplateBuilderCannotFind(org.jclouds.rackspace.cloudservers.compute.CloudServersUSTemplateBuilderLiveTest)
[TestNG] Test testTemplateBuilderCannotFind(org.jclouds.rackspace.cloudservers.compute.CloudServersUSTemplateBuilderLiveTest) succeeded: 0ms
Test suite progress: tests succeeded: 87, failed: 4, skipped: 0.
Starting test testCompareSizes(org.jclouds.rackspace.cloudservers.compute.CloudServersUSTemplateBuilderLiveTest)
smallest [id=1, providerId=1, name=256 server, processors=[[cores=1.0, speed=1.0]], ram=256, volumes=[[id=null, type=LOCAL, size=10.0, device=null, durable=true, isBootDevice=true]], hypervisor=xen, supportsImage=ALWAYS_TRUE, tags=[]]
fastest [id=8, providerId=8, name=30GB server, processors=[[cores=120.0, speed=1.0]], ram=30720, volumes=[[id=null, type=LOCAL, size=1200.0, device=null, durable=true, isBootDevice=true]], hypervisor=xen, supportsImage=ALWAYS_TRUE, tags=[]]
biggest [id=8, providerId=8, name=30GB server, processors=[[cores=120.0, speed=1.0]], ram=30720, volumes=[[id=null, type=LOCAL, size=1200.0, device=null, durable=true, isBootDevice=true]], hypervisor=xen, supportsImage=ALWAYS_TRUE, tags=[]]
[TestNG] Test testCompareSizes(org.jclouds.rackspace.cloudservers.compute.CloudServersUSTemplateBuilderLiveTest) succeeded: 5ms
Test suite progress: tests succeeded: 88, failed: 4, skipped: 0.
Starting test testGetAssignableLocations(org.jclouds.rackspace.cloudservers.compute.CloudServersUSTemplateBuilderLiveTest)
location [id=cloudservers-us, scope=PROVIDER, description=https://auth.api.rackspacecloud.com, parent=null, iso3166Codes=[US-IL, US-TX], metadata={}]
[TestNG] Test testGetAssignableLocations(org.jclouds.rackspace.cloudservers.compute.CloudServersUSTemplateBuilderLiveTest) succeeded: 1ms
Test suite progress: tests succeeded: 89, failed: 4, skipped: 0.
Starting test testTemplateBuilder(org.jclouds.rackspace.cloudservers.compute.CloudServersUSTemplateBuilderLiveTest)
[TestNG] Test testTemplateBuilder(org.jclouds.rackspace.cloudservers.compute.CloudServersUSTemplateBuilderLiveTest) succeeded: 2ms
Test suite progress: tests succeeded: 90, failed: 4, skipped: 0.
Starting test testTemplateBuilderCanUseImageId(org.jclouds.rackspace.cloudservers.compute.CloudServersUSTemplateBuilderLiveTest)
[TestNG] Test testTemplateBuilderCanUseImageId(org.jclouds.rackspace.cloudservers.compute.CloudServersUSTemplateBuilderLiveTest) succeeded: 1475ms
Test suite progress: tests succeeded: 91, failed: 4, skipped: 0.
Starting test testFromTemplate(org.jclouds.rackspace.cloudservers.compute.CloudServersUSTemplateBuilderLiveTest)
[TestNG] Test testFromTemplate(org.jclouds.rackspace.cloudservers.compute.CloudServersUSTemplateBuilderLiveTest) succeeded: 3ms
Test suite progress: tests succeeded: 92, failed: 4, skipped: 0.
Starting test testDefaultTemplateBuilder(org.jclouds.rackspace.cloudservers.compute.CloudServersUSTemplateBuilderLiveTest)
[TestNG] Test testDefaultTemplateBuilder(org.jclouds.rackspace.cloudservers.compute.CloudServersUSTemplateBuilderLiveTest) succeeded: 1ms
Test suite progress: tests succeeded: 93, failed: 4, skipped: 0.
Starting test testTemplateBuilderCanFind(org.jclouds.rackspace.cloudservers.compute.CloudServersUSTemplateBuilderLiveTest)
[TestNG] Test testTemplateBuilderCanFind(org.jclouds.rackspace.cloudservers.compute.CloudServersUSTemplateBuilderLiveTest) succeeded: 1ms
Test suite progress: tests succeeded: 94, failed: 4, skipped: 0.
Starting test testTemplateBuilderCanFind(org.jclouds.rackspace.cloudservers.compute.CloudServersUSTemplateBuilderLiveTest)
[TestNG] Test testTemplateBuilderCanFind(org.jclouds.rackspace.cloudservers.compute.CloudServersUSTemplateBuilderLiveTest) succeeded: 1ms
Test suite progress: tests succeeded: 95, failed: 4, skipped: 0.
Starting test testTemplateBuilderCanFind(org.jclouds.rackspace.cloudservers.compute.CloudServersUSTemplateBuilderLiveTest)
[TestNG] Test testTemplateBuilderCanFind(org.jclouds.rackspace.cloudservers.compute.CloudServersUSTemplateBuilderLiveTest) succeeded: 2ms
Test suite progress: tests succeeded: 96, failed: 4, skipped: 0.
Starting test testTemplateBuilderCanFind(org.jclouds.rackspace.cloudservers.compute.CloudServersUSTemplateBuilderLiveTest)
[TestNG] Test testTemplateBuilderCanFind(org.jclouds.rackspace.cloudservers.compute.CloudServersUSTemplateBuilderLiveTest) succeeded: 0ms
Test suite progress: tests succeeded: 97, failed: 4, skipped: 0.
Starting test testTemplateBuilderCanFind(org.jclouds.rackspace.cloudservers.compute.CloudServersUSTemplateBuilderLiveTest)
[TestNG] Test testTemplateBuilderCanFind(org.jclouds.rackspace.cloudservers.compute.CloudServersUSTemplateBuilderLiveTest) succeeded: 1ms
Test suite progress: tests succeeded: 98, failed: 4, skipped: 0.
Starting test testTemplateBuilderCanFind(org.jclouds.rackspace.cloudservers.compute.CloudServersUSTemplateBuilderLiveTest)
[TestNG] Test testTemplateBuilderCanFind(org.jclouds.rackspace.cloudservers.compute.CloudServersUSTemplateBuilderLiveTest) succeeded: 1ms
Test suite progress: tests succeeded: 99, failed: 4, skipped: 0.
Starting test testTemplateBuilderCanFind(org.jclouds.rackspace.cloudservers.compute.CloudServersUSTemplateBuilderLiveTest)
[TestNG] Test testTemplateBuilderCanFind(org.jclouds.rackspace.cloudservers.compute.CloudServersUSTemplateBuilderLiveTest) succeeded: 0ms
Test suite progress: tests succeeded: 100, failed: 4, skipped: 0.
Starting test testTemplateBuilderCanFind(org.jclouds.rackspace.cloudservers.compute.CloudServersUSTemplateBuilderLiveTest)
[TestNG] Test testTemplateBuilderCanFind(org.jclouds.rackspace.cloudservers.compute.CloudServersUSTemplateBuilderLiveTest) succeeded: 1ms
Test suite progress: tests succeeded: 101, failed: 4, skipped: 0.
Starting test testTemplateBuilderCanFind(org.jclouds.rackspace.cloudservers.compute.CloudServersUSTemplateBuilderLiveTest)
[TestNG] Test testTemplateBuilderCanFind(org.jclouds.rackspace.cloudservers.compute.CloudServersUSTemplateBuilderLiveTest) succeeded: 1ms
Test suite progress: tests succeeded: 102, failed: 4, skipped: 0.
Starting test testTemplateBuilderCanFind(org.jclouds.rackspace.cloudservers.compute.CloudServersUSTemplateBuilderLiveTest)
[TestNG] Test testTemplateBuilderCanFind(org.jclouds.rackspace.cloudservers.compute.CloudServersUSTemplateBuilderLiveTest) succeeded: 1ms
Test suite progress: tests succeeded: 103, failed: 4, skipped: 0.
Starting test testTemplateBuilderCanFind(org.jclouds.rackspace.cloudservers.compute.CloudServersUSTemplateBuilderLiveTest)
[TestNG] Test testTemplateBuilderCanFind(org.jclouds.rackspace.cloudservers.compute.CloudServersUSTemplateBuilderLiveTest) succeeded: 2ms
Test suite progress: tests succeeded: 104, failed: 4, skipped: 0.
Starting test testTemplateBuilderCanFind(org.jclouds.rackspace.cloudservers.compute.CloudServersUSTemplateBuilderLiveTest)
[TestNG] Test testTemplateBuilderCanFind(org.jclouds.rackspace.cloudservers.compute.CloudServersUSTemplateBuilderLiveTest) succeeded: 1ms
Test suite progress: tests succeeded: 105, failed: 4, skipped: 0.
Starting test testTemplateBuilderCanFind(org.jclouds.rackspace.cloudservers.compute.CloudServersUSTemplateBuilderLiveTest)
[TestNG] Test testTemplateBuilderCanFind(org.jclouds.rackspace.cloudservers.compute.CloudServersUSTemplateBuilderLiveTest) succeeded: 1ms
Test suite progress: tests succeeded: 106, failed: 4, skipped: 0.
[TestNG] Test testChangePassword(org.jclouds.rackspace.cloudservers.CloudServersUSClientLiveTest) skipped.
Test suite progress: tests succeeded: 106, failed: 4, skipped: 1.
[TestNG] Test testCreateSharedIpGroup(org.jclouds.rackspace.cloudservers.CloudServersUSClientLiveTest) skipped.
Test suite progress: tests succeeded: 106, failed: 4, skipped: 2.
[TestNG] Test testRenameServer(org.jclouds.rackspace.cloudservers.CloudServersUSClientLiveTest) skipped.
Test suite progress: tests succeeded: 106, failed: 4, skipped: 3.
[TestNG] Test testServerDetails(org.jclouds.rackspace.cloudservers.CloudServersUSClientLiveTest) skipped.
Test suite progress: tests succeeded: 106, failed: 4, skipped: 4.
[TestNG] Test testCreateServerIp(org.jclouds.rackspace.cloudservers.CloudServersUSClientLiveTest) skipped.
Test suite progress: tests succeeded: 106, failed: 4, skipped: 5.
[TestNG] Test testUnshare(org.jclouds.rackspace.cloudservers.CloudServersUSClientLiveTest) skipped.
Test suite progress: tests succeeded: 106, failed: 4, skipped: 6.
[TestNG] Test testShareConfig(org.jclouds.rackspace.cloudservers.CloudServersUSClientLiveTest) skipped.
Test suite progress: tests succeeded: 106, failed: 4, skipped: 7.
[TestNG] Test testShareNoConfig(org.jclouds.rackspace.cloudservers.CloudServersUSClientLiveTest) skipped.
Test suite progress: tests succeeded: 106, failed: 4, skipped: 8.
[TestNG] Test testBackup(org.jclouds.rackspace.cloudservers.CloudServersUSClientLiveTest) skipped.
Test suite progress: tests succeeded: 106, failed: 4, skipped: 9.
[TestNG] Test testCreateImage(org.jclouds.rackspace.cloudservers.CloudServersUSClientLiveTest) skipped.
Test suite progress: tests succeeded: 106, failed: 4, skipped: 10.
[TestNG] Test testRebuildServer(org.jclouds.rackspace.cloudservers.CloudServersUSClientLiveTest) skipped.
Test suite progress: tests succeeded: 106, failed: 4, skipped: 11.
[TestNG] Test testRebootHard(org.jclouds.rackspace.cloudservers.CloudServersUSClientLiveTest) skipped.
Test suite progress: tests succeeded: 106, failed: 4, skipped: 12.
[TestNG] Test testRebootSoft(org.jclouds.rackspace.cloudservers.CloudServersUSClientLiveTest) skipped.
Test suite progress: tests succeeded: 106, failed: 4, skipped: 13.
[TestNG] Test testConfirmResize(org.jclouds.rackspace.cloudservers.CloudServersUSClientLiveTest) skipped.
Test suite progress: tests succeeded: 106, failed: 4, skipped: 14.
[TestNG] Test testRevertResize(org.jclouds.rackspace.cloudservers.CloudServersUSClientLiveTest) skipped.
Test suite progress: tests succeeded: 106, failed: 4, skipped: 15.
[TestNG] Test deleteServer2(org.jclouds.rackspace.cloudservers.CloudServersUSClientLiveTest) skipped.
Test suite progress: tests succeeded: 106, failed: 4, skipped: 16.
[TestNG] Test testDeleteImage(org.jclouds.rackspace.cloudservers.CloudServersUSClientLiveTest) skipped.
Test suite progress: tests succeeded: 106, failed: 4, skipped: 17.
[TestNG] Test deleteServer1(org.jclouds.rackspace.cloudservers.CloudServersUSClientLiveTest) skipped.
Test suite progress: tests succeeded: 106, failed: 4, skipped: 18.
[TestNG] Test testDeleteSharedIpGroup(org.jclouds.rackspace.cloudservers.CloudServersUSClientLiveTest) skipped.
Test suite progress: tests succeeded: 106, failed: 4, skipped: 19.
Starting test setServiceDefaults(org.jclouds.rackspace.cloudservers.compute.CloudServersUSComputeServiceLiveTest)
[TestNG] Test setServiceDefaults(org.jclouds.rackspace.cloudservers.compute.CloudServersUSComputeServiceLiveTest) succeeded: 0ms
Test suite progress: tests succeeded: 107, failed: 4, skipped: 19.
Starting test testCompareSizes(org.jclouds.rackspace.cloudservers.compute.CloudServersUSComputeServiceLiveTest)
Mar 10, 2012 4:44:06 PM org.jclouds.compute.BaseComputeServiceLiveTest testCompareSizes
INFO: smallest [id=1, providerId=1, name=256 server, processors=[[cores=1.0, speed=1.0]], ram=256, volumes=[[id=null, type=LOCAL, size=10.0, device=null, durable=true, isBootDevice=true]], hypervisor=xen, supportsImage=ALWAYS_TRUE, tags=[]]
Mar 10, 2012 4:44:06 PM org.jclouds.compute.BaseComputeServiceLiveTest testCompareSizes
INFO: fastest [id=8, providerId=8, name=30GB server, processors=[[cores=120.0, speed=1.0]], ram=30720, volumes=[[id=null, type=LOCAL, size=1200.0, device=null, durable=true, isBootDevice=true]], hypervisor=xen, supportsImage=ALWAYS_TRUE, tags=[]]
Mar 10, 2012 4:44:06 PM org.jclouds.compute.BaseComputeServiceLiveTest testCompareSizes
INFO: biggest [id=8, providerId=8, name=30GB server, processors=[[cores=120.0, speed=1.0]], ram=30720, volumes=[[id=null, type=LOCAL, size=1200.0, device=null, durable=true, isBootDevice=true]], hypervisor=xen, supportsImage=ALWAYS_TRUE, tags=[]]
[TestNG] Test testCompareSizes(org.jclouds.rackspace.cloudservers.compute.CloudServersUSComputeServiceLiveTest) succeeded: 1224ms
Test suite progress: tests succeeded: 108, failed: 4, skipped: 19.
Starting test testCorrectAuthException(org.jclouds.rackspace.cloudservers.compute.CloudServersUSComputeServiceLiveTest)
[TestNG] Test testCorrectAuthException(org.jclouds.rackspace.cloudservers.compute.CloudServersUSComputeServiceLiveTest) succeeded: 454ms
Test suite progress: tests succeeded: 109, failed: 4, skipped: 19.
Starting test testCreateAndRunAService(org.jclouds.rackspace.cloudservers.compute.CloudServersUSComputeServiceLiveTest)
[TestNG] Test testCreateAndRunAService(org.jclouds.rackspace.cloudservers.compute.CloudServersUSComputeServiceLiveTest) failed.
Test suite progress: tests succeeded: 109, failed: 5, skipped: 19.
Starting test testGetAssignableLocations(org.jclouds.rackspace.cloudservers.compute.CloudServersUSComputeServiceLiveTest)
Mar 10, 2012 4:47:56 PM org.jclouds.compute.BaseComputeServiceLiveTest testGetAssignableLocations
WARNING: location [id=cloudservers-us, scope=PROVIDER, description=https://auth.api.rackspacecloud.com, parent=null, iso3166Codes=[US-IL, US-TX], metadata={}]
[TestNG] Test testGetAssignableLocations(org.jclouds.rackspace.cloudservers.compute.CloudServersUSComputeServiceLiveTest) succeeded: 1ms
Test suite progress: tests succeeded: 110, failed: 5, skipped: 19.
Starting test testImagesCache(org.jclouds.rackspace.cloudservers.compute.CloudServersUSComputeServiceLiveTest)
[TestNG] Test testImagesCache(org.jclouds.rackspace.cloudservers.compute.CloudServersUSComputeServiceLiveTest) succeeded: 618ms
Test suite progress: tests succeeded: 111, failed: 5, skipped: 19.
Starting test testListImages(org.jclouds.rackspace.cloudservers.compute.CloudServersUSComputeServiceLiveTest)
[TestNG] Test testListImages(org.jclouds.rackspace.cloudservers.compute.CloudServersUSComputeServiceLiveTest) succeeded: 0ms
Test suite progress: tests succeeded: 112, failed: 5, skipped: 19.
Starting test testListSizes(org.jclouds.rackspace.cloudservers.compute.CloudServersUSComputeServiceLiveTest)
[TestNG] Test testListSizes(org.jclouds.rackspace.cloudservers.compute.CloudServersUSComputeServiceLiveTest) succeeded: 381ms
Test suite progress: tests succeeded: 113, failed: 5, skipped: 19.
Starting test testOptionToNotBlock(org.jclouds.rackspace.cloudservers.compute.CloudServersUSComputeServiceLiveTest)
[TestNG] Test testOptionToNotBlock(org.jclouds.rackspace.cloudservers.compute.CloudServersUSComputeServiceLiveTest) succeeded: 132922ms
Test suite progress: tests succeeded: 114, failed: 5, skipped: 19.
Starting test testAssignability(org.jclouds.rackspace.cloudservers.compute.CloudServersUSComputeServiceLiveTest)
[TestNG] Test testAssignability(org.jclouds.rackspace.cloudservers.compute.CloudServersUSComputeServiceLiveTest) succeeded: 103ms
Test suite progress: tests succeeded: 115, failed: 5, skipped: 19.
Starting test testCorrectExceptionRunningNodesNotFound(org.jclouds.rackspace.cloudservers.compute.CloudServersUSComputeServiceLiveTest)
[TestNG] Test testCorrectExceptionRunningNodesNotFound(org.jclouds.rackspace.cloudservers.compute.CloudServersUSComputeServiceLiveTest) succeeded: 1957ms
Test suite progress: tests succeeded: 116, failed: 5, skipped: 19.
Starting test testAScriptExecutionAfterBootWithBasicTemplate(org.jclouds.rackspace.cloudservers.compute.CloudServersUSComputeServiceLiveTest)
SLF4J: Failed to load class "org.slf4j.impl.StaticLoggerBinder".
SLF4J: Defaulting to no-operation (NOP) logger implementation
SLF4J: See http://www.slf4j.org/codes.html#StaticLoggerBinder for further details.
<< problem applying options to node(20671226): 
org.jclouds.rest.AuthorizationException: (root:pw[5d907853a9617cfd55fb62eae803595b]@108.166.111.141:22) (root:pw[5d907853a9617cfd55fb62eae803595b]@108.166.111.141:22) error acquiring SSHClient(timeout=60000) (not retryable): Exhausted available authentication methods
	at org.jclouds.sshj.SshjSshClient.propagate(SshjSshClient.java:416)
	at org.jclouds.sshj.SshjSshClient.acquire(SshjSshClient.java:247)
	at org.jclouds.sshj.SshjSshClient.connect(SshjSshClient.java:257)
	at org.jclouds.compute.callables.RunScriptOnNodeUsingSsh.call(RunScriptOnNodeUsingSsh.java:80)
	at org.jclouds.compute.strategy.RunScriptOnNodeAndAddToGoodMapOrPutExceptionIntoBadMap.call(RunScriptOnNodeAndAddToGoodMapOrPutExceptionIntoBadMap.java:69)
	at org.jclouds.compute.strategy.RunScriptOnNodeAndAddToGoodMapOrPutExceptionIntoBadMap.call(RunScriptOnNodeAndAddToGoodMapOrPutExceptionIntoBadMap.java:44)
	at java.util.concurrent.FutureTask$Sync.innerRun(FutureTask.java:303)
	at java.util.concurrent.FutureTask.run(FutureTask.java:138)
	at java.util.concurrent.ThreadPoolExecutor$Worker.runTask(ThreadPoolExecutor.java:886)
	at java.util.concurrent.ThreadPoolExecutor$Worker.run(ThreadPoolExecutor.java:908)
	at java.lang.Thread.run(Thread.java:680)
Caused by: net.schmizz.sshj.userauth.UserAuthException: Exhausted available authentication methods
	at net.schmizz.sshj.userauth.UserAuthImpl.authenticate(UserAuthImpl.java:114)
	at net.schmizz.sshj.SSHClient.auth(SSHClient.java:204)
	at net.schmizz.sshj.SSHClient.auth(SSHClient.java:189)
	at net.schmizz.sshj.SSHClient.authPassword(SSHClient.java:265)
	at net.schmizz.sshj.SSHClient.authPassword(SSHClient.java:235)
	at net.schmizz.sshj.SSHClient.authPassword(SSHClient.java:219)
	at org.jclouds.sshj.SshjSshClient$1.create(SshjSshClient.java:203)
	at org.jclouds.sshj.SshjSshClient$1.create(SshjSshClient.java:179)
	at org.jclouds.sshj.SshjSshClient.acquire(SshjSshClient.java:228)
	... 9 more
Caused by: net.schmizz.sshj.userauth.UserAuthException: keyboard-interactive auth not allowed by server
	at net.schmizz.sshj.userauth.UserAuthImpl.authenticate(UserAuthImpl.java:81)
	... 17 more
[TestNG] Test testAScriptExecutionAfterBootWithBasicTemplate(org.jclouds.rackspace.cloudservers.compute.CloudServersUSComputeServiceLiveTest) succeeded: 343446ms
Test suite progress: tests succeeded: 117, failed: 5, skipped: 19.
Starting test testCreateTwoNodesWithRunScript(org.jclouds.rackspace.cloudservers.compute.CloudServersUSComputeServiceLiveTest)
[TestNG] Test testCreateTwoNodesWithRunScript(org.jclouds.rackspace.cloudservers.compute.CloudServersUSComputeServiceLiveTest) failed.
Test suite progress: tests succeeded: 117, failed: 6, skipped: 19.
Starting test testTemplateMatch(org.jclouds.rackspace.cloudservers.compute.CloudServersUSComputeServiceLiveTest)
[TestNG] Test testTemplateMatch(org.jclouds.rackspace.cloudservers.compute.CloudServersUSComputeServiceLiveTest) succeeded: 127ms
Test suite progress: tests succeeded: 118, failed: 6, skipped: 19.
[TestNG] Test testCreateAnotherNodeWithANewContextToEnsureSharedMemIsntRequired(org.jclouds.rackspace.cloudservers.compute.CloudServersUSComputeServiceLiveTest) skipped.
Test suite progress: tests succeeded: 118, failed: 6, skipped: 20.
[TestNG] Test testCredentialsCache(org.jclouds.rackspace.cloudservers.compute.CloudServersUSComputeServiceLiveTest) skipped.
Test suite progress: tests succeeded: 118, failed: 6, skipped: 21.
[TestNG] Test testGet(org.jclouds.rackspace.cloudservers.compute.CloudServersUSComputeServiceLiveTest) skipped.
Test suite progress: tests succeeded: 118, failed: 6, skipped: 22.
[TestNG] Test testReboot(org.jclouds.rackspace.cloudservers.compute.CloudServersUSComputeServiceLiveTest) skipped.
Test suite progress: tests succeeded: 118, failed: 6, skipped: 23.
[TestNG] Test testSuspendResume(org.jclouds.rackspace.cloudservers.compute.CloudServersUSComputeServiceLiveTest) skipped.
Test suite progress: tests succeeded: 118, failed: 6, skipped: 24.
[TestNG] Test testGetNodesWithDetails(org.jclouds.rackspace.cloudservers.compute.CloudServersUSComputeServiceLiveTest) skipped.
Test suite progress: tests succeeded: 118, failed: 6, skipped: 25.
[TestNG] Test testListNodes(org.jclouds.rackspace.cloudservers.compute.CloudServersUSComputeServiceLiveTest) skipped.
Test suite progress: tests succeeded: 118, failed: 6, skipped: 26.
[TestNG] Test testDestroyNodes(org.jclouds.rackspace.cloudservers.compute.CloudServersUSComputeServiceLiveTest) skipped.
Test suite progress: tests succeeded: 118, failed: 6, skipped: 27.
Tests run: 151, Failures: 6, Errors: 0, Skipped: 27, Time elapsed: 2,232.525 sec <<< FAILURE!

Results :

Failed tests:   testCreateServer(org.jclouds.rackspace.cloudservers.CloudServersUSClientLiveTest)
  testGetImageDetailsNotFound(org.jclouds.rackspace.cloudservers.CloudServersUSClientLiveTest)
  testGetSharedIpGroupsDetail(org.jclouds.rackspace.cloudservers.CloudServersUSClientLiveTest)
  testTemplateBuilderCannotFind(org.jclouds.rackspace.cloudservers.compute.CloudServersUSTemplateBuilderLiveTest): 
  testCreateAndRunAService(org.jclouds.rackspace.cloudservers.compute.CloudServersUSComputeServiceLiveTest): error running 1 node group(cs-s) location(cloudservers-us) image(119) size(1) options([inboundPorts=[22, 8080], privateKey=false, publicKey=false, runScript=false, blockUntilRunning=true, blockOnComplete=true, port:seconds=22:300, userMetadata: {Name=cs-s}])
  testCreateTwoNodesWithRunScript(org.jclouds.rackspace.cloudservers.compute.CloudServersUSComputeServiceLiveTest): error running 2 nodes group(cs-) location(cloudservers-us) image(119) size(1) options([inboundPorts=[22], privateKey=false, publicKey=false, runScript=true, blockUntilRunning=true, blockOnComplete=true, port:seconds=-1:-1, userMetadata: {}])

Tests run: 151, Failures: 6, Errors: 0, Skipped: 27

[INFO] ------------------------------------------------------------------------
[INFO] BUILD FAILURE
[INFO] ------------------------------------------------------------------------
[INFO] Total time: 37:36.995s
[INFO] Finished at: Sat Mar 10 17:16:40 PST 2012
[INFO] Final Memory: 21M/265M
[INFO] ------------------------------------------------------------------------
[ERROR] Failed to execute goal org.apache.maven.plugins:maven-surefire-plugin:2.10:test (integration) on project cloudservers-us: There are test failures.
[ERROR] 
[ERROR] Please refer to /Users/adriancole/workspace/git/1.4.x/jclouds/providers/cloudservers-us/target/surefire-reports for the individual test results.
[ERROR] -> [Help 1]
[ERROR] 
[ERROR] To see the full stack trace of the errors, re-run Maven with the -e switch.
[ERROR] Re-run Maven using the -X switch to enable full debug logging.
[ERROR] 
[ERROR] For more information about the errors and possible solutions, please read the following articles:
[ERROR] [Help 1] http://cwiki.apache.org/confluence/display/MAVEN/MojoFailureException
