[INFO] Scanning for projects...
[WARNING] 
[WARNING] Some problems were encountered while building the effective model for org.jclouds.provider:cloudsigma-lvs:bundle:1.4.0-SNAPSHOT
[WARNING] 'parent.relativePath' of POM org.jclouds:jclouds-project:1.4.0-SNAPSHOT (/Users/adriancole/workspace/git/1.4.x/jclouds/project/pom.xml) points at org.jclouds:jclouds-multi instead of org.sonatype.oss:oss-parent, please verify your project structure @ org.jclouds:jclouds-project:1.4.0-SNAPSHOT, /Users/adriancole/workspace/git/1.4.x/jclouds/project/pom.xml, line 24, column 13
[WARNING] 
[WARNING] It is highly recommended to fix these problems because they threaten the stability of your build.
[WARNING] 
[WARNING] For this reason, future Maven versions might no longer support building such malformed projects.
[WARNING] 
[INFO]                                                                         
[INFO] ------------------------------------------------------------------------
[INFO] Building jclouds CloudSigma provider 1.4.0-SNAPSHOT
[INFO] ------------------------------------------------------------------------
[INFO] 
[INFO] --- maven-clean-plugin:2.4.1:clean (default-clean) @ cloudsigma-lvs ---
[INFO] Deleting /Users/adriancole/workspace/git/1.4.x/jclouds/providers/cloudsigma-lvs/target
[INFO] 
[INFO] --- maven-enforcer-plugin:1.0.1:enforce (enforce-maven) @ cloudsigma-lvs ---
[INFO] 
[INFO] --- maven-enforcer-plugin:1.0.1:enforce (enforce-banned-dependencies) @ cloudsigma-lvs ---
[INFO] 
[INFO] --- maven-enforcer-plugin:1.0.1:enforce (enforce-java) @ cloudsigma-lvs ---
[INFO] 
[INFO] --- maven-remote-resources-plugin:1.2:process (process-remote-resources) @ cloudsigma-lvs ---
[INFO] Setting property: classpath.resource.loader.class => 'org.codehaus.plexus.velocity.ContextClassLoaderResourceLoader'.
[INFO] Setting property: velocimacro.messages.on => 'false'.
[INFO] Setting property: resource.loader => 'classpath'.
[INFO] Setting property: resource.manager.logwhenfound => 'false'.
[INFO] 
[INFO] --- maven-resources-plugin:2.4.2:resources (default-resources) @ cloudsigma-lvs ---
[INFO] Using 'UTF-8' encoding to copy filtered resources.
[INFO] skip non existing resourceDirectory /Users/adriancole/workspace/git/1.4.x/jclouds/providers/cloudsigma-lvs/src/main/clojure
[INFO] Copying 1 resource
[INFO] Copying 2 resources
[INFO] 
[INFO] --- maven-compiler-plugin:2.3:compile (default-compile) @ cloudsigma-lvs ---
[INFO] Compiling 2 source files to /Users/adriancole/workspace/git/1.4.x/jclouds/providers/cloudsigma-lvs/target/classes
[INFO] 
[INFO] --- maven-resources-plugin:2.4.2:testResources (default-testResources) @ cloudsigma-lvs ---
[INFO] Using 'UTF-8' encoding to copy filtered resources.
[INFO] skip non existing resourceDirectory /Users/adriancole/workspace/git/1.4.x/jclouds/providers/cloudsigma-lvs/src/test/clojure
[INFO] skip non existing resourceDirectory /Users/adriancole/workspace/git/1.4.x/jclouds/providers/cloudsigma-lvs/src/test/resources
[INFO] Copying 2 resources
[INFO] 
[INFO] --- maven-compiler-plugin:2.3:testCompile (default-testCompile) @ cloudsigma-lvs ---
[INFO] Compiling 4 source files to /Users/adriancole/workspace/git/1.4.x/jclouds/providers/cloudsigma-lvs/target/test-classes
[INFO] 
[INFO] --- maven-surefire-plugin:2.10:test (default-test) @ cloudsigma-lvs ---
[INFO] Surefire report directory: /Users/adriancole/workspace/git/1.4.x/jclouds/providers/cloudsigma-lvs/target/surefire-reports
[INFO] Using configured provider org.apache.maven.surefire.testng.TestNGProvider

-------------------------------------------------------
 T E S T S
-------------------------------------------------------
Running org.jclouds.cloudsigma.CloudSigmaLasVegasProviderTest
Starting test testAllContains(org.jclouds.cloudsigma.CloudSigmaLasVegasProviderTest)
Starting test testOfTypeContains(org.jclouds.cloudsigma.CloudSigmaLasVegasProviderTest)
Starting test testWithId(org.jclouds.cloudsigma.CloudSigmaLasVegasProviderTest)
Starting test testInRestProperties(org.jclouds.cloudsigma.CloudSigmaLasVegasProviderTest)
[pool-2-thread-1] Test testAllContains(org.jclouds.cloudsigma.CloudSigmaLasVegasProviderTest) succeeded: 45ms
Test suite progress: tests succeeded: 1, failed: 0, skipped: 0.
[pool-2-thread-4] Test testWithId(org.jclouds.cloudsigma.CloudSigmaLasVegasProviderTest) succeeded: 48ms
Test suite progress: tests succeeded: 2, failed: 0, skipped: 0.
[pool-2-thread-3] Test testOfTypeContains(org.jclouds.cloudsigma.CloudSigmaLasVegasProviderTest) succeeded: 51ms
Test suite progress: tests succeeded: 3, failed: 0, skipped: 0.
[pool-2-thread-2] Test testInRestProperties(org.jclouds.cloudsigma.CloudSigmaLasVegasProviderTest) succeeded: 102ms
Test suite progress: tests succeeded: 4, failed: 0, skipped: 0.
Tests run: 4, Failures: 0, Errors: 0, Skipped: 0, Time elapsed: 0.529 sec

Results :

Tests run: 4, Failures: 0, Errors: 0, Skipped: 0

[INFO] 
[INFO] --- clojure-maven-plugin:1.3.8:test (test-clojure) @ cloudsigma-lvs ---

Testing com.theoryinpractise.clojure.testrunner

Ran 0 tests containing 0 assertions.
0 failures, 0 errors.
[INFO] 
[INFO] --- maven-bundle-plugin:2.3.4:bundle (default-bundle) @ cloudsigma-lvs ---
[WARNING] Warning building bundle org.jclouds.provider:cloudsigma-lvs:bundle:1.4.0-SNAPSHOT : Split package org/jclouds/cloudsigma
Use directive -split-package:=(merge-first|merge-last|error|first) on Export/Private Package instruction to get rid of this warning
Package found in   [Jar:., Jar:cloudsigma]
Reference from     /Users/adriancole/.m2/repository/org/jclouds/api/cloudsigma/1.4.0-SNAPSHOT/cloudsigma-1.4.0-SNAPSHOT.jar
Classpath          [Jar:., Jar:cloudsigma, Jar:jclouds-compute, Jar:oauth, Jar:aopalliance, Jar:jersey-core, Jar:guice-assistedinject, Jar:guice, Jar:rocoto, Jar:javax.inject, Jar:jsr250-api, Jar:gson, Jar:guava, Jar:jsr305, Jar:jclouds-scriptbuilder, Jar:jclouds-core, Jar:clojure, Jar:tools.logging, Jar:core.incubator]
[INFO] 
[INFO] --- maven-source-plugin:2.1.1:jar-no-fork (attach-sources) @ cloudsigma-lvs ---
[INFO] Building jar: /Users/adriancole/workspace/git/1.4.x/jclouds/providers/cloudsigma-lvs/target/cloudsigma-lvs-1.4.0-SNAPSHOT-sources.jar
[INFO] 
[INFO] --- maven-javadoc-plugin:2.8:jar (javadoc) @ cloudsigma-lvs ---
[INFO] Skipping javadoc generation
[INFO] 
[INFO] --- maven-jar-plugin:2.3.1:test-jar (default) @ cloudsigma-lvs ---
[INFO] Building jar: /Users/adriancole/workspace/git/1.4.x/jclouds/providers/cloudsigma-lvs/target/cloudsigma-lvs-1.4.0-SNAPSHOT-tests.jar
[INFO] 
[INFO] --- maven-surefire-plugin:2.10:test (integration) @ cloudsigma-lvs ---
[INFO] Surefire report directory: /Users/adriancole/workspace/git/1.4.x/jclouds/providers/cloudsigma-lvs/target/surefire-reports
[INFO] Using configured provider org.apache.maven.surefire.testng.TestNGProvider

-------------------------------------------------------
 T E S T S
-------------------------------------------------------
Running TestSuite
Starting test testCompareSizes(org.jclouds.cloudsigma.compute.CloudSigmaLasVegasTemplateBuilderLiveTest)
Starting test setServiceDefaults(org.jclouds.cloudsigma.compute.CloudSigmaLasVegasComputeServiceLiveTest)
[TestNG] Test setServiceDefaults(org.jclouds.cloudsigma.compute.CloudSigmaLasVegasComputeServiceLiveTest) succeeded: 0ms
Test suite progress: tests succeeded: 1, failed: 0, skipped: 0.
Starting test testCompareSizes(org.jclouds.cloudsigma.compute.CloudSigmaLasVegasComputeServiceLiveTest)
Starting test testCreateAndDestroyVLAN(org.jclouds.cloudsigma.CloudSigmaLasVegasLondonClientLiveTest)
[TestNG] Test testCreateAndDestroyVLAN(org.jclouds.cloudsigma.CloudSigmaLasVegasLondonClientLiveTest) skipped.
Test suite progress: tests succeeded: 1, failed: 0, skipped: 1.
Starting test testCreateDrive(org.jclouds.cloudsigma.CloudSigmaLasVegasLondonClientLiveTest)
[TestNG] Test testCreateDrive(org.jclouds.cloudsigma.CloudSigmaLasVegasLondonClientLiveTest) skipped.
Test suite progress: tests succeeded: 1, failed: 0, skipped: 2.
Starting test testGetDrive(org.jclouds.cloudsigma.CloudSigmaLasVegasLondonClientLiveTest)
[TestNG] Test testGetDrive(org.jclouds.cloudsigma.CloudSigmaLasVegasLondonClientLiveTest) skipped.
Test suite progress: tests succeeded: 1, failed: 0, skipped: 3.
Starting test testGetProfileInfo(org.jclouds.cloudsigma.CloudSigmaLasVegasLondonClientLiveTest)
[TestNG] Test testGetProfileInfo(org.jclouds.cloudsigma.CloudSigmaLasVegasLondonClientLiveTest) skipped.
Test suite progress: tests succeeded: 1, failed: 0, skipped: 4.
Starting test testGetServer(org.jclouds.cloudsigma.CloudSigmaLasVegasLondonClientLiveTest)
[TestNG] Test testGetServer(org.jclouds.cloudsigma.CloudSigmaLasVegasLondonClientLiveTest) skipped.
Test suite progress: tests succeeded: 1, failed: 0, skipped: 5.
Starting test testGetStaticIP(org.jclouds.cloudsigma.CloudSigmaLasVegasLondonClientLiveTest)
[TestNG] Test testGetStaticIP(org.jclouds.cloudsigma.CloudSigmaLasVegasLondonClientLiveTest) skipped.
Test suite progress: tests succeeded: 1, failed: 0, skipped: 6.
Starting test testGetVLAN(org.jclouds.cloudsigma.CloudSigmaLasVegasLondonClientLiveTest)
[TestNG] Test testGetVLAN(org.jclouds.cloudsigma.CloudSigmaLasVegasLondonClientLiveTest) skipped.
Test suite progress: tests succeeded: 1, failed: 0, skipped: 7.
Starting test testListDriveInfo(org.jclouds.cloudsigma.CloudSigmaLasVegasLondonClientLiveTest)
[TestNG] Test testListDriveInfo(org.jclouds.cloudsigma.CloudSigmaLasVegasLondonClientLiveTest) skipped.
Test suite progress: tests succeeded: 1, failed: 0, skipped: 8.
Starting test testListDrives(org.jclouds.cloudsigma.CloudSigmaLasVegasLondonClientLiveTest)
[TestNG] Test testListDrives(org.jclouds.cloudsigma.CloudSigmaLasVegasLondonClientLiveTest) skipped.
Test suite progress: tests succeeded: 1, failed: 0, skipped: 9.
Starting test testListServerInfo(org.jclouds.cloudsigma.CloudSigmaLasVegasLondonClientLiveTest)
[TestNG] Test testListServerInfo(org.jclouds.cloudsigma.CloudSigmaLasVegasLondonClientLiveTest) skipped.
Test suite progress: tests succeeded: 1, failed: 0, skipped: 10.
Starting test testListServers(org.jclouds.cloudsigma.CloudSigmaLasVegasLondonClientLiveTest)
[TestNG] Test testListServers(org.jclouds.cloudsigma.CloudSigmaLasVegasLondonClientLiveTest) skipped.
Test suite progress: tests succeeded: 1, failed: 0, skipped: 11.
Starting test testListStandardCds(org.jclouds.cloudsigma.CloudSigmaLasVegasLondonClientLiveTest)
[TestNG] Test testListStandardCds(org.jclouds.cloudsigma.CloudSigmaLasVegasLondonClientLiveTest) skipped.
Test suite progress: tests succeeded: 1, failed: 0, skipped: 12.
Starting test testListStandardDrives(org.jclouds.cloudsigma.CloudSigmaLasVegasLondonClientLiveTest)
[TestNG] Test testListStandardDrives(org.jclouds.cloudsigma.CloudSigmaLasVegasLondonClientLiveTest) skipped.
Test suite progress: tests succeeded: 1, failed: 0, skipped: 13.
Starting test testListStandardImages(org.jclouds.cloudsigma.CloudSigmaLasVegasLondonClientLiveTest)
[TestNG] Test testListStandardImages(org.jclouds.cloudsigma.CloudSigmaLasVegasLondonClientLiveTest) skipped.
Test suite progress: tests succeeded: 1, failed: 0, skipped: 14.
Starting test testListStaticIPInfo(org.jclouds.cloudsigma.CloudSigmaLasVegasLondonClientLiveTest)
[TestNG] Test testListStaticIPInfo(org.jclouds.cloudsigma.CloudSigmaLasVegasLondonClientLiveTest) skipped.
Test suite progress: tests succeeded: 1, failed: 0, skipped: 15.
Starting test testListStaticIPs(org.jclouds.cloudsigma.CloudSigmaLasVegasLondonClientLiveTest)
[TestNG] Test testListStaticIPs(org.jclouds.cloudsigma.CloudSigmaLasVegasLondonClientLiveTest) skipped.
Test suite progress: tests succeeded: 1, failed: 0, skipped: 16.
Starting test testListVLANInfo(org.jclouds.cloudsigma.CloudSigmaLasVegasLondonClientLiveTest)
[TestNG] Test testListVLANInfo(org.jclouds.cloudsigma.CloudSigmaLasVegasLondonClientLiveTest) skipped.
Test suite progress: tests succeeded: 1, failed: 0, skipped: 17.
Starting test testListVLANs(org.jclouds.cloudsigma.CloudSigmaLasVegasLondonClientLiveTest)
[TestNG] Test testListVLANs(org.jclouds.cloudsigma.CloudSigmaLasVegasLondonClientLiveTest) skipped.
Test suite progress: tests succeeded: 1, failed: 0, skipped: 18.
[TestNG] Test testSetDriveData(org.jclouds.cloudsigma.CloudSigmaLasVegasLondonClientLiveTest) skipped.
Test suite progress: tests succeeded: 1, failed: 0, skipped: 19.
[TestNG] Test testCreateAndDestroyStaticIP(org.jclouds.cloudsigma.CloudSigmaLasVegasLondonClientLiveTest) skipped.
Test suite progress: tests succeeded: 1, failed: 0, skipped: 20.
[TestNG] Test testCreateAndStartServer(org.jclouds.cloudsigma.CloudSigmaLasVegasLondonClientLiveTest) skipped.
Test suite progress: tests succeeded: 1, failed: 0, skipped: 21.
[TestNG] Test testConnectivity(org.jclouds.cloudsigma.CloudSigmaLasVegasLondonClientLiveTest) skipped.
Test suite progress: tests succeeded: 1, failed: 0, skipped: 22.
[TestNG] Test testLifeCycle(org.jclouds.cloudsigma.CloudSigmaLasVegasLondonClientLiveTest) skipped.
Test suite progress: tests succeeded: 1, failed: 0, skipped: 23.
[TestNG] Test testSetServerConfiguration(org.jclouds.cloudsigma.CloudSigmaLasVegasLondonClientLiveTest) skipped.
Test suite progress: tests succeeded: 1, failed: 0, skipped: 24.
[TestNG] Test testDestroyServer(org.jclouds.cloudsigma.CloudSigmaLasVegasLondonClientLiveTest) skipped.
Test suite progress: tests succeeded: 1, failed: 0, skipped: 25.
[TestNG] Test testDestroyDrive(org.jclouds.cloudsigma.CloudSigmaLasVegasLondonClientLiveTest) skipped.
Test suite progress: tests succeeded: 1, failed: 0, skipped: 26.
[TestNG] Test testCompareSizes(org.jclouds.cloudsigma.compute.CloudSigmaLasVegasTemplateBuilderLiveTest) failed.
Test suite progress: tests succeeded: 1, failed: 1, skipped: 26.
Starting test testFromTemplate(org.jclouds.cloudsigma.compute.CloudSigmaLasVegasTemplateBuilderLiveTest)
[TestNG] Test testFromTemplate(org.jclouds.cloudsigma.compute.CloudSigmaLasVegasTemplateBuilderLiveTest) failed.
Test suite progress: tests succeeded: 1, failed: 2, skipped: 26.
Starting test testGetAssignableLocations(org.jclouds.cloudsigma.compute.CloudSigmaLasVegasTemplateBuilderLiveTest)
location [id=cloudsigma-lvs, scope=PROVIDER, description=https://api.lvs.cloudsigma.com, parent=null, iso3166Codes=[US-NV], metadata={}]
[TestNG] Test testGetAssignableLocations(org.jclouds.cloudsigma.compute.CloudSigmaLasVegasTemplateBuilderLiveTest) succeeded: 3ms
Test suite progress: tests succeeded: 2, failed: 2, skipped: 26.
[TestNG] Test testCompareSizes(org.jclouds.cloudsigma.compute.CloudSigmaLasVegasComputeServiceLiveTest) failed.
Test suite progress: tests succeeded: 2, failed: 3, skipped: 26.
Starting test testCorrectAuthException(org.jclouds.cloudsigma.compute.CloudSigmaLasVegasComputeServiceLiveTest)
Starting test testTemplateBuilderCanFind(org.jclouds.cloudsigma.compute.CloudSigmaLasVegasTemplateBuilderLiveTest)
[TestNG] Test testTemplateBuilderCanFind(org.jclouds.cloudsigma.compute.CloudSigmaLasVegasTemplateBuilderLiveTest) failed.
Test suite progress: tests succeeded: 2, failed: 4, skipped: 26.
Starting test testTemplateBuilderCanFind(org.jclouds.cloudsigma.compute.CloudSigmaLasVegasTemplateBuilderLiveTest)
[TestNG] Test testTemplateBuilderCanFind(org.jclouds.cloudsigma.compute.CloudSigmaLasVegasTemplateBuilderLiveTest) succeeded: 18ms
Test suite progress: tests succeeded: 3, failed: 4, skipped: 26.
Starting test testTemplateBuilderCanFind(org.jclouds.cloudsigma.compute.CloudSigmaLasVegasTemplateBuilderLiveTest)
[TestNG] Test testTemplateBuilderCanFind(org.jclouds.cloudsigma.compute.CloudSigmaLasVegasTemplateBuilderLiveTest) succeeded: 2ms
Test suite progress: tests succeeded: 4, failed: 4, skipped: 26.
Starting test testTemplateBuilderCanFind(org.jclouds.cloudsigma.compute.CloudSigmaLasVegasTemplateBuilderLiveTest)
[TestNG] Test testTemplateBuilderCanFind(org.jclouds.cloudsigma.compute.CloudSigmaLasVegasTemplateBuilderLiveTest) succeeded: 21ms
Test suite progress: tests succeeded: 5, failed: 4, skipped: 26.
Starting test testTemplateBuilderCanFind(org.jclouds.cloudsigma.compute.CloudSigmaLasVegasTemplateBuilderLiveTest)
[TestNG] Test testTemplateBuilderCanFind(org.jclouds.cloudsigma.compute.CloudSigmaLasVegasTemplateBuilderLiveTest) succeeded: 2ms
Test suite progress: tests succeeded: 6, failed: 4, skipped: 26.
Starting test testTemplateBuilderCanFind(org.jclouds.cloudsigma.compute.CloudSigmaLasVegasTemplateBuilderLiveTest)
[TestNG] Test testTemplateBuilderCanFind(org.jclouds.cloudsigma.compute.CloudSigmaLasVegasTemplateBuilderLiveTest) succeeded: 4ms
Test suite progress: tests succeeded: 7, failed: 4, skipped: 26.
Starting test testTemplateBuilderCanFind(org.jclouds.cloudsigma.compute.CloudSigmaLasVegasTemplateBuilderLiveTest)
[TestNG] Test testTemplateBuilderCanFind(org.jclouds.cloudsigma.compute.CloudSigmaLasVegasTemplateBuilderLiveTest) failed.
Test suite progress: tests succeeded: 7, failed: 5, skipped: 26.
Starting test testTemplateBuilderCanFind(org.jclouds.cloudsigma.compute.CloudSigmaLasVegasTemplateBuilderLiveTest)
[TestNG] Test testTemplateBuilderCanFind(org.jclouds.cloudsigma.compute.CloudSigmaLasVegasTemplateBuilderLiveTest) succeeded: 3ms
Test suite progress: tests succeeded: 8, failed: 5, skipped: 26.
Starting test testTemplateBuilderCanFind(org.jclouds.cloudsigma.compute.CloudSigmaLasVegasTemplateBuilderLiveTest)
[TestNG] Test testTemplateBuilderCanFind(org.jclouds.cloudsigma.compute.CloudSigmaLasVegasTemplateBuilderLiveTest) succeeded: 2ms
Test suite progress: tests succeeded: 9, failed: 5, skipped: 26.
Starting test testTemplateBuilderCanFind(org.jclouds.cloudsigma.compute.CloudSigmaLasVegasTemplateBuilderLiveTest)
[TestNG] Test testTemplateBuilderCanFind(org.jclouds.cloudsigma.compute.CloudSigmaLasVegasTemplateBuilderLiveTest) succeeded: 4ms
Test suite progress: tests succeeded: 10, failed: 5, skipped: 26.
Starting test testTemplateBuilderCanFind(org.jclouds.cloudsigma.compute.CloudSigmaLasVegasTemplateBuilderLiveTest)
[TestNG] Test testTemplateBuilderCanFind(org.jclouds.cloudsigma.compute.CloudSigmaLasVegasTemplateBuilderLiveTest) succeeded: 14ms
Test suite progress: tests succeeded: 11, failed: 5, skipped: 26.
Starting test testTemplateBuilderCanFind(org.jclouds.cloudsigma.compute.CloudSigmaLasVegasTemplateBuilderLiveTest)
[TestNG] Test testTemplateBuilderCanFind(org.jclouds.cloudsigma.compute.CloudSigmaLasVegasTemplateBuilderLiveTest) succeeded: 2ms
Test suite progress: tests succeeded: 12, failed: 5, skipped: 26.
Starting test testTemplateBuilderCanFind(org.jclouds.cloudsigma.compute.CloudSigmaLasVegasTemplateBuilderLiveTest)
[TestNG] Test testTemplateBuilderCanFind(org.jclouds.cloudsigma.compute.CloudSigmaLasVegasTemplateBuilderLiveTest) succeeded: 19ms
Test suite progress: tests succeeded: 13, failed: 5, skipped: 26.
Starting test testTemplateBuilderCanFind(org.jclouds.cloudsigma.compute.CloudSigmaLasVegasTemplateBuilderLiveTest)
[TestNG] Test testTemplateBuilderCanFind(org.jclouds.cloudsigma.compute.CloudSigmaLasVegasTemplateBuilderLiveTest) failed.
Test suite progress: tests succeeded: 13, failed: 6, skipped: 26.
Starting test testTemplateBuilderCanFind(org.jclouds.cloudsigma.compute.CloudSigmaLasVegasTemplateBuilderLiveTest)
[TestNG] Test testTemplateBuilderCanFind(org.jclouds.cloudsigma.compute.CloudSigmaLasVegasTemplateBuilderLiveTest) succeeded: 3ms
Test suite progress: tests succeeded: 14, failed: 6, skipped: 26.
Starting test testTemplateBuilderCanFind(org.jclouds.cloudsigma.compute.CloudSigmaLasVegasTemplateBuilderLiveTest)
[TestNG] Test testTemplateBuilderCanFind(org.jclouds.cloudsigma.compute.CloudSigmaLasVegasTemplateBuilderLiveTest) succeeded: 20ms
Test suite progress: tests succeeded: 15, failed: 6, skipped: 26.
Starting test testTemplateBuilderCanUseImageId(org.jclouds.cloudsigma.compute.CloudSigmaLasVegasTemplateBuilderLiveTest)
[TestNG] Test testTemplateBuilderCanUseImageId(org.jclouds.cloudsigma.compute.CloudSigmaLasVegasTemplateBuilderLiveTest) failed.
Test suite progress: tests succeeded: 15, failed: 7, skipped: 26.
Starting test testTemplateBuilderCannotFind(org.jclouds.cloudsigma.compute.CloudSigmaLasVegasTemplateBuilderLiveTest)
[TestNG] Test testTemplateBuilderCannotFind(org.jclouds.cloudsigma.compute.CloudSigmaLasVegasTemplateBuilderLiveTest) succeeded: 1ms
Test suite progress: tests succeeded: 16, failed: 7, skipped: 26.
Starting test testTemplateBuilderCannotFind(org.jclouds.cloudsigma.compute.CloudSigmaLasVegasTemplateBuilderLiveTest)
[TestNG] Test testTemplateBuilderCannotFind(org.jclouds.cloudsigma.compute.CloudSigmaLasVegasTemplateBuilderLiveTest) succeeded: 3ms
Test suite progress: tests succeeded: 17, failed: 7, skipped: 26.
Starting test testTemplateBuilderCannotFind(org.jclouds.cloudsigma.compute.CloudSigmaLasVegasTemplateBuilderLiveTest)
[TestNG] Test testTemplateBuilderCannotFind(org.jclouds.cloudsigma.compute.CloudSigmaLasVegasTemplateBuilderLiveTest) succeeded: 0ms
Test suite progress: tests succeeded: 18, failed: 7, skipped: 26.
Starting test testTemplateBuilderCannotFind(org.jclouds.cloudsigma.compute.CloudSigmaLasVegasTemplateBuilderLiveTest)
[TestNG] Test testTemplateBuilderCannotFind(org.jclouds.cloudsigma.compute.CloudSigmaLasVegasTemplateBuilderLiveTest) succeeded: 1ms
Test suite progress: tests succeeded: 19, failed: 7, skipped: 26.
Starting test testTemplateBuilderCannotFind(org.jclouds.cloudsigma.compute.CloudSigmaLasVegasTemplateBuilderLiveTest)
[TestNG] Test testTemplateBuilderCannotFind(org.jclouds.cloudsigma.compute.CloudSigmaLasVegasTemplateBuilderLiveTest) succeeded: 1ms
Test suite progress: tests succeeded: 20, failed: 7, skipped: 26.
Starting test testTemplateBuilderCannotFind(org.jclouds.cloudsigma.compute.CloudSigmaLasVegasTemplateBuilderLiveTest)
[TestNG] Test testTemplateBuilderCannotFind(org.jclouds.cloudsigma.compute.CloudSigmaLasVegasTemplateBuilderLiveTest) succeeded: 1ms
Test suite progress: tests succeeded: 21, failed: 7, skipped: 26.
Starting test testTemplateBuilderCannotFind(org.jclouds.cloudsigma.compute.CloudSigmaLasVegasTemplateBuilderLiveTest)
[TestNG] Test testTemplateBuilderCannotFind(org.jclouds.cloudsigma.compute.CloudSigmaLasVegasTemplateBuilderLiveTest) succeeded: 0ms
Test suite progress: tests succeeded: 22, failed: 7, skipped: 26.
Starting test testTemplateBuilderCannotFind(org.jclouds.cloudsigma.compute.CloudSigmaLasVegasTemplateBuilderLiveTest)
[TestNG] Test testTemplateBuilderCannotFind(org.jclouds.cloudsigma.compute.CloudSigmaLasVegasTemplateBuilderLiveTest) succeeded: 1ms
Test suite progress: tests succeeded: 23, failed: 7, skipped: 26.
Starting test testTemplateBuilderCannotFind(org.jclouds.cloudsigma.compute.CloudSigmaLasVegasTemplateBuilderLiveTest)
[TestNG] Test testTemplateBuilderCannotFind(org.jclouds.cloudsigma.compute.CloudSigmaLasVegasTemplateBuilderLiveTest) succeeded: 0ms
Test suite progress: tests succeeded: 24, failed: 7, skipped: 26.
Starting test testTemplateBuilderCannotFind(org.jclouds.cloudsigma.compute.CloudSigmaLasVegasTemplateBuilderLiveTest)
[TestNG] Test testTemplateBuilderCannotFind(org.jclouds.cloudsigma.compute.CloudSigmaLasVegasTemplateBuilderLiveTest) succeeded: 1ms
Test suite progress: tests succeeded: 25, failed: 7, skipped: 26.
Starting test testTemplateBuilderCannotFind(org.jclouds.cloudsigma.compute.CloudSigmaLasVegasTemplateBuilderLiveTest)
[TestNG] Test testTemplateBuilderCannotFind(org.jclouds.cloudsigma.compute.CloudSigmaLasVegasTemplateBuilderLiveTest) succeeded: 0ms
Test suite progress: tests succeeded: 26, failed: 7, skipped: 26.
Starting test testTemplateBuilderCannotFind(org.jclouds.cloudsigma.compute.CloudSigmaLasVegasTemplateBuilderLiveTest)
[TestNG] Test testTemplateBuilderCannotFind(org.jclouds.cloudsigma.compute.CloudSigmaLasVegasTemplateBuilderLiveTest) succeeded: 0ms
Test suite progress: tests succeeded: 27, failed: 7, skipped: 26.
Starting test testTemplateBuilderCannotFind(org.jclouds.cloudsigma.compute.CloudSigmaLasVegasTemplateBuilderLiveTest)
[TestNG] Test testTemplateBuilderCannotFind(org.jclouds.cloudsigma.compute.CloudSigmaLasVegasTemplateBuilderLiveTest) succeeded: 1ms
Test suite progress: tests succeeded: 28, failed: 7, skipped: 26.
Starting test testTemplateBuilderCannotFind(org.jclouds.cloudsigma.compute.CloudSigmaLasVegasTemplateBuilderLiveTest)
[TestNG] Test testTemplateBuilderCannotFind(org.jclouds.cloudsigma.compute.CloudSigmaLasVegasTemplateBuilderLiveTest) succeeded: 0ms
Test suite progress: tests succeeded: 29, failed: 7, skipped: 26.
Starting test testTemplateBuilderCannotFind(org.jclouds.cloudsigma.compute.CloudSigmaLasVegasTemplateBuilderLiveTest)
[TestNG] Test testTemplateBuilderCannotFind(org.jclouds.cloudsigma.compute.CloudSigmaLasVegasTemplateBuilderLiveTest) succeeded: 1ms
Test suite progress: tests succeeded: 30, failed: 7, skipped: 26.
Starting test testTemplateBuilderCannotFind(org.jclouds.cloudsigma.compute.CloudSigmaLasVegasTemplateBuilderLiveTest)
[TestNG] Test testTemplateBuilderCannotFind(org.jclouds.cloudsigma.compute.CloudSigmaLasVegasTemplateBuilderLiveTest) succeeded: 0ms
Test suite progress: tests succeeded: 31, failed: 7, skipped: 26.
Starting test testTemplateBuilderCannotFind(org.jclouds.cloudsigma.compute.CloudSigmaLasVegasTemplateBuilderLiveTest)
[TestNG] Test testTemplateBuilderCannotFind(org.jclouds.cloudsigma.compute.CloudSigmaLasVegasTemplateBuilderLiveTest) succeeded: 0ms
Test suite progress: tests succeeded: 32, failed: 7, skipped: 26.
Starting test testTemplateBuilderCannotFind(org.jclouds.cloudsigma.compute.CloudSigmaLasVegasTemplateBuilderLiveTest)
[TestNG] Test testTemplateBuilderCannotFind(org.jclouds.cloudsigma.compute.CloudSigmaLasVegasTemplateBuilderLiveTest) succeeded: 14ms
Test suite progress: tests succeeded: 33, failed: 7, skipped: 26.
Starting test testTemplateBuilderCannotFind(org.jclouds.cloudsigma.compute.CloudSigmaLasVegasTemplateBuilderLiveTest)
[TestNG] Test testTemplateBuilderCannotFind(org.jclouds.cloudsigma.compute.CloudSigmaLasVegasTemplateBuilderLiveTest) succeeded: 2ms
Test suite progress: tests succeeded: 34, failed: 7, skipped: 26.
Starting test testTemplateBuilderCannotFind(org.jclouds.cloudsigma.compute.CloudSigmaLasVegasTemplateBuilderLiveTest)
[TestNG] Test testTemplateBuilderCannotFind(org.jclouds.cloudsigma.compute.CloudSigmaLasVegasTemplateBuilderLiveTest) succeeded: 2ms
Test suite progress: tests succeeded: 35, failed: 7, skipped: 26.
Starting test testTemplateBuilderCannotFind(org.jclouds.cloudsigma.compute.CloudSigmaLasVegasTemplateBuilderLiveTest)
[TestNG] Test testTemplateBuilderCannotFind(org.jclouds.cloudsigma.compute.CloudSigmaLasVegasTemplateBuilderLiveTest) succeeded: 3ms
Test suite progress: tests succeeded: 36, failed: 7, skipped: 26.
Starting test testTemplateBuilderCannotFind(org.jclouds.cloudsigma.compute.CloudSigmaLasVegasTemplateBuilderLiveTest)
[TestNG] Test testTemplateBuilderCannotFind(org.jclouds.cloudsigma.compute.CloudSigmaLasVegasTemplateBuilderLiveTest) succeeded: 1ms
Test suite progress: tests succeeded: 37, failed: 7, skipped: 26.
Starting test testTemplateBuilderCannotFind(org.jclouds.cloudsigma.compute.CloudSigmaLasVegasTemplateBuilderLiveTest)
[TestNG] Test testTemplateBuilderCannotFind(org.jclouds.cloudsigma.compute.CloudSigmaLasVegasTemplateBuilderLiveTest) succeeded: 1ms
Test suite progress: tests succeeded: 38, failed: 7, skipped: 26.
Starting test testTemplateBuilderCannotFind(org.jclouds.cloudsigma.compute.CloudSigmaLasVegasTemplateBuilderLiveTest)
[TestNG] Test testTemplateBuilderCannotFind(org.jclouds.cloudsigma.compute.CloudSigmaLasVegasTemplateBuilderLiveTest) succeeded: 3ms
Test suite progress: tests succeeded: 39, failed: 7, skipped: 26.
Starting test testTemplateBuilderCannotFind(org.jclouds.cloudsigma.compute.CloudSigmaLasVegasTemplateBuilderLiveTest)
[TestNG] Test testTemplateBuilderCannotFind(org.jclouds.cloudsigma.compute.CloudSigmaLasVegasTemplateBuilderLiveTest) succeeded: 2ms
Test suite progress: tests succeeded: 40, failed: 7, skipped: 26.
Starting test testTemplateBuilderCannotFind(org.jclouds.cloudsigma.compute.CloudSigmaLasVegasTemplateBuilderLiveTest)
[TestNG] Test testTemplateBuilderCannotFind(org.jclouds.cloudsigma.compute.CloudSigmaLasVegasTemplateBuilderLiveTest) succeeded: 2ms
Test suite progress: tests succeeded: 41, failed: 7, skipped: 26.
Starting test testTemplateBuilderCannotFind(org.jclouds.cloudsigma.compute.CloudSigmaLasVegasTemplateBuilderLiveTest)
[TestNG] Test testTemplateBuilderCannotFind(org.jclouds.cloudsigma.compute.CloudSigmaLasVegasTemplateBuilderLiveTest) failed.
Test suite progress: tests succeeded: 41, failed: 8, skipped: 26.
Starting test testTemplateBuilderCannotFind(org.jclouds.cloudsigma.compute.CloudSigmaLasVegasTemplateBuilderLiveTest)
[TestNG] Test testTemplateBuilderCannotFind(org.jclouds.cloudsigma.compute.CloudSigmaLasVegasTemplateBuilderLiveTest) succeeded: 4ms
Test suite progress: tests succeeded: 42, failed: 8, skipped: 26.
Starting test testTemplateBuilderCannotFind(org.jclouds.cloudsigma.compute.CloudSigmaLasVegasTemplateBuilderLiveTest)
[TestNG] Test testTemplateBuilderCannotFind(org.jclouds.cloudsigma.compute.CloudSigmaLasVegasTemplateBuilderLiveTest) succeeded: 1ms
Test suite progress: tests succeeded: 43, failed: 8, skipped: 26.
Starting test testTemplateBuilderCannotFind(org.jclouds.cloudsigma.compute.CloudSigmaLasVegasTemplateBuilderLiveTest)
[TestNG] Test testTemplateBuilderCannotFind(org.jclouds.cloudsigma.compute.CloudSigmaLasVegasTemplateBuilderLiveTest) succeeded: 2ms
Test suite progress: tests succeeded: 44, failed: 8, skipped: 26.
Starting test testTemplateBuilderCannotFind(org.jclouds.cloudsigma.compute.CloudSigmaLasVegasTemplateBuilderLiveTest)
[TestNG] Test testTemplateBuilderCannotFind(org.jclouds.cloudsigma.compute.CloudSigmaLasVegasTemplateBuilderLiveTest) succeeded: 1ms
Test suite progress: tests succeeded: 45, failed: 8, skipped: 26.
Starting test testTemplateBuilderCannotFind(org.jclouds.cloudsigma.compute.CloudSigmaLasVegasTemplateBuilderLiveTest)
[TestNG] Test testTemplateBuilderCannotFind(org.jclouds.cloudsigma.compute.CloudSigmaLasVegasTemplateBuilderLiveTest) succeeded: 3ms
Test suite progress: tests succeeded: 46, failed: 8, skipped: 26.
Starting test testTemplateBuilderCannotFind(org.jclouds.cloudsigma.compute.CloudSigmaLasVegasTemplateBuilderLiveTest)
[TestNG] Test testTemplateBuilderCannotFind(org.jclouds.cloudsigma.compute.CloudSigmaLasVegasTemplateBuilderLiveTest) succeeded: 22ms
Test suite progress: tests succeeded: 47, failed: 8, skipped: 26.
Starting test testTemplateBuilderCannotFind(org.jclouds.cloudsigma.compute.CloudSigmaLasVegasTemplateBuilderLiveTest)
[TestNG] Test testTemplateBuilderCannotFind(org.jclouds.cloudsigma.compute.CloudSigmaLasVegasTemplateBuilderLiveTest) succeeded: 3ms
Test suite progress: tests succeeded: 48, failed: 8, skipped: 26.
Starting test testTemplateBuilderCannotFind(org.jclouds.cloudsigma.compute.CloudSigmaLasVegasTemplateBuilderLiveTest)
[TestNG] Test testTemplateBuilderCannotFind(org.jclouds.cloudsigma.compute.CloudSigmaLasVegasTemplateBuilderLiveTest) succeeded: 3ms
Test suite progress: tests succeeded: 49, failed: 8, skipped: 26.
Starting test testTemplateBuilderCannotFind(org.jclouds.cloudsigma.compute.CloudSigmaLasVegasTemplateBuilderLiveTest)
[TestNG] Test testTemplateBuilderCannotFind(org.jclouds.cloudsigma.compute.CloudSigmaLasVegasTemplateBuilderLiveTest) succeeded: 2ms
Test suite progress: tests succeeded: 50, failed: 8, skipped: 26.
Starting test testTemplateBuilderCannotFind(org.jclouds.cloudsigma.compute.CloudSigmaLasVegasTemplateBuilderLiveTest)
[TestNG] Test testTemplateBuilderCannotFind(org.jclouds.cloudsigma.compute.CloudSigmaLasVegasTemplateBuilderLiveTest) succeeded: 9ms
Test suite progress: tests succeeded: 51, failed: 8, skipped: 26.
Starting test testTemplateBuilderCannotFind(org.jclouds.cloudsigma.compute.CloudSigmaLasVegasTemplateBuilderLiveTest)
[TestNG] Test testTemplateBuilderCannotFind(org.jclouds.cloudsigma.compute.CloudSigmaLasVegasTemplateBuilderLiveTest) succeeded: 2ms
Test suite progress: tests succeeded: 52, failed: 8, skipped: 26.
Starting test testTemplateBuilderCannotFind(org.jclouds.cloudsigma.compute.CloudSigmaLasVegasTemplateBuilderLiveTest)
[TestNG] Test testTemplateBuilderCannotFind(org.jclouds.cloudsigma.compute.CloudSigmaLasVegasTemplateBuilderLiveTest) succeeded: 4ms
Test suite progress: tests succeeded: 53, failed: 8, skipped: 26.
Starting test testTemplateBuilderCannotFind(org.jclouds.cloudsigma.compute.CloudSigmaLasVegasTemplateBuilderLiveTest)
[TestNG] Test testTemplateBuilderCannotFind(org.jclouds.cloudsigma.compute.CloudSigmaLasVegasTemplateBuilderLiveTest) succeeded: 2ms
Test suite progress: tests succeeded: 54, failed: 8, skipped: 26.
Starting test testTemplateBuilderCannotFind(org.jclouds.cloudsigma.compute.CloudSigmaLasVegasTemplateBuilderLiveTest)
[TestNG] Test testTemplateBuilderCannotFind(org.jclouds.cloudsigma.compute.CloudSigmaLasVegasTemplateBuilderLiveTest) succeeded: 1ms
Test suite progress: tests succeeded: 55, failed: 8, skipped: 26.
Starting test testTemplateBuilderCannotFind(org.jclouds.cloudsigma.compute.CloudSigmaLasVegasTemplateBuilderLiveTest)
[TestNG] Test testTemplateBuilderCannotFind(org.jclouds.cloudsigma.compute.CloudSigmaLasVegasTemplateBuilderLiveTest) succeeded: 1ms
Test suite progress: tests succeeded: 56, failed: 8, skipped: 26.
Starting test testTemplateBuilderCannotFind(org.jclouds.cloudsigma.compute.CloudSigmaLasVegasTemplateBuilderLiveTest)
[TestNG] Test testTemplateBuilderCannotFind(org.jclouds.cloudsigma.compute.CloudSigmaLasVegasTemplateBuilderLiveTest) succeeded: 14ms
Test suite progress: tests succeeded: 57, failed: 8, skipped: 26.
Starting test testTemplateBuilderCannotFind(org.jclouds.cloudsigma.compute.CloudSigmaLasVegasTemplateBuilderLiveTest)
[TestNG] Test testTemplateBuilderCannotFind(org.jclouds.cloudsigma.compute.CloudSigmaLasVegasTemplateBuilderLiveTest) succeeded: 1ms
Test suite progress: tests succeeded: 58, failed: 8, skipped: 26.
Starting test testTemplateBuilderCannotFind(org.jclouds.cloudsigma.compute.CloudSigmaLasVegasTemplateBuilderLiveTest)
[TestNG] Test testTemplateBuilderCannotFind(org.jclouds.cloudsigma.compute.CloudSigmaLasVegasTemplateBuilderLiveTest) failed.
Test suite progress: tests succeeded: 58, failed: 9, skipped: 26.
Starting test testTemplateBuilderCannotFind(org.jclouds.cloudsigma.compute.CloudSigmaLasVegasTemplateBuilderLiveTest)
[TestNG] Test testTemplateBuilderCannotFind(org.jclouds.cloudsigma.compute.CloudSigmaLasVegasTemplateBuilderLiveTest) succeeded: 0ms
Test suite progress: tests succeeded: 59, failed: 9, skipped: 26.
Starting test testTemplateBuilderCannotFind(org.jclouds.cloudsigma.compute.CloudSigmaLasVegasTemplateBuilderLiveTest)
[TestNG] Test testTemplateBuilderCannotFind(org.jclouds.cloudsigma.compute.CloudSigmaLasVegasTemplateBuilderLiveTest) succeeded: 0ms
Test suite progress: tests succeeded: 60, failed: 9, skipped: 26.
Starting test testTemplateBuilderCannotFind(org.jclouds.cloudsigma.compute.CloudSigmaLasVegasTemplateBuilderLiveTest)
[TestNG] Test testTemplateBuilderCannotFind(org.jclouds.cloudsigma.compute.CloudSigmaLasVegasTemplateBuilderLiveTest) succeeded: 1ms
Test suite progress: tests succeeded: 61, failed: 9, skipped: 26.
Starting test testTemplateBuilderCannotFind(org.jclouds.cloudsigma.compute.CloudSigmaLasVegasTemplateBuilderLiveTest)
[TestNG] Test testTemplateBuilderCannotFind(org.jclouds.cloudsigma.compute.CloudSigmaLasVegasTemplateBuilderLiveTest) succeeded: 0ms
Test suite progress: tests succeeded: 62, failed: 9, skipped: 26.
Starting test testTemplateBuilderCannotFind(org.jclouds.cloudsigma.compute.CloudSigmaLasVegasTemplateBuilderLiveTest)
[TestNG] Test testTemplateBuilderCannotFind(org.jclouds.cloudsigma.compute.CloudSigmaLasVegasTemplateBuilderLiveTest) succeeded: 1ms
Test suite progress: tests succeeded: 63, failed: 9, skipped: 26.
Starting test testTemplateBuilderCannotFind(org.jclouds.cloudsigma.compute.CloudSigmaLasVegasTemplateBuilderLiveTest)
[TestNG] Test testTemplateBuilderCannotFind(org.jclouds.cloudsigma.compute.CloudSigmaLasVegasTemplateBuilderLiveTest) succeeded: 0ms
Test suite progress: tests succeeded: 64, failed: 9, skipped: 26.
Starting test testTemplateBuilderCannotFind(org.jclouds.cloudsigma.compute.CloudSigmaLasVegasTemplateBuilderLiveTest)
[TestNG] Test testTemplateBuilderCannotFind(org.jclouds.cloudsigma.compute.CloudSigmaLasVegasTemplateBuilderLiveTest) succeeded: 1ms
Test suite progress: tests succeeded: 65, failed: 9, skipped: 26.
Starting test testTemplateBuilderCannotFind(org.jclouds.cloudsigma.compute.CloudSigmaLasVegasTemplateBuilderLiveTest)
[TestNG] Test testTemplateBuilderCannotFind(org.jclouds.cloudsigma.compute.CloudSigmaLasVegasTemplateBuilderLiveTest) succeeded: 0ms
Test suite progress: tests succeeded: 66, failed: 9, skipped: 26.
Starting test testTemplateBuilderCannotFind(org.jclouds.cloudsigma.compute.CloudSigmaLasVegasTemplateBuilderLiveTest)
[TestNG] Test testTemplateBuilderCannotFind(org.jclouds.cloudsigma.compute.CloudSigmaLasVegasTemplateBuilderLiveTest) succeeded: 1ms
Test suite progress: tests succeeded: 67, failed: 9, skipped: 26.
Starting test testTemplateBuilderCannotFind(org.jclouds.cloudsigma.compute.CloudSigmaLasVegasTemplateBuilderLiveTest)
[TestNG] Test testTemplateBuilderCannotFind(org.jclouds.cloudsigma.compute.CloudSigmaLasVegasTemplateBuilderLiveTest) succeeded: 1ms
Test suite progress: tests succeeded: 68, failed: 9, skipped: 26.
Starting test testTemplateBuilderCannotFind(org.jclouds.cloudsigma.compute.CloudSigmaLasVegasTemplateBuilderLiveTest)
[TestNG] Test testTemplateBuilderCannotFind(org.jclouds.cloudsigma.compute.CloudSigmaLasVegasTemplateBuilderLiveTest) succeeded: 1ms
Test suite progress: tests succeeded: 69, failed: 9, skipped: 26.
Starting test testTemplateBuilderCannotFind(org.jclouds.cloudsigma.compute.CloudSigmaLasVegasTemplateBuilderLiveTest)
[TestNG] Test testTemplateBuilderCannotFind(org.jclouds.cloudsigma.compute.CloudSigmaLasVegasTemplateBuilderLiveTest) succeeded: 1ms
Test suite progress: tests succeeded: 70, failed: 9, skipped: 26.
Starting test testTemplateBuilderCannotFind(org.jclouds.cloudsigma.compute.CloudSigmaLasVegasTemplateBuilderLiveTest)
[TestNG] Test testTemplateBuilderCannotFind(org.jclouds.cloudsigma.compute.CloudSigmaLasVegasTemplateBuilderLiveTest) succeeded: 2ms
Test suite progress: tests succeeded: 71, failed: 9, skipped: 26.
Starting test testTemplateBuilderCannotFind(org.jclouds.cloudsigma.compute.CloudSigmaLasVegasTemplateBuilderLiveTest)
[TestNG] Test testTemplateBuilderCannotFind(org.jclouds.cloudsigma.compute.CloudSigmaLasVegasTemplateBuilderLiveTest) succeeded: 4ms
Test suite progress: tests succeeded: 72, failed: 9, skipped: 26.
Starting test testTemplateBuilderCannotFind(org.jclouds.cloudsigma.compute.CloudSigmaLasVegasTemplateBuilderLiveTest)
[TestNG] Test testTemplateBuilderCannotFind(org.jclouds.cloudsigma.compute.CloudSigmaLasVegasTemplateBuilderLiveTest) succeeded: 1ms
Test suite progress: tests succeeded: 73, failed: 9, skipped: 26.
Starting test testTemplateBuilderCannotFind(org.jclouds.cloudsigma.compute.CloudSigmaLasVegasTemplateBuilderLiveTest)
[TestNG] Test testTemplateBuilderCannotFind(org.jclouds.cloudsigma.compute.CloudSigmaLasVegasTemplateBuilderLiveTest) succeeded: 1ms
Test suite progress: tests succeeded: 74, failed: 9, skipped: 26.
Starting test testTemplateBuilderCannotFind(org.jclouds.cloudsigma.compute.CloudSigmaLasVegasTemplateBuilderLiveTest)
[TestNG] Test testTemplateBuilderCannotFind(org.jclouds.cloudsigma.compute.CloudSigmaLasVegasTemplateBuilderLiveTest) succeeded: 0ms
Test suite progress: tests succeeded: 75, failed: 9, skipped: 26.
Starting test testTemplateBuilderCannotFind(org.jclouds.cloudsigma.compute.CloudSigmaLasVegasTemplateBuilderLiveTest)
[TestNG] Test testTemplateBuilderCannotFind(org.jclouds.cloudsigma.compute.CloudSigmaLasVegasTemplateBuilderLiveTest) succeeded: 1ms
Test suite progress: tests succeeded: 76, failed: 9, skipped: 26.
Starting test testTemplateBuilderCannotFind(org.jclouds.cloudsigma.compute.CloudSigmaLasVegasTemplateBuilderLiveTest)
[TestNG] Test testTemplateBuilderCannotFind(org.jclouds.cloudsigma.compute.CloudSigmaLasVegasTemplateBuilderLiveTest) succeeded: 0ms
Test suite progress: tests succeeded: 77, failed: 9, skipped: 26.
Starting test testTemplateBuilderCannotFind(org.jclouds.cloudsigma.compute.CloudSigmaLasVegasTemplateBuilderLiveTest)
[TestNG] Test testTemplateBuilderCannotFind(org.jclouds.cloudsigma.compute.CloudSigmaLasVegasTemplateBuilderLiveTest) succeeded: 1ms
Test suite progress: tests succeeded: 78, failed: 9, skipped: 26.
Starting test testTemplateBuilderCannotFind(org.jclouds.cloudsigma.compute.CloudSigmaLasVegasTemplateBuilderLiveTest)
[TestNG] Test testTemplateBuilderCannotFind(org.jclouds.cloudsigma.compute.CloudSigmaLasVegasTemplateBuilderLiveTest) succeeded: 0ms
Test suite progress: tests succeeded: 79, failed: 9, skipped: 26.
Starting test testTemplateBuilderCannotFind(org.jclouds.cloudsigma.compute.CloudSigmaLasVegasTemplateBuilderLiveTest)
[TestNG] Test testTemplateBuilderCannotFind(org.jclouds.cloudsigma.compute.CloudSigmaLasVegasTemplateBuilderLiveTest) succeeded: 1ms
Test suite progress: tests succeeded: 80, failed: 9, skipped: 26.
Starting test testTemplateBuilderCannotFind(org.jclouds.cloudsigma.compute.CloudSigmaLasVegasTemplateBuilderLiveTest)
[TestNG] Test testTemplateBuilderCannotFind(org.jclouds.cloudsigma.compute.CloudSigmaLasVegasTemplateBuilderLiveTest) succeeded: 0ms
Test suite progress: tests succeeded: 81, failed: 9, skipped: 26.
Starting test testTemplateBuilderWithImageIdSpecified(org.jclouds.cloudsigma.compute.CloudSigmaLasVegasTemplateBuilderLiveTest)
[TestNG] Test testTemplateBuilderWithImageIdSpecified(org.jclouds.cloudsigma.compute.CloudSigmaLasVegasTemplateBuilderLiveTest) failed.
Test suite progress: tests succeeded: 81, failed: 10, skipped: 26.
Starting test testTemplateBuilderWithLoginUserSpecified(org.jclouds.cloudsigma.compute.CloudSigmaLasVegasTemplateBuilderLiveTest)
[TestNG] Test testCorrectAuthException(org.jclouds.cloudsigma.compute.CloudSigmaLasVegasComputeServiceLiveTest) succeeded: 766ms
Test suite progress: tests succeeded: 82, failed: 10, skipped: 26.
Starting test testCreateAndRunAService(org.jclouds.cloudsigma.compute.CloudSigmaLasVegasComputeServiceLiveTest)
[TestNG] Test testCreateAndRunAService(org.jclouds.cloudsigma.compute.CloudSigmaLasVegasComputeServiceLiveTest) failed.
Test suite progress: tests succeeded: 82, failed: 11, skipped: 26.
Starting test testGetAssignableLocations(org.jclouds.cloudsigma.compute.CloudSigmaLasVegasComputeServiceLiveTest)
Mar 7, 2012 6:02:51 PM org.jclouds.compute.BaseComputeServiceLiveTest testGetAssignableLocations
WARNING: location [id=cloudsigma-lvs, scope=PROVIDER, description=https://api.lvs.cloudsigma.com, parent=null, iso3166Codes=[US-NV], metadata={}]
[TestNG] Test testGetAssignableLocations(org.jclouds.cloudsigma.compute.CloudSigmaLasVegasComputeServiceLiveTest) succeeded: 3ms
Test suite progress: tests succeeded: 83, failed: 11, skipped: 26.
Starting test testImagesCache(org.jclouds.cloudsigma.compute.CloudSigmaLasVegasComputeServiceLiveTest)
[TestNG] Test testImagesCache(org.jclouds.cloudsigma.compute.CloudSigmaLasVegasComputeServiceLiveTest) succeeded: 0ms
Test suite progress: tests succeeded: 84, failed: 11, skipped: 26.
Starting test testListImages(org.jclouds.cloudsigma.compute.CloudSigmaLasVegasComputeServiceLiveTest)
[TestNG] Test testListImages(org.jclouds.cloudsigma.compute.CloudSigmaLasVegasComputeServiceLiveTest) succeeded: 0ms
Test suite progress: tests succeeded: 85, failed: 11, skipped: 26.
Starting test testListSizes(org.jclouds.cloudsigma.compute.CloudSigmaLasVegasComputeServiceLiveTest)
[TestNG] Test testListSizes(org.jclouds.cloudsigma.compute.CloudSigmaLasVegasComputeServiceLiveTest) succeeded: 1ms
Test suite progress: tests succeeded: 86, failed: 11, skipped: 26.
Starting test testOptionToNotBlock(org.jclouds.cloudsigma.compute.CloudSigmaLasVegasComputeServiceLiveTest)
[TestNG] Test testOptionToNotBlock(org.jclouds.cloudsigma.compute.CloudSigmaLasVegasComputeServiceLiveTest) succeeded: 0ms
Test suite progress: tests succeeded: 87, failed: 11, skipped: 26.
Starting test testCorrectExceptionRunningNodesNotFound(org.jclouds.cloudsigma.compute.CloudSigmaLasVegasComputeServiceLiveTest)
[TestNG] Test testCorrectExceptionRunningNodesNotFound(org.jclouds.cloudsigma.compute.CloudSigmaLasVegasComputeServiceLiveTest) succeeded: 339ms
Test suite progress: tests succeeded: 88, failed: 11, skipped: 26.
[TestNG] Test testAScriptExecutionAfterBootWithBasicTemplate(org.jclouds.cloudsigma.compute.CloudSigmaLasVegasComputeServiceLiveTest) skipped.
Test suite progress: tests succeeded: 88, failed: 11, skipped: 27.
[TestNG] Test testCreateTwoNodesWithRunScript(org.jclouds.cloudsigma.compute.CloudSigmaLasVegasComputeServiceLiveTest) skipped.
Test suite progress: tests succeeded: 88, failed: 11, skipped: 28.
Starting test testTemplateMatch(org.jclouds.cloudsigma.compute.CloudSigmaLasVegasComputeServiceLiveTest)
[TestNG] Test testTemplateMatch(org.jclouds.cloudsigma.compute.CloudSigmaLasVegasComputeServiceLiveTest) failed.
Test suite progress: tests succeeded: 88, failed: 12, skipped: 28.
[TestNG] Test testCreateAnotherNodeWithANewContextToEnsureSharedMemIsntRequired(org.jclouds.cloudsigma.compute.CloudSigmaLasVegasComputeServiceLiveTest) skipped.
Test suite progress: tests succeeded: 88, failed: 12, skipped: 29.
[TestNG] Test testCredentialsCache(org.jclouds.cloudsigma.compute.CloudSigmaLasVegasComputeServiceLiveTest) skipped.
Test suite progress: tests succeeded: 88, failed: 12, skipped: 30.
[TestNG] Test testGet(org.jclouds.cloudsigma.compute.CloudSigmaLasVegasComputeServiceLiveTest) skipped.
Test suite progress: tests succeeded: 88, failed: 12, skipped: 31.
[TestNG] Test testReboot(org.jclouds.cloudsigma.compute.CloudSigmaLasVegasComputeServiceLiveTest) skipped.
Test suite progress: tests succeeded: 88, failed: 12, skipped: 32.
[TestNG] Test testSuspendResume(org.jclouds.cloudsigma.compute.CloudSigmaLasVegasComputeServiceLiveTest) skipped.
Test suite progress: tests succeeded: 88, failed: 12, skipped: 33.
[TestNG] Test testGetNodesWithDetails(org.jclouds.cloudsigma.compute.CloudSigmaLasVegasComputeServiceLiveTest) skipped.
Test suite progress: tests succeeded: 88, failed: 12, skipped: 34.
[TestNG] Test testListNodes(org.jclouds.cloudsigma.compute.CloudSigmaLasVegasComputeServiceLiveTest) skipped.
Test suite progress: tests succeeded: 88, failed: 12, skipped: 35.
[TestNG] Test testDestroyNodes(org.jclouds.cloudsigma.compute.CloudSigmaLasVegasComputeServiceLiveTest) skipped.
Test suite progress: tests succeeded: 88, failed: 12, skipped: 36.
[TestNG] Test testTemplateBuilderWithLoginUserSpecified(org.jclouds.cloudsigma.compute.CloudSigmaLasVegasTemplateBuilderLiveTest) failed.
Test suite progress: tests succeeded: 88, failed: 13, skipped: 36.
Starting test testDefaultTemplateBuilder(org.jclouds.cloudsigma.compute.CloudSigmaLasVegasTemplateBuilderLiveTest)
[TestNG] Test testDefaultTemplateBuilder(org.jclouds.cloudsigma.compute.CloudSigmaLasVegasTemplateBuilderLiveTest) failed.
Test suite progress: tests succeeded: 88, failed: 14, skipped: 36.
Tests run: 140, Failures: 16, Errors: 0, Skipped: 36, Time elapsed: 39.42 sec <<< FAILURE!

Results :

Failed tests:   setupClient(org.jclouds.cloudsigma.CloudSigmaLasVegasLondonClientLiveTest): no image matched predicate: And(locationEqualsOrChildOf(cloudsigma-lvs),And(osFamily(ubuntu)),imageName(.*automated SSH Access.*))
  setupClient(org.jclouds.cloudsigma.CloudSigmaLasVegasLondonClientLiveTest): no image matched predicate: And(locationEqualsOrChildOf(cloudsigma-lvs),And(osFamily(ubuntu)),imageName(.*automated SSH Access.*))
  testCompareSizes(org.jclouds.cloudsigma.compute.CloudSigmaLasVegasTemplateBuilderLiveTest): no image matched predicate: And(locationEqualsOrChildOf(cloudsigma-lvs),And(osFamily(ubuntu)),imageName(.*automated SSH Access.*))
  testFromTemplate(org.jclouds.cloudsigma.compute.CloudSigmaLasVegasTemplateBuilderLiveTest): no image matched predicate: And(locationEqualsOrChildOf(cloudsigma-lvs),And(osFamily(ubuntu)),imageName(.*automated SSH Access.*))
  testCompareSizes(org.jclouds.cloudsigma.compute.CloudSigmaLasVegasComputeServiceLiveTest): no image matched predicate: And(locationEqualsOrChildOf(cloudsigma-lvs),And(osFamily(ubuntu)),imageName(.*automated SSH Access.*))
  testTemplateBuilderCanFind(org.jclouds.cloudsigma.compute.CloudSigmaLasVegasTemplateBuilderLiveTest): no image matched predicate: And(locationEqualsOrChildOf(cloudsigma-lvs),And(osFamily(centos),osVersion(^5.5$),os64Bit(true)))
  testTemplateBuilderCanFind(org.jclouds.cloudsigma.compute.CloudSigmaLasVegasTemplateBuilderLiveTest): no image matched predicate: And(locationEqualsOrChildOf(cloudsigma-lvs),And(osFamily(centos),os64Bit(false)))
  testTemplateBuilderCanFind(org.jclouds.cloudsigma.compute.CloudSigmaLasVegasTemplateBuilderLiveTest): no image matched predicate: And(locationEqualsOrChildOf(cloudsigma-lvs),And(osFamily(centos),osVersion(^6.0$),os64Bit(false)))
  testTemplateBuilderCanUseImageId(org.jclouds.cloudsigma.compute.CloudSigmaLasVegasTemplateBuilderLiveTest): no image matched predicate: And(locationEqualsOrChildOf(cloudsigma-lvs),And(osFamily(ubuntu)),imageName(.*automated SSH Access.*))
  testTemplateBuilderCannotFind(org.jclouds.cloudsigma.compute.CloudSigmaLasVegasTemplateBuilderLiveTest): 
  testTemplateBuilderCannotFind(org.jclouds.cloudsigma.compute.CloudSigmaLasVegasTemplateBuilderLiveTest): 
  testTemplateBuilderWithImageIdSpecified(org.jclouds.cloudsigma.compute.CloudSigmaLasVegasTemplateBuilderLiveTest): no image matched predicate: And(locationEqualsOrChildOf(cloudsigma-lvs),And(osFamily(ubuntu)),imageName(.*automated SSH Access.*))
  testCreateAndRunAService(org.jclouds.cloudsigma.compute.CloudSigmaLasVegasComputeServiceLiveTest): no image matched predicate: And(locationEqualsOrChildOf(cloudsigma-lvs),And(osFamily(ubuntu)),imageName(.*automated SSH Access.*))
  testTemplateMatch(org.jclouds.cloudsigma.compute.CloudSigmaLasVegasComputeServiceLiveTest): no image matched predicate: And(locationEqualsOrChildOf(cloudsigma-lvs),And(osFamily(ubuntu)),imageName(.*automated SSH Access.*))
  testTemplateBuilderWithLoginUserSpecified(org.jclouds.cloudsigma.compute.CloudSigmaLasVegasTemplateBuilderLiveTest): no image matched predicate: And(locationEqualsOrChildOf(cloudsigma-lvs),And(osFamily(ubuntu)),imageName(.*automated SSH Access.*))
  testDefaultTemplateBuilder(org.jclouds.cloudsigma.compute.CloudSigmaLasVegasTemplateBuilderLiveTest): no image matched predicate: And(locationEqualsOrChildOf(cloudsigma-lvs),And(osFamily(ubuntu)),imageName(.*automated SSH Access.*))

Tests run: 140, Failures: 16, Errors: 0, Skipped: 36

[INFO] ------------------------------------------------------------------------
[INFO] BUILD FAILURE
[INFO] ------------------------------------------------------------------------
[INFO] Total time: 59.710s
[INFO] Finished at: Wed Mar 07 18:03:07 PST 2012
[INFO] Final Memory: 21M/265M
[INFO] ------------------------------------------------------------------------
[ERROR] Failed to execute goal org.apache.maven.plugins:maven-surefire-plugin:2.10:test (integration) on project cloudsigma-lvs: There are test failures.
[ERROR] 
[ERROR] Please refer to /Users/adriancole/workspace/git/1.4.x/jclouds/providers/cloudsigma-lvs/target/surefire-reports for the individual test results.
[ERROR] -> [Help 1]
[ERROR] 
[ERROR] To see the full stack trace of the errors, re-run Maven with the -e switch.
[ERROR] Re-run Maven using the -X switch to enable full debug logging.
[ERROR] 
[ERROR] For more information about the errors and possible solutions, please read the following articles:
[ERROR] [Help 1] http://cwiki.apache.org/confluence/display/MAVEN/MojoFailureException
