[INFO] Scanning for projects...
[WARNING] 
[WARNING] Some problems were encountered while building the effective model for org.jclouds.provider:elastichosts-sat-p:bundle:1.4.0-SNAPSHOT
[WARNING] 'parent.relativePath' of POM org.jclouds:jclouds-project:1.4.0-SNAPSHOT (/Users/adriancole/workspace/git/1.4.x/jclouds/project/pom.xml) points at org.jclouds:jclouds-multi instead of org.sonatype.oss:oss-parent, please verify your project structure @ org.jclouds:jclouds-project:1.4.0-SNAPSHOT, /Users/adriancole/workspace/git/1.4.x/jclouds/project/pom.xml, line 24, column 13
[WARNING] 
[WARNING] It is highly recommended to fix these problems because they threaten the stability of your build.
[WARNING] 
[WARNING] For this reason, future Maven versions might no longer support building such malformed projects.
[WARNING] 
[INFO]                                                                         
[INFO] ------------------------------------------------------------------------
[INFO] Building jclouds ElasticHosts Peer1 San Antonio provider 1.4.0-SNAPSHOT
[INFO] ------------------------------------------------------------------------
[INFO] 
[INFO] --- maven-clean-plugin:2.4.1:clean (default-clean) @ elastichosts-sat-p ---
[INFO] Deleting /Users/adriancole/workspace/git/1.4.x/jclouds/providers/elastichosts-sat-p/target
[INFO] 
[INFO] --- maven-enforcer-plugin:1.0.1:enforce (enforce-maven) @ elastichosts-sat-p ---
[INFO] 
[INFO] --- maven-enforcer-plugin:1.0.1:enforce (enforce-banned-dependencies) @ elastichosts-sat-p ---
[INFO] 
[INFO] --- maven-enforcer-plugin:1.0.1:enforce (enforce-java) @ elastichosts-sat-p ---
[INFO] 
[INFO] --- maven-remote-resources-plugin:1.2:process (process-remote-resources) @ elastichosts-sat-p ---
[INFO] Setting property: classpath.resource.loader.class => 'org.codehaus.plexus.velocity.ContextClassLoaderResourceLoader'.
[INFO] Setting property: velocimacro.messages.on => 'false'.
[INFO] Setting property: resource.loader => 'classpath'.
[INFO] Setting property: resource.manager.logwhenfound => 'false'.
[INFO] 
[INFO] --- maven-resources-plugin:2.4.2:resources (default-resources) @ elastichosts-sat-p ---
[INFO] Using 'UTF-8' encoding to copy filtered resources.
[INFO] skip non existing resourceDirectory /Users/adriancole/workspace/git/1.4.x/jclouds/providers/elastichosts-sat-p/src/main/clojure
[INFO] Copying 2 resources
[INFO] Copying 2 resources
[INFO] 
[INFO] --- maven-compiler-plugin:2.3:compile (default-compile) @ elastichosts-sat-p ---
[INFO] Compiling 2 source files to /Users/adriancole/workspace/git/1.4.x/jclouds/providers/elastichosts-sat-p/target/classes
[INFO] 
[INFO] --- maven-resources-plugin:2.4.2:testResources (default-testResources) @ elastichosts-sat-p ---
[INFO] Using 'UTF-8' encoding to copy filtered resources.
[INFO] skip non existing resourceDirectory /Users/adriancole/workspace/git/1.4.x/jclouds/providers/elastichosts-sat-p/src/test/clojure
[INFO] skip non existing resourceDirectory /Users/adriancole/workspace/git/1.4.x/jclouds/providers/elastichosts-sat-p/src/test/resources
[INFO] Copying 2 resources
[INFO] 
[INFO] --- maven-compiler-plugin:2.3:testCompile (default-testCompile) @ elastichosts-sat-p ---
[INFO] Compiling 4 source files to /Users/adriancole/workspace/git/1.4.x/jclouds/providers/elastichosts-sat-p/target/test-classes
[INFO] 
[INFO] --- maven-surefire-plugin:2.10:test (default-test) @ elastichosts-sat-p ---
[INFO] Surefire report directory: /Users/adriancole/workspace/git/1.4.x/jclouds/providers/elastichosts-sat-p/target/surefire-reports
[INFO] Using configured provider org.apache.maven.surefire.testng.TestNGProvider

-------------------------------------------------------
 T E S T S
-------------------------------------------------------
Running org.jclouds.elastichosts.ElasticHostsPeer1SanAntonioProviderTest
Starting test testAllContains(org.jclouds.elastichosts.ElasticHostsPeer1SanAntonioProviderTest)
Starting test testInRestProperties(org.jclouds.elastichosts.ElasticHostsPeer1SanAntonioProviderTest)
Starting test testOfTypeContains(org.jclouds.elastichosts.ElasticHostsPeer1SanAntonioProviderTest)
Starting test testWithId(org.jclouds.elastichosts.ElasticHostsPeer1SanAntonioProviderTest)
[pool-2-thread-4] Test testWithId(org.jclouds.elastichosts.ElasticHostsPeer1SanAntonioProviderTest) succeeded: 53ms
Test suite progress: tests succeeded: 1, failed: 0, skipped: 0.
[pool-2-thread-1] Test testAllContains(org.jclouds.elastichosts.ElasticHostsPeer1SanAntonioProviderTest) succeeded: 105ms
Test suite progress: tests succeeded: 2, failed: 0, skipped: 0.
[pool-2-thread-3] Test testOfTypeContains(org.jclouds.elastichosts.ElasticHostsPeer1SanAntonioProviderTest) succeeded: 80ms
Test suite progress: tests succeeded: 3, failed: 0, skipped: 0.
[pool-2-thread-2] Test testInRestProperties(org.jclouds.elastichosts.ElasticHostsPeer1SanAntonioProviderTest) succeeded: 177ms
Test suite progress: tests succeeded: 4, failed: 0, skipped: 0.
Tests run: 4, Failures: 0, Errors: 0, Skipped: 0, Time elapsed: 1.194 sec

Results :

Tests run: 4, Failures: 0, Errors: 0, Skipped: 0

[INFO] 
[INFO] --- clojure-maven-plugin:1.3.8:test (test-clojure) @ elastichosts-sat-p ---

Testing com.theoryinpractise.clojure.testrunner

Ran 0 tests containing 0 assertions.
0 failures, 0 errors.
[INFO] 
[INFO] --- maven-bundle-plugin:2.3.4:bundle (default-bundle) @ elastichosts-sat-p ---
[INFO] 
[INFO] --- maven-source-plugin:2.1.1:jar-no-fork (attach-sources) @ elastichosts-sat-p ---
[INFO] Building jar: /Users/adriancole/workspace/git/1.4.x/jclouds/providers/elastichosts-sat-p/target/elastichosts-sat-p-1.4.0-SNAPSHOT-sources.jar
[INFO] 
[INFO] --- maven-javadoc-plugin:2.8:jar (javadoc) @ elastichosts-sat-p ---
[INFO] Skipping javadoc generation
[INFO] 
[INFO] --- maven-jar-plugin:2.3.1:test-jar (default) @ elastichosts-sat-p ---
[INFO] Building jar: /Users/adriancole/workspace/git/1.4.x/jclouds/providers/elastichosts-sat-p/target/elastichosts-sat-p-1.4.0-SNAPSHOT-tests.jar
[INFO] 
[INFO] --- maven-surefire-plugin:2.10:test (integration) @ elastichosts-sat-p ---
[INFO] Surefire report directory: /Users/adriancole/workspace/git/1.4.x/jclouds/providers/elastichosts-sat-p/target/surefire-reports
[INFO] Using configured provider org.apache.maven.surefire.testng.TestNGProvider

-------------------------------------------------------
 T E S T S
-------------------------------------------------------
Running TestSuite
Starting test testCompareSizes(org.jclouds.elastichosts.compute.ElasticHostsPeer1SanAntonioTemplateBuilderLiveTest)
Starting test setServiceDefaults(org.jclouds.elastichosts.compute.ElasticHostsPeer1SanAntonioComputeServiceLiveTest)
[TestNG] Test setServiceDefaults(org.jclouds.elastichosts.compute.ElasticHostsPeer1SanAntonioComputeServiceLiveTest) succeeded: 0ms
Test suite progress: tests succeeded: 1, failed: 0, skipped: 0.
Starting test testCompareSizes(org.jclouds.elastichosts.compute.ElasticHostsPeer1SanAntonioComputeServiceLiveTest)
Starting test testCreateDrive(org.jclouds.elastichosts.ElasticHostsPeer1SanAntonioClientLiveTest)
Mar 8, 2012 7:54:55 AM org.jclouds.compute.BaseComputeServiceLiveTest testCompareSizes
INFO: smallest [id=cpu=1000.000000,ram=512,disk=1.000000, providerId=cpu=1000.000000,ram=512,disk=1.000000, name=null, processors=[[cores=1.0, speed=1000.0]], ram=512, volumes=[[id=null, type=LOCAL, size=1.0, device=null, durable=true, isBootDevice=true]], hypervisor=kvm, supportsImage=sizeLessThanOrEqual(1.0), tags=[]]
Mar 8, 2012 7:54:55 AM org.jclouds.compute.BaseComputeServiceLiveTest testCompareSizes
INFO: fastest [id=cpu=20000.000000,ram=512,disk=20.000000, providerId=cpu=20000.000000,ram=512,disk=20.000000, name=null, processors=[[cores=1.0, speed=20000.0]], ram=512, volumes=[[id=null, type=LOCAL, size=20.0, device=null, durable=true, isBootDevice=true]], hypervisor=kvm, supportsImage=sizeLessThanOrEqual(20.0), tags=[]]
Mar 8, 2012 7:54:55 AM org.jclouds.compute.BaseComputeServiceLiveTest testCompareSizes
INFO: biggest [id=cpu=20000.000000,ram=8192,disk=20.000000, providerId=cpu=20000.000000,ram=8192,disk=20.000000, name=null, processors=[[cores=1.0, speed=20000.0]], ram=8192, volumes=[[id=null, type=LOCAL, size=20.0, device=null, durable=true, isBootDevice=true]], hypervisor=kvm, supportsImage=sizeLessThanOrEqual(20.0), tags=[]]
[TestNG] Test testCompareSizes(org.jclouds.elastichosts.compute.ElasticHostsPeer1SanAntonioComputeServiceLiveTest) succeeded: 6547ms
Test suite progress: tests succeeded: 2, failed: 0, skipped: 0.
Starting test testCorrectAuthException(org.jclouds.elastichosts.compute.ElasticHostsPeer1SanAntonioComputeServiceLiveTest)
smallest [id=cpu=1000.000000,ram=512,disk=1.000000, providerId=cpu=1000.000000,ram=512,disk=1.000000, name=null, processors=[[cores=1.0, speed=1000.0]], ram=512, volumes=[[id=null, type=LOCAL, size=1.0, device=null, durable=true, isBootDevice=true]], hypervisor=kvm, supportsImage=sizeLessThanOrEqual(1.0), tags=[]]
fastest [id=cpu=20000.000000,ram=512,disk=20.000000, providerId=cpu=20000.000000,ram=512,disk=20.000000, name=null, processors=[[cores=1.0, speed=20000.0]], ram=512, volumes=[[id=null, type=LOCAL, size=20.0, device=null, durable=true, isBootDevice=true]], hypervisor=kvm, supportsImage=sizeLessThanOrEqual(20.0), tags=[]]
biggest [id=cpu=20000.000000,ram=8192,disk=20.000000, providerId=cpu=20000.000000,ram=8192,disk=20.000000, name=null, processors=[[cores=1.0, speed=20000.0]], ram=8192, volumes=[[id=null, type=LOCAL, size=20.0, device=null, durable=true, isBootDevice=true]], hypervisor=kvm, supportsImage=sizeLessThanOrEqual(20.0), tags=[]]
[TestNG] Test testCompareSizes(org.jclouds.elastichosts.compute.ElasticHostsPeer1SanAntonioTemplateBuilderLiveTest) succeeded: 7613ms
Test suite progress: tests succeeded: 3, failed: 0, skipped: 0.
Starting test testDefaultTemplateBuilder(org.jclouds.elastichosts.compute.ElasticHostsPeer1SanAntonioTemplateBuilderLiveTest)
[TestNG] Test testDefaultTemplateBuilder(org.jclouds.elastichosts.compute.ElasticHostsPeer1SanAntonioTemplateBuilderLiveTest) succeeded: 3ms
Test suite progress: tests succeeded: 4, failed: 0, skipped: 0.
Starting test testFromTemplate(org.jclouds.elastichosts.compute.ElasticHostsPeer1SanAntonioTemplateBuilderLiveTest)
[TestNG] Test testFromTemplate(org.jclouds.elastichosts.compute.ElasticHostsPeer1SanAntonioTemplateBuilderLiveTest) succeeded: 13ms
Test suite progress: tests succeeded: 5, failed: 0, skipped: 0.
Starting test testGetAssignableLocations(org.jclouds.elastichosts.compute.ElasticHostsPeer1SanAntonioTemplateBuilderLiveTest)
location [id=elastichosts-sat-p, scope=PROVIDER, description=https://api.sat-p.elastichosts.com, parent=null, iso3166Codes=[US-TX], metadata={}]
[TestNG] Test testGetAssignableLocations(org.jclouds.elastichosts.compute.ElasticHostsPeer1SanAntonioTemplateBuilderLiveTest) succeeded: 1ms
Test suite progress: tests succeeded: 6, failed: 0, skipped: 0.
Starting test testTemplateBuilderCanFind(org.jclouds.elastichosts.compute.ElasticHostsPeer1SanAntonioTemplateBuilderLiveTest)
[TestNG] Test testTemplateBuilderCanFind(org.jclouds.elastichosts.compute.ElasticHostsPeer1SanAntonioTemplateBuilderLiveTest) succeeded: 3ms
Test suite progress: tests succeeded: 7, failed: 0, skipped: 0.
Starting test testTemplateBuilderCanFind(org.jclouds.elastichosts.compute.ElasticHostsPeer1SanAntonioTemplateBuilderLiveTest)
[TestNG] Test testTemplateBuilderCanFind(org.jclouds.elastichosts.compute.ElasticHostsPeer1SanAntonioTemplateBuilderLiveTest) succeeded: 3ms
Test suite progress: tests succeeded: 8, failed: 0, skipped: 0.
Starting test testTemplateBuilderCanFind(org.jclouds.elastichosts.compute.ElasticHostsPeer1SanAntonioTemplateBuilderLiveTest)
[TestNG] Test testTemplateBuilderCanFind(org.jclouds.elastichosts.compute.ElasticHostsPeer1SanAntonioTemplateBuilderLiveTest) succeeded: 2ms
Test suite progress: tests succeeded: 9, failed: 0, skipped: 0.
Starting test testTemplateBuilderCanFind(org.jclouds.elastichosts.compute.ElasticHostsPeer1SanAntonioTemplateBuilderLiveTest)
[TestNG] Test testTemplateBuilderCanFind(org.jclouds.elastichosts.compute.ElasticHostsPeer1SanAntonioTemplateBuilderLiveTest) succeeded: 6ms
Test suite progress: tests succeeded: 10, failed: 0, skipped: 0.
Starting test testTemplateBuilderCanFind(org.jclouds.elastichosts.compute.ElasticHostsPeer1SanAntonioTemplateBuilderLiveTest)
[TestNG] Test testTemplateBuilderCanFind(org.jclouds.elastichosts.compute.ElasticHostsPeer1SanAntonioTemplateBuilderLiveTest) succeeded: 1ms
Test suite progress: tests succeeded: 11, failed: 0, skipped: 0.
Starting test testTemplateBuilderCanFind(org.jclouds.elastichosts.compute.ElasticHostsPeer1SanAntonioTemplateBuilderLiveTest)
[TestNG] Test testTemplateBuilderCanFind(org.jclouds.elastichosts.compute.ElasticHostsPeer1SanAntonioTemplateBuilderLiveTest) succeeded: 3ms
Test suite progress: tests succeeded: 12, failed: 0, skipped: 0.
Starting test testTemplateBuilderCanFind(org.jclouds.elastichosts.compute.ElasticHostsPeer1SanAntonioTemplateBuilderLiveTest)
[TestNG] Test testTemplateBuilderCanFind(org.jclouds.elastichosts.compute.ElasticHostsPeer1SanAntonioTemplateBuilderLiveTest) succeeded: 1ms
Test suite progress: tests succeeded: 13, failed: 0, skipped: 0.
Starting test testTemplateBuilderCanFind(org.jclouds.elastichosts.compute.ElasticHostsPeer1SanAntonioTemplateBuilderLiveTest)
[TestNG] Test testTemplateBuilderCanFind(org.jclouds.elastichosts.compute.ElasticHostsPeer1SanAntonioTemplateBuilderLiveTest) succeeded: 67ms
Test suite progress: tests succeeded: 14, failed: 0, skipped: 0.
Starting test testTemplateBuilderCanFind(org.jclouds.elastichosts.compute.ElasticHostsPeer1SanAntonioTemplateBuilderLiveTest)
[TestNG] Test testTemplateBuilderCanFind(org.jclouds.elastichosts.compute.ElasticHostsPeer1SanAntonioTemplateBuilderLiveTest) succeeded: 3ms
Test suite progress: tests succeeded: 15, failed: 0, skipped: 0.
Starting test testTemplateBuilderCanFind(org.jclouds.elastichosts.compute.ElasticHostsPeer1SanAntonioTemplateBuilderLiveTest)
[TestNG] Test testTemplateBuilderCanFind(org.jclouds.elastichosts.compute.ElasticHostsPeer1SanAntonioTemplateBuilderLiveTest) succeeded: 2ms
Test suite progress: tests succeeded: 16, failed: 0, skipped: 0.
Starting test testTemplateBuilderCanUseImageId(org.jclouds.elastichosts.compute.ElasticHostsPeer1SanAntonioTemplateBuilderLiveTest)
[TestNG] Test testCorrectAuthException(org.jclouds.elastichosts.compute.ElasticHostsPeer1SanAntonioComputeServiceLiveTest) succeeded: 1349ms
Test suite progress: tests succeeded: 17, failed: 0, skipped: 0.
Starting test testCreateAndRunAService(org.jclouds.elastichosts.compute.ElasticHostsPeer1SanAntonioComputeServiceLiveTest)
[TestNG] Test testTemplateBuilderCanUseImageId(org.jclouds.elastichosts.compute.ElasticHostsPeer1SanAntonioTemplateBuilderLiveTest) succeeded: 4923ms
Test suite progress: tests succeeded: 18, failed: 0, skipped: 0.
Starting test testTemplateBuilderCannotFind(org.jclouds.elastichosts.compute.ElasticHostsPeer1SanAntonioTemplateBuilderLiveTest)
[TestNG] Test testTemplateBuilderCannotFind(org.jclouds.elastichosts.compute.ElasticHostsPeer1SanAntonioTemplateBuilderLiveTest) succeeded: 4ms
Test suite progress: tests succeeded: 19, failed: 0, skipped: 0.
Starting test testTemplateBuilderCannotFind(org.jclouds.elastichosts.compute.ElasticHostsPeer1SanAntonioTemplateBuilderLiveTest)
[TestNG] Test testTemplateBuilderCannotFind(org.jclouds.elastichosts.compute.ElasticHostsPeer1SanAntonioTemplateBuilderLiveTest) succeeded: 2ms
Test suite progress: tests succeeded: 20, failed: 0, skipped: 0.
Starting test testTemplateBuilderCannotFind(org.jclouds.elastichosts.compute.ElasticHostsPeer1SanAntonioTemplateBuilderLiveTest)
[TestNG] Test testTemplateBuilderCannotFind(org.jclouds.elastichosts.compute.ElasticHostsPeer1SanAntonioTemplateBuilderLiveTest) succeeded: 2ms
Test suite progress: tests succeeded: 21, failed: 0, skipped: 0.
Starting test testTemplateBuilderCannotFind(org.jclouds.elastichosts.compute.ElasticHostsPeer1SanAntonioTemplateBuilderLiveTest)
[TestNG] Test testTemplateBuilderCannotFind(org.jclouds.elastichosts.compute.ElasticHostsPeer1SanAntonioTemplateBuilderLiveTest) succeeded: 1ms
Test suite progress: tests succeeded: 22, failed: 0, skipped: 0.
Starting test testTemplateBuilderCannotFind(org.jclouds.elastichosts.compute.ElasticHostsPeer1SanAntonioTemplateBuilderLiveTest)
[TestNG] Test testTemplateBuilderCannotFind(org.jclouds.elastichosts.compute.ElasticHostsPeer1SanAntonioTemplateBuilderLiveTest) succeeded: 1ms
Test suite progress: tests succeeded: 23, failed: 0, skipped: 0.
Starting test testTemplateBuilderCannotFind(org.jclouds.elastichosts.compute.ElasticHostsPeer1SanAntonioTemplateBuilderLiveTest)
[TestNG] Test testTemplateBuilderCannotFind(org.jclouds.elastichosts.compute.ElasticHostsPeer1SanAntonioTemplateBuilderLiveTest) succeeded: 1ms
Test suite progress: tests succeeded: 24, failed: 0, skipped: 0.
Starting test testTemplateBuilderCannotFind(org.jclouds.elastichosts.compute.ElasticHostsPeer1SanAntonioTemplateBuilderLiveTest)
[TestNG] Test testTemplateBuilderCannotFind(org.jclouds.elastichosts.compute.ElasticHostsPeer1SanAntonioTemplateBuilderLiveTest) succeeded: 2ms
Test suite progress: tests succeeded: 25, failed: 0, skipped: 0.
Starting test testTemplateBuilderCannotFind(org.jclouds.elastichosts.compute.ElasticHostsPeer1SanAntonioTemplateBuilderLiveTest)
[TestNG] Test testTemplateBuilderCannotFind(org.jclouds.elastichosts.compute.ElasticHostsPeer1SanAntonioTemplateBuilderLiveTest) succeeded: 1ms
Test suite progress: tests succeeded: 26, failed: 0, skipped: 0.
Starting test testTemplateBuilderCannotFind(org.jclouds.elastichosts.compute.ElasticHostsPeer1SanAntonioTemplateBuilderLiveTest)
[TestNG] Test testTemplateBuilderCannotFind(org.jclouds.elastichosts.compute.ElasticHostsPeer1SanAntonioTemplateBuilderLiveTest) succeeded: 1ms
Test suite progress: tests succeeded: 27, failed: 0, skipped: 0.
Starting test testTemplateBuilderCannotFind(org.jclouds.elastichosts.compute.ElasticHostsPeer1SanAntonioTemplateBuilderLiveTest)
[TestNG] Test testTemplateBuilderCannotFind(org.jclouds.elastichosts.compute.ElasticHostsPeer1SanAntonioTemplateBuilderLiveTest) succeeded: 3ms
Test suite progress: tests succeeded: 28, failed: 0, skipped: 0.
Starting test testTemplateBuilderCannotFind(org.jclouds.elastichosts.compute.ElasticHostsPeer1SanAntonioTemplateBuilderLiveTest)
[TestNG] Test testTemplateBuilderCannotFind(org.jclouds.elastichosts.compute.ElasticHostsPeer1SanAntonioTemplateBuilderLiveTest) succeeded: 4ms
Test suite progress: tests succeeded: 29, failed: 0, skipped: 0.
Starting test testTemplateBuilderCannotFind(org.jclouds.elastichosts.compute.ElasticHostsPeer1SanAntonioTemplateBuilderLiveTest)
[TestNG] Test testTemplateBuilderCannotFind(org.jclouds.elastichosts.compute.ElasticHostsPeer1SanAntonioTemplateBuilderLiveTest) succeeded: 1ms
Test suite progress: tests succeeded: 30, failed: 0, skipped: 0.
Starting test testTemplateBuilderCannotFind(org.jclouds.elastichosts.compute.ElasticHostsPeer1SanAntonioTemplateBuilderLiveTest)
[TestNG] Test testTemplateBuilderCannotFind(org.jclouds.elastichosts.compute.ElasticHostsPeer1SanAntonioTemplateBuilderLiveTest) succeeded: 1ms
Test suite progress: tests succeeded: 31, failed: 0, skipped: 0.
Starting test testTemplateBuilderCannotFind(org.jclouds.elastichosts.compute.ElasticHostsPeer1SanAntonioTemplateBuilderLiveTest)
[TestNG] Test testTemplateBuilderCannotFind(org.jclouds.elastichosts.compute.ElasticHostsPeer1SanAntonioTemplateBuilderLiveTest) succeeded: 0ms
Test suite progress: tests succeeded: 32, failed: 0, skipped: 0.
Starting test testTemplateBuilderCannotFind(org.jclouds.elastichosts.compute.ElasticHostsPeer1SanAntonioTemplateBuilderLiveTest)
[TestNG] Test testTemplateBuilderCannotFind(org.jclouds.elastichosts.compute.ElasticHostsPeer1SanAntonioTemplateBuilderLiveTest) succeeded: 1ms
Test suite progress: tests succeeded: 33, failed: 0, skipped: 0.
Starting test testTemplateBuilderCannotFind(org.jclouds.elastichosts.compute.ElasticHostsPeer1SanAntonioTemplateBuilderLiveTest)
[TestNG] Test testTemplateBuilderCannotFind(org.jclouds.elastichosts.compute.ElasticHostsPeer1SanAntonioTemplateBuilderLiveTest) succeeded: 1ms
Test suite progress: tests succeeded: 34, failed: 0, skipped: 0.
Starting test testTemplateBuilderCannotFind(org.jclouds.elastichosts.compute.ElasticHostsPeer1SanAntonioTemplateBuilderLiveTest)
[TestNG] Test testTemplateBuilderCannotFind(org.jclouds.elastichosts.compute.ElasticHostsPeer1SanAntonioTemplateBuilderLiveTest) succeeded: 1ms
Test suite progress: tests succeeded: 35, failed: 0, skipped: 0.
Starting test testTemplateBuilderCannotFind(org.jclouds.elastichosts.compute.ElasticHostsPeer1SanAntonioTemplateBuilderLiveTest)
[TestNG] Test testTemplateBuilderCannotFind(org.jclouds.elastichosts.compute.ElasticHostsPeer1SanAntonioTemplateBuilderLiveTest) succeeded: 1ms
Test suite progress: tests succeeded: 36, failed: 0, skipped: 0.
Starting test testTemplateBuilderCannotFind(org.jclouds.elastichosts.compute.ElasticHostsPeer1SanAntonioTemplateBuilderLiveTest)
[TestNG] Test testTemplateBuilderCannotFind(org.jclouds.elastichosts.compute.ElasticHostsPeer1SanAntonioTemplateBuilderLiveTest) succeeded: 0ms
Test suite progress: tests succeeded: 37, failed: 0, skipped: 0.
Starting test testTemplateBuilderCannotFind(org.jclouds.elastichosts.compute.ElasticHostsPeer1SanAntonioTemplateBuilderLiveTest)
[TestNG] Test testTemplateBuilderCannotFind(org.jclouds.elastichosts.compute.ElasticHostsPeer1SanAntonioTemplateBuilderLiveTest) succeeded: 10ms
Test suite progress: tests succeeded: 38, failed: 0, skipped: 0.
Starting test testTemplateBuilderCannotFind(org.jclouds.elastichosts.compute.ElasticHostsPeer1SanAntonioTemplateBuilderLiveTest)
[TestNG] Test testTemplateBuilderCannotFind(org.jclouds.elastichosts.compute.ElasticHostsPeer1SanAntonioTemplateBuilderLiveTest) succeeded: 0ms
Test suite progress: tests succeeded: 39, failed: 0, skipped: 0.
Starting test testTemplateBuilderCannotFind(org.jclouds.elastichosts.compute.ElasticHostsPeer1SanAntonioTemplateBuilderLiveTest)
[TestNG] Test testTemplateBuilderCannotFind(org.jclouds.elastichosts.compute.ElasticHostsPeer1SanAntonioTemplateBuilderLiveTest) succeeded: 1ms
Test suite progress: tests succeeded: 40, failed: 0, skipped: 0.
Starting test testTemplateBuilderCannotFind(org.jclouds.elastichosts.compute.ElasticHostsPeer1SanAntonioTemplateBuilderLiveTest)
[TestNG] Test testTemplateBuilderCannotFind(org.jclouds.elastichosts.compute.ElasticHostsPeer1SanAntonioTemplateBuilderLiveTest) succeeded: 1ms
Test suite progress: tests succeeded: 41, failed: 0, skipped: 0.
Starting test testTemplateBuilderCannotFind(org.jclouds.elastichosts.compute.ElasticHostsPeer1SanAntonioTemplateBuilderLiveTest)
[TestNG] Test testTemplateBuilderCannotFind(org.jclouds.elastichosts.compute.ElasticHostsPeer1SanAntonioTemplateBuilderLiveTest) succeeded: 1ms
Test suite progress: tests succeeded: 42, failed: 0, skipped: 0.
Starting test testTemplateBuilderCannotFind(org.jclouds.elastichosts.compute.ElasticHostsPeer1SanAntonioTemplateBuilderLiveTest)
[TestNG] Test testTemplateBuilderCannotFind(org.jclouds.elastichosts.compute.ElasticHostsPeer1SanAntonioTemplateBuilderLiveTest) succeeded: 1ms
Test suite progress: tests succeeded: 43, failed: 0, skipped: 0.
Starting test testTemplateBuilderCannotFind(org.jclouds.elastichosts.compute.ElasticHostsPeer1SanAntonioTemplateBuilderLiveTest)
[TestNG] Test testTemplateBuilderCannotFind(org.jclouds.elastichosts.compute.ElasticHostsPeer1SanAntonioTemplateBuilderLiveTest) succeeded: 0ms
Test suite progress: tests succeeded: 44, failed: 0, skipped: 0.
Starting test testTemplateBuilderCannotFind(org.jclouds.elastichosts.compute.ElasticHostsPeer1SanAntonioTemplateBuilderLiveTest)
[TestNG] Test testTemplateBuilderCannotFind(org.jclouds.elastichosts.compute.ElasticHostsPeer1SanAntonioTemplateBuilderLiveTest) succeeded: 1ms
Test suite progress: tests succeeded: 45, failed: 0, skipped: 0.
Starting test testTemplateBuilderCannotFind(org.jclouds.elastichosts.compute.ElasticHostsPeer1SanAntonioTemplateBuilderLiveTest)
[TestNG] Test testTemplateBuilderCannotFind(org.jclouds.elastichosts.compute.ElasticHostsPeer1SanAntonioTemplateBuilderLiveTest) succeeded: 0ms
Test suite progress: tests succeeded: 46, failed: 0, skipped: 0.
Starting test testTemplateBuilderCannotFind(org.jclouds.elastichosts.compute.ElasticHostsPeer1SanAntonioTemplateBuilderLiveTest)
[TestNG] Test testTemplateBuilderCannotFind(org.jclouds.elastichosts.compute.ElasticHostsPeer1SanAntonioTemplateBuilderLiveTest) succeeded: 7ms
Test suite progress: tests succeeded: 47, failed: 0, skipped: 0.
Starting test testTemplateBuilderCannotFind(org.jclouds.elastichosts.compute.ElasticHostsPeer1SanAntonioTemplateBuilderLiveTest)
[TestNG] Test testTemplateBuilderCannotFind(org.jclouds.elastichosts.compute.ElasticHostsPeer1SanAntonioTemplateBuilderLiveTest) succeeded: 1ms
Test suite progress: tests succeeded: 48, failed: 0, skipped: 0.
Starting test testTemplateBuilderCannotFind(org.jclouds.elastichosts.compute.ElasticHostsPeer1SanAntonioTemplateBuilderLiveTest)
[TestNG] Test testTemplateBuilderCannotFind(org.jclouds.elastichosts.compute.ElasticHostsPeer1SanAntonioTemplateBuilderLiveTest) succeeded: 3ms
Test suite progress: tests succeeded: 49, failed: 0, skipped: 0.
Starting test testTemplateBuilderCannotFind(org.jclouds.elastichosts.compute.ElasticHostsPeer1SanAntonioTemplateBuilderLiveTest)
[TestNG] Test testTemplateBuilderCannotFind(org.jclouds.elastichosts.compute.ElasticHostsPeer1SanAntonioTemplateBuilderLiveTest) succeeded: 1ms
Test suite progress: tests succeeded: 50, failed: 0, skipped: 0.
Starting test testTemplateBuilderCannotFind(org.jclouds.elastichosts.compute.ElasticHostsPeer1SanAntonioTemplateBuilderLiveTest)
[TestNG] Test testTemplateBuilderCannotFind(org.jclouds.elastichosts.compute.ElasticHostsPeer1SanAntonioTemplateBuilderLiveTest) succeeded: 1ms
Test suite progress: tests succeeded: 51, failed: 0, skipped: 0.
Starting test testTemplateBuilderCannotFind(org.jclouds.elastichosts.compute.ElasticHostsPeer1SanAntonioTemplateBuilderLiveTest)
[TestNG] Test testTemplateBuilderCannotFind(org.jclouds.elastichosts.compute.ElasticHostsPeer1SanAntonioTemplateBuilderLiveTest) succeeded: 2ms
Test suite progress: tests succeeded: 52, failed: 0, skipped: 0.
Starting test testTemplateBuilderCannotFind(org.jclouds.elastichosts.compute.ElasticHostsPeer1SanAntonioTemplateBuilderLiveTest)
[TestNG] Test testTemplateBuilderCannotFind(org.jclouds.elastichosts.compute.ElasticHostsPeer1SanAntonioTemplateBuilderLiveTest) succeeded: 2ms
Test suite progress: tests succeeded: 53, failed: 0, skipped: 0.
Starting test testTemplateBuilderCannotFind(org.jclouds.elastichosts.compute.ElasticHostsPeer1SanAntonioTemplateBuilderLiveTest)
[TestNG] Test testTemplateBuilderCannotFind(org.jclouds.elastichosts.compute.ElasticHostsPeer1SanAntonioTemplateBuilderLiveTest) succeeded: 2ms
Test suite progress: tests succeeded: 54, failed: 0, skipped: 0.
Starting test testTemplateBuilderCannotFind(org.jclouds.elastichosts.compute.ElasticHostsPeer1SanAntonioTemplateBuilderLiveTest)
[TestNG] Test testTemplateBuilderCannotFind(org.jclouds.elastichosts.compute.ElasticHostsPeer1SanAntonioTemplateBuilderLiveTest) succeeded: 1ms
Test suite progress: tests succeeded: 55, failed: 0, skipped: 0.
Starting test testTemplateBuilderCannotFind(org.jclouds.elastichosts.compute.ElasticHostsPeer1SanAntonioTemplateBuilderLiveTest)
[TestNG] Test testTemplateBuilderCannotFind(org.jclouds.elastichosts.compute.ElasticHostsPeer1SanAntonioTemplateBuilderLiveTest) succeeded: 1ms
Test suite progress: tests succeeded: 56, failed: 0, skipped: 0.
Starting test testTemplateBuilderCannotFind(org.jclouds.elastichosts.compute.ElasticHostsPeer1SanAntonioTemplateBuilderLiveTest)
[TestNG] Test testTemplateBuilderCannotFind(org.jclouds.elastichosts.compute.ElasticHostsPeer1SanAntonioTemplateBuilderLiveTest) succeeded: 3ms
Test suite progress: tests succeeded: 57, failed: 0, skipped: 0.
Starting test testTemplateBuilderCannotFind(org.jclouds.elastichosts.compute.ElasticHostsPeer1SanAntonioTemplateBuilderLiveTest)
[TestNG] Test testTemplateBuilderCannotFind(org.jclouds.elastichosts.compute.ElasticHostsPeer1SanAntonioTemplateBuilderLiveTest) succeeded: 0ms
Test suite progress: tests succeeded: 58, failed: 0, skipped: 0.
Starting test testTemplateBuilderCannotFind(org.jclouds.elastichosts.compute.ElasticHostsPeer1SanAntonioTemplateBuilderLiveTest)
[TestNG] Test testTemplateBuilderCannotFind(org.jclouds.elastichosts.compute.ElasticHostsPeer1SanAntonioTemplateBuilderLiveTest) succeeded: 0ms
Test suite progress: tests succeeded: 59, failed: 0, skipped: 0.
Starting test testTemplateBuilderCannotFind(org.jclouds.elastichosts.compute.ElasticHostsPeer1SanAntonioTemplateBuilderLiveTest)
[TestNG] Test testTemplateBuilderCannotFind(org.jclouds.elastichosts.compute.ElasticHostsPeer1SanAntonioTemplateBuilderLiveTest) succeeded: 3ms
Test suite progress: tests succeeded: 60, failed: 0, skipped: 0.
Starting test testTemplateBuilderCannotFind(org.jclouds.elastichosts.compute.ElasticHostsPeer1SanAntonioTemplateBuilderLiveTest)
[TestNG] Test testTemplateBuilderCannotFind(org.jclouds.elastichosts.compute.ElasticHostsPeer1SanAntonioTemplateBuilderLiveTest) succeeded: 1ms
Test suite progress: tests succeeded: 61, failed: 0, skipped: 0.
Starting test testTemplateBuilderCannotFind(org.jclouds.elastichosts.compute.ElasticHostsPeer1SanAntonioTemplateBuilderLiveTest)
[TestNG] Test testTemplateBuilderCannotFind(org.jclouds.elastichosts.compute.ElasticHostsPeer1SanAntonioTemplateBuilderLiveTest) succeeded: 24ms
Test suite progress: tests succeeded: 62, failed: 0, skipped: 0.
Starting test testTemplateBuilderCannotFind(org.jclouds.elastichosts.compute.ElasticHostsPeer1SanAntonioTemplateBuilderLiveTest)
[TestNG] Test testTemplateBuilderCannotFind(org.jclouds.elastichosts.compute.ElasticHostsPeer1SanAntonioTemplateBuilderLiveTest) succeeded: 1ms
Test suite progress: tests succeeded: 63, failed: 0, skipped: 0.
Starting test testTemplateBuilderCannotFind(org.jclouds.elastichosts.compute.ElasticHostsPeer1SanAntonioTemplateBuilderLiveTest)
[TestNG] Test testTemplateBuilderCannotFind(org.jclouds.elastichosts.compute.ElasticHostsPeer1SanAntonioTemplateBuilderLiveTest) succeeded: 0ms
Test suite progress: tests succeeded: 64, failed: 0, skipped: 0.
Starting test testTemplateBuilderCannotFind(org.jclouds.elastichosts.compute.ElasticHostsPeer1SanAntonioTemplateBuilderLiveTest)
[TestNG] Test testTemplateBuilderCannotFind(org.jclouds.elastichosts.compute.ElasticHostsPeer1SanAntonioTemplateBuilderLiveTest) succeeded: 1ms
Test suite progress: tests succeeded: 65, failed: 0, skipped: 0.
Starting test testTemplateBuilderCannotFind(org.jclouds.elastichosts.compute.ElasticHostsPeer1SanAntonioTemplateBuilderLiveTest)
[TestNG] Test testTemplateBuilderCannotFind(org.jclouds.elastichosts.compute.ElasticHostsPeer1SanAntonioTemplateBuilderLiveTest) succeeded: 0ms
Test suite progress: tests succeeded: 66, failed: 0, skipped: 0.
Starting test testTemplateBuilderCannotFind(org.jclouds.elastichosts.compute.ElasticHostsPeer1SanAntonioTemplateBuilderLiveTest)
[TestNG] Test testTemplateBuilderCannotFind(org.jclouds.elastichosts.compute.ElasticHostsPeer1SanAntonioTemplateBuilderLiveTest) succeeded: 1ms
Test suite progress: tests succeeded: 67, failed: 0, skipped: 0.
Starting test testTemplateBuilderCannotFind(org.jclouds.elastichosts.compute.ElasticHostsPeer1SanAntonioTemplateBuilderLiveTest)
[TestNG] Test testTemplateBuilderCannotFind(org.jclouds.elastichosts.compute.ElasticHostsPeer1SanAntonioTemplateBuilderLiveTest) succeeded: 0ms
Test suite progress: tests succeeded: 68, failed: 0, skipped: 0.
Starting test testTemplateBuilderCannotFind(org.jclouds.elastichosts.compute.ElasticHostsPeer1SanAntonioTemplateBuilderLiveTest)
[TestNG] Test testTemplateBuilderCannotFind(org.jclouds.elastichosts.compute.ElasticHostsPeer1SanAntonioTemplateBuilderLiveTest) succeeded: 1ms
Test suite progress: tests succeeded: 69, failed: 0, skipped: 0.
Starting test testTemplateBuilderCannotFind(org.jclouds.elastichosts.compute.ElasticHostsPeer1SanAntonioTemplateBuilderLiveTest)
[TestNG] Test testTemplateBuilderCannotFind(org.jclouds.elastichosts.compute.ElasticHostsPeer1SanAntonioTemplateBuilderLiveTest) succeeded: 0ms
Test suite progress: tests succeeded: 70, failed: 0, skipped: 0.
Starting test testTemplateBuilderCannotFind(org.jclouds.elastichosts.compute.ElasticHostsPeer1SanAntonioTemplateBuilderLiveTest)
[TestNG] Test testTemplateBuilderCannotFind(org.jclouds.elastichosts.compute.ElasticHostsPeer1SanAntonioTemplateBuilderLiveTest) succeeded: 1ms
Test suite progress: tests succeeded: 71, failed: 0, skipped: 0.
Starting test testTemplateBuilderCannotFind(org.jclouds.elastichosts.compute.ElasticHostsPeer1SanAntonioTemplateBuilderLiveTest)
[TestNG] Test testTemplateBuilderCannotFind(org.jclouds.elastichosts.compute.ElasticHostsPeer1SanAntonioTemplateBuilderLiveTest) succeeded: 0ms
Test suite progress: tests succeeded: 72, failed: 0, skipped: 0.
Starting test testTemplateBuilderCannotFind(org.jclouds.elastichosts.compute.ElasticHostsPeer1SanAntonioTemplateBuilderLiveTest)
[TestNG] Test testTemplateBuilderCannotFind(org.jclouds.elastichosts.compute.ElasticHostsPeer1SanAntonioTemplateBuilderLiveTest) succeeded: 1ms
Test suite progress: tests succeeded: 73, failed: 0, skipped: 0.
Starting test testTemplateBuilderCannotFind(org.jclouds.elastichosts.compute.ElasticHostsPeer1SanAntonioTemplateBuilderLiveTest)
[TestNG] Test testTemplateBuilderCannotFind(org.jclouds.elastichosts.compute.ElasticHostsPeer1SanAntonioTemplateBuilderLiveTest) succeeded: 0ms
Test suite progress: tests succeeded: 74, failed: 0, skipped: 0.
Starting test testTemplateBuilderCannotFind(org.jclouds.elastichosts.compute.ElasticHostsPeer1SanAntonioTemplateBuilderLiveTest)
[TestNG] Test testTemplateBuilderCannotFind(org.jclouds.elastichosts.compute.ElasticHostsPeer1SanAntonioTemplateBuilderLiveTest) succeeded: 1ms
Test suite progress: tests succeeded: 75, failed: 0, skipped: 0.
Starting test testTemplateBuilderCannotFind(org.jclouds.elastichosts.compute.ElasticHostsPeer1SanAntonioTemplateBuilderLiveTest)
[TestNG] Test testTemplateBuilderCannotFind(org.jclouds.elastichosts.compute.ElasticHostsPeer1SanAntonioTemplateBuilderLiveTest) succeeded: 0ms
Test suite progress: tests succeeded: 76, failed: 0, skipped: 0.
Starting test testTemplateBuilderCannotFind(org.jclouds.elastichosts.compute.ElasticHostsPeer1SanAntonioTemplateBuilderLiveTest)
[TestNG] Test testTemplateBuilderCannotFind(org.jclouds.elastichosts.compute.ElasticHostsPeer1SanAntonioTemplateBuilderLiveTest) succeeded: 1ms
Test suite progress: tests succeeded: 77, failed: 0, skipped: 0.
Starting test testTemplateBuilderCannotFind(org.jclouds.elastichosts.compute.ElasticHostsPeer1SanAntonioTemplateBuilderLiveTest)
[TestNG] Test testTemplateBuilderCannotFind(org.jclouds.elastichosts.compute.ElasticHostsPeer1SanAntonioTemplateBuilderLiveTest) succeeded: 0ms
Test suite progress: tests succeeded: 78, failed: 0, skipped: 0.
Starting test testTemplateBuilderCannotFind(org.jclouds.elastichosts.compute.ElasticHostsPeer1SanAntonioTemplateBuilderLiveTest)
[TestNG] Test testTemplateBuilderCannotFind(org.jclouds.elastichosts.compute.ElasticHostsPeer1SanAntonioTemplateBuilderLiveTest) succeeded: 1ms
Test suite progress: tests succeeded: 79, failed: 0, skipped: 0.
Starting test testTemplateBuilderCannotFind(org.jclouds.elastichosts.compute.ElasticHostsPeer1SanAntonioTemplateBuilderLiveTest)
[TestNG] Test testTemplateBuilderCannotFind(org.jclouds.elastichosts.compute.ElasticHostsPeer1SanAntonioTemplateBuilderLiveTest) succeeded: 0ms
Test suite progress: tests succeeded: 80, failed: 0, skipped: 0.
Starting test testTemplateBuilderCannotFind(org.jclouds.elastichosts.compute.ElasticHostsPeer1SanAntonioTemplateBuilderLiveTest)
[TestNG] Test testTemplateBuilderCannotFind(org.jclouds.elastichosts.compute.ElasticHostsPeer1SanAntonioTemplateBuilderLiveTest) succeeded: 1ms
Test suite progress: tests succeeded: 81, failed: 0, skipped: 0.
Starting test testTemplateBuilderCannotFind(org.jclouds.elastichosts.compute.ElasticHostsPeer1SanAntonioTemplateBuilderLiveTest)
[TestNG] Test testTemplateBuilderCannotFind(org.jclouds.elastichosts.compute.ElasticHostsPeer1SanAntonioTemplateBuilderLiveTest) succeeded: 0ms
Test suite progress: tests succeeded: 82, failed: 0, skipped: 0.
Starting test testTemplateBuilderCannotFind(org.jclouds.elastichosts.compute.ElasticHostsPeer1SanAntonioTemplateBuilderLiveTest)
[TestNG] Test testTemplateBuilderCannotFind(org.jclouds.elastichosts.compute.ElasticHostsPeer1SanAntonioTemplateBuilderLiveTest) succeeded: 1ms
Test suite progress: tests succeeded: 83, failed: 0, skipped: 0.
Starting test testTemplateBuilderCannotFind(org.jclouds.elastichosts.compute.ElasticHostsPeer1SanAntonioTemplateBuilderLiveTest)
[TestNG] Test testTemplateBuilderCannotFind(org.jclouds.elastichosts.compute.ElasticHostsPeer1SanAntonioTemplateBuilderLiveTest) succeeded: 0ms
Test suite progress: tests succeeded: 84, failed: 0, skipped: 0.
Starting test testTemplateBuilderCannotFind(org.jclouds.elastichosts.compute.ElasticHostsPeer1SanAntonioTemplateBuilderLiveTest)
[TestNG] Test testTemplateBuilderCannotFind(org.jclouds.elastichosts.compute.ElasticHostsPeer1SanAntonioTemplateBuilderLiveTest) succeeded: 0ms
Test suite progress: tests succeeded: 85, failed: 0, skipped: 0.
Starting test testTemplateBuilderCannotFind(org.jclouds.elastichosts.compute.ElasticHostsPeer1SanAntonioTemplateBuilderLiveTest)
[TestNG] Test testTemplateBuilderCannotFind(org.jclouds.elastichosts.compute.ElasticHostsPeer1SanAntonioTemplateBuilderLiveTest) succeeded: 1ms
Test suite progress: tests succeeded: 86, failed: 0, skipped: 0.
Starting test testTemplateBuilderCannotFind(org.jclouds.elastichosts.compute.ElasticHostsPeer1SanAntonioTemplateBuilderLiveTest)
[TestNG] Test testTemplateBuilderCannotFind(org.jclouds.elastichosts.compute.ElasticHostsPeer1SanAntonioTemplateBuilderLiveTest) succeeded: 0ms
Test suite progress: tests succeeded: 87, failed: 0, skipped: 0.
Starting test testTemplateBuilderCannotFind(org.jclouds.elastichosts.compute.ElasticHostsPeer1SanAntonioTemplateBuilderLiveTest)
[TestNG] Test testTemplateBuilderCannotFind(org.jclouds.elastichosts.compute.ElasticHostsPeer1SanAntonioTemplateBuilderLiveTest) succeeded: 0ms
Test suite progress: tests succeeded: 88, failed: 0, skipped: 0.
Starting test testTemplateBuilderCannotFind(org.jclouds.elastichosts.compute.ElasticHostsPeer1SanAntonioTemplateBuilderLiveTest)
[TestNG] Test testTemplateBuilderCannotFind(org.jclouds.elastichosts.compute.ElasticHostsPeer1SanAntonioTemplateBuilderLiveTest) succeeded: 0ms
Test suite progress: tests succeeded: 89, failed: 0, skipped: 0.
Starting test testTemplateBuilderCannotFind(org.jclouds.elastichosts.compute.ElasticHostsPeer1SanAntonioTemplateBuilderLiveTest)
[TestNG] Test testTemplateBuilderCannotFind(org.jclouds.elastichosts.compute.ElasticHostsPeer1SanAntonioTemplateBuilderLiveTest) succeeded: 0ms
Test suite progress: tests succeeded: 90, failed: 0, skipped: 0.
Starting test testTemplateBuilderCannotFind(org.jclouds.elastichosts.compute.ElasticHostsPeer1SanAntonioTemplateBuilderLiveTest)
[TestNG] Test testTemplateBuilderCannotFind(org.jclouds.elastichosts.compute.ElasticHostsPeer1SanAntonioTemplateBuilderLiveTest) succeeded: 0ms
Test suite progress: tests succeeded: 91, failed: 0, skipped: 0.
Starting test testTemplateBuilderCannotFind(org.jclouds.elastichosts.compute.ElasticHostsPeer1SanAntonioTemplateBuilderLiveTest)
[TestNG] Test testTemplateBuilderCannotFind(org.jclouds.elastichosts.compute.ElasticHostsPeer1SanAntonioTemplateBuilderLiveTest) succeeded: 0ms
Test suite progress: tests succeeded: 92, failed: 0, skipped: 0.
Starting test testTemplateBuilderWithImageIdSpecified(org.jclouds.elastichosts.compute.ElasticHostsPeer1SanAntonioTemplateBuilderLiveTest)
[TestNG] Test testCreateDrive(org.jclouds.elastichosts.ElasticHostsPeer1SanAntonioClientLiveTest) succeeded: 9988ms
Test suite progress: tests succeeded: 93, failed: 0, skipped: 0.
Starting test testGetDrive(org.jclouds.elastichosts.ElasticHostsPeer1SanAntonioClientLiveTest)
[TestNG] Test testGetDrive(org.jclouds.elastichosts.ElasticHostsPeer1SanAntonioClientLiveTest) succeeded: 716ms
Test suite progress: tests succeeded: 94, failed: 0, skipped: 0.
Starting test testGetServer(org.jclouds.elastichosts.ElasticHostsPeer1SanAntonioClientLiveTest)
[TestNG] Test testGetServer(org.jclouds.elastichosts.ElasticHostsPeer1SanAntonioClientLiveTest) succeeded: 359ms
Test suite progress: tests succeeded: 95, failed: 0, skipped: 0.
Starting test testListDriveInfo(org.jclouds.elastichosts.ElasticHostsPeer1SanAntonioClientLiveTest)
[TestNG] Test testListDriveInfo(org.jclouds.elastichosts.ElasticHostsPeer1SanAntonioClientLiveTest) succeeded: 346ms
Test suite progress: tests succeeded: 96, failed: 0, skipped: 0.
Starting test testListDrives(org.jclouds.elastichosts.ElasticHostsPeer1SanAntonioClientLiveTest)
[TestNG] Test testListDrives(org.jclouds.elastichosts.ElasticHostsPeer1SanAntonioClientLiveTest) succeeded: 333ms
Test suite progress: tests succeeded: 97, failed: 0, skipped: 0.
Starting test testListServers(org.jclouds.elastichosts.ElasticHostsPeer1SanAntonioClientLiveTest)
[TestNG] Test testListServers(org.jclouds.elastichosts.ElasticHostsPeer1SanAntonioClientLiveTest) succeeded: 339ms
Test suite progress: tests succeeded: 98, failed: 0, skipped: 0.
Starting test testWeCanReadAndWriteToDrive(org.jclouds.elastichosts.ElasticHostsPeer1SanAntonioClientLiveTest)
[TestNG] Test testTemplateBuilderWithImageIdSpecified(org.jclouds.elastichosts.compute.ElasticHostsPeer1SanAntonioTemplateBuilderLiveTest) succeeded: 7798ms
Test suite progress: tests succeeded: 99, failed: 0, skipped: 0.
Starting test testTemplateBuilderWithLoginUserSpecified(org.jclouds.elastichosts.compute.ElasticHostsPeer1SanAntonioTemplateBuilderLiveTest)
[TestNG] Test testTemplateBuilderWithLoginUserSpecified(org.jclouds.elastichosts.compute.ElasticHostsPeer1SanAntonioTemplateBuilderLiveTest) succeeded: 8305ms
Test suite progress: tests succeeded: 100, failed: 0, skipped: 0.
Starting test testTemplateBuilder(org.jclouds.elastichosts.compute.ElasticHostsPeer1SanAntonioTemplateBuilderLiveTest)
[TestNG] Test testTemplateBuilder(org.jclouds.elastichosts.compute.ElasticHostsPeer1SanAntonioTemplateBuilderLiveTest) succeeded: 4ms
Test suite progress: tests succeeded: 101, failed: 0, skipped: 0.
[TestNG] Test testWeCanReadAndWriteToDrive(org.jclouds.elastichosts.ElasticHostsPeer1SanAntonioClientLiveTest) succeeded: 11898ms
Test suite progress: tests succeeded: 102, failed: 0, skipped: 0.
Starting test testListServerInfo(org.jclouds.elastichosts.ElasticHostsPeer1SanAntonioClientLiveTest)
[TestNG] Test testListServerInfo(org.jclouds.elastichosts.ElasticHostsPeer1SanAntonioClientLiveTest) succeeded: 337ms
Test suite progress: tests succeeded: 103, failed: 0, skipped: 0.
Starting test testSetDriveData(org.jclouds.elastichosts.ElasticHostsPeer1SanAntonioClientLiveTest)
[TestNG] Test testSetDriveData(org.jclouds.elastichosts.ElasticHostsPeer1SanAntonioClientLiveTest) succeeded: 1513ms
Test suite progress: tests succeeded: 104, failed: 0, skipped: 0.
Starting test testWeCopyADriveContentsViaGzip(org.jclouds.elastichosts.ElasticHostsPeer1SanAntonioClientLiveTest)
before image; drive 2[size=4194304, claimType=exclusive, readers=[], uuid=cdbedadf-d003-4246-a3a3-539ce83d4272, name=adriancole.test2, tags=[], userMetadata={}, status=active, user=8df7463d-94d0-4564-9037-30665f45ba47, claimed=[], encryptionCipher=aes-xts-plain, imaging=null, metrics=[readBytes=0, readRequests=0, writeBytes=0, writeRequests=0]]
before image; drive 3[size=4194304, claimType=exclusive, readers=[], uuid=b499f5be-319e-48c1-88bb-125f3bf4c285, name=adriancole.test3, tags=[], userMetadata={}, status=active, user=8df7463d-94d0-4564-9037-30665f45ba47, claimed=[], encryptionCipher=aes-xts-plain, imaging=null, metrics=[readBytes=0, readRequests=0, writeBytes=0, writeRequests=0]]
[TestNG] Test testCreateAndRunAService(org.jclouds.elastichosts.compute.ElasticHostsPeer1SanAntonioComputeServiceLiveTest) failed.
Test suite progress: tests succeeded: 104, failed: 1, skipped: 0.
Starting test testGetAssignableLocations(org.jclouds.elastichosts.compute.ElasticHostsPeer1SanAntonioComputeServiceLiveTest)
Mar 8, 2012 7:56:19 AM org.jclouds.compute.BaseComputeServiceLiveTest testGetAssignableLocations
WARNING: location [id=elastichosts-sat-p, scope=PROVIDER, description=https://api.sat-p.elastichosts.com, parent=null, iso3166Codes=[US-TX], metadata={}]
[TestNG] Test testGetAssignableLocations(org.jclouds.elastichosts.compute.ElasticHostsPeer1SanAntonioComputeServiceLiveTest) succeeded: 9ms
Test suite progress: tests succeeded: 105, failed: 1, skipped: 0.
Starting test testImagesCache(org.jclouds.elastichosts.compute.ElasticHostsPeer1SanAntonioComputeServiceLiveTest)
[TestNG] Test testImagesCache(org.jclouds.elastichosts.compute.ElasticHostsPeer1SanAntonioComputeServiceLiveTest) succeeded: 3ms
Test suite progress: tests succeeded: 106, failed: 1, skipped: 0.
Starting test testListImages(org.jclouds.elastichosts.compute.ElasticHostsPeer1SanAntonioComputeServiceLiveTest)
[TestNG] Test testListImages(org.jclouds.elastichosts.compute.ElasticHostsPeer1SanAntonioComputeServiceLiveTest) succeeded: 0ms
Test suite progress: tests succeeded: 107, failed: 1, skipped: 0.
Starting test testListSizes(org.jclouds.elastichosts.compute.ElasticHostsPeer1SanAntonioComputeServiceLiveTest)
[TestNG] Test testListSizes(org.jclouds.elastichosts.compute.ElasticHostsPeer1SanAntonioComputeServiceLiveTest) succeeded: 1ms
Test suite progress: tests succeeded: 108, failed: 1, skipped: 0.
Starting test testOptionToNotBlock(org.jclouds.elastichosts.compute.ElasticHostsPeer1SanAntonioComputeServiceLiveTest)
[TestNG] Test testOptionToNotBlock(org.jclouds.elastichosts.compute.ElasticHostsPeer1SanAntonioComputeServiceLiveTest) succeeded: 0ms
Test suite progress: tests succeeded: 109, failed: 1, skipped: 0.
Starting test testCorrectExceptionRunningNodesNotFound(org.jclouds.elastichosts.compute.ElasticHostsPeer1SanAntonioComputeServiceLiveTest)
[TestNG] Test testCorrectExceptionRunningNodesNotFound(org.jclouds.elastichosts.compute.ElasticHostsPeer1SanAntonioComputeServiceLiveTest) succeeded: 411ms
Test suite progress: tests succeeded: 110, failed: 1, skipped: 0.
Starting test testAScriptExecutionAfterBootWithBasicTemplate(org.jclouds.elastichosts.compute.ElasticHostsPeer1SanAntonioComputeServiceLiveTest)
[TestNG] Test testWeCopyADriveContentsViaGzip(org.jclouds.elastichosts.ElasticHostsPeer1SanAntonioClientLiveTest) failed.
Test suite progress: tests succeeded: 110, failed: 2, skipped: 0.
Starting test testCreateAndStartServer(org.jclouds.elastichosts.ElasticHostsPeer1SanAntonioClientLiveTest)
Mar 8, 2012 8:01:49 AM org.jclouds.elasticstack.ElasticStackClientLiveTest testCreateAndStartServer
INFO: preparing drive
before prepare[size=1073741824, claimType=shared, readers=[ffffffff-ffff-ffff-ffff-ffffffffffff], uuid=b97f8757-8199-4fe1-856b-76133595b2ce, name=rediculous, tags=[networking, security, gateway], userMetadata={foo=bar}, status=active, user=8df7463d-94d0-4564-9037-30665f45ba47, claimed=[], encryptionCipher=aes-xts-plain, imaging=null, metrics=[readBytes=0, readRequests=0, writeBytes=0, writeRequests=0]]
[TestNG] Test testCreateAndStartServer(org.jclouds.elastichosts.ElasticHostsPeer1SanAntonioClientLiveTest) failed.
Test suite progress: tests succeeded: 110, failed: 3, skipped: 0.
[TestNG] Test testConnectivity(org.jclouds.elastichosts.ElasticHostsPeer1SanAntonioClientLiveTest) skipped.
Test suite progress: tests succeeded: 110, failed: 3, skipped: 1.
[TestNG] Test testLifeCycle(org.jclouds.elastichosts.ElasticHostsPeer1SanAntonioClientLiveTest) skipped.
Test suite progress: tests succeeded: 110, failed: 3, skipped: 2.
[TestNG] Test testSetServerConfiguration(org.jclouds.elastichosts.ElasticHostsPeer1SanAntonioClientLiveTest) skipped.
Test suite progress: tests succeeded: 110, failed: 3, skipped: 3.
[TestNG] Test testDestroyServer(org.jclouds.elastichosts.ElasticHostsPeer1SanAntonioClientLiveTest) skipped.
Test suite progress: tests succeeded: 110, failed: 3, skipped: 4.
[TestNG] Test testDestroyDrive(org.jclouds.elastichosts.ElasticHostsPeer1SanAntonioClientLiveTest) skipped.
Test suite progress: tests succeeded: 110, failed: 3, skipped: 5.
SLF4J: Failed to load class "org.slf4j.impl.StaticLoggerBinder".
SLF4J: Defaulting to no-operation (NOP) logger implementation
SLF4J: See http://www.slf4j.org/codes.html#StaticLoggerBinder for further details.
<< problem applying options to node(544d4a0b-0be1-4f41-847f-56df4ce7029b): 
org.jclouds.rest.AuthorizationException: (toor:pw[5d907853a9617cfd55fb62eae803595b]@216.152.134.111:22) (toor:pw[5d907853a9617cfd55fb62eae803595b]@216.152.134.111:22) error acquiring SSHClient(timeout=60000) (out of retries - max 5): Exhausted available authentication methods
	at org.jclouds.sshj.SshjSshClient.propagate(SshjSshClient.java:416)
	at org.jclouds.sshj.SshjSshClient.acquire(SshjSshClient.java:238)
	at org.jclouds.sshj.SshjSshClient.connect(SshjSshClient.java:257)
	at org.jclouds.compute.callables.RunScriptOnNodeUsingSsh.call(RunScriptOnNodeUsingSsh.java:80)
	at org.jclouds.compute.strategy.RunScriptOnNodeAndAddToGoodMapOrPutExceptionIntoBadMap.call(RunScriptOnNodeAndAddToGoodMapOrPutExceptionIntoBadMap.java:69)
	at org.jclouds.compute.strategy.RunScriptOnNodeAndAddToGoodMapOrPutExceptionIntoBadMap.call(RunScriptOnNodeAndAddToGoodMapOrPutExceptionIntoBadMap.java:44)
	at java.util.concurrent.FutureTask$Sync.innerRun(FutureTask.java:303)
	at java.util.concurrent.FutureTask.run(FutureTask.java:138)
	at java.util.concurrent.ThreadPoolExecutor$Worker.runTask(ThreadPoolExecutor.java:886)
	at java.util.concurrent.ThreadPoolExecutor$Worker.run(ThreadPoolExecutor.java:908)
	at java.lang.Thread.run(Thread.java:680)
Caused by: net.schmizz.sshj.userauth.UserAuthException: Exhausted available authentication methods
	at net.schmizz.sshj.userauth.UserAuthImpl.authenticate(UserAuthImpl.java:114)
	at net.schmizz.sshj.SSHClient.auth(SSHClient.java:204)
	at net.schmizz.sshj.SSHClient.auth(SSHClient.java:189)
	at net.schmizz.sshj.SSHClient.authPassword(SSHClient.java:265)
	at net.schmizz.sshj.SSHClient.authPassword(SSHClient.java:235)
	at net.schmizz.sshj.SSHClient.authPassword(SSHClient.java:219)
	at org.jclouds.sshj.SshjSshClient$1.create(SshjSshClient.java:203)
	at org.jclouds.sshj.SshjSshClient$1.create(SshjSshClient.java:179)
	at org.jclouds.sshj.SshjSshClient.acquire(SshjSshClient.java:228)
	... 9 more
Caused by: net.schmizz.sshj.userauth.UserAuthException: keyboard-interactive auth not allowed by server
	at net.schmizz.sshj.userauth.UserAuthImpl.authenticate(UserAuthImpl.java:81)
	... 17 more
[TestNG] Test testAScriptExecutionAfterBootWithBasicTemplate(org.jclouds.elastichosts.compute.ElasticHostsPeer1SanAntonioComputeServiceLiveTest) succeeded: 1229869ms
Test suite progress: tests succeeded: 111, failed: 3, skipped: 5.
Starting test testCreateTwoNodesWithRunScript(org.jclouds.elastichosts.compute.ElasticHostsPeer1SanAntonioComputeServiceLiveTest)
[TestNG] Test testCreateTwoNodesWithRunScript(org.jclouds.elastichosts.compute.ElasticHostsPeer1SanAntonioComputeServiceLiveTest) succeeded: 131155ms
Test suite progress: tests succeeded: 112, failed: 3, skipped: 5.
Starting test testTemplateMatch(org.jclouds.elastichosts.compute.ElasticHostsPeer1SanAntonioComputeServiceLiveTest)
[TestNG] Test testTemplateMatch(org.jclouds.elastichosts.compute.ElasticHostsPeer1SanAntonioComputeServiceLiveTest) succeeded: 7ms
Test suite progress: tests succeeded: 113, failed: 3, skipped: 5.
Starting test testCreateAnotherNodeWithANewContextToEnsureSharedMemIsntRequired(org.jclouds.elastichosts.compute.ElasticHostsPeer1SanAntonioComputeServiceLiveTest)
Mar 8, 2012 8:19:00 AM org.jclouds.compute.BaseComputeServiceLiveTest testCreateAnotherNodeWithANewContextToEnsureSharedMemIsntRequired
INFO: creating another node based on existing nodes' location: [id=elastichosts-sat-p, scope=PROVIDER, description=https://api.sat-p.elastichosts.com, parent=null, iso3166Codes=[US-TX], metadata={}]
[TestNG] Test testCreateAnotherNodeWithANewContextToEnsureSharedMemIsntRequired(org.jclouds.elastichosts.compute.ElasticHostsPeer1SanAntonioComputeServiceLiveTest) failed.
Test suite progress: tests succeeded: 113, failed: 4, skipped: 5.
[TestNG] Test testCredentialsCache(org.jclouds.elastichosts.compute.ElasticHostsPeer1SanAntonioComputeServiceLiveTest) skipped.
Test suite progress: tests succeeded: 113, failed: 4, skipped: 6.
[TestNG] Test testGet(org.jclouds.elastichosts.compute.ElasticHostsPeer1SanAntonioComputeServiceLiveTest) skipped.
Test suite progress: tests succeeded: 113, failed: 4, skipped: 7.
[TestNG] Test testReboot(org.jclouds.elastichosts.compute.ElasticHostsPeer1SanAntonioComputeServiceLiveTest) skipped.
Test suite progress: tests succeeded: 113, failed: 4, skipped: 8.
[TestNG] Test testSuspendResume(org.jclouds.elastichosts.compute.ElasticHostsPeer1SanAntonioComputeServiceLiveTest) skipped.
Test suite progress: tests succeeded: 113, failed: 4, skipped: 9.
[TestNG] Test testGetNodesWithDetails(org.jclouds.elastichosts.compute.ElasticHostsPeer1SanAntonioComputeServiceLiveTest) skipped.
Test suite progress: tests succeeded: 113, failed: 4, skipped: 10.
[TestNG] Test testListNodes(org.jclouds.elastichosts.compute.ElasticHostsPeer1SanAntonioComputeServiceLiveTest) skipped.
Test suite progress: tests succeeded: 113, failed: 4, skipped: 11.
[TestNG] Test testDestroyNodes(org.jclouds.elastichosts.compute.ElasticHostsPeer1SanAntonioComputeServiceLiveTest) skipped.
Test suite progress: tests succeeded: 113, failed: 4, skipped: 12.
Tests run: 129, Failures: 4, Errors: 0, Skipped: 12, Time elapsed: 2,121.632 sec <<< FAILURE!

Results :

Failed tests:   testCreateAndRunAService(org.jclouds.elastichosts.compute.ElasticHostsPeer1SanAntonioComputeServiceLiveTest): error running 1 node group(elastichosts-s) location(elastichosts-sat-p) image(8d8aee18-8744-452c-94b2-69a2a34b8460) size(cpu=1000.000000,ram=512,disk=1.000000) options([inboundPorts=[22, 8080], privateKey=false, publicKey=false, runScript=false, blockUntilRunning=true, blockOnComplete=true, port:seconds=22:300, userMetadata: {Name=elastichosts-s}])
  testWeCopyADriveContentsViaGzip(org.jclouds.elastichosts.ElasticHostsPeer1SanAntonioClientLiveTest): Operation failed: drive in use
  testCreateAndStartServer(org.jclouds.elastichosts.ElasticHostsPeer1SanAntonioClientLiveTest): [size=1073741824, claimType=shared, readers=[ffffffff-ffff-ffff-ffff-ffffffffffff], uuid=b97f8757-8199-4fe1-856b-76133595b2ce, name=rediculous, tags=[networking, security, gateway], userMetadata={foo=bar}, status=active, user=8df7463d-94d0-4564-9037-30665f45ba47, claimed=[0027e21e-eb41-479a-bbb5-0b9426c8e555:imaging:5377], encryptionCipher=aes-xts-plain, imaging=null, metrics=[readBytes=4096, readRequests=1, writeBytes=4096, writeRequests=1]]
  testCreateAnotherNodeWithANewContextToEnsureSharedMemIsntRequired(org.jclouds.elastichosts.compute.ElasticHostsPeer1SanAntonioComputeServiceLiveTest): error running 1 node group(elastichosts-) location(elastichosts-sat-p) image(8d8aee18-8744-452c-94b2-69a2a34b8460) size(cpu=1000.000000,ram=512,disk=1.000000) options([inboundPorts=[22], privateKey=false, publicKey=false, runScript=true, blockUntilRunning=true, blockOnComplete=true, port:seconds=-1:-1, userMetadata: {}])

Tests run: 129, Failures: 4, Errors: 0, Skipped: 12

[INFO] ------------------------------------------------------------------------
[INFO] BUILD FAILURE
[INFO] ------------------------------------------------------------------------
[INFO] Total time: 35:42.485s
[INFO] Finished at: Thu Mar 08 08:30:05 PST 2012
[INFO] Final Memory: 21M/265M
[INFO] ------------------------------------------------------------------------
[ERROR] Failed to execute goal org.apache.maven.plugins:maven-surefire-plugin:2.10:test (integration) on project elastichosts-sat-p: There are test failures.
[ERROR] 
[ERROR] Please refer to /Users/adriancole/workspace/git/1.4.x/jclouds/providers/elastichosts-sat-p/target/surefire-reports for the individual test results.
[ERROR] -> [Help 1]
[ERROR] 
[ERROR] To see the full stack trace of the errors, re-run Maven with the -e switch.
[ERROR] Re-run Maven using the -X switch to enable full debug logging.
[ERROR] 
[ERROR] For more information about the errors and possible solutions, please read the following articles:
[ERROR] [Help 1] http://cwiki.apache.org/confluence/display/MAVEN/MojoFailureException
