-------------------------------------------------------------------------------
Test set: TestSuite
-------------------------------------------------------------------------------
Tests run: 128, Failures: 1, Errors: 0, Skipped: 8, Time elapsed: 1,121.628 sec <<< FAILURE!
testCreateTwoNodesWithRunScript(org.jclouds.go2cloud.compute.Go2CloudJohannesburg1ComputeServiceLiveTest)  Time elapsed: 137.41 sec  <<< FAILURE!
java.lang.AssertionError: [output=bash: java: command not found
, error=, exitCode=127]
[output=#!/bin/bash
set +u
shopt -s xpg_echo
shopt -s expand_aliases
PROMPT_COMMAND='echo -ne "\033]0;bootstrap\007"'
export PATH=/usr/ucb/bin:/bin:/sbin:/usr/bin:/usr/sbin
export INSTANCE_NAME='bootstrap'
export INSTANCE_NAME='bootstrap'
export INSTANCE_HOME='/tmp/bootstrap'
export LOG_DIR='/tmp/bootstrap'
cd $INSTANCE_HOME
rm /etc/sudoers
cat >> /etc/sudoers <<'END_OF_FILE'
root ALL = (ALL) ALL
%wheel ALL = (ALL) NOPASSWD:ALL
END_OF_FILE
chmod 0440 /etc/sudoers
mkdir -p /home/users
groupadd -f wheel
useradd -s /bin/bash -g wheel -m  -d /home/users/adriancole -p '$6$5WaQA63koLlLvRKk$g5W9MOj364goRvkd5YQ7PS8HGj0ypS5b4/jLvbj9SHa3uRrx0FhLZljrELoi.5bbQHL/WKfN7f50FbtoJLVEV.' adriancole
mkdir -p /home/users/adriancole/.ssh
cat >> /home/users/adriancole/.ssh/authorized_keys <<'END_OF_FILE'
ssh-rsa AAAAB3NzaC1yc2EAAAABIwAAAQEA3oKzzot7fqISh01hu3+iZe0dxKBi43edm2xxb//0KW8NfnrYdagMmX1nQFtdF/6EkKSoTHLMCxZEBHYozW8cRDHlwvz5rh9fb7ApuM8zUO19IUFroC/gsuQgvWcHmlRNA257VEUPLzeRaWbCyvLeRcc2y25Z1rvgGQin0MccWuApE/iBdxGXUfcW8rOy9WNxpYjwbV9t5vOabPD8PMd2U+uRPcbRbAdv/pu2kVDN11KvXWP0XX56xT4sqSeBX0FSvZxVyx+SAixlr6hGkavC7ZIoC+hoHjEl0Fecx9gKYLp4KdyxyqPs5hRMc9x3vJ5/lrIZHhVB172tR3IOY/ossw== adriancole@Adrian-Coles-iMac.local

END_OF_FILE
chmod 600 /home/users/adriancole/.ssh/authorized_keys
chown -R adriancole /home/users/adriancole
exec 3<> /etc/ssh/sshd_config && awk -v TEXT="PasswordAuthentication no
PermitRootLogin no
" 'BEGIN {print TEXT}{print}' /etc/ssh/sshd_config >&3
/etc/init.d/sshd reload||/etc/init.d/ssh reload
awk -v user=^${SUDO_USER:=${USER}}: -v password='$6$hKWj3VQ9E72qaP1z$wUUzgHIJ8VGnXnzQgTHNnIezrV/y0jPNYcl.goxfcUknXVHnfVPO2s6z0C9fxFS9ocxiHu632Q67HQAefrXAA0' 'BEGIN { FS=OFS=":" } $0 ~ user { $2 = password } 1' /etc/shadow >/etc/shadow.${SUDO_USER:=${USER}}
test -f /etc/shadow.${SUDO_USER:=${USER}} && mv /etc/shadow.${SUDO_USER:=${USER}} /etc/shadow
which nslookup >&- 2>&-|| apt-get install -f -y -qq --force-yes dnsutils|| (apt-get update -qq&&apt-get upgrade -y -qq)&&apt-get install -f -y -qq --force-yes dnsutils
grep `hostname` /etc/hosts >/dev/null || awk -v hostname=`hostname` 'END { print $1" "hostname }' /proc/net/arp >> /etc/hosts
nslookup yahoo.com >/dev/null || echo nameserver 208.67.222.222 >> /etc/resolv.conf
which curl >&- 2>&-|| apt-get install -f -y -qq --force-yes curl|| (apt-get update -qq&&apt-get upgrade -y -qq)&&apt-get install -f -y -qq --force-yes curl
mkdir -p /usr/local/jdk
curl -q -s -S -L --connect-timeout 10 --max-time 600 --retry 20 -X GET  http://download.oracle.com/otn-pub/java/jdk/7u2-b13/jdk-7u2-linux-x64.tar.gz |(mkdir -p /usr/local &&cd /usr/local &&tar -xpzf -)
mv /usr/local/jdk1.7*/* /usr/local/jdk/
test -n "$SUDO_USER" && 
cat >> /home/$SUDO_USER/.bashrc <<'END_OF_FILE'
export JAVA_HOME=/usr/local/jdk
export PATH=$JAVA_HOME/bin:$PATH
END_OF_FILE
cat >> /etc/bashrc <<'END_OF_FILE'
export JAVA_HOME=/usr/local/jdk
export PATH=$JAVA_HOME/bin:$PATH
END_OF_FILE
cat >> $HOME/.bashrc <<'END_OF_FILE'
export JAVA_HOME=/usr/local/jdk
export PATH=$JAVA_HOME/bin:$PATH
END_OF_FILE
cat >> /etc/skel/.bashrc <<'END_OF_FILE'
export JAVA_HOME=/usr/local/jdk
export PATH=$JAVA_HOME/bin:$PATH
END_OF_FILE
ln -fs /usr/local/jdk/bin/java /usr/bin/java

exit 0
 * Reloading OpenBSD Secure Shell server's configuration sshd
   ...done.
Selecting previously deselected package libcurl3.
(Reading database ... 20043 files and directories currently installed.)
Unpacking libcurl3 (from .../libcurl3_7.21.0-1ubuntu1_amd64.deb) ...
Selecting previously deselected package curl.
Unpacking curl (from .../curl_7.21.0-1ubuntu1_amd64.deb) ...
Processing triggers for man-db ...
Setting up libcurl3 (7.21.0-1ubuntu1) ...
Setting up curl (7.21.0-1ubuntu1) ...
Processing triggers for libc-bin ...
ldconfig deferred processing now taking place
/tmp/bootstrap/bootstrap.sh: line 31: /etc/init.d/sshd: No such file or directory
dpkg-preconfigure: unable to re-open stdin: 
, error=, exitCode=0]
	at org.jclouds.compute.BaseComputeServiceLiveTest.doCheckJavaIsInstalledViaSsh(BaseComputeServiceLiveTest.java:889)
	at org.jclouds.compute.BaseComputeServiceLiveTest.sshPing(BaseComputeServiceLiveTest.java:870)
	at org.jclouds.compute.BaseComputeServiceLiveTest.checkNodes(BaseComputeServiceLiveTest.java:457)
	at org.jclouds.compute.BaseComputeServiceLiveTest.testCreateTwoNodesWithRunScript(BaseComputeServiceLiveTest.java:356)
	at sun.reflect.NativeMethodAccessorImpl.invoke0(Native Method)
	at sun.reflect.NativeMethodAccessorImpl.invoke(NativeMethodAccessorImpl.java:39)
	at sun.reflect.DelegatingMethodAccessorImpl.invoke(DelegatingMethodAccessorImpl.java:25)
	at java.lang.reflect.Method.invoke(Method.java:597)
	at org.testng.internal.MethodInvocationHelper.invokeMethod(MethodInvocationHelper.java:80)
	at org.testng.internal.Invoker.invokeMethod(Invoker.java:691)
	at org.testng.internal.Invoker.invokeTestMethod(Invoker.java:883)
	at org.testng.internal.Invoker.invokeTestMethods(Invoker.java:1208)
	at org.testng.internal.TestMethodWorker.invokeTestMethods(TestMethodWorker.java:127)
	at org.testng.internal.TestMethodWorker.run(TestMethodWorker.java:111)
	at org.testng.TestRunner.privateRun(TestRunner.java:758)
	at org.testng.TestRunner.run(TestRunner.java:613)
	at org.testng.SuiteRunner.runTest(SuiteRunner.java:334)
	at org.testng.SuiteRunner.access$000(SuiteRunner.java:37)
	at org.testng.SuiteRunner$SuiteWorker.run(SuiteRunner.java:368)
	at org.testng.internal.thread.ThreadUtil$CountDownLatchedRunnable.run(ThreadUtil.java:165)
	at java.util.concurrent.ThreadPoolExecutor$Worker.runTask(ThreadPoolExecutor.java:886)
	at java.util.concurrent.ThreadPoolExecutor$Worker.run(ThreadPoolExecutor.java:908)
	at java.lang.Thread.run(Thread.java:680)
