[INFO] Scanning for projects...
[WARNING] 
[WARNING] Some problems were encountered while building the effective model for org.jclouds.provider:gogrid:bundle:1.4.0-SNAPSHOT
[WARNING] 'parent.relativePath' of POM org.jclouds:jclouds-project:1.4.0-SNAPSHOT (/Users/adriancole/workspace/git/1.4.x/jclouds/project/pom.xml) points at org.jclouds:jclouds-multi instead of org.sonatype.oss:oss-parent, please verify your project structure @ org.jclouds:jclouds-project:1.4.0-SNAPSHOT, /Users/adriancole/workspace/git/1.4.x/jclouds/project/pom.xml, line 24, column 13
[WARNING] 
[WARNING] It is highly recommended to fix these problems because they threaten the stability of your build.
[WARNING] 
[WARNING] For this reason, future Maven versions might no longer support building such malformed projects.
[WARNING] 
[INFO]                                                                         
[INFO] ------------------------------------------------------------------------
[INFO] Building jclouds GoGrid provider 1.4.0-SNAPSHOT
[INFO] ------------------------------------------------------------------------
[INFO] 
[INFO] --- maven-clean-plugin:2.4.1:clean (default-clean) @ gogrid ---
[INFO] 
[INFO] --- maven-enforcer-plugin:1.0.1:enforce (enforce-maven) @ gogrid ---
[INFO] 
[INFO] --- maven-enforcer-plugin:1.0.1:enforce (enforce-banned-dependencies) @ gogrid ---
[INFO] 
[INFO] --- maven-enforcer-plugin:1.0.1:enforce (enforce-java) @ gogrid ---
[INFO] 
[INFO] --- maven-remote-resources-plugin:1.2:process (process-remote-resources) @ gogrid ---
[INFO] Setting property: classpath.resource.loader.class => 'org.codehaus.plexus.velocity.ContextClassLoaderResourceLoader'.
[INFO] Setting property: velocimacro.messages.on => 'false'.
[INFO] Setting property: resource.loader => 'classpath'.
[INFO] Setting property: resource.manager.logwhenfound => 'false'.
[INFO] 
[INFO] --- maven-resources-plugin:2.4.2:resources (default-resources) @ gogrid ---
[INFO] Using 'UTF-8' encoding to copy filtered resources.
[INFO] skip non existing resourceDirectory /Users/adriancole/workspace/git/1.4.x/jclouds/providers/gogrid/src/main/clojure
[INFO] Copying 1 resource
[INFO] Copying 2 resources
[INFO] 
[INFO] --- maven-compiler-plugin:2.3:compile (default-compile) @ gogrid ---
[INFO] Compiling 83 source files to /Users/adriancole/workspace/git/1.4.x/jclouds/providers/gogrid/target/classes
[INFO] 
[INFO] --- maven-resources-plugin:2.4.2:testResources (default-testResources) @ gogrid ---
[INFO] Using 'UTF-8' encoding to copy filtered resources.
[INFO] skip non existing resourceDirectory /Users/adriancole/workspace/git/1.4.x/jclouds/providers/gogrid/src/test/clojure
[INFO] Copying 7 resources
[INFO] Copying 2 resources
[INFO] 
[INFO] --- maven-compiler-plugin:2.3:testCompile (default-testCompile) @ gogrid ---
[INFO] Compiling 28 source files to /Users/adriancole/workspace/git/1.4.x/jclouds/providers/gogrid/target/test-classes
[INFO] 
[INFO] --- maven-surefire-plugin:2.10:test (default-test) @ gogrid ---
[INFO] Surefire report directory: /Users/adriancole/workspace/git/1.4.x/jclouds/providers/gogrid/target/surefire-reports
[INFO] Using configured provider org.apache.maven.surefire.testng.TestNGProvider

-------------------------------------------------------
 T E S T S
-------------------------------------------------------
Running TestSuite
Starting test testWithPrimitive(org.jclouds.gogrid.binders.BindIdsToQueryParamsTest)
Starting test testWithWrapper(org.jclouds.gogrid.binders.BindIdsToQueryParamsTest)
[pool-2-thread-2] Test testWithWrapper(org.jclouds.gogrid.binders.BindIdsToQueryParamsTest) succeeded: 116ms
Test suite progress: tests succeeded: 1, failed: 0, skipped: 0.
[pool-2-thread-1] Test testWithPrimitive(org.jclouds.gogrid.binders.BindIdsToQueryParamsTest) succeeded: 156ms
Test suite progress: tests succeeded: 2, failed: 0, skipped: 0.
Starting test testBinding(org.jclouds.gogrid.binders.BindNamesToQueryParamsTest)
[pool-3-thread-1] Test testBinding(org.jclouds.gogrid.binders.BindNamesToQueryParamsTest) succeeded: 2ms
Test suite progress: tests succeeded: 3, failed: 0, skipped: 0.
Starting test testAllStatusCovered(org.jclouds.gogrid.compute.config.GoGridComputeServiceContextModuleTest)
[pool-4-thread-1] Test testAllStatusCovered(org.jclouds.gogrid.compute.config.GoGridComputeServiceContextModuleTest) succeeded: 31ms
Test suite progress: tests succeeded: 4, failed: 0, skipped: 0.
Starting test testApplySetsTagFromNameAndCredentialsFromName(org.jclouds.gogrid.compute.functions.ServerToNodeMetadataTest)
[pool-5-thread-1] Test testApplySetsTagFromNameAndCredentialsFromName(org.jclouds.gogrid.compute.functions.ServerToNodeMetadataTest) succeeded: 396ms
Test suite progress: tests succeeded: 5, failed: 0, skipped: 0.
Starting test testAs(org.jclouds.gogrid.compute.options.GoGridTemplateOptionsTest)
[pool-6-thread-1] Test testAs(org.jclouds.gogrid.compute.options.GoGridTemplateOptionsTest) succeeded: 4ms
Test suite progress: tests succeeded: 6, failed: 0, skipped: 0.
Starting test testFailWhenTooManyPasswords(org.jclouds.gogrid.functions.ParseCredentialsFromJsonResponseTest)
Starting test testValid(org.jclouds.gogrid.functions.ParseCredentialsFromJsonResponseTest)
[pool-7-thread-1] Test testFailWhenTooManyPasswords(org.jclouds.gogrid.functions.ParseCredentialsFromJsonResponseTest) succeeded: 104ms
Test suite progress: tests succeeded: 7, failed: 0, skipped: 0.
[pool-7-thread-2] Test testValid(org.jclouds.gogrid.functions.ParseCredentialsFromJsonResponseTest) succeeded: 103ms
Test suite progress: tests succeeded: 8, failed: 0, skipped: 0.
Starting test testApplyInputStreamDetails(org.jclouds.gogrid.functions.ParseErrorFromJsonResponseTest)
[pool-8-thread-1] Test testApplyInputStreamDetails(org.jclouds.gogrid.functions.ParseErrorFromJsonResponseTest) succeeded: 4ms
Test suite progress: tests succeeded: 9, failed: 0, skipped: 0.
Starting test testApplyInputStreamDetails(org.jclouds.gogrid.functions.ParseJobsFromJsonResponseTest)
[pool-9-thread-1] Test testApplyInputStreamDetails(org.jclouds.gogrid.functions.ParseJobsFromJsonResponseTest) succeeded: 14ms
Test suite progress: tests succeeded: 10, failed: 0, skipped: 0.
Starting test testApplyInputStreamDetails(org.jclouds.gogrid.functions.ParseLoadBalancersFromJsonResponseTest)
[pool-10-thread-1] Test testApplyInputStreamDetails(org.jclouds.gogrid.functions.ParseLoadBalancersFromJsonResponseTest) succeeded: 13ms
Test suite progress: tests succeeded: 11, failed: 0, skipped: 0.
Starting test testApplyInputStreamDetails(org.jclouds.gogrid.functions.ParseServerNameToCredentialsMapFromJsonResponseTest)
[pool-11-thread-1] Test testApplyInputStreamDetails(org.jclouds.gogrid.functions.ParseServerNameToCredentialsMapFromJsonResponseTest) succeeded: 7ms
Test suite progress: tests succeeded: 12, failed: 0, skipped: 0.
Starting test testApplyInputStreamDetails(org.jclouds.gogrid.functions.ParseServersFromJsonResponseTest)
[pool-12-thread-1] Test testApplyInputStreamDetails(org.jclouds.gogrid.functions.ParseServersFromJsonResponseTest) succeeded: 4ms
Test suite progress: tests succeeded: 13, failed: 0, skipped: 0.
Starting test testSync(org.jclouds.gogrid.GoGridAsyncClientTest)
Starting test testAsync(org.jclouds.gogrid.GoGridAsyncClientTest)
[pool-13-thread-1] Test testAsync(org.jclouds.gogrid.GoGridAsyncClientTest) succeeded: 153ms
Test suite progress: tests succeeded: 14, failed: 0, skipped: 0.
[pool-13-thread-2] Test testSync(org.jclouds.gogrid.GoGridAsyncClientTest) succeeded: 157ms
Test suite progress: tests succeeded: 15, failed: 0, skipped: 0.
Starting test testAllContains(org.jclouds.gogrid.GoGridProviderTest)
Starting test testInRestProperties(org.jclouds.gogrid.GoGridProviderTest)
Starting test testOfTypeContains(org.jclouds.gogrid.GoGridProviderTest)
Starting test testWithId(org.jclouds.gogrid.GoGridProviderTest)
[pool-14-thread-4] Test testWithId(org.jclouds.gogrid.GoGridProviderTest) succeeded: 2ms
Test suite progress: tests succeeded: 16, failed: 0, skipped: 0.
[pool-14-thread-3] Test testOfTypeContains(org.jclouds.gogrid.GoGridProviderTest) succeeded: 9ms
Test suite progress: tests succeeded: 17, failed: 0, skipped: 0.
[pool-14-thread-1] Test testAllContains(org.jclouds.gogrid.GoGridProviderTest) succeeded: 15ms
Test suite progress: tests succeeded: 18, failed: 0, skipped: 0.
[pool-14-thread-2] Test testInRestProperties(org.jclouds.gogrid.GoGridProviderTest) succeeded: 35ms
Test suite progress: tests succeeded: 19, failed: 0, skipped: 0.
Starting test testHandler(org.jclouds.gogrid.handlers.GoGridErrorHandlerTest)
[pool-15-thread-1] Test testHandler(org.jclouds.gogrid.handlers.GoGridErrorHandlerTest) succeeded: 9ms
Test suite progress: tests succeeded: 20, failed: 0, skipped: 0.
Starting test testAsSandboxType(org.jclouds.gogrid.options.AddServerOptionsTest)
Starting test testAssignability(org.jclouds.gogrid.options.AddServerOptionsTest)
Starting test testNullWithDescription(org.jclouds.gogrid.options.AddServerOptionsTest)
Starting test testAsSandboxTypeStatic(org.jclouds.gogrid.options.AddServerOptionsTest)
Starting test testWith500LengthDescription(org.jclouds.gogrid.options.AddServerOptionsTest)
[pool-16-thread-3] Test testAssignability(org.jclouds.gogrid.options.AddServerOptionsTest) succeeded: 2ms
Test suite progress: tests succeeded: 21, failed: 0, skipped: 0.
Starting test testWith501LengthDescription(org.jclouds.gogrid.options.AddServerOptionsTest)
[pool-16-thread-3] Test testWith501LengthDescription(org.jclouds.gogrid.options.AddServerOptionsTest) succeeded: 0ms
Test suite progress: tests succeeded: 22, failed: 0, skipped: 0.
Starting test testWithDescription(org.jclouds.gogrid.options.AddServerOptionsTest)
[pool-16-thread-2] Test testAsSandboxTypeStatic(org.jclouds.gogrid.options.AddServerOptionsTest) succeeded: 7ms
Test suite progress: tests succeeded: 23, failed: 0, skipped: 0.
Starting test testWithDescriptionNPE(org.jclouds.gogrid.options.AddServerOptionsTest)
[pool-16-thread-3] Test testWithDescription(org.jclouds.gogrid.options.AddServerOptionsTest) succeeded: 2ms
Test suite progress: tests succeeded: 24, failed: 0, skipped: 0.
Starting test testWithDescriptionStatic(org.jclouds.gogrid.options.AddServerOptionsTest)
[pool-16-thread-3] Test testWithDescriptionStatic(org.jclouds.gogrid.options.AddServerOptionsTest) succeeded: 0ms
Test suite progress: tests succeeded: 25, failed: 0, skipped: 0.
[pool-16-thread-1] Test testAsSandboxType(org.jclouds.gogrid.options.AddServerOptionsTest) succeeded: 15ms
Test suite progress: tests succeeded: 26, failed: 0, skipped: 0.
[pool-16-thread-5] Test testWith500LengthDescription(org.jclouds.gogrid.options.AddServerOptionsTest) succeeded: 8ms
Test suite progress: tests succeeded: 27, failed: 0, skipped: 0.
[pool-16-thread-4] Test testNullWithDescription(org.jclouds.gogrid.options.AddServerOptionsTest) succeeded: 10ms
Test suite progress: tests succeeded: 28, failed: 0, skipped: 0.
[pool-16-thread-2] Test testWithDescriptionNPE(org.jclouds.gogrid.options.AddServerOptionsTest) succeeded: 6ms
Test suite progress: tests succeeded: 29, failed: 0, skipped: 0.
Starting test testPredicate(org.jclouds.gogrid.predicates.ServerLatestJobCompletedTest)
[pool-17-thread-1] Test testPredicate(org.jclouds.gogrid.predicates.ServerLatestJobCompletedTest) succeeded: 22ms
Test suite progress: tests succeeded: 30, failed: 0, skipped: 0.
Starting test testEditImageDescription(org.jclouds.gogrid.services.GridImageAsyncClientTest)
Starting test testGetImagesByName(org.jclouds.gogrid.services.GridImageAsyncClientTest)
Starting test testGetImageListWithOptions(org.jclouds.gogrid.services.GridImageAsyncClientTest)
Starting test testEditImageFriendlyName(org.jclouds.gogrid.services.GridImageAsyncClientTest)
[pool-18-thread-1] Test testEditImageDescription(org.jclouds.gogrid.services.GridImageAsyncClientTest) succeeded: 44ms
Test suite progress: tests succeeded: 31, failed: 0, skipped: 0.
[pool-18-thread-3] Test testGetImageListWithOptions(org.jclouds.gogrid.services.GridImageAsyncClientTest) succeeded: 44ms
Test suite progress: tests succeeded: 32, failed: 0, skipped: 0.
[pool-18-thread-4] Test testGetImagesByName(org.jclouds.gogrid.services.GridImageAsyncClientTest) succeeded: 47ms
Test suite progress: tests succeeded: 33, failed: 0, skipped: 0.
[pool-18-thread-2] Test testEditImageFriendlyName(org.jclouds.gogrid.services.GridImageAsyncClientTest) succeeded: 44ms
Test suite progress: tests succeeded: 34, failed: 0, skipped: 0.
Starting test testGetAssignedIpList(org.jclouds.gogrid.services.GridIpAsyncClientTest)
Starting test testGetIpListWithOptions(org.jclouds.gogrid.services.GridIpAsyncClientTest)
[pool-19-thread-2] Test testGetIpListWithOptions(org.jclouds.gogrid.services.GridIpAsyncClientTest) succeeded: 7ms
Test suite progress: tests succeeded: 35, failed: 0, skipped: 0.
[pool-19-thread-1] Test testGetAssignedIpList(org.jclouds.gogrid.services.GridIpAsyncClientTest) succeeded: 13ms
Test suite progress: tests succeeded: 36, failed: 0, skipped: 0.
Starting test testGetJobsForServerName(org.jclouds.gogrid.services.GridJobAsyncClientTest)
Starting test testGetJobListWithOptions(org.jclouds.gogrid.services.GridJobAsyncClientTest)
Starting test testGetJobsById(org.jclouds.gogrid.services.GridJobAsyncClientTest)
[pool-20-thread-2] Test testGetJobListWithOptions(org.jclouds.gogrid.services.GridJobAsyncClientTest) succeeded: 5ms
Test suite progress: tests succeeded: 37, failed: 0, skipped: 0.
[pool-20-thread-3] Test testGetJobsById(org.jclouds.gogrid.services.GridJobAsyncClientTest) succeeded: 8ms
Test suite progress: tests succeeded: 38, failed: 0, skipped: 0.
[pool-20-thread-4] Test testGetJobsForServerName(org.jclouds.gogrid.services.GridJobAsyncClientTest) succeeded: 16ms
Test suite progress: tests succeeded: 39, failed: 0, skipped: 0.
Starting test testGetJobListNoOptions(org.jclouds.gogrid.services.GridJobAsyncClientTest)
[pool-20-thread-1] Test testGetJobListNoOptions(org.jclouds.gogrid.services.GridJobAsyncClientTest) succeeded: 2ms
Test suite progress: tests succeeded: 40, failed: 0, skipped: 0.
Starting test testDeleteLoadBalancerById(org.jclouds.gogrid.services.GridLoadBalancerAsyncClientTest)
Starting test testGetLoadBalancerList(org.jclouds.gogrid.services.GridLoadBalancerAsyncClientTest)
Starting test testEditLoadBalancerNamed(org.jclouds.gogrid.services.GridLoadBalancerAsyncClientTest)
Starting test testEditLoadBalancer(org.jclouds.gogrid.services.GridLoadBalancerAsyncClientTest)
[pool-21-thread-2] Test testDeleteLoadBalancerById(org.jclouds.gogrid.services.GridLoadBalancerAsyncClientTest) succeeded: 5ms
Test suite progress: tests succeeded: 41, failed: 0, skipped: 0.
Starting test testGetLoadBalancersByName(org.jclouds.gogrid.services.GridLoadBalancerAsyncClientTest)
[pool-21-thread-2] Test testGetLoadBalancersByName(org.jclouds.gogrid.services.GridLoadBalancerAsyncClientTest) succeeded: 3ms
Test suite progress: tests succeeded: 42, failed: 0, skipped: 0.
[pool-21-thread-4] Test testEditLoadBalancerNamed(org.jclouds.gogrid.services.GridLoadBalancerAsyncClientTest) succeeded: 14ms
Test suite progress: tests succeeded: 43, failed: 0, skipped: 0.
[pool-21-thread-5] Test testGetLoadBalancerList(org.jclouds.gogrid.services.GridLoadBalancerAsyncClientTest) succeeded: 18ms
Test suite progress: tests succeeded: 44, failed: 0, skipped: 0.
[pool-21-thread-3] Test testEditLoadBalancer(org.jclouds.gogrid.services.GridLoadBalancerAsyncClientTest) succeeded: 17ms
Test suite progress: tests succeeded: 45, failed: 0, skipped: 0.
Starting test testAddLoadBalancer(org.jclouds.gogrid.services.GridLoadBalancerAsyncClientTest)
[pool-21-thread-1] Test testAddLoadBalancer(org.jclouds.gogrid.services.GridLoadBalancerAsyncClientTest) succeeded: 48ms
Test suite progress: tests succeeded: 46, failed: 0, skipped: 0.
Starting test testEditServerRam(org.jclouds.gogrid.services.GridServerAsyncClientTest)
Starting test testEditServerDescription(org.jclouds.gogrid.services.GridServerAsyncClientTest)
Starting test testDeleteByName(org.jclouds.gogrid.services.GridServerAsyncClientTest)
Starting test testAddServerNoOptions(org.jclouds.gogrid.services.GridServerAsyncClientTest)
Starting test testAddServerOptions(org.jclouds.gogrid.services.GridServerAsyncClientTest)
[pool-22-thread-5] Test testEditServerRam(org.jclouds.gogrid.services.GridServerAsyncClientTest) succeeded: 14ms
Test suite progress: tests succeeded: 47, failed: 0, skipped: 0.
[pool-22-thread-4] Test testEditServerDescription(org.jclouds.gogrid.services.GridServerAsyncClientTest) succeeded: 14ms
Test suite progress: tests succeeded: 48, failed: 0, skipped: 0.
Starting test testGetRamSizes(org.jclouds.gogrid.services.GridServerAsyncClientTest)
[pool-22-thread-3] Test testDeleteByName(org.jclouds.gogrid.services.GridServerAsyncClientTest) succeeded: 11ms
Test suite progress: tests succeeded: 49, failed: 0, skipped: 0.
Starting test testGetServerListNoOptions(org.jclouds.gogrid.services.GridServerAsyncClientTest)
[pool-22-thread-3] Test testGetServerListNoOptions(org.jclouds.gogrid.services.GridServerAsyncClientTest) succeeded: 2ms
Test suite progress: tests succeeded: 50, failed: 0, skipped: 0.
Starting test testGetServerListWithOptions(org.jclouds.gogrid.services.GridServerAsyncClientTest)
[pool-22-thread-2] Test testAddServerOptions(org.jclouds.gogrid.services.GridServerAsyncClientTest) succeeded: 13ms
Test suite progress: tests succeeded: 51, failed: 0, skipped: 0.
Starting test testGetServersById(org.jclouds.gogrid.services.GridServerAsyncClientTest)
[pool-22-thread-3] Test testGetServerListWithOptions(org.jclouds.gogrid.services.GridServerAsyncClientTest) succeeded: 3ms
Test suite progress: tests succeeded: 52, failed: 0, skipped: 0.
Starting test testGetServersByName(org.jclouds.gogrid.services.GridServerAsyncClientTest)
[pool-22-thread-5] Test testGetRamSizes(org.jclouds.gogrid.services.GridServerAsyncClientTest) succeeded: 10ms
Test suite progress: tests succeeded: 53, failed: 0, skipped: 0.
Starting test testPowerServer(org.jclouds.gogrid.services.GridServerAsyncClientTest)
[pool-22-thread-5] Test testPowerServer(org.jclouds.gogrid.services.GridServerAsyncClientTest) succeeded: 3ms
Test suite progress: tests succeeded: 54, failed: 0, skipped: 0.
Starting test testServerCredentials(org.jclouds.gogrid.services.GridServerAsyncClientTest)
[pool-22-thread-5] Test testServerCredentials(org.jclouds.gogrid.services.GridServerAsyncClientTest) succeeded: 3ms
Test suite progress: tests succeeded: 55, failed: 0, skipped: 0.
Starting test testTypes(org.jclouds.gogrid.services.GridServerAsyncClientTest)
Starting test testEditServerType(org.jclouds.gogrid.services.GridServerAsyncClientTest)
[pool-22-thread-4] Test testEditServerType(org.jclouds.gogrid.services.GridServerAsyncClientTest) succeeded: 2ms
Test suite progress: tests succeeded: 56, failed: 0, skipped: 0.
[pool-22-thread-5] Test testTypes(org.jclouds.gogrid.services.GridServerAsyncClientTest) succeeded: 3ms
Test suite progress: tests succeeded: 57, failed: 0, skipped: 0.
[pool-22-thread-3] Test testGetServersByName(org.jclouds.gogrid.services.GridServerAsyncClientTest) succeeded: 14ms
Test suite progress: tests succeeded: 58, failed: 0, skipped: 0.
[pool-22-thread-2] Test testGetServersById(org.jclouds.gogrid.services.GridServerAsyncClientTest) succeeded: 16ms
Test suite progress: tests succeeded: 59, failed: 0, skipped: 0.
[pool-22-thread-1] Test testAddServerNoOptions(org.jclouds.gogrid.services.GridServerAsyncClientTest) succeeded: 36ms
Test suite progress: tests succeeded: 60, failed: 0, skipped: 0.
Tests run: 60, Failures: 0, Errors: 0, Skipped: 0, Time elapsed: 6.085 sec

Results :

Tests run: 60, Failures: 0, Errors: 0, Skipped: 0

[INFO] 
[INFO] --- clojure-maven-plugin:1.3.8:test (test-clojure) @ gogrid ---

Testing com.theoryinpractise.clojure.testrunner

Ran 0 tests containing 0 assertions.
0 failures, 0 errors.
[INFO] 
[INFO] --- maven-bundle-plugin:2.3.4:bundle (default-bundle) @ gogrid ---
[INFO] 
[INFO] --- maven-source-plugin:2.1.1:jar-no-fork (attach-sources) @ gogrid ---
[INFO] Building jar: /Users/adriancole/workspace/git/1.4.x/jclouds/providers/gogrid/target/gogrid-1.4.0-SNAPSHOT-sources.jar
[INFO] 
[INFO] --- maven-javadoc-plugin:2.8:jar (javadoc) @ gogrid ---
[INFO] Skipping javadoc generation
[INFO] 
[INFO] --- maven-jar-plugin:2.3.1:test-jar (default) @ gogrid ---
[INFO] Building jar: /Users/adriancole/workspace/git/1.4.x/jclouds/providers/gogrid/target/gogrid-1.4.0-SNAPSHOT-tests.jar
[INFO] 
[INFO] --- maven-surefire-plugin:2.10:test (integration) @ gogrid ---
[INFO] Surefire report directory: /Users/adriancole/workspace/git/1.4.x/jclouds/providers/gogrid/target/surefire-reports
[INFO] Using configured provider org.apache.maven.surefire.testng.TestNGProvider

-------------------------------------------------------
 T E S T S
-------------------------------------------------------
Running TestSuite
Starting test setServiceDefaults(org.jclouds.gogrid.compute.GoGridComputeServiceLiveTest)
[TestNG] Test setServiceDefaults(org.jclouds.gogrid.compute.GoGridComputeServiceLiveTest) succeeded: 1ms
Test suite progress: tests succeeded: 1, failed: 0, skipped: 0.
Starting test testCompareSizes(org.jclouds.gogrid.compute.GoGridComputeServiceLiveTest)
Feb 4, 2012 10:31:36 PM org.jclouds.compute.BaseComputeServiceLiveTest testCompareSizes
INFO: smallest [id=1, providerId=1, name=null, processors=[[cores=0.5, speed=1.0]], ram=512, volumes=[[id=null, type=LOCAL, size=25.0, device=null, durable=true, isBootDevice=true]], hypervisor=null, supportsImage=ALWAYS_TRUE, tags=[]]
Feb 4, 2012 10:31:36 PM org.jclouds.compute.BaseComputeServiceLiveTest testCompareSizes
INFO: fastest [id=6, providerId=6, name=null, processors=[[cores=16.0, speed=1.0]], ram=16384, volumes=[[id=null, type=LOCAL, size=800.0, device=null, durable=true, isBootDevice=true]], hypervisor=null, supportsImage=ALWAYS_TRUE, tags=[]]
Feb 4, 2012 10:31:36 PM org.jclouds.compute.BaseComputeServiceLiveTest testCompareSizes
INFO: biggest [id=6, providerId=6, name=null, processors=[[cores=16.0, speed=1.0]], ram=16384, volumes=[[id=null, type=LOCAL, size=800.0, device=null, durable=true, isBootDevice=true]], hypervisor=null, supportsImage=ALWAYS_TRUE, tags=[]]
[TestNG] Test testCompareSizes(org.jclouds.gogrid.compute.GoGridComputeServiceLiveTest) succeeded: 5272ms
Test suite progress: tests succeeded: 2, failed: 0, skipped: 0.
Starting test testCorrectAuthException(org.jclouds.gogrid.compute.GoGridComputeServiceLiveTest)
[TestNG] Test testCorrectAuthException(org.jclouds.gogrid.compute.GoGridComputeServiceLiveTest) succeeded: 395ms
Test suite progress: tests succeeded: 3, failed: 0, skipped: 0.
Starting test testCreateAndRunAService(org.jclouds.gogrid.compute.GoGridComputeServiceLiveTest)
Feb 4, 2012 10:34:38 PM org.jclouds.compute.BaseComputeServiceLiveTest testCreateAndRunAService
INFO: << available node(290894) os([name=Ubuntu 10.04 LTS (64-bit), family=ubuntu, version=10.04, arch=64 bit OS, is64Bit=true, description=Ubuntu 10.0.4 LTS Server (64-bit)]) in 180s
SLF4J: Failed to load class "org.slf4j.impl.StaticLoggerBinder".
SLF4J: Defaulting to no-operation (NOP) logger implementation
SLF4J: See http://www.slf4j.org/codes.html#StaticLoggerBinder for further details.
Feb 4, 2012 10:35:40 PM org.jclouds.compute.BaseComputeServiceLiveTest testCreateAndRunAService
INFO: << configured node(290894) with java full version "1.7.0_02-b13" and JBoss 7.0.2.Final in 55s
Feb 4, 2012 10:35:42 PM org.jclouds.compute.BaseComputeServiceLiveTest getLocationForIp
WARNING: could not get info on ip 209.132.182.31; check freegeoip
Feb 4, 2012 10:35:42 PM org.jclouds.compute.BaseComputeServiceLiveTest testCreateAndRunAService
INFO: << location of jboss7(download.jboss.org) from perpective of node(290894): 209.132.182.31
Feb 4, 2012 10:35:45 PM org.jclouds.compute.BaseComputeServiceLiveTest getLocationForIp
WARNING: could not get info on ip 204.203.18.160; check freegeoip
Feb 4, 2012 10:35:45 PM org.jclouds.compute.BaseComputeServiceLiveTest testCreateAndRunAService
INFO: << location of jdk7(download.oracle.com) from perpective of node(290894): 204.203.18.160
Feb 4, 2012 10:35:48 PM org.jclouds.compute.BaseComputeServiceLiveTest getLocationForIp
WARNING: could not get info on ip 204.51.240.179; check freegeoip
Feb 4, 2012 10:35:48 PM org.jclouds.compute.BaseComputeServiceLiveTest testCreateAndRunAService
INFO: << location of node(290894) from perspective of amazonaws: 204.51.240.179
Feb 4, 2012 10:35:56 PM org.jclouds.compute.BaseComputeServiceLiveTest trackAvailabilityOfProcessOnNode
INFO: << initial start of jboss on node(290894) [backgroundProcessMilliseconds=4434, socketOpenMilliseconds=1368, reportedStartupTimeMilliseconds=2919]
Feb 4, 2012 10:36:03 PM org.jclouds.compute.BaseComputeServiceLiveTest trackAvailabilityOfProcessOnNode
INFO: << warm start of jboss on node(290894) [backgroundProcessMilliseconds=2689, socketOpenMilliseconds=1041, reportedStartupTimeMilliseconds=2506]
[TestNG] Test testCreateAndRunAService(org.jclouds.gogrid.compute.GoGridComputeServiceLiveTest) succeeded: 299704ms
Test suite progress: tests succeeded: 4, failed: 0, skipped: 0.
Starting test testGetAssignableLocations(org.jclouds.gogrid.compute.GoGridComputeServiceLiveTest)
Feb 4, 2012 10:36:36 PM org.jclouds.compute.BaseComputeServiceLiveTest testGetAssignableLocations
WARNING: location [id=1, scope=ZONE, description=US West 1 Datacenter, parent=gogrid, iso3166Codes=[US-CA], metadata={}]
Feb 4, 2012 10:36:36 PM org.jclouds.compute.BaseComputeServiceLiveTest testGetAssignableLocations
WARNING: location [id=2, scope=ZONE, description=US East 1 Datacenter, parent=gogrid, iso3166Codes=[US-VA], metadata={}]
Feb 4, 2012 10:36:36 PM org.jclouds.compute.BaseComputeServiceLiveTest testGetAssignableLocations
WARNING: location [id=3, scope=ZONE, description=EU-West-1 Datacenter, parent=gogrid, iso3166Codes=[BR-SP], metadata={}]
[TestNG] Test testGetAssignableLocations(org.jclouds.gogrid.compute.GoGridComputeServiceLiveTest) succeeded: 1ms
Test suite progress: tests succeeded: 5, failed: 0, skipped: 0.
Starting test testImagesCache(org.jclouds.gogrid.compute.GoGridComputeServiceLiveTest)
[TestNG] Test testImagesCache(org.jclouds.gogrid.compute.GoGridComputeServiceLiveTest) succeeded: 0ms
Test suite progress: tests succeeded: 6, failed: 0, skipped: 0.
Starting test testListImages(org.jclouds.gogrid.compute.GoGridComputeServiceLiveTest)
[TestNG] Test testListImages(org.jclouds.gogrid.compute.GoGridComputeServiceLiveTest) succeeded: 0ms
Test suite progress: tests succeeded: 7, failed: 0, skipped: 0.
Starting test testListSizes(org.jclouds.gogrid.compute.GoGridComputeServiceLiveTest)
[TestNG] Test testListSizes(org.jclouds.gogrid.compute.GoGridComputeServiceLiveTest) succeeded: 0ms
Test suite progress: tests succeeded: 8, failed: 0, skipped: 0.
Starting test testOptionToNotBlock(org.jclouds.gogrid.compute.GoGridComputeServiceLiveTest)
[TestNG] Test testOptionToNotBlock(org.jclouds.gogrid.compute.GoGridComputeServiceLiveTest) succeeded: 36526ms
Test suite progress: tests succeeded: 9, failed: 0, skipped: 0.
Starting test testResizeRam(org.jclouds.gogrid.compute.GoGridComputeServiceLiveTest)
[TestNG] Test testResizeRam(org.jclouds.gogrid.compute.GoGridComputeServiceLiveTest) failed.
Test suite progress: tests succeeded: 9, failed: 1, skipped: 0.
Starting test testCorrectExceptionRunningNodesNotFound(org.jclouds.gogrid.compute.GoGridComputeServiceLiveTest)
[TestNG] Test testCorrectExceptionRunningNodesNotFound(org.jclouds.gogrid.compute.GoGridComputeServiceLiveTest) succeeded: 921ms
Test suite progress: tests succeeded: 10, failed: 1, skipped: 0.
Starting test testAScriptExecutionAfterBootWithBasicTemplate(org.jclouds.gogrid.compute.GoGridComputeServiceLiveTest)
<< problem applying options to node(290898): 
org.jclouds.rest.AuthorizationException: (root:pw[5d907853a9617cfd55fb62eae803595b]@173.204.165.115:22) (root:pw[5d907853a9617cfd55fb62eae803595b]@173.204.165.115:22) error acquiring SSHClient(timeout=60000) (not retryable): Exhausted available authentication methods
	at org.jclouds.sshj.SshjSshClient.propagate(SshjSshClient.java:416)
	at org.jclouds.sshj.SshjSshClient.acquire(SshjSshClient.java:247)
	at org.jclouds.sshj.SshjSshClient.connect(SshjSshClient.java:257)
	at org.jclouds.compute.callables.RunScriptOnNodeUsingSsh.call(RunScriptOnNodeUsingSsh.java:73)
	at org.jclouds.compute.strategy.RunScriptOnNodeAndAddToGoodMapOrPutExceptionIntoBadMap.call(RunScriptOnNodeAndAddToGoodMapOrPutExceptionIntoBadMap.java:69)
	at org.jclouds.compute.strategy.RunScriptOnNodeAndAddToGoodMapOrPutExceptionIntoBadMap.call(RunScriptOnNodeAndAddToGoodMapOrPutExceptionIntoBadMap.java:44)
	at java.util.concurrent.FutureTask$Sync.innerRun(FutureTask.java:303)
	at java.util.concurrent.FutureTask.run(FutureTask.java:138)
	at java.util.concurrent.ThreadPoolExecutor$Worker.runTask(ThreadPoolExecutor.java:886)
	at java.util.concurrent.ThreadPoolExecutor$Worker.run(ThreadPoolExecutor.java:908)
	at java.lang.Thread.run(Thread.java:680)
Caused by: net.schmizz.sshj.userauth.UserAuthException: Exhausted available authentication methods
	at net.schmizz.sshj.userauth.UserAuthImpl.authenticate(UserAuthImpl.java:114)
	at net.schmizz.sshj.SSHClient.auth(SSHClient.java:204)
	at net.schmizz.sshj.SSHClient.auth(SSHClient.java:189)
	at net.schmizz.sshj.SSHClient.authPassword(SSHClient.java:265)
	at net.schmizz.sshj.SSHClient.authPassword(SSHClient.java:235)
	at net.schmizz.sshj.SSHClient.authPassword(SSHClient.java:219)
	at org.jclouds.sshj.SshjSshClient$1.create(SshjSshClient.java:203)
	at org.jclouds.sshj.SshjSshClient$1.create(SshjSshClient.java:179)
	at org.jclouds.sshj.SshjSshClient.acquire(SshjSshClient.java:228)
	... 9 more
Caused by: net.schmizz.sshj.userauth.UserAuthException: keyboard-interactive auth not allowed by server
	at net.schmizz.sshj.userauth.UserAuthImpl.authenticate(UserAuthImpl.java:81)
	... 17 more
[TestNG] Test testAScriptExecutionAfterBootWithBasicTemplate(org.jclouds.gogrid.compute.GoGridComputeServiceLiveTest) succeeded: 260309ms
Test suite progress: tests succeeded: 11, failed: 1, skipped: 0.
Starting test testCreateTwoNodesWithRunScript(org.jclouds.gogrid.compute.GoGridComputeServiceLiveTest)
[TestNG] Test testCreateTwoNodesWithRunScript(org.jclouds.gogrid.compute.GoGridComputeServiceLiveTest) succeeded: 227826ms
Test suite progress: tests succeeded: 12, failed: 1, skipped: 0.
Starting test testTemplateMatch(org.jclouds.gogrid.compute.GoGridComputeServiceLiveTest)
[TestNG] Test testTemplateMatch(org.jclouds.gogrid.compute.GoGridComputeServiceLiveTest) succeeded: 3ms
Test suite progress: tests succeeded: 13, failed: 1, skipped: 0.
Starting test testCreateAnotherNodeWithANewContextToEnsureSharedMemIsntRequired(org.jclouds.gogrid.compute.GoGridComputeServiceLiveTest)
Feb 4, 2012 10:49:23 PM org.jclouds.compute.BaseComputeServiceLiveTest testCreateAnotherNodeWithANewContextToEnsureSharedMemIsntRequired
INFO: creating another node based on existing nodes' location: [id=1, scope=ZONE, description=US West 1 Datacenter, parent=gogrid, iso3166Codes=[US-CA], metadata={}]
[TestNG] Test testCreateAnotherNodeWithANewContextToEnsureSharedMemIsntRequired(org.jclouds.gogrid.compute.GoGridComputeServiceLiveTest) succeeded: 438711ms
Test suite progress: tests succeeded: 14, failed: 1, skipped: 0.
Starting test testCredentialsCache(org.jclouds.gogrid.compute.GoGridComputeServiceLiveTest)
[TestNG] Test testCredentialsCache(org.jclouds.gogrid.compute.GoGridComputeServiceLiveTest) succeeded: 137ms
Test suite progress: tests succeeded: 15, failed: 1, skipped: 0.
Starting test testGet(org.jclouds.gogrid.compute.GoGridComputeServiceLiveTest)
[TestNG] Test testGet(org.jclouds.gogrid.compute.GoGridComputeServiceLiveTest) succeeded: 5454ms
Test suite progress: tests succeeded: 16, failed: 1, skipped: 0.
Starting test testReboot(org.jclouds.gogrid.compute.GoGridComputeServiceLiveTest)
[TestNG] Test testReboot(org.jclouds.gogrid.compute.GoGridComputeServiceLiveTest) succeeded: 66663ms
Test suite progress: tests succeeded: 17, failed: 1, skipped: 0.
Starting test testSuspendResume(org.jclouds.gogrid.compute.GoGridComputeServiceLiveTest)
[TestNG] Test testSuspendResume(org.jclouds.gogrid.compute.GoGridComputeServiceLiveTest) succeeded: 213400ms
Test suite progress: tests succeeded: 18, failed: 1, skipped: 0.
Starting test testGetNodesWithDetails(org.jclouds.gogrid.compute.GoGridComputeServiceLiveTest)
[TestNG] Test testGetNodesWithDetails(org.jclouds.gogrid.compute.GoGridComputeServiceLiveTest) succeeded: 516ms
Test suite progress: tests succeeded: 19, failed: 1, skipped: 0.
Starting test testListNodes(org.jclouds.gogrid.compute.GoGridComputeServiceLiveTest)
[TestNG] Test testListNodes(org.jclouds.gogrid.compute.GoGridComputeServiceLiveTest) succeeded: 510ms
Test suite progress: tests succeeded: 20, failed: 1, skipped: 0.
Starting test testDestroyNodes(org.jclouds.gogrid.compute.GoGridComputeServiceLiveTest)
[TestNG] Test testDestroyNodes(org.jclouds.gogrid.compute.GoGridComputeServiceLiveTest) succeeded: 36141ms
Test suite progress: tests succeeded: 21, failed: 1, skipped: 0.
Starting test testCompareSizes(org.jclouds.gogrid.compute.GoGridTemplateBuilderLiveTest)
smallest [id=1, providerId=1, name=null, processors=[[cores=0.5, speed=1.0]], ram=512, volumes=[[id=null, type=LOCAL, size=25.0, device=null, durable=true, isBootDevice=true]], hypervisor=null, supportsImage=ALWAYS_TRUE, tags=[]]
fastest [id=6, providerId=6, name=null, processors=[[cores=16.0, speed=1.0]], ram=16384, volumes=[[id=null, type=LOCAL, size=800.0, device=null, durable=true, isBootDevice=true]], hypervisor=null, supportsImage=ALWAYS_TRUE, tags=[]]
biggest [id=6, providerId=6, name=null, processors=[[cores=16.0, speed=1.0]], ram=16384, volumes=[[id=null, type=LOCAL, size=800.0, device=null, durable=true, isBootDevice=true]], hypervisor=null, supportsImage=ALWAYS_TRUE, tags=[]]
[TestNG] Test testCompareSizes(org.jclouds.gogrid.compute.GoGridTemplateBuilderLiveTest) succeeded: 3363ms
Test suite progress: tests succeeded: 22, failed: 1, skipped: 0.
Starting test testFromTemplate(org.jclouds.gogrid.compute.GoGridTemplateBuilderLiveTest)
[TestNG] Test testFromTemplate(org.jclouds.gogrid.compute.GoGridTemplateBuilderLiveTest) succeeded: 4ms
Test suite progress: tests succeeded: 23, failed: 1, skipped: 0.
Starting test testGetAssignableLocations(org.jclouds.gogrid.compute.GoGridTemplateBuilderLiveTest)
location [id=1, scope=ZONE, description=US West 1 Datacenter, parent=gogrid, iso3166Codes=[US-CA], metadata={}]
location [id=2, scope=ZONE, description=US East 1 Datacenter, parent=gogrid, iso3166Codes=[US-VA], metadata={}]
location [id=3, scope=ZONE, description=EU-West-1 Datacenter, parent=gogrid, iso3166Codes=[BR-SP], metadata={}]
[TestNG] Test testGetAssignableLocations(org.jclouds.gogrid.compute.GoGridTemplateBuilderLiveTest) succeeded: 1ms
Test suite progress: tests succeeded: 24, failed: 1, skipped: 0.
Starting test testTemplateBuilderCanFind(org.jclouds.gogrid.compute.GoGridTemplateBuilderLiveTest)
[TestNG] Test testTemplateBuilderCanFind(org.jclouds.gogrid.compute.GoGridTemplateBuilderLiveTest) succeeded: 5ms
Test suite progress: tests succeeded: 25, failed: 1, skipped: 0.
Starting test testTemplateBuilderCanFind(org.jclouds.gogrid.compute.GoGridTemplateBuilderLiveTest)
[TestNG] Test testTemplateBuilderCanFind(org.jclouds.gogrid.compute.GoGridTemplateBuilderLiveTest) succeeded: 1ms
Test suite progress: tests succeeded: 26, failed: 1, skipped: 0.
Starting test testTemplateBuilderCanFind(org.jclouds.gogrid.compute.GoGridTemplateBuilderLiveTest)
[TestNG] Test testTemplateBuilderCanFind(org.jclouds.gogrid.compute.GoGridTemplateBuilderLiveTest) succeeded: 1ms
Test suite progress: tests succeeded: 27, failed: 1, skipped: 0.
Starting test testTemplateBuilderCanFind(org.jclouds.gogrid.compute.GoGridTemplateBuilderLiveTest)
[TestNG] Test testTemplateBuilderCanFind(org.jclouds.gogrid.compute.GoGridTemplateBuilderLiveTest) succeeded: 5ms
Test suite progress: tests succeeded: 28, failed: 1, skipped: 0.
Starting test testTemplateBuilderCanFind(org.jclouds.gogrid.compute.GoGridTemplateBuilderLiveTest)
[TestNG] Test testTemplateBuilderCanFind(org.jclouds.gogrid.compute.GoGridTemplateBuilderLiveTest) succeeded: 1ms
Test suite progress: tests succeeded: 29, failed: 1, skipped: 0.
Starting test testTemplateBuilderCanFind(org.jclouds.gogrid.compute.GoGridTemplateBuilderLiveTest)
[TestNG] Test testTemplateBuilderCanFind(org.jclouds.gogrid.compute.GoGridTemplateBuilderLiveTest) succeeded: 2ms
Test suite progress: tests succeeded: 30, failed: 1, skipped: 0.
Starting test testTemplateBuilderCanFind(org.jclouds.gogrid.compute.GoGridTemplateBuilderLiveTest)
[TestNG] Test testTemplateBuilderCanFind(org.jclouds.gogrid.compute.GoGridTemplateBuilderLiveTest) succeeded: 1ms
Test suite progress: tests succeeded: 31, failed: 1, skipped: 0.
Starting test testTemplateBuilderCanFind(org.jclouds.gogrid.compute.GoGridTemplateBuilderLiveTest)
[TestNG] Test testTemplateBuilderCanFind(org.jclouds.gogrid.compute.GoGridTemplateBuilderLiveTest) succeeded: 0ms
Test suite progress: tests succeeded: 32, failed: 1, skipped: 0.
Starting test testTemplateBuilderCanFind(org.jclouds.gogrid.compute.GoGridTemplateBuilderLiveTest)
[TestNG] Test testTemplateBuilderCanFind(org.jclouds.gogrid.compute.GoGridTemplateBuilderLiveTest) succeeded: 1ms
Test suite progress: tests succeeded: 33, failed: 1, skipped: 0.
Starting test testTemplateBuilderCanFind(org.jclouds.gogrid.compute.GoGridTemplateBuilderLiveTest)
[TestNG] Test testTemplateBuilderCanFind(org.jclouds.gogrid.compute.GoGridTemplateBuilderLiveTest) succeeded: 3ms
Test suite progress: tests succeeded: 34, failed: 1, skipped: 0.
Starting test testTemplateBuilderCanFind(org.jclouds.gogrid.compute.GoGridTemplateBuilderLiveTest)
[TestNG] Test testTemplateBuilderCanFind(org.jclouds.gogrid.compute.GoGridTemplateBuilderLiveTest) succeeded: 1ms
Test suite progress: tests succeeded: 35, failed: 1, skipped: 0.
Starting test testTemplateBuilderCanFind(org.jclouds.gogrid.compute.GoGridTemplateBuilderLiveTest)
[TestNG] Test testTemplateBuilderCanFind(org.jclouds.gogrid.compute.GoGridTemplateBuilderLiveTest) succeeded: 1ms
Test suite progress: tests succeeded: 36, failed: 1, skipped: 0.
Starting test testTemplateBuilderCanFind(org.jclouds.gogrid.compute.GoGridTemplateBuilderLiveTest)
[TestNG] Test testTemplateBuilderCanFind(org.jclouds.gogrid.compute.GoGridTemplateBuilderLiveTest) succeeded: 1ms
Test suite progress: tests succeeded: 37, failed: 1, skipped: 0.
Starting test testTemplateBuilderCanFind(org.jclouds.gogrid.compute.GoGridTemplateBuilderLiveTest)
[TestNG] Test testTemplateBuilderCanFind(org.jclouds.gogrid.compute.GoGridTemplateBuilderLiveTest) succeeded: 5ms
Test suite progress: tests succeeded: 38, failed: 1, skipped: 0.
Starting test testTemplateBuilderCanFind(org.jclouds.gogrid.compute.GoGridTemplateBuilderLiveTest)
[TestNG] Test testTemplateBuilderCanFind(org.jclouds.gogrid.compute.GoGridTemplateBuilderLiveTest) succeeded: 3ms
Test suite progress: tests succeeded: 39, failed: 1, skipped: 0.
Starting test testTemplateBuilderCanFind(org.jclouds.gogrid.compute.GoGridTemplateBuilderLiveTest)
[TestNG] Test testTemplateBuilderCanFind(org.jclouds.gogrid.compute.GoGridTemplateBuilderLiveTest) succeeded: 4ms
Test suite progress: tests succeeded: 40, failed: 1, skipped: 0.
Starting test testTemplateBuilderCanFind(org.jclouds.gogrid.compute.GoGridTemplateBuilderLiveTest)
[TestNG] Test testTemplateBuilderCanFind(org.jclouds.gogrid.compute.GoGridTemplateBuilderLiveTest) succeeded: 0ms
Test suite progress: tests succeeded: 41, failed: 1, skipped: 0.
Starting test testTemplateBuilderCanFind(org.jclouds.gogrid.compute.GoGridTemplateBuilderLiveTest)
[TestNG] Test testTemplateBuilderCanFind(org.jclouds.gogrid.compute.GoGridTemplateBuilderLiveTest) succeeded: 1ms
Test suite progress: tests succeeded: 42, failed: 1, skipped: 0.
Starting test testTemplateBuilderCanFind(org.jclouds.gogrid.compute.GoGridTemplateBuilderLiveTest)
[TestNG] Test testTemplateBuilderCanFind(org.jclouds.gogrid.compute.GoGridTemplateBuilderLiveTest) succeeded: 1ms
Test suite progress: tests succeeded: 43, failed: 1, skipped: 0.
Starting test testTemplateBuilderCanFind(org.jclouds.gogrid.compute.GoGridTemplateBuilderLiveTest)
[TestNG] Test testTemplateBuilderCanFind(org.jclouds.gogrid.compute.GoGridTemplateBuilderLiveTest) succeeded: 2ms
Test suite progress: tests succeeded: 44, failed: 1, skipped: 0.
Starting test testTemplateBuilderCanFind(org.jclouds.gogrid.compute.GoGridTemplateBuilderLiveTest)
[TestNG] Test testTemplateBuilderCanFind(org.jclouds.gogrid.compute.GoGridTemplateBuilderLiveTest) succeeded: 0ms
Test suite progress: tests succeeded: 45, failed: 1, skipped: 0.
Starting test testTemplateBuilderCanFind(org.jclouds.gogrid.compute.GoGridTemplateBuilderLiveTest)
[TestNG] Test testTemplateBuilderCanFind(org.jclouds.gogrid.compute.GoGridTemplateBuilderLiveTest) succeeded: 0ms
Test suite progress: tests succeeded: 46, failed: 1, skipped: 0.
Starting test testTemplateBuilderCanFind(org.jclouds.gogrid.compute.GoGridTemplateBuilderLiveTest)
[TestNG] Test testTemplateBuilderCanFind(org.jclouds.gogrid.compute.GoGridTemplateBuilderLiveTest) succeeded: 0ms
Test suite progress: tests succeeded: 47, failed: 1, skipped: 0.
Starting test testTemplateBuilderCanFind(org.jclouds.gogrid.compute.GoGridTemplateBuilderLiveTest)
[TestNG] Test testTemplateBuilderCanFind(org.jclouds.gogrid.compute.GoGridTemplateBuilderLiveTest) succeeded: 0ms
Test suite progress: tests succeeded: 48, failed: 1, skipped: 0.
Starting test testTemplateBuilderCanFind(org.jclouds.gogrid.compute.GoGridTemplateBuilderLiveTest)
[TestNG] Test testTemplateBuilderCanFind(org.jclouds.gogrid.compute.GoGridTemplateBuilderLiveTest) succeeded: 1ms
Test suite progress: tests succeeded: 49, failed: 1, skipped: 0.
Starting test testTemplateBuilderCanFind(org.jclouds.gogrid.compute.GoGridTemplateBuilderLiveTest)
[TestNG] Test testTemplateBuilderCanFind(org.jclouds.gogrid.compute.GoGridTemplateBuilderLiveTest) succeeded: 1ms
Test suite progress: tests succeeded: 50, failed: 1, skipped: 0.
Starting test testTemplateBuilderCanFind(org.jclouds.gogrid.compute.GoGridTemplateBuilderLiveTest)
[TestNG] Test testTemplateBuilderCanFind(org.jclouds.gogrid.compute.GoGridTemplateBuilderLiveTest) succeeded: 0ms
Test suite progress: tests succeeded: 51, failed: 1, skipped: 0.
Starting test testTemplateBuilderCanFind(org.jclouds.gogrid.compute.GoGridTemplateBuilderLiveTest)
[TestNG] Test testTemplateBuilderCanFind(org.jclouds.gogrid.compute.GoGridTemplateBuilderLiveTest) succeeded: 0ms
Test suite progress: tests succeeded: 52, failed: 1, skipped: 0.
Starting test testTemplateBuilderCanFind(org.jclouds.gogrid.compute.GoGridTemplateBuilderLiveTest)
[TestNG] Test testTemplateBuilderCanFind(org.jclouds.gogrid.compute.GoGridTemplateBuilderLiveTest) succeeded: 0ms
Test suite progress: tests succeeded: 53, failed: 1, skipped: 0.
Starting test testTemplateBuilderCanFind(org.jclouds.gogrid.compute.GoGridTemplateBuilderLiveTest)
[TestNG] Test testTemplateBuilderCanFind(org.jclouds.gogrid.compute.GoGridTemplateBuilderLiveTest) succeeded: 1ms
Test suite progress: tests succeeded: 54, failed: 1, skipped: 0.
Starting test testTemplateBuilderCanUseImageId(org.jclouds.gogrid.compute.GoGridTemplateBuilderLiveTest)
[TestNG] Test testTemplateBuilderCanUseImageId(org.jclouds.gogrid.compute.GoGridTemplateBuilderLiveTest) succeeded: 3234ms
Test suite progress: tests succeeded: 55, failed: 1, skipped: 0.
Starting test testTemplateBuilderCannotFind(org.jclouds.gogrid.compute.GoGridTemplateBuilderLiveTest)
[TestNG] Test testTemplateBuilderCannotFind(org.jclouds.gogrid.compute.GoGridTemplateBuilderLiveTest) succeeded: 2ms
Test suite progress: tests succeeded: 56, failed: 1, skipped: 0.
Starting test testTemplateBuilderCannotFind(org.jclouds.gogrid.compute.GoGridTemplateBuilderLiveTest)
[TestNG] Test testTemplateBuilderCannotFind(org.jclouds.gogrid.compute.GoGridTemplateBuilderLiveTest) succeeded: 2ms
Test suite progress: tests succeeded: 57, failed: 1, skipped: 0.
Starting test testTemplateBuilderCannotFind(org.jclouds.gogrid.compute.GoGridTemplateBuilderLiveTest)
[TestNG] Test testTemplateBuilderCannotFind(org.jclouds.gogrid.compute.GoGridTemplateBuilderLiveTest) succeeded: 6ms
Test suite progress: tests succeeded: 58, failed: 1, skipped: 0.
Starting test testTemplateBuilderCannotFind(org.jclouds.gogrid.compute.GoGridTemplateBuilderLiveTest)
[TestNG] Test testTemplateBuilderCannotFind(org.jclouds.gogrid.compute.GoGridTemplateBuilderLiveTest) succeeded: 1ms
Test suite progress: tests succeeded: 59, failed: 1, skipped: 0.
Starting test testTemplateBuilderCannotFind(org.jclouds.gogrid.compute.GoGridTemplateBuilderLiveTest)
[TestNG] Test testTemplateBuilderCannotFind(org.jclouds.gogrid.compute.GoGridTemplateBuilderLiveTest) succeeded: 2ms
Test suite progress: tests succeeded: 60, failed: 1, skipped: 0.
Starting test testTemplateBuilderCannotFind(org.jclouds.gogrid.compute.GoGridTemplateBuilderLiveTest)
[TestNG] Test testTemplateBuilderCannotFind(org.jclouds.gogrid.compute.GoGridTemplateBuilderLiveTest) succeeded: 9ms
Test suite progress: tests succeeded: 61, failed: 1, skipped: 0.
Starting test testTemplateBuilderCannotFind(org.jclouds.gogrid.compute.GoGridTemplateBuilderLiveTest)
[TestNG] Test testTemplateBuilderCannotFind(org.jclouds.gogrid.compute.GoGridTemplateBuilderLiveTest) succeeded: 3ms
Test suite progress: tests succeeded: 62, failed: 1, skipped: 0.
Starting test testTemplateBuilderCannotFind(org.jclouds.gogrid.compute.GoGridTemplateBuilderLiveTest)
[TestNG] Test testTemplateBuilderCannotFind(org.jclouds.gogrid.compute.GoGridTemplateBuilderLiveTest) succeeded: 2ms
Test suite progress: tests succeeded: 63, failed: 1, skipped: 0.
Starting test testTemplateBuilderCannotFind(org.jclouds.gogrid.compute.GoGridTemplateBuilderLiveTest)
[TestNG] Test testTemplateBuilderCannotFind(org.jclouds.gogrid.compute.GoGridTemplateBuilderLiveTest) succeeded: 3ms
Test suite progress: tests succeeded: 64, failed: 1, skipped: 0.
Starting test testTemplateBuilderCannotFind(org.jclouds.gogrid.compute.GoGridTemplateBuilderLiveTest)
[TestNG] Test testTemplateBuilderCannotFind(org.jclouds.gogrid.compute.GoGridTemplateBuilderLiveTest) succeeded: 2ms
Test suite progress: tests succeeded: 65, failed: 1, skipped: 0.
Starting test testTemplateBuilderCannotFind(org.jclouds.gogrid.compute.GoGridTemplateBuilderLiveTest)
[TestNG] Test testTemplateBuilderCannotFind(org.jclouds.gogrid.compute.GoGridTemplateBuilderLiveTest) succeeded: 0ms
Test suite progress: tests succeeded: 66, failed: 1, skipped: 0.
Starting test testTemplateBuilderCannotFind(org.jclouds.gogrid.compute.GoGridTemplateBuilderLiveTest)
[TestNG] Test testTemplateBuilderCannotFind(org.jclouds.gogrid.compute.GoGridTemplateBuilderLiveTest) succeeded: 1ms
Test suite progress: tests succeeded: 67, failed: 1, skipped: 0.
Starting test testTemplateBuilderCannotFind(org.jclouds.gogrid.compute.GoGridTemplateBuilderLiveTest)
[TestNG] Test testTemplateBuilderCannotFind(org.jclouds.gogrid.compute.GoGridTemplateBuilderLiveTest) succeeded: 19ms
Test suite progress: tests succeeded: 68, failed: 1, skipped: 0.
Starting test testTemplateBuilderCannotFind(org.jclouds.gogrid.compute.GoGridTemplateBuilderLiveTest)
[TestNG] Test testTemplateBuilderCannotFind(org.jclouds.gogrid.compute.GoGridTemplateBuilderLiveTest) succeeded: 1ms
Test suite progress: tests succeeded: 69, failed: 1, skipped: 0.
Starting test testTemplateBuilderCannotFind(org.jclouds.gogrid.compute.GoGridTemplateBuilderLiveTest)
[TestNG] Test testTemplateBuilderCannotFind(org.jclouds.gogrid.compute.GoGridTemplateBuilderLiveTest) succeeded: 1ms
Test suite progress: tests succeeded: 70, failed: 1, skipped: 0.
Starting test testTemplateBuilderCannotFind(org.jclouds.gogrid.compute.GoGridTemplateBuilderLiveTest)
[TestNG] Test testTemplateBuilderCannotFind(org.jclouds.gogrid.compute.GoGridTemplateBuilderLiveTest) succeeded: 1ms
Test suite progress: tests succeeded: 71, failed: 1, skipped: 0.
Starting test testTemplateBuilderCannotFind(org.jclouds.gogrid.compute.GoGridTemplateBuilderLiveTest)
[TestNG] Test testTemplateBuilderCannotFind(org.jclouds.gogrid.compute.GoGridTemplateBuilderLiveTest) succeeded: 0ms
Test suite progress: tests succeeded: 72, failed: 1, skipped: 0.
Starting test testTemplateBuilderCannotFind(org.jclouds.gogrid.compute.GoGridTemplateBuilderLiveTest)
[TestNG] Test testTemplateBuilderCannotFind(org.jclouds.gogrid.compute.GoGridTemplateBuilderLiveTest) succeeded: 1ms
Test suite progress: tests succeeded: 73, failed: 1, skipped: 0.
Starting test testTemplateBuilderCannotFind(org.jclouds.gogrid.compute.GoGridTemplateBuilderLiveTest)
[TestNG] Test testTemplateBuilderCannotFind(org.jclouds.gogrid.compute.GoGridTemplateBuilderLiveTest) succeeded: 1ms
Test suite progress: tests succeeded: 74, failed: 1, skipped: 0.
Starting test testTemplateBuilderCannotFind(org.jclouds.gogrid.compute.GoGridTemplateBuilderLiveTest)
[TestNG] Test testTemplateBuilderCannotFind(org.jclouds.gogrid.compute.GoGridTemplateBuilderLiveTest) succeeded: 2ms
Test suite progress: tests succeeded: 75, failed: 1, skipped: 0.
Starting test testTemplateBuilderCannotFind(org.jclouds.gogrid.compute.GoGridTemplateBuilderLiveTest)
[TestNG] Test testTemplateBuilderCannotFind(org.jclouds.gogrid.compute.GoGridTemplateBuilderLiveTest) succeeded: 1ms
Test suite progress: tests succeeded: 76, failed: 1, skipped: 0.
Starting test testTemplateBuilderCannotFind(org.jclouds.gogrid.compute.GoGridTemplateBuilderLiveTest)
[TestNG] Test testTemplateBuilderCannotFind(org.jclouds.gogrid.compute.GoGridTemplateBuilderLiveTest) succeeded: 0ms
Test suite progress: tests succeeded: 77, failed: 1, skipped: 0.
Starting test testTemplateBuilderCannotFind(org.jclouds.gogrid.compute.GoGridTemplateBuilderLiveTest)
[TestNG] Test testTemplateBuilderCannotFind(org.jclouds.gogrid.compute.GoGridTemplateBuilderLiveTest) succeeded: 0ms
Test suite progress: tests succeeded: 78, failed: 1, skipped: 0.
Starting test testTemplateBuilderCannotFind(org.jclouds.gogrid.compute.GoGridTemplateBuilderLiveTest)
[TestNG] Test testTemplateBuilderCannotFind(org.jclouds.gogrid.compute.GoGridTemplateBuilderLiveTest) succeeded: 0ms
Test suite progress: tests succeeded: 79, failed: 1, skipped: 0.
Starting test testTemplateBuilderCannotFind(org.jclouds.gogrid.compute.GoGridTemplateBuilderLiveTest)
[TestNG] Test testTemplateBuilderCannotFind(org.jclouds.gogrid.compute.GoGridTemplateBuilderLiveTest) succeeded: 1ms
Test suite progress: tests succeeded: 80, failed: 1, skipped: 0.
Starting test testTemplateBuilderCannotFind(org.jclouds.gogrid.compute.GoGridTemplateBuilderLiveTest)
[TestNG] Test testTemplateBuilderCannotFind(org.jclouds.gogrid.compute.GoGridTemplateBuilderLiveTest) succeeded: 1ms
Test suite progress: tests succeeded: 81, failed: 1, skipped: 0.
Starting test testTemplateBuilderCannotFind(org.jclouds.gogrid.compute.GoGridTemplateBuilderLiveTest)
[TestNG] Test testTemplateBuilderCannotFind(org.jclouds.gogrid.compute.GoGridTemplateBuilderLiveTest) succeeded: 14ms
Test suite progress: tests succeeded: 82, failed: 1, skipped: 0.
Starting test testTemplateBuilderCannotFind(org.jclouds.gogrid.compute.GoGridTemplateBuilderLiveTest)
[TestNG] Test testTemplateBuilderCannotFind(org.jclouds.gogrid.compute.GoGridTemplateBuilderLiveTest) succeeded: 5ms
Test suite progress: tests succeeded: 83, failed: 1, skipped: 0.
Starting test testTemplateBuilderCannotFind(org.jclouds.gogrid.compute.GoGridTemplateBuilderLiveTest)
[TestNG] Test testTemplateBuilderCannotFind(org.jclouds.gogrid.compute.GoGridTemplateBuilderLiveTest) succeeded: 1ms
Test suite progress: tests succeeded: 84, failed: 1, skipped: 0.
Starting test testTemplateBuilderCannotFind(org.jclouds.gogrid.compute.GoGridTemplateBuilderLiveTest)
[TestNG] Test testTemplateBuilderCannotFind(org.jclouds.gogrid.compute.GoGridTemplateBuilderLiveTest) succeeded: 1ms
Test suite progress: tests succeeded: 85, failed: 1, skipped: 0.
Starting test testTemplateBuilderCannotFind(org.jclouds.gogrid.compute.GoGridTemplateBuilderLiveTest)
[TestNG] Test testTemplateBuilderCannotFind(org.jclouds.gogrid.compute.GoGridTemplateBuilderLiveTest) succeeded: 1ms
Test suite progress: tests succeeded: 86, failed: 1, skipped: 0.
Starting test testTemplateBuilderCannotFind(org.jclouds.gogrid.compute.GoGridTemplateBuilderLiveTest)
[TestNG] Test testTemplateBuilderCannotFind(org.jclouds.gogrid.compute.GoGridTemplateBuilderLiveTest) succeeded: 1ms
Test suite progress: tests succeeded: 87, failed: 1, skipped: 0.
Starting test testTemplateBuilderCannotFind(org.jclouds.gogrid.compute.GoGridTemplateBuilderLiveTest)
[TestNG] Test testTemplateBuilderCannotFind(org.jclouds.gogrid.compute.GoGridTemplateBuilderLiveTest) succeeded: 1ms
Test suite progress: tests succeeded: 88, failed: 1, skipped: 0.
Starting test testTemplateBuilderCannotFind(org.jclouds.gogrid.compute.GoGridTemplateBuilderLiveTest)
[TestNG] Test testTemplateBuilderCannotFind(org.jclouds.gogrid.compute.GoGridTemplateBuilderLiveTest) succeeded: 1ms
Test suite progress: tests succeeded: 89, failed: 1, skipped: 0.
Starting test testTemplateBuilderCannotFind(org.jclouds.gogrid.compute.GoGridTemplateBuilderLiveTest)
[TestNG] Test testTemplateBuilderCannotFind(org.jclouds.gogrid.compute.GoGridTemplateBuilderLiveTest) succeeded: 2ms
Test suite progress: tests succeeded: 90, failed: 1, skipped: 0.
Starting test testTemplateBuilderCannotFind(org.jclouds.gogrid.compute.GoGridTemplateBuilderLiveTest)
[TestNG] Test testTemplateBuilderCannotFind(org.jclouds.gogrid.compute.GoGridTemplateBuilderLiveTest) succeeded: 1ms
Test suite progress: tests succeeded: 91, failed: 1, skipped: 0.
Starting test testTemplateBuilderCannotFind(org.jclouds.gogrid.compute.GoGridTemplateBuilderLiveTest)
[TestNG] Test testTemplateBuilderCannotFind(org.jclouds.gogrid.compute.GoGridTemplateBuilderLiveTest) succeeded: 5ms
Test suite progress: tests succeeded: 92, failed: 1, skipped: 0.
Starting test testTemplateBuilderCannotFind(org.jclouds.gogrid.compute.GoGridTemplateBuilderLiveTest)
[TestNG] Test testTemplateBuilderCannotFind(org.jclouds.gogrid.compute.GoGridTemplateBuilderLiveTest) succeeded: 3ms
Test suite progress: tests succeeded: 93, failed: 1, skipped: 0.
Starting test testTemplateBuilderCannotFind(org.jclouds.gogrid.compute.GoGridTemplateBuilderLiveTest)
[TestNG] Test testTemplateBuilderCannotFind(org.jclouds.gogrid.compute.GoGridTemplateBuilderLiveTest) succeeded: 1ms
Test suite progress: tests succeeded: 94, failed: 1, skipped: 0.
Starting test testTemplateBuilderCannotFind(org.jclouds.gogrid.compute.GoGridTemplateBuilderLiveTest)
[TestNG] Test testTemplateBuilderCannotFind(org.jclouds.gogrid.compute.GoGridTemplateBuilderLiveTest) succeeded: 1ms
Test suite progress: tests succeeded: 95, failed: 1, skipped: 0.
Starting test testTemplateBuilderCannotFind(org.jclouds.gogrid.compute.GoGridTemplateBuilderLiveTest)
[TestNG] Test testTemplateBuilderCannotFind(org.jclouds.gogrid.compute.GoGridTemplateBuilderLiveTest) succeeded: 1ms
Test suite progress: tests succeeded: 96, failed: 1, skipped: 0.
Starting test testTemplateBuilderCannotFind(org.jclouds.gogrid.compute.GoGridTemplateBuilderLiveTest)
[TestNG] Test testTemplateBuilderCannotFind(org.jclouds.gogrid.compute.GoGridTemplateBuilderLiveTest) succeeded: 1ms
Test suite progress: tests succeeded: 97, failed: 1, skipped: 0.
Starting test testTemplateBuilderCannotFind(org.jclouds.gogrid.compute.GoGridTemplateBuilderLiveTest)
[TestNG] Test testTemplateBuilderCannotFind(org.jclouds.gogrid.compute.GoGridTemplateBuilderLiveTest) succeeded: 0ms
Test suite progress: tests succeeded: 98, failed: 1, skipped: 0.
Starting test testTemplateBuilderCannotFind(org.jclouds.gogrid.compute.GoGridTemplateBuilderLiveTest)
[TestNG] Test testTemplateBuilderCannotFind(org.jclouds.gogrid.compute.GoGridTemplateBuilderLiveTest) succeeded: 1ms
Test suite progress: tests succeeded: 99, failed: 1, skipped: 0.
Starting test testTemplateBuilderCannotFind(org.jclouds.gogrid.compute.GoGridTemplateBuilderLiveTest)
[TestNG] Test testTemplateBuilderCannotFind(org.jclouds.gogrid.compute.GoGridTemplateBuilderLiveTest) succeeded: 1ms
Test suite progress: tests succeeded: 100, failed: 1, skipped: 0.
Starting test testTemplateBuilderCannotFind(org.jclouds.gogrid.compute.GoGridTemplateBuilderLiveTest)
[TestNG] Test testTemplateBuilderCannotFind(org.jclouds.gogrid.compute.GoGridTemplateBuilderLiveTest) succeeded: 1ms
Test suite progress: tests succeeded: 101, failed: 1, skipped: 0.
Starting test testTemplateBuilderCannotFind(org.jclouds.gogrid.compute.GoGridTemplateBuilderLiveTest)
[TestNG] Test testTemplateBuilderCannotFind(org.jclouds.gogrid.compute.GoGridTemplateBuilderLiveTest) succeeded: 2ms
Test suite progress: tests succeeded: 102, failed: 1, skipped: 0.
Starting test testTemplateBuilderCannotFind(org.jclouds.gogrid.compute.GoGridTemplateBuilderLiveTest)
[TestNG] Test testTemplateBuilderCannotFind(org.jclouds.gogrid.compute.GoGridTemplateBuilderLiveTest) succeeded: 0ms
Test suite progress: tests succeeded: 103, failed: 1, skipped: 0.
Starting test testTemplateBuilderCannotFind(org.jclouds.gogrid.compute.GoGridTemplateBuilderLiveTest)
[TestNG] Test testTemplateBuilderCannotFind(org.jclouds.gogrid.compute.GoGridTemplateBuilderLiveTest) succeeded: 0ms
Test suite progress: tests succeeded: 104, failed: 1, skipped: 0.
Starting test testTemplateBuilderCannotFind(org.jclouds.gogrid.compute.GoGridTemplateBuilderLiveTest)
[TestNG] Test testTemplateBuilderCannotFind(org.jclouds.gogrid.compute.GoGridTemplateBuilderLiveTest) succeeded: 1ms
Test suite progress: tests succeeded: 105, failed: 1, skipped: 0.
Starting test testTemplateBuilderCannotFind(org.jclouds.gogrid.compute.GoGridTemplateBuilderLiveTest)
[TestNG] Test testTemplateBuilderCannotFind(org.jclouds.gogrid.compute.GoGridTemplateBuilderLiveTest) succeeded: 0ms
Test suite progress: tests succeeded: 106, failed: 1, skipped: 0.
Starting test testTemplateBuilderCannotFind(org.jclouds.gogrid.compute.GoGridTemplateBuilderLiveTest)
[TestNG] Test testTemplateBuilderCannotFind(org.jclouds.gogrid.compute.GoGridTemplateBuilderLiveTest) succeeded: 1ms
Test suite progress: tests succeeded: 107, failed: 1, skipped: 0.
Starting test testTemplateBuilderCannotFind(org.jclouds.gogrid.compute.GoGridTemplateBuilderLiveTest)
[TestNG] Test testTemplateBuilderCannotFind(org.jclouds.gogrid.compute.GoGridTemplateBuilderLiveTest) succeeded: 0ms
Test suite progress: tests succeeded: 108, failed: 1, skipped: 0.
Starting test testTemplateBuilderCannotFind(org.jclouds.gogrid.compute.GoGridTemplateBuilderLiveTest)
[TestNG] Test testTemplateBuilderCannotFind(org.jclouds.gogrid.compute.GoGridTemplateBuilderLiveTest) succeeded: 1ms
Test suite progress: tests succeeded: 109, failed: 1, skipped: 0.
Starting test testTemplateBuilderWithImageIdSpecified(org.jclouds.gogrid.compute.GoGridTemplateBuilderLiveTest)
[TestNG] Test testTemplateBuilderWithImageIdSpecified(org.jclouds.gogrid.compute.GoGridTemplateBuilderLiveTest) succeeded: 7666ms
Test suite progress: tests succeeded: 110, failed: 1, skipped: 0.
Starting test testTemplateBuilderWithLoginUserSpecified(org.jclouds.gogrid.compute.GoGridTemplateBuilderLiveTest)
[TestNG] Test testTemplateBuilderWithLoginUserSpecified(org.jclouds.gogrid.compute.GoGridTemplateBuilderLiveTest) succeeded: 11214ms
Test suite progress: tests succeeded: 111, failed: 1, skipped: 0.
Starting test testDefaultTemplateBuilder(org.jclouds.gogrid.compute.GoGridTemplateBuilderLiveTest)
[TestNG] Test testDefaultTemplateBuilder(org.jclouds.gogrid.compute.GoGridTemplateBuilderLiveTest) succeeded: 5ms
Test suite progress: tests succeeded: 112, failed: 1, skipped: 0.
Starting test testListImages(org.jclouds.gogrid.services.GridImageClientLiveTest)
Feb 4, 2012 11:02:41 PM org.jclouds.gogrid.services.GridImageClientLiveTest checkImage
WARNING: image 1057 is missing the createdon field
Feb 4, 2012 11:02:41 PM org.jclouds.gogrid.services.GridImageClientLiveTest checkImage
WARNING: image 1057 is missing the createdon field
Feb 4, 2012 11:02:41 PM org.jclouds.gogrid.services.GridImageClientLiveTest checkImage
WARNING: image 1058 is missing the createdon field
Feb 4, 2012 11:02:41 PM org.jclouds.gogrid.services.GridImageClientLiveTest checkImage
WARNING: image 1058 is missing the updatedon field
Feb 4, 2012 11:02:42 PM org.jclouds.gogrid.services.GridImageClientLiveTest checkImage
WARNING: image 1058 is missing the createdon field
Feb 4, 2012 11:02:42 PM org.jclouds.gogrid.services.GridImageClientLiveTest checkImage
WARNING: image 1058 is missing the updatedon field
Feb 4, 2012 11:02:42 PM org.jclouds.gogrid.services.GridImageClientLiveTest checkImage
WARNING: image 1059 is missing the createdon field
Feb 4, 2012 11:02:42 PM org.jclouds.gogrid.services.GridImageClientLiveTest checkImage
WARNING: image 1059 is missing the createdon field
Feb 4, 2012 11:02:52 PM org.jclouds.gogrid.services.GridImageClientLiveTest checkImage
WARNING: image 5489 is missing the createdon field
Feb 4, 2012 11:02:52 PM org.jclouds.gogrid.services.GridImageClientLiveTest checkImage
WARNING: image 5489 is missing the createdon field
Feb 4, 2012 11:02:55 PM org.jclouds.gogrid.services.GridImageClientLiveTest checkImage
WARNING: image 5823 is missing the createdon field
Feb 4, 2012 11:02:55 PM org.jclouds.gogrid.services.GridImageClientLiveTest checkImage
WARNING: image 5823 is missing the createdon field
Feb 4, 2012 11:02:55 PM org.jclouds.gogrid.services.GridImageClientLiveTest checkImage
WARNING: image 5824 is missing the createdon field
Feb 4, 2012 11:02:55 PM org.jclouds.gogrid.services.GridImageClientLiveTest checkImage
WARNING: image 5824 is missing the createdon field
Feb 4, 2012 11:02:55 PM org.jclouds.gogrid.services.GridImageClientLiveTest checkImage
WARNING: image 5825 is missing the createdon field
Feb 4, 2012 11:02:55 PM org.jclouds.gogrid.services.GridImageClientLiveTest checkImage
WARNING: image 5825 is missing the createdon field
Feb 4, 2012 11:03:00 PM org.jclouds.gogrid.services.GridImageClientLiveTest checkImage
WARNING: image 6675 is missing the createdon field
Feb 4, 2012 11:03:01 PM org.jclouds.gogrid.services.GridImageClientLiveTest checkImage
WARNING: image 6675 is missing the createdon field
Feb 4, 2012 11:03:01 PM org.jclouds.gogrid.services.GridImageClientLiveTest checkImage
WARNING: image 6676 is missing the createdon field
Feb 4, 2012 11:03:01 PM org.jclouds.gogrid.services.GridImageClientLiveTest checkImage
WARNING: image 6676 is missing the createdon field
Feb 4, 2012 11:03:01 PM org.jclouds.gogrid.services.GridImageClientLiveTest checkImage
WARNING: image 6677 is missing the createdon field
Feb 4, 2012 11:03:01 PM org.jclouds.gogrid.services.GridImageClientLiveTest checkImage
WARNING: image 6677 is missing the createdon field
Feb 4, 2012 11:03:01 PM org.jclouds.gogrid.services.GridImageClientLiveTest checkImage
WARNING: image 6678 is missing the createdon field
Feb 4, 2012 11:03:01 PM org.jclouds.gogrid.services.GridImageClientLiveTest checkImage
WARNING: image 6678 is missing the createdon field
Feb 4, 2012 11:03:16 PM org.jclouds.gogrid.services.GridImageClientLiveTest checkImage
WARNING: image 9928 is missing the createdon field
Feb 4, 2012 11:03:16 PM org.jclouds.gogrid.services.GridImageClientLiveTest checkImage
WARNING: image 9928 is missing the createdon field
Feb 4, 2012 11:03:16 PM org.jclouds.gogrid.services.GridImageClientLiveTest checkImage
WARNING: image 9929 is missing the createdon field
Feb 4, 2012 11:03:17 PM org.jclouds.gogrid.services.GridImageClientLiveTest checkImage
WARNING: image 9929 is missing the createdon field
Feb 4, 2012 11:03:17 PM org.jclouds.gogrid.services.GridImageClientLiveTest checkImage
WARNING: image 9930 is missing the createdon field
Feb 4, 2012 11:03:17 PM org.jclouds.gogrid.services.GridImageClientLiveTest checkImage
WARNING: image 9930 is missing the createdon field
Feb 4, 2012 11:03:17 PM org.jclouds.gogrid.services.GridImageClientLiveTest checkImage
WARNING: image 9931 is missing the createdon field
Feb 4, 2012 11:03:17 PM org.jclouds.gogrid.services.GridImageClientLiveTest checkImage
WARNING: image 9931 is missing the createdon field
Feb 4, 2012 11:03:17 PM org.jclouds.gogrid.services.GridImageClientLiveTest checkImage
WARNING: image 9932 is missing the createdon field
Feb 4, 2012 11:03:18 PM org.jclouds.gogrid.services.GridImageClientLiveTest checkImage
WARNING: image 9932 is missing the createdon field
Feb 4, 2012 11:03:18 PM org.jclouds.gogrid.services.GridImageClientLiveTest checkImage
WARNING: image 9933 is missing the createdon field
Feb 4, 2012 11:03:18 PM org.jclouds.gogrid.services.GridImageClientLiveTest checkImage
WARNING: image 9933 is missing the createdon field
Feb 4, 2012 11:03:18 PM org.jclouds.gogrid.services.GridImageClientLiveTest checkImage
WARNING: image 9934 is missing the createdon field
Feb 4, 2012 11:03:19 PM org.jclouds.gogrid.services.GridImageClientLiveTest checkImage
WARNING: image 9934 is missing the createdon field
Feb 4, 2012 11:03:19 PM org.jclouds.gogrid.services.GridImageClientLiveTest checkImage
WARNING: image 9935 is missing the createdon field
Feb 4, 2012 11:03:19 PM org.jclouds.gogrid.services.GridImageClientLiveTest checkImage
WARNING: image 9935 is missing the createdon field
[TestNG] Test testListImages(org.jclouds.gogrid.services.GridImageClientLiveTest) succeeded: 52072ms
Test suite progress: tests succeeded: 113, failed: 1, skipped: 0.
Starting test testListJobs(org.jclouds.gogrid.services.GridJobClientLiveTest)
[TestNG] Test testListJobs(org.jclouds.gogrid.services.GridJobClientLiveTest) failed.
Test suite progress: tests succeeded: 113, failed: 2, skipped: 0.
Tests run: 115, Failures: 2, Errors: 0, Skipped: 0, Time elapsed: 1,935.724 sec <<< FAILURE!

Results :

Failed tests:   testResizeRam(org.jclouds.gogrid.compute.GoGridComputeServiceLiveTest): command [method=GridServerAsyncClient.editServerRam, request=GET https://api.gogrid.com/api/grid/server/edit?v=1.6&id=290896&server.ram=1GB HTTP/1.1] failed with code 400. Error [IllegalArgumentException]: Cannot invoke com.servepath.gogrid.core.model.ServerOsAppTemplate.setImageDatacenterStates - argument type mismatch. 
  testListJobs(org.jclouds.gogrid.services.GridJobClientLiveTest): Job{id=251005, command=[id=7, name=DeleteVirtualServer, description=Delete Virtual Server], objectType=VirtualServer, createdOn=Mon Mar 01 15:02:51 PST 2010, lastUpdatedOn=null, currentState=Fatal, attempts=1, owner='3116784158f0af2d-24076@api.gogrid.com', history=[JobState{id=941759, updatedOn=Mon Mar 01 15:02:51 PST 2010, state=Created, note='null'}, JobState{id=941765, updatedOn=Mon Mar 01 15:04:54 PST 2010, state=Queued, note='null'}, JobState{id=941768, updatedOn=Mon Mar 01 15:04:54 PST 2010, state=Failed, note='There is already a pending request for this vm'}, JobState{id=941769, updatedOn=Mon Mar 01 15:04:54 PST 2010, state=Fatal, note='Fatal'}], details={ram=512MB, description=null, name=ServerCreated20964, image=GSI-f8979644-e646-4711-ad58-d98a5fa3612c, type=virtual_server, ip=204.51.240.190}}

Tests run: 115, Failures: 2, Errors: 0, Skipped: 0

[INFO] ------------------------------------------------------------------------
[INFO] BUILD FAILURE
[INFO] ------------------------------------------------------------------------
[INFO] Total time: 32:41.567s
[INFO] Finished at: Sat Feb 04 23:03:43 PST 2012
[INFO] Final Memory: 21M/265M
[INFO] ------------------------------------------------------------------------
[ERROR] Failed to execute goal org.apache.maven.plugins:maven-surefire-plugin:2.10:test (integration) on project gogrid: There are test failures.
[ERROR] 
[ERROR] Please refer to /Users/adriancole/workspace/git/1.4.x/jclouds/providers/gogrid/target/surefire-reports for the individual test results.
[ERROR] -> [Help 1]
[ERROR] 
[ERROR] To see the full stack trace of the errors, re-run Maven with the -e switch.
[ERROR] Re-run Maven using the -X switch to enable full debug logging.
[ERROR] 
[ERROR] For more information about the errors and possible solutions, please read the following articles:
[ERROR] [Help 1] http://cwiki.apache.org/confluence/display/MAVEN/MojoFailureException
