-------------------------------------------------------------------------------
Test set: TestSuite
-------------------------------------------------------------------------------
Tests run: 123, Failures: 4, Errors: 0, Skipped: 7, Time elapsed: 805.513 sec <<< FAILURE!
testTemplateBuilderWithImageIdSpecified(org.jclouds.greenhousedata.element.vcloud.compute.GreenHouseDataElementVCloudTemplateBuilderLiveTest)  Time elapsed: 18.513 sec  <<< FAILURE!
java.util.NoSuchElementException: no hardware profiles support images matching params: [biggest=false, fastest=false, imageName=UbuntuServer-x64-2GB, imageDescription=This is a special place-holder used for disconnected network interfaces., imageId=https://mycloud.greenhousedata.com/api/v1.0/vAppTemplate/vappTemplate-33578b29-1437-4b30-9f9a-4d4a3393b913, imagePredicate=null, imageVersion=null, location=[id=https://mycloud.greenhousedata.com/api/v1.0/vdc/e9cd3387-ac57-4d27-a481-9bee75e0690f, scope=ZONE, description=orgVDC-cloudsoft-Tier1-PAYG, parent=https://mycloud.greenhousedata.com/api/v1.0/org/c076f90a-397a-49fa-89b8-b294c1599cd0, iso3166Codes=[], metadata={}], minCores=0.0, minRam=0, osFamily=ubuntu, osName=Ubuntu 64-Bit, osDescription=Ubuntu Linux (64-bit), osVersion=, osArch=null, os64Bit=true, hardwareId=null]
	at org.jclouds.compute.domain.internal.TemplateBuilderImpl.resolveHardware(TemplateBuilderImpl.java:654)
	at org.jclouds.compute.domain.internal.TemplateBuilderImpl.build(TemplateBuilderImpl.java:613)
	at org.jclouds.compute.domain.internal.TemplateBuilderImpl.build(TemplateBuilderImpl.java:592)
	at org.jclouds.compute.BaseTemplateBuilderLiveTest.testTemplateBuilderWithImageIdSpecified(BaseTemplateBuilderLiveTest.java:253)
	at sun.reflect.NativeMethodAccessorImpl.invoke0(Native Method)
	at sun.reflect.NativeMethodAccessorImpl.invoke(NativeMethodAccessorImpl.java:39)
	at sun.reflect.DelegatingMethodAccessorImpl.invoke(DelegatingMethodAccessorImpl.java:25)
	at java.lang.reflect.Method.invoke(Method.java:597)
	at org.testng.internal.MethodInvocationHelper.invokeMethod(MethodInvocationHelper.java:80)
	at org.testng.internal.Invoker.invokeMethod(Invoker.java:691)
	at org.testng.internal.Invoker.invokeTestMethod(Invoker.java:883)
	at org.testng.internal.Invoker.invokeTestMethods(Invoker.java:1208)
	at org.testng.internal.TestMethodWorker.invokeTestMethods(TestMethodWorker.java:127)
	at org.testng.internal.TestMethodWorker.run(TestMethodWorker.java:111)
	at org.testng.TestRunner.privateRun(TestRunner.java:758)
	at org.testng.TestRunner.run(TestRunner.java:613)
	at org.testng.SuiteRunner.runTest(SuiteRunner.java:334)
	at org.testng.SuiteRunner.access$000(SuiteRunner.java:37)
	at org.testng.SuiteRunner$SuiteWorker.run(SuiteRunner.java:368)
	at org.testng.internal.thread.ThreadUtil$CountDownLatchedRunnable.run(ThreadUtil.java:165)
	at java.util.concurrent.ThreadPoolExecutor$Worker.runTask(ThreadPoolExecutor.java:886)
	at java.util.concurrent.ThreadPoolExecutor$Worker.run(ThreadPoolExecutor.java:908)
	at java.lang.Thread.run(Thread.java:680)
testCaptureVApp(org.jclouds.greenhousedata.element.vcloud.features.GreenHouseDataElementVCloudVAppTemplateClientLiveTest)  Time elapsed: 21.962 sec  <<< FAILURE!
org.jclouds.compute.RunNodesException: error running 1 node group(vcdcap) location(https://mycloud.greenhousedata.com/api/v1.0/vdc/e9cd3387-ac57-4d27-a481-9bee75e0690f) image(https://mycloud.greenhousedata.com/api/v1.0/vAppTemplate/vappTemplate-33578b29-1437-4b30-9f9a-4d4a3393b913) size(https://mycloud.greenhousedata.com/api/v1.0/vAppTemplate/vappTemplate-33578b29-1437-4b30-9f9a-4d4a3393b913) options([customizationScript=false, description=null, ipAddressAllocationMode=POOL, inboundPorts=[22], privateKey=false, publicKey=false, runScript=false, port:seconds=-1:-1, userMetadata: {}])
Execution failures:
1) ExecutionException on vcdcap-db9:
java.util.concurrent.ExecutionException: java.lang.NullPointerException
	at com.google.common.util.concurrent.AbstractFuture$Sync.getValue(AbstractFuture.java:289)
	at com.google.common.util.concurrent.AbstractFuture$Sync.get(AbstractFuture.java:276)
	at com.google.common.util.concurrent.AbstractFuture.get(AbstractFuture.java:111)
	at com.google.common.util.concurrent.Futures$ChainingListenableFuture.get(Futures.java:635)
	at org.jclouds.concurrent.FutureIterables$1.run(FutureIterables.java:132)
	at java.util.concurrent.ThreadPoolExecutor$Worker.runTask(ThreadPoolExecutor.java:886)
	at java.util.concurrent.ThreadPoolExecutor$Worker.run(ThreadPoolExecutor.java:908)
	at java.lang.Thread.run(Thread.java:680)
Caused by: java.lang.NullPointerException
	at org.jclouds.vcloud.compute.strategy.InstantiateVAppTemplateWithGroupEncodedIntoNameThenCustomizeDeployAndPowerOn.waitForTask(InstantiateVAppTemplateWithGroupEncodedIntoNameThenCustomizeDeployAndPowerOn.java:217)
	at org.jclouds.vcloud.compute.strategy.InstantiateVAppTemplateWithGroupEncodedIntoNameThenCustomizeDeployAndPowerOn.createNodeWithGroupEncodedIntoName(InstantiateVAppTemplateWithGroupEncodedIntoNameThenCustomizeDeployAndPowerOn.java:188)
	at org.jclouds.vcloud.compute.strategy.VCloudComputeServiceAdapter.createNodeWithGroupEncodedIntoName(VCloudComputeServiceAdapter.java:94)
	at org.jclouds.compute.strategy.impl.AdaptingComputeServiceStrategies.createNodeWithGroupEncodedIntoName(AdaptingComputeServiceStrategies.java:165)
	at org.jclouds.compute.strategy.impl.CreateNodesWithGroupEncodedIntoNameThenAddToSet$AddNode.call(CreateNodesWithGroupEncodedIntoNameThenAddToSet.java:80)
	at org.jclouds.compute.strategy.impl.CreateNodesWithGroupEncodedIntoNameThenAddToSet$AddNode.call(CreateNodesWithGroupEncodedIntoNameThenAddToSet.java:63)
	at java.util.concurrent.FutureTask$Sync.innerRun(FutureTask.java:303)
	at java.util.concurrent.FutureTask.run(FutureTask.java:138)
	at java.util.concurrent.ThreadPoolExecutor$Worker.runTask(ThreadPoolExecutor.java:886)
	at java.util.concurrent.ThreadPoolExecutor$Worker.run(ThreadPoolExecutor.java:908)
	at java.lang.Thread.run(Thread.java:680)
	at org.jclouds.concurrent.config.ExecutorServiceModule$DescribingExecutorService.submit(ExecutorServiceModule.java:182)
	at org.jclouds.compute.strategy.impl.CreateNodesWithGroupEncodedIntoNameThenAddToSet.execute(CreateNodesWithGroupEncodedIntoNameThenAddToSet.java:123)
	at org.jclouds.compute.internal.BaseComputeService.createNodesInGroup(BaseComputeService.java:200)
	at org.jclouds.compute.internal.BaseComputeService.createNodesInGroup(BaseComputeService.java:216)
	at org.jclouds.compute.internal.BaseComputeService.createNodesInGroup(BaseComputeService.java:221)
	at org.jclouds.vcloud.features.VAppTemplateClientLiveTest.testCaptureVApp(VAppTemplateClientLiveTest.java:122)
	at sun.reflect.NativeMethodAccessorImpl.invoke0(Native Method)
	at sun.reflect.NativeMethodAccessorImpl.invoke(NativeMethodAccessorImpl.java:39)
	at sun.reflect.DelegatingMethodAccessorImpl.invoke(DelegatingMethodAccessorImpl.java:25)
	at java.lang.reflect.Method.invoke(Method.java:597)
	at org.testng.internal.MethodInvocationHelper.invokeMethod(MethodInvocationHelper.java:80)
	at org.testng.internal.Invoker.invokeMethod(Invoker.java:691)
	at org.testng.internal.Invoker.invokeTestMethod(Invoker.java:883)
	at org.testng.internal.Invoker.invokeTestMethods(Invoker.java:1208)
	at org.testng.internal.TestMethodWorker.invokeTestMethods(TestMethodWorker.java:127)
	at org.testng.internal.TestMethodWorker.run(TestMethodWorker.java:111)
	at org.testng.TestRunner.privateRun(TestRunner.java:758)
	at org.testng.TestRunner.run(TestRunner.java:613)
	at org.testng.SuiteRunner.runTest(SuiteRunner.java:334)
	at org.testng.SuiteRunner.access$000(SuiteRunner.java:37)
	at org.testng.SuiteRunner$SuiteWorker.run(SuiteRunner.java:368)
	at org.testng.internal.thread.ThreadUtil$CountDownLatchedRunnable.run(ThreadUtil.java:165)
	at java.util.concurrent.ThreadPoolExecutor$Worker.runTask(ThreadPoolExecutor.java:886)
	at java.util.concurrent.ThreadPoolExecutor$Worker.run(ThreadPoolExecutor.java:908)
	at java.lang.Thread.run(Thread.java:680)
	at org.jclouds.concurrent.config.ExecutorServiceModule$DescribingExecutorService.submit(ExecutorServiceModule.java:182)
	at org.jclouds.compute.strategy.impl.CreateNodesWithGroupEncodedIntoNameThenAddToSet.execute(CreateNodesWithGroupEncodedIntoNameThenAddToSet.java:123)
	at org.jclouds.compute.internal.BaseComputeService.createNodesInGroup(BaseComputeService.java:200)
	at org.jclouds.compute.internal.BaseComputeService.createNodesInGroup(BaseComputeService.java:216)
	at org.jclouds.compute.internal.BaseComputeService.createNodesInGroup(BaseComputeService.java:221)
	at org.jclouds.vcloud.features.VAppTemplateClientLiveTest.testCaptureVApp(VAppTemplateClientLiveTest.java:122)
	at sun.reflect.NativeMethodAccessorImpl.invoke0(Native Method)
	at sun.reflect.NativeMethodAccessorImpl.invoke(NativeMethodAccessorImpl.java:39)
	at sun.reflect.DelegatingMethodAccessorImpl.invoke(DelegatingMethodAccessorImpl.java:25)
	at java.lang.reflect.Method.invoke(Method.java:597)
	at org.testng.internal.MethodInvocationHelper.invokeMethod(MethodInvocationHelper.java:80)
	at org.testng.internal.Invoker.invokeMethod(Invoker.java:691)
	at org.testng.internal.Invoker.invokeTestMethod(Invoker.java:883)
	at org.testng.internal.Invoker.invokeTestMethods(Invoker.java:1208)
	at org.testng.internal.TestMethodWorker.invokeTestMethods(TestMethodWorker.java:127)
	at org.testng.internal.TestMethodWorker.run(TestMethodWorker.java:111)
	at org.testng.TestRunner.privateRun(TestRunner.java:758)
	at org.testng.TestRunner.run(TestRunner.java:613)
	at org.testng.SuiteRunner.runTest(SuiteRunner.java:334)
	at org.testng.SuiteRunner.access$000(SuiteRunner.java:37)
	at org.testng.SuiteRunner$SuiteWorker.run(SuiteRunner.java:368)
	at org.testng.internal.thread.ThreadUtil$CountDownLatchedRunnable.run(ThreadUtil.java:165)
	... 3 more
1 error[s]
Node failures:
0 error[s]
	at org.jclouds.compute.internal.BaseComputeService.createNodesInGroup(BaseComputeService.java:208)
	at org.jclouds.compute.internal.BaseComputeService.createNodesInGroup(BaseComputeService.java:216)
	at org.jclouds.compute.internal.BaseComputeService.createNodesInGroup(BaseComputeService.java:221)
	at org.jclouds.vcloud.features.VAppTemplateClientLiveTest.testCaptureVApp(VAppTemplateClientLiveTest.java:122)
	at sun.reflect.NativeMethodAccessorImpl.invoke0(Native Method)
	at sun.reflect.NativeMethodAccessorImpl.invoke(NativeMethodAccessorImpl.java:39)
	at sun.reflect.DelegatingMethodAccessorImpl.invoke(DelegatingMethodAccessorImpl.java:25)
	at java.lang.reflect.Method.invoke(Method.java:597)
	at org.testng.internal.MethodInvocationHelper.invokeMethod(MethodInvocationHelper.java:80)
	at org.testng.internal.Invoker.invokeMethod(Invoker.java:691)
	at org.testng.internal.Invoker.invokeTestMethod(Invoker.java:883)
	at org.testng.internal.Invoker.invokeTestMethods(Invoker.java:1208)
	at org.testng.internal.TestMethodWorker.invokeTestMethods(TestMethodWorker.java:127)
	at org.testng.internal.TestMethodWorker.run(TestMethodWorker.java:111)
	at org.testng.TestRunner.privateRun(TestRunner.java:758)
	at org.testng.TestRunner.run(TestRunner.java:613)
	at org.testng.SuiteRunner.runTest(SuiteRunner.java:334)
	at org.testng.SuiteRunner.access$000(SuiteRunner.java:37)
	at org.testng.SuiteRunner$SuiteWorker.run(SuiteRunner.java:368)
	at org.testng.internal.thread.ThreadUtil$CountDownLatchedRunnable.run(ThreadUtil.java:165)
	at java.util.concurrent.ThreadPoolExecutor$Worker.runTask(ThreadPoolExecutor.java:886)
	at java.util.concurrent.ThreadPoolExecutor$Worker.run(ThreadPoolExecutor.java:908)
	at java.lang.Thread.run(Thread.java:680)
Caused by: java.lang.NullPointerException
	at org.jclouds.vcloud.compute.strategy.InstantiateVAppTemplateWithGroupEncodedIntoNameThenCustomizeDeployAndPowerOn.waitForTask(InstantiateVAppTemplateWithGroupEncodedIntoNameThenCustomizeDeployAndPowerOn.java:217)
	at org.jclouds.vcloud.compute.strategy.InstantiateVAppTemplateWithGroupEncodedIntoNameThenCustomizeDeployAndPowerOn.createNodeWithGroupEncodedIntoName(InstantiateVAppTemplateWithGroupEncodedIntoNameThenCustomizeDeployAndPowerOn.java:188)
	at org.jclouds.vcloud.compute.strategy.VCloudComputeServiceAdapter.createNodeWithGroupEncodedIntoName(VCloudComputeServiceAdapter.java:94)
	at org.jclouds.compute.strategy.impl.AdaptingComputeServiceStrategies.createNodeWithGroupEncodedIntoName(AdaptingComputeServiceStrategies.java:165)
	at org.jclouds.compute.strategy.impl.CreateNodesWithGroupEncodedIntoNameThenAddToSet$AddNode.call(CreateNodesWithGroupEncodedIntoNameThenAddToSet.java:80)
	at org.jclouds.compute.strategy.impl.CreateNodesWithGroupEncodedIntoNameThenAddToSet$AddNode.call(CreateNodesWithGroupEncodedIntoNameThenAddToSet.java:63)
	at java.util.concurrent.FutureTask$Sync.innerRun(FutureTask.java:303)
	at java.util.concurrent.FutureTask.run(FutureTask.java:138)
	at java.util.concurrent.ThreadPoolExecutor$Worker.runTask(ThreadPoolExecutor.java:886)
	at java.util.concurrent.ThreadPoolExecutor$Worker.run(ThreadPoolExecutor.java:908)
	at java.lang.Thread.run(Thread.java:680)
	at org.jclouds.concurrent.config.ExecutorServiceModule$DescribingExecutorService.submit(ExecutorServiceModule.java:182)
	at org.jclouds.compute.strategy.impl.CreateNodesWithGroupEncodedIntoNameThenAddToSet.execute(CreateNodesWithGroupEncodedIntoNameThenAddToSet.java:123)
	at org.jclouds.compute.internal.BaseComputeService.createNodesInGroup(BaseComputeService.java:200)
	at org.jclouds.compute.internal.BaseComputeService.createNodesInGroup(BaseComputeService.java:216)
	at org.jclouds.compute.internal.BaseComputeService.createNodesInGroup(BaseComputeService.java:221)
	at org.jclouds.vcloud.features.VAppTemplateClientLiveTest.testCaptureVApp(VAppTemplateClientLiveTest.java:122)
	at sun.reflect.NativeMethodAccessorImpl.invoke0(Native Method)
	at sun.reflect.NativeMethodAccessorImpl.invoke(NativeMethodAccessorImpl.java:39)
	at sun.reflect.DelegatingMethodAccessorImpl.invoke(DelegatingMethodAccessorImpl.java:25)
	at java.lang.reflect.Method.invoke(Method.java:597)
	at org.testng.internal.MethodInvocationHelper.invokeMethod(MethodInvocationHelper.java:80)
	at org.testng.internal.Invoker.invokeMethod(Invoker.java:691)
	at org.testng.internal.Invoker.invokeTestMethod(Invoker.java:883)
	at org.testng.internal.Invoker.invokeTestMethods(Invoker.java:1208)
	at org.testng.internal.TestMethodWorker.invokeTestMethods(TestMethodWorker.java:127)
	at org.testng.internal.TestMethodWorker.run(TestMethodWorker.java:111)
	at org.testng.TestRunner.privateRun(TestRunner.java:758)
	at org.testng.TestRunner.run(TestRunner.java:613)
	at org.testng.SuiteRunner.runTest(SuiteRunner.java:334)
	at org.testng.SuiteRunner.access$000(SuiteRunner.java:37)
	at org.testng.SuiteRunner$SuiteWorker.run(SuiteRunner.java:368)
	at org.testng.internal.thread.ThreadUtil$CountDownLatchedRunnable.run(ThreadUtil.java:165)
	at java.util.concurrent.ThreadPoolExecutor$Worker.runTask(ThreadPoolExecutor.java:886)
	at java.util.concurrent.ThreadPoolExecutor$Worker.run(ThreadPoolExecutor.java:908)
	at java.lang.Thread.run(Thread.java:680)
	at org.jclouds.concurrent.config.ExecutorServiceModule$DescribingExecutorService.submit(ExecutorServiceModule.java:182)
	at org.jclouds.compute.strategy.impl.CreateNodesWithGroupEncodedIntoNameThenAddToSet.execute(CreateNodesWithGroupEncodedIntoNameThenAddToSet.java:123)
	at org.jclouds.compute.internal.BaseComputeService.createNodesInGroup(BaseComputeService.java:200)
	at org.jclouds.compute.internal.BaseComputeService.createNodesInGroup(BaseComputeService.java:216)
	at org.jclouds.compute.internal.BaseComputeService.createNodesInGroup(BaseComputeService.java:221)
	at org.jclouds.vcloud.features.VAppTemplateClientLiveTest.testCaptureVApp(VAppTemplateClientLiveTest.java:122)
	at sun.reflect.NativeMethodAccessorImpl.invoke0(Native Method)
	at sun.reflect.NativeMethodAccessorImpl.invoke(NativeMethodAccessorImpl.java:39)
	at sun.reflect.DelegatingMethodAccessorImpl.invoke(DelegatingMethodAccessorImpl.java:25)
	at java.lang.reflect.Method.invoke(Method.java:597)
	at org.testng.internal.MethodInvocationHelper.invokeMethod(MethodInvocationHelper.java:80)
	at org.testng.internal.Invoker.invokeMethod(Invoker.java:691)
	at org.testng.internal.Invoker.invokeTestMethod(Invoker.java:883)
	at org.testng.internal.Invoker.invokeTestMethods(Invoker.java:1208)
	at org.testng.internal.TestMethodWorker.invokeTestMethods(TestMethodWorker.java:127)
	at org.testng.internal.TestMethodWorker.run(TestMethodWorker.java:111)
	at org.testng.TestRunner.privateRun(TestRunner.java:758)
	at org.testng.TestRunner.run(TestRunner.java:613)
	at org.testng.SuiteRunner.runTest(SuiteRunner.java:334)
	at org.testng.SuiteRunner.access$000(SuiteRunner.java:37)
	at org.testng.SuiteRunner$SuiteWorker.run(SuiteRunner.java:368)
	at org.testng.internal.thread.ThreadUtil$CountDownLatchedRunnable.run(ThreadUtil.java:165)
	... 3 more
1 error[s]
Node failures:
0 error[s]
	at org.jclouds.compute.internal.BaseComputeService.createNodesInGroup(BaseComputeService.java:208)
	at org.jclouds.compute.internal.BaseComputeService.createNodesInGroup(BaseComputeService.java:216)
	at org.jclouds.compute.internal.BaseComputeService.createNodesInGroup(BaseComputeService.java:221)
	at org.jclouds.vcloud.features.VAppTemplateClientLiveTest.testCaptureVApp(VAppTemplateClientLiveTest.java:122)
	at sun.reflect.NativeMethodAccessorImpl.invoke0(Native Method)
	at sun.reflect.NativeMethodAccessorImpl.invoke(NativeMethodAccessorImpl.java:39)
	at sun.reflect.DelegatingMethodAccessorImpl.invoke(DelegatingMethodAccessorImpl.java:25)
	at java.lang.reflect.Method.invoke(Method.java:597)
	at org.testng.internal.MethodInvocationHelper.invokeMethod(MethodInvocationHelper.java:80)
	at org.testng.internal.Invoker.invokeMethod(Invoker.java:691)
	at org.testng.internal.Invoker.invokeTestMethod(Invoker.java:883)
	at org.testng.internal.Invoker.invokeTestMethods(Invoker.java:1208)
	at org.testng.internal.TestMethodWorker.invokeTestMethods(TestMethodWorker.java:127)
	at org.testng.internal.TestMethodWorker.run(TestMethodWorker.java:111)
	at org.testng.TestRunner.privateRun(TestRunner.java:758)
	at org.testng.TestRunner.run(TestRunner.java:613)
	at org.testng.SuiteRunner.runTest(SuiteRunner.java:334)
	at org.testng.SuiteRunner.access$000(SuiteRunner.java:37)
	at org.testng.SuiteRunner$SuiteWorker.run(SuiteRunner.java:368)
	at org.testng.internal.thread.ThreadUtil$CountDownLatchedRunnable.run(ThreadUtil.java:165)
	at java.util.concurrent.ThreadPoolExecutor$Worker.runTask(ThreadPoolExecutor.java:886)
	at java.util.concurrent.ThreadPoolExecutor$Worker.run(ThreadPoolExecutor.java:908)
	at java.lang.Thread.run(Thread.java:680)
testCreateAndRunAService(org.jclouds.greenhousedata.element.vcloud.compute.GreenHouseDataElementVCloudComputeServiceLiveTest)  Time elapsed: 137.431 sec  <<< FAILURE!
java.lang.AssertionError: failed to open socket [address=68.168.252.139, port=8080] on node [id=https://mycloud.greenhousedata.com/api/v1.0/vApp/vapp-09ada075-23ee-4589-9310-6c6e74eb809d, providerId=https://mycloud.greenhousedata.com/api/v1.0/vApp/vapp-09ada075-23ee-4589-9310-6c6e74eb809d, group=vcd-s, name=vcd-s-746, location=[id=https://mycloud.greenhousedata.com/api/v1.0/vdc/e9cd3387-ac57-4d27-a481-9bee75e0690f, scope=ZONE, description=orgVDC-cloudsoft-Tier1-PAYG, parent=https://mycloud.greenhousedata.com/api/v1.0/org/c076f90a-397a-49fa-89b8-b294c1599cd0, iso3166Codes=[], metadata={}], uri=https://mycloud.greenhousedata.com/api/v1.0/vApp/vapp-09ada075-23ee-4589-9310-6c6e74eb809d, imageId=null, os=[name=Ubuntu 64-Bit, family=ubuntu, version=, arch=null, is64Bit=true, description=Ubuntu Linux (64-bit), osType=UBUNTU_64], state=RUNNING, loginPort=22, hostname=vcd-s-746, privateAddresses=[], publicAddresses=[68.168.252.139], hardware=[id=https://mycloud.greenhousedata.com/api/v1.0/vApp/vapp-09ada075-23ee-4589-9310-6c6e74eb809d, providerId=https://mycloud.greenhousedata.com/api/v1.0/vApp/vapp-09ada075-23ee-4589-9310-6c6e74eb809d, name=vcd-s-746, processors=[[cores=1.0, speed=1.0]], ram=256, volumes=[[id=0, type=LOCAL, size=2.0, device=null, durable=true, isBootDevice=true]], hypervisor=VMware, supportsImage=idEquals(https://mycloud.greenhousedata.com/api/v1.0/vApp/vapp-09ada075-23ee-4589-9310-6c6e74eb809d), tags=[]], loginUser=root, userMetadata={}, tags=[]]:
[output=, error=, exitCode=0][output=, error=, exitCode=0]
	at org.jclouds.compute.BaseComputeServiceLiveTest.trackAvailabilityOfProcessOnNode(BaseComputeServiceLiveTest.java:597)
	at org.jclouds.compute.BaseComputeServiceLiveTest.testCreateAndRunAService(BaseComputeServiceLiveTest.java:708)
	at sun.reflect.NativeMethodAccessorImpl.invoke0(Native Method)
	at sun.reflect.NativeMethodAccessorImpl.invoke(NativeMethodAccessorImpl.java:39)
	at sun.reflect.DelegatingMethodAccessorImpl.invoke(DelegatingMethodAccessorImpl.java:25)
	at java.lang.reflect.Method.invoke(Method.java:597)
	at org.testng.internal.MethodInvocationHelper.invokeMethod(MethodInvocationHelper.java:80)
	at org.testng.internal.Invoker.invokeMethod(Invoker.java:691)
	at org.testng.internal.Invoker.invokeTestMethod(Invoker.java:883)
	at org.testng.internal.Invoker.invokeTestMethods(Invoker.java:1208)
	at org.testng.internal.TestMethodWorker.invokeTestMethods(TestMethodWorker.java:127)
	at org.testng.internal.TestMethodWorker.run(TestMethodWorker.java:111)
	at org.testng.TestRunner.privateRun(TestRunner.java:758)
	at org.testng.TestRunner.run(TestRunner.java:613)
	at org.testng.SuiteRunner.runTest(SuiteRunner.java:334)
	at org.testng.SuiteRunner.access$000(SuiteRunner.java:37)
	at org.testng.SuiteRunner$SuiteWorker.run(SuiteRunner.java:368)
	at org.testng.internal.thread.ThreadUtil$CountDownLatchedRunnable.run(ThreadUtil.java:165)
	at java.util.concurrent.ThreadPoolExecutor$Worker.runTask(ThreadPoolExecutor.java:886)
	at java.util.concurrent.ThreadPoolExecutor$Worker.run(ThreadPoolExecutor.java:908)
	at java.lang.Thread.run(Thread.java:680)
testCreateAnotherNodeWithANewContextToEnsureSharedMemIsntRequired(org.jclouds.greenhousedata.element.vcloud.compute.GreenHouseDataElementVCloudComputeServiceLiveTest)  Time elapsed: 6.667 sec  <<< FAILURE!
java.util.NoSuchElementException: no image matched predicate: And(locationEqualsOrChildOf(https://mycloud.greenhousedata.com/api/v1.0/vdc/e9cd3387-ac57-4d27-a481-9bee75e0690f),And(osFamily(ubuntu),osName(Ubuntu 64-Bit),osDescription(Ubuntu Linux (64-bit)),osVersion(),os64Bit(true)),imageName(UbuntuServer-x64-2GB),imageDescription(This is a special place-holder used for disconnected network interfaces.))
	at org.jclouds.compute.domain.internal.TemplateBuilderImpl.throwNoSuchElementExceptionAfterLoggingImageIds(TemplateBuilderImpl.java:620)
	at org.jclouds.compute.domain.internal.TemplateBuilderImpl.build(TemplateBuilderImpl.java:608)
	at org.jclouds.compute.BaseComputeServiceLiveTest.testCreateAnotherNodeWithANewContextToEnsureSharedMemIsntRequired(BaseComputeServiceLiveTest.java:410)
	at sun.reflect.NativeMethodAccessorImpl.invoke0(Native Method)
	at sun.reflect.NativeMethodAccessorImpl.invoke(NativeMethodAccessorImpl.java:39)
	at sun.reflect.DelegatingMethodAccessorImpl.invoke(DelegatingMethodAccessorImpl.java:25)
	at java.lang.reflect.Method.invoke(Method.java:597)
	at org.testng.internal.MethodInvocationHelper.invokeMethod(MethodInvocationHelper.java:80)
	at org.testng.internal.Invoker.invokeMethod(Invoker.java:691)
	at org.testng.internal.Invoker.invokeTestMethod(Invoker.java:883)
	at org.testng.internal.Invoker.invokeTestMethods(Invoker.java:1208)
	at org.testng.internal.TestMethodWorker.invokeTestMethods(TestMethodWorker.java:127)
	at org.testng.internal.TestMethodWorker.run(TestMethodWorker.java:111)
	at org.testng.TestRunner.privateRun(TestRunner.java:758)
	at org.testng.TestRunner.run(TestRunner.java:613)
	at org.testng.SuiteRunner.runTest(SuiteRunner.java:334)
	at org.testng.SuiteRunner.access$000(SuiteRunner.java:37)
	at org.testng.SuiteRunner$SuiteWorker.run(SuiteRunner.java:368)
	at org.testng.internal.thread.ThreadUtil$CountDownLatchedRunnable.run(ThreadUtil.java:165)
	at java.util.concurrent.ThreadPoolExecutor$Worker.runTask(ThreadPoolExecutor.java:886)
	at java.util.concurrent.ThreadPoolExecutor$Worker.run(ThreadPoolExecutor.java:908)
	at java.lang.Thread.run(Thread.java:680)
