[INFO] Scanning for projects...
[WARNING] 
[WARNING] Some problems were encountered while building the effective model for org.jclouds.provider:openhosting-east1:bundle:1.4.0-SNAPSHOT
[WARNING] 'parent.relativePath' of POM org.jclouds:jclouds-project:1.4.0-SNAPSHOT (/Users/adriancole/workspace/git/1.4.x/jclouds/project/pom.xml) points at org.jclouds:jclouds-multi instead of org.sonatype.oss:oss-parent, please verify your project structure @ org.jclouds:jclouds-project:1.4.0-SNAPSHOT, /Users/adriancole/workspace/git/1.4.x/jclouds/project/pom.xml, line 24, column 13
[WARNING] 
[WARNING] It is highly recommended to fix these problems because they threaten the stability of your build.
[WARNING] 
[WARNING] For this reason, future Maven versions might no longer support building such malformed projects.
[WARNING] 
[INFO]                                                                         
[INFO] ------------------------------------------------------------------------
[INFO] Building jclouds Open Hosting East1 provider 1.4.0-SNAPSHOT
[INFO] ------------------------------------------------------------------------
[INFO] 
[INFO] --- maven-clean-plugin:2.4.1:clean (default-clean) @ openhosting-east1 ---
[INFO] 
[INFO] --- maven-enforcer-plugin:1.0.1:enforce (enforce-maven) @ openhosting-east1 ---
[INFO] 
[INFO] --- maven-enforcer-plugin:1.0.1:enforce (enforce-banned-dependencies) @ openhosting-east1 ---
[INFO] 
[INFO] --- maven-enforcer-plugin:1.0.1:enforce (enforce-java) @ openhosting-east1 ---
[INFO] 
[INFO] --- maven-remote-resources-plugin:1.2:process (process-remote-resources) @ openhosting-east1 ---
[INFO] Setting property: classpath.resource.loader.class => 'org.codehaus.plexus.velocity.ContextClassLoaderResourceLoader'.
[INFO] Setting property: velocimacro.messages.on => 'false'.
[INFO] Setting property: resource.loader => 'classpath'.
[INFO] Setting property: resource.manager.logwhenfound => 'false'.
[INFO] 
[INFO] --- maven-resources-plugin:2.4.2:resources (default-resources) @ openhosting-east1 ---
[INFO] Using 'UTF-8' encoding to copy filtered resources.
[INFO] skip non existing resourceDirectory /Users/adriancole/workspace/git/1.4.x/jclouds/providers/openhosting-east1/src/main/clojure
[INFO] Copying 2 resources
[INFO] Copying 2 resources
[INFO] 
[INFO] --- maven-compiler-plugin:2.3:compile (default-compile) @ openhosting-east1 ---
[INFO] Compiling 4 source files to /Users/adriancole/workspace/git/1.4.x/jclouds/providers/openhosting-east1/target/classes
[INFO] 
[INFO] --- maven-resources-plugin:2.4.2:testResources (default-testResources) @ openhosting-east1 ---
[INFO] Using 'UTF-8' encoding to copy filtered resources.
[INFO] skip non existing resourceDirectory /Users/adriancole/workspace/git/1.4.x/jclouds/providers/openhosting-east1/src/test/clojure
[INFO] skip non existing resourceDirectory /Users/adriancole/workspace/git/1.4.x/jclouds/providers/openhosting-east1/src/test/resources
[INFO] Copying 2 resources
[INFO] 
[INFO] --- maven-compiler-plugin:2.3:testCompile (default-testCompile) @ openhosting-east1 ---
[INFO] Compiling 4 source files to /Users/adriancole/workspace/git/1.4.x/jclouds/providers/openhosting-east1/target/test-classes
[INFO] 
[INFO] --- maven-surefire-plugin:2.10:test (default-test) @ openhosting-east1 ---
[INFO] Surefire report directory: /Users/adriancole/workspace/git/1.4.x/jclouds/providers/openhosting-east1/target/surefire-reports
[INFO] Using configured provider org.apache.maven.surefire.testng.TestNGProvider

-------------------------------------------------------
 T E S T S
-------------------------------------------------------
Running org.jclouds.openhosting.OpenHostingEast1ProviderTest
Starting test testAllContains(org.jclouds.openhosting.OpenHostingEast1ProviderTest)
Starting test testWithId(org.jclouds.openhosting.OpenHostingEast1ProviderTest)
Starting test testOfTypeContains(org.jclouds.openhosting.OpenHostingEast1ProviderTest)
Starting test testInRestProperties(org.jclouds.openhosting.OpenHostingEast1ProviderTest)
[pool-2-thread-4] Test testWithId(org.jclouds.openhosting.OpenHostingEast1ProviderTest) succeeded: 67ms
Test suite progress: tests succeeded: 1, failed: 0, skipped: 0.
[pool-2-thread-1] Test testAllContains(org.jclouds.openhosting.OpenHostingEast1ProviderTest) succeeded: 101ms
Test suite progress: tests succeeded: 2, failed: 0, skipped: 0.
[pool-2-thread-3] Test testOfTypeContains(org.jclouds.openhosting.OpenHostingEast1ProviderTest) succeeded: 67ms
Test suite progress: tests succeeded: 3, failed: 0, skipped: 0.
[pool-2-thread-2] Test testInRestProperties(org.jclouds.openhosting.OpenHostingEast1ProviderTest) succeeded: 93ms
Test suite progress: tests succeeded: 4, failed: 0, skipped: 0.
Tests run: 4, Failures: 0, Errors: 0, Skipped: 0, Time elapsed: 0.632 sec

Results :

Tests run: 4, Failures: 0, Errors: 0, Skipped: 0

[INFO] 
[INFO] --- clojure-maven-plugin:1.3.8:test (test-clojure) @ openhosting-east1 ---

Testing com.theoryinpractise.clojure.testrunner

Ran 0 tests containing 0 assertions.
0 failures, 0 errors.
[INFO] 
[INFO] --- maven-bundle-plugin:2.3.4:bundle (default-bundle) @ openhosting-east1 ---
[INFO] 
[INFO] --- maven-source-plugin:2.1.1:jar-no-fork (attach-sources) @ openhosting-east1 ---
[INFO] Building jar: /Users/adriancole/workspace/git/1.4.x/jclouds/providers/openhosting-east1/target/openhosting-east1-1.4.0-SNAPSHOT-sources.jar
[INFO] 
[INFO] --- maven-javadoc-plugin:2.8:jar (javadoc) @ openhosting-east1 ---
[INFO] Skipping javadoc generation
[INFO] 
[INFO] --- maven-jar-plugin:2.3.1:test-jar (default) @ openhosting-east1 ---
[INFO] Building jar: /Users/adriancole/workspace/git/1.4.x/jclouds/providers/openhosting-east1/target/openhosting-east1-1.4.0-SNAPSHOT-tests.jar
[INFO] 
[INFO] --- maven-surefire-plugin:2.10:test (integration) @ openhosting-east1 ---
[INFO] Surefire report directory: /Users/adriancole/workspace/git/1.4.x/jclouds/providers/openhosting-east1/target/surefire-reports
[INFO] Using configured provider org.apache.maven.surefire.testng.TestNGProvider

-------------------------------------------------------
 T E S T S
-------------------------------------------------------
Running TestSuite
Starting test testCompareSizes(org.jclouds.openhosting.compute.OpenHostingEast1TemplateBuilderLiveTest)
Starting test setServiceDefaults(org.jclouds.openhosting.compute.OpenHostingEast1ComputeServiceLiveTest)
[TestNG] Test setServiceDefaults(org.jclouds.openhosting.compute.OpenHostingEast1ComputeServiceLiveTest) succeeded: 0ms
Test suite progress: tests succeeded: 1, failed: 0, skipped: 0.
Starting test testCompareSizes(org.jclouds.openhosting.compute.OpenHostingEast1ComputeServiceLiveTest)
Feb 5, 2012 12:55:27 AM org.jclouds.compute.BaseComputeServiceLiveTest testCompareSizes
INFO: smallest [id=cpu=1000.000000,ram=512,disk=1.000000, providerId=cpu=1000.000000,ram=512,disk=1.000000, name=null, processors=[[cores=1.0, speed=1000.0]], ram=512, volumes=[[id=null, type=LOCAL, size=1.0, device=null, durable=true, isBootDevice=true]], hypervisor=kvm, supportsImage=sizeLessThanOrEqual(1.0), tags=[]]
Feb 5, 2012 12:55:27 AM org.jclouds.compute.BaseComputeServiceLiveTest testCompareSizes
INFO: fastest [id=cpu=20000.000000,ram=512,disk=20.000000, providerId=cpu=20000.000000,ram=512,disk=20.000000, name=null, processors=[[cores=1.0, speed=20000.0]], ram=512, volumes=[[id=null, type=LOCAL, size=20.0, device=null, durable=true, isBootDevice=true]], hypervisor=kvm, supportsImage=sizeLessThanOrEqual(20.0), tags=[]]
Feb 5, 2012 12:55:27 AM org.jclouds.compute.BaseComputeServiceLiveTest testCompareSizes
INFO: biggest [id=cpu=20000.000000,ram=8192,disk=20.000000, providerId=cpu=20000.000000,ram=8192,disk=20.000000, name=null, processors=[[cores=1.0, speed=20000.0]], ram=8192, volumes=[[id=null, type=LOCAL, size=20.0, device=null, durable=true, isBootDevice=true]], hypervisor=kvm, supportsImage=sizeLessThanOrEqual(20.0), tags=[]]
smallest [id=cpu=1000.000000,ram=512,disk=1.000000, providerId=cpu=1000.000000,ram=512,disk=1.000000, name=null, processors=[[cores=1.0, speed=1000.0]], ram=512, volumes=[[id=null, type=LOCAL, size=1.0, device=null, durable=true, isBootDevice=true]], hypervisor=kvm, supportsImage=sizeLessThanOrEqual(1.0), tags=[]]
fastest [id=cpu=20000.000000,ram=512,disk=20.000000, providerId=cpu=20000.000000,ram=512,disk=20.000000, name=null, processors=[[cores=1.0, speed=20000.0]], ram=512, volumes=[[id=null, type=LOCAL, size=20.0, device=null, durable=true, isBootDevice=true]], hypervisor=kvm, supportsImage=sizeLessThanOrEqual(20.0), tags=[]]
biggest [id=cpu=20000.000000,ram=8192,disk=20.000000, providerId=cpu=20000.000000,ram=8192,disk=20.000000, name=null, processors=[[cores=1.0, speed=20000.0]], ram=8192, volumes=[[id=null, type=LOCAL, size=20.0, device=null, durable=true, isBootDevice=true]], hypervisor=kvm, supportsImage=sizeLessThanOrEqual(20.0), tags=[]]
[TestNG] Test testCompareSizes(org.jclouds.openhosting.compute.OpenHostingEast1ComputeServiceLiveTest) succeeded: 5451ms
Test suite progress: tests succeeded: 2, failed: 0, skipped: 0.
Starting test testCorrectAuthException(org.jclouds.openhosting.compute.OpenHostingEast1ComputeServiceLiveTest)
Starting test testCreateDrive(org.jclouds.openhosting.OpenHostingEast1ClientLiveTest)
[TestNG] Test testCompareSizes(org.jclouds.openhosting.compute.OpenHostingEast1TemplateBuilderLiveTest) succeeded: 6352ms
Test suite progress: tests succeeded: 3, failed: 0, skipped: 0.
Starting test testFromTemplate(org.jclouds.openhosting.compute.OpenHostingEast1TemplateBuilderLiveTest)
[TestNG] Test testFromTemplate(org.jclouds.openhosting.compute.OpenHostingEast1TemplateBuilderLiveTest) succeeded: 12ms
Test suite progress: tests succeeded: 4, failed: 0, skipped: 0.
Starting test testGetAssignableLocations(org.jclouds.openhosting.compute.OpenHostingEast1TemplateBuilderLiveTest)
location [id=openhosting-east1, scope=PROVIDER, description=https://api.east1.openhosting.com, parent=null, iso3166Codes=[US-FL], metadata={}]
[TestNG] Test testGetAssignableLocations(org.jclouds.openhosting.compute.OpenHostingEast1TemplateBuilderLiveTest) succeeded: 0ms
Test suite progress: tests succeeded: 5, failed: 0, skipped: 0.
Starting test testTemplateBuilderCanFind(org.jclouds.openhosting.compute.OpenHostingEast1TemplateBuilderLiveTest)
[TestNG] Test testTemplateBuilderCanFind(org.jclouds.openhosting.compute.OpenHostingEast1TemplateBuilderLiveTest) succeeded: 3ms
Test suite progress: tests succeeded: 6, failed: 0, skipped: 0.
Starting test testTemplateBuilderCanFind(org.jclouds.openhosting.compute.OpenHostingEast1TemplateBuilderLiveTest)
[TestNG] Test testTemplateBuilderCanFind(org.jclouds.openhosting.compute.OpenHostingEast1TemplateBuilderLiveTest) succeeded: 9ms
Test suite progress: tests succeeded: 7, failed: 0, skipped: 0.
Starting test testTemplateBuilderCanFind(org.jclouds.openhosting.compute.OpenHostingEast1TemplateBuilderLiveTest)
[TestNG] Test testTemplateBuilderCanFind(org.jclouds.openhosting.compute.OpenHostingEast1TemplateBuilderLiveTest) succeeded: 1ms
Test suite progress: tests succeeded: 8, failed: 0, skipped: 0.
Starting test testTemplateBuilderCanFind(org.jclouds.openhosting.compute.OpenHostingEast1TemplateBuilderLiveTest)
[TestNG] Test testTemplateBuilderCanFind(org.jclouds.openhosting.compute.OpenHostingEast1TemplateBuilderLiveTest) succeeded: 26ms
Test suite progress: tests succeeded: 9, failed: 0, skipped: 0.
Starting test testTemplateBuilderCanFind(org.jclouds.openhosting.compute.OpenHostingEast1TemplateBuilderLiveTest)
[TestNG] Test testTemplateBuilderCanFind(org.jclouds.openhosting.compute.OpenHostingEast1TemplateBuilderLiveTest) succeeded: 3ms
Test suite progress: tests succeeded: 10, failed: 0, skipped: 0.
Starting test testTemplateBuilderCanFind(org.jclouds.openhosting.compute.OpenHostingEast1TemplateBuilderLiveTest)
[TestNG] Test testTemplateBuilderCanFind(org.jclouds.openhosting.compute.OpenHostingEast1TemplateBuilderLiveTest) succeeded: 2ms
Test suite progress: tests succeeded: 11, failed: 0, skipped: 0.
Starting test testTemplateBuilderCanFind(org.jclouds.openhosting.compute.OpenHostingEast1TemplateBuilderLiveTest)
[TestNG] Test testTemplateBuilderCanFind(org.jclouds.openhosting.compute.OpenHostingEast1TemplateBuilderLiveTest) succeeded: 25ms
Test suite progress: tests succeeded: 12, failed: 0, skipped: 0.
Starting test testTemplateBuilderCanFind(org.jclouds.openhosting.compute.OpenHostingEast1TemplateBuilderLiveTest)
[TestNG] Test testTemplateBuilderCanFind(org.jclouds.openhosting.compute.OpenHostingEast1TemplateBuilderLiveTest) succeeded: 3ms
Test suite progress: tests succeeded: 13, failed: 0, skipped: 0.
Starting test testTemplateBuilderCanFind(org.jclouds.openhosting.compute.OpenHostingEast1TemplateBuilderLiveTest)
[TestNG] Test testTemplateBuilderCanFind(org.jclouds.openhosting.compute.OpenHostingEast1TemplateBuilderLiveTest) succeeded: 2ms
Test suite progress: tests succeeded: 14, failed: 0, skipped: 0.
Starting test testTemplateBuilderCanFind(org.jclouds.openhosting.compute.OpenHostingEast1TemplateBuilderLiveTest)
[TestNG] Test testTemplateBuilderCanFind(org.jclouds.openhosting.compute.OpenHostingEast1TemplateBuilderLiveTest) succeeded: 1ms
Test suite progress: tests succeeded: 15, failed: 0, skipped: 0.
Starting test testTemplateBuilderCanFind(org.jclouds.openhosting.compute.OpenHostingEast1TemplateBuilderLiveTest)
[TestNG] Test testTemplateBuilderCanFind(org.jclouds.openhosting.compute.OpenHostingEast1TemplateBuilderLiveTest) succeeded: 2ms
Test suite progress: tests succeeded: 16, failed: 0, skipped: 0.
Starting test testTemplateBuilderCanUseImageId(org.jclouds.openhosting.compute.OpenHostingEast1TemplateBuilderLiveTest)
[TestNG] Test testCreateDrive(org.jclouds.openhosting.OpenHostingEast1ClientLiveTest) failed.
Test suite progress: tests succeeded: 16, failed: 1, skipped: 0.
Starting test testGetDrive(org.jclouds.openhosting.OpenHostingEast1ClientLiveTest)
[TestNG] Test testGetDrive(org.jclouds.openhosting.OpenHostingEast1ClientLiveTest) succeeded: 474ms
Test suite progress: tests succeeded: 17, failed: 1, skipped: 0.
Starting test testGetServer(org.jclouds.openhosting.OpenHostingEast1ClientLiveTest)
[TestNG] Test testCorrectAuthException(org.jclouds.openhosting.compute.OpenHostingEast1ComputeServiceLiveTest) succeeded: 1383ms
Test suite progress: tests succeeded: 18, failed: 1, skipped: 0.
Starting test testCreateAndRunAService(org.jclouds.openhosting.compute.OpenHostingEast1ComputeServiceLiveTest)
[TestNG] Test testGetServer(org.jclouds.openhosting.OpenHostingEast1ClientLiveTest) succeeded: 485ms
Test suite progress: tests succeeded: 19, failed: 1, skipped: 0.
Starting test testListDriveInfo(org.jclouds.openhosting.OpenHostingEast1ClientLiveTest)
[TestNG] Test testListDriveInfo(org.jclouds.openhosting.OpenHostingEast1ClientLiveTest) succeeded: 475ms
Test suite progress: tests succeeded: 20, failed: 1, skipped: 0.
Starting test testListDrives(org.jclouds.openhosting.OpenHostingEast1ClientLiveTest)
[TestNG] Test testListDrives(org.jclouds.openhosting.OpenHostingEast1ClientLiveTest) succeeded: 484ms
Test suite progress: tests succeeded: 21, failed: 1, skipped: 0.
Starting test testListServers(org.jclouds.openhosting.OpenHostingEast1ClientLiveTest)
[TestNG] Test testListServers(org.jclouds.openhosting.OpenHostingEast1ClientLiveTest) succeeded: 471ms
Test suite progress: tests succeeded: 22, failed: 1, skipped: 0.
Starting test testWeCanReadAndWriteToDrive(org.jclouds.openhosting.OpenHostingEast1ClientLiveTest)
[TestNG] Test testCreateAndRunAService(org.jclouds.openhosting.compute.OpenHostingEast1ComputeServiceLiveTest) failed.
Test suite progress: tests succeeded: 22, failed: 2, skipped: 0.
Starting test testGetAssignableLocations(org.jclouds.openhosting.compute.OpenHostingEast1ComputeServiceLiveTest)
Feb 5, 2012 12:55:30 AM org.jclouds.compute.BaseComputeServiceLiveTest testGetAssignableLocations
WARNING: location [id=openhosting-east1, scope=PROVIDER, description=https://api.east1.openhosting.com, parent=null, iso3166Codes=[US-FL], metadata={}]
[TestNG] Test testGetAssignableLocations(org.jclouds.openhosting.compute.OpenHostingEast1ComputeServiceLiveTest) succeeded: 1ms
Test suite progress: tests succeeded: 23, failed: 2, skipped: 0.
Starting test testImagesCache(org.jclouds.openhosting.compute.OpenHostingEast1ComputeServiceLiveTest)
[TestNG] Test testImagesCache(org.jclouds.openhosting.compute.OpenHostingEast1ComputeServiceLiveTest) succeeded: 0ms
Test suite progress: tests succeeded: 24, failed: 2, skipped: 0.
Starting test testListImages(org.jclouds.openhosting.compute.OpenHostingEast1ComputeServiceLiveTest)
[TestNG] Test testListImages(org.jclouds.openhosting.compute.OpenHostingEast1ComputeServiceLiveTest) succeeded: 0ms
Test suite progress: tests succeeded: 25, failed: 2, skipped: 0.
Starting test testListSizes(org.jclouds.openhosting.compute.OpenHostingEast1ComputeServiceLiveTest)
[TestNG] Test testListSizes(org.jclouds.openhosting.compute.OpenHostingEast1ComputeServiceLiveTest) succeeded: 1ms
Test suite progress: tests succeeded: 26, failed: 2, skipped: 0.
Starting test testOptionToNotBlock(org.jclouds.openhosting.compute.OpenHostingEast1ComputeServiceLiveTest)
[TestNG] Test testOptionToNotBlock(org.jclouds.openhosting.compute.OpenHostingEast1ComputeServiceLiveTest) succeeded: 0ms
Test suite progress: tests succeeded: 27, failed: 2, skipped: 0.
Starting test testCorrectExceptionRunningNodesNotFound(org.jclouds.openhosting.compute.OpenHostingEast1ComputeServiceLiveTest)
[TestNG] Test testWeCanReadAndWriteToDrive(org.jclouds.openhosting.OpenHostingEast1ClientLiveTest) failed.
Test suite progress: tests succeeded: 27, failed: 3, skipped: 0.
Starting test testListServerInfo(org.jclouds.openhosting.OpenHostingEast1ClientLiveTest)
[TestNG] Test testTemplateBuilderCanUseImageId(org.jclouds.openhosting.compute.OpenHostingEast1TemplateBuilderLiveTest) succeeded: 3760ms
Test suite progress: tests succeeded: 28, failed: 3, skipped: 0.
Starting test testTemplateBuilderCannotFind(org.jclouds.openhosting.compute.OpenHostingEast1TemplateBuilderLiveTest)
[TestNG] Test testTemplateBuilderCannotFind(org.jclouds.openhosting.compute.OpenHostingEast1TemplateBuilderLiveTest) succeeded: 1ms
Test suite progress: tests succeeded: 29, failed: 3, skipped: 0.
Starting test testTemplateBuilderCannotFind(org.jclouds.openhosting.compute.OpenHostingEast1TemplateBuilderLiveTest)
[TestNG] Test testTemplateBuilderCannotFind(org.jclouds.openhosting.compute.OpenHostingEast1TemplateBuilderLiveTest) succeeded: 1ms
Test suite progress: tests succeeded: 30, failed: 3, skipped: 0.
Starting test testTemplateBuilderCannotFind(org.jclouds.openhosting.compute.OpenHostingEast1TemplateBuilderLiveTest)
[TestNG] Test testTemplateBuilderCannotFind(org.jclouds.openhosting.compute.OpenHostingEast1TemplateBuilderLiveTest) succeeded: 2ms
Test suite progress: tests succeeded: 31, failed: 3, skipped: 0.
Starting test testTemplateBuilderCannotFind(org.jclouds.openhosting.compute.OpenHostingEast1TemplateBuilderLiveTest)
[TestNG] Test testTemplateBuilderCannotFind(org.jclouds.openhosting.compute.OpenHostingEast1TemplateBuilderLiveTest) succeeded: 1ms
Test suite progress: tests succeeded: 32, failed: 3, skipped: 0.
Starting test testTemplateBuilderCannotFind(org.jclouds.openhosting.compute.OpenHostingEast1TemplateBuilderLiveTest)
[TestNG] Test testTemplateBuilderCannotFind(org.jclouds.openhosting.compute.OpenHostingEast1TemplateBuilderLiveTest) succeeded: 0ms
Test suite progress: tests succeeded: 33, failed: 3, skipped: 0.
Starting test testTemplateBuilderCannotFind(org.jclouds.openhosting.compute.OpenHostingEast1TemplateBuilderLiveTest)
[TestNG] Test testTemplateBuilderCannotFind(org.jclouds.openhosting.compute.OpenHostingEast1TemplateBuilderLiveTest) succeeded: 1ms
Test suite progress: tests succeeded: 34, failed: 3, skipped: 0.
Starting test testTemplateBuilderCannotFind(org.jclouds.openhosting.compute.OpenHostingEast1TemplateBuilderLiveTest)
[TestNG] Test testTemplateBuilderCannotFind(org.jclouds.openhosting.compute.OpenHostingEast1TemplateBuilderLiveTest) succeeded: 0ms
Test suite progress: tests succeeded: 35, failed: 3, skipped: 0.
Starting test testTemplateBuilderCannotFind(org.jclouds.openhosting.compute.OpenHostingEast1TemplateBuilderLiveTest)
[TestNG] Test testTemplateBuilderCannotFind(org.jclouds.openhosting.compute.OpenHostingEast1TemplateBuilderLiveTest) succeeded: 0ms
Test suite progress: tests succeeded: 36, failed: 3, skipped: 0.
Starting test testTemplateBuilderCannotFind(org.jclouds.openhosting.compute.OpenHostingEast1TemplateBuilderLiveTest)
[TestNG] Test testTemplateBuilderCannotFind(org.jclouds.openhosting.compute.OpenHostingEast1TemplateBuilderLiveTest) succeeded: 1ms
Test suite progress: tests succeeded: 37, failed: 3, skipped: 0.
Starting test testTemplateBuilderCannotFind(org.jclouds.openhosting.compute.OpenHostingEast1TemplateBuilderLiveTest)
[TestNG] Test testTemplateBuilderCannotFind(org.jclouds.openhosting.compute.OpenHostingEast1TemplateBuilderLiveTest) succeeded: 0ms
Test suite progress: tests succeeded: 38, failed: 3, skipped: 0.
Starting test testTemplateBuilderCannotFind(org.jclouds.openhosting.compute.OpenHostingEast1TemplateBuilderLiveTest)
[TestNG] Test testTemplateBuilderCannotFind(org.jclouds.openhosting.compute.OpenHostingEast1TemplateBuilderLiveTest) succeeded: 1ms
Test suite progress: tests succeeded: 39, failed: 3, skipped: 0.
Starting test testTemplateBuilderCannotFind(org.jclouds.openhosting.compute.OpenHostingEast1TemplateBuilderLiveTest)
[TestNG] Test testTemplateBuilderCannotFind(org.jclouds.openhosting.compute.OpenHostingEast1TemplateBuilderLiveTest) succeeded: 0ms
Test suite progress: tests succeeded: 40, failed: 3, skipped: 0.
Starting test testTemplateBuilderCannotFind(org.jclouds.openhosting.compute.OpenHostingEast1TemplateBuilderLiveTest)
[TestNG] Test testTemplateBuilderCannotFind(org.jclouds.openhosting.compute.OpenHostingEast1TemplateBuilderLiveTest) succeeded: 1ms
Test suite progress: tests succeeded: 41, failed: 3, skipped: 0.
Starting test testTemplateBuilderCannotFind(org.jclouds.openhosting.compute.OpenHostingEast1TemplateBuilderLiveTest)
[TestNG] Test testTemplateBuilderCannotFind(org.jclouds.openhosting.compute.OpenHostingEast1TemplateBuilderLiveTest) succeeded: 0ms
Test suite progress: tests succeeded: 42, failed: 3, skipped: 0.
Starting test testTemplateBuilderCannotFind(org.jclouds.openhosting.compute.OpenHostingEast1TemplateBuilderLiveTest)
[TestNG] Test testTemplateBuilderCannotFind(org.jclouds.openhosting.compute.OpenHostingEast1TemplateBuilderLiveTest) succeeded: 1ms
Test suite progress: tests succeeded: 43, failed: 3, skipped: 0.
Starting test testTemplateBuilderCannotFind(org.jclouds.openhosting.compute.OpenHostingEast1TemplateBuilderLiveTest)
[TestNG] Test testTemplateBuilderCannotFind(org.jclouds.openhosting.compute.OpenHostingEast1TemplateBuilderLiveTest) succeeded: 1ms
Test suite progress: tests succeeded: 44, failed: 3, skipped: 0.
Starting test testTemplateBuilderCannotFind(org.jclouds.openhosting.compute.OpenHostingEast1TemplateBuilderLiveTest)
[TestNG] Test testTemplateBuilderCannotFind(org.jclouds.openhosting.compute.OpenHostingEast1TemplateBuilderLiveTest) succeeded: 0ms
Test suite progress: tests succeeded: 45, failed: 3, skipped: 0.
Starting test testTemplateBuilderCannotFind(org.jclouds.openhosting.compute.OpenHostingEast1TemplateBuilderLiveTest)
[TestNG] Test testTemplateBuilderCannotFind(org.jclouds.openhosting.compute.OpenHostingEast1TemplateBuilderLiveTest) succeeded: 1ms
Test suite progress: tests succeeded: 46, failed: 3, skipped: 0.
Starting test testTemplateBuilderCannotFind(org.jclouds.openhosting.compute.OpenHostingEast1TemplateBuilderLiveTest)
[TestNG] Test testTemplateBuilderCannotFind(org.jclouds.openhosting.compute.OpenHostingEast1TemplateBuilderLiveTest) succeeded: 1ms
Test suite progress: tests succeeded: 47, failed: 3, skipped: 0.
Starting test testTemplateBuilderCannotFind(org.jclouds.openhosting.compute.OpenHostingEast1TemplateBuilderLiveTest)
[TestNG] Test testTemplateBuilderCannotFind(org.jclouds.openhosting.compute.OpenHostingEast1TemplateBuilderLiveTest) succeeded: 13ms
Test suite progress: tests succeeded: 48, failed: 3, skipped: 0.
Starting test testTemplateBuilderCannotFind(org.jclouds.openhosting.compute.OpenHostingEast1TemplateBuilderLiveTest)
[TestNG] Test testTemplateBuilderCannotFind(org.jclouds.openhosting.compute.OpenHostingEast1TemplateBuilderLiveTest) succeeded: 4ms
Test suite progress: tests succeeded: 49, failed: 3, skipped: 0.
Starting test testTemplateBuilderCannotFind(org.jclouds.openhosting.compute.OpenHostingEast1TemplateBuilderLiveTest)
[TestNG] Test testTemplateBuilderCannotFind(org.jclouds.openhosting.compute.OpenHostingEast1TemplateBuilderLiveTest) succeeded: 2ms
Test suite progress: tests succeeded: 50, failed: 3, skipped: 0.
Starting test testTemplateBuilderCannotFind(org.jclouds.openhosting.compute.OpenHostingEast1TemplateBuilderLiveTest)
[TestNG] Test testTemplateBuilderCannotFind(org.jclouds.openhosting.compute.OpenHostingEast1TemplateBuilderLiveTest) succeeded: 4ms
Test suite progress: tests succeeded: 51, failed: 3, skipped: 0.
Starting test testTemplateBuilderCannotFind(org.jclouds.openhosting.compute.OpenHostingEast1TemplateBuilderLiveTest)
[TestNG] Test testTemplateBuilderCannotFind(org.jclouds.openhosting.compute.OpenHostingEast1TemplateBuilderLiveTest) succeeded: 0ms
Test suite progress: tests succeeded: 52, failed: 3, skipped: 0.
Starting test testTemplateBuilderCannotFind(org.jclouds.openhosting.compute.OpenHostingEast1TemplateBuilderLiveTest)
[TestNG] Test testTemplateBuilderCannotFind(org.jclouds.openhosting.compute.OpenHostingEast1TemplateBuilderLiveTest) succeeded: 0ms
Test suite progress: tests succeeded: 53, failed: 3, skipped: 0.
Starting test testTemplateBuilderCannotFind(org.jclouds.openhosting.compute.OpenHostingEast1TemplateBuilderLiveTest)
[TestNG] Test testTemplateBuilderCannotFind(org.jclouds.openhosting.compute.OpenHostingEast1TemplateBuilderLiveTest) succeeded: 1ms
Test suite progress: tests succeeded: 54, failed: 3, skipped: 0.
Starting test testTemplateBuilderCannotFind(org.jclouds.openhosting.compute.OpenHostingEast1TemplateBuilderLiveTest)
[TestNG] Test testTemplateBuilderCannotFind(org.jclouds.openhosting.compute.OpenHostingEast1TemplateBuilderLiveTest) succeeded: 0ms
Test suite progress: tests succeeded: 55, failed: 3, skipped: 0.
Starting test testTemplateBuilderCannotFind(org.jclouds.openhosting.compute.OpenHostingEast1TemplateBuilderLiveTest)
[TestNG] Test testTemplateBuilderCannotFind(org.jclouds.openhosting.compute.OpenHostingEast1TemplateBuilderLiveTest) succeeded: 1ms
Test suite progress: tests succeeded: 56, failed: 3, skipped: 0.
Starting test testTemplateBuilderCannotFind(org.jclouds.openhosting.compute.OpenHostingEast1TemplateBuilderLiveTest)
[TestNG] Test testTemplateBuilderCannotFind(org.jclouds.openhosting.compute.OpenHostingEast1TemplateBuilderLiveTest) succeeded: 6ms
Test suite progress: tests succeeded: 57, failed: 3, skipped: 0.
Starting test testTemplateBuilderCannotFind(org.jclouds.openhosting.compute.OpenHostingEast1TemplateBuilderLiveTest)
[TestNG] Test testTemplateBuilderCannotFind(org.jclouds.openhosting.compute.OpenHostingEast1TemplateBuilderLiveTest) succeeded: 1ms
Test suite progress: tests succeeded: 58, failed: 3, skipped: 0.
Starting test testTemplateBuilderCannotFind(org.jclouds.openhosting.compute.OpenHostingEast1TemplateBuilderLiveTest)
[TestNG] Test testTemplateBuilderCannotFind(org.jclouds.openhosting.compute.OpenHostingEast1TemplateBuilderLiveTest) succeeded: 1ms
Test suite progress: tests succeeded: 59, failed: 3, skipped: 0.
Starting test testTemplateBuilderCannotFind(org.jclouds.openhosting.compute.OpenHostingEast1TemplateBuilderLiveTest)
[TestNG] Test testTemplateBuilderCannotFind(org.jclouds.openhosting.compute.OpenHostingEast1TemplateBuilderLiveTest) succeeded: 1ms
Test suite progress: tests succeeded: 60, failed: 3, skipped: 0.
Starting test testTemplateBuilderCannotFind(org.jclouds.openhosting.compute.OpenHostingEast1TemplateBuilderLiveTest)
[TestNG] Test testTemplateBuilderCannotFind(org.jclouds.openhosting.compute.OpenHostingEast1TemplateBuilderLiveTest) succeeded: 14ms
Test suite progress: tests succeeded: 61, failed: 3, skipped: 0.
Starting test testTemplateBuilderCannotFind(org.jclouds.openhosting.compute.OpenHostingEast1TemplateBuilderLiveTest)
[TestNG] Test testTemplateBuilderCannotFind(org.jclouds.openhosting.compute.OpenHostingEast1TemplateBuilderLiveTest) succeeded: 2ms
Test suite progress: tests succeeded: 62, failed: 3, skipped: 0.
Starting test testTemplateBuilderCannotFind(org.jclouds.openhosting.compute.OpenHostingEast1TemplateBuilderLiveTest)
[TestNG] Test testTemplateBuilderCannotFind(org.jclouds.openhosting.compute.OpenHostingEast1TemplateBuilderLiveTest) succeeded: 2ms
Test suite progress: tests succeeded: 63, failed: 3, skipped: 0.
Starting test testTemplateBuilderCannotFind(org.jclouds.openhosting.compute.OpenHostingEast1TemplateBuilderLiveTest)
[TestNG] Test testTemplateBuilderCannotFind(org.jclouds.openhosting.compute.OpenHostingEast1TemplateBuilderLiveTest) succeeded: 0ms
Test suite progress: tests succeeded: 64, failed: 3, skipped: 0.
Starting test testTemplateBuilderCannotFind(org.jclouds.openhosting.compute.OpenHostingEast1TemplateBuilderLiveTest)
[TestNG] Test testTemplateBuilderCannotFind(org.jclouds.openhosting.compute.OpenHostingEast1TemplateBuilderLiveTest) succeeded: 1ms
Test suite progress: tests succeeded: 65, failed: 3, skipped: 0.
Starting test testTemplateBuilderCannotFind(org.jclouds.openhosting.compute.OpenHostingEast1TemplateBuilderLiveTest)
[TestNG] Test testTemplateBuilderCannotFind(org.jclouds.openhosting.compute.OpenHostingEast1TemplateBuilderLiveTest) succeeded: 0ms
Test suite progress: tests succeeded: 66, failed: 3, skipped: 0.
Starting test testTemplateBuilderCannotFind(org.jclouds.openhosting.compute.OpenHostingEast1TemplateBuilderLiveTest)
[TestNG] Test testTemplateBuilderCannotFind(org.jclouds.openhosting.compute.OpenHostingEast1TemplateBuilderLiveTest) succeeded: 1ms
Test suite progress: tests succeeded: 67, failed: 3, skipped: 0.
Starting test testTemplateBuilderCannotFind(org.jclouds.openhosting.compute.OpenHostingEast1TemplateBuilderLiveTest)
[TestNG] Test testTemplateBuilderCannotFind(org.jclouds.openhosting.compute.OpenHostingEast1TemplateBuilderLiveTest) succeeded: 0ms
Test suite progress: tests succeeded: 68, failed: 3, skipped: 0.
Starting test testTemplateBuilderCannotFind(org.jclouds.openhosting.compute.OpenHostingEast1TemplateBuilderLiveTest)
[TestNG] Test testTemplateBuilderCannotFind(org.jclouds.openhosting.compute.OpenHostingEast1TemplateBuilderLiveTest) succeeded: 0ms
Test suite progress: tests succeeded: 69, failed: 3, skipped: 0.
Starting test testTemplateBuilderCannotFind(org.jclouds.openhosting.compute.OpenHostingEast1TemplateBuilderLiveTest)
[TestNG] Test testTemplateBuilderCannotFind(org.jclouds.openhosting.compute.OpenHostingEast1TemplateBuilderLiveTest) succeeded: 2ms
Test suite progress: tests succeeded: 70, failed: 3, skipped: 0.
Starting test testTemplateBuilderCannotFind(org.jclouds.openhosting.compute.OpenHostingEast1TemplateBuilderLiveTest)
[TestNG] Test testTemplateBuilderCannotFind(org.jclouds.openhosting.compute.OpenHostingEast1TemplateBuilderLiveTest) succeeded: 3ms
Test suite progress: tests succeeded: 71, failed: 3, skipped: 0.
Starting test testTemplateBuilderCannotFind(org.jclouds.openhosting.compute.OpenHostingEast1TemplateBuilderLiveTest)
[TestNG] Test testTemplateBuilderCannotFind(org.jclouds.openhosting.compute.OpenHostingEast1TemplateBuilderLiveTest) succeeded: 4ms
Test suite progress: tests succeeded: 72, failed: 3, skipped: 0.
Starting test testTemplateBuilderCannotFind(org.jclouds.openhosting.compute.OpenHostingEast1TemplateBuilderLiveTest)
[TestNG] Test testTemplateBuilderCannotFind(org.jclouds.openhosting.compute.OpenHostingEast1TemplateBuilderLiveTest) succeeded: 1ms
Test suite progress: tests succeeded: 73, failed: 3, skipped: 0.
Starting test testTemplateBuilderCannotFind(org.jclouds.openhosting.compute.OpenHostingEast1TemplateBuilderLiveTest)
[TestNG] Test testTemplateBuilderCannotFind(org.jclouds.openhosting.compute.OpenHostingEast1TemplateBuilderLiveTest) succeeded: 0ms
Test suite progress: tests succeeded: 74, failed: 3, skipped: 0.
Starting test testTemplateBuilderCannotFind(org.jclouds.openhosting.compute.OpenHostingEast1TemplateBuilderLiveTest)
[TestNG] Test testTemplateBuilderCannotFind(org.jclouds.openhosting.compute.OpenHostingEast1TemplateBuilderLiveTest) succeeded: 0ms
Test suite progress: tests succeeded: 75, failed: 3, skipped: 0.
Starting test testTemplateBuilderCannotFind(org.jclouds.openhosting.compute.OpenHostingEast1TemplateBuilderLiveTest)
[TestNG] Test testTemplateBuilderCannotFind(org.jclouds.openhosting.compute.OpenHostingEast1TemplateBuilderLiveTest) succeeded: 2ms
Test suite progress: tests succeeded: 76, failed: 3, skipped: 0.
Starting test testTemplateBuilderCannotFind(org.jclouds.openhosting.compute.OpenHostingEast1TemplateBuilderLiveTest)
[TestNG] Test testTemplateBuilderCannotFind(org.jclouds.openhosting.compute.OpenHostingEast1TemplateBuilderLiveTest) succeeded: 0ms
Test suite progress: tests succeeded: 77, failed: 3, skipped: 0.
Starting test testTemplateBuilderCannotFind(org.jclouds.openhosting.compute.OpenHostingEast1TemplateBuilderLiveTest)
[TestNG] Test testTemplateBuilderCannotFind(org.jclouds.openhosting.compute.OpenHostingEast1TemplateBuilderLiveTest) succeeded: 5ms
Test suite progress: tests succeeded: 78, failed: 3, skipped: 0.
Starting test testTemplateBuilderCannotFind(org.jclouds.openhosting.compute.OpenHostingEast1TemplateBuilderLiveTest)
[TestNG] Test testTemplateBuilderCannotFind(org.jclouds.openhosting.compute.OpenHostingEast1TemplateBuilderLiveTest) succeeded: 0ms
Test suite progress: tests succeeded: 79, failed: 3, skipped: 0.
Starting test testTemplateBuilderCannotFind(org.jclouds.openhosting.compute.OpenHostingEast1TemplateBuilderLiveTest)
[TestNG] Test testTemplateBuilderCannotFind(org.jclouds.openhosting.compute.OpenHostingEast1TemplateBuilderLiveTest) succeeded: 2ms
Test suite progress: tests succeeded: 80, failed: 3, skipped: 0.
Starting test testTemplateBuilderCannotFind(org.jclouds.openhosting.compute.OpenHostingEast1TemplateBuilderLiveTest)
[TestNG] Test testTemplateBuilderCannotFind(org.jclouds.openhosting.compute.OpenHostingEast1TemplateBuilderLiveTest) succeeded: 1ms
Test suite progress: tests succeeded: 81, failed: 3, skipped: 0.
Starting test testTemplateBuilderCannotFind(org.jclouds.openhosting.compute.OpenHostingEast1TemplateBuilderLiveTest)
[TestNG] Test testTemplateBuilderCannotFind(org.jclouds.openhosting.compute.OpenHostingEast1TemplateBuilderLiveTest) succeeded: 1ms
Test suite progress: tests succeeded: 82, failed: 3, skipped: 0.
Starting test testTemplateBuilderCannotFind(org.jclouds.openhosting.compute.OpenHostingEast1TemplateBuilderLiveTest)
[TestNG] Test testTemplateBuilderCannotFind(org.jclouds.openhosting.compute.OpenHostingEast1TemplateBuilderLiveTest) succeeded: 0ms
Test suite progress: tests succeeded: 83, failed: 3, skipped: 0.
Starting test testTemplateBuilderCannotFind(org.jclouds.openhosting.compute.OpenHostingEast1TemplateBuilderLiveTest)
[TestNG] Test testTemplateBuilderCannotFind(org.jclouds.openhosting.compute.OpenHostingEast1TemplateBuilderLiveTest) succeeded: 0ms
Test suite progress: tests succeeded: 84, failed: 3, skipped: 0.
Starting test testTemplateBuilderCannotFind(org.jclouds.openhosting.compute.OpenHostingEast1TemplateBuilderLiveTest)
[TestNG] Test testTemplateBuilderCannotFind(org.jclouds.openhosting.compute.OpenHostingEast1TemplateBuilderLiveTest) succeeded: 1ms
Test suite progress: tests succeeded: 85, failed: 3, skipped: 0.
Starting test testTemplateBuilderCannotFind(org.jclouds.openhosting.compute.OpenHostingEast1TemplateBuilderLiveTest)
[TestNG] Test testTemplateBuilderCannotFind(org.jclouds.openhosting.compute.OpenHostingEast1TemplateBuilderLiveTest) succeeded: 0ms
Test suite progress: tests succeeded: 86, failed: 3, skipped: 0.
Starting test testTemplateBuilderCannotFind(org.jclouds.openhosting.compute.OpenHostingEast1TemplateBuilderLiveTest)
[TestNG] Test testTemplateBuilderCannotFind(org.jclouds.openhosting.compute.OpenHostingEast1TemplateBuilderLiveTest) succeeded: 1ms
Test suite progress: tests succeeded: 87, failed: 3, skipped: 0.
Starting test testTemplateBuilderCannotFind(org.jclouds.openhosting.compute.OpenHostingEast1TemplateBuilderLiveTest)
[TestNG] Test testTemplateBuilderCannotFind(org.jclouds.openhosting.compute.OpenHostingEast1TemplateBuilderLiveTest) succeeded: 1ms
Test suite progress: tests succeeded: 88, failed: 3, skipped: 0.
Starting test testTemplateBuilderCannotFind(org.jclouds.openhosting.compute.OpenHostingEast1TemplateBuilderLiveTest)
[TestNG] Test testTemplateBuilderCannotFind(org.jclouds.openhosting.compute.OpenHostingEast1TemplateBuilderLiveTest) succeeded: 0ms
Test suite progress: tests succeeded: 89, failed: 3, skipped: 0.
Starting test testTemplateBuilderCannotFind(org.jclouds.openhosting.compute.OpenHostingEast1TemplateBuilderLiveTest)
[TestNG] Test testTemplateBuilderCannotFind(org.jclouds.openhosting.compute.OpenHostingEast1TemplateBuilderLiveTest) succeeded: 1ms
Test suite progress: tests succeeded: 90, failed: 3, skipped: 0.
Starting test testTemplateBuilderCannotFind(org.jclouds.openhosting.compute.OpenHostingEast1TemplateBuilderLiveTest)
[TestNG] Test testTemplateBuilderCannotFind(org.jclouds.openhosting.compute.OpenHostingEast1TemplateBuilderLiveTest) succeeded: 0ms
Test suite progress: tests succeeded: 91, failed: 3, skipped: 0.
Starting test testTemplateBuilderCannotFind(org.jclouds.openhosting.compute.OpenHostingEast1TemplateBuilderLiveTest)
[TestNG] Test testCorrectExceptionRunningNodesNotFound(org.jclouds.openhosting.compute.OpenHostingEast1ComputeServiceLiveTest) succeeded: 526ms
Test suite progress: tests succeeded: 92, failed: 3, skipped: 0.
[TestNG] Test testTemplateBuilderCannotFind(org.jclouds.openhosting.compute.OpenHostingEast1TemplateBuilderLiveTest) succeeded: 1ms
Test suite progress: tests succeeded: 93, failed: 3, skipped: 0.
Starting test testTemplateBuilderCannotFind(org.jclouds.openhosting.compute.OpenHostingEast1TemplateBuilderLiveTest)
[TestNG] Test testTemplateBuilderCannotFind(org.jclouds.openhosting.compute.OpenHostingEast1TemplateBuilderLiveTest) succeeded: 0ms
Test suite progress: tests succeeded: 94, failed: 3, skipped: 0.
Starting test testTemplateBuilderCannotFind(org.jclouds.openhosting.compute.OpenHostingEast1TemplateBuilderLiveTest)
[TestNG] Test testTemplateBuilderCannotFind(org.jclouds.openhosting.compute.OpenHostingEast1TemplateBuilderLiveTest) succeeded: 0ms
Test suite progress: tests succeeded: 95, failed: 3, skipped: 0.
Starting test testTemplateBuilderCannotFind(org.jclouds.openhosting.compute.OpenHostingEast1TemplateBuilderLiveTest)
[TestNG] Test testTemplateBuilderCannotFind(org.jclouds.openhosting.compute.OpenHostingEast1TemplateBuilderLiveTest) succeeded: 0ms
Test suite progress: tests succeeded: 96, failed: 3, skipped: 0.
Starting test testTemplateBuilderCannotFind(org.jclouds.openhosting.compute.OpenHostingEast1TemplateBuilderLiveTest)
Starting test testAScriptExecutionAfterBootWithBasicTemplate(org.jclouds.openhosting.compute.OpenHostingEast1ComputeServiceLiveTest)
[TestNG] Test testTemplateBuilderCannotFind(org.jclouds.openhosting.compute.OpenHostingEast1TemplateBuilderLiveTest) succeeded: 1ms
Test suite progress: tests succeeded: 97, failed: 3, skipped: 0.
Starting test testTemplateBuilderCannotFind(org.jclouds.openhosting.compute.OpenHostingEast1TemplateBuilderLiveTest)
[TestNG] Test testTemplateBuilderCannotFind(org.jclouds.openhosting.compute.OpenHostingEast1TemplateBuilderLiveTest) succeeded: 2ms
Test suite progress: tests succeeded: 98, failed: 3, skipped: 0.
Starting test testTemplateBuilderCannotFind(org.jclouds.openhosting.compute.OpenHostingEast1TemplateBuilderLiveTest)
[TestNG] Test testTemplateBuilderCannotFind(org.jclouds.openhosting.compute.OpenHostingEast1TemplateBuilderLiveTest) succeeded: 0ms
Test suite progress: tests succeeded: 99, failed: 3, skipped: 0.
Starting test testTemplateBuilderCannotFind(org.jclouds.openhosting.compute.OpenHostingEast1TemplateBuilderLiveTest)
[TestNG] Test testTemplateBuilderCannotFind(org.jclouds.openhosting.compute.OpenHostingEast1TemplateBuilderLiveTest) succeeded: 4ms
Test suite progress: tests succeeded: 100, failed: 3, skipped: 0.
Starting test testTemplateBuilderCannotFind(org.jclouds.openhosting.compute.OpenHostingEast1TemplateBuilderLiveTest)
[TestNG] Test testTemplateBuilderCannotFind(org.jclouds.openhosting.compute.OpenHostingEast1TemplateBuilderLiveTest) succeeded: 1ms
Test suite progress: tests succeeded: 101, failed: 3, skipped: 0.
Starting test testTemplateBuilderCannotFind(org.jclouds.openhosting.compute.OpenHostingEast1TemplateBuilderLiveTest)
[TestNG] Test testTemplateBuilderCannotFind(org.jclouds.openhosting.compute.OpenHostingEast1TemplateBuilderLiveTest) succeeded: 2ms
Test suite progress: tests succeeded: 102, failed: 3, skipped: 0.
Starting test testTemplateBuilderWithImageIdSpecified(org.jclouds.openhosting.compute.OpenHostingEast1TemplateBuilderLiveTest)
[TestNG] Test testListServerInfo(org.jclouds.openhosting.OpenHostingEast1ClientLiveTest) succeeded: 474ms
Test suite progress: tests succeeded: 103, failed: 3, skipped: 0.
[TestNG] Test testSetDriveData(org.jclouds.openhosting.OpenHostingEast1ClientLiveTest) skipped.
Test suite progress: tests succeeded: 103, failed: 3, skipped: 1.
[TestNG] Test testWeCopyADriveContentsViaGzip(org.jclouds.openhosting.OpenHostingEast1ClientLiveTest) skipped.
Test suite progress: tests succeeded: 103, failed: 3, skipped: 2.
[TestNG] Test testCreateAndStartServer(org.jclouds.openhosting.OpenHostingEast1ClientLiveTest) skipped.
Test suite progress: tests succeeded: 103, failed: 3, skipped: 3.
[TestNG] Test testConnectivity(org.jclouds.openhosting.OpenHostingEast1ClientLiveTest) skipped.
Test suite progress: tests succeeded: 103, failed: 3, skipped: 4.
[TestNG] Test testLifeCycle(org.jclouds.openhosting.OpenHostingEast1ClientLiveTest) skipped.
Test suite progress: tests succeeded: 103, failed: 3, skipped: 5.
[TestNG] Test testSetServerConfiguration(org.jclouds.openhosting.OpenHostingEast1ClientLiveTest) skipped.
Test suite progress: tests succeeded: 103, failed: 3, skipped: 6.
[TestNG] Test testDestroyServer(org.jclouds.openhosting.OpenHostingEast1ClientLiveTest) skipped.
Test suite progress: tests succeeded: 103, failed: 3, skipped: 7.
[TestNG] Test testDestroyDrive(org.jclouds.openhosting.OpenHostingEast1ClientLiveTest) skipped.
Test suite progress: tests succeeded: 103, failed: 3, skipped: 8.
[TestNG] Test testAScriptExecutionAfterBootWithBasicTemplate(org.jclouds.openhosting.compute.OpenHostingEast1ComputeServiceLiveTest) failed.
Test suite progress: tests succeeded: 103, failed: 4, skipped: 8.
Starting test testCreateTwoNodesWithRunScript(org.jclouds.openhosting.compute.OpenHostingEast1ComputeServiceLiveTest)
[TestNG] Test testCreateTwoNodesWithRunScript(org.jclouds.openhosting.compute.OpenHostingEast1ComputeServiceLiveTest) failed.
Test suite progress: tests succeeded: 103, failed: 5, skipped: 8.
Starting test testTemplateMatch(org.jclouds.openhosting.compute.OpenHostingEast1ComputeServiceLiveTest)
[TestNG] Test testTemplateMatch(org.jclouds.openhosting.compute.OpenHostingEast1ComputeServiceLiveTest) succeeded: 8ms
Test suite progress: tests succeeded: 104, failed: 5, skipped: 8.
[TestNG] Test testCreateAnotherNodeWithANewContextToEnsureSharedMemIsntRequired(org.jclouds.openhosting.compute.OpenHostingEast1ComputeServiceLiveTest) skipped.
Test suite progress: tests succeeded: 104, failed: 5, skipped: 9.
[TestNG] Test testCredentialsCache(org.jclouds.openhosting.compute.OpenHostingEast1ComputeServiceLiveTest) skipped.
Test suite progress: tests succeeded: 104, failed: 5, skipped: 10.
[TestNG] Test testGet(org.jclouds.openhosting.compute.OpenHostingEast1ComputeServiceLiveTest) skipped.
Test suite progress: tests succeeded: 104, failed: 5, skipped: 11.
[TestNG] Test testReboot(org.jclouds.openhosting.compute.OpenHostingEast1ComputeServiceLiveTest) skipped.
Test suite progress: tests succeeded: 104, failed: 5, skipped: 12.
[TestNG] Test testSuspendResume(org.jclouds.openhosting.compute.OpenHostingEast1ComputeServiceLiveTest) skipped.
Test suite progress: tests succeeded: 104, failed: 5, skipped: 13.
[TestNG] Test testGetNodesWithDetails(org.jclouds.openhosting.compute.OpenHostingEast1ComputeServiceLiveTest) skipped.
Test suite progress: tests succeeded: 104, failed: 5, skipped: 14.
[TestNG] Test testListNodes(org.jclouds.openhosting.compute.OpenHostingEast1ComputeServiceLiveTest) skipped.
Test suite progress: tests succeeded: 104, failed: 5, skipped: 15.
[TestNG] Test testDestroyNodes(org.jclouds.openhosting.compute.OpenHostingEast1ComputeServiceLiveTest) skipped.
Test suite progress: tests succeeded: 104, failed: 5, skipped: 16.
[TestNG] Test testTemplateBuilderWithImageIdSpecified(org.jclouds.openhosting.compute.OpenHostingEast1TemplateBuilderLiveTest) succeeded: 6882ms
Test suite progress: tests succeeded: 105, failed: 5, skipped: 16.
Starting test testTemplateBuilderWithLoginUserSpecified(org.jclouds.openhosting.compute.OpenHostingEast1TemplateBuilderLiveTest)
[TestNG] Test testTemplateBuilderWithLoginUserSpecified(org.jclouds.openhosting.compute.OpenHostingEast1TemplateBuilderLiveTest) succeeded: 6850ms
Test suite progress: tests succeeded: 106, failed: 5, skipped: 16.
Starting test testDefaultTemplateBuilder(org.jclouds.openhosting.compute.OpenHostingEast1TemplateBuilderLiveTest)
[TestNG] Test testDefaultTemplateBuilder(org.jclouds.openhosting.compute.OpenHostingEast1TemplateBuilderLiveTest) succeeded: 5ms
Test suite progress: tests succeeded: 107, failed: 5, skipped: 16.
Tests run: 128, Failures: 5, Errors: 0, Skipped: 16, Time elapsed: 27.736 sec <<< FAILURE!

Results :

Failed tests:   testCreateDrive(org.jclouds.openhosting.OpenHostingEast1ClientLiveTest): command: POST https://api.east1.openhosting.com/drives/create HTTP/1.1 failed with response: HTTP/1.1 402 Payment Required; content: [Usage of Disk would exceed your subscriptions, and cost 0.001/hour on burst. Use the Subscriptions tab to increase your subscriptions or use the Billing tab to increase your balance.
  testCreateAndRunAService(org.jclouds.openhosting.compute.OpenHostingEast1ComputeServiceLiveTest): error running 1 node group(openhosting-s) location(openhosting-east1) image(8023b089-7b0e-4fcb-8016-01e82f2a9716) size(cpu=1000.000000,ram=512,disk=1.000000) options([inboundPorts=[22, 8080], privateKey=false, publicKey=false, runScript=false, blockUntilRunning=true, blockOnComplete=true, port:seconds=22:300, userMetadata: {Name=openhosting-s}])
  testWeCanReadAndWriteToDrive(org.jclouds.openhosting.OpenHostingEast1ClientLiveTest): command: POST https://api.east1.openhosting.com/drives/create HTTP/1.1 failed with response: HTTP/1.1 402 Payment Required; content: [Usage of Disk would exceed your subscriptions, and cost 0.001/hour on burst. Use the Subscriptions tab to increase your subscriptions or use the Billing tab to increase your balance.
  testAScriptExecutionAfterBootWithBasicTemplate(org.jclouds.openhosting.compute.OpenHostingEast1ComputeServiceLiveTest): error running 1 node group(openhosting-r) location(openhosting-east1) image(8023b089-7b0e-4fcb-8016-01e82f2a9716) size(cpu=1000.000000,ram=512,disk=1.000000) options([inboundPorts=[22], privateKey=false, publicKey=false, runScript=false, blockUntilRunning=true, blockOnComplete=true, port:seconds=22:120, userMetadata: {}])
  testCreateTwoNodesWithRunScript(org.jclouds.openhosting.compute.OpenHostingEast1ComputeServiceLiveTest): error running 2 nodes group(openhosting-) location(openhosting-east1) image(8023b089-7b0e-4fcb-8016-01e82f2a9716) size(cpu=1000.000000,ram=512,disk=1.000000) options([inboundPorts=[22], privateKey=false, publicKey=false, runScript=true, blockUntilRunning=true, blockOnComplete=true, port:seconds=-1:-1, userMetadata: {}])

Tests run: 128, Failures: 5, Errors: 0, Skipped: 16

[INFO] ------------------------------------------------------------------------
[INFO] BUILD FAILURE
[INFO] ------------------------------------------------------------------------
[INFO] Total time: 47.679s
[INFO] Finished at: Sun Feb 05 00:55:45 PST 2012
[INFO] Final Memory: 21M/265M
[INFO] ------------------------------------------------------------------------
[ERROR] Failed to execute goal org.apache.maven.plugins:maven-surefire-plugin:2.10:test (integration) on project openhosting-east1: There are test failures.
[ERROR] 
[ERROR] Please refer to /Users/adriancole/workspace/git/1.4.x/jclouds/providers/openhosting-east1/target/surefire-reports for the individual test results.
[ERROR] -> [Help 1]
[ERROR] 
[ERROR] To see the full stack trace of the errors, re-run Maven with the -e switch.
[ERROR] Re-run Maven using the -X switch to enable full debug logging.
[ERROR] 
[ERROR] For more information about the errors and possible solutions, please read the following articles:
[ERROR] [Help 1] http://cwiki.apache.org/confluence/display/MAVEN/MojoFailureException
