[INFO] Scanning for projects...
[WARNING] 
[WARNING] Some problems were encountered while building the effective model for org.jclouds.provider:savvis-symphonyvpdc:bundle:1.5.0-SNAPSHOT
[WARNING] 'parent.relativePath' of POM org.jclouds:jclouds-project:1.5.0-SNAPSHOT (/Users/adriancole/workspace/git/jclouds/project/pom.xml) points at org.jclouds:jclouds-multi instead of org.sonatype.oss:oss-parent, please verify your project structure @ org.jclouds:jclouds-project:1.5.0-SNAPSHOT, /Users/adriancole/workspace/git/jclouds/project/pom.xml, line 24, column 13
[WARNING] 
[WARNING] It is highly recommended to fix these problems because they threaten the stability of your build.
[WARNING] 
[WARNING] For this reason, future Maven versions might no longer support building such malformed projects.
[WARNING] 
[INFO]                                                                         
[INFO] ------------------------------------------------------------------------
[INFO] Building jclouds savvis-vpdc vpdc 1.5.0-SNAPSHOT
[INFO] ------------------------------------------------------------------------
[INFO] 
[INFO] --- maven-clean-plugin:2.4.1:clean (default-clean) @ savvis-symphonyvpdc ---
[INFO] Deleting /Users/adriancole/workspace/git/jclouds/providers/savvis-symphonyvpdc/target
[INFO] 
[INFO] --- maven-enforcer-plugin:1.0.1:enforce (enforce-maven) @ savvis-symphonyvpdc ---
[INFO] 
[INFO] --- maven-enforcer-plugin:1.0.1:enforce (enforce-banned-dependencies) @ savvis-symphonyvpdc ---
[INFO] 
[INFO] --- maven-enforcer-plugin:1.0.1:enforce (enforce-java) @ savvis-symphonyvpdc ---
[INFO] 
[INFO] --- maven-remote-resources-plugin:1.2.1:process (process-remote-resources) @ savvis-symphonyvpdc ---
[INFO] 
[INFO] --- maven-resources-plugin:2.5:resources (default-resources) @ savvis-symphonyvpdc ---
[debug] execute contextualize
[INFO] Using 'UTF-8' encoding to copy filtered resources.
[INFO] skip non existing resourceDirectory /Users/adriancole/workspace/git/jclouds/providers/savvis-symphonyvpdc/src/main/clojure
[INFO] Copying 2 resources
[INFO] Copying 2 resources
[INFO] 
[INFO] --- maven-compiler-plugin:2.3.2:compile (default-compile) @ savvis-symphonyvpdc ---
[INFO] Compiling 71 source files to /Users/adriancole/workspace/git/jclouds/providers/savvis-symphonyvpdc/target/classes
[INFO] 
[INFO] --- maven-resources-plugin:2.5:testResources (default-testResources) @ savvis-symphonyvpdc ---
[debug] execute contextualize
[INFO] Using 'UTF-8' encoding to copy filtered resources.
[INFO] skip non existing resourceDirectory /Users/adriancole/workspace/git/jclouds/providers/savvis-symphonyvpdc/src/test/clojure
[INFO] Copying 30 resources
[INFO] Copying 2 resources
[INFO] 
[INFO] --- maven-compiler-plugin:2.3.2:testCompile (default-testCompile) @ savvis-symphonyvpdc ---
[INFO] Compiling 29 source files to /Users/adriancole/workspace/git/jclouds/providers/savvis-symphonyvpdc/target/test-classes
[INFO] 
[INFO] --- maven-surefire-plugin:2.12:test (default-test) @ savvis-symphonyvpdc ---
[INFO] Surefire report directory: /Users/adriancole/workspace/git/jclouds/providers/savvis-symphonyvpdc/target/surefire-reports
[INFO] Using configured provider org.apache.maven.surefire.testng.TestNGProvider

-------------------------------------------------------
 T E S T S
-------------------------------------------------------
Running TestSuite
Configuring TestNG with: org.apache.maven.surefire.testng.conf.TestNGMapConfigurator@77d80e6d
Starting test test(org.jclouds.savvis.vpdc.binders.BindCaptureVAppTemplateToXmlPayloadTest)
Starting test test(org.jclouds.savvis.vpdc.binders.BindCloneVAppToXmlPayloadTest)
Starting test test(org.jclouds.savvis.vpdc.binders.BindFirewallRuleToXmlPayloadTest)
Starting test test(org.jclouds.savvis.vpdc.binders.BindVMSpecsToXmlPayloadTest)
<?xml version="1.0" encoding="UTF-8" standalone="no"?><CloneVAppParams xmlns="http://www.vmware.com/vcloud/v0.8" xmlns:xsi="http://www.w3.org/2001/XMLSchema-instance" deploy="true" name="clonedvm" powerOn="true" xsi:schemaLocation="http://www.vmware.com/vcloud/v0.8 https://api.savvis.net/ns/vcloud.xsd"><Description>VM Tier01</Description><VApp href="https://api.savvis.net/vpdc/v1.0/org/100000.0/vdc/2736/vApp/" type="application/vnd.vmware.vcloud.vApp+xml"/></CloneVAppParams>
[pool-2-thread-2] Test test(org.jclouds.savvis.vpdc.binders.BindCloneVAppToXmlPayloadTest) succeeded: 295ms
Test suite progress: tests succeeded: 1, failed: 0, skipped: 0.
<?xml version="1.0" encoding="UTF-8" standalone="no"?><CaptureVAppParams xmlns="http://schemas.api.sandbox.savvis.net/vpdci" name="CaptureTemplate"><Description>Save Template</Description><Source href="https://api.savvis.net/vpdc/v1.0/org/100000.0/vdc/2736/vApp/1001"/></CaptureVAppParams>
[pool-2-thread-1] Test test(org.jclouds.savvis.vpdc.binders.BindCaptureVAppTemplateToXmlPayloadTest) succeeded: 334ms
Test suite progress: tests succeeded: 2, failed: 0, skipped: 0.
[pool-2-thread-3] Test test(org.jclouds.savvis.vpdc.binders.BindFirewallRuleToXmlPayloadTest) succeeded: 315ms
Test suite progress: tests succeeded: 3, failed: 0, skipped: 0.
[pool-2-thread-4] Test test(org.jclouds.savvis.vpdc.binders.BindVMSpecsToXmlPayloadTest) succeeded: 397ms
Test suite progress: tests succeeded: 4, failed: 0, skipped: 0.
Starting test testNetwork(org.jclouds.savvis.vpdc.features.BrowsingAsyncClientTest)
Starting test testNetworkWhenOrgNull(org.jclouds.savvis.vpdc.features.BrowsingAsyncClientTest)
Starting test testListFirewallRules(org.jclouds.savvis.vpdc.features.BrowsingAsyncClientTest)
Starting test testOrg(org.jclouds.savvis.vpdc.features.BrowsingAsyncClientTest)
Starting test testGetTask(org.jclouds.savvis.vpdc.features.BrowsingAsyncClientTest)
[pool-2-thread-1] Test testNetwork(org.jclouds.savvis.vpdc.features.BrowsingAsyncClientTest) succeeded: 86ms
Test suite progress: tests succeeded: 5, failed: 0, skipped: 0.
Starting test testOrgNull(org.jclouds.savvis.vpdc.features.BrowsingAsyncClientTest)
[pool-2-thread-4] Test testOrg(org.jclouds.savvis.vpdc.features.BrowsingAsyncClientTest) succeeded: 97ms
Test suite progress: tests succeeded: 6, failed: 0, skipped: 0.
Starting test testVDC(org.jclouds.savvis.vpdc.features.BrowsingAsyncClientTest)
[pool-2-thread-4] Test testVDC(org.jclouds.savvis.vpdc.features.BrowsingAsyncClientTest) succeeded: 22ms
Test suite progress: tests succeeded: 7, failed: 0, skipped: 0.
[pool-2-thread-1] Test testOrgNull(org.jclouds.savvis.vpdc.features.BrowsingAsyncClientTest) succeeded: 58ms
Test suite progress: tests succeeded: 8, failed: 0, skipped: 0.
Starting test testVM(org.jclouds.savvis.vpdc.features.BrowsingAsyncClientTest)
[pool-2-thread-3] Test testNetworkWhenOrgNull(org.jclouds.savvis.vpdc.features.BrowsingAsyncClientTest) succeeded: 152ms
Test suite progress: tests succeeded: 9, failed: 0, skipped: 0.
Starting test testVMVDC(org.jclouds.savvis.vpdc.features.BrowsingAsyncClientTest)
Starting test testVDCWhenOrgNull(org.jclouds.savvis.vpdc.features.BrowsingAsyncClientTest)
[pool-2-thread-2] Test testListFirewallRules(org.jclouds.savvis.vpdc.features.BrowsingAsyncClientTest) succeeded: 245ms
Test suite progress: tests succeeded: 10, failed: 0, skipped: 0.
[pool-2-thread-5] Test testGetTask(org.jclouds.savvis.vpdc.features.BrowsingAsyncClientTest) succeeded: 244ms
Starting test testVMWhenOrgNull(org.jclouds.savvis.vpdc.features.BrowsingAsyncClientTest)
Test suite progress: tests succeeded: 11, failed: 0, skipped: 0.
Starting test testVMWithPowerState(org.jclouds.savvis.vpdc.features.BrowsingAsyncClientTest)
[pool-2-thread-2] Test testVMWhenOrgNull(org.jclouds.savvis.vpdc.features.BrowsingAsyncClientTest) succeeded: 4ms
Test suite progress: tests succeeded: 12, failed: 0, skipped: 0.
[pool-2-thread-1] Test testVM(org.jclouds.savvis.vpdc.features.BrowsingAsyncClientTest) succeeded: 107ms
Test suite progress: tests succeeded: 13, failed: 0, skipped: 0.
[pool-2-thread-5] Test testVMWithPowerState(org.jclouds.savvis.vpdc.features.BrowsingAsyncClientTest) succeeded: 6ms
Test suite progress: tests succeeded: 14, failed: 0, skipped: 0.
Starting test test(org.jclouds.savvis.vpdc.xml.FirewallServiceHandlerTest)
[pool-2-thread-4] Test testVDCWhenOrgNull(org.jclouds.savvis.vpdc.features.BrowsingAsyncClientTest) succeeded: 97ms
Test suite progress: tests succeeded: 15, failed: 0, skipped: 0.
Starting test test(org.jclouds.savvis.vpdc.xml.NetworkConfigSectionHandlerTest)
[pool-2-thread-5] Test test(org.jclouds.savvis.vpdc.xml.FirewallServiceHandlerTest) succeeded: 10ms
Test suite progress: tests succeeded: 16, failed: 0, skipped: 0.
Starting test test(org.jclouds.savvis.vpdc.xml.NetworkConnectionSectionHandlerTest)
[pool-2-thread-4] Test test(org.jclouds.savvis.vpdc.xml.NetworkConfigSectionHandlerTest) succeeded: 8ms
Test suite progress: tests succeeded: 17, failed: 0, skipped: 0.
Starting test tesWhenNoVAppsInNetworkSetsAllZerosToGatewayAndNetmask(org.jclouds.savvis.vpdc.xml.NetworkHandlerTest)
[pool-2-thread-4] Test tesWhenNoVAppsInNetworkSetsAllZerosToGatewayAndNetmask(org.jclouds.savvis.vpdc.xml.NetworkHandlerTest) succeeded: 5ms
Test suite progress: tests succeeded: 18, failed: 0, skipped: 0.
Starting test test(org.jclouds.savvis.vpdc.xml.NetworkHandlerTest)
[pool-2-thread-4] Test test(org.jclouds.savvis.vpdc.xml.NetworkHandlerTest) succeeded: 3ms
Test suite progress: tests succeeded: 19, failed: 0, skipped: 0.
Starting test testNat(org.jclouds.savvis.vpdc.xml.NetworkHandlerTest)
[pool-2-thread-4] Test testNat(org.jclouds.savvis.vpdc.xml.NetworkHandlerTest) succeeded: 4ms
Test suite progress: tests succeeded: 20, failed: 0, skipped: 0.
Starting test testOrgWithoutVDC(org.jclouds.savvis.vpdc.xml.OrgHandlerTest)
[pool-2-thread-5] Test test(org.jclouds.savvis.vpdc.xml.NetworkConnectionSectionHandlerTest) succeeded: 27ms
Test suite progress: tests succeeded: 21, failed: 0, skipped: 0.
Starting test testSavvis(org.jclouds.savvis.vpdc.xml.OrgHandlerTest)
[pool-2-thread-5] Test testSavvis(org.jclouds.savvis.vpdc.xml.OrgHandlerTest) succeeded: 5ms
Test suite progress: tests succeeded: 22, failed: 0, skipped: 0.
Starting test testSavvis(org.jclouds.savvis.vpdc.xml.OrgListHandlerTest)
[pool-2-thread-4] Test testOrgWithoutVDC(org.jclouds.savvis.vpdc.xml.OrgHandlerTest) succeeded: 28ms
Test suite progress: tests succeeded: 23, failed: 0, skipped: 0.
[pool-2-thread-5] Test testSavvis(org.jclouds.savvis.vpdc.xml.OrgListHandlerTest) succeeded: 25ms
Test suite progress: tests succeeded: 24, failed: 0, skipped: 0.
[pool-2-thread-3] Test testVMVDC(org.jclouds.savvis.vpdc.features.BrowsingAsyncClientTest) succeeded: 199ms
Test suite progress: tests succeeded: 25, failed: 0, skipped: 0.
Starting test testAddFirewallRule(org.jclouds.savvis.vpdc.features.FirewallAsyncClientTest)
Starting test testDeleteFirewallRule(org.jclouds.savvis.vpdc.features.FirewallAsyncClientTest)
[pool-2-thread-1] Test testDeleteFirewallRule(org.jclouds.savvis.vpdc.features.FirewallAsyncClientTest) succeeded: 29ms
Test suite progress: tests succeeded: 26, failed: 0, skipped: 0.
[pool-2-thread-2] Test testAddFirewallRule(org.jclouds.savvis.vpdc.features.FirewallAsyncClientTest) succeeded: 70ms
Test suite progress: tests succeeded: 27, failed: 0, skipped: 0.
Starting test testApply(org.jclouds.savvis.vpdc.filters.SetVCloudTokenCookieTest)
[pool-2-thread-2] Test testApply(org.jclouds.savvis.vpdc.filters.SetVCloudTokenCookieTest) succeeded: 9ms
Test suite progress: tests succeeded: 28, failed: 0, skipped: 0.
Starting test test(org.jclouds.savvis.vpdc.xml.VDCHandlerTest)
[pool-2-thread-2] Test test(org.jclouds.savvis.vpdc.xml.VDCHandlerTest) succeeded: 8ms
Test suite progress: tests succeeded: 29, failed: 0, skipped: 0.
Starting test test1net(org.jclouds.savvis.vpdc.xml.VDCHandlerTest)
[pool-2-thread-2] Test test1net(org.jclouds.savvis.vpdc.xml.VDCHandlerTest) succeeded: 4ms
Test suite progress: tests succeeded: 30, failed: 0, skipped: 0.
Starting test testFailed(org.jclouds.savvis.vpdc.xml.VDCHandlerTest)
[pool-2-thread-2] Test testFailed(org.jclouds.savvis.vpdc.xml.VDCHandlerTest) succeeded: 5ms
Test suite progress: tests succeeded: 31, failed: 0, skipped: 0.
Starting test testPowerOffVM(org.jclouds.savvis.vpdc.features.ServiceManagementAsyncClientTest)
Starting test testPowerOnVM(org.jclouds.savvis.vpdc.features.ServiceManagementAsyncClientTest)
Starting test testPowerOnVMVDC(org.jclouds.savvis.vpdc.features.ServiceManagementAsyncClientTest)
Starting test testPowerOffVMVDC(org.jclouds.savvis.vpdc.features.ServiceManagementAsyncClientTest)
Starting test testSaved(org.jclouds.savvis.vpdc.xml.VDCHandlerTest)
[pool-2-thread-2] Test testSaved(org.jclouds.savvis.vpdc.xml.VDCHandlerTest) succeeded: 5ms
Test suite progress: tests succeeded: 32, failed: 0, skipped: 0.
[pool-2-thread-4] Test testPowerOffVM(org.jclouds.savvis.vpdc.features.ServiceManagementAsyncClientTest) succeeded: 34ms
Test suite progress: tests succeeded: 33, failed: 0, skipped: 0.
[pool-2-thread-5] Test testPowerOffVMVDC(org.jclouds.savvis.vpdc.features.ServiceManagementAsyncClientTest) succeeded: 45ms
Test suite progress: tests succeeded: 34, failed: 0, skipped: 0.
[pool-2-thread-1] Test testPowerOnVMVDC(org.jclouds.savvis.vpdc.features.ServiceManagementAsyncClientTest) succeeded: 46ms
Test suite progress: tests succeeded: 35, failed: 0, skipped: 0.
[pool-2-thread-3] Test testPowerOnVM(org.jclouds.savvis.vpdc.features.ServiceManagementAsyncClientTest) succeeded: 47ms
Test suite progress: tests succeeded: 36, failed: 0, skipped: 0.
Starting test testCaptureVApp(org.jclouds.savvis.vpdc.features.VMAsyncClientTest)
Starting test testAddVMIntoVDCURI(org.jclouds.savvis.vpdc.features.VMAsyncClientTest)
Starting test testAddVMIntoVDC(org.jclouds.savvis.vpdc.features.VMAsyncClientTest)
[pool-2-thread-5] Test testAddVMIntoVDC(org.jclouds.savvis.vpdc.features.VMAsyncClientTest) succeeded: 10ms
Test suite progress: tests succeeded: 37, failed: 0, skipped: 0.
[pool-2-thread-1] Test testAddVMIntoVDCURI(org.jclouds.savvis.vpdc.features.VMAsyncClientTest) succeeded: 15ms
Test suite progress: tests succeeded: 38, failed: 0, skipped: 0.
Starting test testCloneVApp(org.jclouds.savvis.vpdc.features.VMAsyncClientTest)
Starting test testPowerOffVM(org.jclouds.savvis.vpdc.features.VMAsyncClientTest)
Starting test testAddMultipleVMsIntoVDC(org.jclouds.savvis.vpdc.features.VMAsyncClientTest)
[pool-2-thread-5] Test testCloneVApp(org.jclouds.savvis.vpdc.features.VMAsyncClientTest) succeeded: 8ms
Test suite progress: tests succeeded: 39, failed: 0, skipped: 0.
Starting test testPowerOnVM(org.jclouds.savvis.vpdc.features.VMAsyncClientTest)
[pool-2-thread-5] Test testPowerOnVM(org.jclouds.savvis.vpdc.features.VMAsyncClientTest) succeeded: 2ms
Test suite progress: tests succeeded: 40, failed: 0, skipped: 0.
[pool-2-thread-1] Test testPowerOffVM(org.jclouds.savvis.vpdc.features.VMAsyncClientTest) succeeded: 11ms
Test suite progress: tests succeeded: 41, failed: 0, skipped: 0.
Starting test testRemoveVM(org.jclouds.savvis.vpdc.features.VMAsyncClientTest)
Starting test testRemoveVMFromVDC(org.jclouds.savvis.vpdc.features.VMAsyncClientTest)
[pool-2-thread-5] Test testRemoveVM(org.jclouds.savvis.vpdc.features.VMAsyncClientTest) succeeded: 2ms
Test suite progress: tests succeeded: 42, failed: 0, skipped: 0.
[pool-2-thread-1] Test testRemoveVMFromVDC(org.jclouds.savvis.vpdc.features.VMAsyncClientTest) succeeded: 2ms
Test suite progress: tests succeeded: 43, failed: 0, skipped: 0.
Starting test test400MakesIllegalArgumentException(org.jclouds.savvis.vpdc.handlers.VPDCErrorHandlerTest)
Starting test testVCloud1_0(org.jclouds.savvis.vpdc.xml.VMHandlerTest)
[pool-2-thread-3] Test testCaptureVApp(org.jclouds.savvis.vpdc.features.VMAsyncClientTest) succeeded: 43ms
Test suite progress: tests succeeded: 44, failed: 0, skipped: 0.
Starting test test401MakesAuthorizationException(org.jclouds.savvis.vpdc.handlers.VPDCErrorHandlerTest)
Starting test testAddMultipleVMsIntoVDCURI(org.jclouds.savvis.vpdc.features.VMAsyncClientTest)
[pool-2-thread-3] Test test401MakesAuthorizationException(org.jclouds.savvis.vpdc.handlers.VPDCErrorHandlerTest) succeeded: 11ms
Test suite progress: tests succeeded: 45, failed: 0, skipped: 0.
Starting test test403MakesAuthorizationException(org.jclouds.savvis.vpdc.handlers.VPDCErrorHandlerTest)
[pool-2-thread-3] Test test403MakesAuthorizationException(org.jclouds.savvis.vpdc.handlers.VPDCErrorHandlerTest) succeeded: 2ms
Test suite progress: tests succeeded: 46, failed: 0, skipped: 0.
Starting test test404MakesResourceNotFoundException(org.jclouds.savvis.vpdc.handlers.VPDCErrorHandlerTest)
[pool-2-thread-3] Test test404MakesResourceNotFoundException(org.jclouds.savvis.vpdc.handlers.VPDCErrorHandlerTest) succeeded: 2ms
Test suite progress: tests succeeded: 47, failed: 0, skipped: 0.
Starting test test405MakesIllegalArgumentException(org.jclouds.savvis.vpdc.handlers.VPDCErrorHandlerTest)
[pool-2-thread-3] Test test405MakesIllegalArgumentException(org.jclouds.savvis.vpdc.handlers.VPDCErrorHandlerTest) succeeded: 1ms
Test suite progress: tests succeeded: 48, failed: 0, skipped: 0.
Starting test test409MakesIllegalStateException(org.jclouds.savvis.vpdc.handlers.VPDCErrorHandlerTest)
[pool-2-thread-5] Test test400MakesIllegalArgumentException(org.jclouds.savvis.vpdc.handlers.VPDCErrorHandlerTest) succeeded: 31ms
Test suite progress: tests succeeded: 49, failed: 0, skipped: 0.
[pool-2-thread-3] Test test409MakesIllegalStateException(org.jclouds.savvis.vpdc.handlers.VPDCErrorHandlerTest) succeeded: 14ms
Test suite progress: tests succeeded: 50, failed: 0, skipped: 0.
[pool-2-thread-4] Test testAddMultipleVMsIntoVDCURI(org.jclouds.savvis.vpdc.features.VMAsyncClientTest) succeeded: 32ms
Test suite progress: tests succeeded: 51, failed: 0, skipped: 0.
[pool-2-thread-1] Test testVCloud1_0(org.jclouds.savvis.vpdc.xml.VMHandlerTest) succeeded: 49ms
Test suite progress: tests succeeded: 52, failed: 0, skipped: 0.
[pool-2-thread-2] Test testAddMultipleVMsIntoVDC(org.jclouds.savvis.vpdc.features.VMAsyncClientTest) succeeded: 88ms
Test suite progress: tests succeeded: 53, failed: 0, skipped: 0.
Starting test testInRestProperties(org.jclouds.savvis.vpdc.SavvisSymphonyVPDCProviderTest)
Starting test testAllContains(org.jclouds.savvis.vpdc.SavvisSymphonyVPDCProviderTest)
Starting test testOfTypeContains(org.jclouds.savvis.vpdc.SavvisSymphonyVPDCProviderTest)
Starting test testWithId(org.jclouds.savvis.vpdc.SavvisSymphonyVPDCProviderTest)
[pool-3-thread-1] Test testAllContains(org.jclouds.savvis.vpdc.SavvisSymphonyVPDCProviderTest) succeeded: 4ms
Test suite progress: tests succeeded: 54, failed: 0, skipped: 0.
[pool-3-thread-2] Test testInRestProperties(org.jclouds.savvis.vpdc.SavvisSymphonyVPDCProviderTest) succeeded: 17ms
Test suite progress: tests succeeded: 55, failed: 0, skipped: 0.
[pool-3-thread-3] Test testOfTypeContains(org.jclouds.savvis.vpdc.SavvisSymphonyVPDCProviderTest) succeeded: 17ms
Test suite progress: tests succeeded: 56, failed: 0, skipped: 0.
[pool-3-thread-4] Test testWithId(org.jclouds.savvis.vpdc.SavvisSymphonyVPDCProviderTest) succeeded: 18ms
Test suite progress: tests succeeded: 57, failed: 0, skipped: 0.
Starting test testSync(org.jclouds.savvis.vpdc.VPDCAsyncClientTest)
[pool-4-thread-2] Test testSync(org.jclouds.savvis.vpdc.VPDCAsyncClientTest) succeeded: 22ms
Test suite progress: tests succeeded: 58, failed: 0, skipped: 0.
Starting test testAsync(org.jclouds.savvis.vpdc.VPDCAsyncClientTest)
[pool-4-thread-1] Test testAsync(org.jclouds.savvis.vpdc.VPDCAsyncClientTest) succeeded: 13ms
Test suite progress: tests succeeded: 59, failed: 0, skipped: 0.
Starting test testError(org.jclouds.savvis.vpdc.xml.TaskHandlerTest)
Starting test testFailed(org.jclouds.savvis.vpdc.xml.TaskHandlerTest)
Starting test testQueued(org.jclouds.savvis.vpdc.xml.TaskHandlerTest)
[pool-5-thread-2] Test testFailed(org.jclouds.savvis.vpdc.xml.TaskHandlerTest) succeeded: 20ms
Test suite progress: tests succeeded: 60, failed: 0, skipped: 0.
Starting test testRunning(org.jclouds.savvis.vpdc.xml.TaskHandlerTest)
Starting test testVAppSuccess(org.jclouds.savvis.vpdc.xml.TaskHandlerTest)
[pool-5-thread-1] Test testError(org.jclouds.savvis.vpdc.xml.TaskHandlerTest) succeeded: 36ms
Test suite progress: tests succeeded: 61, failed: 0, skipped: 0.
Starting test testVMDKSuccess(org.jclouds.savvis.vpdc.xml.TaskHandlerTest)
[pool-5-thread-2] Test testVAppSuccess(org.jclouds.savvis.vpdc.xml.TaskHandlerTest) succeeded: 2ms
Test suite progress: tests succeeded: 62, failed: 0, skipped: 0.
Starting test testUnsupported(org.jclouds.savvis.vpdc.xml.TaskHandlerTest)
[pool-5-thread-4] Test testRunning(org.jclouds.savvis.vpdc.xml.TaskHandlerTest) succeeded: 5ms
Test suite progress: tests succeeded: 63, failed: 0, skipped: 0.
[pool-5-thread-5] Test testUnsupported(org.jclouds.savvis.vpdc.xml.TaskHandlerTest) succeeded: 2ms
Test suite progress: tests succeeded: 64, failed: 0, skipped: 0.
[pool-5-thread-3] Test testQueued(org.jclouds.savvis.vpdc.xml.TaskHandlerTest) succeeded: 10ms
Test suite progress: tests succeeded: 65, failed: 0, skipped: 0.
[pool-5-thread-1] Test testVMDKSuccess(org.jclouds.savvis.vpdc.xml.TaskHandlerTest) succeeded: 5ms
Test suite progress: tests succeeded: 66, failed: 0, skipped: 0.
Tests run: 66, Failures: 0, Errors: 0, Skipped: 0, Time elapsed: 5.237 sec

Results :

Tests run: 66, Failures: 0, Errors: 0, Skipped: 0

[INFO] 
[INFO] --- clojure-maven-plugin:1.3.9:test (test-clojure) @ savvis-symphonyvpdc ---

Testing com.theoryinpractise.clojure.testrunner

Ran 0 tests containing 0 assertions.
0 failures, 0 errors.
[INFO] 
[INFO] --- maven-bundle-plugin:2.3.7:bundle (default-bundle) @ savvis-symphonyvpdc ---
[INFO] 
[INFO] --- maven-source-plugin:2.1.2:jar-no-fork (attach-sources) @ savvis-symphonyvpdc ---
[INFO] META-INF already added, skipping
[INFO] META-INF already added, skipping
[INFO] META-INF/LICENSE.txt already added, skipping
[INFO] META-INF/NOTICE.txt already added, skipping
[INFO] Building jar: /Users/adriancole/workspace/git/jclouds/providers/savvis-symphonyvpdc/target/savvis-symphonyvpdc-1.5.0-SNAPSHOT-sources.jar
[INFO] META-INF already added, skipping
[INFO] META-INF already added, skipping
[INFO] META-INF/LICENSE.txt already added, skipping
[INFO] META-INF/NOTICE.txt already added, skipping
[INFO] 
[INFO] --- maven-javadoc-plugin:2.8.1:jar (javadoc) @ savvis-symphonyvpdc ---
[INFO] Skipping javadoc generation
[INFO] 
[INFO] --- maven-jar-plugin:2.4:test-jar (default) @ savvis-symphonyvpdc ---
[INFO] Building jar: /Users/adriancole/workspace/git/jclouds/providers/savvis-symphonyvpdc/target/savvis-symphonyvpdc-1.5.0-SNAPSHOT-tests.jar
[INFO] 
[INFO] --- maven-surefire-plugin:2.12:test (integration) @ savvis-symphonyvpdc ---
[INFO] Surefire report directory: /Users/adriancole/workspace/git/jclouds/providers/savvis-symphonyvpdc/target/surefire-reports
[INFO] Using configured provider org.apache.maven.surefire.testng.TestNGProvider

-------------------------------------------------------
 T E S T S
-------------------------------------------------------
Running TestSuite
Configuring TestNG with: org.apache.maven.surefire.testng.conf.TestNGMapConfigurator@74b2002f
Starting test testGetFirewallRules(org.jclouds.savvis.vpdc.features.BrowsingClientLiveTest)
[TestNG] Test testGetFirewallRules(org.jclouds.savvis.vpdc.features.BrowsingClientLiveTest) failed.
Test suite progress: tests succeeded: 0, failed: 1, skipped: 0.
Starting test testNetwork(org.jclouds.savvis.vpdc.features.BrowsingClientLiveTest)
[TestNG] Test testNetwork(org.jclouds.savvis.vpdc.features.BrowsingClientLiveTest) failed.
Test suite progress: tests succeeded: 0, failed: 2, skipped: 0.
Starting test testOrg(org.jclouds.savvis.vpdc.features.BrowsingClientLiveTest)
[TestNG] Test testOrg(org.jclouds.savvis.vpdc.features.BrowsingClientLiveTest) failed.
Test suite progress: tests succeeded: 0, failed: 3, skipped: 0.
Starting test testVDC(org.jclouds.savvis.vpdc.features.BrowsingClientLiveTest)
[TestNG] Test testVDC(org.jclouds.savvis.vpdc.features.BrowsingClientLiveTest) failed.
Test suite progress: tests succeeded: 0, failed: 4, skipped: 0.
Starting test testVM(org.jclouds.savvis.vpdc.features.BrowsingClientLiveTest)
[TestNG] Test testVM(org.jclouds.savvis.vpdc.features.BrowsingClientLiveTest) failed.
Test suite progress: tests succeeded: 0, failed: 5, skipped: 0.
Starting test testCreateVirtualMachine(org.jclouds.savvis.vpdc.features.VMClientLiveTest)
[TestNG] Test testCreateVirtualMachine(org.jclouds.savvis.vpdc.features.VMClientLiveTest) failed.
Test suite progress: tests succeeded: 0, failed: 6, skipped: 0.
Starting test testTemplateBuilderWithImageIdSpecified(org.jclouds.savvis.vpdc.compute.VPDCTemplateBuilderLiveTest)
[TestNG] Test testTemplateBuilderWithImageIdSpecified(org.jclouds.savvis.vpdc.compute.VPDCTemplateBuilderLiveTest) failed.
Test suite progress: tests succeeded: 0, failed: 7, skipped: 0.
Starting test testTemplateBuilderWithLoginUserSpecified(org.jclouds.savvis.vpdc.compute.VPDCTemplateBuilderLiveTest)
[TestNG] Test testTemplateBuilderWithLoginUserSpecified(org.jclouds.savvis.vpdc.compute.VPDCTemplateBuilderLiveTest) failed.
Test suite progress: tests succeeded: 0, failed: 8, skipped: 0.
Starting test testTemplateBuilderCannotFind(org.jclouds.savvis.vpdc.compute.VPDCTemplateBuilderLiveTest)
[TestNG] Test testTemplateBuilderCannotFind(org.jclouds.savvis.vpdc.compute.VPDCTemplateBuilderLiveTest) failed.
Test suite progress: tests succeeded: 0, failed: 9, skipped: 0.
Starting test testTemplateBuilderCannotFind(org.jclouds.savvis.vpdc.compute.VPDCTemplateBuilderLiveTest)
[TestNG] Test testTemplateBuilderCannotFind(org.jclouds.savvis.vpdc.compute.VPDCTemplateBuilderLiveTest) failed.
Test suite progress: tests succeeded: 0, failed: 10, skipped: 0.
Starting test testTemplateBuilderCannotFind(org.jclouds.savvis.vpdc.compute.VPDCTemplateBuilderLiveTest)
[TestNG] Test testTemplateBuilderCannotFind(org.jclouds.savvis.vpdc.compute.VPDCTemplateBuilderLiveTest) failed.
Test suite progress: tests succeeded: 0, failed: 11, skipped: 0.
Starting test testTemplateBuilderCannotFind(org.jclouds.savvis.vpdc.compute.VPDCTemplateBuilderLiveTest)
[TestNG] Test testTemplateBuilderCannotFind(org.jclouds.savvis.vpdc.compute.VPDCTemplateBuilderLiveTest) failed.
Test suite progress: tests succeeded: 0, failed: 12, skipped: 0.
Starting test testTemplateBuilderCannotFind(org.jclouds.savvis.vpdc.compute.VPDCTemplateBuilderLiveTest)
[TestNG] Test testTemplateBuilderCannotFind(org.jclouds.savvis.vpdc.compute.VPDCTemplateBuilderLiveTest) failed.
Test suite progress: tests succeeded: 0, failed: 13, skipped: 0.
Starting test testTemplateBuilderCannotFind(org.jclouds.savvis.vpdc.compute.VPDCTemplateBuilderLiveTest)
[TestNG] Test testTemplateBuilderCannotFind(org.jclouds.savvis.vpdc.compute.VPDCTemplateBuilderLiveTest) failed.
Test suite progress: tests succeeded: 0, failed: 14, skipped: 0.
Starting test testTemplateBuilderCannotFind(org.jclouds.savvis.vpdc.compute.VPDCTemplateBuilderLiveTest)
[TestNG] Test testTemplateBuilderCannotFind(org.jclouds.savvis.vpdc.compute.VPDCTemplateBuilderLiveTest) failed.
Test suite progress: tests succeeded: 0, failed: 15, skipped: 0.
Starting test testTemplateBuilderCannotFind(org.jclouds.savvis.vpdc.compute.VPDCTemplateBuilderLiveTest)
[TestNG] Test testTemplateBuilderCannotFind(org.jclouds.savvis.vpdc.compute.VPDCTemplateBuilderLiveTest) failed.
Test suite progress: tests succeeded: 0, failed: 16, skipped: 0.
Starting test testTemplateBuilderCannotFind(org.jclouds.savvis.vpdc.compute.VPDCTemplateBuilderLiveTest)
[TestNG] Test testTemplateBuilderCannotFind(org.jclouds.savvis.vpdc.compute.VPDCTemplateBuilderLiveTest) failed.
Test suite progress: tests succeeded: 0, failed: 17, skipped: 0.
Starting test testTemplateBuilderCannotFind(org.jclouds.savvis.vpdc.compute.VPDCTemplateBuilderLiveTest)
[TestNG] Test testTemplateBuilderCannotFind(org.jclouds.savvis.vpdc.compute.VPDCTemplateBuilderLiveTest) failed.
Test suite progress: tests succeeded: 0, failed: 18, skipped: 0.
Starting test testTemplateBuilderCannotFind(org.jclouds.savvis.vpdc.compute.VPDCTemplateBuilderLiveTest)
[TestNG] Test testTemplateBuilderCannotFind(org.jclouds.savvis.vpdc.compute.VPDCTemplateBuilderLiveTest) failed.
Test suite progress: tests succeeded: 0, failed: 19, skipped: 0.
Starting test testTemplateBuilderCannotFind(org.jclouds.savvis.vpdc.compute.VPDCTemplateBuilderLiveTest)
[TestNG] Test testTemplateBuilderCannotFind(org.jclouds.savvis.vpdc.compute.VPDCTemplateBuilderLiveTest) failed.
Test suite progress: tests succeeded: 0, failed: 20, skipped: 0.
Starting test testTemplateBuilderCannotFind(org.jclouds.savvis.vpdc.compute.VPDCTemplateBuilderLiveTest)
[TestNG] Test testTemplateBuilderCannotFind(org.jclouds.savvis.vpdc.compute.VPDCTemplateBuilderLiveTest) failed.
Test suite progress: tests succeeded: 0, failed: 21, skipped: 0.
Starting test testTemplateBuilderCannotFind(org.jclouds.savvis.vpdc.compute.VPDCTemplateBuilderLiveTest)
[TestNG] Test testTemplateBuilderCannotFind(org.jclouds.savvis.vpdc.compute.VPDCTemplateBuilderLiveTest) failed.
Test suite progress: tests succeeded: 0, failed: 22, skipped: 0.
Starting test testTemplateBuilderCannotFind(org.jclouds.savvis.vpdc.compute.VPDCTemplateBuilderLiveTest)
[TestNG] Test testTemplateBuilderCannotFind(org.jclouds.savvis.vpdc.compute.VPDCTemplateBuilderLiveTest) failed.
Test suite progress: tests succeeded: 0, failed: 23, skipped: 0.
Starting test testTemplateBuilderCannotFind(org.jclouds.savvis.vpdc.compute.VPDCTemplateBuilderLiveTest)
[TestNG] Test testTemplateBuilderCannotFind(org.jclouds.savvis.vpdc.compute.VPDCTemplateBuilderLiveTest) failed.
Test suite progress: tests succeeded: 0, failed: 24, skipped: 0.
Starting test testTemplateBuilderCannotFind(org.jclouds.savvis.vpdc.compute.VPDCTemplateBuilderLiveTest)
[TestNG] Test testTemplateBuilderCannotFind(org.jclouds.savvis.vpdc.compute.VPDCTemplateBuilderLiveTest) failed.
Test suite progress: tests succeeded: 0, failed: 25, skipped: 0.
Starting test testTemplateBuilderCannotFind(org.jclouds.savvis.vpdc.compute.VPDCTemplateBuilderLiveTest)
[TestNG] Test testTemplateBuilderCannotFind(org.jclouds.savvis.vpdc.compute.VPDCTemplateBuilderLiveTest) failed.
Test suite progress: tests succeeded: 0, failed: 26, skipped: 0.
Starting test testTemplateBuilderCannotFind(org.jclouds.savvis.vpdc.compute.VPDCTemplateBuilderLiveTest)
[TestNG] Test testTemplateBuilderCannotFind(org.jclouds.savvis.vpdc.compute.VPDCTemplateBuilderLiveTest) failed.
Test suite progress: tests succeeded: 0, failed: 27, skipped: 0.
Starting test testTemplateBuilderCannotFind(org.jclouds.savvis.vpdc.compute.VPDCTemplateBuilderLiveTest)
[TestNG] Test testTemplateBuilderCannotFind(org.jclouds.savvis.vpdc.compute.VPDCTemplateBuilderLiveTest) failed.
Test suite progress: tests succeeded: 0, failed: 28, skipped: 0.
Starting test testTemplateBuilderCannotFind(org.jclouds.savvis.vpdc.compute.VPDCTemplateBuilderLiveTest)
[TestNG] Test testTemplateBuilderCannotFind(org.jclouds.savvis.vpdc.compute.VPDCTemplateBuilderLiveTest) failed.
Test suite progress: tests succeeded: 0, failed: 29, skipped: 0.
Starting test testTemplateBuilderCannotFind(org.jclouds.savvis.vpdc.compute.VPDCTemplateBuilderLiveTest)
[TestNG] Test testTemplateBuilderCannotFind(org.jclouds.savvis.vpdc.compute.VPDCTemplateBuilderLiveTest) failed.
Test suite progress: tests succeeded: 0, failed: 30, skipped: 0.
Starting test testTemplateBuilderCannotFind(org.jclouds.savvis.vpdc.compute.VPDCTemplateBuilderLiveTest)
[TestNG] Test testTemplateBuilderCannotFind(org.jclouds.savvis.vpdc.compute.VPDCTemplateBuilderLiveTest) failed.
Test suite progress: tests succeeded: 0, failed: 31, skipped: 0.
Starting test testTemplateBuilderCannotFind(org.jclouds.savvis.vpdc.compute.VPDCTemplateBuilderLiveTest)
[TestNG] Test testTemplateBuilderCannotFind(org.jclouds.savvis.vpdc.compute.VPDCTemplateBuilderLiveTest) failed.
Test suite progress: tests succeeded: 0, failed: 32, skipped: 0.
Starting test testTemplateBuilderCannotFind(org.jclouds.savvis.vpdc.compute.VPDCTemplateBuilderLiveTest)
[TestNG] Test testTemplateBuilderCannotFind(org.jclouds.savvis.vpdc.compute.VPDCTemplateBuilderLiveTest) failed.
Test suite progress: tests succeeded: 0, failed: 33, skipped: 0.
Starting test testTemplateBuilderCannotFind(org.jclouds.savvis.vpdc.compute.VPDCTemplateBuilderLiveTest)
[TestNG] Test testTemplateBuilderCannotFind(org.jclouds.savvis.vpdc.compute.VPDCTemplateBuilderLiveTest) failed.
Test suite progress: tests succeeded: 0, failed: 34, skipped: 0.
Starting test testTemplateBuilderCannotFind(org.jclouds.savvis.vpdc.compute.VPDCTemplateBuilderLiveTest)
[TestNG] Test testTemplateBuilderCannotFind(org.jclouds.savvis.vpdc.compute.VPDCTemplateBuilderLiveTest) failed.
Test suite progress: tests succeeded: 0, failed: 35, skipped: 0.
Starting test testTemplateBuilderCannotFind(org.jclouds.savvis.vpdc.compute.VPDCTemplateBuilderLiveTest)
[TestNG] Test testTemplateBuilderCannotFind(org.jclouds.savvis.vpdc.compute.VPDCTemplateBuilderLiveTest) failed.
Test suite progress: tests succeeded: 0, failed: 36, skipped: 0.
Starting test testTemplateBuilderCannotFind(org.jclouds.savvis.vpdc.compute.VPDCTemplateBuilderLiveTest)
[TestNG] Test testTemplateBuilderCannotFind(org.jclouds.savvis.vpdc.compute.VPDCTemplateBuilderLiveTest) failed.
Test suite progress: tests succeeded: 0, failed: 37, skipped: 0.
Starting test testTemplateBuilderCannotFind(org.jclouds.savvis.vpdc.compute.VPDCTemplateBuilderLiveTest)
[TestNG] Test testTemplateBuilderCannotFind(org.jclouds.savvis.vpdc.compute.VPDCTemplateBuilderLiveTest) failed.
Test suite progress: tests succeeded: 0, failed: 38, skipped: 0.
Starting test testTemplateBuilderCannotFind(org.jclouds.savvis.vpdc.compute.VPDCTemplateBuilderLiveTest)
[TestNG] Test testTemplateBuilderCannotFind(org.jclouds.savvis.vpdc.compute.VPDCTemplateBuilderLiveTest) failed.
Test suite progress: tests succeeded: 0, failed: 39, skipped: 0.
Starting test testTemplateBuilderCannotFind(org.jclouds.savvis.vpdc.compute.VPDCTemplateBuilderLiveTest)
[TestNG] Test testTemplateBuilderCannotFind(org.jclouds.savvis.vpdc.compute.VPDCTemplateBuilderLiveTest) failed.
Test suite progress: tests succeeded: 0, failed: 40, skipped: 0.
Starting test testTemplateBuilderCannotFind(org.jclouds.savvis.vpdc.compute.VPDCTemplateBuilderLiveTest)
[TestNG] Test testTemplateBuilderCannotFind(org.jclouds.savvis.vpdc.compute.VPDCTemplateBuilderLiveTest) failed.
Test suite progress: tests succeeded: 0, failed: 41, skipped: 0.
Starting test testTemplateBuilderCannotFind(org.jclouds.savvis.vpdc.compute.VPDCTemplateBuilderLiveTest)
[TestNG] Test testTemplateBuilderCannotFind(org.jclouds.savvis.vpdc.compute.VPDCTemplateBuilderLiveTest) failed.
Test suite progress: tests succeeded: 0, failed: 42, skipped: 0.
Starting test testTemplateBuilderCannotFind(org.jclouds.savvis.vpdc.compute.VPDCTemplateBuilderLiveTest)
[TestNG] Test testTemplateBuilderCannotFind(org.jclouds.savvis.vpdc.compute.VPDCTemplateBuilderLiveTest) failed.
Test suite progress: tests succeeded: 0, failed: 43, skipped: 0.
Starting test testTemplateBuilderCannotFind(org.jclouds.savvis.vpdc.compute.VPDCTemplateBuilderLiveTest)
[TestNG] Test testTemplateBuilderCannotFind(org.jclouds.savvis.vpdc.compute.VPDCTemplateBuilderLiveTest) failed.
Test suite progress: tests succeeded: 0, failed: 44, skipped: 0.
Starting test testTemplateBuilderCannotFind(org.jclouds.savvis.vpdc.compute.VPDCTemplateBuilderLiveTest)
[TestNG] Test testTemplateBuilderCannotFind(org.jclouds.savvis.vpdc.compute.VPDCTemplateBuilderLiveTest) failed.
Test suite progress: tests succeeded: 0, failed: 45, skipped: 0.
Starting test testTemplateBuilderCannotFind(org.jclouds.savvis.vpdc.compute.VPDCTemplateBuilderLiveTest)
[TestNG] Test testTemplateBuilderCannotFind(org.jclouds.savvis.vpdc.compute.VPDCTemplateBuilderLiveTest) failed.
Test suite progress: tests succeeded: 0, failed: 46, skipped: 0.
Starting test testTemplateBuilderCannotFind(org.jclouds.savvis.vpdc.compute.VPDCTemplateBuilderLiveTest)
[TestNG] Test testTemplateBuilderCannotFind(org.jclouds.savvis.vpdc.compute.VPDCTemplateBuilderLiveTest) failed.
Test suite progress: tests succeeded: 0, failed: 47, skipped: 0.
Starting test testTemplateBuilderCannotFind(org.jclouds.savvis.vpdc.compute.VPDCTemplateBuilderLiveTest)
[TestNG] Test testTemplateBuilderCannotFind(org.jclouds.savvis.vpdc.compute.VPDCTemplateBuilderLiveTest) failed.
Test suite progress: tests succeeded: 0, failed: 48, skipped: 0.
Starting test testTemplateBuilderCannotFind(org.jclouds.savvis.vpdc.compute.VPDCTemplateBuilderLiveTest)
[TestNG] Test testTemplateBuilderCannotFind(org.jclouds.savvis.vpdc.compute.VPDCTemplateBuilderLiveTest) failed.
Test suite progress: tests succeeded: 0, failed: 49, skipped: 0.
Starting test testTemplateBuilderCannotFind(org.jclouds.savvis.vpdc.compute.VPDCTemplateBuilderLiveTest)
[TestNG] Test testTemplateBuilderCannotFind(org.jclouds.savvis.vpdc.compute.VPDCTemplateBuilderLiveTest) failed.
Test suite progress: tests succeeded: 0, failed: 50, skipped: 0.
Starting test testTemplateBuilderCannotFind(org.jclouds.savvis.vpdc.compute.VPDCTemplateBuilderLiveTest)
[TestNG] Test testTemplateBuilderCannotFind(org.jclouds.savvis.vpdc.compute.VPDCTemplateBuilderLiveTest) failed.
Test suite progress: tests succeeded: 0, failed: 51, skipped: 0.
Starting test testTemplateBuilderCannotFind(org.jclouds.savvis.vpdc.compute.VPDCTemplateBuilderLiveTest)
[TestNG] Test testTemplateBuilderCannotFind(org.jclouds.savvis.vpdc.compute.VPDCTemplateBuilderLiveTest) failed.
Test suite progress: tests succeeded: 0, failed: 52, skipped: 0.
Starting test testTemplateBuilderCannotFind(org.jclouds.savvis.vpdc.compute.VPDCTemplateBuilderLiveTest)
[TestNG] Test testTemplateBuilderCannotFind(org.jclouds.savvis.vpdc.compute.VPDCTemplateBuilderLiveTest) failed.
Test suite progress: tests succeeded: 0, failed: 53, skipped: 0.
Starting test testTemplateBuilderCannotFind(org.jclouds.savvis.vpdc.compute.VPDCTemplateBuilderLiveTest)
[TestNG] Test testTemplateBuilderCannotFind(org.jclouds.savvis.vpdc.compute.VPDCTemplateBuilderLiveTest) failed.
Test suite progress: tests succeeded: 0, failed: 54, skipped: 0.
Starting test testTemplateBuilderCannotFind(org.jclouds.savvis.vpdc.compute.VPDCTemplateBuilderLiveTest)
[TestNG] Test testTemplateBuilderCannotFind(org.jclouds.savvis.vpdc.compute.VPDCTemplateBuilderLiveTest) failed.
Test suite progress: tests succeeded: 0, failed: 55, skipped: 0.
Starting test testTemplateBuilderCannotFind(org.jclouds.savvis.vpdc.compute.VPDCTemplateBuilderLiveTest)
[TestNG] Test testTemplateBuilderCannotFind(org.jclouds.savvis.vpdc.compute.VPDCTemplateBuilderLiveTest) failed.
Test suite progress: tests succeeded: 0, failed: 56, skipped: 0.
Starting test testTemplateBuilderCannotFind(org.jclouds.savvis.vpdc.compute.VPDCTemplateBuilderLiveTest)
[TestNG] Test testTemplateBuilderCannotFind(org.jclouds.savvis.vpdc.compute.VPDCTemplateBuilderLiveTest) failed.
Test suite progress: tests succeeded: 0, failed: 57, skipped: 0.
Starting test testTemplateBuilderCannotFind(org.jclouds.savvis.vpdc.compute.VPDCTemplateBuilderLiveTest)
[TestNG] Test testTemplateBuilderCannotFind(org.jclouds.savvis.vpdc.compute.VPDCTemplateBuilderLiveTest) failed.
Test suite progress: tests succeeded: 0, failed: 58, skipped: 0.
Starting test testTemplateBuilderCannotFind(org.jclouds.savvis.vpdc.compute.VPDCTemplateBuilderLiveTest)
[TestNG] Test testTemplateBuilderCannotFind(org.jclouds.savvis.vpdc.compute.VPDCTemplateBuilderLiveTest) failed.
Test suite progress: tests succeeded: 0, failed: 59, skipped: 0.
Starting test testTemplateBuilderCannotFind(org.jclouds.savvis.vpdc.compute.VPDCTemplateBuilderLiveTest)
[TestNG] Test testTemplateBuilderCannotFind(org.jclouds.savvis.vpdc.compute.VPDCTemplateBuilderLiveTest) failed.
Test suite progress: tests succeeded: 0, failed: 60, skipped: 0.
Starting test testTemplateBuilderCannotFind(org.jclouds.savvis.vpdc.compute.VPDCTemplateBuilderLiveTest)
[TestNG] Test testTemplateBuilderCannotFind(org.jclouds.savvis.vpdc.compute.VPDCTemplateBuilderLiveTest) failed.
Test suite progress: tests succeeded: 0, failed: 61, skipped: 0.
Starting test testTemplateBuilderCannotFind(org.jclouds.savvis.vpdc.compute.VPDCTemplateBuilderLiveTest)
[TestNG] Test testTemplateBuilderCannotFind(org.jclouds.savvis.vpdc.compute.VPDCTemplateBuilderLiveTest) failed.
Test suite progress: tests succeeded: 0, failed: 62, skipped: 0.
Starting test testTemplateBuilderCannotFind(org.jclouds.savvis.vpdc.compute.VPDCTemplateBuilderLiveTest)
[TestNG] Test testTemplateBuilderCannotFind(org.jclouds.savvis.vpdc.compute.VPDCTemplateBuilderLiveTest) failed.
Test suite progress: tests succeeded: 0, failed: 63, skipped: 0.
Starting test testTemplateBuilderCannotFind(org.jclouds.savvis.vpdc.compute.VPDCTemplateBuilderLiveTest)
[TestNG] Test testTemplateBuilderCannotFind(org.jclouds.savvis.vpdc.compute.VPDCTemplateBuilderLiveTest) failed.
Test suite progress: tests succeeded: 0, failed: 64, skipped: 0.
Starting test testTemplateBuilderCannotFind(org.jclouds.savvis.vpdc.compute.VPDCTemplateBuilderLiveTest)
[TestNG] Test testTemplateBuilderCannotFind(org.jclouds.savvis.vpdc.compute.VPDCTemplateBuilderLiveTest) failed.
Test suite progress: tests succeeded: 0, failed: 65, skipped: 0.
Starting test testTemplateBuilderCannotFind(org.jclouds.savvis.vpdc.compute.VPDCTemplateBuilderLiveTest)
[TestNG] Test testTemplateBuilderCannotFind(org.jclouds.savvis.vpdc.compute.VPDCTemplateBuilderLiveTest) failed.
Test suite progress: tests succeeded: 0, failed: 66, skipped: 0.
Starting test testTemplateBuilderCannotFind(org.jclouds.savvis.vpdc.compute.VPDCTemplateBuilderLiveTest)
[TestNG] Test testTemplateBuilderCannotFind(org.jclouds.savvis.vpdc.compute.VPDCTemplateBuilderLiveTest) failed.
Test suite progress: tests succeeded: 0, failed: 67, skipped: 0.
Starting test testTemplateBuilderCannotFind(org.jclouds.savvis.vpdc.compute.VPDCTemplateBuilderLiveTest)
[TestNG] Test testTemplateBuilderCannotFind(org.jclouds.savvis.vpdc.compute.VPDCTemplateBuilderLiveTest) failed.
Test suite progress: tests succeeded: 0, failed: 68, skipped: 0.
Starting test testTemplateBuilderCannotFind(org.jclouds.savvis.vpdc.compute.VPDCTemplateBuilderLiveTest)
[TestNG] Test testTemplateBuilderCannotFind(org.jclouds.savvis.vpdc.compute.VPDCTemplateBuilderLiveTest) failed.
Test suite progress: tests succeeded: 0, failed: 69, skipped: 0.
Starting test testTemplateBuilderCannotFind(org.jclouds.savvis.vpdc.compute.VPDCTemplateBuilderLiveTest)
[TestNG] Test testTemplateBuilderCannotFind(org.jclouds.savvis.vpdc.compute.VPDCTemplateBuilderLiveTest) failed.
Test suite progress: tests succeeded: 0, failed: 70, skipped: 0.
Starting test testTemplateBuilderCannotFind(org.jclouds.savvis.vpdc.compute.VPDCTemplateBuilderLiveTest)
[TestNG] Test testTemplateBuilderCannotFind(org.jclouds.savvis.vpdc.compute.VPDCTemplateBuilderLiveTest) failed.
Test suite progress: tests succeeded: 0, failed: 71, skipped: 0.
Starting test testTemplateBuilderCannotFind(org.jclouds.savvis.vpdc.compute.VPDCTemplateBuilderLiveTest)
[TestNG] Test testTemplateBuilderCannotFind(org.jclouds.savvis.vpdc.compute.VPDCTemplateBuilderLiveTest) failed.
Test suite progress: tests succeeded: 0, failed: 72, skipped: 0.
Starting test testTemplateBuilderCannotFind(org.jclouds.savvis.vpdc.compute.VPDCTemplateBuilderLiveTest)
[TestNG] Test testTemplateBuilderCannotFind(org.jclouds.savvis.vpdc.compute.VPDCTemplateBuilderLiveTest) failed.
Test suite progress: tests succeeded: 0, failed: 73, skipped: 0.
Starting test testTemplateBuilderCannotFind(org.jclouds.savvis.vpdc.compute.VPDCTemplateBuilderLiveTest)
[TestNG] Test testTemplateBuilderCannotFind(org.jclouds.savvis.vpdc.compute.VPDCTemplateBuilderLiveTest) failed.
Test suite progress: tests succeeded: 0, failed: 74, skipped: 0.
Starting test testTemplateBuilderCannotFind(org.jclouds.savvis.vpdc.compute.VPDCTemplateBuilderLiveTest)
[TestNG] Test testTemplateBuilderCannotFind(org.jclouds.savvis.vpdc.compute.VPDCTemplateBuilderLiveTest) failed.
Test suite progress: tests succeeded: 0, failed: 75, skipped: 0.
Starting test testTemplateBuilderCannotFind(org.jclouds.savvis.vpdc.compute.VPDCTemplateBuilderLiveTest)
[TestNG] Test testTemplateBuilderCannotFind(org.jclouds.savvis.vpdc.compute.VPDCTemplateBuilderLiveTest) failed.
Test suite progress: tests succeeded: 0, failed: 76, skipped: 0.
Starting test testTemplateBuilderCannotFind(org.jclouds.savvis.vpdc.compute.VPDCTemplateBuilderLiveTest)
[TestNG] Test testTemplateBuilderCannotFind(org.jclouds.savvis.vpdc.compute.VPDCTemplateBuilderLiveTest) failed.
Test suite progress: tests succeeded: 0, failed: 77, skipped: 0.
Starting test testTemplateBuilderCannotFind(org.jclouds.savvis.vpdc.compute.VPDCTemplateBuilderLiveTest)
[TestNG] Test testTemplateBuilderCannotFind(org.jclouds.savvis.vpdc.compute.VPDCTemplateBuilderLiveTest) failed.
Test suite progress: tests succeeded: 0, failed: 78, skipped: 0.
Starting test testTemplateBuilderCannotFind(org.jclouds.savvis.vpdc.compute.VPDCTemplateBuilderLiveTest)
[TestNG] Test testTemplateBuilderCannotFind(org.jclouds.savvis.vpdc.compute.VPDCTemplateBuilderLiveTest) failed.
Test suite progress: tests succeeded: 0, failed: 79, skipped: 0.
Starting test testTemplateBuilderCannotFind(org.jclouds.savvis.vpdc.compute.VPDCTemplateBuilderLiveTest)
[TestNG] Test testTemplateBuilderCannotFind(org.jclouds.savvis.vpdc.compute.VPDCTemplateBuilderLiveTest) failed.
Test suite progress: tests succeeded: 0, failed: 80, skipped: 0.
Starting test testTemplateBuilderCannotFind(org.jclouds.savvis.vpdc.compute.VPDCTemplateBuilderLiveTest)
[TestNG] Test testTemplateBuilderCannotFind(org.jclouds.savvis.vpdc.compute.VPDCTemplateBuilderLiveTest) failed.
Test suite progress: tests succeeded: 0, failed: 81, skipped: 0.
Starting test testTemplateBuilderCannotFind(org.jclouds.savvis.vpdc.compute.VPDCTemplateBuilderLiveTest)
[TestNG] Test testTemplateBuilderCannotFind(org.jclouds.savvis.vpdc.compute.VPDCTemplateBuilderLiveTest) failed.
Test suite progress: tests succeeded: 0, failed: 82, skipped: 0.
Starting test testTemplateBuilderCannotFind(org.jclouds.savvis.vpdc.compute.VPDCTemplateBuilderLiveTest)
[TestNG] Test testTemplateBuilderCannotFind(org.jclouds.savvis.vpdc.compute.VPDCTemplateBuilderLiveTest) failed.
Test suite progress: tests succeeded: 0, failed: 83, skipped: 0.
Starting test testTemplateBuilderCannotFind(org.jclouds.savvis.vpdc.compute.VPDCTemplateBuilderLiveTest)
[TestNG] Test testTemplateBuilderCannotFind(org.jclouds.savvis.vpdc.compute.VPDCTemplateBuilderLiveTest) failed.
Test suite progress: tests succeeded: 0, failed: 84, skipped: 0.
Starting test testTemplateBuilderCannotFind(org.jclouds.savvis.vpdc.compute.VPDCTemplateBuilderLiveTest)
[TestNG] Test testTemplateBuilderCannotFind(org.jclouds.savvis.vpdc.compute.VPDCTemplateBuilderLiveTest) failed.
Test suite progress: tests succeeded: 0, failed: 85, skipped: 0.
Starting test testTemplateBuilderCannotFind(org.jclouds.savvis.vpdc.compute.VPDCTemplateBuilderLiveTest)
[TestNG] Test testTemplateBuilderCannotFind(org.jclouds.savvis.vpdc.compute.VPDCTemplateBuilderLiveTest) failed.
Test suite progress: tests succeeded: 0, failed: 86, skipped: 0.
Starting test testTemplateBuilderCannotFind(org.jclouds.savvis.vpdc.compute.VPDCTemplateBuilderLiveTest)
[TestNG] Test testTemplateBuilderCannotFind(org.jclouds.savvis.vpdc.compute.VPDCTemplateBuilderLiveTest) failed.
Test suite progress: tests succeeded: 0, failed: 87, skipped: 0.
Starting test testTemplateBuilderCannotFind(org.jclouds.savvis.vpdc.compute.VPDCTemplateBuilderLiveTest)
[TestNG] Test testTemplateBuilderCannotFind(org.jclouds.savvis.vpdc.compute.VPDCTemplateBuilderLiveTest) failed.
Test suite progress: tests succeeded: 0, failed: 88, skipped: 0.
Starting test testDefaultTemplateBuilder(org.jclouds.savvis.vpdc.compute.VPDCTemplateBuilderLiveTest)
[TestNG] Test testDefaultTemplateBuilder(org.jclouds.savvis.vpdc.compute.VPDCTemplateBuilderLiveTest) failed.
Test suite progress: tests succeeded: 0, failed: 89, skipped: 0.
Starting test testCompareSizes(org.jclouds.savvis.vpdc.compute.VPDCTemplateBuilderLiveTest)
[TestNG] Test testCompareSizes(org.jclouds.savvis.vpdc.compute.VPDCTemplateBuilderLiveTest) failed.
Test suite progress: tests succeeded: 0, failed: 90, skipped: 0.
Starting test testGetAssignableLocations(org.jclouds.savvis.vpdc.compute.VPDCTemplateBuilderLiveTest)
[TestNG] Test testGetAssignableLocations(org.jclouds.savvis.vpdc.compute.VPDCTemplateBuilderLiveTest) failed.
Test suite progress: tests succeeded: 0, failed: 91, skipped: 0.
Starting test testTemplateBuilderCanUseImageId(org.jclouds.savvis.vpdc.compute.VPDCTemplateBuilderLiveTest)
[TestNG] Test testTemplateBuilderCanUseImageId(org.jclouds.savvis.vpdc.compute.VPDCTemplateBuilderLiveTest) failed.
Test suite progress: tests succeeded: 0, failed: 92, skipped: 0.
Starting test testFromTemplate(org.jclouds.savvis.vpdc.compute.VPDCTemplateBuilderLiveTest)
[TestNG] Test testFromTemplate(org.jclouds.savvis.vpdc.compute.VPDCTemplateBuilderLiveTest) failed.
Test suite progress: tests succeeded: 0, failed: 93, skipped: 0.
Starting test testTemplateBuilderCanFind(org.jclouds.savvis.vpdc.compute.VPDCTemplateBuilderLiveTest)
[TestNG] Test testTemplateBuilderCanFind(org.jclouds.savvis.vpdc.compute.VPDCTemplateBuilderLiveTest) failed.
Test suite progress: tests succeeded: 0, failed: 94, skipped: 0.
Starting test testTemplateBuilderCanFind(org.jclouds.savvis.vpdc.compute.VPDCTemplateBuilderLiveTest)
[TestNG] Test testTemplateBuilderCanFind(org.jclouds.savvis.vpdc.compute.VPDCTemplateBuilderLiveTest) failed.
Test suite progress: tests succeeded: 0, failed: 95, skipped: 0.
Starting test testTemplateBuilderCanFind(org.jclouds.savvis.vpdc.compute.VPDCTemplateBuilderLiveTest)
[TestNG] Test testTemplateBuilderCanFind(org.jclouds.savvis.vpdc.compute.VPDCTemplateBuilderLiveTest) failed.
Test suite progress: tests succeeded: 0, failed: 96, skipped: 0.
Starting test testTemplateBuilderCanFind(org.jclouds.savvis.vpdc.compute.VPDCTemplateBuilderLiveTest)
[TestNG] Test testTemplateBuilderCanFind(org.jclouds.savvis.vpdc.compute.VPDCTemplateBuilderLiveTest) failed.
Test suite progress: tests succeeded: 0, failed: 97, skipped: 0.
Starting test testLifeCycle(org.jclouds.savvis.vpdc.features.ServiceManagementClientLiveTest)
[TestNG] Test testLifeCycle(org.jclouds.savvis.vpdc.features.ServiceManagementClientLiveTest) failed.
Test suite progress: tests succeeded: 0, failed: 98, skipped: 0.
[TestNG] Test testCloneVApp(org.jclouds.savvis.vpdc.features.VMClientLiveTest) skipped.
Test suite progress: tests succeeded: 0, failed: 98, skipped: 1.
[TestNG] Test testZCreateMultipleVMs(org.jclouds.savvis.vpdc.features.VMClientLiveTest) skipped.
Test suite progress: tests succeeded: 0, failed: 98, skipped: 2.
Starting test testAddFirewallRule(org.jclouds.savvis.vpdc.features.FirewallClientLiveTest)
[TestNG] Test testAddFirewallRule(org.jclouds.savvis.vpdc.features.FirewallClientLiveTest) failed.
Test suite progress: tests succeeded: 0, failed: 99, skipped: 2.
[TestNG] Test testDeleteFirewallRule(org.jclouds.savvis.vpdc.features.FirewallClientLiveTest) skipped.
Test suite progress: tests succeeded: 0, failed: 99, skipped: 3.
Tests run: 102, Failures: 99, Errors: 0, Skipped: 3, Time elapsed: 8.8 sec <<< FAILURE!

Results :

Failed tests:   testGetFirewallRules(org.jclouds.savvis.vpdc.features.BrowsingClientLiveTest)
  testNetwork(org.jclouds.savvis.vpdc.features.BrowsingClientLiveTest)
  testOrg(org.jclouds.savvis.vpdc.features.BrowsingClientLiveTest)
  testVDC(org.jclouds.savvis.vpdc.features.BrowsingClientLiveTest)
  testVM(org.jclouds.savvis.vpdc.features.BrowsingClientLiveTest)
  testCreateVirtualMachine(org.jclouds.savvis.vpdc.features.VMClientLiveTest): POST https://api.savvis.net/vpdc/v1.0/login HTTP/1.1 -> HTTP/1.1 401 Unauthorized
  testTemplateBuilderWithImageIdSpecified(org.jclouds.savvis.vpdc.compute.VPDCTemplateBuilderLiveTest): POST https://api.savvis.net/vpdc/v1.0/login HTTP/1.1 -> HTTP/1.1 401 Unauthorized
  testTemplateBuilderWithLoginUserSpecified(org.jclouds.savvis.vpdc.compute.VPDCTemplateBuilderLiveTest): POST https://api.savvis.net/vpdc/v1.0/login HTTP/1.1 -> HTTP/1.1 401 Unauthorized
  testTemplateBuilderCannotFind(org.jclouds.savvis.vpdc.compute.VPDCTemplateBuilderLiveTest): (..)
  testTemplateBuilderCannotFind(org.jclouds.savvis.vpdc.compute.VPDCTemplateBuilderLiveTest): (..)
  testTemplateBuilderCannotFind(org.jclouds.savvis.vpdc.compute.VPDCTemplateBuilderLiveTest): (..)
  testTemplateBuilderCannotFind(org.jclouds.savvis.vpdc.compute.VPDCTemplateBuilderLiveTest): (..)
  testTemplateBuilderCannotFind(org.jclouds.savvis.vpdc.compute.VPDCTemplateBuilderLiveTest): (..)
  testTemplateBuilderCannotFind(org.jclouds.savvis.vpdc.compute.VPDCTemplateBuilderLiveTest): (..)
  testTemplateBuilderCannotFind(org.jclouds.savvis.vpdc.compute.VPDCTemplateBuilderLiveTest): (..)
  testTemplateBuilderCannotFind(org.jclouds.savvis.vpdc.compute.VPDCTemplateBuilderLiveTest): (..)
  testTemplateBuilderCannotFind(org.jclouds.savvis.vpdc.compute.VPDCTemplateBuilderLiveTest): (..)
  testTemplateBuilderCannotFind(org.jclouds.savvis.vpdc.compute.VPDCTemplateBuilderLiveTest): (..)
  testTemplateBuilderCannotFind(org.jclouds.savvis.vpdc.compute.VPDCTemplateBuilderLiveTest): (..)
  testTemplateBuilderCannotFind(org.jclouds.savvis.vpdc.compute.VPDCTemplateBuilderLiveTest): (..)
  testTemplateBuilderCannotFind(org.jclouds.savvis.vpdc.compute.VPDCTemplateBuilderLiveTest): (..)
  testTemplateBuilderCannotFind(org.jclouds.savvis.vpdc.compute.VPDCTemplateBuilderLiveTest): (..)
  testTemplateBuilderCannotFind(org.jclouds.savvis.vpdc.compute.VPDCTemplateBuilderLiveTest): (..)
  testTemplateBuilderCannotFind(org.jclouds.savvis.vpdc.compute.VPDCTemplateBuilderLiveTest): (..)
  testTemplateBuilderCannotFind(org.jclouds.savvis.vpdc.compute.VPDCTemplateBuilderLiveTest): (..)
  testTemplateBuilderCannotFind(org.jclouds.savvis.vpdc.compute.VPDCTemplateBuilderLiveTest): (..)
  testTemplateBuilderCannotFind(org.jclouds.savvis.vpdc.compute.VPDCTemplateBuilderLiveTest): (..)
  testTemplateBuilderCannotFind(org.jclouds.savvis.vpdc.compute.VPDCTemplateBuilderLiveTest): (..)
  testTemplateBuilderCannotFind(org.jclouds.savvis.vpdc.compute.VPDCTemplateBuilderLiveTest): (..)
  testTemplateBuilderCannotFind(org.jclouds.savvis.vpdc.compute.VPDCTemplateBuilderLiveTest): (..)
  testTemplateBuilderCannotFind(org.jclouds.savvis.vpdc.compute.VPDCTemplateBuilderLiveTest): (..)
  testTemplateBuilderCannotFind(org.jclouds.savvis.vpdc.compute.VPDCTemplateBuilderLiveTest): (..)
  testTemplateBuilderCannotFind(org.jclouds.savvis.vpdc.compute.VPDCTemplateBuilderLiveTest): (..)
  testTemplateBuilderCannotFind(org.jclouds.savvis.vpdc.compute.VPDCTemplateBuilderLiveTest): (..)
  testTemplateBuilderCannotFind(org.jclouds.savvis.vpdc.compute.VPDCTemplateBuilderLiveTest): (..)
  testTemplateBuilderCannotFind(org.jclouds.savvis.vpdc.compute.VPDCTemplateBuilderLiveTest): (..)
  testTemplateBuilderCannotFind(org.jclouds.savvis.vpdc.compute.VPDCTemplateBuilderLiveTest): (..)
  testTemplateBuilderCannotFind(org.jclouds.savvis.vpdc.compute.VPDCTemplateBuilderLiveTest): (..)
  testTemplateBuilderCannotFind(org.jclouds.savvis.vpdc.compute.VPDCTemplateBuilderLiveTest): (..)
  testTemplateBuilderCannotFind(org.jclouds.savvis.vpdc.compute.VPDCTemplateBuilderLiveTest): (..)
  testTemplateBuilderCannotFind(org.jclouds.savvis.vpdc.compute.VPDCTemplateBuilderLiveTest): (..)
  testTemplateBuilderCannotFind(org.jclouds.savvis.vpdc.compute.VPDCTemplateBuilderLiveTest): (..)
  testTemplateBuilderCannotFind(org.jclouds.savvis.vpdc.compute.VPDCTemplateBuilderLiveTest): (..)
  testTemplateBuilderCannotFind(org.jclouds.savvis.vpdc.compute.VPDCTemplateBuilderLiveTest): (..)
  testTemplateBuilderCannotFind(org.jclouds.savvis.vpdc.compute.VPDCTemplateBuilderLiveTest): (..)
  testTemplateBuilderCannotFind(org.jclouds.savvis.vpdc.compute.VPDCTemplateBuilderLiveTest): (..)
  testTemplateBuilderCannotFind(org.jclouds.savvis.vpdc.compute.VPDCTemplateBuilderLiveTest): (..)
  testTemplateBuilderCannotFind(org.jclouds.savvis.vpdc.compute.VPDCTemplateBuilderLiveTest): (..)
  testTemplateBuilderCannotFind(org.jclouds.savvis.vpdc.compute.VPDCTemplateBuilderLiveTest): (..)
  testTemplateBuilderCannotFind(org.jclouds.savvis.vpdc.compute.VPDCTemplateBuilderLiveTest): (..)
  testTemplateBuilderCannotFind(org.jclouds.savvis.vpdc.compute.VPDCTemplateBuilderLiveTest): (..)
  testTemplateBuilderCannotFind(org.jclouds.savvis.vpdc.compute.VPDCTemplateBuilderLiveTest): (..)
  testTemplateBuilderCannotFind(org.jclouds.savvis.vpdc.compute.VPDCTemplateBuilderLiveTest): (..)
  testTemplateBuilderCannotFind(org.jclouds.savvis.vpdc.compute.VPDCTemplateBuilderLiveTest): (..)
  testTemplateBuilderCannotFind(org.jclouds.savvis.vpdc.compute.VPDCTemplateBuilderLiveTest): (..)
  testTemplateBuilderCannotFind(org.jclouds.savvis.vpdc.compute.VPDCTemplateBuilderLiveTest): (..)
  testTemplateBuilderCannotFind(org.jclouds.savvis.vpdc.compute.VPDCTemplateBuilderLiveTest): (..)
  testTemplateBuilderCannotFind(org.jclouds.savvis.vpdc.compute.VPDCTemplateBuilderLiveTest): (..)
  testTemplateBuilderCannotFind(org.jclouds.savvis.vpdc.compute.VPDCTemplateBuilderLiveTest): (..)
  testTemplateBuilderCannotFind(org.jclouds.savvis.vpdc.compute.VPDCTemplateBuilderLiveTest): (..)
  testTemplateBuilderCannotFind(org.jclouds.savvis.vpdc.compute.VPDCTemplateBuilderLiveTest): (..)
  testTemplateBuilderCannotFind(org.jclouds.savvis.vpdc.compute.VPDCTemplateBuilderLiveTest): (..)
  testTemplateBuilderCannotFind(org.jclouds.savvis.vpdc.compute.VPDCTemplateBuilderLiveTest): (..)
  testTemplateBuilderCannotFind(org.jclouds.savvis.vpdc.compute.VPDCTemplateBuilderLiveTest): (..)
  testTemplateBuilderCannotFind(org.jclouds.savvis.vpdc.compute.VPDCTemplateBuilderLiveTest): (..)
  testTemplateBuilderCannotFind(org.jclouds.savvis.vpdc.compute.VPDCTemplateBuilderLiveTest): (..)
  testTemplateBuilderCannotFind(org.jclouds.savvis.vpdc.compute.VPDCTemplateBuilderLiveTest): (..)
  testTemplateBuilderCannotFind(org.jclouds.savvis.vpdc.compute.VPDCTemplateBuilderLiveTest): (..)
  testTemplateBuilderCannotFind(org.jclouds.savvis.vpdc.compute.VPDCTemplateBuilderLiveTest): (..)
  testTemplateBuilderCannotFind(org.jclouds.savvis.vpdc.compute.VPDCTemplateBuilderLiveTest): (..)
  testTemplateBuilderCannotFind(org.jclouds.savvis.vpdc.compute.VPDCTemplateBuilderLiveTest): (..)
  testTemplateBuilderCannotFind(org.jclouds.savvis.vpdc.compute.VPDCTemplateBuilderLiveTest): (..)
  testTemplateBuilderCannotFind(org.jclouds.savvis.vpdc.compute.VPDCTemplateBuilderLiveTest): (..)
  testTemplateBuilderCannotFind(org.jclouds.savvis.vpdc.compute.VPDCTemplateBuilderLiveTest): (..)
  testTemplateBuilderCannotFind(org.jclouds.savvis.vpdc.compute.VPDCTemplateBuilderLiveTest): (..)
  testTemplateBuilderCannotFind(org.jclouds.savvis.vpdc.compute.VPDCTemplateBuilderLiveTest): (..)
  testTemplateBuilderCannotFind(org.jclouds.savvis.vpdc.compute.VPDCTemplateBuilderLiveTest): (..)
  testTemplateBuilderCannotFind(org.jclouds.savvis.vpdc.compute.VPDCTemplateBuilderLiveTest): (..)
  testTemplateBuilderCannotFind(org.jclouds.savvis.vpdc.compute.VPDCTemplateBuilderLiveTest): (..)
  testTemplateBuilderCannotFind(org.jclouds.savvis.vpdc.compute.VPDCTemplateBuilderLiveTest): (..)
  testTemplateBuilderCannotFind(org.jclouds.savvis.vpdc.compute.VPDCTemplateBuilderLiveTest): (..)
  testTemplateBuilderCannotFind(org.jclouds.savvis.vpdc.compute.VPDCTemplateBuilderLiveTest): (..)
  testTemplateBuilderCannotFind(org.jclouds.savvis.vpdc.compute.VPDCTemplateBuilderLiveTest): (..)
  testTemplateBuilderCannotFind(org.jclouds.savvis.vpdc.compute.VPDCTemplateBuilderLiveTest): (..)
  testTemplateBuilderCannotFind(org.jclouds.savvis.vpdc.compute.VPDCTemplateBuilderLiveTest): (..)
  testTemplateBuilderCannotFind(org.jclouds.savvis.vpdc.compute.VPDCTemplateBuilderLiveTest): (..)
  testTemplateBuilderCannotFind(org.jclouds.savvis.vpdc.compute.VPDCTemplateBuilderLiveTest): (..)
  testTemplateBuilderCannotFind(org.jclouds.savvis.vpdc.compute.VPDCTemplateBuilderLiveTest): (..)
  testDefaultTemplateBuilder(org.jclouds.savvis.vpdc.compute.VPDCTemplateBuilderLiveTest): POST https://api.savvis.net/vpdc/v1.0/login HTTP/1.1 -> HTTP/1.1 401 Unauthorized
  testCompareSizes(org.jclouds.savvis.vpdc.compute.VPDCTemplateBuilderLiveTest): POST https://api.savvis.net/vpdc/v1.0/login HTTP/1.1 -> HTTP/1.1 401 Unauthorized
  testGetAssignableLocations(org.jclouds.savvis.vpdc.compute.VPDCTemplateBuilderLiveTest): POST https://api.savvis.net/vpdc/v1.0/login HTTP/1.1 -> HTTP/1.1 401 Unauthorized
  testTemplateBuilderCanUseImageId(org.jclouds.savvis.vpdc.compute.VPDCTemplateBuilderLiveTest): POST https://api.savvis.net/vpdc/v1.0/login HTTP/1.1 -> HTTP/1.1 401 Unauthorized
  testFromTemplate(org.jclouds.savvis.vpdc.compute.VPDCTemplateBuilderLiveTest): POST https://api.savvis.net/vpdc/v1.0/login HTTP/1.1 -> HTTP/1.1 401 Unauthorized
  testTemplateBuilderCanFind(org.jclouds.savvis.vpdc.compute.VPDCTemplateBuilderLiveTest): POST https://api.savvis.net/vpdc/v1.0/login HTTP/1.1 -> HTTP/1.1 401 Unauthorized
  testTemplateBuilderCanFind(org.jclouds.savvis.vpdc.compute.VPDCTemplateBuilderLiveTest): POST https://api.savvis.net/vpdc/v1.0/login HTTP/1.1 -> HTTP/1.1 401 Unauthorized
  testTemplateBuilderCanFind(org.jclouds.savvis.vpdc.compute.VPDCTemplateBuilderLiveTest): POST https://api.savvis.net/vpdc/v1.0/login HTTP/1.1 -> HTTP/1.1 401 Unauthorized
  testTemplateBuilderCanFind(org.jclouds.savvis.vpdc.compute.VPDCTemplateBuilderLiveTest): POST https://api.savvis.net/vpdc/v1.0/login HTTP/1.1 -> HTTP/1.1 401 Unauthorized
  testLifeCycle(org.jclouds.savvis.vpdc.features.ServiceManagementClientLiveTest)
  testAddFirewallRule(org.jclouds.savvis.vpdc.features.FirewallClientLiveTest): POST https://api.savvis.net/vpdc/v1.0/login HTTP/1.1 -> HTTP/1.1 401 Unauthorized

Tests run: 102, Failures: 99, Errors: 0, Skipped: 3

[INFO] ------------------------------------------------------------------------
[INFO] BUILD FAILURE
[INFO] ------------------------------------------------------------------------
[INFO] Total time: 30.832s
[INFO] Finished at: Mon Mar 05 16:24:45 PST 2012
[INFO] Final Memory: 22M/265M
[INFO] ------------------------------------------------------------------------
[ERROR] Failed to execute goal org.apache.maven.plugins:maven-surefire-plugin:2.12:test (integration) on project savvis-symphonyvpdc: There are test failures.
[ERROR] 
[ERROR] Please refer to /Users/adriancole/workspace/git/jclouds/providers/savvis-symphonyvpdc/target/surefire-reports for the individual test results.
[ERROR] -> [Help 1]
[ERROR] 
[ERROR] To see the full stack trace of the errors, re-run Maven with the -e switch.
[ERROR] Re-run Maven using the -X switch to enable full debug logging.
[ERROR] 
[ERROR] For more information about the errors and possible solutions, please read the following articles:
[ERROR] [Help 1] http://cwiki.apache.org/confluence/display/MAVEN/MojoFailureException
