[INFO] Scanning for projects...
[WARNING] 
[WARNING] Some problems were encountered while building the effective model for org.jclouds.provider:trmk-vcloudexpress:bundle:1.4.0-SNAPSHOT
[WARNING] 'parent.relativePath' of POM org.jclouds:jclouds-project:1.4.0-SNAPSHOT (/Users/adriancole/workspace/git/1.4.x/jclouds/project/pom.xml) points at org.jclouds:jclouds-multi instead of org.sonatype.oss:oss-parent, please verify your project structure @ org.jclouds:jclouds-project:1.4.0-SNAPSHOT, /Users/adriancole/workspace/git/1.4.x/jclouds/project/pom.xml, line 24, column 13
[WARNING] 
[WARNING] It is highly recommended to fix these problems because they threaten the stability of your build.
[WARNING] 
[WARNING] For this reason, future Maven versions might no longer support building such malformed projects.
[WARNING] 
[INFO]                                                                         
[INFO] ------------------------------------------------------------------------
[INFO] Building jclouds Terremark vCloud Express provider 1.4.0-SNAPSHOT
[INFO] ------------------------------------------------------------------------
[INFO] 
[INFO] --- maven-clean-plugin:2.4.1:clean (default-clean) @ trmk-vcloudexpress ---
[INFO] 
[INFO] --- maven-enforcer-plugin:1.0.1:enforce (enforce-maven) @ trmk-vcloudexpress ---
[INFO] 
[INFO] --- maven-enforcer-plugin:1.0.1:enforce (enforce-banned-dependencies) @ trmk-vcloudexpress ---
[INFO] 
[INFO] --- maven-enforcer-plugin:1.0.1:enforce (enforce-java) @ trmk-vcloudexpress ---
[INFO] 
[INFO] --- maven-remote-resources-plugin:1.2:process (process-remote-resources) @ trmk-vcloudexpress ---
[INFO] Setting property: classpath.resource.loader.class => 'org.codehaus.plexus.velocity.ContextClassLoaderResourceLoader'.
[INFO] Setting property: velocimacro.messages.on => 'false'.
[INFO] Setting property: resource.loader => 'classpath'.
[INFO] Setting property: resource.manager.logwhenfound => 'false'.
[INFO] 
[INFO] --- maven-resources-plugin:2.4.2:resources (default-resources) @ trmk-vcloudexpress ---
[INFO] Using 'UTF-8' encoding to copy filtered resources.
[INFO] skip non existing resourceDirectory /Users/adriancole/workspace/git/1.4.x/jclouds/providers/trmk-vcloudexpress/src/main/clojure
[INFO] Copying 1 resource
[INFO] Copying 2 resources
[INFO] 
[INFO] --- maven-compiler-plugin:2.3:compile (default-compile) @ trmk-vcloudexpress ---
[INFO] Compiling 9 source files to /Users/adriancole/workspace/git/1.4.x/jclouds/providers/trmk-vcloudexpress/target/classes
[INFO] 
[INFO] --- maven-resources-plugin:2.4.2:testResources (default-testResources) @ trmk-vcloudexpress ---
[INFO] Using 'UTF-8' encoding to copy filtered resources.
[INFO] skip non existing resourceDirectory /Users/adriancole/workspace/git/1.4.x/jclouds/providers/trmk-vcloudexpress/src/test/clojure
[INFO] Copying 1 resource
[INFO] Copying 2 resources
[INFO] 
[INFO] --- maven-compiler-plugin:2.3:testCompile (default-testCompile) @ trmk-vcloudexpress ---
[INFO] Compiling 6 source files to /Users/adriancole/workspace/git/1.4.x/jclouds/providers/trmk-vcloudexpress/target/test-classes
[INFO] 
[INFO] --- maven-surefire-plugin:2.10:test (default-test) @ trmk-vcloudexpress ---
[INFO] Surefire report directory: /Users/adriancole/workspace/git/1.4.x/jclouds/providers/trmk-vcloudexpress/target/surefire-reports
[INFO] Using configured provider org.apache.maven.surefire.testng.TestNGProvider

-------------------------------------------------------
 T E S T S
-------------------------------------------------------
Running TestSuite
Starting test testAddInternetService(org.jclouds.trmk.vcloudexpress.TerremarkVCloudExpressAsyncClientTest)
[pool-2-thread-1] Test testAddInternetService(org.jclouds.trmk.vcloudexpress.TerremarkVCloudExpressAsyncClientTest) succeeded: 96ms
Test suite progress: tests succeeded: 1, failed: 0, skipped: 0.
Starting test testAddInternetServiceOptions(org.jclouds.trmk.vcloudexpress.TerremarkVCloudExpressAsyncClientTest)
[pool-2-thread-1] Test testAddInternetServiceOptions(org.jclouds.trmk.vcloudexpress.TerremarkVCloudExpressAsyncClientTest) succeeded: 5ms
Test suite progress: tests succeeded: 2, failed: 0, skipped: 0.
Starting test testAddInternetServiceToExistingIp(org.jclouds.trmk.vcloudexpress.TerremarkVCloudExpressAsyncClientTest)
[pool-2-thread-1] Test testAddInternetServiceToExistingIp(org.jclouds.trmk.vcloudexpress.TerremarkVCloudExpressAsyncClientTest) succeeded: 8ms
Test suite progress: tests succeeded: 3, failed: 0, skipped: 0.
Starting test testAddInternetServiceToExistingIpOptions(org.jclouds.trmk.vcloudexpress.TerremarkVCloudExpressAsyncClientTest)
[pool-2-thread-1] Test testAddInternetServiceToExistingIpOptions(org.jclouds.trmk.vcloudexpress.TerremarkVCloudExpressAsyncClientTest) succeeded: 3ms
Test suite progress: tests succeeded: 4, failed: 0, skipped: 0.
Starting test testAddNode(org.jclouds.trmk.vcloudexpress.TerremarkVCloudExpressAsyncClientTest)
[pool-2-thread-1] Test testAddNode(org.jclouds.trmk.vcloudexpress.TerremarkVCloudExpressAsyncClientTest) succeeded: 22ms
Test suite progress: tests succeeded: 5, failed: 0, skipped: 0.
Starting test testAddNodeOptions(org.jclouds.trmk.vcloudexpress.TerremarkVCloudExpressAsyncClientTest)
[pool-2-thread-1] Test testAddNodeOptions(org.jclouds.trmk.vcloudexpress.TerremarkVCloudExpressAsyncClientTest) succeeded: 4ms
Test suite progress: tests succeeded: 6, failed: 0, skipped: 0.
Starting test testCatalog(org.jclouds.trmk.vcloudexpress.TerremarkVCloudExpressAsyncClientTest)
[pool-2-thread-1] Test testCatalog(org.jclouds.trmk.vcloudexpress.TerremarkVCloudExpressAsyncClientTest) succeeded: 11ms
Test suite progress: tests succeeded: 7, failed: 0, skipped: 0.
Starting test testCatalogItemURI(org.jclouds.trmk.vcloudexpress.TerremarkVCloudExpressAsyncClientTest)
[pool-2-thread-1] Test testCatalogItemURI(org.jclouds.trmk.vcloudexpress.TerremarkVCloudExpressAsyncClientTest) succeeded: 8ms
Test suite progress: tests succeeded: 8, failed: 0, skipped: 0.
Starting test testConfigureNodeNoDescription(org.jclouds.trmk.vcloudexpress.TerremarkVCloudExpressAsyncClientTest)
[pool-2-thread-1] Test testConfigureNodeNoDescription(org.jclouds.trmk.vcloudexpress.TerremarkVCloudExpressAsyncClientTest) succeeded: 97ms
Test suite progress: tests succeeded: 9, failed: 0, skipped: 0.
Starting test testConfigureNodeWithDescription(org.jclouds.trmk.vcloudexpress.TerremarkVCloudExpressAsyncClientTest)
[pool-2-thread-1] Test testConfigureNodeWithDescription(org.jclouds.trmk.vcloudexpress.TerremarkVCloudExpressAsyncClientTest) succeeded: 7ms
Test suite progress: tests succeeded: 10, failed: 0, skipped: 0.
Starting test testDelete(org.jclouds.trmk.vcloudexpress.TerremarkVCloudExpressAsyncClientTest)
[pool-2-thread-1] Test testDelete(org.jclouds.trmk.vcloudexpress.TerremarkVCloudExpressAsyncClientTest) succeeded: 20ms
Test suite progress: tests succeeded: 11, failed: 0, skipped: 0.
Starting test testDeleteInternetService(org.jclouds.trmk.vcloudexpress.TerremarkVCloudExpressAsyncClientTest)
[pool-2-thread-1] Test testDeleteInternetService(org.jclouds.trmk.vcloudexpress.TerremarkVCloudExpressAsyncClientTest) succeeded: 25ms
Test suite progress: tests succeeded: 12, failed: 0, skipped: 0.
Starting test testDeleteKeyPair(org.jclouds.trmk.vcloudexpress.TerremarkVCloudExpressAsyncClientTest)
[pool-2-thread-1] Test testDeleteKeyPair(org.jclouds.trmk.vcloudexpress.TerremarkVCloudExpressAsyncClientTest) succeeded: 1ms
Test suite progress: tests succeeded: 13, failed: 0, skipped: 0.
Starting test testDeleteNode(org.jclouds.trmk.vcloudexpress.TerremarkVCloudExpressAsyncClientTest)
[pool-2-thread-1] Test testDeleteNode(org.jclouds.trmk.vcloudexpress.TerremarkVCloudExpressAsyncClientTest) succeeded: 3ms
Test suite progress: tests succeeded: 14, failed: 0, skipped: 0.
Starting test testFindCatalogItemInOrgCatalogNamed(org.jclouds.trmk.vcloudexpress.TerremarkVCloudExpressAsyncClientTest)
[pool-2-thread-1] Test testFindCatalogItemInOrgCatalogNamed(org.jclouds.trmk.vcloudexpress.TerremarkVCloudExpressAsyncClientTest) succeeded: 19ms
Test suite progress: tests succeeded: 15, failed: 0, skipped: 0.
Starting test testGetAllInternetServices(org.jclouds.trmk.vcloudexpress.TerremarkVCloudExpressAsyncClientTest)
[pool-2-thread-1] Test testGetAllInternetServices(org.jclouds.trmk.vcloudexpress.TerremarkVCloudExpressAsyncClientTest) succeeded: 10ms
Test suite progress: tests succeeded: 16, failed: 0, skipped: 0.
Starting test testGetCustomizationOptionsOfCatalogItem(org.jclouds.trmk.vcloudexpress.TerremarkVCloudExpressAsyncClientTest)
[pool-2-thread-1] Test testGetCustomizationOptionsOfCatalogItem(org.jclouds.trmk.vcloudexpress.TerremarkVCloudExpressAsyncClientTest) succeeded: 7ms
Test suite progress: tests succeeded: 17, failed: 0, skipped: 0.
Starting test testGetInternetService(org.jclouds.trmk.vcloudexpress.TerremarkVCloudExpressAsyncClientTest)
[pool-2-thread-1] Test testGetInternetService(org.jclouds.trmk.vcloudexpress.TerremarkVCloudExpressAsyncClientTest) succeeded: 3ms
Test suite progress: tests succeeded: 18, failed: 0, skipped: 0.
Starting test testGetKeyPair(org.jclouds.trmk.vcloudexpress.TerremarkVCloudExpressAsyncClientTest)
[pool-2-thread-1] Test testGetKeyPair(org.jclouds.trmk.vcloudexpress.TerremarkVCloudExpressAsyncClientTest) succeeded: 16ms
Test suite progress: tests succeeded: 19, failed: 0, skipped: 0.
Starting test testGetKeyPairInOrg(org.jclouds.trmk.vcloudexpress.TerremarkVCloudExpressAsyncClientTest)
[pool-2-thread-1] Test testGetKeyPairInOrg(org.jclouds.trmk.vcloudexpress.TerremarkVCloudExpressAsyncClientTest) succeeded: 22ms
Test suite progress: tests succeeded: 20, failed: 0, skipped: 0.
Starting test testGetNode(org.jclouds.trmk.vcloudexpress.TerremarkVCloudExpressAsyncClientTest)
[pool-2-thread-1] Test testGetNode(org.jclouds.trmk.vcloudexpress.TerremarkVCloudExpressAsyncClientTest) succeeded: 3ms
Test suite progress: tests succeeded: 21, failed: 0, skipped: 0.
Starting test testGetNodes(org.jclouds.trmk.vcloudexpress.TerremarkVCloudExpressAsyncClientTest)
[pool-2-thread-1] Test testGetNodes(org.jclouds.trmk.vcloudexpress.TerremarkVCloudExpressAsyncClientTest) succeeded: 8ms
Test suite progress: tests succeeded: 22, failed: 0, skipped: 0.
Starting test testGetVDC(org.jclouds.trmk.vcloudexpress.TerremarkVCloudExpressAsyncClientTest)
[pool-2-thread-1] Test testGetVDC(org.jclouds.trmk.vcloudexpress.TerremarkVCloudExpressAsyncClientTest) succeeded: 9ms
Test suite progress: tests succeeded: 23, failed: 0, skipped: 0.
Starting test testInstantiateVAppTemplateInVDCURI(org.jclouds.trmk.vcloudexpress.TerremarkVCloudExpressAsyncClientTest)
[pool-2-thread-1] Test testInstantiateVAppTemplateInVDCURI(org.jclouds.trmk.vcloudexpress.TerremarkVCloudExpressAsyncClientTest) succeeded: 79ms
Test suite progress: tests succeeded: 24, failed: 0, skipped: 0.
Starting test testInstantiateVAppTemplateInVDCURIOptions(org.jclouds.trmk.vcloudexpress.TerremarkVCloudExpressAsyncClientTest)
[pool-2-thread-1] Test testInstantiateVAppTemplateInVDCURIOptions(org.jclouds.trmk.vcloudexpress.TerremarkVCloudExpressAsyncClientTest) succeeded: 20ms
Test suite progress: tests succeeded: 25, failed: 0, skipped: 0.
Starting test testListKeyPairsInOrg(org.jclouds.trmk.vcloudexpress.TerremarkVCloudExpressAsyncClientTest)
[pool-2-thread-1] Test testListKeyPairsInOrg(org.jclouds.trmk.vcloudexpress.TerremarkVCloudExpressAsyncClientTest) succeeded: 4ms
Test suite progress: tests succeeded: 26, failed: 0, skipped: 0.
Starting test testListKeyPairsInOrgNotFound(org.jclouds.trmk.vcloudexpress.TerremarkVCloudExpressAsyncClientTest)
[pool-2-thread-1] Test testListKeyPairsInOrgNotFound(org.jclouds.trmk.vcloudexpress.TerremarkVCloudExpressAsyncClientTest) succeeded: 0ms
Test suite progress: tests succeeded: 27, failed: 0, skipped: 0.
Starting test testListKeyPairsInOrgNull(org.jclouds.trmk.vcloudexpress.TerremarkVCloudExpressAsyncClientTest)
[pool-2-thread-1] Test testListKeyPairsInOrgNull(org.jclouds.trmk.vcloudexpress.TerremarkVCloudExpressAsyncClientTest) succeeded: 2ms
Test suite progress: tests succeeded: 28, failed: 0, skipped: 0.
Starting test testListOrgs(org.jclouds.trmk.vcloudexpress.TerremarkVCloudExpressAsyncClientTest)
[pool-2-thread-1] Test testListOrgs(org.jclouds.trmk.vcloudexpress.TerremarkVCloudExpressAsyncClientTest) succeeded: 1ms
Test suite progress: tests succeeded: 29, failed: 0, skipped: 0.
Starting test testAllContains(org.jclouds.trmk.vcloudexpress.TerremarkVCloudExpressProviderTest)
[pool-3-thread-1] Test testAllContains(org.jclouds.trmk.vcloudexpress.TerremarkVCloudExpressProviderTest) succeeded: 2ms
Test suite progress: tests succeeded: 30, failed: 0, skipped: 0.
Starting test testInRestProperties(org.jclouds.trmk.vcloudexpress.TerremarkVCloudExpressProviderTest)
Starting test testOfTypeContains(org.jclouds.trmk.vcloudexpress.TerremarkVCloudExpressProviderTest)
[pool-3-thread-3] Test testOfTypeContains(org.jclouds.trmk.vcloudexpress.TerremarkVCloudExpressProviderTest) succeeded: 7ms
Test suite progress: tests succeeded: 31, failed: 0, skipped: 0.
Starting test testWithId(org.jclouds.trmk.vcloudexpress.TerremarkVCloudExpressProviderTest)
[pool-3-thread-4] Test testWithId(org.jclouds.trmk.vcloudexpress.TerremarkVCloudExpressProviderTest) succeeded: 26ms
Test suite progress: tests succeeded: 32, failed: 0, skipped: 0.
[pool-3-thread-2] Test testInRestProperties(org.jclouds.trmk.vcloudexpress.TerremarkVCloudExpressProviderTest) succeeded: 50ms
Test suite progress: tests succeeded: 33, failed: 0, skipped: 0.
Tests run: 33, Failures: 0, Errors: 0, Skipped: 0, Time elapsed: 3.261 sec

Results :

Tests run: 33, Failures: 0, Errors: 0, Skipped: 0

[INFO] 
[INFO] --- clojure-maven-plugin:1.3.8:test (test-clojure) @ trmk-vcloudexpress ---

Testing com.theoryinpractise.clojure.testrunner

Ran 0 tests containing 0 assertions.
0 failures, 0 errors.
[INFO] 
[INFO] --- maven-bundle-plugin:2.3.4:bundle (default-bundle) @ trmk-vcloudexpress ---
[WARNING] Warning building bundle org.jclouds.provider:trmk-vcloudexpress:bundle:1.4.0-SNAPSHOT : Instructions in Export-Package that are never used: org\.jclouds\.trmk\.ecloud\..*|org\.jclouds\.trmk\.ecloud
Classpath: Jar:.,Jar:trmk-common,Jar:jclouds-compute,Jar:java-xmlbuilder,Jar:oauth,Jar:aopalliance,Jar:jersey-core,Jar:guice-assistedinject,Jar:guice,Jar:rocoto,Jar:javax.inject,Jar:jsr250-api,Jar:gson,Jar:guava,Jar:jsr305,Jar:jclouds-scriptbuilder,Jar:jclouds-core,Jar:clojure,Jar:tools.logging,Jar:core.incubator

[WARNING] Warning building bundle org.jclouds.provider:trmk-vcloudexpress:bundle:1.4.0-SNAPSHOT : Superfluous export-package instructions: [org.jclouds.trmk.ecloud.*]
[INFO] 
[INFO] --- maven-source-plugin:2.1.1:jar-no-fork (attach-sources) @ trmk-vcloudexpress ---
[INFO] Building jar: /Users/adriancole/workspace/git/1.4.x/jclouds/providers/trmk-vcloudexpress/target/trmk-vcloudexpress-1.4.0-SNAPSHOT-sources.jar
[INFO] 
[INFO] --- maven-javadoc-plugin:2.8:jar (javadoc) @ trmk-vcloudexpress ---
[INFO] Skipping javadoc generation
[INFO] 
[INFO] --- maven-jar-plugin:2.3.1:test-jar (default) @ trmk-vcloudexpress ---
[INFO] Building jar: /Users/adriancole/workspace/git/1.4.x/jclouds/providers/trmk-vcloudexpress/target/trmk-vcloudexpress-1.4.0-SNAPSHOT-tests.jar
[INFO] 
[INFO] --- maven-surefire-plugin:2.10:test (integration) @ trmk-vcloudexpress ---
[INFO] Surefire report directory: /Users/adriancole/workspace/git/1.4.x/jclouds/providers/trmk-vcloudexpress/target/surefire-reports
[INFO] Using configured provider org.apache.maven.surefire.testng.TestNGProvider

-------------------------------------------------------
 T E S T S
-------------------------------------------------------
Running TestSuite
Starting test testCompareSizes(org.jclouds.trmk.vcloudexpress.compute.TerremarkVCloudExpressComputeServiceLiveTest)
Feb 5, 2012 3:50:04 AM org.jclouds.compute.BaseComputeServiceLiveTest testCompareSizes
INFO: smallest [id=cpu=1,ram=512,disk=10, providerId=cpu=1,ram=512,disk=10, name=null, processors=[[cores=1.0, speed=1.0]], ram=512, volumes=[[id=null, type=LOCAL, size=10.0, device=null, durable=true, isBootDevice=true]], hypervisor=VMware, supportsImage=ALWAYS_TRUE, tags=[]]
Feb 5, 2012 3:50:04 AM org.jclouds.compute.BaseComputeServiceLiveTest testCompareSizes
INFO: fastest [id=cpu=8,ram=512,disk=10, providerId=cpu=8,ram=512,disk=10, name=null, processors=[[cores=8.0, speed=1.0]], ram=512, volumes=[[id=null, type=LOCAL, size=10.0, device=null, durable=true, isBootDevice=true]], hypervisor=VMware, supportsImage=ALWAYS_TRUE, tags=[]]
Feb 5, 2012 3:50:04 AM org.jclouds.compute.BaseComputeServiceLiveTest testCompareSizes
INFO: biggest [id=cpu=8,ram=16384,disk=10, providerId=cpu=8,ram=16384,disk=10, name=null, processors=[[cores=8.0, speed=1.0]], ram=16384, volumes=[[id=null, type=LOCAL, size=10.0, device=null, durable=true, isBootDevice=true]], hypervisor=VMware, supportsImage=ALWAYS_TRUE, tags=[]]
[TestNG] Test testCompareSizes(org.jclouds.trmk.vcloudexpress.compute.TerremarkVCloudExpressComputeServiceLiveTest) succeeded: 6076ms
Test suite progress: tests succeeded: 1, failed: 0, skipped: 0.
Starting test testCorrectAuthException(org.jclouds.trmk.vcloudexpress.compute.TerremarkVCloudExpressComputeServiceLiveTest)
[TestNG] Test testCorrectAuthException(org.jclouds.trmk.vcloudexpress.compute.TerremarkVCloudExpressComputeServiceLiveTest) succeeded: 1110ms
Test suite progress: tests succeeded: 2, failed: 0, skipped: 0.
Starting test testCreateAndRunAService(org.jclouds.trmk.vcloudexpress.compute.TerremarkVCloudExpressComputeServiceLiveTest)
Feb 5, 2012 3:53:26 AM org.jclouds.compute.BaseComputeServiceLiveTest testCreateAndRunAService
INFO: << available node(https://services.vcloudexpress.terremark.com/api/v0.8a-ext1.6/vapp/426113) os([name=46, family=ubuntu, version=, arch=null, is64Bit=true, description=Ubuntu Linux (64-bit)]) in 188s
SLF4J: Failed to load class "org.slf4j.impl.StaticLoggerBinder".
SLF4J: Defaulting to no-operation (NOP) logger implementation
SLF4J: See http://www.slf4j.org/codes.html#StaticLoggerBinder for further details.
Feb 5, 2012 3:56:19 AM org.jclouds.compute.BaseComputeServiceLiveTest testCreateAndRunAService
INFO: << configured node(https://services.vcloudexpress.terremark.com/api/v0.8a-ext1.6/vapp/426113) with java full version "1.7.0_02-b13" and JBoss 7.0.2.Final in 161s
Feb 5, 2012 3:56:25 AM org.jclouds.compute.BaseComputeServiceLiveTest getLocationForIp
WARNING: could not get info on ip 209.132.182.31; check freegeoip
Feb 5, 2012 3:56:25 AM org.jclouds.compute.BaseComputeServiceLiveTest testCreateAndRunAService
INFO: << location of jboss7(download.jboss.org) from perpective of node(https://services.vcloudexpress.terremark.com/api/v0.8a-ext1.6/vapp/426113): 209.132.182.31
Feb 5, 2012 3:56:30 AM org.jclouds.compute.BaseComputeServiceLiveTest getLocationForIp
WARNING: could not get info on ip 77.109.170.24; check freegeoip
Feb 5, 2012 3:56:30 AM org.jclouds.compute.BaseComputeServiceLiveTest testCreateAndRunAService
INFO: << location of jdk7(download.oracle.com) from perpective of node(https://services.vcloudexpress.terremark.com/api/v0.8a-ext1.6/vapp/426113): 77.109.170.24
Feb 5, 2012 3:56:36 AM org.jclouds.compute.BaseComputeServiceLiveTest getLocationForIp
WARNING: could not get info on ip 204.51.112.91; check freegeoip
Feb 5, 2012 3:56:36 AM org.jclouds.compute.BaseComputeServiceLiveTest testCreateAndRunAService
INFO: << location of node(https://services.vcloudexpress.terremark.com/api/v0.8a-ext1.6/vapp/426113) from perspective of amazonaws: 204.51.112.91
Feb 5, 2012 3:57:55 AM org.jclouds.compute.BaseComputeServiceLiveTest trackAvailabilityOfProcessOnNode
INFO: << initial start of jboss on node(https://services.vcloudexpress.terremark.com/api/v0.8a-ext1.6/vapp/426113) [backgroundProcessMilliseconds=68473, socketOpenMilliseconds=5269, reportedStartupTimeMilliseconds=2483]
Feb 5, 2012 3:58:40 AM org.jclouds.compute.BaseComputeServiceLiveTest trackAvailabilityOfProcessOnNode
INFO: << warm start of jboss on node(https://services.vcloudexpress.terremark.com/api/v0.8a-ext1.6/vapp/426113) [backgroundProcessMilliseconds=7828, socketOpenMilliseconds=25812, reportedStartupTimeMilliseconds=2237]
[TestNG] Test testCreateAndRunAService(org.jclouds.trmk.vcloudexpress.compute.TerremarkVCloudExpressComputeServiceLiveTest) succeeded: 594679ms
Test suite progress: tests succeeded: 3, failed: 0, skipped: 0.
Starting test testGetAssignableLocations(org.jclouds.trmk.vcloudexpress.compute.TerremarkVCloudExpressComputeServiceLiveTest)
Feb 5, 2012 4:00:00 AM org.jclouds.compute.BaseComputeServiceLiveTest testGetAssignableLocations
WARNING: location [id=https://services.vcloudexpress.terremark.com/api/v0.8a-ext1.6/vdc/32, scope=ZONE, description=Miami Environment 1, parent=https://services.vcloudexpress.terremark.com/api/v0.8a-ext1.6/org/48, iso3166Codes=[], metadata={}]
[TestNG] Test testGetAssignableLocations(org.jclouds.trmk.vcloudexpress.compute.TerremarkVCloudExpressComputeServiceLiveTest) succeeded: 0ms
Test suite progress: tests succeeded: 4, failed: 0, skipped: 0.
Starting test testImagesCache(org.jclouds.trmk.vcloudexpress.compute.TerremarkVCloudExpressComputeServiceLiveTest)
[TestNG] Test testImagesCache(org.jclouds.trmk.vcloudexpress.compute.TerremarkVCloudExpressComputeServiceLiveTest) succeeded: 6579ms
Test suite progress: tests succeeded: 5, failed: 0, skipped: 0.
Starting test testListSizes(org.jclouds.trmk.vcloudexpress.compute.TerremarkVCloudExpressComputeServiceLiveTest)
[TestNG] Test testListSizes(org.jclouds.trmk.vcloudexpress.compute.TerremarkVCloudExpressComputeServiceLiveTest) succeeded: 1ms
Test suite progress: tests succeeded: 6, failed: 0, skipped: 0.
Starting test testOptionToNotBlock(org.jclouds.trmk.vcloudexpress.compute.TerremarkVCloudExpressComputeServiceLiveTest)
[TestNG] Test testOptionToNotBlock(org.jclouds.trmk.vcloudexpress.compute.TerremarkVCloudExpressComputeServiceLiveTest) succeeded: 168498ms
Test suite progress: tests succeeded: 7, failed: 0, skipped: 0.
Starting test setServiceDefaults(org.jclouds.trmk.vcloudexpress.compute.TerremarkVCloudExpressComputeServiceLiveTest)
[TestNG] Test setServiceDefaults(org.jclouds.trmk.vcloudexpress.compute.TerremarkVCloudExpressComputeServiceLiveTest) succeeded: 0ms
Test suite progress: tests succeeded: 8, failed: 0, skipped: 0.
Starting test testDestroyNodes(org.jclouds.trmk.vcloudexpress.compute.TerremarkVCloudExpressComputeServiceLiveTest)
[TestNG] Test testDestroyNodes(org.jclouds.trmk.vcloudexpress.compute.TerremarkVCloudExpressComputeServiceLiveTest) succeeded: 33323ms
Test suite progress: tests succeeded: 9, failed: 0, skipped: 0.
Starting test testListImages(org.jclouds.trmk.vcloudexpress.compute.TerremarkVCloudExpressComputeServiceLiveTest)
[TestNG] Test testListImages(org.jclouds.trmk.vcloudexpress.compute.TerremarkVCloudExpressComputeServiceLiveTest) succeeded: 0ms
Test suite progress: tests succeeded: 10, failed: 0, skipped: 0.
Starting test testListNodes(org.jclouds.trmk.vcloudexpress.compute.TerremarkVCloudExpressComputeServiceLiveTest)
[id=https://services.vcloudexpress.terremark.com/api/v0.8a-ext1.6/vapp/423633, providerId=https://services.vcloudexpress.terremark.com/api/v0.8a-ext1.6/vapp/423633, name=bbbbbbbbbbbbbbb, processors=[[cores=1.0, speed=1.0]], ram=512, volumes=[[id=0, type=LOCAL, size=4.0, device=null, durable=true, isBootDevice=true]], hypervisor=VMware, supportsImage=idEquals(https://services.vcloudexpress.terremark.com/api/v0.8a-ext1.6/vapp/423633), tags=[]]
[id=https://services.vcloudexpress.terremark.com/api/v0.8a-ext1.6/vapp/426021, providerId=https://services.vcloudexpress.terremark.com/api/v0.8a-ext1.6/vapp/426021, name=ddddddddddddddd, processors=[[cores=1.0, speed=1.0]], ram=512, volumes=[[id=0, type=LOCAL, size=4.0, device=null, durable=true, isBootDevice=true]], hypervisor=VMware, supportsImage=idEquals(https://services.vcloudexpress.terremark.com/api/v0.8a-ext1.6/vapp/426021), tags=[]]
[id=https://services.vcloudexpress.terremark.com/api/v0.8a-ext1.6/vapp/423630, providerId=https://services.vcloudexpress.terremark.com/api/v0.8a-ext1.6/vapp/423630, name=eduardo, processors=[[cores=1.0, speed=1.0]], ram=1536, volumes=[[id=0, type=LOCAL, size=4.0, device=null, durable=true, isBootDevice=true], [id=2, type=LOCAL, size=25.0, device=null, durable=true, isBootDevice=false]], hypervisor=VMware, supportsImage=idEquals(https://services.vcloudexpress.terremark.com/api/v0.8a-ext1.6/vapp/423630), tags=[]]
[TestNG] Test testListNodes(org.jclouds.trmk.vcloudexpress.compute.TerremarkVCloudExpressComputeServiceLiveTest) succeeded: 17138ms
Test suite progress: tests succeeded: 11, failed: 0, skipped: 0.
Starting test testCorrectExceptionRunningNodesNotFound(org.jclouds.trmk.vcloudexpress.compute.TerremarkVCloudExpressComputeServiceLiveTest)
[TestNG] Test testCorrectExceptionRunningNodesNotFound(org.jclouds.trmk.vcloudexpress.compute.TerremarkVCloudExpressComputeServiceLiveTest) succeeded: 11362ms
Test suite progress: tests succeeded: 12, failed: 0, skipped: 0.
Starting test testCompareSizes(org.jclouds.trmk.vcloudexpress.compute.TerremarkVCloudExpressTemplateBuilderLiveTest)
smallest [id=cpu=1,ram=512,disk=10, providerId=cpu=1,ram=512,disk=10, name=null, processors=[[cores=1.0, speed=1.0]], ram=512, volumes=[[id=null, type=LOCAL, size=10.0, device=null, durable=true, isBootDevice=true]], hypervisor=VMware, supportsImage=ALWAYS_TRUE, tags=[]]
fastest [id=cpu=8,ram=512,disk=10, providerId=cpu=8,ram=512,disk=10, name=null, processors=[[cores=8.0, speed=1.0]], ram=512, volumes=[[id=null, type=LOCAL, size=10.0, device=null, durable=true, isBootDevice=true]], hypervisor=VMware, supportsImage=ALWAYS_TRUE, tags=[]]
biggest [id=cpu=8,ram=16384,disk=10, providerId=cpu=8,ram=16384,disk=10, name=null, processors=[[cores=8.0, speed=1.0]], ram=16384, volumes=[[id=null, type=LOCAL, size=10.0, device=null, durable=true, isBootDevice=true]], hypervisor=VMware, supportsImage=ALWAYS_TRUE, tags=[]]
[TestNG] Test testCompareSizes(org.jclouds.trmk.vcloudexpress.compute.TerremarkVCloudExpressTemplateBuilderLiveTest) succeeded: 3728ms
Test suite progress: tests succeeded: 13, failed: 0, skipped: 0.
Starting test testFromTemplate(org.jclouds.trmk.vcloudexpress.compute.TerremarkVCloudExpressTemplateBuilderLiveTest)
[TestNG] Test testFromTemplate(org.jclouds.trmk.vcloudexpress.compute.TerremarkVCloudExpressTemplateBuilderLiveTest) succeeded: 13ms
Test suite progress: tests succeeded: 14, failed: 0, skipped: 0.
Starting test testGetAssignableLocations(org.jclouds.trmk.vcloudexpress.compute.TerremarkVCloudExpressTemplateBuilderLiveTest)
location [id=https://services.vcloudexpress.terremark.com/api/v0.8a-ext1.6/vdc/32, scope=ZONE, description=Miami Environment 1, parent=https://services.vcloudexpress.terremark.com/api/v0.8a-ext1.6/org/48, iso3166Codes=[], metadata={}]
[TestNG] Test testGetAssignableLocations(org.jclouds.trmk.vcloudexpress.compute.TerremarkVCloudExpressTemplateBuilderLiveTest) succeeded: 0ms
Test suite progress: tests succeeded: 15, failed: 0, skipped: 0.
Starting test testTemplateBuilderCanFind(org.jclouds.trmk.vcloudexpress.compute.TerremarkVCloudExpressTemplateBuilderLiveTest)
[TestNG] Test testTemplateBuilderCanFind(org.jclouds.trmk.vcloudexpress.compute.TerremarkVCloudExpressTemplateBuilderLiveTest) succeeded: 1ms
Test suite progress: tests succeeded: 16, failed: 0, skipped: 0.
Starting test testTemplateBuilderCanFind(org.jclouds.trmk.vcloudexpress.compute.TerremarkVCloudExpressTemplateBuilderLiveTest)
[TestNG] Test testTemplateBuilderCanFind(org.jclouds.trmk.vcloudexpress.compute.TerremarkVCloudExpressTemplateBuilderLiveTest) succeeded: 3ms
Test suite progress: tests succeeded: 17, failed: 0, skipped: 0.
Starting test testTemplateBuilderCanFind(org.jclouds.trmk.vcloudexpress.compute.TerremarkVCloudExpressTemplateBuilderLiveTest)
[TestNG] Test testTemplateBuilderCanFind(org.jclouds.trmk.vcloudexpress.compute.TerremarkVCloudExpressTemplateBuilderLiveTest) succeeded: 4ms
Test suite progress: tests succeeded: 18, failed: 0, skipped: 0.
Starting test testTemplateBuilderCanFind(org.jclouds.trmk.vcloudexpress.compute.TerremarkVCloudExpressTemplateBuilderLiveTest)
[TestNG] Test testTemplateBuilderCanFind(org.jclouds.trmk.vcloudexpress.compute.TerremarkVCloudExpressTemplateBuilderLiveTest) succeeded: 2ms
Test suite progress: tests succeeded: 19, failed: 0, skipped: 0.
Starting test testTemplateBuilderCanFind(org.jclouds.trmk.vcloudexpress.compute.TerremarkVCloudExpressTemplateBuilderLiveTest)
[TestNG] Test testTemplateBuilderCanFind(org.jclouds.trmk.vcloudexpress.compute.TerremarkVCloudExpressTemplateBuilderLiveTest) succeeded: 1ms
Test suite progress: tests succeeded: 20, failed: 0, skipped: 0.
Starting test testTemplateBuilderCanFind(org.jclouds.trmk.vcloudexpress.compute.TerremarkVCloudExpressTemplateBuilderLiveTest)
[TestNG] Test testTemplateBuilderCanFind(org.jclouds.trmk.vcloudexpress.compute.TerremarkVCloudExpressTemplateBuilderLiveTest) succeeded: 2ms
Test suite progress: tests succeeded: 21, failed: 0, skipped: 0.
Starting test testTemplateBuilderCanFind(org.jclouds.trmk.vcloudexpress.compute.TerremarkVCloudExpressTemplateBuilderLiveTest)
[TestNG] Test testTemplateBuilderCanFind(org.jclouds.trmk.vcloudexpress.compute.TerremarkVCloudExpressTemplateBuilderLiveTest) succeeded: 6ms
Test suite progress: tests succeeded: 22, failed: 0, skipped: 0.
Starting test testTemplateBuilderCanFind(org.jclouds.trmk.vcloudexpress.compute.TerremarkVCloudExpressTemplateBuilderLiveTest)
[TestNG] Test testTemplateBuilderCanFind(org.jclouds.trmk.vcloudexpress.compute.TerremarkVCloudExpressTemplateBuilderLiveTest) succeeded: 1ms
Test suite progress: tests succeeded: 23, failed: 0, skipped: 0.
Starting test testTemplateBuilderCanFind(org.jclouds.trmk.vcloudexpress.compute.TerremarkVCloudExpressTemplateBuilderLiveTest)
[TestNG] Test testTemplateBuilderCanFind(org.jclouds.trmk.vcloudexpress.compute.TerremarkVCloudExpressTemplateBuilderLiveTest) succeeded: 3ms
Test suite progress: tests succeeded: 24, failed: 0, skipped: 0.
Starting test testTemplateBuilderCanFind(org.jclouds.trmk.vcloudexpress.compute.TerremarkVCloudExpressTemplateBuilderLiveTest)
[TestNG] Test testTemplateBuilderCanFind(org.jclouds.trmk.vcloudexpress.compute.TerremarkVCloudExpressTemplateBuilderLiveTest) succeeded: 3ms
Test suite progress: tests succeeded: 25, failed: 0, skipped: 0.
Starting test testTemplateBuilderCanFind(org.jclouds.trmk.vcloudexpress.compute.TerremarkVCloudExpressTemplateBuilderLiveTest)
[TestNG] Test testTemplateBuilderCanFind(org.jclouds.trmk.vcloudexpress.compute.TerremarkVCloudExpressTemplateBuilderLiveTest) succeeded: 2ms
Test suite progress: tests succeeded: 26, failed: 0, skipped: 0.
Starting test testTemplateBuilderCanFind(org.jclouds.trmk.vcloudexpress.compute.TerremarkVCloudExpressTemplateBuilderLiveTest)
[TestNG] Test testTemplateBuilderCanFind(org.jclouds.trmk.vcloudexpress.compute.TerremarkVCloudExpressTemplateBuilderLiveTest) succeeded: 2ms
Test suite progress: tests succeeded: 27, failed: 0, skipped: 0.
Starting test testTemplateBuilderCanFind(org.jclouds.trmk.vcloudexpress.compute.TerremarkVCloudExpressTemplateBuilderLiveTest)
[TestNG] Test testTemplateBuilderCanFind(org.jclouds.trmk.vcloudexpress.compute.TerremarkVCloudExpressTemplateBuilderLiveTest) succeeded: 2ms
Test suite progress: tests succeeded: 28, failed: 0, skipped: 0.
Starting test testTemplateBuilderCanFind(org.jclouds.trmk.vcloudexpress.compute.TerremarkVCloudExpressTemplateBuilderLiveTest)
[TestNG] Test testTemplateBuilderCanFind(org.jclouds.trmk.vcloudexpress.compute.TerremarkVCloudExpressTemplateBuilderLiveTest) succeeded: 3ms
Test suite progress: tests succeeded: 29, failed: 0, skipped: 0.
Starting test testTemplateBuilderCanFind(org.jclouds.trmk.vcloudexpress.compute.TerremarkVCloudExpressTemplateBuilderLiveTest)
[TestNG] Test testTemplateBuilderCanFind(org.jclouds.trmk.vcloudexpress.compute.TerremarkVCloudExpressTemplateBuilderLiveTest) succeeded: 3ms
Test suite progress: tests succeeded: 30, failed: 0, skipped: 0.
Starting test testTemplateBuilderCanFind(org.jclouds.trmk.vcloudexpress.compute.TerremarkVCloudExpressTemplateBuilderLiveTest)
[TestNG] Test testTemplateBuilderCanFind(org.jclouds.trmk.vcloudexpress.compute.TerremarkVCloudExpressTemplateBuilderLiveTest) succeeded: 34ms
Test suite progress: tests succeeded: 31, failed: 0, skipped: 0.
Starting test testTemplateBuilderCanFind(org.jclouds.trmk.vcloudexpress.compute.TerremarkVCloudExpressTemplateBuilderLiveTest)
[TestNG] Test testTemplateBuilderCanFind(org.jclouds.trmk.vcloudexpress.compute.TerremarkVCloudExpressTemplateBuilderLiveTest) succeeded: 0ms
Test suite progress: tests succeeded: 32, failed: 0, skipped: 0.
Starting test testTemplateBuilderCanFind(org.jclouds.trmk.vcloudexpress.compute.TerremarkVCloudExpressTemplateBuilderLiveTest)
[TestNG] Test testTemplateBuilderCanFind(org.jclouds.trmk.vcloudexpress.compute.TerremarkVCloudExpressTemplateBuilderLiveTest) succeeded: 1ms
Test suite progress: tests succeeded: 33, failed: 0, skipped: 0.
Starting test testTemplateBuilderCanFind(org.jclouds.trmk.vcloudexpress.compute.TerremarkVCloudExpressTemplateBuilderLiveTest)
[TestNG] Test testTemplateBuilderCanFind(org.jclouds.trmk.vcloudexpress.compute.TerremarkVCloudExpressTemplateBuilderLiveTest) succeeded: 0ms
Test suite progress: tests succeeded: 34, failed: 0, skipped: 0.
Starting test testTemplateBuilderCanFind(org.jclouds.trmk.vcloudexpress.compute.TerremarkVCloudExpressTemplateBuilderLiveTest)
[TestNG] Test testTemplateBuilderCanFind(org.jclouds.trmk.vcloudexpress.compute.TerremarkVCloudExpressTemplateBuilderLiveTest) succeeded: 1ms
Test suite progress: tests succeeded: 35, failed: 0, skipped: 0.
Starting test testTemplateBuilderCanUseImageId(org.jclouds.trmk.vcloudexpress.compute.TerremarkVCloudExpressTemplateBuilderLiveTest)
[TestNG] Test testTemplateBuilderCanUseImageId(org.jclouds.trmk.vcloudexpress.compute.TerremarkVCloudExpressTemplateBuilderLiveTest) succeeded: 5222ms
Test suite progress: tests succeeded: 36, failed: 0, skipped: 0.
Starting test testTemplateBuilderCannotFind(org.jclouds.trmk.vcloudexpress.compute.TerremarkVCloudExpressTemplateBuilderLiveTest)
[TestNG] Test testTemplateBuilderCannotFind(org.jclouds.trmk.vcloudexpress.compute.TerremarkVCloudExpressTemplateBuilderLiveTest) succeeded: 1ms
Test suite progress: tests succeeded: 37, failed: 0, skipped: 0.
Starting test testTemplateBuilderCannotFind(org.jclouds.trmk.vcloudexpress.compute.TerremarkVCloudExpressTemplateBuilderLiveTest)
[TestNG] Test testTemplateBuilderCannotFind(org.jclouds.trmk.vcloudexpress.compute.TerremarkVCloudExpressTemplateBuilderLiveTest) succeeded: 1ms
Test suite progress: tests succeeded: 38, failed: 0, skipped: 0.
Starting test testTemplateBuilderCannotFind(org.jclouds.trmk.vcloudexpress.compute.TerremarkVCloudExpressTemplateBuilderLiveTest)
[TestNG] Test testTemplateBuilderCannotFind(org.jclouds.trmk.vcloudexpress.compute.TerremarkVCloudExpressTemplateBuilderLiveTest) succeeded: 0ms
Test suite progress: tests succeeded: 39, failed: 0, skipped: 0.
Starting test testTemplateBuilderCannotFind(org.jclouds.trmk.vcloudexpress.compute.TerremarkVCloudExpressTemplateBuilderLiveTest)
[TestNG] Test testTemplateBuilderCannotFind(org.jclouds.trmk.vcloudexpress.compute.TerremarkVCloudExpressTemplateBuilderLiveTest) succeeded: 1ms
Test suite progress: tests succeeded: 40, failed: 0, skipped: 0.
Starting test testTemplateBuilderCannotFind(org.jclouds.trmk.vcloudexpress.compute.TerremarkVCloudExpressTemplateBuilderLiveTest)
[TestNG] Test testTemplateBuilderCannotFind(org.jclouds.trmk.vcloudexpress.compute.TerremarkVCloudExpressTemplateBuilderLiveTest) succeeded: 0ms
Test suite progress: tests succeeded: 41, failed: 0, skipped: 0.
Starting test testTemplateBuilderCannotFind(org.jclouds.trmk.vcloudexpress.compute.TerremarkVCloudExpressTemplateBuilderLiveTest)
[TestNG] Test testTemplateBuilderCannotFind(org.jclouds.trmk.vcloudexpress.compute.TerremarkVCloudExpressTemplateBuilderLiveTest) succeeded: 0ms
Test suite progress: tests succeeded: 42, failed: 0, skipped: 0.
Starting test testTemplateBuilderCannotFind(org.jclouds.trmk.vcloudexpress.compute.TerremarkVCloudExpressTemplateBuilderLiveTest)
[TestNG] Test testTemplateBuilderCannotFind(org.jclouds.trmk.vcloudexpress.compute.TerremarkVCloudExpressTemplateBuilderLiveTest) succeeded: 1ms
Test suite progress: tests succeeded: 43, failed: 0, skipped: 0.
Starting test testTemplateBuilderCannotFind(org.jclouds.trmk.vcloudexpress.compute.TerremarkVCloudExpressTemplateBuilderLiveTest)
[TestNG] Test testTemplateBuilderCannotFind(org.jclouds.trmk.vcloudexpress.compute.TerremarkVCloudExpressTemplateBuilderLiveTest) succeeded: 1ms
Test suite progress: tests succeeded: 44, failed: 0, skipped: 0.
Starting test testTemplateBuilderCannotFind(org.jclouds.trmk.vcloudexpress.compute.TerremarkVCloudExpressTemplateBuilderLiveTest)
[TestNG] Test testTemplateBuilderCannotFind(org.jclouds.trmk.vcloudexpress.compute.TerremarkVCloudExpressTemplateBuilderLiveTest) succeeded: 1ms
Test suite progress: tests succeeded: 45, failed: 0, skipped: 0.
Starting test testTemplateBuilderCannotFind(org.jclouds.trmk.vcloudexpress.compute.TerremarkVCloudExpressTemplateBuilderLiveTest)
[TestNG] Test testTemplateBuilderCannotFind(org.jclouds.trmk.vcloudexpress.compute.TerremarkVCloudExpressTemplateBuilderLiveTest) succeeded: 4ms
Test suite progress: tests succeeded: 46, failed: 0, skipped: 0.
Starting test testTemplateBuilderCannotFind(org.jclouds.trmk.vcloudexpress.compute.TerremarkVCloudExpressTemplateBuilderLiveTest)
[TestNG] Test testTemplateBuilderCannotFind(org.jclouds.trmk.vcloudexpress.compute.TerremarkVCloudExpressTemplateBuilderLiveTest) succeeded: 4ms
Test suite progress: tests succeeded: 47, failed: 0, skipped: 0.
Starting test testTemplateBuilderCannotFind(org.jclouds.trmk.vcloudexpress.compute.TerremarkVCloudExpressTemplateBuilderLiveTest)
[TestNG] Test testTemplateBuilderCannotFind(org.jclouds.trmk.vcloudexpress.compute.TerremarkVCloudExpressTemplateBuilderLiveTest) succeeded: 6ms
Test suite progress: tests succeeded: 48, failed: 0, skipped: 0.
Starting test testTemplateBuilderCannotFind(org.jclouds.trmk.vcloudexpress.compute.TerremarkVCloudExpressTemplateBuilderLiveTest)
[TestNG] Test testTemplateBuilderCannotFind(org.jclouds.trmk.vcloudexpress.compute.TerremarkVCloudExpressTemplateBuilderLiveTest) succeeded: 1ms
Test suite progress: tests succeeded: 49, failed: 0, skipped: 0.
Starting test testTemplateBuilderCannotFind(org.jclouds.trmk.vcloudexpress.compute.TerremarkVCloudExpressTemplateBuilderLiveTest)
[TestNG] Test testTemplateBuilderCannotFind(org.jclouds.trmk.vcloudexpress.compute.TerremarkVCloudExpressTemplateBuilderLiveTest) succeeded: 1ms
Test suite progress: tests succeeded: 50, failed: 0, skipped: 0.
Starting test testTemplateBuilderCannotFind(org.jclouds.trmk.vcloudexpress.compute.TerremarkVCloudExpressTemplateBuilderLiveTest)
[TestNG] Test testTemplateBuilderCannotFind(org.jclouds.trmk.vcloudexpress.compute.TerremarkVCloudExpressTemplateBuilderLiveTest) succeeded: 0ms
Test suite progress: tests succeeded: 51, failed: 0, skipped: 0.
Starting test testTemplateBuilderCannotFind(org.jclouds.trmk.vcloudexpress.compute.TerremarkVCloudExpressTemplateBuilderLiveTest)
[TestNG] Test testTemplateBuilderCannotFind(org.jclouds.trmk.vcloudexpress.compute.TerremarkVCloudExpressTemplateBuilderLiveTest) succeeded: 1ms
Test suite progress: tests succeeded: 52, failed: 0, skipped: 0.
Starting test testTemplateBuilderCannotFind(org.jclouds.trmk.vcloudexpress.compute.TerremarkVCloudExpressTemplateBuilderLiveTest)
[TestNG] Test testTemplateBuilderCannotFind(org.jclouds.trmk.vcloudexpress.compute.TerremarkVCloudExpressTemplateBuilderLiveTest) succeeded: 1ms
Test suite progress: tests succeeded: 53, failed: 0, skipped: 0.
Starting test testTemplateBuilderCannotFind(org.jclouds.trmk.vcloudexpress.compute.TerremarkVCloudExpressTemplateBuilderLiveTest)
[TestNG] Test testTemplateBuilderCannotFind(org.jclouds.trmk.vcloudexpress.compute.TerremarkVCloudExpressTemplateBuilderLiveTest) succeeded: 1ms
Test suite progress: tests succeeded: 54, failed: 0, skipped: 0.
Starting test testTemplateBuilderCannotFind(org.jclouds.trmk.vcloudexpress.compute.TerremarkVCloudExpressTemplateBuilderLiveTest)
[TestNG] Test testTemplateBuilderCannotFind(org.jclouds.trmk.vcloudexpress.compute.TerremarkVCloudExpressTemplateBuilderLiveTest) succeeded: 1ms
Test suite progress: tests succeeded: 55, failed: 0, skipped: 0.
Starting test testTemplateBuilderCannotFind(org.jclouds.trmk.vcloudexpress.compute.TerremarkVCloudExpressTemplateBuilderLiveTest)
[TestNG] Test testTemplateBuilderCannotFind(org.jclouds.trmk.vcloudexpress.compute.TerremarkVCloudExpressTemplateBuilderLiveTest) succeeded: 0ms
Test suite progress: tests succeeded: 56, failed: 0, skipped: 0.
Starting test testTemplateBuilderCannotFind(org.jclouds.trmk.vcloudexpress.compute.TerremarkVCloudExpressTemplateBuilderLiveTest)
[TestNG] Test testTemplateBuilderCannotFind(org.jclouds.trmk.vcloudexpress.compute.TerremarkVCloudExpressTemplateBuilderLiveTest) succeeded: 0ms
Test suite progress: tests succeeded: 57, failed: 0, skipped: 0.
Starting test testTemplateBuilderCannotFind(org.jclouds.trmk.vcloudexpress.compute.TerremarkVCloudExpressTemplateBuilderLiveTest)
[TestNG] Test testTemplateBuilderCannotFind(org.jclouds.trmk.vcloudexpress.compute.TerremarkVCloudExpressTemplateBuilderLiveTest) succeeded: 0ms
Test suite progress: tests succeeded: 58, failed: 0, skipped: 0.
Starting test testTemplateBuilderCannotFind(org.jclouds.trmk.vcloudexpress.compute.TerremarkVCloudExpressTemplateBuilderLiveTest)
[TestNG] Test testTemplateBuilderCannotFind(org.jclouds.trmk.vcloudexpress.compute.TerremarkVCloudExpressTemplateBuilderLiveTest) succeeded: 1ms
Test suite progress: tests succeeded: 59, failed: 0, skipped: 0.
Starting test testTemplateBuilderCannotFind(org.jclouds.trmk.vcloudexpress.compute.TerremarkVCloudExpressTemplateBuilderLiveTest)
[TestNG] Test testTemplateBuilderCannotFind(org.jclouds.trmk.vcloudexpress.compute.TerremarkVCloudExpressTemplateBuilderLiveTest) succeeded: 2ms
Test suite progress: tests succeeded: 60, failed: 0, skipped: 0.
Starting test testTemplateBuilderCannotFind(org.jclouds.trmk.vcloudexpress.compute.TerremarkVCloudExpressTemplateBuilderLiveTest)
[TestNG] Test testTemplateBuilderCannotFind(org.jclouds.trmk.vcloudexpress.compute.TerremarkVCloudExpressTemplateBuilderLiveTest) succeeded: 1ms
Test suite progress: tests succeeded: 61, failed: 0, skipped: 0.
Starting test testTemplateBuilderCannotFind(org.jclouds.trmk.vcloudexpress.compute.TerremarkVCloudExpressTemplateBuilderLiveTest)
[TestNG] Test testTemplateBuilderCannotFind(org.jclouds.trmk.vcloudexpress.compute.TerremarkVCloudExpressTemplateBuilderLiveTest) succeeded: 2ms
Test suite progress: tests succeeded: 62, failed: 0, skipped: 0.
Starting test testTemplateBuilderCannotFind(org.jclouds.trmk.vcloudexpress.compute.TerremarkVCloudExpressTemplateBuilderLiveTest)
[TestNG] Test testTemplateBuilderCannotFind(org.jclouds.trmk.vcloudexpress.compute.TerremarkVCloudExpressTemplateBuilderLiveTest) succeeded: 1ms
Test suite progress: tests succeeded: 63, failed: 0, skipped: 0.
Starting test testTemplateBuilderCannotFind(org.jclouds.trmk.vcloudexpress.compute.TerremarkVCloudExpressTemplateBuilderLiveTest)
[TestNG] Test testTemplateBuilderCannotFind(org.jclouds.trmk.vcloudexpress.compute.TerremarkVCloudExpressTemplateBuilderLiveTest) succeeded: 0ms
Test suite progress: tests succeeded: 64, failed: 0, skipped: 0.
Starting test testTemplateBuilderCannotFind(org.jclouds.trmk.vcloudexpress.compute.TerremarkVCloudExpressTemplateBuilderLiveTest)
[TestNG] Test testTemplateBuilderCannotFind(org.jclouds.trmk.vcloudexpress.compute.TerremarkVCloudExpressTemplateBuilderLiveTest) succeeded: 1ms
Test suite progress: tests succeeded: 65, failed: 0, skipped: 0.
Starting test testTemplateBuilderCannotFind(org.jclouds.trmk.vcloudexpress.compute.TerremarkVCloudExpressTemplateBuilderLiveTest)
[TestNG] Test testTemplateBuilderCannotFind(org.jclouds.trmk.vcloudexpress.compute.TerremarkVCloudExpressTemplateBuilderLiveTest) succeeded: 1ms
Test suite progress: tests succeeded: 66, failed: 0, skipped: 0.
Starting test testTemplateBuilderCannotFind(org.jclouds.trmk.vcloudexpress.compute.TerremarkVCloudExpressTemplateBuilderLiveTest)
[TestNG] Test testTemplateBuilderCannotFind(org.jclouds.trmk.vcloudexpress.compute.TerremarkVCloudExpressTemplateBuilderLiveTest) succeeded: 2ms
Test suite progress: tests succeeded: 67, failed: 0, skipped: 0.
Starting test testTemplateBuilderCannotFind(org.jclouds.trmk.vcloudexpress.compute.TerremarkVCloudExpressTemplateBuilderLiveTest)
[TestNG] Test testTemplateBuilderCannotFind(org.jclouds.trmk.vcloudexpress.compute.TerremarkVCloudExpressTemplateBuilderLiveTest) succeeded: 1ms
Test suite progress: tests succeeded: 68, failed: 0, skipped: 0.
Starting test testTemplateBuilderCannotFind(org.jclouds.trmk.vcloudexpress.compute.TerremarkVCloudExpressTemplateBuilderLiveTest)
[TestNG] Test testTemplateBuilderCannotFind(org.jclouds.trmk.vcloudexpress.compute.TerremarkVCloudExpressTemplateBuilderLiveTest) succeeded: 0ms
Test suite progress: tests succeeded: 69, failed: 0, skipped: 0.
Starting test testTemplateBuilderCannotFind(org.jclouds.trmk.vcloudexpress.compute.TerremarkVCloudExpressTemplateBuilderLiveTest)
[TestNG] Test testTemplateBuilderCannotFind(org.jclouds.trmk.vcloudexpress.compute.TerremarkVCloudExpressTemplateBuilderLiveTest) succeeded: 1ms
Test suite progress: tests succeeded: 70, failed: 0, skipped: 0.
Starting test testTemplateBuilderCannotFind(org.jclouds.trmk.vcloudexpress.compute.TerremarkVCloudExpressTemplateBuilderLiveTest)
[TestNG] Test testTemplateBuilderCannotFind(org.jclouds.trmk.vcloudexpress.compute.TerremarkVCloudExpressTemplateBuilderLiveTest) succeeded: 1ms
Test suite progress: tests succeeded: 71, failed: 0, skipped: 0.
Starting test testTemplateBuilderCannotFind(org.jclouds.trmk.vcloudexpress.compute.TerremarkVCloudExpressTemplateBuilderLiveTest)
[TestNG] Test testTemplateBuilderCannotFind(org.jclouds.trmk.vcloudexpress.compute.TerremarkVCloudExpressTemplateBuilderLiveTest) succeeded: 2ms
Test suite progress: tests succeeded: 72, failed: 0, skipped: 0.
Starting test testTemplateBuilderCannotFind(org.jclouds.trmk.vcloudexpress.compute.TerremarkVCloudExpressTemplateBuilderLiveTest)
[TestNG] Test testTemplateBuilderCannotFind(org.jclouds.trmk.vcloudexpress.compute.TerremarkVCloudExpressTemplateBuilderLiveTest) succeeded: 2ms
Test suite progress: tests succeeded: 73, failed: 0, skipped: 0.
Starting test testTemplateBuilderCannotFind(org.jclouds.trmk.vcloudexpress.compute.TerremarkVCloudExpressTemplateBuilderLiveTest)
[TestNG] Test testTemplateBuilderCannotFind(org.jclouds.trmk.vcloudexpress.compute.TerremarkVCloudExpressTemplateBuilderLiveTest) succeeded: 1ms
Test suite progress: tests succeeded: 74, failed: 0, skipped: 0.
Starting test testTemplateBuilderCannotFind(org.jclouds.trmk.vcloudexpress.compute.TerremarkVCloudExpressTemplateBuilderLiveTest)
[TestNG] Test testTemplateBuilderCannotFind(org.jclouds.trmk.vcloudexpress.compute.TerremarkVCloudExpressTemplateBuilderLiveTest) succeeded: 0ms
Test suite progress: tests succeeded: 75, failed: 0, skipped: 0.
Starting test testTemplateBuilderCannotFind(org.jclouds.trmk.vcloudexpress.compute.TerremarkVCloudExpressTemplateBuilderLiveTest)
[TestNG] Test testTemplateBuilderCannotFind(org.jclouds.trmk.vcloudexpress.compute.TerremarkVCloudExpressTemplateBuilderLiveTest) succeeded: 0ms
Test suite progress: tests succeeded: 76, failed: 0, skipped: 0.
Starting test testTemplateBuilderCannotFind(org.jclouds.trmk.vcloudexpress.compute.TerremarkVCloudExpressTemplateBuilderLiveTest)
[TestNG] Test testTemplateBuilderCannotFind(org.jclouds.trmk.vcloudexpress.compute.TerremarkVCloudExpressTemplateBuilderLiveTest) succeeded: 1ms
Test suite progress: tests succeeded: 77, failed: 0, skipped: 0.
Starting test testTemplateBuilderCannotFind(org.jclouds.trmk.vcloudexpress.compute.TerremarkVCloudExpressTemplateBuilderLiveTest)
[TestNG] Test testTemplateBuilderCannotFind(org.jclouds.trmk.vcloudexpress.compute.TerremarkVCloudExpressTemplateBuilderLiveTest) succeeded: 0ms
Test suite progress: tests succeeded: 78, failed: 0, skipped: 0.
Starting test testTemplateBuilderCannotFind(org.jclouds.trmk.vcloudexpress.compute.TerremarkVCloudExpressTemplateBuilderLiveTest)
[TestNG] Test testTemplateBuilderCannotFind(org.jclouds.trmk.vcloudexpress.compute.TerremarkVCloudExpressTemplateBuilderLiveTest) succeeded: 1ms
Test suite progress: tests succeeded: 79, failed: 0, skipped: 0.
Starting test testTemplateBuilderCannotFind(org.jclouds.trmk.vcloudexpress.compute.TerremarkVCloudExpressTemplateBuilderLiveTest)
[TestNG] Test testTemplateBuilderCannotFind(org.jclouds.trmk.vcloudexpress.compute.TerremarkVCloudExpressTemplateBuilderLiveTest) succeeded: 0ms
Test suite progress: tests succeeded: 80, failed: 0, skipped: 0.
Starting test testTemplateBuilderCannotFind(org.jclouds.trmk.vcloudexpress.compute.TerremarkVCloudExpressTemplateBuilderLiveTest)
[TestNG] Test testTemplateBuilderCannotFind(org.jclouds.trmk.vcloudexpress.compute.TerremarkVCloudExpressTemplateBuilderLiveTest) succeeded: 1ms
Test suite progress: tests succeeded: 81, failed: 0, skipped: 0.
Starting test testTemplateBuilderCannotFind(org.jclouds.trmk.vcloudexpress.compute.TerremarkVCloudExpressTemplateBuilderLiveTest)
[TestNG] Test testTemplateBuilderCannotFind(org.jclouds.trmk.vcloudexpress.compute.TerremarkVCloudExpressTemplateBuilderLiveTest) succeeded: 0ms
Test suite progress: tests succeeded: 82, failed: 0, skipped: 0.
Starting test testTemplateBuilderCannotFind(org.jclouds.trmk.vcloudexpress.compute.TerremarkVCloudExpressTemplateBuilderLiveTest)
[TestNG] Test testTemplateBuilderCannotFind(org.jclouds.trmk.vcloudexpress.compute.TerremarkVCloudExpressTemplateBuilderLiveTest) succeeded: 1ms
Test suite progress: tests succeeded: 83, failed: 0, skipped: 0.
Starting test testTemplateBuilderCannotFind(org.jclouds.trmk.vcloudexpress.compute.TerremarkVCloudExpressTemplateBuilderLiveTest)
[TestNG] Test testTemplateBuilderCannotFind(org.jclouds.trmk.vcloudexpress.compute.TerremarkVCloudExpressTemplateBuilderLiveTest) succeeded: 0ms
Test suite progress: tests succeeded: 84, failed: 0, skipped: 0.
Starting test testTemplateBuilderCannotFind(org.jclouds.trmk.vcloudexpress.compute.TerremarkVCloudExpressTemplateBuilderLiveTest)
[TestNG] Test testTemplateBuilderCannotFind(org.jclouds.trmk.vcloudexpress.compute.TerremarkVCloudExpressTemplateBuilderLiveTest) succeeded: 1ms
Test suite progress: tests succeeded: 85, failed: 0, skipped: 0.
Starting test testTemplateBuilderCannotFind(org.jclouds.trmk.vcloudexpress.compute.TerremarkVCloudExpressTemplateBuilderLiveTest)
[TestNG] Test testTemplateBuilderCannotFind(org.jclouds.trmk.vcloudexpress.compute.TerremarkVCloudExpressTemplateBuilderLiveTest) succeeded: 0ms
Test suite progress: tests succeeded: 86, failed: 0, skipped: 0.
Starting test testTemplateBuilderCannotFind(org.jclouds.trmk.vcloudexpress.compute.TerremarkVCloudExpressTemplateBuilderLiveTest)
[TestNG] Test testTemplateBuilderCannotFind(org.jclouds.trmk.vcloudexpress.compute.TerremarkVCloudExpressTemplateBuilderLiveTest) succeeded: 1ms
Test suite progress: tests succeeded: 87, failed: 0, skipped: 0.
Starting test testTemplateBuilderCannotFind(org.jclouds.trmk.vcloudexpress.compute.TerremarkVCloudExpressTemplateBuilderLiveTest)
[TestNG] Test testTemplateBuilderCannotFind(org.jclouds.trmk.vcloudexpress.compute.TerremarkVCloudExpressTemplateBuilderLiveTest) succeeded: 0ms
Test suite progress: tests succeeded: 88, failed: 0, skipped: 0.
Starting test testTemplateBuilderCannotFind(org.jclouds.trmk.vcloudexpress.compute.TerremarkVCloudExpressTemplateBuilderLiveTest)
[TestNG] Test testTemplateBuilderCannotFind(org.jclouds.trmk.vcloudexpress.compute.TerremarkVCloudExpressTemplateBuilderLiveTest) succeeded: 1ms
Test suite progress: tests succeeded: 89, failed: 0, skipped: 0.
Starting test testTemplateBuilderCannotFind(org.jclouds.trmk.vcloudexpress.compute.TerremarkVCloudExpressTemplateBuilderLiveTest)
[TestNG] Test testTemplateBuilderCannotFind(org.jclouds.trmk.vcloudexpress.compute.TerremarkVCloudExpressTemplateBuilderLiveTest) succeeded: 0ms
Test suite progress: tests succeeded: 90, failed: 0, skipped: 0.
Starting test testTemplateBuilderCannotFind(org.jclouds.trmk.vcloudexpress.compute.TerremarkVCloudExpressTemplateBuilderLiveTest)
[TestNG] Test testTemplateBuilderCannotFind(org.jclouds.trmk.vcloudexpress.compute.TerremarkVCloudExpressTemplateBuilderLiveTest) succeeded: 1ms
Test suite progress: tests succeeded: 91, failed: 0, skipped: 0.
Starting test testTemplateBuilderCannotFind(org.jclouds.trmk.vcloudexpress.compute.TerremarkVCloudExpressTemplateBuilderLiveTest)
[TestNG] Test testTemplateBuilderCannotFind(org.jclouds.trmk.vcloudexpress.compute.TerremarkVCloudExpressTemplateBuilderLiveTest) succeeded: 0ms
Test suite progress: tests succeeded: 92, failed: 0, skipped: 0.
Starting test testTemplateBuilderCannotFind(org.jclouds.trmk.vcloudexpress.compute.TerremarkVCloudExpressTemplateBuilderLiveTest)
[TestNG] Test testTemplateBuilderCannotFind(org.jclouds.trmk.vcloudexpress.compute.TerremarkVCloudExpressTemplateBuilderLiveTest) succeeded: 1ms
Test suite progress: tests succeeded: 93, failed: 0, skipped: 0.
Starting test testTemplateBuilderCannotFind(org.jclouds.trmk.vcloudexpress.compute.TerremarkVCloudExpressTemplateBuilderLiveTest)
[TestNG] Test testTemplateBuilderCannotFind(org.jclouds.trmk.vcloudexpress.compute.TerremarkVCloudExpressTemplateBuilderLiveTest) succeeded: 0ms
Test suite progress: tests succeeded: 94, failed: 0, skipped: 0.
Starting test testTemplateBuilderCannotFind(org.jclouds.trmk.vcloudexpress.compute.TerremarkVCloudExpressTemplateBuilderLiveTest)
[TestNG] Test testTemplateBuilderCannotFind(org.jclouds.trmk.vcloudexpress.compute.TerremarkVCloudExpressTemplateBuilderLiveTest) succeeded: 1ms
Test suite progress: tests succeeded: 95, failed: 0, skipped: 0.
Starting test testTemplateBuilderCannotFind(org.jclouds.trmk.vcloudexpress.compute.TerremarkVCloudExpressTemplateBuilderLiveTest)
[TestNG] Test testTemplateBuilderCannotFind(org.jclouds.trmk.vcloudexpress.compute.TerremarkVCloudExpressTemplateBuilderLiveTest) succeeded: 0ms
Test suite progress: tests succeeded: 96, failed: 0, skipped: 0.
Starting test testTemplateBuilderCannotFind(org.jclouds.trmk.vcloudexpress.compute.TerremarkVCloudExpressTemplateBuilderLiveTest)
[TestNG] Test testTemplateBuilderCannotFind(org.jclouds.trmk.vcloudexpress.compute.TerremarkVCloudExpressTemplateBuilderLiveTest) succeeded: 1ms
Test suite progress: tests succeeded: 97, failed: 0, skipped: 0.
Starting test testTemplateBuilderCannotFind(org.jclouds.trmk.vcloudexpress.compute.TerremarkVCloudExpressTemplateBuilderLiveTest)
[TestNG] Test testTemplateBuilderCannotFind(org.jclouds.trmk.vcloudexpress.compute.TerremarkVCloudExpressTemplateBuilderLiveTest) succeeded: 0ms
Test suite progress: tests succeeded: 98, failed: 0, skipped: 0.
Starting test testTemplateBuilderCannotFind(org.jclouds.trmk.vcloudexpress.compute.TerremarkVCloudExpressTemplateBuilderLiveTest)
[TestNG] Test testTemplateBuilderCannotFind(org.jclouds.trmk.vcloudexpress.compute.TerremarkVCloudExpressTemplateBuilderLiveTest) succeeded: 1ms
Test suite progress: tests succeeded: 99, failed: 0, skipped: 0.
Starting test testTemplateBuilderCannotFind(org.jclouds.trmk.vcloudexpress.compute.TerremarkVCloudExpressTemplateBuilderLiveTest)
[TestNG] Test testTemplateBuilderCannotFind(org.jclouds.trmk.vcloudexpress.compute.TerremarkVCloudExpressTemplateBuilderLiveTest) succeeded: 0ms
Test suite progress: tests succeeded: 100, failed: 0, skipped: 0.
Starting test testTemplateBuilderWithImageIdSpecified(org.jclouds.trmk.vcloudexpress.compute.TerremarkVCloudExpressTemplateBuilderLiveTest)
[TestNG] Test testTemplateBuilderWithImageIdSpecified(org.jclouds.trmk.vcloudexpress.compute.TerremarkVCloudExpressTemplateBuilderLiveTest) succeeded: 10231ms
Test suite progress: tests succeeded: 101, failed: 0, skipped: 0.
Starting test testTemplateBuilderWithLoginUserSpecified(org.jclouds.trmk.vcloudexpress.compute.TerremarkVCloudExpressTemplateBuilderLiveTest)
[TestNG] Test testTemplateBuilderWithLoginUserSpecified(org.jclouds.trmk.vcloudexpress.compute.TerremarkVCloudExpressTemplateBuilderLiveTest) failed.
Test suite progress: tests succeeded: 101, failed: 1, skipped: 0.
Starting test testDefaultTemplateBuilder(org.jclouds.trmk.vcloudexpress.compute.TerremarkVCloudExpressTemplateBuilderLiveTest)
[TestNG] Test testDefaultTemplateBuilder(org.jclouds.trmk.vcloudexpress.compute.TerremarkVCloudExpressTemplateBuilderLiveTest) succeeded: 28ms
Test suite progress: tests succeeded: 102, failed: 1, skipped: 0.
Starting test testAScriptExecutionAfterBootWithBasicTemplate(org.jclouds.trmk.vcloudexpress.compute.TerremarkVCloudExpressComputeServiceLiveTest)
[TestNG] Test testAScriptExecutionAfterBootWithBasicTemplate(org.jclouds.trmk.vcloudexpress.compute.TerremarkVCloudExpressComputeServiceLiveTest) succeeded: 539942ms
Test suite progress: tests succeeded: 103, failed: 1, skipped: 0.
Starting test testCreateTwoNodesWithRunScript(org.jclouds.trmk.vcloudexpress.compute.TerremarkVCloudExpressComputeServiceLiveTest)
[TestNG] Test testCreateTwoNodesWithRunScript(org.jclouds.trmk.vcloudexpress.compute.TerremarkVCloudExpressComputeServiceLiveTest) succeeded: 290627ms
Test suite progress: tests succeeded: 104, failed: 1, skipped: 0.
Starting test testTemplateMatch(org.jclouds.trmk.vcloudexpress.compute.TerremarkVCloudExpressComputeServiceLiveTest)
[TestNG] Test testTemplateMatch(org.jclouds.trmk.vcloudexpress.compute.TerremarkVCloudExpressComputeServiceLiveTest) succeeded: 2ms
Test suite progress: tests succeeded: 105, failed: 1, skipped: 0.
Starting test testCreateAnotherNodeWithANewContextToEnsureSharedMemIsntRequired(org.jclouds.trmk.vcloudexpress.compute.TerremarkVCloudExpressComputeServiceLiveTest)
Feb 5, 2012 4:18:16 AM org.jclouds.compute.BaseComputeServiceLiveTest testCreateAnotherNodeWithANewContextToEnsureSharedMemIsntRequired
INFO: creating another node based on existing nodes' location: [id=https://services.vcloudexpress.terremark.com/api/v0.8a-ext1.6/vdc/32, scope=ZONE, description=Miami Environment 1, parent=https://services.vcloudexpress.terremark.com/api/v0.8a-ext1.6/org/48, iso3166Codes=[], metadata={}]
[TestNG] Test testCreateAnotherNodeWithANewContextToEnsureSharedMemIsntRequired(org.jclouds.trmk.vcloudexpress.compute.TerremarkVCloudExpressComputeServiceLiveTest) succeeded: 269824ms
Test suite progress: tests succeeded: 106, failed: 1, skipped: 0.
Starting test testCredentialsCache(org.jclouds.trmk.vcloudexpress.compute.TerremarkVCloudExpressComputeServiceLiveTest)
[TestNG] Test testCredentialsCache(org.jclouds.trmk.vcloudexpress.compute.TerremarkVCloudExpressComputeServiceLiveTest) succeeded: 2548ms
Test suite progress: tests succeeded: 107, failed: 1, skipped: 0.
Starting test testGet(org.jclouds.trmk.vcloudexpress.compute.TerremarkVCloudExpressComputeServiceLiveTest)
[TestNG] Test testGet(org.jclouds.trmk.vcloudexpress.compute.TerremarkVCloudExpressComputeServiceLiveTest) succeeded: 35942ms
Test suite progress: tests succeeded: 108, failed: 1, skipped: 0.
Starting test testReboot(org.jclouds.trmk.vcloudexpress.compute.TerremarkVCloudExpressComputeServiceLiveTest)
[TestNG] Test testReboot(org.jclouds.trmk.vcloudexpress.compute.TerremarkVCloudExpressComputeServiceLiveTest) succeeded: 121962ms
Test suite progress: tests succeeded: 109, failed: 1, skipped: 0.
Starting test testSuspendResume(org.jclouds.trmk.vcloudexpress.compute.TerremarkVCloudExpressComputeServiceLiveTest)
[TestNG] Test testSuspendResume(org.jclouds.trmk.vcloudexpress.compute.TerremarkVCloudExpressComputeServiceLiveTest) succeeded: 248373ms
Test suite progress: tests succeeded: 110, failed: 1, skipped: 0.
Starting test testGetNodesWithDetails(org.jclouds.trmk.vcloudexpress.compute.TerremarkVCloudExpressComputeServiceLiveTest)
[TestNG] Test testGetNodesWithDetails(org.jclouds.trmk.vcloudexpress.compute.TerremarkVCloudExpressComputeServiceLiveTest) succeeded: 24043ms
Test suite progress: tests succeeded: 111, failed: 1, skipped: 0.
Starting test testGetAllInternetServices(org.jclouds.trmk.vcloudexpress.InternetServiceLiveTest)
[TestNG] Test testGetAllInternetServices(org.jclouds.trmk.vcloudexpress.InternetServiceLiveTest) succeeded: 1338ms
Test suite progress: tests succeeded: 112, failed: 1, skipped: 0.
Starting test testGetAllPublicIps(org.jclouds.trmk.vcloudexpress.InternetServiceLiveTest)
[TestNG] Test testGetAllPublicIps(org.jclouds.trmk.vcloudexpress.InternetServiceLiveTest) succeeded: 31803ms
Test suite progress: tests succeeded: 113, failed: 1, skipped: 0.
Starting test testCatalog(org.jclouds.trmk.vcloudexpress.TerremarkVCloudExpressClientLiveTest)
[TestNG] Test testCatalog(org.jclouds.trmk.vcloudexpress.TerremarkVCloudExpressClientLiveTest) succeeded: 1602ms
Test suite progress: tests succeeded: 114, failed: 1, skipped: 0.
Starting test testCreateInternetServiceMonitorDisabled(org.jclouds.trmk.vcloudexpress.TerremarkVCloudExpressClientLiveTest)
[TestNG] Test testCreateInternetServiceMonitorDisabled(org.jclouds.trmk.vcloudexpress.TerremarkVCloudExpressClientLiveTest) succeeded: 7233ms
Test suite progress: tests succeeded: 115, failed: 1, skipped: 0.
Starting test testDefaultTasksList(org.jclouds.trmk.vcloudexpress.TerremarkVCloudExpressClientLiveTest)
[TestNG] Test testDefaultTasksList(org.jclouds.trmk.vcloudexpress.TerremarkVCloudExpressClientLiveTest) succeeded: 19214ms
Test suite progress: tests succeeded: 116, failed: 1, skipped: 0.
Starting test testDefaultVDC(org.jclouds.trmk.vcloudexpress.TerremarkVCloudExpressClientLiveTest)
[TestNG] Test testDefaultVDC(org.jclouds.trmk.vcloudexpress.TerremarkVCloudExpressClientLiveTest) succeeded: 2241ms
Test suite progress: tests succeeded: 117, failed: 1, skipped: 0.
Starting test testFindCatalogItem(org.jclouds.trmk.vcloudexpress.TerremarkVCloudExpressClientLiveTest)
[TestNG] Test testFindCatalogItem(org.jclouds.trmk.vcloudexpress.TerremarkVCloudExpressClientLiveTest) succeeded: 30805ms
Test suite progress: tests succeeded: 118, failed: 1, skipped: 0.
Starting test testFindVAppTemplate(org.jclouds.trmk.vcloudexpress.TerremarkVCloudExpressClientLiveTest)
[TestNG] Test testFindVAppTemplate(org.jclouds.trmk.vcloudexpress.TerremarkVCloudExpressClientLiveTest) failed.
Test suite progress: tests succeeded: 118, failed: 2, skipped: 0.
Starting test testGetAllInternetServices(org.jclouds.trmk.vcloudexpress.TerremarkVCloudExpressClientLiveTest)
[TestNG] Test testGetAllInternetServices(org.jclouds.trmk.vcloudexpress.TerremarkVCloudExpressClientLiveTest) succeeded: 1351ms
Test suite progress: tests succeeded: 119, failed: 2, skipped: 0.
Starting test testGetCatalogItem(org.jclouds.trmk.vcloudexpress.TerremarkVCloudExpressClientLiveTest)
[TestNG] Test testGetCatalogItem(org.jclouds.trmk.vcloudexpress.TerremarkVCloudExpressClientLiveTest) succeeded: 13826ms
Test suite progress: tests succeeded: 120, failed: 2, skipped: 0.
Starting test testGetConfigCustomizationOptions(org.jclouds.trmk.vcloudexpress.TerremarkVCloudExpressClientLiveTest)
[TestNG] Test testGetConfigCustomizationOptions(org.jclouds.trmk.vcloudexpress.TerremarkVCloudExpressClientLiveTest) succeeded: 44415ms
Test suite progress: tests succeeded: 121, failed: 2, skipped: 0.
Starting test testGetPublicIpsAssociatedWithVDC(org.jclouds.trmk.vcloudexpress.TerremarkVCloudExpressClientLiveTest)
[TestNG] Test testGetPublicIpsAssociatedWithVDC(org.jclouds.trmk.vcloudexpress.TerremarkVCloudExpressClientLiveTest) succeeded: 55561ms
Test suite progress: tests succeeded: 122, failed: 2, skipped: 0.
Starting test testGetTask(org.jclouds.trmk.vcloudexpress.TerremarkVCloudExpressClientLiveTest)
[TestNG] Test testGetTask(org.jclouds.trmk.vcloudexpress.TerremarkVCloudExpressClientLiveTest) succeeded: 8755ms
Test suite progress: tests succeeded: 123, failed: 2, skipped: 0.
Starting test testGetVApp(org.jclouds.trmk.vcloudexpress.TerremarkVCloudExpressClientLiveTest)
[TestNG] Test testGetVApp(org.jclouds.trmk.vcloudexpress.TerremarkVCloudExpressClientLiveTest) succeeded: 3993ms
Test suite progress: tests succeeded: 124, failed: 2, skipped: 0.
Starting test testGetVAppTemplate(org.jclouds.trmk.vcloudexpress.TerremarkVCloudExpressClientLiveTest)
[TestNG] Test testGetVAppTemplate(org.jclouds.trmk.vcloudexpress.TerremarkVCloudExpressClientLiveTest) succeeded: 26219ms
Test suite progress: tests succeeded: 125, failed: 2, skipped: 0.
Starting test testGetVDCNetwork(org.jclouds.trmk.vcloudexpress.TerremarkVCloudExpressClientLiveTest)
[TestNG] Test testGetVDCNetwork(org.jclouds.trmk.vcloudexpress.TerremarkVCloudExpressClientLiveTest) succeeded: 3325ms
Test suite progress: tests succeeded: 126, failed: 2, skipped: 0.
Starting test testInstantiateAndPowerOn(org.jclouds.trmk.vcloudexpress.TerremarkVCloudExpressClientLiveTest)
[TestNG] Test testInstantiateAndPowerOn(org.jclouds.trmk.vcloudexpress.TerremarkVCloudExpressClientLiveTest) failed.
Test suite progress: tests succeeded: 126, failed: 3, skipped: 0.
Starting test testKeysList(org.jclouds.trmk.vcloudexpress.TerremarkVCloudExpressClientLiveTest)
[TestNG] Test testKeysList(org.jclouds.trmk.vcloudexpress.TerremarkVCloudExpressClientLiveTest) succeeded: 828ms
Test suite progress: tests succeeded: 127, failed: 3, skipped: 0.
Starting test testOrg(org.jclouds.trmk.vcloudexpress.TerremarkVCloudExpressClientLiveTest)
[TestNG] Test testOrg(org.jclouds.trmk.vcloudexpress.TerremarkVCloudExpressClientLiveTest) succeeded: 838ms
Test suite progress: tests succeeded: 128, failed: 3, skipped: 0.
Starting test testPropertiesCanOverrideDefaultCatalog(org.jclouds.trmk.vcloudexpress.TerremarkVCloudExpressClientLiveTest)
[TestNG] Test testPropertiesCanOverrideDefaultCatalog(org.jclouds.trmk.vcloudexpress.TerremarkVCloudExpressClientLiveTest) succeeded: 3778ms
Test suite progress: tests succeeded: 129, failed: 3, skipped: 0.
Starting test testPropertiesCanOverrideDefaultNetwork(org.jclouds.trmk.vcloudexpress.TerremarkVCloudExpressClientLiveTest)
[TestNG] Test testPropertiesCanOverrideDefaultNetwork(org.jclouds.trmk.vcloudexpress.TerremarkVCloudExpressClientLiveTest) succeeded: 5424ms
Test suite progress: tests succeeded: 130, failed: 3, skipped: 0.
Starting test testPropertiesCanOverrideDefaultOrg(org.jclouds.trmk.vcloudexpress.TerremarkVCloudExpressClientLiveTest)
[TestNG] Test testPropertiesCanOverrideDefaultOrg(org.jclouds.trmk.vcloudexpress.TerremarkVCloudExpressClientLiveTest) succeeded: 3050ms
Test suite progress: tests succeeded: 131, failed: 3, skipped: 0.
Starting test testPropertiesCanOverrideDefaultTasksList(org.jclouds.trmk.vcloudexpress.TerremarkVCloudExpressClientLiveTest)
[TestNG] Test testPropertiesCanOverrideDefaultTasksList(org.jclouds.trmk.vcloudexpress.TerremarkVCloudExpressClientLiveTest) succeeded: 18810ms
Test suite progress: tests succeeded: 132, failed: 3, skipped: 0.
Starting test testPropertiesCanOverrideDefaultVDC(org.jclouds.trmk.vcloudexpress.TerremarkVCloudExpressClientLiveTest)
[TestNG] Test testPropertiesCanOverrideDefaultVDC(org.jclouds.trmk.vcloudexpress.TerremarkVCloudExpressClientLiveTest) succeeded: 4342ms
Test suite progress: tests succeeded: 133, failed: 3, skipped: 0.
[TestNG] Test testAddInternetService(org.jclouds.trmk.vcloudexpress.TerremarkVCloudExpressClientLiveTest) skipped.
Test suite progress: tests succeeded: 133, failed: 3, skipped: 1.
[TestNG] Test testCloneVApp(org.jclouds.trmk.vcloudexpress.TerremarkVCloudExpressClientLiveTest) skipped.
Test suite progress: tests succeeded: 133, failed: 3, skipped: 2.
[TestNG] Test testPublicIp(org.jclouds.trmk.vcloudexpress.TerremarkVCloudExpressClientLiveTest) skipped.
Test suite progress: tests succeeded: 133, failed: 3, skipped: 3.
[TestNG] Test testConfigureNode(org.jclouds.trmk.vcloudexpress.TerremarkVCloudExpressClientLiveTest) skipped.
Test suite progress: tests succeeded: 133, failed: 3, skipped: 4.
[TestNG] Test testLifeCycle(org.jclouds.trmk.vcloudexpress.TerremarkVCloudExpressClientLiveTest) skipped.
Test suite progress: tests succeeded: 133, failed: 3, skipped: 5.
[TestNG] Test testConfigure(org.jclouds.trmk.vcloudexpress.TerremarkVCloudExpressClientLiveTest) skipped.
Test suite progress: tests succeeded: 133, failed: 3, skipped: 6.
Tests run: 142, Failures: 3, Errors: 0, Skipped: 6, Time elapsed: 2,901.283 sec <<< FAILURE!

Results :

Failed tests:   testTemplateBuilderWithLoginUserSpecified(org.jclouds.trmk.vcloudexpress.compute.TerremarkVCloudExpressTemplateBuilderLiveTest)
  testFindVAppTemplate(org.jclouds.trmk.vcloudexpress.TerremarkVCloudExpressClientLiveTest): illegal argument in [[adrian.cole@cloudsoftcorp.com, Miami Environment 1 Catalog, Windows 2003 Standard R2 with SQL 2008 Web (64-bit)]] for method public abstract com.google.common.util.concurrent.ListenableFuture org.jclouds.trmk.vcloud_0_8.TerremarkVCloudAsyncClient.findVAppTemplateInOrgCatalogNamed(java.lang.String,java.lang.String,java.lang.String)
  testInstantiateAndPowerOn(org.jclouds.trmk.vcloudexpress.TerremarkVCloudExpressClientLiveTest): Server with name "ddddddddddddddd" already exists.

Tests run: 142, Failures: 3, Errors: 0, Skipped: 6

[INFO] ------------------------------------------------------------------------
[INFO] BUILD FAILURE
[INFO] ------------------------------------------------------------------------
[INFO] Total time: 48:40.248s
[INFO] Finished at: Sun Feb 05 04:38:10 PST 2012
[INFO] Final Memory: 22M/265M
[INFO] ------------------------------------------------------------------------
[ERROR] Failed to execute goal org.apache.maven.plugins:maven-surefire-plugin:2.10:test (integration) on project trmk-vcloudexpress: There are test failures.
[ERROR] 
[ERROR] Please refer to /Users/adriancole/workspace/git/1.4.x/jclouds/providers/trmk-vcloudexpress/target/surefire-reports for the individual test results.
[ERROR] -> [Help 1]
[ERROR] 
[ERROR] To see the full stack trace of the errors, re-run Maven with the -e switch.
[ERROR] Re-run Maven using the -X switch to enable full debug logging.
[ERROR] 
[ERROR] For more information about the errors and possible solutions, please read the following articles:
[ERROR] [Help 1] http://cwiki.apache.org/confluence/display/MAVEN/MojoFailureException
