[INFO] Scanning for projects...
[WARNING] 
[WARNING] Some problems were encountered while building the effective model for org.jclouds.provider:trmk-ecloud:bundle:1.4.0-SNAPSHOT
[WARNING] 'parent.relativePath' of POM org.jclouds:jclouds-project:1.4.0-SNAPSHOT (/Users/adriancole/workspace/git/1.4.x/jclouds/project/pom.xml) points at org.jclouds:jclouds-multi instead of org.sonatype.oss:oss-parent, please verify your project structure @ org.jclouds:jclouds-project:1.4.0-SNAPSHOT, /Users/adriancole/workspace/git/1.4.x/jclouds/project/pom.xml, line 24, column 13
[WARNING] 
[WARNING] It is highly recommended to fix these problems because they threaten the stability of your build.
[WARNING] 
[WARNING] For this reason, future Maven versions might no longer support building such malformed projects.
[WARNING] 
[INFO]                                                                         
[INFO] ------------------------------------------------------------------------
[INFO] Building jclouds Terremark Enterprise Cloud provider 1.4.0-SNAPSHOT
[INFO] ------------------------------------------------------------------------
[INFO] 
[INFO] --- maven-clean-plugin:2.4.1:clean (default-clean) @ trmk-ecloud ---
[INFO] 
[INFO] --- maven-enforcer-plugin:1.0.1:enforce (enforce-maven) @ trmk-ecloud ---
[INFO] 
[INFO] --- maven-enforcer-plugin:1.0.1:enforce (enforce-banned-dependencies) @ trmk-ecloud ---
[INFO] 
[INFO] --- maven-enforcer-plugin:1.0.1:enforce (enforce-java) @ trmk-ecloud ---
[INFO] 
[INFO] --- maven-remote-resources-plugin:1.2:process (process-remote-resources) @ trmk-ecloud ---
[INFO] Setting property: classpath.resource.loader.class => 'org.codehaus.plexus.velocity.ContextClassLoaderResourceLoader'.
[INFO] Setting property: velocimacro.messages.on => 'false'.
[INFO] Setting property: resource.loader => 'classpath'.
[INFO] Setting property: resource.manager.logwhenfound => 'false'.
[INFO] 
[INFO] --- maven-resources-plugin:2.4.2:resources (default-resources) @ trmk-ecloud ---
[INFO] Using 'UTF-8' encoding to copy filtered resources.
[INFO] skip non existing resourceDirectory /Users/adriancole/workspace/git/1.4.x/jclouds/providers/trmk-ecloud/src/main/clojure
[INFO] Copying 1 resource
[INFO] Copying 2 resources
[INFO] 
[INFO] --- maven-compiler-plugin:2.3:compile (default-compile) @ trmk-ecloud ---
[INFO] Compiling 20 source files to /Users/adriancole/workspace/git/1.4.x/jclouds/providers/trmk-ecloud/target/classes
[INFO] 
[INFO] --- maven-resources-plugin:2.4.2:testResources (default-testResources) @ trmk-ecloud ---
[INFO] Using 'UTF-8' encoding to copy filtered resources.
[INFO] skip non existing resourceDirectory /Users/adriancole/workspace/git/1.4.x/jclouds/providers/trmk-ecloud/src/test/clojure
[INFO] Copying 5 resources
[INFO] Copying 2 resources
[INFO] 
[INFO] --- maven-compiler-plugin:2.3:testCompile (default-testCompile) @ trmk-ecloud ---
[INFO] Compiling 14 source files to /Users/adriancole/workspace/git/1.4.x/jclouds/providers/trmk-ecloud/target/test-classes
[INFO] 
[INFO] --- maven-surefire-plugin:2.10:test (default-test) @ trmk-ecloud ---
[INFO] Surefire report directory: /Users/adriancole/workspace/git/1.4.x/jclouds/providers/trmk-ecloud/target/surefire-reports
[INFO] Using configured provider org.apache.maven.surefire.testng.TestNGProvider

-------------------------------------------------------
 T E S T S
-------------------------------------------------------
Running TestSuite
Starting test test(org.jclouds.trmk.ecloud.compute.functions.TerremarkECloudParseOsFromVAppTemplateNameTest)
;[pool-2-thread-1] Test test(org.jclouds.trmk.ecloud.compute.functions.TerremarkECloudParseOsFromVAppTemplateNameTest) succeeded: 665ms
Test suite progress: tests succeeded: 1, failed: 0, skipped: 0.
Starting test testlistDataCentersInOrg(org.jclouds.trmk.ecloud.features.DataCenterOperationsAsyncClientTest)
Starting test testlistDataCenters(org.jclouds.trmk.ecloud.features.DataCenterOperationsAsyncClientTest)
[pool-3-thread-2] Test testlistDataCentersInOrg(org.jclouds.trmk.ecloud.features.DataCenterOperationsAsyncClientTest) succeeded: 70ms
Test suite progress: tests succeeded: 2, failed: 0, skipped: 0.
[pool-3-thread-1] Test testlistDataCenters(org.jclouds.trmk.ecloud.features.DataCenterOperationsAsyncClientTest) succeeded: 71ms
Test suite progress: tests succeeded: 3, failed: 0, skipped: 0.
Starting test testgetTagNameToUsageCount(org.jclouds.trmk.ecloud.features.TagOperationsAsyncClientTest)
Starting test testgetTagNameToUsageCountInOrg(org.jclouds.trmk.ecloud.features.TagOperationsAsyncClientTest)
[pool-4-thread-1] Test testgetTagNameToUsageCount(org.jclouds.trmk.ecloud.features.TagOperationsAsyncClientTest) succeeded: 14ms
Test suite progress: tests succeeded: 4, failed: 0, skipped: 0.
[pool-4-thread-2] Test testgetTagNameToUsageCountInOrg(org.jclouds.trmk.ecloud.features.TagOperationsAsyncClientTest) succeeded: 12ms
Test suite progress: tests succeeded: 5, failed: 0, skipped: 0.
Starting test testActivatePublicIpInVDC(org.jclouds.trmk.ecloud.TerremarkECloudAsyncClientTest)
[pool-5-thread-1] Test testActivatePublicIpInVDC(org.jclouds.trmk.ecloud.TerremarkECloudAsyncClientTest) succeeded: 10ms
Test suite progress: tests succeeded: 6, failed: 0, skipped: 0.
Starting test testAddInternetServiceToExistingIp(org.jclouds.trmk.ecloud.TerremarkECloudAsyncClientTest)
[pool-5-thread-1] Test testAddInternetServiceToExistingIp(org.jclouds.trmk.ecloud.TerremarkECloudAsyncClientTest) succeeded: 58ms
Test suite progress: tests succeeded: 7, failed: 0, skipped: 0.
Starting test testAddInternetServiceToExistingIpOptions(org.jclouds.trmk.ecloud.TerremarkECloudAsyncClientTest)
[pool-5-thread-1] Test testAddInternetServiceToExistingIpOptions(org.jclouds.trmk.ecloud.TerremarkECloudAsyncClientTest) succeeded: 34ms
Test suite progress: tests succeeded: 8, failed: 0, skipped: 0.
Starting test testAddNode(org.jclouds.trmk.ecloud.TerremarkECloudAsyncClientTest)
[pool-5-thread-1] Test testAddNode(org.jclouds.trmk.ecloud.TerremarkECloudAsyncClientTest) succeeded: 27ms
Test suite progress: tests succeeded: 9, failed: 0, skipped: 0.
Starting test testAddNodeOptions(org.jclouds.trmk.ecloud.TerremarkECloudAsyncClientTest)
[pool-5-thread-1] Test testAddNodeOptions(org.jclouds.trmk.ecloud.TerremarkECloudAsyncClientTest) succeeded: 5ms
Test suite progress: tests succeeded: 10, failed: 0, skipped: 0.
Starting test testCatalog(org.jclouds.trmk.ecloud.TerremarkECloudAsyncClientTest)
[pool-5-thread-1] Test testCatalog(org.jclouds.trmk.ecloud.TerremarkECloudAsyncClientTest) succeeded: 3ms
Test suite progress: tests succeeded: 11, failed: 0, skipped: 0.
Starting test testConfigureNodeNoDescription(org.jclouds.trmk.ecloud.TerremarkECloudAsyncClientTest)
[pool-5-thread-1] Test testConfigureNodeNoDescription(org.jclouds.trmk.ecloud.TerremarkECloudAsyncClientTest) succeeded: 102ms
Test suite progress: tests succeeded: 12, failed: 0, skipped: 0.
Starting test testConfigureNodeWithDescription(org.jclouds.trmk.ecloud.TerremarkECloudAsyncClientTest)
[pool-5-thread-1] Test testConfigureNodeWithDescription(org.jclouds.trmk.ecloud.TerremarkECloudAsyncClientTest) succeeded: 4ms
Test suite progress: tests succeeded: 13, failed: 0, skipped: 0.
Starting test testDelete(org.jclouds.trmk.ecloud.TerremarkECloudAsyncClientTest)
[pool-5-thread-1] Test testDelete(org.jclouds.trmk.ecloud.TerremarkECloudAsyncClientTest) succeeded: 15ms
Test suite progress: tests succeeded: 14, failed: 0, skipped: 0.
Starting test testDeleteInternetService(org.jclouds.trmk.ecloud.TerremarkECloudAsyncClientTest)
[pool-5-thread-1] Test testDeleteInternetService(org.jclouds.trmk.ecloud.TerremarkECloudAsyncClientTest) succeeded: 6ms
Test suite progress: tests succeeded: 15, failed: 0, skipped: 0.
Starting test testDeleteKeyPair(org.jclouds.trmk.ecloud.TerremarkECloudAsyncClientTest)
[pool-5-thread-1] Test testDeleteKeyPair(org.jclouds.trmk.ecloud.TerremarkECloudAsyncClientTest) succeeded: 4ms
Test suite progress: tests succeeded: 16, failed: 0, skipped: 0.
Starting test testDeleteNode(org.jclouds.trmk.ecloud.TerremarkECloudAsyncClientTest)
[pool-5-thread-1] Test testDeleteNode(org.jclouds.trmk.ecloud.TerremarkECloudAsyncClientTest) succeeded: 3ms
Test suite progress: tests succeeded: 17, failed: 0, skipped: 0.
Starting test testFindNetworkInOrgVDCNamed(org.jclouds.trmk.ecloud.TerremarkECloudAsyncClientTest)
[pool-5-thread-1] Test testFindNetworkInOrgVDCNamed(org.jclouds.trmk.ecloud.TerremarkECloudAsyncClientTest) succeeded: 20ms
Test suite progress: tests succeeded: 18, failed: 0, skipped: 0.
Starting test testGetAllInternetServices(org.jclouds.trmk.ecloud.TerremarkECloudAsyncClientTest)
[pool-5-thread-1] Test testGetAllInternetServices(org.jclouds.trmk.ecloud.TerremarkECloudAsyncClientTest) succeeded: 30ms
Test suite progress: tests succeeded: 19, failed: 0, skipped: 0.
Starting test testGetCustomizationOptionsOfCatalogItem(org.jclouds.trmk.ecloud.TerremarkECloudAsyncClientTest)
[pool-5-thread-1] Test testGetCustomizationOptionsOfCatalogItem(org.jclouds.trmk.ecloud.TerremarkECloudAsyncClientTest) succeeded: 6ms
Test suite progress: tests succeeded: 20, failed: 0, skipped: 0.
Starting test testGetExtendedInfo(org.jclouds.trmk.ecloud.TerremarkECloudAsyncClientTest)
[pool-5-thread-1] Test testGetExtendedInfo(org.jclouds.trmk.ecloud.TerremarkECloudAsyncClientTest) succeeded: 9ms
Test suite progress: tests succeeded: 21, failed: 0, skipped: 0.
Starting test testGetInternetService(org.jclouds.trmk.ecloud.TerremarkECloudAsyncClientTest)
[pool-5-thread-1] Test testGetInternetService(org.jclouds.trmk.ecloud.TerremarkECloudAsyncClientTest) succeeded: 2ms
Test suite progress: tests succeeded: 22, failed: 0, skipped: 0.
Starting test testGetKeyPair(org.jclouds.trmk.ecloud.TerremarkECloudAsyncClientTest)
[pool-5-thread-1] Test testGetKeyPair(org.jclouds.trmk.ecloud.TerremarkECloudAsyncClientTest) succeeded: 23ms
Test suite progress: tests succeeded: 23, failed: 0, skipped: 0.
Starting test testGetKeyPairInOrg(org.jclouds.trmk.ecloud.TerremarkECloudAsyncClientTest)
[pool-5-thread-1] Test testGetKeyPairInOrg(org.jclouds.trmk.ecloud.TerremarkECloudAsyncClientTest) succeeded: 25ms
Test suite progress: tests succeeded: 24, failed: 0, skipped: 0.
Starting test testGetNode(org.jclouds.trmk.ecloud.TerremarkECloudAsyncClientTest)
[pool-5-thread-1] Test testGetNode(org.jclouds.trmk.ecloud.TerremarkECloudAsyncClientTest) succeeded: 2ms
Test suite progress: tests succeeded: 25, failed: 0, skipped: 0.
Starting test testGetNodes(org.jclouds.trmk.ecloud.TerremarkECloudAsyncClientTest)
[pool-5-thread-1] Test testGetNodes(org.jclouds.trmk.ecloud.TerremarkECloudAsyncClientTest) succeeded: 9ms
Test suite progress: tests succeeded: 26, failed: 0, skipped: 0.
Starting test testGetVDC(org.jclouds.trmk.ecloud.TerremarkECloudAsyncClientTest)
[pool-5-thread-1] Test testGetVDC(org.jclouds.trmk.ecloud.TerremarkECloudAsyncClientTest) succeeded: 7ms
Test suite progress: tests succeeded: 27, failed: 0, skipped: 0.
Starting test testInstantiateVAppTemplateInVDCURI(org.jclouds.trmk.ecloud.TerremarkECloudAsyncClientTest)
[pool-5-thread-1] Test testInstantiateVAppTemplateInVDCURI(org.jclouds.trmk.ecloud.TerremarkECloudAsyncClientTest) succeeded: 87ms
Test suite progress: tests succeeded: 28, failed: 0, skipped: 0.
Starting test testInstantiateVAppTemplateInVDCURIOptions(org.jclouds.trmk.ecloud.TerremarkECloudAsyncClientTest)
[pool-5-thread-1] Test testInstantiateVAppTemplateInVDCURIOptions(org.jclouds.trmk.ecloud.TerremarkECloudAsyncClientTest) succeeded: 8ms
Test suite progress: tests succeeded: 29, failed: 0, skipped: 0.
Starting test testListKeyPairsInOrg(org.jclouds.trmk.ecloud.TerremarkECloudAsyncClientTest)
[pool-5-thread-1] Test testListKeyPairsInOrg(org.jclouds.trmk.ecloud.TerremarkECloudAsyncClientTest) succeeded: 2ms
Test suite progress: tests succeeded: 30, failed: 0, skipped: 0.
Starting test testListKeyPairsInOrgNotFound(org.jclouds.trmk.ecloud.TerremarkECloudAsyncClientTest)
[pool-5-thread-1] Test testListKeyPairsInOrgNotFound(org.jclouds.trmk.ecloud.TerremarkECloudAsyncClientTest) succeeded: 0ms
Test suite progress: tests succeeded: 31, failed: 0, skipped: 0.
Starting test testListOrgs(org.jclouds.trmk.ecloud.TerremarkECloudAsyncClientTest)
[pool-5-thread-1] Test testListOrgs(org.jclouds.trmk.ecloud.TerremarkECloudAsyncClientTest) succeeded: 1ms
Test suite progress: tests succeeded: 32, failed: 0, skipped: 0.
Starting test testNetwork(org.jclouds.trmk.ecloud.TerremarkECloudAsyncClientTest)
[pool-5-thread-1] Test testNetwork(org.jclouds.trmk.ecloud.TerremarkECloudAsyncClientTest) succeeded: 14ms
Test suite progress: tests succeeded: 33, failed: 0, skipped: 0.
Starting test testAllContains(org.jclouds.trmk.ecloud.TerremarkECloudProviderTest)
Starting test testInRestProperties(org.jclouds.trmk.ecloud.TerremarkECloudProviderTest)
Starting test testWithId(org.jclouds.trmk.ecloud.TerremarkECloudProviderTest)
Starting test testOfTypeContains(org.jclouds.trmk.ecloud.TerremarkECloudProviderTest)
[pool-6-thread-4] Test testWithId(org.jclouds.trmk.ecloud.TerremarkECloudProviderTest) succeeded: 7ms
Test suite progress: tests succeeded: 34, failed: 0, skipped: 0.
[pool-6-thread-3] Test testOfTypeContains(org.jclouds.trmk.ecloud.TerremarkECloudProviderTest) succeeded: 18ms
Test suite progress: tests succeeded: 35, failed: 0, skipped: 0.
[pool-6-thread-1] Test testAllContains(org.jclouds.trmk.ecloud.TerremarkECloudProviderTest) succeeded: 33ms
Test suite progress: tests succeeded: 36, failed: 0, skipped: 0.
[pool-6-thread-2] Test testInRestProperties(org.jclouds.trmk.ecloud.TerremarkECloudProviderTest) succeeded: 66ms
Test suite progress: tests succeeded: 37, failed: 0, skipped: 0.
Starting test testApplyInputStream(org.jclouds.trmk.ecloud.xml.ECloudOrgHandlerTest)
[pool-7-thread-1] Test testApplyInputStream(org.jclouds.trmk.ecloud.xml.ECloudOrgHandlerTest) succeeded: 8ms
Test suite progress: tests succeeded: 38, failed: 0, skipped: 0.
Starting test testApplyInputStream(org.jclouds.trmk.ecloud.xml.TagNameToUsageCountHandlerTest)
[pool-8-thread-1] Test testApplyInputStream(org.jclouds.trmk.ecloud.xml.TagNameToUsageCountHandlerTest) succeeded: 8ms
Test suite progress: tests succeeded: 39, failed: 0, skipped: 0.
Tests run: 39, Failures: 0, Errors: 0, Skipped: 0, Time elapsed: 4.203 sec

Results :

Tests run: 39, Failures: 0, Errors: 0, Skipped: 0

[INFO] 
[INFO] --- clojure-maven-plugin:1.3.8:test (test-clojure) @ trmk-ecloud ---

Testing com.theoryinpractise.clojure.testrunner

Ran 0 tests containing 0 assertions.
0 failures, 0 errors.
[INFO] 
[INFO] --- maven-bundle-plugin:2.3.4:bundle (default-bundle) @ trmk-ecloud ---
[INFO] 
[INFO] --- maven-source-plugin:2.1.1:jar-no-fork (attach-sources) @ trmk-ecloud ---
[INFO] Building jar: /Users/adriancole/workspace/git/1.4.x/jclouds/providers/trmk-ecloud/target/trmk-ecloud-1.4.0-SNAPSHOT-sources.jar
[INFO] 
[INFO] --- maven-javadoc-plugin:2.8:jar (javadoc) @ trmk-ecloud ---
[INFO] Skipping javadoc generation
[INFO] 
[INFO] --- maven-jar-plugin:2.3.1:test-jar (default) @ trmk-ecloud ---
[INFO] Building jar: /Users/adriancole/workspace/git/1.4.x/jclouds/providers/trmk-ecloud/target/trmk-ecloud-1.4.0-SNAPSHOT-tests.jar
[INFO] 
[INFO] --- maven-surefire-plugin:2.10:test (integration) @ trmk-ecloud ---
[INFO] Surefire report directory: /Users/adriancole/workspace/git/1.4.x/jclouds/providers/trmk-ecloud/target/surefire-reports
[INFO] Using configured provider org.apache.maven.surefire.testng.TestNGProvider

-------------------------------------------------------
 T E S T S
-------------------------------------------------------
Running TestSuite
Starting test testCompareSizes(org.jclouds.trmk.ecloud.compute.TerremarkECloudComputeServiceLiveTest)
[TestNG] Test testCompareSizes(org.jclouds.trmk.ecloud.compute.TerremarkECloudComputeServiceLiveTest) skipped.
Test suite progress: tests succeeded: 0, failed: 0, skipped: 1.
Starting test testCorrectAuthException(org.jclouds.trmk.ecloud.compute.TerremarkECloudComputeServiceLiveTest)
[TestNG] Test testCorrectAuthException(org.jclouds.trmk.ecloud.compute.TerremarkECloudComputeServiceLiveTest) skipped.
Test suite progress: tests succeeded: 0, failed: 0, skipped: 2.
Starting test testCreateAndRunAService(org.jclouds.trmk.ecloud.compute.TerremarkECloudComputeServiceLiveTest)
[TestNG] Test testCreateAndRunAService(org.jclouds.trmk.ecloud.compute.TerremarkECloudComputeServiceLiveTest) skipped.
Test suite progress: tests succeeded: 0, failed: 0, skipped: 3.
Starting test testGetAssignableLocations(org.jclouds.trmk.ecloud.compute.TerremarkECloudComputeServiceLiveTest)
[TestNG] Test testGetAssignableLocations(org.jclouds.trmk.ecloud.compute.TerremarkECloudComputeServiceLiveTest) skipped.
Test suite progress: tests succeeded: 0, failed: 0, skipped: 4.
Starting test testImagesCache(org.jclouds.trmk.ecloud.compute.TerremarkECloudComputeServiceLiveTest)
[TestNG] Test testImagesCache(org.jclouds.trmk.ecloud.compute.TerremarkECloudComputeServiceLiveTest) skipped.
Test suite progress: tests succeeded: 0, failed: 0, skipped: 5.
Starting test testListSizes(org.jclouds.trmk.ecloud.compute.TerremarkECloudComputeServiceLiveTest)
[TestNG] Test testListSizes(org.jclouds.trmk.ecloud.compute.TerremarkECloudComputeServiceLiveTest) skipped.
Test suite progress: tests succeeded: 0, failed: 0, skipped: 6.
Starting test testOptionToNotBlock(org.jclouds.trmk.ecloud.compute.TerremarkECloudComputeServiceLiveTest)
[TestNG] Test testOptionToNotBlock(org.jclouds.trmk.ecloud.compute.TerremarkECloudComputeServiceLiveTest) skipped.
Test suite progress: tests succeeded: 0, failed: 0, skipped: 7.
Starting test setServiceDefaults(org.jclouds.trmk.ecloud.compute.TerremarkECloudComputeServiceLiveTest)
[TestNG] Test setServiceDefaults(org.jclouds.trmk.ecloud.compute.TerremarkECloudComputeServiceLiveTest) skipped.
Test suite progress: tests succeeded: 0, failed: 0, skipped: 8.
Starting test testDestroyNodes(org.jclouds.trmk.ecloud.compute.TerremarkECloudComputeServiceLiveTest)
[TestNG] Test testDestroyNodes(org.jclouds.trmk.ecloud.compute.TerremarkECloudComputeServiceLiveTest) skipped.
Test suite progress: tests succeeded: 0, failed: 0, skipped: 9.
Starting test testListImages(org.jclouds.trmk.ecloud.compute.TerremarkECloudComputeServiceLiveTest)
[TestNG] Test testListImages(org.jclouds.trmk.ecloud.compute.TerremarkECloudComputeServiceLiveTest) skipped.
Test suite progress: tests succeeded: 0, failed: 0, skipped: 10.
Starting test testListNodes(org.jclouds.trmk.ecloud.compute.TerremarkECloudComputeServiceLiveTest)
[TestNG] Test testListNodes(org.jclouds.trmk.ecloud.compute.TerremarkECloudComputeServiceLiveTest) skipped.
Test suite progress: tests succeeded: 0, failed: 0, skipped: 11.
Starting test testCorrectExceptionRunningNodesNotFound(org.jclouds.trmk.ecloud.compute.TerremarkECloudComputeServiceLiveTest)
[TestNG] Test testCorrectExceptionRunningNodesNotFound(org.jclouds.trmk.ecloud.compute.TerremarkECloudComputeServiceLiveTest) skipped.
Test suite progress: tests succeeded: 0, failed: 0, skipped: 12.
Starting test testTemplateBuilderWithImageIdSpecified(org.jclouds.trmk.ecloud.compute.TerremarkECloudTemplateBuilderLiveTest)
[TestNG] Test testTemplateBuilderWithImageIdSpecified(org.jclouds.trmk.ecloud.compute.TerremarkECloudTemplateBuilderLiveTest) skipped.
Test suite progress: tests succeeded: 0, failed: 0, skipped: 13.
Starting test testTemplateBuilderWithLoginUserSpecified(org.jclouds.trmk.ecloud.compute.TerremarkECloudTemplateBuilderLiveTest)
[TestNG] Test testTemplateBuilderWithLoginUserSpecified(org.jclouds.trmk.ecloud.compute.TerremarkECloudTemplateBuilderLiveTest) skipped.
Test suite progress: tests succeeded: 0, failed: 0, skipped: 14.
Starting test testTemplateBuilderCannotFind(org.jclouds.trmk.ecloud.compute.TerremarkECloudTemplateBuilderLiveTest)
[TestNG] Test testTemplateBuilderCannotFind(org.jclouds.trmk.ecloud.compute.TerremarkECloudTemplateBuilderLiveTest) skipped.
Test suite progress: tests succeeded: 0, failed: 0, skipped: 15.
Starting test testTemplateBuilderCannotFind(org.jclouds.trmk.ecloud.compute.TerremarkECloudTemplateBuilderLiveTest)
[TestNG] Test testTemplateBuilderCannotFind(org.jclouds.trmk.ecloud.compute.TerremarkECloudTemplateBuilderLiveTest) skipped.
Test suite progress: tests succeeded: 0, failed: 0, skipped: 16.
Starting test testTemplateBuilderCannotFind(org.jclouds.trmk.ecloud.compute.TerremarkECloudTemplateBuilderLiveTest)
[TestNG] Test testTemplateBuilderCannotFind(org.jclouds.trmk.ecloud.compute.TerremarkECloudTemplateBuilderLiveTest) skipped.
Test suite progress: tests succeeded: 0, failed: 0, skipped: 17.
Starting test testTemplateBuilderCannotFind(org.jclouds.trmk.ecloud.compute.TerremarkECloudTemplateBuilderLiveTest)
[TestNG] Test testTemplateBuilderCannotFind(org.jclouds.trmk.ecloud.compute.TerremarkECloudTemplateBuilderLiveTest) skipped.
Test suite progress: tests succeeded: 0, failed: 0, skipped: 18.
Starting test testTemplateBuilderCannotFind(org.jclouds.trmk.ecloud.compute.TerremarkECloudTemplateBuilderLiveTest)
[TestNG] Test testTemplateBuilderCannotFind(org.jclouds.trmk.ecloud.compute.TerremarkECloudTemplateBuilderLiveTest) skipped.
Test suite progress: tests succeeded: 0, failed: 0, skipped: 19.
Starting test testTemplateBuilderCannotFind(org.jclouds.trmk.ecloud.compute.TerremarkECloudTemplateBuilderLiveTest)
[TestNG] Test testTemplateBuilderCannotFind(org.jclouds.trmk.ecloud.compute.TerremarkECloudTemplateBuilderLiveTest) skipped.
Test suite progress: tests succeeded: 0, failed: 0, skipped: 20.
Starting test testTemplateBuilderCannotFind(org.jclouds.trmk.ecloud.compute.TerremarkECloudTemplateBuilderLiveTest)
[TestNG] Test testTemplateBuilderCannotFind(org.jclouds.trmk.ecloud.compute.TerremarkECloudTemplateBuilderLiveTest) skipped.
Test suite progress: tests succeeded: 0, failed: 0, skipped: 21.
Starting test testTemplateBuilderCannotFind(org.jclouds.trmk.ecloud.compute.TerremarkECloudTemplateBuilderLiveTest)
[TestNG] Test testTemplateBuilderCannotFind(org.jclouds.trmk.ecloud.compute.TerremarkECloudTemplateBuilderLiveTest) skipped.
Test suite progress: tests succeeded: 0, failed: 0, skipped: 22.
Starting test testTemplateBuilderCannotFind(org.jclouds.trmk.ecloud.compute.TerremarkECloudTemplateBuilderLiveTest)
[TestNG] Test testTemplateBuilderCannotFind(org.jclouds.trmk.ecloud.compute.TerremarkECloudTemplateBuilderLiveTest) skipped.
Test suite progress: tests succeeded: 0, failed: 0, skipped: 23.
Starting test testTemplateBuilderCannotFind(org.jclouds.trmk.ecloud.compute.TerremarkECloudTemplateBuilderLiveTest)
[TestNG] Test testTemplateBuilderCannotFind(org.jclouds.trmk.ecloud.compute.TerremarkECloudTemplateBuilderLiveTest) skipped.
Test suite progress: tests succeeded: 0, failed: 0, skipped: 24.
Starting test testTemplateBuilderCannotFind(org.jclouds.trmk.ecloud.compute.TerremarkECloudTemplateBuilderLiveTest)
[TestNG] Test testTemplateBuilderCannotFind(org.jclouds.trmk.ecloud.compute.TerremarkECloudTemplateBuilderLiveTest) skipped.
Test suite progress: tests succeeded: 0, failed: 0, skipped: 25.
Starting test testTemplateBuilderCannotFind(org.jclouds.trmk.ecloud.compute.TerremarkECloudTemplateBuilderLiveTest)
[TestNG] Test testTemplateBuilderCannotFind(org.jclouds.trmk.ecloud.compute.TerremarkECloudTemplateBuilderLiveTest) skipped.
Test suite progress: tests succeeded: 0, failed: 0, skipped: 26.
Starting test testTemplateBuilderCannotFind(org.jclouds.trmk.ecloud.compute.TerremarkECloudTemplateBuilderLiveTest)
[TestNG] Test testTemplateBuilderCannotFind(org.jclouds.trmk.ecloud.compute.TerremarkECloudTemplateBuilderLiveTest) skipped.
Test suite progress: tests succeeded: 0, failed: 0, skipped: 27.
Starting test testTemplateBuilderCannotFind(org.jclouds.trmk.ecloud.compute.TerremarkECloudTemplateBuilderLiveTest)
[TestNG] Test testTemplateBuilderCannotFind(org.jclouds.trmk.ecloud.compute.TerremarkECloudTemplateBuilderLiveTest) skipped.
Test suite progress: tests succeeded: 0, failed: 0, skipped: 28.
Starting test testTemplateBuilderCannotFind(org.jclouds.trmk.ecloud.compute.TerremarkECloudTemplateBuilderLiveTest)
[TestNG] Test testTemplateBuilderCannotFind(org.jclouds.trmk.ecloud.compute.TerremarkECloudTemplateBuilderLiveTest) skipped.
Test suite progress: tests succeeded: 0, failed: 0, skipped: 29.
Starting test testTemplateBuilderCannotFind(org.jclouds.trmk.ecloud.compute.TerremarkECloudTemplateBuilderLiveTest)
[TestNG] Test testTemplateBuilderCannotFind(org.jclouds.trmk.ecloud.compute.TerremarkECloudTemplateBuilderLiveTest) skipped.
Test suite progress: tests succeeded: 0, failed: 0, skipped: 30.
Starting test testTemplateBuilderCannotFind(org.jclouds.trmk.ecloud.compute.TerremarkECloudTemplateBuilderLiveTest)
[TestNG] Test testTemplateBuilderCannotFind(org.jclouds.trmk.ecloud.compute.TerremarkECloudTemplateBuilderLiveTest) skipped.
Test suite progress: tests succeeded: 0, failed: 0, skipped: 31.
Starting test testTemplateBuilderCannotFind(org.jclouds.trmk.ecloud.compute.TerremarkECloudTemplateBuilderLiveTest)
[TestNG] Test testTemplateBuilderCannotFind(org.jclouds.trmk.ecloud.compute.TerremarkECloudTemplateBuilderLiveTest) skipped.
Test suite progress: tests succeeded: 0, failed: 0, skipped: 32.
Starting test testTemplateBuilderCannotFind(org.jclouds.trmk.ecloud.compute.TerremarkECloudTemplateBuilderLiveTest)
[TestNG] Test testTemplateBuilderCannotFind(org.jclouds.trmk.ecloud.compute.TerremarkECloudTemplateBuilderLiveTest) skipped.
Test suite progress: tests succeeded: 0, failed: 0, skipped: 33.
Starting test testTemplateBuilderCannotFind(org.jclouds.trmk.ecloud.compute.TerremarkECloudTemplateBuilderLiveTest)
[TestNG] Test testTemplateBuilderCannotFind(org.jclouds.trmk.ecloud.compute.TerremarkECloudTemplateBuilderLiveTest) skipped.
Test suite progress: tests succeeded: 0, failed: 0, skipped: 34.
Starting test testTemplateBuilderCannotFind(org.jclouds.trmk.ecloud.compute.TerremarkECloudTemplateBuilderLiveTest)
[TestNG] Test testTemplateBuilderCannotFind(org.jclouds.trmk.ecloud.compute.TerremarkECloudTemplateBuilderLiveTest) skipped.
Test suite progress: tests succeeded: 0, failed: 0, skipped: 35.
Starting test testTemplateBuilderCannotFind(org.jclouds.trmk.ecloud.compute.TerremarkECloudTemplateBuilderLiveTest)
[TestNG] Test testTemplateBuilderCannotFind(org.jclouds.trmk.ecloud.compute.TerremarkECloudTemplateBuilderLiveTest) skipped.
Test suite progress: tests succeeded: 0, failed: 0, skipped: 36.
Starting test testTemplateBuilderCannotFind(org.jclouds.trmk.ecloud.compute.TerremarkECloudTemplateBuilderLiveTest)
[TestNG] Test testTemplateBuilderCannotFind(org.jclouds.trmk.ecloud.compute.TerremarkECloudTemplateBuilderLiveTest) skipped.
Test suite progress: tests succeeded: 0, failed: 0, skipped: 37.
Starting test testTemplateBuilderCannotFind(org.jclouds.trmk.ecloud.compute.TerremarkECloudTemplateBuilderLiveTest)
[TestNG] Test testTemplateBuilderCannotFind(org.jclouds.trmk.ecloud.compute.TerremarkECloudTemplateBuilderLiveTest) skipped.
Test suite progress: tests succeeded: 0, failed: 0, skipped: 38.
Starting test testTemplateBuilderCannotFind(org.jclouds.trmk.ecloud.compute.TerremarkECloudTemplateBuilderLiveTest)
[TestNG] Test testTemplateBuilderCannotFind(org.jclouds.trmk.ecloud.compute.TerremarkECloudTemplateBuilderLiveTest) skipped.
Test suite progress: tests succeeded: 0, failed: 0, skipped: 39.
Starting test testTemplateBuilderCannotFind(org.jclouds.trmk.ecloud.compute.TerremarkECloudTemplateBuilderLiveTest)
[TestNG] Test testTemplateBuilderCannotFind(org.jclouds.trmk.ecloud.compute.TerremarkECloudTemplateBuilderLiveTest) skipped.
Test suite progress: tests succeeded: 0, failed: 0, skipped: 40.
Starting test testTemplateBuilderCannotFind(org.jclouds.trmk.ecloud.compute.TerremarkECloudTemplateBuilderLiveTest)
[TestNG] Test testTemplateBuilderCannotFind(org.jclouds.trmk.ecloud.compute.TerremarkECloudTemplateBuilderLiveTest) skipped.
Test suite progress: tests succeeded: 0, failed: 0, skipped: 41.
Starting test testTemplateBuilderCannotFind(org.jclouds.trmk.ecloud.compute.TerremarkECloudTemplateBuilderLiveTest)
[TestNG] Test testTemplateBuilderCannotFind(org.jclouds.trmk.ecloud.compute.TerremarkECloudTemplateBuilderLiveTest) skipped.
Test suite progress: tests succeeded: 0, failed: 0, skipped: 42.
Starting test testTemplateBuilderCannotFind(org.jclouds.trmk.ecloud.compute.TerremarkECloudTemplateBuilderLiveTest)
[TestNG] Test testTemplateBuilderCannotFind(org.jclouds.trmk.ecloud.compute.TerremarkECloudTemplateBuilderLiveTest) skipped.
Test suite progress: tests succeeded: 0, failed: 0, skipped: 43.
Starting test testTemplateBuilderCannotFind(org.jclouds.trmk.ecloud.compute.TerremarkECloudTemplateBuilderLiveTest)
[TestNG] Test testTemplateBuilderCannotFind(org.jclouds.trmk.ecloud.compute.TerremarkECloudTemplateBuilderLiveTest) skipped.
Test suite progress: tests succeeded: 0, failed: 0, skipped: 44.
Starting test testTemplateBuilderCannotFind(org.jclouds.trmk.ecloud.compute.TerremarkECloudTemplateBuilderLiveTest)
[TestNG] Test testTemplateBuilderCannotFind(org.jclouds.trmk.ecloud.compute.TerremarkECloudTemplateBuilderLiveTest) skipped.
Test suite progress: tests succeeded: 0, failed: 0, skipped: 45.
Starting test testTemplateBuilderCannotFind(org.jclouds.trmk.ecloud.compute.TerremarkECloudTemplateBuilderLiveTest)
[TestNG] Test testTemplateBuilderCannotFind(org.jclouds.trmk.ecloud.compute.TerremarkECloudTemplateBuilderLiveTest) skipped.
Test suite progress: tests succeeded: 0, failed: 0, skipped: 46.
Starting test testTemplateBuilderCannotFind(org.jclouds.trmk.ecloud.compute.TerremarkECloudTemplateBuilderLiveTest)
[TestNG] Test testTemplateBuilderCannotFind(org.jclouds.trmk.ecloud.compute.TerremarkECloudTemplateBuilderLiveTest) skipped.
Test suite progress: tests succeeded: 0, failed: 0, skipped: 47.
Starting test testTemplateBuilderCannotFind(org.jclouds.trmk.ecloud.compute.TerremarkECloudTemplateBuilderLiveTest)
[TestNG] Test testTemplateBuilderCannotFind(org.jclouds.trmk.ecloud.compute.TerremarkECloudTemplateBuilderLiveTest) skipped.
Test suite progress: tests succeeded: 0, failed: 0, skipped: 48.
Starting test testTemplateBuilderCannotFind(org.jclouds.trmk.ecloud.compute.TerremarkECloudTemplateBuilderLiveTest)
[TestNG] Test testTemplateBuilderCannotFind(org.jclouds.trmk.ecloud.compute.TerremarkECloudTemplateBuilderLiveTest) skipped.
Test suite progress: tests succeeded: 0, failed: 0, skipped: 49.
Starting test testTemplateBuilderCannotFind(org.jclouds.trmk.ecloud.compute.TerremarkECloudTemplateBuilderLiveTest)
[TestNG] Test testTemplateBuilderCannotFind(org.jclouds.trmk.ecloud.compute.TerremarkECloudTemplateBuilderLiveTest) skipped.
Test suite progress: tests succeeded: 0, failed: 0, skipped: 50.
Starting test testTemplateBuilderCannotFind(org.jclouds.trmk.ecloud.compute.TerremarkECloudTemplateBuilderLiveTest)
[TestNG] Test testTemplateBuilderCannotFind(org.jclouds.trmk.ecloud.compute.TerremarkECloudTemplateBuilderLiveTest) skipped.
Test suite progress: tests succeeded: 0, failed: 0, skipped: 51.
Starting test testTemplateBuilderCannotFind(org.jclouds.trmk.ecloud.compute.TerremarkECloudTemplateBuilderLiveTest)
[TestNG] Test testTemplateBuilderCannotFind(org.jclouds.trmk.ecloud.compute.TerremarkECloudTemplateBuilderLiveTest) skipped.
Test suite progress: tests succeeded: 0, failed: 0, skipped: 52.
Starting test testTemplateBuilderCannotFind(org.jclouds.trmk.ecloud.compute.TerremarkECloudTemplateBuilderLiveTest)
[TestNG] Test testTemplateBuilderCannotFind(org.jclouds.trmk.ecloud.compute.TerremarkECloudTemplateBuilderLiveTest) skipped.
Test suite progress: tests succeeded: 0, failed: 0, skipped: 53.
Starting test testTemplateBuilderCannotFind(org.jclouds.trmk.ecloud.compute.TerremarkECloudTemplateBuilderLiveTest)
[TestNG] Test testTemplateBuilderCannotFind(org.jclouds.trmk.ecloud.compute.TerremarkECloudTemplateBuilderLiveTest) skipped.
Test suite progress: tests succeeded: 0, failed: 0, skipped: 54.
Starting test testTemplateBuilderCannotFind(org.jclouds.trmk.ecloud.compute.TerremarkECloudTemplateBuilderLiveTest)
[TestNG] Test testTemplateBuilderCannotFind(org.jclouds.trmk.ecloud.compute.TerremarkECloudTemplateBuilderLiveTest) skipped.
Test suite progress: tests succeeded: 0, failed: 0, skipped: 55.
Starting test testTemplateBuilderCannotFind(org.jclouds.trmk.ecloud.compute.TerremarkECloudTemplateBuilderLiveTest)
[TestNG] Test testTemplateBuilderCannotFind(org.jclouds.trmk.ecloud.compute.TerremarkECloudTemplateBuilderLiveTest) skipped.
Test suite progress: tests succeeded: 0, failed: 0, skipped: 56.
Starting test testTemplateBuilderCannotFind(org.jclouds.trmk.ecloud.compute.TerremarkECloudTemplateBuilderLiveTest)
[TestNG] Test testTemplateBuilderCannotFind(org.jclouds.trmk.ecloud.compute.TerremarkECloudTemplateBuilderLiveTest) skipped.
Test suite progress: tests succeeded: 0, failed: 0, skipped: 57.
Starting test testTemplateBuilderCannotFind(org.jclouds.trmk.ecloud.compute.TerremarkECloudTemplateBuilderLiveTest)
[TestNG] Test testTemplateBuilderCannotFind(org.jclouds.trmk.ecloud.compute.TerremarkECloudTemplateBuilderLiveTest) skipped.
Test suite progress: tests succeeded: 0, failed: 0, skipped: 58.
Starting test testTemplateBuilderCannotFind(org.jclouds.trmk.ecloud.compute.TerremarkECloudTemplateBuilderLiveTest)
[TestNG] Test testTemplateBuilderCannotFind(org.jclouds.trmk.ecloud.compute.TerremarkECloudTemplateBuilderLiveTest) skipped.
Test suite progress: tests succeeded: 0, failed: 0, skipped: 59.
Starting test testTemplateBuilderCannotFind(org.jclouds.trmk.ecloud.compute.TerremarkECloudTemplateBuilderLiveTest)
[TestNG] Test testTemplateBuilderCannotFind(org.jclouds.trmk.ecloud.compute.TerremarkECloudTemplateBuilderLiveTest) skipped.
Test suite progress: tests succeeded: 0, failed: 0, skipped: 60.
Starting test testTemplateBuilderCannotFind(org.jclouds.trmk.ecloud.compute.TerremarkECloudTemplateBuilderLiveTest)
[TestNG] Test testTemplateBuilderCannotFind(org.jclouds.trmk.ecloud.compute.TerremarkECloudTemplateBuilderLiveTest) skipped.
Test suite progress: tests succeeded: 0, failed: 0, skipped: 61.
Starting test testTemplateBuilderCannotFind(org.jclouds.trmk.ecloud.compute.TerremarkECloudTemplateBuilderLiveTest)
[TestNG] Test testTemplateBuilderCannotFind(org.jclouds.trmk.ecloud.compute.TerremarkECloudTemplateBuilderLiveTest) skipped.
Test suite progress: tests succeeded: 0, failed: 0, skipped: 62.
Starting test testTemplateBuilderCannotFind(org.jclouds.trmk.ecloud.compute.TerremarkECloudTemplateBuilderLiveTest)
[TestNG] Test testTemplateBuilderCannotFind(org.jclouds.trmk.ecloud.compute.TerremarkECloudTemplateBuilderLiveTest) skipped.
Test suite progress: tests succeeded: 0, failed: 0, skipped: 63.
Starting test testTemplateBuilderCannotFind(org.jclouds.trmk.ecloud.compute.TerremarkECloudTemplateBuilderLiveTest)
[TestNG] Test testTemplateBuilderCannotFind(org.jclouds.trmk.ecloud.compute.TerremarkECloudTemplateBuilderLiveTest) skipped.
Test suite progress: tests succeeded: 0, failed: 0, skipped: 64.
Starting test testTemplateBuilderCannotFind(org.jclouds.trmk.ecloud.compute.TerremarkECloudTemplateBuilderLiveTest)
[TestNG] Test testTemplateBuilderCannotFind(org.jclouds.trmk.ecloud.compute.TerremarkECloudTemplateBuilderLiveTest) skipped.
Test suite progress: tests succeeded: 0, failed: 0, skipped: 65.
Starting test testTemplateBuilderCannotFind(org.jclouds.trmk.ecloud.compute.TerremarkECloudTemplateBuilderLiveTest)
[TestNG] Test testTemplateBuilderCannotFind(org.jclouds.trmk.ecloud.compute.TerremarkECloudTemplateBuilderLiveTest) skipped.
Test suite progress: tests succeeded: 0, failed: 0, skipped: 66.
Starting test testTemplateBuilderCannotFind(org.jclouds.trmk.ecloud.compute.TerremarkECloudTemplateBuilderLiveTest)
[TestNG] Test testTemplateBuilderCannotFind(org.jclouds.trmk.ecloud.compute.TerremarkECloudTemplateBuilderLiveTest) skipped.
Test suite progress: tests succeeded: 0, failed: 0, skipped: 67.
Starting test testTemplateBuilderCannotFind(org.jclouds.trmk.ecloud.compute.TerremarkECloudTemplateBuilderLiveTest)
[TestNG] Test testTemplateBuilderCannotFind(org.jclouds.trmk.ecloud.compute.TerremarkECloudTemplateBuilderLiveTest) skipped.
Test suite progress: tests succeeded: 0, failed: 0, skipped: 68.
Starting test testTemplateBuilderCannotFind(org.jclouds.trmk.ecloud.compute.TerremarkECloudTemplateBuilderLiveTest)
[TestNG] Test testTemplateBuilderCannotFind(org.jclouds.trmk.ecloud.compute.TerremarkECloudTemplateBuilderLiveTest) skipped.
Test suite progress: tests succeeded: 0, failed: 0, skipped: 69.
Starting test testTemplateBuilderCannotFind(org.jclouds.trmk.ecloud.compute.TerremarkECloudTemplateBuilderLiveTest)
[TestNG] Test testTemplateBuilderCannotFind(org.jclouds.trmk.ecloud.compute.TerremarkECloudTemplateBuilderLiveTest) skipped.
Test suite progress: tests succeeded: 0, failed: 0, skipped: 70.
Starting test testTemplateBuilderCannotFind(org.jclouds.trmk.ecloud.compute.TerremarkECloudTemplateBuilderLiveTest)
[TestNG] Test testTemplateBuilderCannotFind(org.jclouds.trmk.ecloud.compute.TerremarkECloudTemplateBuilderLiveTest) skipped.
Test suite progress: tests succeeded: 0, failed: 0, skipped: 71.
Starting test testDefaultTemplateBuilder(org.jclouds.trmk.ecloud.compute.TerremarkECloudTemplateBuilderLiveTest)
[TestNG] Test testDefaultTemplateBuilder(org.jclouds.trmk.ecloud.compute.TerremarkECloudTemplateBuilderLiveTest) skipped.
Test suite progress: tests succeeded: 0, failed: 0, skipped: 72.
Starting test testCompareSizes(org.jclouds.trmk.ecloud.compute.TerremarkECloudTemplateBuilderLiveTest)
[TestNG] Test testCompareSizes(org.jclouds.trmk.ecloud.compute.TerremarkECloudTemplateBuilderLiveTest) skipped.
Test suite progress: tests succeeded: 0, failed: 0, skipped: 73.
Starting test testGetAssignableLocations(org.jclouds.trmk.ecloud.compute.TerremarkECloudTemplateBuilderLiveTest)
[TestNG] Test testGetAssignableLocations(org.jclouds.trmk.ecloud.compute.TerremarkECloudTemplateBuilderLiveTest) skipped.
Test suite progress: tests succeeded: 0, failed: 0, skipped: 74.
Starting test testTemplateBuilderCanUseImageId(org.jclouds.trmk.ecloud.compute.TerremarkECloudTemplateBuilderLiveTest)
[TestNG] Test testTemplateBuilderCanUseImageId(org.jclouds.trmk.ecloud.compute.TerremarkECloudTemplateBuilderLiveTest) skipped.
Test suite progress: tests succeeded: 0, failed: 0, skipped: 75.
Starting test testFromTemplate(org.jclouds.trmk.ecloud.compute.TerremarkECloudTemplateBuilderLiveTest)
[TestNG] Test testFromTemplate(org.jclouds.trmk.ecloud.compute.TerremarkECloudTemplateBuilderLiveTest) skipped.
Test suite progress: tests succeeded: 0, failed: 0, skipped: 76.
Starting test testTemplateBuilderCanFind(org.jclouds.trmk.ecloud.compute.TerremarkECloudTemplateBuilderLiveTest)
[TestNG] Test testTemplateBuilderCanFind(org.jclouds.trmk.ecloud.compute.TerremarkECloudTemplateBuilderLiveTest) skipped.
Test suite progress: tests succeeded: 0, failed: 0, skipped: 77.
Starting test testTemplateBuilderCanFind(org.jclouds.trmk.ecloud.compute.TerremarkECloudTemplateBuilderLiveTest)
[TestNG] Test testTemplateBuilderCanFind(org.jclouds.trmk.ecloud.compute.TerremarkECloudTemplateBuilderLiveTest) skipped.
Test suite progress: tests succeeded: 0, failed: 0, skipped: 78.
Starting test testTemplateBuilderCanFind(org.jclouds.trmk.ecloud.compute.TerremarkECloudTemplateBuilderLiveTest)
[TestNG] Test testTemplateBuilderCanFind(org.jclouds.trmk.ecloud.compute.TerremarkECloudTemplateBuilderLiveTest) skipped.
Test suite progress: tests succeeded: 0, failed: 0, skipped: 79.
Starting test testTemplateBuilderCanFind(org.jclouds.trmk.ecloud.compute.TerremarkECloudTemplateBuilderLiveTest)
[TestNG] Test testTemplateBuilderCanFind(org.jclouds.trmk.ecloud.compute.TerremarkECloudTemplateBuilderLiveTest) skipped.
Test suite progress: tests succeeded: 0, failed: 0, skipped: 80.
Starting test testTemplateBuilderCanFind(org.jclouds.trmk.ecloud.compute.TerremarkECloudTemplateBuilderLiveTest)
[TestNG] Test testTemplateBuilderCanFind(org.jclouds.trmk.ecloud.compute.TerremarkECloudTemplateBuilderLiveTest) skipped.
Test suite progress: tests succeeded: 0, failed: 0, skipped: 81.
Starting test testTemplateBuilderCanFind(org.jclouds.trmk.ecloud.compute.TerremarkECloudTemplateBuilderLiveTest)
[TestNG] Test testTemplateBuilderCanFind(org.jclouds.trmk.ecloud.compute.TerremarkECloudTemplateBuilderLiveTest) skipped.
Test suite progress: tests succeeded: 0, failed: 0, skipped: 82.
Starting test testTemplateBuilderCanFind(org.jclouds.trmk.ecloud.compute.TerremarkECloudTemplateBuilderLiveTest)
[TestNG] Test testTemplateBuilderCanFind(org.jclouds.trmk.ecloud.compute.TerremarkECloudTemplateBuilderLiveTest) skipped.
Test suite progress: tests succeeded: 0, failed: 0, skipped: 83.
Starting test testTemplateBuilderCanFind(org.jclouds.trmk.ecloud.compute.TerremarkECloudTemplateBuilderLiveTest)
[TestNG] Test testTemplateBuilderCanFind(org.jclouds.trmk.ecloud.compute.TerremarkECloudTemplateBuilderLiveTest) skipped.
Test suite progress: tests succeeded: 0, failed: 0, skipped: 84.
Starting test testTemplateBuilderCanFind(org.jclouds.trmk.ecloud.compute.TerremarkECloudTemplateBuilderLiveTest)
[TestNG] Test testTemplateBuilderCanFind(org.jclouds.trmk.ecloud.compute.TerremarkECloudTemplateBuilderLiveTest) skipped.
Test suite progress: tests succeeded: 0, failed: 0, skipped: 85.
Starting test testTemplateBuilderCanFind(org.jclouds.trmk.ecloud.compute.TerremarkECloudTemplateBuilderLiveTest)
[TestNG] Test testTemplateBuilderCanFind(org.jclouds.trmk.ecloud.compute.TerremarkECloudTemplateBuilderLiveTest) skipped.
Test suite progress: tests succeeded: 0, failed: 0, skipped: 86.
Starting test testTemplateBuilderCanFind(org.jclouds.trmk.ecloud.compute.TerremarkECloudTemplateBuilderLiveTest)
[TestNG] Test testTemplateBuilderCanFind(org.jclouds.trmk.ecloud.compute.TerremarkECloudTemplateBuilderLiveTest) skipped.
Test suite progress: tests succeeded: 0, failed: 0, skipped: 87.
Starting test testTemplateBuilderCanFind(org.jclouds.trmk.ecloud.compute.TerremarkECloudTemplateBuilderLiveTest)
[TestNG] Test testTemplateBuilderCanFind(org.jclouds.trmk.ecloud.compute.TerremarkECloudTemplateBuilderLiveTest) skipped.
Test suite progress: tests succeeded: 0, failed: 0, skipped: 88.
Starting test testTemplateBuilderCanFind(org.jclouds.trmk.ecloud.compute.TerremarkECloudTemplateBuilderLiveTest)
[TestNG] Test testTemplateBuilderCanFind(org.jclouds.trmk.ecloud.compute.TerremarkECloudTemplateBuilderLiveTest) skipped.
Test suite progress: tests succeeded: 0, failed: 0, skipped: 89.
Starting test testTemplateBuilderCanFind(org.jclouds.trmk.ecloud.compute.TerremarkECloudTemplateBuilderLiveTest)
[TestNG] Test testTemplateBuilderCanFind(org.jclouds.trmk.ecloud.compute.TerremarkECloudTemplateBuilderLiveTest) skipped.
Test suite progress: tests succeeded: 0, failed: 0, skipped: 90.
Starting test testTemplateBuilderCanFind(org.jclouds.trmk.ecloud.compute.TerremarkECloudTemplateBuilderLiveTest)
[TestNG] Test testTemplateBuilderCanFind(org.jclouds.trmk.ecloud.compute.TerremarkECloudTemplateBuilderLiveTest) skipped.
Test suite progress: tests succeeded: 0, failed: 0, skipped: 91.
Starting test testTemplateBuilderCanFind(org.jclouds.trmk.ecloud.compute.TerremarkECloudTemplateBuilderLiveTest)
[TestNG] Test testTemplateBuilderCanFind(org.jclouds.trmk.ecloud.compute.TerremarkECloudTemplateBuilderLiveTest) skipped.
Test suite progress: tests succeeded: 0, failed: 0, skipped: 92.
Starting test testTemplateBuilderCanFind(org.jclouds.trmk.ecloud.compute.TerremarkECloudTemplateBuilderLiveTest)
[TestNG] Test testTemplateBuilderCanFind(org.jclouds.trmk.ecloud.compute.TerremarkECloudTemplateBuilderLiveTest) skipped.
Test suite progress: tests succeeded: 0, failed: 0, skipped: 93.
Starting test testTemplateBuilderCanFind(org.jclouds.trmk.ecloud.compute.TerremarkECloudTemplateBuilderLiveTest)
[TestNG] Test testTemplateBuilderCanFind(org.jclouds.trmk.ecloud.compute.TerremarkECloudTemplateBuilderLiveTest) skipped.
Test suite progress: tests succeeded: 0, failed: 0, skipped: 94.
Starting test testTemplateBuilderCanFind(org.jclouds.trmk.ecloud.compute.TerremarkECloudTemplateBuilderLiveTest)
[TestNG] Test testTemplateBuilderCanFind(org.jclouds.trmk.ecloud.compute.TerremarkECloudTemplateBuilderLiveTest) skipped.
Test suite progress: tests succeeded: 0, failed: 0, skipped: 95.
Starting test testTemplateBuilderCanFind(org.jclouds.trmk.ecloud.compute.TerremarkECloudTemplateBuilderLiveTest)
[TestNG] Test testTemplateBuilderCanFind(org.jclouds.trmk.ecloud.compute.TerremarkECloudTemplateBuilderLiveTest) skipped.
Test suite progress: tests succeeded: 0, failed: 0, skipped: 96.
Starting test testTemplateBuilderCanFind(org.jclouds.trmk.ecloud.compute.TerremarkECloudTemplateBuilderLiveTest)
[TestNG] Test testTemplateBuilderCanFind(org.jclouds.trmk.ecloud.compute.TerremarkECloudTemplateBuilderLiveTest) skipped.
Test suite progress: tests succeeded: 0, failed: 0, skipped: 97.
Starting test testTemplateBuilderCanFind(org.jclouds.trmk.ecloud.compute.TerremarkECloudTemplateBuilderLiveTest)
[TestNG] Test testTemplateBuilderCanFind(org.jclouds.trmk.ecloud.compute.TerremarkECloudTemplateBuilderLiveTest) skipped.
Test suite progress: tests succeeded: 0, failed: 0, skipped: 98.
Starting test testTemplateBuilderCanFind(org.jclouds.trmk.ecloud.compute.TerremarkECloudTemplateBuilderLiveTest)
[TestNG] Test testTemplateBuilderCanFind(org.jclouds.trmk.ecloud.compute.TerremarkECloudTemplateBuilderLiveTest) skipped.
Test suite progress: tests succeeded: 0, failed: 0, skipped: 99.
Starting test testTemplateBuilderCanFind(org.jclouds.trmk.ecloud.compute.TerremarkECloudTemplateBuilderLiveTest)
[TestNG] Test testTemplateBuilderCanFind(org.jclouds.trmk.ecloud.compute.TerremarkECloudTemplateBuilderLiveTest) skipped.
Test suite progress: tests succeeded: 0, failed: 0, skipped: 100.
Starting test testTemplateBuilderCanFind(org.jclouds.trmk.ecloud.compute.TerremarkECloudTemplateBuilderLiveTest)
[TestNG] Test testTemplateBuilderCanFind(org.jclouds.trmk.ecloud.compute.TerremarkECloudTemplateBuilderLiveTest) skipped.
Test suite progress: tests succeeded: 0, failed: 0, skipped: 101.
Starting test testTemplateBuilderCanFind(org.jclouds.trmk.ecloud.compute.TerremarkECloudTemplateBuilderLiveTest)
[TestNG] Test testTemplateBuilderCanFind(org.jclouds.trmk.ecloud.compute.TerremarkECloudTemplateBuilderLiveTest) skipped.
Test suite progress: tests succeeded: 0, failed: 0, skipped: 102.
Starting test testTemplateBuilderCanFind(org.jclouds.trmk.ecloud.compute.TerremarkECloudTemplateBuilderLiveTest)
[TestNG] Test testTemplateBuilderCanFind(org.jclouds.trmk.ecloud.compute.TerremarkECloudTemplateBuilderLiveTest) skipped.
Test suite progress: tests succeeded: 0, failed: 0, skipped: 103.
[TestNG] Test testAScriptExecutionAfterBootWithBasicTemplate(org.jclouds.trmk.ecloud.compute.TerremarkECloudComputeServiceLiveTest) skipped.
Test suite progress: tests succeeded: 0, failed: 0, skipped: 104.
[TestNG] Test testCreateTwoNodesWithRunScript(org.jclouds.trmk.ecloud.compute.TerremarkECloudComputeServiceLiveTest) skipped.
Test suite progress: tests succeeded: 0, failed: 0, skipped: 105.
[TestNG] Test testTemplateMatch(org.jclouds.trmk.ecloud.compute.TerremarkECloudComputeServiceLiveTest) skipped.
Test suite progress: tests succeeded: 0, failed: 0, skipped: 106.
[TestNG] Test testCreateAnotherNodeWithANewContextToEnsureSharedMemIsntRequired(org.jclouds.trmk.ecloud.compute.TerremarkECloudComputeServiceLiveTest) skipped.
Test suite progress: tests succeeded: 0, failed: 0, skipped: 107.
[TestNG] Test testCredentialsCache(org.jclouds.trmk.ecloud.compute.TerremarkECloudComputeServiceLiveTest) skipped.
Test suite progress: tests succeeded: 0, failed: 0, skipped: 108.
[TestNG] Test testGet(org.jclouds.trmk.ecloud.compute.TerremarkECloudComputeServiceLiveTest) skipped.
Test suite progress: tests succeeded: 0, failed: 0, skipped: 109.
[TestNG] Test testReboot(org.jclouds.trmk.ecloud.compute.TerremarkECloudComputeServiceLiveTest) skipped.
Test suite progress: tests succeeded: 0, failed: 0, skipped: 110.
[TestNG] Test testSuspendResume(org.jclouds.trmk.ecloud.compute.TerremarkECloudComputeServiceLiveTest) skipped.
Test suite progress: tests succeeded: 0, failed: 0, skipped: 111.
[TestNG] Test testGetNodesWithDetails(org.jclouds.trmk.ecloud.compute.TerremarkECloudComputeServiceLiveTest) skipped.
Test suite progress: tests succeeded: 0, failed: 0, skipped: 112.
Starting test testListDataCentersInOrg(org.jclouds.trmk.ecloud.features.DataCenterOperationsClientLiveTest)
[TestNG] Test testListDataCentersInOrg(org.jclouds.trmk.ecloud.features.DataCenterOperationsClientLiveTest) skipped.
Test suite progress: tests succeeded: 0, failed: 0, skipped: 113.
Starting test testListTagsInOrg(org.jclouds.trmk.ecloud.features.TagOperationsClientLiveTest)
[TestNG] Test testListTagsInOrg(org.jclouds.trmk.ecloud.features.TagOperationsClientLiveTest) skipped.
Test suite progress: tests succeeded: 0, failed: 0, skipped: 114.
Starting test testCatalog(org.jclouds.trmk.ecloud.TerremarkECloudClientLiveTest)
[TestNG] Test testCatalog(org.jclouds.trmk.ecloud.TerremarkECloudClientLiveTest) skipped.
Test suite progress: tests succeeded: 0, failed: 0, skipped: 115.
Starting test testCreateInternetServiceMonitorDisabled(org.jclouds.trmk.ecloud.TerremarkECloudClientLiveTest)
[TestNG] Test testCreateInternetServiceMonitorDisabled(org.jclouds.trmk.ecloud.TerremarkECloudClientLiveTest) skipped.
Test suite progress: tests succeeded: 0, failed: 0, skipped: 116.
Starting test testDefaultTasksList(org.jclouds.trmk.ecloud.TerremarkECloudClientLiveTest)
[TestNG] Test testDefaultTasksList(org.jclouds.trmk.ecloud.TerremarkECloudClientLiveTest) skipped.
Test suite progress: tests succeeded: 0, failed: 0, skipped: 117.
Starting test testDefaultVDC(org.jclouds.trmk.ecloud.TerremarkECloudClientLiveTest)
[TestNG] Test testDefaultVDC(org.jclouds.trmk.ecloud.TerremarkECloudClientLiveTest) skipped.
Test suite progress: tests succeeded: 0, failed: 0, skipped: 118.
Starting test testFindCatalogItem(org.jclouds.trmk.ecloud.TerremarkECloudClientLiveTest)
[TestNG] Test testFindCatalogItem(org.jclouds.trmk.ecloud.TerremarkECloudClientLiveTest) skipped.
Test suite progress: tests succeeded: 0, failed: 0, skipped: 119.
Starting test testFindVAppTemplate(org.jclouds.trmk.ecloud.TerremarkECloudClientLiveTest)
[TestNG] Test testFindVAppTemplate(org.jclouds.trmk.ecloud.TerremarkECloudClientLiveTest) skipped.
Test suite progress: tests succeeded: 0, failed: 0, skipped: 120.
Starting test testGetAllInternetServices(org.jclouds.trmk.ecloud.TerremarkECloudClientLiveTest)
[TestNG] Test testGetAllInternetServices(org.jclouds.trmk.ecloud.TerremarkECloudClientLiveTest) skipped.
Test suite progress: tests succeeded: 0, failed: 0, skipped: 121.
Starting test testGetCatalogItem(org.jclouds.trmk.ecloud.TerremarkECloudClientLiveTest)
[TestNG] Test testGetCatalogItem(org.jclouds.trmk.ecloud.TerremarkECloudClientLiveTest) skipped.
Test suite progress: tests succeeded: 0, failed: 0, skipped: 122.
Starting test testGetConfigCustomizationOptions(org.jclouds.trmk.ecloud.TerremarkECloudClientLiveTest)
[TestNG] Test testGetConfigCustomizationOptions(org.jclouds.trmk.ecloud.TerremarkECloudClientLiveTest) skipped.
Test suite progress: tests succeeded: 0, failed: 0, skipped: 123.
Starting test testGetPublicIpsAssociatedWithVDC(org.jclouds.trmk.ecloud.TerremarkECloudClientLiveTest)
[TestNG] Test testGetPublicIpsAssociatedWithVDC(org.jclouds.trmk.ecloud.TerremarkECloudClientLiveTest) skipped.
Test suite progress: tests succeeded: 0, failed: 0, skipped: 124.
Starting test testGetTask(org.jclouds.trmk.ecloud.TerremarkECloudClientLiveTest)
[TestNG] Test testGetTask(org.jclouds.trmk.ecloud.TerremarkECloudClientLiveTest) skipped.
Test suite progress: tests succeeded: 0, failed: 0, skipped: 125.
Starting test testGetVApp(org.jclouds.trmk.ecloud.TerremarkECloudClientLiveTest)
[TestNG] Test testGetVApp(org.jclouds.trmk.ecloud.TerremarkECloudClientLiveTest) skipped.
Test suite progress: tests succeeded: 0, failed: 0, skipped: 126.
Starting test testGetVAppTemplate(org.jclouds.trmk.ecloud.TerremarkECloudClientLiveTest)
[TestNG] Test testGetVAppTemplate(org.jclouds.trmk.ecloud.TerremarkECloudClientLiveTest) skipped.
Test suite progress: tests succeeded: 0, failed: 0, skipped: 127.
Starting test testGetVDCNetwork(org.jclouds.trmk.ecloud.TerremarkECloudClientLiveTest)
[TestNG] Test testGetVDCNetwork(org.jclouds.trmk.ecloud.TerremarkECloudClientLiveTest) skipped.
Test suite progress: tests succeeded: 0, failed: 0, skipped: 128.
Starting test testInstantiateAndPowerOn(org.jclouds.trmk.ecloud.TerremarkECloudClientLiveTest)
[TestNG] Test testInstantiateAndPowerOn(org.jclouds.trmk.ecloud.TerremarkECloudClientLiveTest) skipped.
Test suite progress: tests succeeded: 0, failed: 0, skipped: 129.
Starting test testKeysList(org.jclouds.trmk.ecloud.TerremarkECloudClientLiveTest)
[TestNG] Test testKeysList(org.jclouds.trmk.ecloud.TerremarkECloudClientLiveTest) skipped.
Test suite progress: tests succeeded: 0, failed: 0, skipped: 130.
Starting test testOrg(org.jclouds.trmk.ecloud.TerremarkECloudClientLiveTest)
[TestNG] Test testOrg(org.jclouds.trmk.ecloud.TerremarkECloudClientLiveTest) skipped.
Test suite progress: tests succeeded: 0, failed: 0, skipped: 131.
Starting test testPropertiesCanOverrideDefaultCatalog(org.jclouds.trmk.ecloud.TerremarkECloudClientLiveTest)
[TestNG] Test testPropertiesCanOverrideDefaultCatalog(org.jclouds.trmk.ecloud.TerremarkECloudClientLiveTest) skipped.
Test suite progress: tests succeeded: 0, failed: 0, skipped: 132.
Starting test testPropertiesCanOverrideDefaultNetwork(org.jclouds.trmk.ecloud.TerremarkECloudClientLiveTest)
[TestNG] Test testPropertiesCanOverrideDefaultNetwork(org.jclouds.trmk.ecloud.TerremarkECloudClientLiveTest) skipped.
Test suite progress: tests succeeded: 0, failed: 0, skipped: 133.
Starting test testPropertiesCanOverrideDefaultOrg(org.jclouds.trmk.ecloud.TerremarkECloudClientLiveTest)
[TestNG] Test testPropertiesCanOverrideDefaultOrg(org.jclouds.trmk.ecloud.TerremarkECloudClientLiveTest) skipped.
Test suite progress: tests succeeded: 0, failed: 0, skipped: 134.
Starting test testPropertiesCanOverrideDefaultTasksList(org.jclouds.trmk.ecloud.TerremarkECloudClientLiveTest)
[TestNG] Test testPropertiesCanOverrideDefaultTasksList(org.jclouds.trmk.ecloud.TerremarkECloudClientLiveTest) skipped.
Test suite progress: tests succeeded: 0, failed: 0, skipped: 135.
Starting test testPropertiesCanOverrideDefaultVDC(org.jclouds.trmk.ecloud.TerremarkECloudClientLiveTest)
[TestNG] Test testPropertiesCanOverrideDefaultVDC(org.jclouds.trmk.ecloud.TerremarkECloudClientLiveTest) skipped.
Test suite progress: tests succeeded: 0, failed: 0, skipped: 136.
[TestNG] Test testAddInternetService(org.jclouds.trmk.ecloud.TerremarkECloudClientLiveTest) skipped.
Test suite progress: tests succeeded: 0, failed: 0, skipped: 137.
[TestNG] Test testCloneVApp(org.jclouds.trmk.ecloud.TerremarkECloudClientLiveTest) skipped.
Test suite progress: tests succeeded: 0, failed: 0, skipped: 138.
[TestNG] Test testPublicIp(org.jclouds.trmk.ecloud.TerremarkECloudClientLiveTest) skipped.
Test suite progress: tests succeeded: 0, failed: 0, skipped: 139.
[TestNG] Test testConfigureNode(org.jclouds.trmk.ecloud.TerremarkECloudClientLiveTest) skipped.
Test suite progress: tests succeeded: 0, failed: 0, skipped: 140.
[TestNG] Test testLifeCycle(org.jclouds.trmk.ecloud.TerremarkECloudClientLiveTest) skipped.
Test suite progress: tests succeeded: 0, failed: 0, skipped: 141.
[TestNG] Test testConfigure(org.jclouds.trmk.ecloud.TerremarkECloudClientLiveTest) skipped.
Test suite progress: tests succeeded: 0, failed: 0, skipped: 142.
Tests run: 164, Failures: 10, Errors: 0, Skipped: 154, Time elapsed: 13.596 sec <<< FAILURE!

Results :

Failed tests:   setupClient(org.jclouds.trmk.ecloud.compute.TerremarkECloudComputeServiceLiveTest): request: POST https://services.enterprisecloud.terremark.com/api/v0.8b-ext2.8/login HTTP/1.1 failed with response: HTTP/1.1 401 Unauthorized
  setupClient(org.jclouds.trmk.ecloud.compute.TerremarkECloudComputeServiceLiveTest): request: POST https://services.enterprisecloud.terremark.com/api/v0.8b-ext2.8/login HTTP/1.1 failed with response: HTTP/1.1 401 Unauthorized
  setupClient(org.jclouds.trmk.ecloud.compute.TerremarkECloudTemplateBuilderLiveTest): request: POST https://services.enterprisecloud.terremark.com/api/v0.8b-ext2.8/login HTTP/1.1 failed with response: HTTP/1.1 401 Unauthorized
  setupClient(org.jclouds.trmk.ecloud.compute.TerremarkECloudTemplateBuilderLiveTest): request: POST https://services.enterprisecloud.terremark.com/api/v0.8b-ext2.8/login HTTP/1.1 failed with response: HTTP/1.1 401 Unauthorized
  setupClient(org.jclouds.trmk.ecloud.features.DataCenterOperationsClientLiveTest): request: POST https://services.enterprisecloud.terremark.com/api/v0.8b-ext2.8/login HTTP/1.1 failed with response: HTTP/1.1 401 Unauthorized
  setupClient(org.jclouds.trmk.ecloud.features.DataCenterOperationsClientLiveTest): request: POST https://services.enterprisecloud.terremark.com/api/v0.8b-ext2.8/login HTTP/1.1 failed with response: HTTP/1.1 401 Unauthorized
  setupClient(org.jclouds.trmk.ecloud.features.TagOperationsClientLiveTest): request: POST https://services.enterprisecloud.terremark.com/api/v0.8b-ext2.8/login HTTP/1.1 failed with response: HTTP/1.1 401 Unauthorized
  setupClient(org.jclouds.trmk.ecloud.features.TagOperationsClientLiveTest): request: POST https://services.enterprisecloud.terremark.com/api/v0.8b-ext2.8/login HTTP/1.1 failed with response: HTTP/1.1 401 Unauthorized
  setupClient(org.jclouds.trmk.ecloud.TerremarkECloudClientLiveTest): Guice creation errors:
  setupClient(org.jclouds.trmk.ecloud.TerremarkECloudClientLiveTest): Guice creation errors:

Tests run: 164, Failures: 10, Errors: 0, Skipped: 154

[INFO] ------------------------------------------------------------------------
[INFO] BUILD FAILURE
[INFO] ------------------------------------------------------------------------
[INFO] Total time: 38.660s
[INFO] Finished at: Sun Feb 05 03:49:27 PST 2012
[INFO] Final Memory: 21M/265M
[INFO] ------------------------------------------------------------------------
[ERROR] Failed to execute goal org.apache.maven.plugins:maven-surefire-plugin:2.10:test (integration) on project trmk-ecloud: There are test failures.
[ERROR] 
[ERROR] Please refer to /Users/adriancole/workspace/git/1.4.x/jclouds/providers/trmk-ecloud/target/surefire-reports for the individual test results.
[ERROR] -> [Help 1]
[ERROR] 
[ERROR] To see the full stack trace of the errors, re-run Maven with the -e switch.
[ERROR] Re-run Maven using the -X switch to enable full debug logging.
[ERROR] 
[ERROR] For more information about the errors and possible solutions, please read the following articles:
[ERROR] [Help 1] http://cwiki.apache.org/confluence/display/MAVEN/MojoFailureException
