-------------------------------------------------------------------------------
Test set: TestSuite
-------------------------------------------------------------------------------
Tests run: 155, Failures: 4, Errors: 0, Skipped: 1, Time elapsed: 2,402.833 sec <<< FAILURE!
testGetLaunchPermissionForImage(org.jclouds.aws.ec2.services.AWSAMIClientLiveTest)  Time elapsed: 0.062 sec  <<< FAILURE!
org.testng.TestException: 
Expected exception org.jclouds.rest.AuthorizationException but got java.lang.NullPointerException: ImageId
	at org.testng.internal.Invoker.handleInvocationResults(Invoker.java:1416)
	at org.testng.internal.Invoker.invokeMethod(Invoker.java:722)
	at org.testng.internal.Invoker.invokeTestMethod(Invoker.java:846)
	at org.testng.internal.Invoker.invokeTestMethods(Invoker.java:1170)
	at org.testng.internal.TestMethodWorker.invokeTestMethods(TestMethodWorker.java:125)
	at org.testng.internal.TestMethodWorker.run(TestMethodWorker.java:109)
	at org.testng.TestRunner.runWorkers(TestRunner.java:1147)
	at org.testng.TestRunner.privateRun(TestRunner.java:749)
	at org.testng.TestRunner.run(TestRunner.java:600)
	at org.testng.SuiteRunner.runTest(SuiteRunner.java:317)
	at org.testng.SuiteRunner.access$000(SuiteRunner.java:34)
	at org.testng.SuiteRunner$SuiteWorker.run(SuiteRunner.java:351)
	at org.testng.internal.thread.ThreadUtil$CountDownLatchedRunnable.run(ThreadUtil.java:147)
	at java.util.concurrent.ThreadPoolExecutor$Worker.runTask(ThreadPoolExecutor.java:886)
	at java.util.concurrent.ThreadPoolExecutor$Worker.run(ThreadPoolExecutor.java:908)
	at java.lang.Thread.run(Thread.java:680)
Caused by: java.lang.NullPointerException: ImageId
	at com.google.common.base.Preconditions.checkNotNull(Preconditions.java:204)
	at org.jclouds.rest.internal.RestAnnotationProcessor.getFormParamKeyValues(RestAnnotationProcessor.java:1239)
	at org.jclouds.rest.internal.RestAnnotationProcessor.addFormParams(RestAnnotationProcessor.java:612)
	at org.jclouds.rest.internal.RestAnnotationProcessor.createRequest(RestAnnotationProcessor.java:445)
	at org.jclouds.rest.internal.AsyncRestClientProxy.createListenableFuture(AsyncRestClientProxy.java:145)
	at org.jclouds.rest.internal.AsyncRestClientProxy.invoke(AsyncRestClientProxy.java:126)
	at $Proxy83.getLaunchPermissionForImageInRegion(Unknown Source)
	at sun.reflect.NativeMethodAccessorImpl.invoke0(Native Method)
	at sun.reflect.NativeMethodAccessorImpl.invoke(NativeMethodAccessorImpl.java:39)
	at sun.reflect.DelegatingMethodAccessorImpl.invoke(DelegatingMethodAccessorImpl.java:25)
	at java.lang.reflect.Method.invoke(Method.java:597)
	at org.jclouds.concurrent.internal.SyncProxy.invoke(SyncProxy.java:137)
	at $Proxy84.getLaunchPermissionForImageInRegion(Unknown Source)
	at org.jclouds.aws.ec2.services.AWSAMIClientLiveTest.testGetLaunchPermissionForImage(AWSAMIClientLiveTest.java:195)
	at sun.reflect.NativeMethodAccessorImpl.invoke0(Native Method)
	at sun.reflect.NativeMethodAccessorImpl.invoke(NativeMethodAccessorImpl.java:39)
	at sun.reflect.DelegatingMethodAccessorImpl.invoke(DelegatingMethodAccessorImpl.java:25)
	at java.lang.reflect.Method.invoke(Method.java:597)
	at org.testng.internal.MethodInvocationHelper.invokeMethod(MethodInvocationHelper.java:76)
	at org.testng.internal.Invoker.invokeMethod(Invoker.java:673)
	... 14 more
Caused by: java.lang.NullPointerException: ImageId
	at com.google.common.base.Preconditions.checkNotNull(Preconditions.java:204)
	at org.jclouds.rest.internal.RestAnnotationProcessor.getFormParamKeyValues(RestAnnotationProcessor.java:1239)
	at org.jclouds.rest.internal.RestAnnotationProcessor.addFormParams(RestAnnotationProcessor.java:612)
	at org.jclouds.rest.internal.RestAnnotationProcessor.createRequest(RestAnnotationProcessor.java:445)
	at org.jclouds.rest.internal.AsyncRestClientProxy.createListenableFuture(AsyncRestClientProxy.java:145)
	at org.jclouds.rest.internal.AsyncRestClientProxy.invoke(AsyncRestClientProxy.java:126)
	at $Proxy83.getLaunchPermissionForImageInRegion(Unknown Source)
	at sun.reflect.NativeMethodAccessorImpl.invoke0(Native Method)
	at sun.reflect.NativeMethodAccessorImpl.invoke(NativeMethodAccessorImpl.java:39)
	at sun.reflect.DelegatingMethodAccessorImpl.invoke(DelegatingMethodAccessorImpl.java:25)
	at java.lang.reflect.Method.invoke(Method.java:597)
	at org.jclouds.concurrent.internal.SyncProxy.invoke(SyncProxy.java:137)
	at $Proxy84.getLaunchPermissionForImageInRegion(Unknown Source)
	at org.jclouds.aws.ec2.services.AWSAMIClientLiveTest.testGetLaunchPermissionForImage(AWSAMIClientLiveTest.java:195)
	at sun.reflect.NativeMethodAccessorImpl.invoke0(Native Method)
	at sun.reflect.NativeMethodAccessorImpl.invoke(NativeMethodAccessorImpl.java:39)
	at sun.reflect.DelegatingMethodAccessorImpl.invoke(DelegatingMethodAccessorImpl.java:25)
	at java.lang.reflect.Method.invoke(Method.java:597)
	at org.testng.internal.MethodInvocationHelper.invokeMethod(MethodInvocationHelper.java:76)
	at org.testng.internal.Invoker.invokeMethod(Invoker.java:673)
	... 14 more
testGetProductCodesForImage(org.jclouds.aws.ec2.services.AWSAMIClientLiveTest)  Time elapsed: 0 sec  <<< FAILURE!
org.testng.TestException: 
Expected exception org.jclouds.rest.AuthorizationException but got java.lang.NullPointerException: ImageId
	at org.testng.internal.Invoker.handleInvocationResults(Invoker.java:1416)
	at org.testng.internal.Invoker.invokeMethod(Invoker.java:722)
	at org.testng.internal.Invoker.invokeTestMethod(Invoker.java:846)
	at org.testng.internal.Invoker.invokeTestMethods(Invoker.java:1170)
	at org.testng.internal.TestMethodWorker.invokeTestMethods(TestMethodWorker.java:125)
	at org.testng.internal.TestMethodWorker.run(TestMethodWorker.java:109)
	at org.testng.TestRunner.runWorkers(TestRunner.java:1147)
	at org.testng.TestRunner.privateRun(TestRunner.java:749)
	at org.testng.TestRunner.run(TestRunner.java:600)
	at org.testng.SuiteRunner.runTest(SuiteRunner.java:317)
	at org.testng.SuiteRunner.access$000(SuiteRunner.java:34)
	at org.testng.SuiteRunner$SuiteWorker.run(SuiteRunner.java:351)
	at org.testng.internal.thread.ThreadUtil$CountDownLatchedRunnable.run(ThreadUtil.java:147)
	at java.util.concurrent.ThreadPoolExecutor$Worker.runTask(ThreadPoolExecutor.java:886)
	at java.util.concurrent.ThreadPoolExecutor$Worker.run(ThreadPoolExecutor.java:908)
	at java.lang.Thread.run(Thread.java:680)
Caused by: java.lang.NullPointerException: ImageId
	at com.google.common.base.Preconditions.checkNotNull(Preconditions.java:204)
	at org.jclouds.rest.internal.RestAnnotationProcessor.getFormParamKeyValues(RestAnnotationProcessor.java:1239)
	at org.jclouds.rest.internal.RestAnnotationProcessor.addFormParams(RestAnnotationProcessor.java:612)
	at org.jclouds.rest.internal.RestAnnotationProcessor.createRequest(RestAnnotationProcessor.java:445)
	at org.jclouds.rest.internal.AsyncRestClientProxy.createListenableFuture(AsyncRestClientProxy.java:145)
	at org.jclouds.rest.internal.AsyncRestClientProxy.invoke(AsyncRestClientProxy.java:126)
	at $Proxy83.getProductCodesForImageInRegion(Unknown Source)
	at sun.reflect.NativeMethodAccessorImpl.invoke0(Native Method)
	at sun.reflect.NativeMethodAccessorImpl.invoke(NativeMethodAccessorImpl.java:39)
	at sun.reflect.DelegatingMethodAccessorImpl.invoke(DelegatingMethodAccessorImpl.java:25)
	at java.lang.reflect.Method.invoke(Method.java:597)
	at org.jclouds.concurrent.internal.SyncProxy.invoke(SyncProxy.java:137)
	at $Proxy84.getProductCodesForImageInRegion(Unknown Source)
	at org.jclouds.aws.ec2.services.AWSAMIClientLiveTest.testGetProductCodesForImage(AWSAMIClientLiveTest.java:200)
	at sun.reflect.NativeMethodAccessorImpl.invoke0(Native Method)
	at sun.reflect.NativeMethodAccessorImpl.invoke(NativeMethodAccessorImpl.java:39)
	at sun.reflect.DelegatingMethodAccessorImpl.invoke(DelegatingMethodAccessorImpl.java:25)
	at java.lang.reflect.Method.invoke(Method.java:597)
	at org.testng.internal.MethodInvocationHelper.invokeMethod(MethodInvocationHelper.java:76)
	at org.testng.internal.Invoker.invokeMethod(Invoker.java:673)
	... 14 more
Caused by: java.lang.NullPointerException: ImageId
	at com.google.common.base.Preconditions.checkNotNull(Preconditions.java:204)
	at org.jclouds.rest.internal.RestAnnotationProcessor.getFormParamKeyValues(RestAnnotationProcessor.java:1239)
	at org.jclouds.rest.internal.RestAnnotationProcessor.addFormParams(RestAnnotationProcessor.java:612)
	at org.jclouds.rest.internal.RestAnnotationProcessor.createRequest(RestAnnotationProcessor.java:445)
	at org.jclouds.rest.internal.AsyncRestClientProxy.createListenableFuture(AsyncRestClientProxy.java:145)
	at org.jclouds.rest.internal.AsyncRestClientProxy.invoke(AsyncRestClientProxy.java:126)
	at $Proxy83.getProductCodesForImageInRegion(Unknown Source)
	at sun.reflect.NativeMethodAccessorImpl.invoke0(Native Method)
	at sun.reflect.NativeMethodAccessorImpl.invoke(NativeMethodAccessorImpl.java:39)
	at sun.reflect.DelegatingMethodAccessorImpl.invoke(DelegatingMethodAccessorImpl.java:25)
	at java.lang.reflect.Method.invoke(Method.java:597)
	at org.jclouds.concurrent.internal.SyncProxy.invoke(SyncProxy.java:137)
	at $Proxy84.getProductCodesForImageInRegion(Unknown Source)
	at org.jclouds.aws.ec2.services.AWSAMIClientLiveTest.testGetProductCodesForImage(AWSAMIClientLiveTest.java:200)
	at sun.reflect.NativeMethodAccessorImpl.invoke0(Native Method)
	at sun.reflect.NativeMethodAccessorImpl.invoke(NativeMethodAccessorImpl.java:39)
	at sun.reflect.DelegatingMethodAccessorImpl.invoke(DelegatingMethodAccessorImpl.java:25)
	at java.lang.reflect.Method.invoke(Method.java:597)
	at org.testng.internal.MethodInvocationHelper.invokeMethod(MethodInvocationHelper.java:76)
	at org.testng.internal.Invoker.invokeMethod(Invoker.java:673)
	... 14 more
testExtendedOptionsAndLogin(org.jclouds.aws.ec2.compute.AWSEC2ComputeServiceLiveTest)  Time elapsed: 28.963 sec  <<< FAILURE!
java.lang.AssertionError
	at org.jclouds.aws.ec2.compute.AWSEC2ComputeServiceLiveTest.testExtendedOptionsAndLogin(AWSEC2ComputeServiceLiveTest.java:163)
testCorrectAuthException(org.jclouds.aws.ec2.compute.AWSEC2ComputeServiceLiveTest)  Time elapsed: 18.692 sec  <<< FAILURE!
java.lang.OutOfMemoryError: Java heap space
	at java.util.Arrays.copyOf(Arrays.java:2882)
	at java.lang.AbstractStringBuilder.expandCapacity(AbstractStringBuilder.java:100)
	at java.lang.AbstractStringBuilder.append(AbstractStringBuilder.java:390)
	at java.lang.StringBuffer.append(StringBuffer.java:224)
	at org.apache.maven.surefire.util.internal.StringUtils.escapeJavaStyleString(StringUtils.java:766)
	at org.apache.maven.surefire.booter.ForkingRunListener.nullableEncoding(ForkingRunListener.java:300)
	at org.apache.maven.surefire.booter.ForkingRunListener.encode(ForkingRunListener.java:319)
	at org.apache.maven.surefire.booter.ForkingRunListener.toString(ForkingRunListener.java:252)
	at org.apache.maven.surefire.booter.ForkingRunListener.testFailed(ForkingRunListener.java:136)
	at org.apache.maven.surefire.testng.TestNGReporter.onTestFailure(TestNGReporter.java:105)
	at org.testng.internal.Invoker.runTestListeners(Invoker.java:1796)
	at org.testng.internal.Invoker.runTestListeners(Invoker.java:1780)
	at org.testng.internal.Invoker.invokeMethod(Invoker.java:749)
	at org.testng.internal.Invoker.invokeTestMethod(Invoker.java:846)
	at org.testng.internal.Invoker.invokeTestMethods(Invoker.java:1170)
	at org.testng.internal.TestMethodWorker.invokeTestMethods(TestMethodWorker.java:125)
	at org.testng.internal.TestMethodWorker.run(TestMethodWorker.java:109)
	at org.testng.TestRunner.runWorkers(TestRunner.java:1147)
	at org.testng.TestRunner.privateRun(TestRunner.java:749)
	at org.testng.TestRunner.run(TestRunner.java:600)
	at org.testng.SuiteRunner.runTest(SuiteRunner.java:317)
	at org.testng.SuiteRunner.access$000(SuiteRunner.java:34)
	at org.testng.SuiteRunner$SuiteWorker.run(SuiteRunner.java:351)
	at org.testng.internal.thread.ThreadUtil$CountDownLatchedRunnable.run(ThreadUtil.java:147)
	at java.util.concurrent.ThreadPoolExecutor$Worker.runTask(ThreadPoolExecutor.java:886)
	at java.util.concurrent.ThreadPoolExecutor$Worker.run(ThreadPoolExecutor.java:908)
	at java.lang.Thread.run(Thread.java:680)
