[INFO] Scanning for projects...
[WARNING] 
[WARNING] Some problems were encountered while building the effective model for org.jclouds.provider:bluelock-vcloud-zone01:bundle:1.3.0-SNAPSHOT
[WARNING] 'parent.relativePath' of POM org.jclouds:jclouds-project:1.3.0-SNAPSHOT (/Users/adriancole/workspace/git/jclouds/project/pom.xml) points at org.jclouds:jclouds-multi instead of org.sonatype.oss:oss-parent, please verify your project structure @ org.jclouds:jclouds-project:1.3.0-SNAPSHOT, /Users/adriancole/workspace/git/jclouds/project/pom.xml, line 24, column 13
[WARNING] 
[WARNING] It is highly recommended to fix these problems because they threaten the stability of your build.
[WARNING] 
[WARNING] For this reason, future Maven versions might no longer support building such malformed projects.
[WARNING] 
[INFO]                                                                         
[INFO] ------------------------------------------------------------------------
[INFO] Building jclouds Bluelock vCloud Zone01 provider 1.3.0-SNAPSHOT
[INFO] ------------------------------------------------------------------------
[INFO] 
[INFO] --- maven-clean-plugin:2.4.1:clean (default-clean) @ bluelock-vcloud-zone01 ---
[INFO] Deleting /Users/adriancole/workspace/git/jclouds/providers/bluelock-vcloud-zone01/target
[INFO] 
[INFO] --- maven-enforcer-plugin:1.0.1:enforce (enforce-maven) @ bluelock-vcloud-zone01 ---
[INFO] 
[INFO] --- maven-enforcer-plugin:1.0.1:enforce (enforce-banned-dependencies) @ bluelock-vcloud-zone01 ---
[INFO] 
[INFO] --- maven-enforcer-plugin:1.0.1:enforce (enforce-java) @ bluelock-vcloud-zone01 ---
[INFO] 
[INFO] --- maven-remote-resources-plugin:1.2:process (process-remote-resources) @ bluelock-vcloud-zone01 ---
[INFO] Setting property: classpath.resource.loader.class => 'org.codehaus.plexus.velocity.ContextClassLoaderResourceLoader'.
[INFO] Setting property: velocimacro.messages.on => 'false'.
[INFO] Setting property: resource.loader => 'classpath'.
[INFO] Setting property: resource.manager.logwhenfound => 'false'.
[INFO] 
[INFO] --- maven-resources-plugin:2.4.2:resources (default-resources) @ bluelock-vcloud-zone01 ---
[INFO] Using 'UTF-8' encoding to copy filtered resources.
[INFO] skip non existing resourceDirectory /Users/adriancole/workspace/git/jclouds/providers/bluelock-vcloud-zone01/src/main/clojure
[INFO] Copying 1 resource
[INFO] Copying 2 resources
[INFO] 
[INFO] --- maven-compiler-plugin:2.3:compile (default-compile) @ bluelock-vcloud-zone01 ---
[INFO] Compiling 4 source files to /Users/adriancole/workspace/git/jclouds/providers/bluelock-vcloud-zone01/target/classes
[INFO] 
[INFO] --- maven-resources-plugin:2.4.2:testResources (default-testResources) @ bluelock-vcloud-zone01 ---
[INFO] Using 'UTF-8' encoding to copy filtered resources.
[INFO] skip non existing resourceDirectory /Users/adriancole/workspace/git/jclouds/providers/bluelock-vcloud-zone01/src/test/clojure
[INFO] Copying 2 resources
[INFO] Copying 2 resources
[INFO] 
[INFO] --- maven-compiler-plugin:2.3:testCompile (default-testCompile) @ bluelock-vcloud-zone01 ---
[INFO] Compiling 11 source files to /Users/adriancole/workspace/git/jclouds/providers/bluelock-vcloud-zone01/target/test-classes
[INFO] 
[INFO] --- maven-surefire-plugin:2.10:test (default-test) @ bluelock-vcloud-zone01 ---
[INFO] Surefire report directory: /Users/adriancole/workspace/git/jclouds/providers/bluelock-vcloud-zone01/target/surefire-reports
[INFO] Using configured provider org.apache.maven.surefire.testng.TestNGProvider

-------------------------------------------------------
 T E S T S
-------------------------------------------------------
Running org.jclouds.bluelock.vcloud.zone01.BluelockVCloudZone01ProviderTest
Starting test testAllContains(org.jclouds.bluelock.vcloud.zone01.BluelockVCloudZone01ProviderTest)
[pool-2-thread-1] Test testAllContains(org.jclouds.bluelock.vcloud.zone01.BluelockVCloudZone01ProviderTest) succeeded: 28ms
Test suite progress: tests succeeded: 1, failed: 0, skipped: 0.
Starting test testOfTypeContains(org.jclouds.bluelock.vcloud.zone01.BluelockVCloudZone01ProviderTest)
Starting test testInRestProperties(org.jclouds.bluelock.vcloud.zone01.BluelockVCloudZone01ProviderTest)
Starting test testWithId(org.jclouds.bluelock.vcloud.zone01.BluelockVCloudZone01ProviderTest)
[pool-2-thread-4] Test testWithId(org.jclouds.bluelock.vcloud.zone01.BluelockVCloudZone01ProviderTest) succeeded: 8ms
Test suite progress: tests succeeded: 2, failed: 0, skipped: 0.
[pool-2-thread-3] Test testOfTypeContains(org.jclouds.bluelock.vcloud.zone01.BluelockVCloudZone01ProviderTest) succeeded: 27ms
Test suite progress: tests succeeded: 3, failed: 0, skipped: 0.
[pool-2-thread-2] Test testInRestProperties(org.jclouds.bluelock.vcloud.zone01.BluelockVCloudZone01ProviderTest) succeeded: 69ms
Test suite progress: tests succeeded: 4, failed: 0, skipped: 0.
Tests run: 4, Failures: 0, Errors: 0, Skipped: 0, Time elapsed: 0.477 sec

Results :

Tests run: 4, Failures: 0, Errors: 0, Skipped: 0

[INFO] 
[INFO] --- clojure-maven-plugin:1.3.8:test (test-clojure) @ bluelock-vcloud-zone01 ---

Testing com.theoryinpractise.clojure.testrunner

Ran 0 tests containing 0 assertions.
0 failures, 0 errors.
[INFO] 
[INFO] --- maven-bundle-plugin:2.3.4:bundle (default-bundle) @ bluelock-vcloud-zone01 ---
[INFO] 
[INFO] --- maven-source-plugin:2.1.1:jar-no-fork (attach-sources) @ bluelock-vcloud-zone01 ---
[INFO] Building jar: /Users/adriancole/workspace/git/jclouds/providers/bluelock-vcloud-zone01/target/bluelock-vcloud-zone01-1.3.0-SNAPSHOT-sources.jar
[INFO] 
[INFO] --- maven-javadoc-plugin:2.8:jar (javadoc) @ bluelock-vcloud-zone01 ---
[INFO] Skipping javadoc generation
[INFO] 
[INFO] --- maven-jar-plugin:2.3.1:test-jar (default) @ bluelock-vcloud-zone01 ---
[INFO] Building jar: /Users/adriancole/workspace/git/jclouds/providers/bluelock-vcloud-zone01/target/bluelock-vcloud-zone01-1.3.0-SNAPSHOT-tests.jar
[INFO] 
[INFO] --- maven-surefire-plugin:2.10:test (integration) @ bluelock-vcloud-zone01 ---
[INFO] Surefire report directory: /Users/adriancole/workspace/git/jclouds/providers/bluelock-vcloud-zone01/target/surefire-reports
[INFO] Using configured provider org.apache.maven.surefire.testng.TestNGProvider

-------------------------------------------------------
 T E S T S
-------------------------------------------------------
Running TestSuite
Starting test testListOrgs(org.jclouds.bluelock.vcloud.zone01.features.BluelockVCloudZone01OrgClientLiveTest)
[TestNG] Test testListOrgs(org.jclouds.bluelock.vcloud.zone01.features.BluelockVCloudZone01OrgClientLiveTest) succeeded: 2137ms
Test suite progress: tests succeeded: 1, failed: 0, skipped: 0.
Starting test testFindCatalogIsWriteable(org.jclouds.bluelock.vcloud.zone01.features.BluelockVCloudZone01CatalogClientLiveTest)
[TestNG] Test testFindCatalogIsWriteable(org.jclouds.bluelock.vcloud.zone01.features.BluelockVCloudZone01CatalogClientLiveTest) succeeded: 662ms
Test suite progress: tests succeeded: 2, failed: 0, skipped: 0.
Starting test testGetCatalog(org.jclouds.bluelock.vcloud.zone01.features.BluelockVCloudZone01CatalogClientLiveTest)
[TestNG] Test testGetCatalog(org.jclouds.bluelock.vcloud.zone01.features.BluelockVCloudZone01CatalogClientLiveTest) succeeded: 2053ms
Test suite progress: tests succeeded: 3, failed: 0, skipped: 0.
Starting test testCompareSizes(org.jclouds.bluelock.vcloud.zone01.compute.BluelockVCloudZone01TemplateBuilderLiveTest)
Starting test testCompareSizes(org.jclouds.bluelock.vcloud.zone01.compute.BluelockVCloudZone01ComputeServiceLiveTest)
Starting test testCaptureVApp(org.jclouds.bluelock.vcloud.zone01.features.BluelockVCloudZone01VAppTemplateClientLiveTest)
Starting test testGetVApp(org.jclouds.bluelock.vcloud.zone01.features.BluelockVCloudZone01VAppClientLiveTest)
Starting test testExtendedOptionsWithCustomizationScript(org.jclouds.bluelock.vcloud.zone01.features.BluelockVCloudZone01VmClientLiveTest)
[TestNG] Test testGetVApp(org.jclouds.bluelock.vcloud.zone01.features.BluelockVCloudZone01VAppClientLiveTest) succeeded: 1969ms
Test suite progress: tests succeeded: 4, failed: 0, skipped: 0.
smallest [id=https://zone01.bluelock.com/api/v1.0/vAppTemplate/vappTemplate-1884497273, providerId=https://zone01.bluelock.com/api/v1.0/vAppTemplate/vappTemplate-1884497273, name=OS-Ubuntu10.04_x64, processors=[[cores=1.0, speed=1.0]], ram=512, volumes=[[id=0, type=LOCAL, size=30.0, device=null, durable=true, isBootDevice=true]], supportsImage=idEquals(https://zone01.bluelock.com/api/v1.0/vAppTemplate/vappTemplate-1884497273), tags=[]]
fastest [id=https://zone01.bluelock.com/api/v1.0/vAppTemplate/vappTemplate-1884497273, providerId=https://zone01.bluelock.com/api/v1.0/vAppTemplate/vappTemplate-1884497273, name=OS-Ubuntu10.04_x64, processors=[[cores=1.0, speed=1.0]], ram=512, volumes=[[id=0, type=LOCAL, size=30.0, device=null, durable=true, isBootDevice=true]], supportsImage=idEquals(https://zone01.bluelock.com/api/v1.0/vAppTemplate/vappTemplate-1884497273), tags=[]]
biggest [id=https://zone01.bluelock.com/api/v1.0/vAppTemplate/vappTemplate-1884497273, providerId=https://zone01.bluelock.com/api/v1.0/vAppTemplate/vappTemplate-1884497273, name=OS-Ubuntu10.04_x64, processors=[[cores=1.0, speed=1.0]], ram=512, volumes=[[id=0, type=LOCAL, size=30.0, device=null, durable=true, isBootDevice=true]], supportsImage=idEquals(https://zone01.bluelock.com/api/v1.0/vAppTemplate/vappTemplate-1884497273), tags=[]]
[TestNG] Test testCompareSizes(org.jclouds.bluelock.vcloud.zone01.compute.BluelockVCloudZone01TemplateBuilderLiveTest) succeeded: 11107ms
Test suite progress: tests succeeded: 5, failed: 0, skipped: 0.
Starting test testFromTemplate(org.jclouds.bluelock.vcloud.zone01.compute.BluelockVCloudZone01TemplateBuilderLiveTest)
[TestNG] Test testFromTemplate(org.jclouds.bluelock.vcloud.zone01.compute.BluelockVCloudZone01TemplateBuilderLiveTest) succeeded: 1ms
Test suite progress: tests succeeded: 6, failed: 0, skipped: 0.
Starting test testGetAssignableLocations(org.jclouds.bluelock.vcloud.zone01.compute.BluelockVCloudZone01TemplateBuilderLiveTest)
location [id=https://zone01.bluelock.com/api/v1.0/vdc/480447969, scope=ZONE, description=Cluster01-Jclouds, parent=https://zone01.bluelock.com/api/v1.0/org/1484502809, iso3166Codes=[], metadata={}]
[TestNG] Test testGetAssignableLocations(org.jclouds.bluelock.vcloud.zone01.compute.BluelockVCloudZone01TemplateBuilderLiveTest) succeeded: 1ms
Test suite progress: tests succeeded: 7, failed: 0, skipped: 0.
Starting test testTemplateBuilderCanFind(org.jclouds.bluelock.vcloud.zone01.compute.BluelockVCloudZone01TemplateBuilderLiveTest)
[TestNG] Test testTemplateBuilderCanFind(org.jclouds.bluelock.vcloud.zone01.compute.BluelockVCloudZone01TemplateBuilderLiveTest) succeeded: 0ms
Test suite progress: tests succeeded: 8, failed: 0, skipped: 0.
Starting test testTemplateBuilderCanUseImageId(org.jclouds.bluelock.vcloud.zone01.compute.BluelockVCloudZone01TemplateBuilderLiveTest)
Jan 15, 2012 3:27:56 AM org.jclouds.compute.BaseComputeServiceLiveTest testCompareSizes
INFO: smallest [id=https://zone01.bluelock.com/api/v1.0/vAppTemplate/vappTemplate-1884497273, providerId=https://zone01.bluelock.com/api/v1.0/vAppTemplate/vappTemplate-1884497273, name=OS-Ubuntu10.04_x64, processors=[[cores=1.0, speed=1.0]], ram=512, volumes=[[id=0, type=LOCAL, size=30.0, device=null, durable=true, isBootDevice=true]], supportsImage=idEquals(https://zone01.bluelock.com/api/v1.0/vAppTemplate/vappTemplate-1884497273), tags=[]]
Jan 15, 2012 3:27:56 AM org.jclouds.compute.BaseComputeServiceLiveTest testCompareSizes
INFO: fastest [id=https://zone01.bluelock.com/api/v1.0/vAppTemplate/vappTemplate-1884497273, providerId=https://zone01.bluelock.com/api/v1.0/vAppTemplate/vappTemplate-1884497273, name=OS-Ubuntu10.04_x64, processors=[[cores=1.0, speed=1.0]], ram=512, volumes=[[id=0, type=LOCAL, size=30.0, device=null, durable=true, isBootDevice=true]], supportsImage=idEquals(https://zone01.bluelock.com/api/v1.0/vAppTemplate/vappTemplate-1884497273), tags=[]]
Jan 15, 2012 3:27:56 AM org.jclouds.compute.BaseComputeServiceLiveTest testCompareSizes
INFO: biggest [id=https://zone01.bluelock.com/api/v1.0/vAppTemplate/vappTemplate-1884497273, providerId=https://zone01.bluelock.com/api/v1.0/vAppTemplate/vappTemplate-1884497273, name=OS-Ubuntu10.04_x64, processors=[[cores=1.0, speed=1.0]], ram=512, volumes=[[id=0, type=LOCAL, size=30.0, device=null, durable=true, isBootDevice=true]], supportsImage=idEquals(https://zone01.bluelock.com/api/v1.0/vAppTemplate/vappTemplate-1884497273), tags=[]]
[TestNG] Test testCompareSizes(org.jclouds.bluelock.vcloud.zone01.compute.BluelockVCloudZone01ComputeServiceLiveTest) succeeded: 11272ms
Test suite progress: tests succeeded: 9, failed: 0, skipped: 0.
Starting test testCorrectAuthException(org.jclouds.bluelock.vcloud.zone01.compute.BluelockVCloudZone01ComputeServiceLiveTest)
[TestNG] Test testCorrectAuthException(org.jclouds.bluelock.vcloud.zone01.compute.BluelockVCloudZone01ComputeServiceLiveTest) succeeded: 6601ms
Test suite progress: tests succeeded: 10, failed: 0, skipped: 0.
Starting test testCreateAndRunAService(org.jclouds.bluelock.vcloud.zone01.compute.BluelockVCloudZone01ComputeServiceLiveTest)
[TestNG] Test testTemplateBuilderCanUseImageId(org.jclouds.bluelock.vcloud.zone01.compute.BluelockVCloudZone01TemplateBuilderLiveTest) succeeded: 13587ms
Test suite progress: tests succeeded: 11, failed: 0, skipped: 0.
Starting test testTemplateBuilderCannotFind(org.jclouds.bluelock.vcloud.zone01.compute.BluelockVCloudZone01TemplateBuilderLiveTest)
[TestNG] Test testTemplateBuilderCannotFind(org.jclouds.bluelock.vcloud.zone01.compute.BluelockVCloudZone01TemplateBuilderLiveTest) succeeded: 4ms
Test suite progress: tests succeeded: 12, failed: 0, skipped: 0.
Starting test testTemplateBuilderCannotFind(org.jclouds.bluelock.vcloud.zone01.compute.BluelockVCloudZone01TemplateBuilderLiveTest)
[TestNG] Test testTemplateBuilderCannotFind(org.jclouds.bluelock.vcloud.zone01.compute.BluelockVCloudZone01TemplateBuilderLiveTest) succeeded: 1ms
Test suite progress: tests succeeded: 13, failed: 0, skipped: 0.
Starting test testTemplateBuilderCannotFind(org.jclouds.bluelock.vcloud.zone01.compute.BluelockVCloudZone01TemplateBuilderLiveTest)
[TestNG] Test testTemplateBuilderCannotFind(org.jclouds.bluelock.vcloud.zone01.compute.BluelockVCloudZone01TemplateBuilderLiveTest) succeeded: 1ms
Test suite progress: tests succeeded: 14, failed: 0, skipped: 0.
Starting test testTemplateBuilderCannotFind(org.jclouds.bluelock.vcloud.zone01.compute.BluelockVCloudZone01TemplateBuilderLiveTest)
[TestNG] Test testTemplateBuilderCannotFind(org.jclouds.bluelock.vcloud.zone01.compute.BluelockVCloudZone01TemplateBuilderLiveTest) succeeded: 1ms
Test suite progress: tests succeeded: 15, failed: 0, skipped: 0.
Starting test testTemplateBuilderCannotFind(org.jclouds.bluelock.vcloud.zone01.compute.BluelockVCloudZone01TemplateBuilderLiveTest)
[TestNG] Test testTemplateBuilderCannotFind(org.jclouds.bluelock.vcloud.zone01.compute.BluelockVCloudZone01TemplateBuilderLiveTest) succeeded: 0ms
Test suite progress: tests succeeded: 16, failed: 0, skipped: 0.
Starting test testTemplateBuilderCannotFind(org.jclouds.bluelock.vcloud.zone01.compute.BluelockVCloudZone01TemplateBuilderLiveTest)
[TestNG] Test testTemplateBuilderCannotFind(org.jclouds.bluelock.vcloud.zone01.compute.BluelockVCloudZone01TemplateBuilderLiveTest) succeeded: 1ms
Test suite progress: tests succeeded: 17, failed: 0, skipped: 0.
Starting test testTemplateBuilderCannotFind(org.jclouds.bluelock.vcloud.zone01.compute.BluelockVCloudZone01TemplateBuilderLiveTest)
[TestNG] Test testTemplateBuilderCannotFind(org.jclouds.bluelock.vcloud.zone01.compute.BluelockVCloudZone01TemplateBuilderLiveTest) succeeded: 0ms
Test suite progress: tests succeeded: 18, failed: 0, skipped: 0.
Starting test testTemplateBuilderCannotFind(org.jclouds.bluelock.vcloud.zone01.compute.BluelockVCloudZone01TemplateBuilderLiveTest)
[TestNG] Test testTemplateBuilderCannotFind(org.jclouds.bluelock.vcloud.zone01.compute.BluelockVCloudZone01TemplateBuilderLiveTest) succeeded: 2ms
Test suite progress: tests succeeded: 19, failed: 0, skipped: 0.
Starting test testTemplateBuilderCannotFind(org.jclouds.bluelock.vcloud.zone01.compute.BluelockVCloudZone01TemplateBuilderLiveTest)
[TestNG] Test testTemplateBuilderCannotFind(org.jclouds.bluelock.vcloud.zone01.compute.BluelockVCloudZone01TemplateBuilderLiveTest) succeeded: 14ms
Test suite progress: tests succeeded: 20, failed: 0, skipped: 0.
Starting test testTemplateBuilderCannotFind(org.jclouds.bluelock.vcloud.zone01.compute.BluelockVCloudZone01TemplateBuilderLiveTest)
[TestNG] Test testTemplateBuilderCannotFind(org.jclouds.bluelock.vcloud.zone01.compute.BluelockVCloudZone01TemplateBuilderLiveTest) succeeded: 1ms
Test suite progress: tests succeeded: 21, failed: 0, skipped: 0.
Starting test testTemplateBuilderCannotFind(org.jclouds.bluelock.vcloud.zone01.compute.BluelockVCloudZone01TemplateBuilderLiveTest)
[TestNG] Test testTemplateBuilderCannotFind(org.jclouds.bluelock.vcloud.zone01.compute.BluelockVCloudZone01TemplateBuilderLiveTest) succeeded: 1ms
Test suite progress: tests succeeded: 22, failed: 0, skipped: 0.
Starting test testTemplateBuilderCannotFind(org.jclouds.bluelock.vcloud.zone01.compute.BluelockVCloudZone01TemplateBuilderLiveTest)
[TestNG] Test testTemplateBuilderCannotFind(org.jclouds.bluelock.vcloud.zone01.compute.BluelockVCloudZone01TemplateBuilderLiveTest) succeeded: 0ms
Test suite progress: tests succeeded: 23, failed: 0, skipped: 0.
Starting test testTemplateBuilderCannotFind(org.jclouds.bluelock.vcloud.zone01.compute.BluelockVCloudZone01TemplateBuilderLiveTest)
[TestNG] Test testTemplateBuilderCannotFind(org.jclouds.bluelock.vcloud.zone01.compute.BluelockVCloudZone01TemplateBuilderLiveTest) succeeded: 1ms
Test suite progress: tests succeeded: 24, failed: 0, skipped: 0.
Starting test testTemplateBuilderCannotFind(org.jclouds.bluelock.vcloud.zone01.compute.BluelockVCloudZone01TemplateBuilderLiveTest)
[TestNG] Test testTemplateBuilderCannotFind(org.jclouds.bluelock.vcloud.zone01.compute.BluelockVCloudZone01TemplateBuilderLiveTest) succeeded: 15ms
Test suite progress: tests succeeded: 25, failed: 0, skipped: 0.
Starting test testTemplateBuilderCannotFind(org.jclouds.bluelock.vcloud.zone01.compute.BluelockVCloudZone01TemplateBuilderLiveTest)
[TestNG] Test testTemplateBuilderCannotFind(org.jclouds.bluelock.vcloud.zone01.compute.BluelockVCloudZone01TemplateBuilderLiveTest) succeeded: 1ms
Test suite progress: tests succeeded: 26, failed: 0, skipped: 0.
Starting test testTemplateBuilderCannotFind(org.jclouds.bluelock.vcloud.zone01.compute.BluelockVCloudZone01TemplateBuilderLiveTest)
[TestNG] Test testTemplateBuilderCannotFind(org.jclouds.bluelock.vcloud.zone01.compute.BluelockVCloudZone01TemplateBuilderLiveTest) succeeded: 1ms
Test suite progress: tests succeeded: 27, failed: 0, skipped: 0.
Starting test testTemplateBuilderCannotFind(org.jclouds.bluelock.vcloud.zone01.compute.BluelockVCloudZone01TemplateBuilderLiveTest)
[TestNG] Test testTemplateBuilderCannotFind(org.jclouds.bluelock.vcloud.zone01.compute.BluelockVCloudZone01TemplateBuilderLiveTest) succeeded: 0ms
Test suite progress: tests succeeded: 28, failed: 0, skipped: 0.
Starting test testTemplateBuilderCannotFind(org.jclouds.bluelock.vcloud.zone01.compute.BluelockVCloudZone01TemplateBuilderLiveTest)
[TestNG] Test testTemplateBuilderCannotFind(org.jclouds.bluelock.vcloud.zone01.compute.BluelockVCloudZone01TemplateBuilderLiveTest) succeeded: 1ms
Test suite progress: tests succeeded: 29, failed: 0, skipped: 0.
Starting test testTemplateBuilderCannotFind(org.jclouds.bluelock.vcloud.zone01.compute.BluelockVCloudZone01TemplateBuilderLiveTest)
[TestNG] Test testTemplateBuilderCannotFind(org.jclouds.bluelock.vcloud.zone01.compute.BluelockVCloudZone01TemplateBuilderLiveTest) succeeded: 0ms
Test suite progress: tests succeeded: 30, failed: 0, skipped: 0.
Starting test testTemplateBuilderCannotFind(org.jclouds.bluelock.vcloud.zone01.compute.BluelockVCloudZone01TemplateBuilderLiveTest)
[TestNG] Test testTemplateBuilderCannotFind(org.jclouds.bluelock.vcloud.zone01.compute.BluelockVCloudZone01TemplateBuilderLiveTest) succeeded: 1ms
Test suite progress: tests succeeded: 31, failed: 0, skipped: 0.
Starting test testTemplateBuilderCannotFind(org.jclouds.bluelock.vcloud.zone01.compute.BluelockVCloudZone01TemplateBuilderLiveTest)
[TestNG] Test testTemplateBuilderCannotFind(org.jclouds.bluelock.vcloud.zone01.compute.BluelockVCloudZone01TemplateBuilderLiveTest) succeeded: 5ms
Test suite progress: tests succeeded: 32, failed: 0, skipped: 0.
Starting test testTemplateBuilderCannotFind(org.jclouds.bluelock.vcloud.zone01.compute.BluelockVCloudZone01TemplateBuilderLiveTest)
[TestNG] Test testTemplateBuilderCannotFind(org.jclouds.bluelock.vcloud.zone01.compute.BluelockVCloudZone01TemplateBuilderLiveTest) succeeded: 0ms
Test suite progress: tests succeeded: 33, failed: 0, skipped: 0.
Starting test testTemplateBuilderCannotFind(org.jclouds.bluelock.vcloud.zone01.compute.BluelockVCloudZone01TemplateBuilderLiveTest)
[TestNG] Test testTemplateBuilderCannotFind(org.jclouds.bluelock.vcloud.zone01.compute.BluelockVCloudZone01TemplateBuilderLiveTest) succeeded: 1ms
Test suite progress: tests succeeded: 34, failed: 0, skipped: 0.
Starting test testTemplateBuilderCannotFind(org.jclouds.bluelock.vcloud.zone01.compute.BluelockVCloudZone01TemplateBuilderLiveTest)
[TestNG] Test testTemplateBuilderCannotFind(org.jclouds.bluelock.vcloud.zone01.compute.BluelockVCloudZone01TemplateBuilderLiveTest) succeeded: 0ms
Test suite progress: tests succeeded: 35, failed: 0, skipped: 0.
Starting test testTemplateBuilderCannotFind(org.jclouds.bluelock.vcloud.zone01.compute.BluelockVCloudZone01TemplateBuilderLiveTest)
[TestNG] Test testTemplateBuilderCannotFind(org.jclouds.bluelock.vcloud.zone01.compute.BluelockVCloudZone01TemplateBuilderLiveTest) succeeded: 1ms
Test suite progress: tests succeeded: 36, failed: 0, skipped: 0.
Starting test testTemplateBuilderCannotFind(org.jclouds.bluelock.vcloud.zone01.compute.BluelockVCloudZone01TemplateBuilderLiveTest)
[TestNG] Test testTemplateBuilderCannotFind(org.jclouds.bluelock.vcloud.zone01.compute.BluelockVCloudZone01TemplateBuilderLiveTest) succeeded: 0ms
Test suite progress: tests succeeded: 37, failed: 0, skipped: 0.
Starting test testTemplateBuilderCannotFind(org.jclouds.bluelock.vcloud.zone01.compute.BluelockVCloudZone01TemplateBuilderLiveTest)
[TestNG] Test testTemplateBuilderCannotFind(org.jclouds.bluelock.vcloud.zone01.compute.BluelockVCloudZone01TemplateBuilderLiveTest) succeeded: 1ms
Test suite progress: tests succeeded: 38, failed: 0, skipped: 0.
Starting test testTemplateBuilderCannotFind(org.jclouds.bluelock.vcloud.zone01.compute.BluelockVCloudZone01TemplateBuilderLiveTest)
[TestNG] Test testTemplateBuilderCannotFind(org.jclouds.bluelock.vcloud.zone01.compute.BluelockVCloudZone01TemplateBuilderLiveTest) succeeded: 0ms
Test suite progress: tests succeeded: 39, failed: 0, skipped: 0.
Starting test testTemplateBuilderCannotFind(org.jclouds.bluelock.vcloud.zone01.compute.BluelockVCloudZone01TemplateBuilderLiveTest)
[TestNG] Test testTemplateBuilderCannotFind(org.jclouds.bluelock.vcloud.zone01.compute.BluelockVCloudZone01TemplateBuilderLiveTest) succeeded: 1ms
Test suite progress: tests succeeded: 40, failed: 0, skipped: 0.
Starting test testTemplateBuilderCannotFind(org.jclouds.bluelock.vcloud.zone01.compute.BluelockVCloudZone01TemplateBuilderLiveTest)
[TestNG] Test testTemplateBuilderCannotFind(org.jclouds.bluelock.vcloud.zone01.compute.BluelockVCloudZone01TemplateBuilderLiveTest) succeeded: 0ms
Test suite progress: tests succeeded: 41, failed: 0, skipped: 0.
Starting test testTemplateBuilderCannotFind(org.jclouds.bluelock.vcloud.zone01.compute.BluelockVCloudZone01TemplateBuilderLiveTest)
[TestNG] Test testTemplateBuilderCannotFind(org.jclouds.bluelock.vcloud.zone01.compute.BluelockVCloudZone01TemplateBuilderLiveTest) succeeded: 1ms
Test suite progress: tests succeeded: 42, failed: 0, skipped: 0.
Starting test testTemplateBuilderCannotFind(org.jclouds.bluelock.vcloud.zone01.compute.BluelockVCloudZone01TemplateBuilderLiveTest)
[TestNG] Test testTemplateBuilderCannotFind(org.jclouds.bluelock.vcloud.zone01.compute.BluelockVCloudZone01TemplateBuilderLiveTest) succeeded: 9ms
Test suite progress: tests succeeded: 43, failed: 0, skipped: 0.
Starting test testTemplateBuilderCannotFind(org.jclouds.bluelock.vcloud.zone01.compute.BluelockVCloudZone01TemplateBuilderLiveTest)
[TestNG] Test testTemplateBuilderCannotFind(org.jclouds.bluelock.vcloud.zone01.compute.BluelockVCloudZone01TemplateBuilderLiveTest) succeeded: 1ms
Test suite progress: tests succeeded: 44, failed: 0, skipped: 0.
Starting test testTemplateBuilderCannotFind(org.jclouds.bluelock.vcloud.zone01.compute.BluelockVCloudZone01TemplateBuilderLiveTest)
[TestNG] Test testTemplateBuilderCannotFind(org.jclouds.bluelock.vcloud.zone01.compute.BluelockVCloudZone01TemplateBuilderLiveTest) succeeded: 1ms
Test suite progress: tests succeeded: 45, failed: 0, skipped: 0.
Starting test testTemplateBuilderCannotFind(org.jclouds.bluelock.vcloud.zone01.compute.BluelockVCloudZone01TemplateBuilderLiveTest)
[TestNG] Test testTemplateBuilderCannotFind(org.jclouds.bluelock.vcloud.zone01.compute.BluelockVCloudZone01TemplateBuilderLiveTest) succeeded: 1ms
Test suite progress: tests succeeded: 46, failed: 0, skipped: 0.
Starting test testTemplateBuilderCannotFind(org.jclouds.bluelock.vcloud.zone01.compute.BluelockVCloudZone01TemplateBuilderLiveTest)
[TestNG] Test testTemplateBuilderCannotFind(org.jclouds.bluelock.vcloud.zone01.compute.BluelockVCloudZone01TemplateBuilderLiveTest) succeeded: 1ms
Test suite progress: tests succeeded: 47, failed: 0, skipped: 0.
Starting test testTemplateBuilderCannotFind(org.jclouds.bluelock.vcloud.zone01.compute.BluelockVCloudZone01TemplateBuilderLiveTest)
[TestNG] Test testTemplateBuilderCannotFind(org.jclouds.bluelock.vcloud.zone01.compute.BluelockVCloudZone01TemplateBuilderLiveTest) succeeded: 0ms
Test suite progress: tests succeeded: 48, failed: 0, skipped: 0.
Starting test testTemplateBuilderCannotFind(org.jclouds.bluelock.vcloud.zone01.compute.BluelockVCloudZone01TemplateBuilderLiveTest)
[TestNG] Test testTemplateBuilderCannotFind(org.jclouds.bluelock.vcloud.zone01.compute.BluelockVCloudZone01TemplateBuilderLiveTest) succeeded: 0ms
Test suite progress: tests succeeded: 49, failed: 0, skipped: 0.
Starting test testTemplateBuilderCannotFind(org.jclouds.bluelock.vcloud.zone01.compute.BluelockVCloudZone01TemplateBuilderLiveTest)
[TestNG] Test testTemplateBuilderCannotFind(org.jclouds.bluelock.vcloud.zone01.compute.BluelockVCloudZone01TemplateBuilderLiveTest) succeeded: 1ms
Test suite progress: tests succeeded: 50, failed: 0, skipped: 0.
Starting test testTemplateBuilderCannotFind(org.jclouds.bluelock.vcloud.zone01.compute.BluelockVCloudZone01TemplateBuilderLiveTest)
[TestNG] Test testTemplateBuilderCannotFind(org.jclouds.bluelock.vcloud.zone01.compute.BluelockVCloudZone01TemplateBuilderLiveTest) succeeded: 1ms
Test suite progress: tests succeeded: 51, failed: 0, skipped: 0.
Starting test testTemplateBuilderCannotFind(org.jclouds.bluelock.vcloud.zone01.compute.BluelockVCloudZone01TemplateBuilderLiveTest)
[TestNG] Test testTemplateBuilderCannotFind(org.jclouds.bluelock.vcloud.zone01.compute.BluelockVCloudZone01TemplateBuilderLiveTest) succeeded: 0ms
Test suite progress: tests succeeded: 52, failed: 0, skipped: 0.
Starting test testTemplateBuilderCannotFind(org.jclouds.bluelock.vcloud.zone01.compute.BluelockVCloudZone01TemplateBuilderLiveTest)
[TestNG] Test testTemplateBuilderCannotFind(org.jclouds.bluelock.vcloud.zone01.compute.BluelockVCloudZone01TemplateBuilderLiveTest) succeeded: 1ms
Test suite progress: tests succeeded: 53, failed: 0, skipped: 0.
Starting test testTemplateBuilderCannotFind(org.jclouds.bluelock.vcloud.zone01.compute.BluelockVCloudZone01TemplateBuilderLiveTest)
[TestNG] Test testTemplateBuilderCannotFind(org.jclouds.bluelock.vcloud.zone01.compute.BluelockVCloudZone01TemplateBuilderLiveTest) succeeded: 1ms
Test suite progress: tests succeeded: 54, failed: 0, skipped: 0.
Starting test testTemplateBuilderCannotFind(org.jclouds.bluelock.vcloud.zone01.compute.BluelockVCloudZone01TemplateBuilderLiveTest)
[TestNG] Test testTemplateBuilderCannotFind(org.jclouds.bluelock.vcloud.zone01.compute.BluelockVCloudZone01TemplateBuilderLiveTest) succeeded: 0ms
Test suite progress: tests succeeded: 55, failed: 0, skipped: 0.
Starting test testTemplateBuilderCannotFind(org.jclouds.bluelock.vcloud.zone01.compute.BluelockVCloudZone01TemplateBuilderLiveTest)
[TestNG] Test testTemplateBuilderCannotFind(org.jclouds.bluelock.vcloud.zone01.compute.BluelockVCloudZone01TemplateBuilderLiveTest) succeeded: 1ms
Test suite progress: tests succeeded: 56, failed: 0, skipped: 0.
Starting test testTemplateBuilderCannotFind(org.jclouds.bluelock.vcloud.zone01.compute.BluelockVCloudZone01TemplateBuilderLiveTest)
[TestNG] Test testTemplateBuilderCannotFind(org.jclouds.bluelock.vcloud.zone01.compute.BluelockVCloudZone01TemplateBuilderLiveTest) succeeded: 1ms
Test suite progress: tests succeeded: 57, failed: 0, skipped: 0.
Starting test testTemplateBuilderCannotFind(org.jclouds.bluelock.vcloud.zone01.compute.BluelockVCloudZone01TemplateBuilderLiveTest)
[TestNG] Test testTemplateBuilderCannotFind(org.jclouds.bluelock.vcloud.zone01.compute.BluelockVCloudZone01TemplateBuilderLiveTest) succeeded: 1ms
Test suite progress: tests succeeded: 58, failed: 0, skipped: 0.
Starting test testTemplateBuilderCannotFind(org.jclouds.bluelock.vcloud.zone01.compute.BluelockVCloudZone01TemplateBuilderLiveTest)
[TestNG] Test testTemplateBuilderCannotFind(org.jclouds.bluelock.vcloud.zone01.compute.BluelockVCloudZone01TemplateBuilderLiveTest) succeeded: 1ms
Test suite progress: tests succeeded: 59, failed: 0, skipped: 0.
Starting test testTemplateBuilderCannotFind(org.jclouds.bluelock.vcloud.zone01.compute.BluelockVCloudZone01TemplateBuilderLiveTest)
[TestNG] Test testTemplateBuilderCannotFind(org.jclouds.bluelock.vcloud.zone01.compute.BluelockVCloudZone01TemplateBuilderLiveTest) succeeded: 1ms
Test suite progress: tests succeeded: 60, failed: 0, skipped: 0.
Starting test testTemplateBuilderCannotFind(org.jclouds.bluelock.vcloud.zone01.compute.BluelockVCloudZone01TemplateBuilderLiveTest)
[TestNG] Test testTemplateBuilderCannotFind(org.jclouds.bluelock.vcloud.zone01.compute.BluelockVCloudZone01TemplateBuilderLiveTest) succeeded: 1ms
Test suite progress: tests succeeded: 61, failed: 0, skipped: 0.
Starting test testTemplateBuilderCannotFind(org.jclouds.bluelock.vcloud.zone01.compute.BluelockVCloudZone01TemplateBuilderLiveTest)
[TestNG] Test testTemplateBuilderCannotFind(org.jclouds.bluelock.vcloud.zone01.compute.BluelockVCloudZone01TemplateBuilderLiveTest) succeeded: 0ms
Test suite progress: tests succeeded: 62, failed: 0, skipped: 0.
Starting test testTemplateBuilderCannotFind(org.jclouds.bluelock.vcloud.zone01.compute.BluelockVCloudZone01TemplateBuilderLiveTest)
[TestNG] Test testTemplateBuilderCannotFind(org.jclouds.bluelock.vcloud.zone01.compute.BluelockVCloudZone01TemplateBuilderLiveTest) succeeded: 1ms
Test suite progress: tests succeeded: 63, failed: 0, skipped: 0.
Starting test testTemplateBuilderCannotFind(org.jclouds.bluelock.vcloud.zone01.compute.BluelockVCloudZone01TemplateBuilderLiveTest)
[TestNG] Test testTemplateBuilderCannotFind(org.jclouds.bluelock.vcloud.zone01.compute.BluelockVCloudZone01TemplateBuilderLiveTest) succeeded: 0ms
Test suite progress: tests succeeded: 64, failed: 0, skipped: 0.
Starting test testTemplateBuilderCannotFind(org.jclouds.bluelock.vcloud.zone01.compute.BluelockVCloudZone01TemplateBuilderLiveTest)
[TestNG] Test testTemplateBuilderCannotFind(org.jclouds.bluelock.vcloud.zone01.compute.BluelockVCloudZone01TemplateBuilderLiveTest) succeeded: 1ms
Test suite progress: tests succeeded: 65, failed: 0, skipped: 0.
Starting test testTemplateBuilderCannotFind(org.jclouds.bluelock.vcloud.zone01.compute.BluelockVCloudZone01TemplateBuilderLiveTest)
[TestNG] Test testTemplateBuilderCannotFind(org.jclouds.bluelock.vcloud.zone01.compute.BluelockVCloudZone01TemplateBuilderLiveTest) succeeded: 0ms
Test suite progress: tests succeeded: 66, failed: 0, skipped: 0.
Starting test testTemplateBuilderCannotFind(org.jclouds.bluelock.vcloud.zone01.compute.BluelockVCloudZone01TemplateBuilderLiveTest)
[TestNG] Test testTemplateBuilderCannotFind(org.jclouds.bluelock.vcloud.zone01.compute.BluelockVCloudZone01TemplateBuilderLiveTest) succeeded: 1ms
Test suite progress: tests succeeded: 67, failed: 0, skipped: 0.
Starting test testTemplateBuilderCannotFind(org.jclouds.bluelock.vcloud.zone01.compute.BluelockVCloudZone01TemplateBuilderLiveTest)
[TestNG] Test testTemplateBuilderCannotFind(org.jclouds.bluelock.vcloud.zone01.compute.BluelockVCloudZone01TemplateBuilderLiveTest) succeeded: 0ms
Test suite progress: tests succeeded: 68, failed: 0, skipped: 0.
Starting test testTemplateBuilderCannotFind(org.jclouds.bluelock.vcloud.zone01.compute.BluelockVCloudZone01TemplateBuilderLiveTest)
[TestNG] Test testTemplateBuilderCannotFind(org.jclouds.bluelock.vcloud.zone01.compute.BluelockVCloudZone01TemplateBuilderLiveTest) succeeded: 2ms
Test suite progress: tests succeeded: 69, failed: 0, skipped: 0.
Starting test testTemplateBuilderCannotFind(org.jclouds.bluelock.vcloud.zone01.compute.BluelockVCloudZone01TemplateBuilderLiveTest)
[TestNG] Test testTemplateBuilderCannotFind(org.jclouds.bluelock.vcloud.zone01.compute.BluelockVCloudZone01TemplateBuilderLiveTest) succeeded: 1ms
Test suite progress: tests succeeded: 70, failed: 0, skipped: 0.
Starting test testTemplateBuilderCannotFind(org.jclouds.bluelock.vcloud.zone01.compute.BluelockVCloudZone01TemplateBuilderLiveTest)
[TestNG] Test testTemplateBuilderCannotFind(org.jclouds.bluelock.vcloud.zone01.compute.BluelockVCloudZone01TemplateBuilderLiveTest) succeeded: 3ms
Test suite progress: tests succeeded: 71, failed: 0, skipped: 0.
Starting test testTemplateBuilderCannotFind(org.jclouds.bluelock.vcloud.zone01.compute.BluelockVCloudZone01TemplateBuilderLiveTest)
[TestNG] Test testTemplateBuilderCannotFind(org.jclouds.bluelock.vcloud.zone01.compute.BluelockVCloudZone01TemplateBuilderLiveTest) succeeded: 1ms
Test suite progress: tests succeeded: 72, failed: 0, skipped: 0.
Starting test testTemplateBuilderCannotFind(org.jclouds.bluelock.vcloud.zone01.compute.BluelockVCloudZone01TemplateBuilderLiveTest)
[TestNG] Test testTemplateBuilderCannotFind(org.jclouds.bluelock.vcloud.zone01.compute.BluelockVCloudZone01TemplateBuilderLiveTest) succeeded: 1ms
Test suite progress: tests succeeded: 73, failed: 0, skipped: 0.
Starting test testTemplateBuilderCannotFind(org.jclouds.bluelock.vcloud.zone01.compute.BluelockVCloudZone01TemplateBuilderLiveTest)
[TestNG] Test testTemplateBuilderCannotFind(org.jclouds.bluelock.vcloud.zone01.compute.BluelockVCloudZone01TemplateBuilderLiveTest) succeeded: 1ms
Test suite progress: tests succeeded: 74, failed: 0, skipped: 0.
Starting test testTemplateBuilderCannotFind(org.jclouds.bluelock.vcloud.zone01.compute.BluelockVCloudZone01TemplateBuilderLiveTest)
[TestNG] Test testTemplateBuilderCannotFind(org.jclouds.bluelock.vcloud.zone01.compute.BluelockVCloudZone01TemplateBuilderLiveTest) succeeded: 0ms
Test suite progress: tests succeeded: 75, failed: 0, skipped: 0.
Starting test testTemplateBuilderCannotFind(org.jclouds.bluelock.vcloud.zone01.compute.BluelockVCloudZone01TemplateBuilderLiveTest)
[TestNG] Test testTemplateBuilderCannotFind(org.jclouds.bluelock.vcloud.zone01.compute.BluelockVCloudZone01TemplateBuilderLiveTest) succeeded: 1ms
Test suite progress: tests succeeded: 76, failed: 0, skipped: 0.
Starting test testTemplateBuilderCannotFind(org.jclouds.bluelock.vcloud.zone01.compute.BluelockVCloudZone01TemplateBuilderLiveTest)
[TestNG] Test testTemplateBuilderCannotFind(org.jclouds.bluelock.vcloud.zone01.compute.BluelockVCloudZone01TemplateBuilderLiveTest) succeeded: 0ms
Test suite progress: tests succeeded: 77, failed: 0, skipped: 0.
Starting test testTemplateBuilderCannotFind(org.jclouds.bluelock.vcloud.zone01.compute.BluelockVCloudZone01TemplateBuilderLiveTest)
[TestNG] Test testTemplateBuilderCannotFind(org.jclouds.bluelock.vcloud.zone01.compute.BluelockVCloudZone01TemplateBuilderLiveTest) succeeded: 1ms
Test suite progress: tests succeeded: 78, failed: 0, skipped: 0.
Starting test testTemplateBuilderCannotFind(org.jclouds.bluelock.vcloud.zone01.compute.BluelockVCloudZone01TemplateBuilderLiveTest)
[TestNG] Test testTemplateBuilderCannotFind(org.jclouds.bluelock.vcloud.zone01.compute.BluelockVCloudZone01TemplateBuilderLiveTest) succeeded: 0ms
Test suite progress: tests succeeded: 79, failed: 0, skipped: 0.
Starting test testTemplateBuilderCannotFind(org.jclouds.bluelock.vcloud.zone01.compute.BluelockVCloudZone01TemplateBuilderLiveTest)
[TestNG] Test testTemplateBuilderCannotFind(org.jclouds.bluelock.vcloud.zone01.compute.BluelockVCloudZone01TemplateBuilderLiveTest) succeeded: 1ms
Test suite progress: tests succeeded: 80, failed: 0, skipped: 0.
Starting test testTemplateBuilderCannotFind(org.jclouds.bluelock.vcloud.zone01.compute.BluelockVCloudZone01TemplateBuilderLiveTest)
[TestNG] Test testTemplateBuilderCannotFind(org.jclouds.bluelock.vcloud.zone01.compute.BluelockVCloudZone01TemplateBuilderLiveTest) succeeded: 0ms
Test suite progress: tests succeeded: 81, failed: 0, skipped: 0.
Starting test testTemplateBuilderCannotFind(org.jclouds.bluelock.vcloud.zone01.compute.BluelockVCloudZone01TemplateBuilderLiveTest)
[TestNG] Test testTemplateBuilderCannotFind(org.jclouds.bluelock.vcloud.zone01.compute.BluelockVCloudZone01TemplateBuilderLiveTest) succeeded: 1ms
Test suite progress: tests succeeded: 82, failed: 0, skipped: 0.
Starting test testTemplateBuilderCannotFind(org.jclouds.bluelock.vcloud.zone01.compute.BluelockVCloudZone01TemplateBuilderLiveTest)
[TestNG] Test testTemplateBuilderCannotFind(org.jclouds.bluelock.vcloud.zone01.compute.BluelockVCloudZone01TemplateBuilderLiveTest) succeeded: 0ms
Test suite progress: tests succeeded: 83, failed: 0, skipped: 0.
Starting test testTemplateBuilderCannotFind(org.jclouds.bluelock.vcloud.zone01.compute.BluelockVCloudZone01TemplateBuilderLiveTest)
[TestNG] Test testTemplateBuilderCannotFind(org.jclouds.bluelock.vcloud.zone01.compute.BluelockVCloudZone01TemplateBuilderLiveTest) succeeded: 1ms
Test suite progress: tests succeeded: 84, failed: 0, skipped: 0.
Starting test testTemplateBuilderCannotFind(org.jclouds.bluelock.vcloud.zone01.compute.BluelockVCloudZone01TemplateBuilderLiveTest)
[TestNG] Test testTemplateBuilderCannotFind(org.jclouds.bluelock.vcloud.zone01.compute.BluelockVCloudZone01TemplateBuilderLiveTest) succeeded: 0ms
Test suite progress: tests succeeded: 85, failed: 0, skipped: 0.
Starting test testTemplateBuilderCannotFind(org.jclouds.bluelock.vcloud.zone01.compute.BluelockVCloudZone01TemplateBuilderLiveTest)
[TestNG] Test testTemplateBuilderCannotFind(org.jclouds.bluelock.vcloud.zone01.compute.BluelockVCloudZone01TemplateBuilderLiveTest) succeeded: 0ms
Test suite progress: tests succeeded: 86, failed: 0, skipped: 0.
Starting test testTemplateBuilderCannotFind(org.jclouds.bluelock.vcloud.zone01.compute.BluelockVCloudZone01TemplateBuilderLiveTest)
[TestNG] Test testTemplateBuilderCannotFind(org.jclouds.bluelock.vcloud.zone01.compute.BluelockVCloudZone01TemplateBuilderLiveTest) succeeded: 0ms
Test suite progress: tests succeeded: 87, failed: 0, skipped: 0.
Starting test testTemplateBuilderCannotFind(org.jclouds.bluelock.vcloud.zone01.compute.BluelockVCloudZone01TemplateBuilderLiveTest)
[TestNG] Test testTemplateBuilderCannotFind(org.jclouds.bluelock.vcloud.zone01.compute.BluelockVCloudZone01TemplateBuilderLiveTest) succeeded: 0ms
Test suite progress: tests succeeded: 88, failed: 0, skipped: 0.
Starting test testTemplateBuilderCannotFind(org.jclouds.bluelock.vcloud.zone01.compute.BluelockVCloudZone01TemplateBuilderLiveTest)
[TestNG] Test testTemplateBuilderCannotFind(org.jclouds.bluelock.vcloud.zone01.compute.BluelockVCloudZone01TemplateBuilderLiveTest) succeeded: 1ms
Test suite progress: tests succeeded: 89, failed: 0, skipped: 0.
Starting test testTemplateBuilderCannotFind(org.jclouds.bluelock.vcloud.zone01.compute.BluelockVCloudZone01TemplateBuilderLiveTest)
[TestNG] Test testTemplateBuilderCannotFind(org.jclouds.bluelock.vcloud.zone01.compute.BluelockVCloudZone01TemplateBuilderLiveTest) succeeded: 0ms
Test suite progress: tests succeeded: 90, failed: 0, skipped: 0.
Starting test testTemplateBuilderCannotFind(org.jclouds.bluelock.vcloud.zone01.compute.BluelockVCloudZone01TemplateBuilderLiveTest)
[TestNG] Test testTemplateBuilderCannotFind(org.jclouds.bluelock.vcloud.zone01.compute.BluelockVCloudZone01TemplateBuilderLiveTest) succeeded: 0ms
Test suite progress: tests succeeded: 91, failed: 0, skipped: 0.
Starting test testTemplateBuilderCannotFind(org.jclouds.bluelock.vcloud.zone01.compute.BluelockVCloudZone01TemplateBuilderLiveTest)
[TestNG] Test testTemplateBuilderCannotFind(org.jclouds.bluelock.vcloud.zone01.compute.BluelockVCloudZone01TemplateBuilderLiveTest) succeeded: 0ms
Test suite progress: tests succeeded: 92, failed: 0, skipped: 0.
Starting test testTemplateBuilderCannotFind(org.jclouds.bluelock.vcloud.zone01.compute.BluelockVCloudZone01TemplateBuilderLiveTest)
[TestNG] Test testTemplateBuilderCannotFind(org.jclouds.bluelock.vcloud.zone01.compute.BluelockVCloudZone01TemplateBuilderLiveTest) succeeded: 1ms
Test suite progress: tests succeeded: 93, failed: 0, skipped: 0.
Starting test testTemplateBuilderCannotFind(org.jclouds.bluelock.vcloud.zone01.compute.BluelockVCloudZone01TemplateBuilderLiveTest)
[TestNG] Test testTemplateBuilderCannotFind(org.jclouds.bluelock.vcloud.zone01.compute.BluelockVCloudZone01TemplateBuilderLiveTest) succeeded: 0ms
Test suite progress: tests succeeded: 94, failed: 0, skipped: 0.
Starting test testTemplateBuilderWithImageIdSpecified(org.jclouds.bluelock.vcloud.zone01.compute.BluelockVCloudZone01TemplateBuilderLiveTest)
[TestNG] Test testTemplateBuilderWithImageIdSpecified(org.jclouds.bluelock.vcloud.zone01.compute.BluelockVCloudZone01TemplateBuilderLiveTest) succeeded: 22951ms
Test suite progress: tests succeeded: 95, failed: 0, skipped: 0.
Starting test testTemplateBuilderWithLoginUserSpecified(org.jclouds.bluelock.vcloud.zone01.compute.BluelockVCloudZone01TemplateBuilderLiveTest)
[TestNG] Test testTemplateBuilderWithLoginUserSpecified(org.jclouds.bluelock.vcloud.zone01.compute.BluelockVCloudZone01TemplateBuilderLiveTest) succeeded: 22804ms
Test suite progress: tests succeeded: 96, failed: 0, skipped: 0.
Starting test testDefaultTemplateBuilder(org.jclouds.bluelock.vcloud.zone01.compute.BluelockVCloudZone01TemplateBuilderLiveTest)
[TestNG] Test testDefaultTemplateBuilder(org.jclouds.bluelock.vcloud.zone01.compute.BluelockVCloudZone01TemplateBuilderLiveTest) succeeded: 1ms
Test suite progress: tests succeeded: 97, failed: 0, skipped: 0.
SLF4J: Failed to load class "org.slf4j.impl.StaticLoggerBinder".
SLF4J: Defaulting to no-operation (NOP) logger implementation
SLF4J: See http://www.slf4j.org/codes.html#StaticLoggerBinder for further details.
Jan 15, 2012 3:31:55 AM org.jclouds.compute.BaseComputeServiceLiveTest testCreateAndRunAService
INFO: << available node(https://zone01.bluelock.com/api/v1.0/vApp/vapp-573314753) os([name=Ubuntu 64-Bit, family=ubuntu, version=, arch=null, is64Bit=true, description=Ubuntu Linux (64-bit), osType=UBUNTU_64]) in 230s
[TestNG] Test testExtendedOptionsWithCustomizationScript(org.jclouds.bluelock.vcloud.zone01.features.BluelockVCloudZone01VmClientLiveTest) succeeded: 304036ms
Test suite progress: tests succeeded: 98, failed: 0, skipped: 0.
Starting test testGetThumbnailOfVm(org.jclouds.bluelock.vcloud.zone01.features.BluelockVCloudZone01VmClientLiveTest)
[TestNG] Test testGetThumbnailOfVm(org.jclouds.bluelock.vcloud.zone01.features.BluelockVCloudZone01VmClientLiveTest) succeeded: 4329ms
Test suite progress: tests succeeded: 99, failed: 0, skipped: 0.
Starting test testGetVm(org.jclouds.bluelock.vcloud.zone01.features.BluelockVCloudZone01VmClientLiveTest)
[TestNG] Test testGetVm(org.jclouds.bluelock.vcloud.zone01.features.BluelockVCloudZone01VmClientLiveTest) succeeded: 5043ms
Test suite progress: tests succeeded: 100, failed: 0, skipped: 0.
[TestNG] Test testCaptureVApp(org.jclouds.bluelock.vcloud.zone01.features.BluelockVCloudZone01VAppTemplateClientLiveTest) succeeded: 355298ms
Test suite progress: tests succeeded: 101, failed: 0, skipped: 0.
Starting test testFindVAppTemplate(org.jclouds.bluelock.vcloud.zone01.features.BluelockVCloudZone01VAppTemplateClientLiveTest)
Jan 15, 2012 3:33:47 AM org.jclouds.compute.BaseComputeServiceLiveTest testCreateAndRunAService
INFO: << configured node(https://zone01.bluelock.com/api/v1.0/vApp/vapp-573314753) with java full version "1.7.0_02-b13" and JBoss 7.0.2.Final in 105s
Jan 15, 2012 3:33:49 AM org.jclouds.compute.BaseComputeServiceLiveTest getLocationForIp
WARNING: could not get info on ip 209.132.182.31; check freegeoip
Jan 15, 2012 3:33:49 AM org.jclouds.compute.BaseComputeServiceLiveTest testCreateAndRunAService
INFO: << location of jboss7(download.jboss.org) from perpective of node(https://zone01.bluelock.com/api/v1.0/vApp/vapp-573314753): 209.132.182.31
Jan 15, 2012 3:33:51 AM org.jclouds.compute.BaseComputeServiceLiveTest getLocationForIp
WARNING: could not get info on ip 205.177.95.103; check freegeoip
Jan 15, 2012 3:33:51 AM org.jclouds.compute.BaseComputeServiceLiveTest testCreateAndRunAService
INFO: << location of jdk7(download.oracle.com) from perpective of node(https://zone01.bluelock.com/api/v1.0/vApp/vapp-573314753): 205.177.95.103
Jan 15, 2012 3:33:54 AM org.jclouds.compute.BaseComputeServiceLiveTest getLocationForIp
WARNING: could not get info on ip 173.240.109.121; check freegeoip
Jan 15, 2012 3:33:54 AM org.jclouds.compute.BaseComputeServiceLiveTest testCreateAndRunAService
INFO: << location of node(https://zone01.bluelock.com/api/v1.0/vApp/vapp-573314753) from perspective of amazonaws: 173.240.109.121
Jan 15, 2012 3:34:04 AM org.jclouds.compute.BaseComputeServiceLiveTest trackAvailabilityOfProcessOnNode
INFO: << initial start of jboss on node(https://zone01.bluelock.com/api/v1.0/vApp/vapp-573314753) [backgroundProcessMilliseconds=5102, socketOpenMilliseconds=1661, reportedStartupTimeMilliseconds=3460]
Jan 15, 2012 3:34:14 AM org.jclouds.compute.BaseComputeServiceLiveTest trackAvailabilityOfProcessOnNode
INFO: << warm start of jboss on node(https://zone01.bluelock.com/api/v1.0/vApp/vapp-573314753) [backgroundProcessMilliseconds=3375, socketOpenMilliseconds=1520, reportedStartupTimeMilliseconds=3050]
[TestNG] Test testFindVAppTemplate(org.jclouds.bluelock.vcloud.zone01.features.BluelockVCloudZone01VAppTemplateClientLiveTest) succeeded: 34565ms
Test suite progress: tests succeeded: 102, failed: 0, skipped: 0.
Starting test testGetOvfEnvelopeForVAppTemplate(org.jclouds.bluelock.vcloud.zone01.features.BluelockVCloudZone01VAppTemplateClientLiveTest)
[TestNG] Test testGetOvfEnvelopeForVAppTemplate(org.jclouds.bluelock.vcloud.zone01.features.BluelockVCloudZone01VAppTemplateClientLiveTest) succeeded: 18128ms
Test suite progress: tests succeeded: 103, failed: 0, skipped: 0.
Starting test testGetVAppTemplate(org.jclouds.bluelock.vcloud.zone01.features.BluelockVCloudZone01VAppTemplateClientLiveTest)
[TestNG] Test testCreateAndRunAService(org.jclouds.bluelock.vcloud.zone01.compute.BluelockVCloudZone01ComputeServiceLiveTest) succeeded: 398750ms
Test suite progress: tests succeeded: 104, failed: 0, skipped: 0.
Starting test testGetAssignableLocations(org.jclouds.bluelock.vcloud.zone01.compute.BluelockVCloudZone01ComputeServiceLiveTest)
Jan 15, 2012 3:34:41 AM org.jclouds.compute.BaseComputeServiceLiveTest testGetAssignableLocations
WARNING: location [id=https://zone01.bluelock.com/api/v1.0/vdc/480447969, scope=ZONE, description=Cluster01-Jclouds, parent=https://zone01.bluelock.com/api/v1.0/org/1484502809, iso3166Codes=[], metadata={}]
[TestNG] Test testGetAssignableLocations(org.jclouds.bluelock.vcloud.zone01.compute.BluelockVCloudZone01ComputeServiceLiveTest) succeeded: 1ms
Test suite progress: tests succeeded: 105, failed: 0, skipped: 0.
Starting test testImagesCache(org.jclouds.bluelock.vcloud.zone01.compute.BluelockVCloudZone01ComputeServiceLiveTest)
[TestNG] Test testImagesCache(org.jclouds.bluelock.vcloud.zone01.compute.BluelockVCloudZone01ComputeServiceLiveTest) succeeded: 3006ms
Test suite progress: tests succeeded: 106, failed: 0, skipped: 0.
Starting test testListImages(org.jclouds.bluelock.vcloud.zone01.compute.BluelockVCloudZone01ComputeServiceLiveTest)
[TestNG] Test testListImages(org.jclouds.bluelock.vcloud.zone01.compute.BluelockVCloudZone01ComputeServiceLiveTest) succeeded: 1ms
Test suite progress: tests succeeded: 107, failed: 0, skipped: 0.
Starting test testListSizes(org.jclouds.bluelock.vcloud.zone01.compute.BluelockVCloudZone01ComputeServiceLiveTest)
[TestNG] Test testListSizes(org.jclouds.bluelock.vcloud.zone01.compute.BluelockVCloudZone01ComputeServiceLiveTest) succeeded: 3076ms
Test suite progress: tests succeeded: 108, failed: 0, skipped: 0.
Starting test setServiceDefaults(org.jclouds.bluelock.vcloud.zone01.compute.BluelockVCloudZone01ComputeServiceLiveTest)
[TestNG] Test setServiceDefaults(org.jclouds.bluelock.vcloud.zone01.compute.BluelockVCloudZone01ComputeServiceLiveTest) succeeded: 0ms
Test suite progress: tests succeeded: 109, failed: 0, skipped: 0.
Starting test testOptionToNotBlock(org.jclouds.bluelock.vcloud.zone01.compute.BluelockVCloudZone01ComputeServiceLiveTest)
[TestNG] Test testOptionToNotBlock(org.jclouds.bluelock.vcloud.zone01.compute.BluelockVCloudZone01ComputeServiceLiveTest) succeeded: 0ms
Test suite progress: tests succeeded: 110, failed: 0, skipped: 0.
Starting test testCorrectExceptionRunningNodesNotFound(org.jclouds.bluelock.vcloud.zone01.compute.BluelockVCloudZone01ComputeServiceLiveTest)
[TestNG] Test testCorrectExceptionRunningNodesNotFound(org.jclouds.bluelock.vcloud.zone01.compute.BluelockVCloudZone01ComputeServiceLiveTest) succeeded: 717ms
Test suite progress: tests succeeded: 111, failed: 0, skipped: 0.
Starting test testAScriptExecutionAfterBootWithBasicTemplate(org.jclouds.bluelock.vcloud.zone01.compute.BluelockVCloudZone01ComputeServiceLiveTest)
[TestNG] Test testGetVAppTemplate(org.jclouds.bluelock.vcloud.zone01.features.BluelockVCloudZone01VAppTemplateClientLiveTest) succeeded: 18483ms
Test suite progress: tests succeeded: 112, failed: 0, skipped: 0.
[TestNG] Test testAScriptExecutionAfterBootWithBasicTemplate(org.jclouds.bluelock.vcloud.zone01.compute.BluelockVCloudZone01ComputeServiceLiveTest) failed.
Test suite progress: tests succeeded: 112, failed: 1, skipped: 0.
Starting test testCreateTwoNodesWithRunScript(org.jclouds.bluelock.vcloud.zone01.compute.BluelockVCloudZone01ComputeServiceLiveTest)
[TestNG] Test testCreateTwoNodesWithRunScript(org.jclouds.bluelock.vcloud.zone01.compute.BluelockVCloudZone01ComputeServiceLiveTest) succeeded: 253361ms
Test suite progress: tests succeeded: 113, failed: 1, skipped: 0.
Starting test testTemplateMatch(org.jclouds.bluelock.vcloud.zone01.compute.BluelockVCloudZone01ComputeServiceLiveTest)
[TestNG] Test testTemplateMatch(org.jclouds.bluelock.vcloud.zone01.compute.BluelockVCloudZone01ComputeServiceLiveTest) succeeded: 6684ms
Test suite progress: tests succeeded: 114, failed: 1, skipped: 0.
Starting test testCreateAnotherNodeWithANewContextToEnsureSharedMemIsntRequired(org.jclouds.bluelock.vcloud.zone01.compute.BluelockVCloudZone01ComputeServiceLiveTest)
Jan 15, 2012 3:42:08 AM org.jclouds.compute.BaseComputeServiceLiveTest testCreateAnotherNodeWithANewContextToEnsureSharedMemIsntRequired
INFO: creating another node based on existing nodes' location: [id=https://zone01.bluelock.com/api/v1.0/vdc/480447969, scope=ZONE, description=Cluster01-Jclouds, parent=https://zone01.bluelock.com/api/v1.0/org/1484502809, iso3166Codes=[], metadata={}]
[TestNG] Test testCreateAnotherNodeWithANewContextToEnsureSharedMemIsntRequired(org.jclouds.bluelock.vcloud.zone01.compute.BluelockVCloudZone01ComputeServiceLiveTest) succeeded: 202889ms
Test suite progress: tests succeeded: 115, failed: 1, skipped: 0.
Starting test testCredentialsCache(org.jclouds.bluelock.vcloud.zone01.compute.BluelockVCloudZone01ComputeServiceLiveTest)
[TestNG] Test testCredentialsCache(org.jclouds.bluelock.vcloud.zone01.compute.BluelockVCloudZone01ComputeServiceLiveTest) succeeded: 4715ms
Test suite progress: tests succeeded: 116, failed: 1, skipped: 0.
Starting test testGet(org.jclouds.bluelock.vcloud.zone01.compute.BluelockVCloudZone01ComputeServiceLiveTest)
[TestNG] Test testGet(org.jclouds.bluelock.vcloud.zone01.compute.BluelockVCloudZone01ComputeServiceLiveTest) succeeded: 5703ms
Test suite progress: tests succeeded: 117, failed: 1, skipped: 0.
Starting test testReboot(org.jclouds.bluelock.vcloud.zone01.compute.BluelockVCloudZone01ComputeServiceLiveTest)
[TestNG] Test testReboot(org.jclouds.bluelock.vcloud.zone01.compute.BluelockVCloudZone01ComputeServiceLiveTest) succeeded: 35014ms
Test suite progress: tests succeeded: 118, failed: 1, skipped: 0.
Starting test testSuspendResume(org.jclouds.bluelock.vcloud.zone01.compute.BluelockVCloudZone01ComputeServiceLiveTest)
[TestNG] Test testSuspendResume(org.jclouds.bluelock.vcloud.zone01.compute.BluelockVCloudZone01ComputeServiceLiveTest) succeeded: 102603ms
Test suite progress: tests succeeded: 119, failed: 1, skipped: 0.
Starting test testGetNodesWithDetails(org.jclouds.bluelock.vcloud.zone01.compute.BluelockVCloudZone01ComputeServiceLiveTest)
[TestNG] Test testGetNodesWithDetails(org.jclouds.bluelock.vcloud.zone01.compute.BluelockVCloudZone01ComputeServiceLiveTest) succeeded: 3446ms
Test suite progress: tests succeeded: 120, failed: 1, skipped: 0.
Starting test testListNodes(org.jclouds.bluelock.vcloud.zone01.compute.BluelockVCloudZone01ComputeServiceLiveTest)
[TestNG] Test testListNodes(org.jclouds.bluelock.vcloud.zone01.compute.BluelockVCloudZone01ComputeServiceLiveTest) succeeded: 3191ms
Test suite progress: tests succeeded: 121, failed: 1, skipped: 0.
Starting test testDestroyNodes(org.jclouds.bluelock.vcloud.zone01.compute.BluelockVCloudZone01ComputeServiceLiveTest)
[TestNG] Test testDestroyNodes(org.jclouds.bluelock.vcloud.zone01.compute.BluelockVCloudZone01ComputeServiceLiveTest) succeeded: 33665ms
Test suite progress: tests succeeded: 122, failed: 1, skipped: 0.
Tests run: 123, Failures: 1, Errors: 0, Skipped: 0, Time elapsed: 1,296.052 sec <<< FAILURE!

Results :

Failed tests:   testAScriptExecutionAfterBootWithBasicTemplate(org.jclouds.bluelock.vcloud.zone01.compute.BluelockVCloudZone01ComputeServiceLiveTest): [output=vcdr-bff

Tests run: 123, Failures: 1, Errors: 0, Skipped: 0

[INFO] ------------------------------------------------------------------------
[INFO] BUILD FAILURE
[INFO] ------------------------------------------------------------------------
[INFO] Total time: 21:49.160s
[INFO] Finished at: Sun Jan 15 03:48:37 PST 2012
[INFO] Final Memory: 21M/265M
[INFO] ------------------------------------------------------------------------
[ERROR] Failed to execute goal org.apache.maven.plugins:maven-surefire-plugin:2.10:test (integration) on project bluelock-vcloud-zone01: There are test failures.
[ERROR] 
[ERROR] Please refer to /Users/adriancole/workspace/git/jclouds/providers/bluelock-vcloud-zone01/target/surefire-reports for the individual test results.
[ERROR] -> [Help 1]
[ERROR] 
[ERROR] To see the full stack trace of the errors, re-run Maven with the -e switch.
[ERROR] Re-run Maven using the -X switch to enable full debug logging.
[ERROR] 
[ERROR] For more information about the errors and possible solutions, please read the following articles:
[ERROR] [Help 1] http://cwiki.apache.org/confluence/display/MAVEN/MojoFailureException
