-------------------------------------------------------------------------------
Test set: TestSuite
-------------------------------------------------------------------------------
Tests run: 89, Failures: 2, Errors: 0, Skipped: 0, Time elapsed: 566.464 sec <<< FAILURE!
testCopyUrl(org.jclouds.rackspace.cloudfiles.blobstore.integration.CloudFilesUSBlobLiveTest)  Time elapsed: 0.642 sec  <<< FAILURE!
java.io.IOException: Server returned HTTP response code: 403 for URL: http://apache.opensourceresources.org//commons/logging/binaries/commons-logging-1.1.1-bin.tar.gz
	at sun.reflect.NativeConstructorAccessorImpl.newInstance0(Native Method)
	at sun.reflect.NativeConstructorAccessorImpl.newInstance(NativeConstructorAccessorImpl.java:39)
	at sun.reflect.DelegatingConstructorAccessorImpl.newInstance(DelegatingConstructorAccessorImpl.java:27)
	at java.lang.reflect.Constructor.newInstance(Constructor.java:513)
	at sun.net.www.protocol.http.HttpURLConnection$6.run(HttpURLConnection.java:1491)
	at java.security.AccessController.doPrivileged(Native Method)
	at sun.net.www.protocol.http.HttpURLConnection.getChainedException(HttpURLConnection.java:1485)
	at sun.net.www.protocol.http.HttpURLConnection.getInputStream(HttpURLConnection.java:1139)
	at org.jclouds.blobstore.integration.internal.BaseBlobLiveTest.testCopyUrl(BaseBlobLiveTest.java:61)
	at sun.reflect.NativeMethodAccessorImpl.invoke0(Native Method)
	at sun.reflect.NativeMethodAccessorImpl.invoke(NativeMethodAccessorImpl.java:39)
	at sun.reflect.DelegatingMethodAccessorImpl.invoke(DelegatingMethodAccessorImpl.java:25)
	at java.lang.reflect.Method.invoke(Method.java:597)
	at org.testng.internal.MethodInvocationHelper.invokeMethod(MethodInvocationHelper.java:80)
	at org.testng.internal.Invoker.invokeMethod(Invoker.java:691)
	at org.testng.internal.Invoker.invokeTestMethod(Invoker.java:883)
	at org.testng.internal.Invoker.invokeTestMethods(Invoker.java:1208)
	at org.testng.internal.TestMethodWorker.invokeTestMethods(TestMethodWorker.java:127)
	at org.testng.internal.TestMethodWorker.run(TestMethodWorker.java:111)
	at org.testng.TestRunner.privateRun(TestRunner.java:758)
	at org.testng.TestRunner.run(TestRunner.java:613)
	at org.testng.SuiteRunner.runTest(SuiteRunner.java:334)
	at org.testng.SuiteRunner.access$000(SuiteRunner.java:37)
	at org.testng.SuiteRunner$SuiteWorker.run(SuiteRunner.java:368)
	at org.testng.internal.thread.ThreadUtil$CountDownLatchedRunnable.run(ThreadUtil.java:165)
	at java.util.concurrent.ThreadPoolExecutor$Worker.runTask(ThreadPoolExecutor.java:886)
	at java.util.concurrent.ThreadPoolExecutor$Worker.run(ThreadPoolExecutor.java:908)
	at java.lang.Thread.run(Thread.java:680)
Caused by: java.io.IOException: Server returned HTTP response code: 403 for URL: http://apache.opensourceresources.org//commons/logging/binaries/commons-logging-1.1.1-bin.tar.gz
	at sun.net.www.protocol.http.HttpURLConnection.getInputStream(HttpURLConnection.java:1436)
	at sun.net.www.protocol.http.HttpURLConnection.getHeaderField(HttpURLConnection.java:2308)
	at java.net.URLConnection.getHeaderFieldInt(URLConnection.java:579)
	at java.net.URLConnection.getContentLength(URLConnection.java:474)
	at org.jclouds.blobstore.integration.internal.BaseBlobLiveTest.testCopyUrl(BaseBlobLiveTest.java:60)
	... 19 more
Caused by: java.io.IOException: Server returned HTTP response code: 403 for URL: http://apache.opensourceresources.org//commons/logging/binaries/commons-logging-1.1.1-bin.tar.gz
	at sun.net.www.protocol.http.HttpURLConnection.getInputStream(HttpURLConnection.java:1436)
	at sun.net.www.protocol.http.HttpURLConnection.getHeaderField(HttpURLConnection.java:2308)
	at java.net.URLConnection.getHeaderFieldInt(URLConnection.java:579)
	at java.net.URLConnection.getContentLength(URLConnection.java:474)
	at org.jclouds.blobstore.integration.internal.BaseBlobLiveTest.testCopyUrl(BaseBlobLiveTest.java:60)
	... 19 more
testListContainerPrefix(org.jclouds.rackspace.cloudfiles.blobstore.integration.CloudFilesUSContainerIntegrationLiveTest)  Time elapsed: 18.206 sec  <<< FAILURE!
java.lang.AssertionError: expected:<10> but was:<9>
	at org.testng.Assert.fail(Assert.java:89)
	at org.testng.Assert.failNotEquals(Assert.java:489)
	at org.testng.Assert.assertEquals(Assert.java:118)
	at org.testng.Assert.assertEquals(Assert.java:365)
	at org.testng.Assert.assertEquals(Assert.java:375)
	at org.jclouds.blobstore.integration.internal.BaseContainerIntegrationTest.testListContainerPrefix(BaseContainerIntegrationTest.java:241)
	at sun.reflect.NativeMethodAccessorImpl.invoke0(Native Method)
	at sun.reflect.NativeMethodAccessorImpl.invoke(NativeMethodAccessorImpl.java:39)
	at sun.reflect.DelegatingMethodAccessorImpl.invoke(DelegatingMethodAccessorImpl.java:25)
	at java.lang.reflect.Method.invoke(Method.java:597)
	at org.testng.internal.MethodInvocationHelper.invokeMethod(MethodInvocationHelper.java:80)
	at org.testng.internal.Invoker.invokeMethod(Invoker.java:691)
	at org.testng.internal.Invoker.invokeTestMethod(Invoker.java:883)
	at org.testng.internal.Invoker.invokeTestMethods(Invoker.java:1208)
	at org.testng.internal.TestMethodWorker.invokeTestMethods(TestMethodWorker.java:127)
	at org.testng.internal.TestMethodWorker.run(TestMethodWorker.java:111)
	at org.testng.TestRunner.privateRun(TestRunner.java:758)
	at org.testng.TestRunner.run(TestRunner.java:613)
	at org.testng.SuiteRunner.runTest(SuiteRunner.java:334)
	at org.testng.SuiteRunner.access$000(SuiteRunner.java:37)
	at org.testng.SuiteRunner$SuiteWorker.run(SuiteRunner.java:368)
	at org.testng.internal.thread.ThreadUtil$CountDownLatchedRunnable.run(ThreadUtil.java:165)
	at java.util.concurrent.ThreadPoolExecutor$Worker.runTask(ThreadPoolExecutor.java:886)
	at java.util.concurrent.ThreadPoolExecutor$Worker.run(ThreadPoolExecutor.java:908)
	at java.lang.Thread.run(Thread.java:680)
