[INFO] Scanning for projects...
[WARNING] 
[WARNING] Some problems were encountered while building the effective model for org.jclouds.provider:cloudservers-us:bundle:1.3.0-SNAPSHOT
[WARNING] 'parent.relativePath' of POM org.jclouds:jclouds-project:1.3.0-SNAPSHOT (/Users/adriancole/workspace/git/1.3.x/jclouds/project/pom.xml) points at org.jclouds:jclouds-multi instead of org.sonatype.oss:oss-parent, please verify your project structure @ org.jclouds:jclouds-project:1.3.0-SNAPSHOT, /Users/adriancole/workspace/git/1.3.x/jclouds/project/pom.xml, line 24, column 13
[WARNING] 
[WARNING] It is highly recommended to fix these problems because they threaten the stability of your build.
[WARNING] 
[WARNING] For this reason, future Maven versions might no longer support building such malformed projects.
[WARNING] 
[INFO]                                                                         
[INFO] ------------------------------------------------------------------------
[INFO] Building jclouds CloudServers US provider 1.3.0-SNAPSHOT
[INFO] ------------------------------------------------------------------------
[INFO] 
[INFO] --- maven-clean-plugin:2.4.1:clean (default-clean) @ cloudservers-us ---
[INFO] Deleting /Users/adriancole/workspace/git/1.3.x/jclouds/providers/cloudservers-us/target
[INFO] 
[INFO] --- maven-enforcer-plugin:1.0.1:enforce (enforce-maven) @ cloudservers-us ---
[INFO] 
[INFO] --- maven-enforcer-plugin:1.0.1:enforce (enforce-banned-dependencies) @ cloudservers-us ---
[INFO] 
[INFO] --- maven-enforcer-plugin:1.0.1:enforce (enforce-java) @ cloudservers-us ---
[INFO] 
[INFO] --- maven-remote-resources-plugin:1.2:process (process-remote-resources) @ cloudservers-us ---
[INFO] Setting property: classpath.resource.loader.class => 'org.codehaus.plexus.velocity.ContextClassLoaderResourceLoader'.
[INFO] Setting property: velocimacro.messages.on => 'false'.
[INFO] Setting property: resource.loader => 'classpath'.
[INFO] Setting property: resource.manager.logwhenfound => 'false'.
[INFO] 
[INFO] --- maven-resources-plugin:2.4.2:resources (default-resources) @ cloudservers-us ---
[INFO] Using 'UTF-8' encoding to copy filtered resources.
[INFO] skip non existing resourceDirectory /Users/adriancole/workspace/git/1.3.x/jclouds/providers/cloudservers-us/src/main/clojure
[INFO] Copying 1 resource
[INFO] Copying 2 resources
[INFO] 
[INFO] --- maven-compiler-plugin:2.3:compile (default-compile) @ cloudservers-us ---
[INFO] Compiling 2 source files to /Users/adriancole/workspace/git/1.3.x/jclouds/providers/cloudservers-us/target/classes
[INFO] 
[INFO] --- maven-resources-plugin:2.4.2:testResources (default-testResources) @ cloudservers-us ---
[INFO] Using 'UTF-8' encoding to copy filtered resources.
[INFO] skip non existing resourceDirectory /Users/adriancole/workspace/git/1.3.x/jclouds/providers/cloudservers-us/src/test/clojure
[INFO] skip non existing resourceDirectory /Users/adriancole/workspace/git/1.3.x/jclouds/providers/cloudservers-us/src/test/resources
[INFO] Copying 2 resources
[INFO] 
[INFO] --- maven-compiler-plugin:2.3:testCompile (default-testCompile) @ cloudservers-us ---
[INFO] Compiling 4 source files to /Users/adriancole/workspace/git/1.3.x/jclouds/providers/cloudservers-us/target/test-classes
[INFO] 
[INFO] --- maven-surefire-plugin:2.10:test (default-test) @ cloudservers-us ---
[INFO] Surefire report directory: /Users/adriancole/workspace/git/1.3.x/jclouds/providers/cloudservers-us/target/surefire-reports
[INFO] Using configured provider org.apache.maven.surefire.testng.TestNGProvider

-------------------------------------------------------
 T E S T S
-------------------------------------------------------
Running org.jclouds.rackspace.cloudservers.CloudServersUSProviderTest
Starting test testInRestProperties(org.jclouds.rackspace.cloudservers.CloudServersUSProviderTest)
Starting test testWithId(org.jclouds.rackspace.cloudservers.CloudServersUSProviderTest)
Starting test testOfTypeContains(org.jclouds.rackspace.cloudservers.CloudServersUSProviderTest)
Starting test testAllContains(org.jclouds.rackspace.cloudservers.CloudServersUSProviderTest)
[pool-2-thread-3] Test testAllContains(org.jclouds.rackspace.cloudservers.CloudServersUSProviderTest) succeeded: 59ms
Test suite progress: tests succeeded: 1, failed: 0, skipped: 0.
[pool-2-thread-4] Test testOfTypeContains(org.jclouds.rackspace.cloudservers.CloudServersUSProviderTest) succeeded: 116ms
Test suite progress: tests succeeded: 2, failed: 0, skipped: 0.
[pool-2-thread-2] Test testWithId(org.jclouds.rackspace.cloudservers.CloudServersUSProviderTest) succeeded: 125ms
Test suite progress: tests succeeded: 3, failed: 0, skipped: 0.
[pool-2-thread-1] Test testInRestProperties(org.jclouds.rackspace.cloudservers.CloudServersUSProviderTest) succeeded: 193ms
Test suite progress: tests succeeded: 4, failed: 0, skipped: 0.
Tests run: 4, Failures: 0, Errors: 0, Skipped: 0, Time elapsed: 0.867 sec

Results :

Tests run: 4, Failures: 0, Errors: 0, Skipped: 0

[INFO] 
[INFO] --- clojure-maven-plugin:1.3.8:test (test-clojure) @ cloudservers-us ---

Testing com.theoryinpractise.clojure.testrunner

Ran 0 tests containing 0 assertions.
0 failures, 0 errors.
[INFO] 
[INFO] --- maven-bundle-plugin:2.3.4:bundle (default-bundle) @ cloudservers-us ---
[INFO] 
[INFO] --- maven-source-plugin:2.1.1:jar-no-fork (attach-sources) @ cloudservers-us ---
[INFO] Building jar: /Users/adriancole/workspace/git/1.3.x/jclouds/providers/cloudservers-us/target/cloudservers-us-1.3.0-SNAPSHOT-sources.jar
[INFO] 
[INFO] --- maven-javadoc-plugin:2.8:jar (javadoc) @ cloudservers-us ---
[INFO] Skipping javadoc generation
[INFO] 
[INFO] --- maven-jar-plugin:2.3.1:test-jar (default) @ cloudservers-us ---
[INFO] Building jar: /Users/adriancole/workspace/git/1.3.x/jclouds/providers/cloudservers-us/target/cloudservers-us-1.3.0-SNAPSHOT-tests.jar
[INFO] 
[INFO] --- maven-surefire-plugin:2.10:test (integration) @ cloudservers-us ---
[INFO] Surefire report directory: /Users/adriancole/workspace/git/1.3.x/jclouds/providers/cloudservers-us/target/surefire-reports
[INFO] Using configured provider org.apache.maven.surefire.testng.TestNGProvider

-------------------------------------------------------
 T E S T S
-------------------------------------------------------
Running TestSuite
Starting test testCreateServer(org.jclouds.rackspace.cloudservers.CloudServersUSClientLiveTest)
blocking on status active
Server [addresses=Addresses [privateAddresses=[10.182.134.128], publicAddresses=[50.57.111.32]], adminPass=null, flavorId=1, hostId=7ca9308f338d24236bbb2514169d6771, id=20496417, imageId=14362, metadata={jclouds=rackspace}, name=adriancole.cscreateserver-1961185217, sharedIpGroupId=null]
blocking on status active
Server [addresses=Addresses [privateAddresses=[10.182.134.128], publicAddresses=[50.57.111.32]], adminPass=null, flavorId=1, hostId=7ca9308f338d24236bbb2514169d6771, id=20496417, imageId=14362, metadata={jclouds=rackspace}, name=adriancole.cscreateserver-1961185217, sharedIpGroupId=null]
blocking on status active
Server [addresses=Addresses [privateAddresses=[10.182.134.128], publicAddresses=[50.57.111.32]], adminPass=null, flavorId=1, hostId=7ca9308f338d24236bbb2514169d6771, id=20496417, imageId=14362, metadata={jclouds=rackspace}, name=adriancole.cscreateserver-1961185217, sharedIpGroupId=null]
blocking on status active
Server [addresses=Addresses [privateAddresses=[10.182.134.128], publicAddresses=[50.57.111.32]], adminPass=null, flavorId=1, hostId=7ca9308f338d24236bbb2514169d6771, id=20496417, imageId=14362, metadata={jclouds=rackspace}, name=adriancole.cscreateserver-1961185217, sharedIpGroupId=null]
blocking on status active
Server [addresses=Addresses [privateAddresses=[10.182.134.128], publicAddresses=[50.57.111.32]], adminPass=null, flavorId=1, hostId=7ca9308f338d24236bbb2514169d6771, id=20496417, imageId=14362, metadata={jclouds=rackspace}, name=adriancole.cscreateserver-1961185217, sharedIpGroupId=null]
blocking on status active
Server [addresses=Addresses [privateAddresses=[10.182.134.128], publicAddresses=[50.57.111.32]], adminPass=null, flavorId=1, hostId=7ca9308f338d24236bbb2514169d6771, id=20496417, imageId=14362, metadata={jclouds=rackspace}, name=adriancole.cscreateserver-1961185217, sharedIpGroupId=null]
blocking on status active
Server [addresses=Addresses [privateAddresses=[10.182.134.128], publicAddresses=[50.57.111.32]], adminPass=null, flavorId=1, hostId=7ca9308f338d24236bbb2514169d6771, id=20496417, imageId=14362, metadata={jclouds=rackspace}, name=adriancole.cscreateserver-1961185217, sharedIpGroupId=null]
blocking on status active
Server [addresses=Addresses [privateAddresses=[10.182.134.128], publicAddresses=[50.57.111.32]], adminPass=null, flavorId=1, hostId=7ca9308f338d24236bbb2514169d6771, id=20496417, imageId=14362, metadata={jclouds=rackspace}, name=adriancole.cscreateserver-1961185217, sharedIpGroupId=null]
blocking on status active
Server [addresses=Addresses [privateAddresses=[10.182.134.128], publicAddresses=[50.57.111.32]], adminPass=null, flavorId=1, hostId=7ca9308f338d24236bbb2514169d6771, id=20496417, imageId=14362, metadata={jclouds=rackspace}, name=adriancole.cscreateserver-1961185217, sharedIpGroupId=null]
blocking on status active
Server [addresses=Addresses [privateAddresses=[10.182.134.128], publicAddresses=[50.57.111.32]], adminPass=null, flavorId=1, hostId=7ca9308f338d24236bbb2514169d6771, id=20496417, imageId=14362, metadata={jclouds=rackspace}, name=adriancole.cscreateserver-1961185217, sharedIpGroupId=null]
blocking on status active
Server [addresses=Addresses [privateAddresses=[10.182.134.128], publicAddresses=[50.57.111.32]], adminPass=null, flavorId=1, hostId=7ca9308f338d24236bbb2514169d6771, id=20496417, imageId=14362, metadata={jclouds=rackspace}, name=adriancole.cscreateserver-1961185217, sharedIpGroupId=null]
blocking on status active
Server [addresses=Addresses [privateAddresses=[10.182.134.128], publicAddresses=[50.57.111.32]], adminPass=null, flavorId=1, hostId=7ca9308f338d24236bbb2514169d6771, id=20496417, imageId=14362, metadata={jclouds=rackspace}, name=adriancole.cscreateserver-1961185217, sharedIpGroupId=null]
blocking on status active
Server [addresses=Addresses [privateAddresses=[10.182.134.128], publicAddresses=[50.57.111.32]], adminPass=null, flavorId=1, hostId=7ca9308f338d24236bbb2514169d6771, id=20496417, imageId=14362, metadata={jclouds=rackspace}, name=adriancole.cscreateserver-1961185217, sharedIpGroupId=null]
blocking on status active
Server [addresses=Addresses [privateAddresses=[10.182.134.128], publicAddresses=[50.57.111.32]], adminPass=null, flavorId=1, hostId=7ca9308f338d24236bbb2514169d6771, id=20496417, imageId=14362, metadata={jclouds=rackspace}, name=adriancole.cscreateserver-1961185217, sharedIpGroupId=null]
blocking on status active
Server [addresses=Addresses [privateAddresses=[10.182.134.128], publicAddresses=[50.57.111.32]], adminPass=null, flavorId=1, hostId=7ca9308f338d24236bbb2514169d6771, id=20496417, imageId=14362, metadata={jclouds=rackspace}, name=adriancole.cscreateserver-1961185217, sharedIpGroupId=null]
[pool-2-thread-1] Test testCreateServer(org.jclouds.rackspace.cloudservers.CloudServersUSClientLiveTest) succeeded: 103140ms
Test suite progress: tests succeeded: 1, failed: 0, skipped: 0.
Starting test testChangePassword(org.jclouds.rackspace.cloudservers.CloudServersUSClientLiveTest)
blocking on status active
Server [addresses=Addresses [privateAddresses=[10.182.134.128], publicAddresses=[50.57.111.32]], adminPass=null, flavorId=1, hostId=7ca9308f338d24236bbb2514169d6771, id=20496417, imageId=14362, metadata={jclouds=rackspace}, name=adriancole.cscreateserver-1961185217, sharedIpGroupId=null]
blocking on status active
Server [addresses=Addresses [privateAddresses=[10.182.134.128], publicAddresses=[50.57.111.32]], adminPass=null, flavorId=1, hostId=7ca9308f338d24236bbb2514169d6771, id=20496417, imageId=14362, metadata={jclouds=rackspace}, name=adriancole.cscreateserver-1961185217, sharedIpGroupId=null]
blocking on status active
Server [addresses=Addresses [privateAddresses=[10.182.134.128], publicAddresses=[50.57.111.32]], adminPass=null, flavorId=1, hostId=7ca9308f338d24236bbb2514169d6771, id=20496417, imageId=14362, metadata={jclouds=rackspace}, name=adriancole.cscreateserver-1961185217, sharedIpGroupId=null]
blocking on status active
Server [addresses=Addresses [privateAddresses=[10.182.134.128], publicAddresses=[50.57.111.32]], adminPass=null, flavorId=1, hostId=7ca9308f338d24236bbb2514169d6771, id=20496417, imageId=14362, metadata={jclouds=rackspace}, name=adriancole.cscreateserver-1961185217, sharedIpGroupId=null]
blocking on status active
Server [addresses=Addresses [privateAddresses=[10.182.134.128], publicAddresses=[50.57.111.32]], adminPass=null, flavorId=1, hostId=7ca9308f338d24236bbb2514169d6771, id=20496417, imageId=14362, metadata={jclouds=rackspace}, name=adriancole.cscreateserver-1961185217, sharedIpGroupId=null]
SLF4J: Failed to load class "org.slf4j.impl.StaticLoggerBinder".
SLF4J: Defaulting to no-operation (NOP) logger implementation
SLF4J: See http://www.slf4j.org/codes.html#StaticLoggerBinder for further details.
[pool-2-thread-1] Test testChangePassword(org.jclouds.rackspace.cloudservers.CloudServersUSClientLiveTest) succeeded: 94389ms
Test suite progress: tests succeeded: 2, failed: 0, skipped: 0.
Starting test testCreateSharedIpGroup(org.jclouds.rackspace.cloudservers.CloudServersUSClientLiveTest)
[pool-2-thread-1] Test testCreateSharedIpGroup(org.jclouds.rackspace.cloudservers.CloudServersUSClientLiveTest) succeeded: 2162ms
Test suite progress: tests succeeded: 3, failed: 0, skipped: 0.
Starting test testCreateServerIp(org.jclouds.rackspace.cloudservers.CloudServersUSClientLiveTest)
blocking on status active
Server [addresses=Addresses [privateAddresses=[10.182.134.141], publicAddresses=[50.57.119.212, 50.57.111.32]], adminPass=null, flavorId=1, hostId=525d18b3b4208e87869031d98ff0934c, id=20496419, imageId=14362, metadata={jclouds=rackspace}, name=adriancole.cscreateserver-1132863083, sharedIpGroupId=12347]
blocking on status active
Server [addresses=Addresses [privateAddresses=[10.182.134.141], publicAddresses=[50.57.119.212, 50.57.111.32]], adminPass=null, flavorId=1, hostId=525d18b3b4208e87869031d98ff0934c, id=20496419, imageId=14362, metadata={jclouds=rackspace}, name=adriancole.cscreateserver-1132863083, sharedIpGroupId=12347]
blocking on status active
Server [addresses=Addresses [privateAddresses=[10.182.134.141], publicAddresses=[50.57.119.212, 50.57.111.32]], adminPass=null, flavorId=1, hostId=525d18b3b4208e87869031d98ff0934c, id=20496419, imageId=14362, metadata={jclouds=rackspace}, name=adriancole.cscreateserver-1132863083, sharedIpGroupId=12347]
blocking on status active
Server [addresses=Addresses [privateAddresses=[10.182.134.141], publicAddresses=[50.57.119.212, 50.57.111.32]], adminPass=null, flavorId=1, hostId=525d18b3b4208e87869031d98ff0934c, id=20496419, imageId=14362, metadata={jclouds=rackspace}, name=adriancole.cscreateserver-1132863083, sharedIpGroupId=12347]
blocking on status active
Server [addresses=Addresses [privateAddresses=[10.182.134.141], publicAddresses=[50.57.119.212, 50.57.111.32]], adminPass=null, flavorId=1, hostId=525d18b3b4208e87869031d98ff0934c, id=20496419, imageId=14362, metadata={jclouds=rackspace}, name=adriancole.cscreateserver-1132863083, sharedIpGroupId=12347]
blocking on status active
Server [addresses=Addresses [privateAddresses=[10.182.134.141], publicAddresses=[50.57.119.212, 50.57.111.32]], adminPass=null, flavorId=1, hostId=525d18b3b4208e87869031d98ff0934c, id=20496419, imageId=14362, metadata={jclouds=rackspace}, name=adriancole.cscreateserver-1132863083, sharedIpGroupId=12347]
blocking on status active
Server [addresses=Addresses [privateAddresses=[10.182.134.141], publicAddresses=[50.57.119.212, 50.57.111.32]], adminPass=null, flavorId=1, hostId=525d18b3b4208e87869031d98ff0934c, id=20496419, imageId=14362, metadata={jclouds=rackspace}, name=adriancole.cscreateserver-1132863083, sharedIpGroupId=12347]
blocking on status active
Server [addresses=Addresses [privateAddresses=[10.182.134.141], publicAddresses=[50.57.119.212, 50.57.111.32]], adminPass=null, flavorId=1, hostId=525d18b3b4208e87869031d98ff0934c, id=20496419, imageId=14362, metadata={jclouds=rackspace}, name=adriancole.cscreateserver-1132863083, sharedIpGroupId=12347]
java.lang.AssertionError: server Server [addresses=Addresses [privateAddresses=[10.182.134.141], publicAddresses=[50.57.119.212, 50.57.111.32]], adminPass=adriancole.cscreateserver-1132863083oWnFV37s2, flavorId=1, hostId=525d18b3b4208e87869031d98ff0934c, id=20496419, imageId=14362, metadata={jclouds=rackspace}, name=adriancole.cscreateserver-1132863083, sharedIpGroupId=12347] didn't get ip 50.57.111.32
[output=eth0      Link encap:Ethernet  HWaddr 40:40:51:29:f7:8b  
          inet addr:50.57.119.212  Bcast:50.57.119.255  Mask:255.255.255.0
          inet6 addr: fe80::4240:51ff:fe29:f78b/64 Scope:Link
          UP BROADCAST RUNNING MULTICAST  MTU:1500  Metric:1
          RX packets:44 errors:0 dropped:0 overruns:0 frame:0
          TX packets:43 errors:0 dropped:0 overruns:0 carrier:0
          collisions:0 txqueuelen:1000 
          RX bytes:5083 (5.0 KB)  TX bytes:5219 (5.2 KB)
          Interrupt:24 

eth1      Link encap:Ethernet  HWaddr 40:40:a6:63:68:46  
          inet addr:10.182.134.141  Bcast:10.182.159.255  Mask:255.255.224.0
          inet6 addr: fe80::4240:a6ff:fe63:6846/64 Scope:Link
          UP BROADCAST RUNNING MULTICAST  MTU:1500  Metric:1
          RX packets:4 errors:0 dropped:0 overruns:0 frame:0
          TX packets:6 errors:0 dropped:0 overruns:0 carrier:0
          collisions:0 txqueuelen:1000 
          RX bytes:244 (244.0 B)  TX bytes:468 (468.0 B)
          Interrupt:25 

lo        Link encap:Local Loopback  
          inet addr:127.0.0.1  Mask:255.0.0.0
          inet6 addr: ::1/128 Scope:Host
          UP LOOPBACK RUNNING  MTU:16436  Metric:1
          RX packets:0 errors:0 dropped:0 overruns:0 frame:0
          TX packets:0 errors:0 dropped:0 overruns:0 carrier:0
          collisions:0 txqueuelen:0 
          RX bytes:0 (0.0 B)  TX bytes:0 (0.0 B)

, error=, exitCode=0]
	at org.jclouds.cloudservers.CloudServersClientLiveTest.assertIpConfigured(CloudServersClientLiveTest.java:461)
	at org.jclouds.cloudservers.CloudServersClientLiveTest.testCreateServerIp(CloudServersClientLiveTest.java:453)
	at sun.reflect.NativeMethodAccessorImpl.invoke0(Native Method)
	at sun.reflect.NativeMethodAccessorImpl.invoke(NativeMethodAccessorImpl.java:39)
	at sun.reflect.DelegatingMethodAccessorImpl.invoke(DelegatingMethodAccessorImpl.java:25)
	at java.lang.reflect.Method.invoke(Method.java:597)
	at org.testng.internal.MethodInvocationHelper.invokeMethod(MethodInvocationHelper.java:76)
	at org.testng.internal.InvokeMethodRunnable.runOne(InvokeMethodRunnable.java:46)
	at org.testng.internal.InvokeMethodRunnable.run(InvokeMethodRunnable.java:37)
	at java.util.concurrent.Executors$RunnableAdapter.call(Executors.java:441)
	at java.util.concurrent.FutureTask$Sync.innerRun(FutureTask.java:303)
	at java.util.concurrent.FutureTask.run(FutureTask.java:138)
	at java.util.concurrent.ThreadPoolExecutor$Worker.runTask(ThreadPoolExecutor.java:886)
	at java.util.concurrent.ThreadPoolExecutor$Worker.run(ThreadPoolExecutor.java:908)
	at java.lang.Thread.run(Thread.java:680)
[pool-2-thread-1] Test testCreateServerIp(org.jclouds.rackspace.cloudservers.CloudServersUSClientLiveTest) succeeded: 57780ms
Test suite progress: tests succeeded: 4, failed: 0, skipped: 0.
Starting test testGetFlavorDetailsNotFound(org.jclouds.rackspace.cloudservers.CloudServersUSClientLiveTest)
[pool-2-thread-1] Test testGetFlavorDetailsNotFound(org.jclouds.rackspace.cloudservers.CloudServersUSClientLiveTest) succeeded: 392ms
Test suite progress: tests succeeded: 5, failed: 0, skipped: 0.
Starting test testGetFlavorsDetail(org.jclouds.rackspace.cloudservers.CloudServersUSClientLiveTest)
[pool-2-thread-1] Test testGetFlavorsDetail(org.jclouds.rackspace.cloudservers.CloudServersUSClientLiveTest) succeeded: 4313ms
Test suite progress: tests succeeded: 6, failed: 0, skipped: 0.
Starting test testGetImageDetailsNotFound(org.jclouds.rackspace.cloudservers.CloudServersUSClientLiveTest)
[pool-2-thread-1] Test testGetImageDetailsNotFound(org.jclouds.rackspace.cloudservers.CloudServersUSClientLiveTest) succeeded: 482ms
Test suite progress: tests succeeded: 7, failed: 0, skipped: 0.
Starting test testGetImagesDetail(org.jclouds.rackspace.cloudservers.CloudServersUSClientLiveTest)
[pool-2-thread-1] Test testGetImagesDetail(org.jclouds.rackspace.cloudservers.CloudServersUSClientLiveTest) succeeded: 11879ms
Test suite progress: tests succeeded: 8, failed: 0, skipped: 0.
Starting test testGetServerDetailsNotFound(org.jclouds.rackspace.cloudservers.CloudServersUSClientLiveTest)
[pool-2-thread-1] Test testGetServerDetailsNotFound(org.jclouds.rackspace.cloudservers.CloudServersUSClientLiveTest) succeeded: 448ms
Test suite progress: tests succeeded: 9, failed: 0, skipped: 0.
Starting test testGetServersDetail(org.jclouds.rackspace.cloudservers.CloudServersUSClientLiveTest)
[pool-2-thread-1] Test testGetServersDetail(org.jclouds.rackspace.cloudservers.CloudServersUSClientLiveTest) succeeded: 3560ms
Test suite progress: tests succeeded: 10, failed: 0, skipped: 0.
Starting test testGetSharedIpGroupDetailsNotFound(org.jclouds.rackspace.cloudservers.CloudServersUSClientLiveTest)
[pool-2-thread-1] Test testGetSharedIpGroupDetailsNotFound(org.jclouds.rackspace.cloudservers.CloudServersUSClientLiveTest) succeeded: 409ms
Test suite progress: tests succeeded: 11, failed: 0, skipped: 0.
Starting test testGetSharedIpGroupsDetail(org.jclouds.rackspace.cloudservers.CloudServersUSClientLiveTest)
[pool-2-thread-1] Test testGetSharedIpGroupsDetail(org.jclouds.rackspace.cloudservers.CloudServersUSClientLiveTest) succeeded: 8146ms
Test suite progress: tests succeeded: 12, failed: 0, skipped: 0.
Starting test testLimits(org.jclouds.rackspace.cloudservers.CloudServersUSClientLiveTest)
[pool-2-thread-1] Test testLimits(org.jclouds.rackspace.cloudservers.CloudServersUSClientLiveTest) succeeded: 429ms
Test suite progress: tests succeeded: 13, failed: 0, skipped: 0.
Starting test testListFlavors(org.jclouds.rackspace.cloudservers.CloudServersUSClientLiveTest)
[pool-2-thread-1] Test testListFlavors(org.jclouds.rackspace.cloudservers.CloudServersUSClientLiveTest) succeeded: 589ms
Test suite progress: tests succeeded: 14, failed: 0, skipped: 0.
Starting test testListFlavorsDetail(org.jclouds.rackspace.cloudservers.CloudServersUSClientLiveTest)
[pool-2-thread-1] Test testListFlavorsDetail(org.jclouds.rackspace.cloudservers.CloudServersUSClientLiveTest) succeeded: 478ms
Test suite progress: tests succeeded: 15, failed: 0, skipped: 0.
Starting test testListImages(org.jclouds.rackspace.cloudservers.CloudServersUSClientLiveTest)
[pool-2-thread-1] Test testListImages(org.jclouds.rackspace.cloudservers.CloudServersUSClientLiveTest) succeeded: 723ms
Test suite progress: tests succeeded: 16, failed: 0, skipped: 0.
Starting test testListImagesDetail(org.jclouds.rackspace.cloudservers.CloudServersUSClientLiveTest)
[pool-2-thread-1] Test testListImagesDetail(org.jclouds.rackspace.cloudservers.CloudServersUSClientLiveTest) succeeded: 783ms
Test suite progress: tests succeeded: 17, failed: 0, skipped: 0.
Starting test testListServers(org.jclouds.rackspace.cloudservers.CloudServersUSClientLiveTest)
[pool-2-thread-1] Test testListServers(org.jclouds.rackspace.cloudservers.CloudServersUSClientLiveTest) succeeded: 955ms
Test suite progress: tests succeeded: 18, failed: 0, skipped: 0.
Starting test testListServersDetail(org.jclouds.rackspace.cloudservers.CloudServersUSClientLiveTest)
[pool-2-thread-1] Test testListServersDetail(org.jclouds.rackspace.cloudservers.CloudServersUSClientLiveTest) succeeded: 1011ms
Test suite progress: tests succeeded: 19, failed: 0, skipped: 0.
Starting test testListSharedIpGroups(org.jclouds.rackspace.cloudservers.CloudServersUSClientLiveTest)
[pool-2-thread-1] Test testListSharedIpGroups(org.jclouds.rackspace.cloudservers.CloudServersUSClientLiveTest) succeeded: 935ms
Test suite progress: tests succeeded: 20, failed: 0, skipped: 0.
Starting test testListSharedIpGroupsDetail(org.jclouds.rackspace.cloudservers.CloudServersUSClientLiveTest)
[pool-2-thread-1] Test testListSharedIpGroupsDetail(org.jclouds.rackspace.cloudservers.CloudServersUSClientLiveTest) succeeded: 6433ms
Test suite progress: tests succeeded: 21, failed: 0, skipped: 0.
Starting test testRenameServer(org.jclouds.rackspace.cloudservers.CloudServersUSClientLiveTest)
[pool-2-thread-1] Test testRenameServer(org.jclouds.rackspace.cloudservers.CloudServersUSClientLiveTest) succeeded: 6393ms
Test suite progress: tests succeeded: 22, failed: 0, skipped: 0.
Starting test testServerDetails(org.jclouds.rackspace.cloudservers.CloudServersUSClientLiveTest)
[pool-2-thread-1] Test testServerDetails(org.jclouds.rackspace.cloudservers.CloudServersUSClientLiveTest) succeeded: 6296ms
Test suite progress: tests succeeded: 23, failed: 0, skipped: 0.
Starting test testUnshare(org.jclouds.rackspace.cloudservers.CloudServersUSClientLiveTest)
blocking on status active
Server [addresses=Addresses [privateAddresses=[10.182.134.141], publicAddresses=[50.57.119.212]], adminPass=null, flavorId=1, hostId=525d18b3b4208e87869031d98ff0934c, id=20496419, imageId=14362, metadata={jclouds=rackspace}, name=adriancole.cscreateserver-1132863083, sharedIpGroupId=12347]
blocking on status active
Server [addresses=Addresses [privateAddresses=[10.182.134.141], publicAddresses=[50.57.119.212]], adminPass=null, flavorId=1, hostId=525d18b3b4208e87869031d98ff0934c, id=20496419, imageId=14362, metadata={jclouds=rackspace}, name=adriancole.cscreateserver-1132863083, sharedIpGroupId=12347]
blocking on status active
Server [addresses=Addresses [privateAddresses=[10.182.134.141], publicAddresses=[50.57.119.212]], adminPass=null, flavorId=1, hostId=525d18b3b4208e87869031d98ff0934c, id=20496419, imageId=14362, metadata={jclouds=rackspace}, name=adriancole.cscreateserver-1132863083, sharedIpGroupId=12347]
blocking on status active
Server [addresses=Addresses [privateAddresses=[10.182.134.141], publicAddresses=[50.57.119.212]], adminPass=null, flavorId=1, hostId=525d18b3b4208e87869031d98ff0934c, id=20496419, imageId=14362, metadata={jclouds=rackspace}, name=adriancole.cscreateserver-1132863083, sharedIpGroupId=12347]
[pool-2-thread-1] Test testUnshare(org.jclouds.rackspace.cloudservers.CloudServersUSClientLiveTest) succeeded: 31082ms
Test suite progress: tests succeeded: 24, failed: 0, skipped: 0.
Starting test testShareConfig(org.jclouds.rackspace.cloudservers.CloudServersUSClientLiveTest)
java.lang.AssertionError: server Server [addresses=Addresses [privateAddresses=[10.182.134.141], publicAddresses=[50.57.119.212, 50.57.111.32]], adminPass=null, flavorId=1, hostId=525d18b3b4208e87869031d98ff0934c, id=20496419, imageId=14362, metadata={jclouds=rackspace}, name=adriancole.cscreateserver-1132863083, sharedIpGroupId=12347] didn't get ip 50.57.111.32
[output=eth0      Link encap:Ethernet  HWaddr 40:40:51:29:f7:8b  
          inet addr:50.57.119.212  Bcast:50.57.119.255  Mask:255.255.255.0
          inet6 addr: fe80::4240:51ff:fe29:f78b/64 Scope:Link
          UP BROADCAST RUNNING MULTICAST  MTU:1500  Metric:1
          RX packets:45 errors:0 dropped:0 overruns:0 frame:0
          TX packets:43 errors:0 dropped:0 overruns:0 carrier:0
          collisions:0 txqueuelen:1000 
          RX bytes:5123 (5.1 KB)  TX bytes:5203 (5.2 KB)
          Interrupt:24 

eth1      Link encap:Ethernet  HWaddr 40:40:a6:63:68:46  
          inet addr:10.182.134.141  Bcast:10.182.159.255  Mask:255.255.224.0
          inet6 addr: fe80::4240:a6ff:fe63:6846/64 Scope:Link
          UP BROADCAST RUNNING MULTICAST  MTU:1500  Metric:1
          RX packets:3 errors:0 dropped:0 overruns:0 frame:0
          TX packets:5 errors:0 dropped:0 overruns:0 carrier:0
          collisions:0 txqueuelen:1000 
          RX bytes:188 (188.0 B)  TX bytes:398 (398.0 B)
          Interrupt:25 

lo        Link encap:Local Loopback  
          inet addr:127.0.0.1  Mask:255.0.0.0
          inet6 addr: ::1/128 Scope:Host
          UP LOOPBACK RUNNING  MTU:16436  Metric:1
          RX packets:0 errors:0 dropped:0 overruns:0 frame:0
          TX packets:0 errors:0 dropped:0 overruns:0 carrier:0
          collisions:0 txqueuelen:0 
          RX bytes:0 (0.0 B)  TX bytes:0 (0.0 B)

, error=, exitCode=0]
	at org.jclouds.cloudservers.CloudServersClientLiveTest.assertIpConfigured(CloudServersClientLiveTest.java:461)
	at org.jclouds.cloudservers.CloudServersClientLiveTest.testShareConfig(CloudServersClientLiveTest.java:497)
	at sun.reflect.NativeMethodAccessorImpl.invoke0(Native Method)
	at sun.reflect.NativeMethodAccessorImpl.invoke(NativeMethodAccessorImpl.java:39)
	at sun.reflect.DelegatingMethodAccessorImpl.invoke(DelegatingMethodAccessorImpl.java:25)
	at java.lang.reflect.Method.invoke(Method.java:597)
	at org.testng.internal.MethodInvocationHelper.invokeMethod(MethodInvocationHelper.java:76)
	at org.testng.internal.InvokeMethodRunnable.runOne(InvokeMethodRunnable.java:46)
	at org.testng.internal.InvokeMethodRunnable.run(InvokeMethodRunnable.java:37)
	at java.util.concurrent.Executors$RunnableAdapter.call(Executors.java:441)
	at java.util.concurrent.FutureTask$Sync.innerRun(FutureTask.java:303)
	at java.util.concurrent.FutureTask.run(FutureTask.java:138)
	at java.util.concurrent.ThreadPoolExecutor$Worker.runTask(ThreadPoolExecutor.java:886)
	at java.util.concurrent.ThreadPoolExecutor$Worker.run(ThreadPoolExecutor.java:908)
	at java.lang.Thread.run(Thread.java:680)
blocking on status active
Server [addresses=Addresses [privateAddresses=[10.182.134.141], publicAddresses=[50.57.119.212]], adminPass=null, flavorId=1, hostId=525d18b3b4208e87869031d98ff0934c, id=20496419, imageId=14362, metadata={jclouds=rackspace}, name=adriancole.cscreateserver-1132863083, sharedIpGroupId=12347]
blocking on status active
Server [addresses=Addresses [privateAddresses=[10.182.134.141], publicAddresses=[50.57.119.212]], adminPass=null, flavorId=1, hostId=525d18b3b4208e87869031d98ff0934c, id=20496419, imageId=14362, metadata={jclouds=rackspace}, name=adriancole.cscreateserver-1132863083, sharedIpGroupId=12347]
blocking on status active
Server [addresses=Addresses [privateAddresses=[10.182.134.141], publicAddresses=[50.57.119.212]], adminPass=null, flavorId=1, hostId=525d18b3b4208e87869031d98ff0934c, id=20496419, imageId=14362, metadata={jclouds=rackspace}, name=adriancole.cscreateserver-1132863083, sharedIpGroupId=12347]
blocking on status active
Server [addresses=Addresses [privateAddresses=[10.182.134.141], publicAddresses=[50.57.119.212]], adminPass=null, flavorId=1, hostId=525d18b3b4208e87869031d98ff0934c, id=20496419, imageId=14362, metadata={jclouds=rackspace}, name=adriancole.cscreateserver-1132863083, sharedIpGroupId=12347]
[pool-2-thread-1] Test testShareConfig(org.jclouds.rackspace.cloudservers.CloudServersUSClientLiveTest) succeeded: 64618ms
Test suite progress: tests succeeded: 25, failed: 0, skipped: 0.
Starting test testShareNoConfig(org.jclouds.rackspace.cloudservers.CloudServersUSClientLiveTest)
blocking on status active
Server [addresses=Addresses [privateAddresses=[10.182.134.141], publicAddresses=[50.57.119.212]], adminPass=null, flavorId=1, hostId=525d18b3b4208e87869031d98ff0934c, id=20496419, imageId=14362, metadata={jclouds=rackspace}, name=adriancole.cscreateserver-1132863083, sharedIpGroupId=12347]
blocking on status active
Server [addresses=Addresses [privateAddresses=[10.182.134.141], publicAddresses=[50.57.119.212]], adminPass=null, flavorId=1, hostId=525d18b3b4208e87869031d98ff0934c, id=20496419, imageId=14362, metadata={jclouds=rackspace}, name=adriancole.cscreateserver-1132863083, sharedIpGroupId=12347]
blocking on status active
Server [addresses=Addresses [privateAddresses=[10.182.134.141], publicAddresses=[50.57.119.212]], adminPass=null, flavorId=1, hostId=525d18b3b4208e87869031d98ff0934c, id=20496419, imageId=14362, metadata={jclouds=rackspace}, name=adriancole.cscreateserver-1132863083, sharedIpGroupId=12347]
blocking on status active
Server [addresses=Addresses [privateAddresses=[10.182.134.141], publicAddresses=[50.57.119.212]], adminPass=null, flavorId=1, hostId=525d18b3b4208e87869031d98ff0934c, id=20496419, imageId=14362, metadata={jclouds=rackspace}, name=adriancole.cscreateserver-1132863083, sharedIpGroupId=12347]
[pool-2-thread-1] Test testShareNoConfig(org.jclouds.rackspace.cloudservers.CloudServersUSClientLiveTest) succeeded: 43546ms
Test suite progress: tests succeeded: 26, failed: 0, skipped: 0.
Starting test testBackup(org.jclouds.rackspace.cloudservers.CloudServersUSClientLiveTest)
[pool-2-thread-1] Test testBackup(org.jclouds.rackspace.cloudservers.CloudServersUSClientLiveTest) succeeded: 6567ms
Test suite progress: tests succeeded: 27, failed: 0, skipped: 0.
Starting test testCreateImage(org.jclouds.rackspace.cloudservers.CloudServersUSClientLiveTest)
[pool-2-thread-1] Test testCreateImage(org.jclouds.rackspace.cloudservers.CloudServersUSClientLiveTest) failed.
Test suite progress: tests succeeded: 27, failed: 1, skipped: 0.
[pool-2-thread-1] Test testRebuildServer(org.jclouds.rackspace.cloudservers.CloudServersUSClientLiveTest) skipped.
Test suite progress: tests succeeded: 27, failed: 1, skipped: 1.
[pool-2-thread-1] Test testRebootHard(org.jclouds.rackspace.cloudservers.CloudServersUSClientLiveTest) skipped.
Test suite progress: tests succeeded: 27, failed: 1, skipped: 2.
[pool-2-thread-1] Test testRebootSoft(org.jclouds.rackspace.cloudservers.CloudServersUSClientLiveTest) skipped.
Test suite progress: tests succeeded: 27, failed: 1, skipped: 3.
[pool-2-thread-1] Test testConfirmResize(org.jclouds.rackspace.cloudservers.CloudServersUSClientLiveTest) skipped.
Test suite progress: tests succeeded: 27, failed: 1, skipped: 4.
[pool-2-thread-1] Test testRevertResize(org.jclouds.rackspace.cloudservers.CloudServersUSClientLiveTest) skipped.
Test suite progress: tests succeeded: 27, failed: 1, skipped: 5.
[pool-2-thread-1] Test deleteServer2(org.jclouds.rackspace.cloudservers.CloudServersUSClientLiveTest) skipped.
Test suite progress: tests succeeded: 27, failed: 1, skipped: 6.
[pool-2-thread-1] Test testDeleteImage(org.jclouds.rackspace.cloudservers.CloudServersUSClientLiveTest) skipped.
Test suite progress: tests succeeded: 27, failed: 1, skipped: 7.
[pool-2-thread-1] Test deleteServer1(org.jclouds.rackspace.cloudservers.CloudServersUSClientLiveTest) skipped.
Test suite progress: tests succeeded: 27, failed: 1, skipped: 8.
[pool-2-thread-1] Test testDeleteSharedIpGroup(org.jclouds.rackspace.cloudservers.CloudServersUSClientLiveTest) skipped.
Test suite progress: tests succeeded: 27, failed: 1, skipped: 9.
Starting test testCompareSizes(org.jclouds.rackspace.cloudservers.compute.CloudServersUSTemplateBuilderLiveTest)
smallest [id=1, providerId=1, name=256 server, processors=[[cores=1.0, speed=1.0]], ram=256, volumes=[[id=null, type=LOCAL, size=10.0, device=null, durable=true, isBootDevice=true]], supportsImage=ALWAYS_TRUE, tags=[]]
fastest [id=8, providerId=8, name=30GB server, processors=[[cores=120.0, speed=1.0]], ram=30720, volumes=[[id=null, type=LOCAL, size=1200.0, device=null, durable=true, isBootDevice=true]], supportsImage=ALWAYS_TRUE, tags=[]]
biggest [id=8, providerId=8, name=30GB server, processors=[[cores=120.0, speed=1.0]], ram=30720, volumes=[[id=null, type=LOCAL, size=1200.0, device=null, durable=true, isBootDevice=true]], supportsImage=ALWAYS_TRUE, tags=[]]
[pool-2-thread-1] Test testCompareSizes(org.jclouds.rackspace.cloudservers.compute.CloudServersUSTemplateBuilderLiveTest) succeeded: 1318ms
Test suite progress: tests succeeded: 28, failed: 1, skipped: 9.
Starting test testDefaultTemplateBuilder(org.jclouds.rackspace.cloudservers.compute.CloudServersUSTemplateBuilderLiveTest)
[pool-2-thread-1] Test testDefaultTemplateBuilder(org.jclouds.rackspace.cloudservers.compute.CloudServersUSTemplateBuilderLiveTest) succeeded: 1ms
Test suite progress: tests succeeded: 29, failed: 1, skipped: 9.
Starting test testFromTemplate(org.jclouds.rackspace.cloudservers.compute.CloudServersUSTemplateBuilderLiveTest)
[pool-2-thread-1] Test testFromTemplate(org.jclouds.rackspace.cloudservers.compute.CloudServersUSTemplateBuilderLiveTest) succeeded: 3ms
Test suite progress: tests succeeded: 30, failed: 1, skipped: 9.
Starting test testGetAssignableLocations(org.jclouds.rackspace.cloudservers.compute.CloudServersUSTemplateBuilderLiveTest)
location [id=cloudservers-us, scope=PROVIDER, description=https://auth.api.rackspacecloud.com, parent=null, iso3166Codes=[US-IL, US-TX], metadata={}]
[pool-2-thread-1] Test testGetAssignableLocations(org.jclouds.rackspace.cloudservers.compute.CloudServersUSTemplateBuilderLiveTest) succeeded: 1ms
Test suite progress: tests succeeded: 31, failed: 1, skipped: 9.
Starting test testTemplateBuilderCanFind(org.jclouds.rackspace.cloudservers.compute.CloudServersUSTemplateBuilderLiveTest)
[pool-2-thread-1] Test testTemplateBuilderCanFind(org.jclouds.rackspace.cloudservers.compute.CloudServersUSTemplateBuilderLiveTest) succeeded: 2ms
Test suite progress: tests succeeded: 32, failed: 1, skipped: 9.
Starting test testTemplateBuilderCanFind(org.jclouds.rackspace.cloudservers.compute.CloudServersUSTemplateBuilderLiveTest)
[pool-2-thread-1] Test testTemplateBuilderCanFind(org.jclouds.rackspace.cloudservers.compute.CloudServersUSTemplateBuilderLiveTest) succeeded: 1ms
Test suite progress: tests succeeded: 33, failed: 1, skipped: 9.
Starting test testTemplateBuilderCanFind(org.jclouds.rackspace.cloudservers.compute.CloudServersUSTemplateBuilderLiveTest)
[pool-2-thread-1] Test testTemplateBuilderCanFind(org.jclouds.rackspace.cloudservers.compute.CloudServersUSTemplateBuilderLiveTest) succeeded: 1ms
Test suite progress: tests succeeded: 34, failed: 1, skipped: 9.
Starting test testTemplateBuilderCanFind(org.jclouds.rackspace.cloudservers.compute.CloudServersUSTemplateBuilderLiveTest)
[pool-2-thread-1] Test testTemplateBuilderCanFind(org.jclouds.rackspace.cloudservers.compute.CloudServersUSTemplateBuilderLiveTest) succeeded: 1ms
Test suite progress: tests succeeded: 35, failed: 1, skipped: 9.
Starting test testTemplateBuilderCanFind(org.jclouds.rackspace.cloudservers.compute.CloudServersUSTemplateBuilderLiveTest)
[pool-2-thread-1] Test testTemplateBuilderCanFind(org.jclouds.rackspace.cloudservers.compute.CloudServersUSTemplateBuilderLiveTest) succeeded: 1ms
Test suite progress: tests succeeded: 36, failed: 1, skipped: 9.
Starting test testTemplateBuilderCanFind(org.jclouds.rackspace.cloudservers.compute.CloudServersUSTemplateBuilderLiveTest)
[pool-2-thread-1] Test testTemplateBuilderCanFind(org.jclouds.rackspace.cloudservers.compute.CloudServersUSTemplateBuilderLiveTest) succeeded: 1ms
Test suite progress: tests succeeded: 37, failed: 1, skipped: 9.
Starting test testTemplateBuilderCanFind(org.jclouds.rackspace.cloudservers.compute.CloudServersUSTemplateBuilderLiveTest)
[pool-2-thread-1] Test testTemplateBuilderCanFind(org.jclouds.rackspace.cloudservers.compute.CloudServersUSTemplateBuilderLiveTest) succeeded: 1ms
Test suite progress: tests succeeded: 38, failed: 1, skipped: 9.
Starting test testTemplateBuilderCanFind(org.jclouds.rackspace.cloudservers.compute.CloudServersUSTemplateBuilderLiveTest)
[pool-2-thread-1] Test testTemplateBuilderCanFind(org.jclouds.rackspace.cloudservers.compute.CloudServersUSTemplateBuilderLiveTest) succeeded: 1ms
Test suite progress: tests succeeded: 39, failed: 1, skipped: 9.
Starting test testTemplateBuilderCanFind(org.jclouds.rackspace.cloudservers.compute.CloudServersUSTemplateBuilderLiveTest)
[pool-2-thread-1] Test testTemplateBuilderCanFind(org.jclouds.rackspace.cloudservers.compute.CloudServersUSTemplateBuilderLiveTest) succeeded: 1ms
Test suite progress: tests succeeded: 40, failed: 1, skipped: 9.
Starting test testTemplateBuilderCanFind(org.jclouds.rackspace.cloudservers.compute.CloudServersUSTemplateBuilderLiveTest)
[pool-2-thread-1] Test testTemplateBuilderCanFind(org.jclouds.rackspace.cloudservers.compute.CloudServersUSTemplateBuilderLiveTest) succeeded: 1ms
Test suite progress: tests succeeded: 41, failed: 1, skipped: 9.
Starting test testTemplateBuilderCanFind(org.jclouds.rackspace.cloudservers.compute.CloudServersUSTemplateBuilderLiveTest)
[pool-2-thread-1] Test testTemplateBuilderCanFind(org.jclouds.rackspace.cloudservers.compute.CloudServersUSTemplateBuilderLiveTest) succeeded: 1ms
Test suite progress: tests succeeded: 42, failed: 1, skipped: 9.
Starting test testTemplateBuilderCanFind(org.jclouds.rackspace.cloudservers.compute.CloudServersUSTemplateBuilderLiveTest)
[pool-2-thread-1] Test testTemplateBuilderCanFind(org.jclouds.rackspace.cloudservers.compute.CloudServersUSTemplateBuilderLiveTest) succeeded: 1ms
Test suite progress: tests succeeded: 43, failed: 1, skipped: 9.
Starting test testTemplateBuilderCanFind(org.jclouds.rackspace.cloudservers.compute.CloudServersUSTemplateBuilderLiveTest)
[pool-2-thread-1] Test testTemplateBuilderCanFind(org.jclouds.rackspace.cloudservers.compute.CloudServersUSTemplateBuilderLiveTest) succeeded: 2ms
Test suite progress: tests succeeded: 44, failed: 1, skipped: 9.
Starting test testTemplateBuilderCanUseImageId(org.jclouds.rackspace.cloudservers.compute.CloudServersUSTemplateBuilderLiveTest)
[pool-2-thread-1] Test testTemplateBuilderCanUseImageId(org.jclouds.rackspace.cloudservers.compute.CloudServersUSTemplateBuilderLiveTest) succeeded: 1770ms
Test suite progress: tests succeeded: 45, failed: 1, skipped: 9.
Starting test testTemplateBuilderCannotFind(org.jclouds.rackspace.cloudservers.compute.CloudServersUSTemplateBuilderLiveTest)
[pool-2-thread-1] Test testTemplateBuilderCannotFind(org.jclouds.rackspace.cloudservers.compute.CloudServersUSTemplateBuilderLiveTest) succeeded: 3ms
Test suite progress: tests succeeded: 46, failed: 1, skipped: 9.
Starting test testTemplateBuilderCannotFind(org.jclouds.rackspace.cloudservers.compute.CloudServersUSTemplateBuilderLiveTest)
[pool-2-thread-1] Test testTemplateBuilderCannotFind(org.jclouds.rackspace.cloudservers.compute.CloudServersUSTemplateBuilderLiveTest) succeeded: 2ms
Test suite progress: tests succeeded: 47, failed: 1, skipped: 9.
Starting test testTemplateBuilderCannotFind(org.jclouds.rackspace.cloudservers.compute.CloudServersUSTemplateBuilderLiveTest)
[pool-2-thread-1] Test testTemplateBuilderCannotFind(org.jclouds.rackspace.cloudservers.compute.CloudServersUSTemplateBuilderLiveTest) succeeded: 0ms
Test suite progress: tests succeeded: 48, failed: 1, skipped: 9.
Starting test testTemplateBuilderCannotFind(org.jclouds.rackspace.cloudservers.compute.CloudServersUSTemplateBuilderLiveTest)
[pool-2-thread-1] Test testTemplateBuilderCannotFind(org.jclouds.rackspace.cloudservers.compute.CloudServersUSTemplateBuilderLiveTest) succeeded: 1ms
Test suite progress: tests succeeded: 49, failed: 1, skipped: 9.
Starting test testTemplateBuilderCannotFind(org.jclouds.rackspace.cloudservers.compute.CloudServersUSTemplateBuilderLiveTest)
[pool-2-thread-1] Test testTemplateBuilderCannotFind(org.jclouds.rackspace.cloudservers.compute.CloudServersUSTemplateBuilderLiveTest) succeeded: 1ms
Test suite progress: tests succeeded: 50, failed: 1, skipped: 9.
Starting test testTemplateBuilderCannotFind(org.jclouds.rackspace.cloudservers.compute.CloudServersUSTemplateBuilderLiveTest)
[pool-2-thread-1] Test testTemplateBuilderCannotFind(org.jclouds.rackspace.cloudservers.compute.CloudServersUSTemplateBuilderLiveTest) succeeded: 1ms
Test suite progress: tests succeeded: 51, failed: 1, skipped: 9.
Starting test testTemplateBuilderCannotFind(org.jclouds.rackspace.cloudservers.compute.CloudServersUSTemplateBuilderLiveTest)
[pool-2-thread-1] Test testTemplateBuilderCannotFind(org.jclouds.rackspace.cloudservers.compute.CloudServersUSTemplateBuilderLiveTest) succeeded: 0ms
Test suite progress: tests succeeded: 52, failed: 1, skipped: 9.
Starting test testTemplateBuilderCannotFind(org.jclouds.rackspace.cloudservers.compute.CloudServersUSTemplateBuilderLiveTest)
[pool-2-thread-1] Test testTemplateBuilderCannotFind(org.jclouds.rackspace.cloudservers.compute.CloudServersUSTemplateBuilderLiveTest) succeeded: 0ms
Test suite progress: tests succeeded: 53, failed: 1, skipped: 9.
Starting test testTemplateBuilderCannotFind(org.jclouds.rackspace.cloudservers.compute.CloudServersUSTemplateBuilderLiveTest)
[pool-2-thread-1] Test testTemplateBuilderCannotFind(org.jclouds.rackspace.cloudservers.compute.CloudServersUSTemplateBuilderLiveTest) succeeded: 1ms
Test suite progress: tests succeeded: 54, failed: 1, skipped: 9.
Starting test testTemplateBuilderCannotFind(org.jclouds.rackspace.cloudservers.compute.CloudServersUSTemplateBuilderLiveTest)
[pool-2-thread-1] Test testTemplateBuilderCannotFind(org.jclouds.rackspace.cloudservers.compute.CloudServersUSTemplateBuilderLiveTest) succeeded: 1ms
Test suite progress: tests succeeded: 55, failed: 1, skipped: 9.
Starting test testTemplateBuilderCannotFind(org.jclouds.rackspace.cloudservers.compute.CloudServersUSTemplateBuilderLiveTest)
[pool-2-thread-1] Test testTemplateBuilderCannotFind(org.jclouds.rackspace.cloudservers.compute.CloudServersUSTemplateBuilderLiveTest) succeeded: 0ms
Test suite progress: tests succeeded: 56, failed: 1, skipped: 9.
Starting test testTemplateBuilderCannotFind(org.jclouds.rackspace.cloudservers.compute.CloudServersUSTemplateBuilderLiveTest)
[pool-2-thread-1] Test testTemplateBuilderCannotFind(org.jclouds.rackspace.cloudservers.compute.CloudServersUSTemplateBuilderLiveTest) succeeded: 0ms
Test suite progress: tests succeeded: 57, failed: 1, skipped: 9.
Starting test testTemplateBuilderCannotFind(org.jclouds.rackspace.cloudservers.compute.CloudServersUSTemplateBuilderLiveTest)
[pool-2-thread-1] Test testTemplateBuilderCannotFind(org.jclouds.rackspace.cloudservers.compute.CloudServersUSTemplateBuilderLiveTest) succeeded: 2ms
Test suite progress: tests succeeded: 58, failed: 1, skipped: 9.
Starting test testTemplateBuilderCannotFind(org.jclouds.rackspace.cloudservers.compute.CloudServersUSTemplateBuilderLiveTest)
[pool-2-thread-1] Test testTemplateBuilderCannotFind(org.jclouds.rackspace.cloudservers.compute.CloudServersUSTemplateBuilderLiveTest) succeeded: 9ms
Test suite progress: tests succeeded: 59, failed: 1, skipped: 9.
Starting test testTemplateBuilderCannotFind(org.jclouds.rackspace.cloudservers.compute.CloudServersUSTemplateBuilderLiveTest)
[pool-2-thread-1] Test testTemplateBuilderCannotFind(org.jclouds.rackspace.cloudservers.compute.CloudServersUSTemplateBuilderLiveTest) succeeded: 1ms
Test suite progress: tests succeeded: 60, failed: 1, skipped: 9.
Starting test testTemplateBuilderCannotFind(org.jclouds.rackspace.cloudservers.compute.CloudServersUSTemplateBuilderLiveTest)
[pool-2-thread-1] Test testTemplateBuilderCannotFind(org.jclouds.rackspace.cloudservers.compute.CloudServersUSTemplateBuilderLiveTest) succeeded: 2ms
Test suite progress: tests succeeded: 61, failed: 1, skipped: 9.
Starting test testTemplateBuilderCannotFind(org.jclouds.rackspace.cloudservers.compute.CloudServersUSTemplateBuilderLiveTest)
[pool-2-thread-1] Test testTemplateBuilderCannotFind(org.jclouds.rackspace.cloudservers.compute.CloudServersUSTemplateBuilderLiveTest) succeeded: 1ms
Test suite progress: tests succeeded: 62, failed: 1, skipped: 9.
Starting test testTemplateBuilderCannotFind(org.jclouds.rackspace.cloudservers.compute.CloudServersUSTemplateBuilderLiveTest)
[pool-2-thread-1] Test testTemplateBuilderCannotFind(org.jclouds.rackspace.cloudservers.compute.CloudServersUSTemplateBuilderLiveTest) succeeded: 1ms
Test suite progress: tests succeeded: 63, failed: 1, skipped: 9.
Starting test testTemplateBuilderCannotFind(org.jclouds.rackspace.cloudservers.compute.CloudServersUSTemplateBuilderLiveTest)
[pool-2-thread-1] Test testTemplateBuilderCannotFind(org.jclouds.rackspace.cloudservers.compute.CloudServersUSTemplateBuilderLiveTest) succeeded: 0ms
Test suite progress: tests succeeded: 64, failed: 1, skipped: 9.
Starting test testTemplateBuilderCannotFind(org.jclouds.rackspace.cloudservers.compute.CloudServersUSTemplateBuilderLiveTest)
[pool-2-thread-1] Test testTemplateBuilderCannotFind(org.jclouds.rackspace.cloudservers.compute.CloudServersUSTemplateBuilderLiveTest) succeeded: 1ms
Test suite progress: tests succeeded: 65, failed: 1, skipped: 9.
Starting test testTemplateBuilderCannotFind(org.jclouds.rackspace.cloudservers.compute.CloudServersUSTemplateBuilderLiveTest)
[pool-2-thread-1] Test testTemplateBuilderCannotFind(org.jclouds.rackspace.cloudservers.compute.CloudServersUSTemplateBuilderLiveTest) succeeded: 0ms
Test suite progress: tests succeeded: 66, failed: 1, skipped: 9.
Starting test testTemplateBuilderCannotFind(org.jclouds.rackspace.cloudservers.compute.CloudServersUSTemplateBuilderLiveTest)
[pool-2-thread-1] Test testTemplateBuilderCannotFind(org.jclouds.rackspace.cloudservers.compute.CloudServersUSTemplateBuilderLiveTest) succeeded: 1ms
Test suite progress: tests succeeded: 67, failed: 1, skipped: 9.
Starting test testTemplateBuilderCannotFind(org.jclouds.rackspace.cloudservers.compute.CloudServersUSTemplateBuilderLiveTest)
[pool-2-thread-1] Test testTemplateBuilderCannotFind(org.jclouds.rackspace.cloudservers.compute.CloudServersUSTemplateBuilderLiveTest) succeeded: 2ms
Test suite progress: tests succeeded: 68, failed: 1, skipped: 9.
Starting test testTemplateBuilderCannotFind(org.jclouds.rackspace.cloudservers.compute.CloudServersUSTemplateBuilderLiveTest)
[pool-2-thread-1] Test testTemplateBuilderCannotFind(org.jclouds.rackspace.cloudservers.compute.CloudServersUSTemplateBuilderLiveTest) succeeded: 1ms
Test suite progress: tests succeeded: 69, failed: 1, skipped: 9.
Starting test testTemplateBuilderCannotFind(org.jclouds.rackspace.cloudservers.compute.CloudServersUSTemplateBuilderLiveTest)
[pool-2-thread-1] Test testTemplateBuilderCannotFind(org.jclouds.rackspace.cloudservers.compute.CloudServersUSTemplateBuilderLiveTest) succeeded: 1ms
Test suite progress: tests succeeded: 70, failed: 1, skipped: 9.
Starting test testTemplateBuilderCannotFind(org.jclouds.rackspace.cloudservers.compute.CloudServersUSTemplateBuilderLiveTest)
[pool-2-thread-1] Test testTemplateBuilderCannotFind(org.jclouds.rackspace.cloudservers.compute.CloudServersUSTemplateBuilderLiveTest) succeeded: 1ms
Test suite progress: tests succeeded: 71, failed: 1, skipped: 9.
Starting test testTemplateBuilderCannotFind(org.jclouds.rackspace.cloudservers.compute.CloudServersUSTemplateBuilderLiveTest)
[pool-2-thread-1] Test testTemplateBuilderCannotFind(org.jclouds.rackspace.cloudservers.compute.CloudServersUSTemplateBuilderLiveTest) succeeded: 3ms
Test suite progress: tests succeeded: 72, failed: 1, skipped: 9.
Starting test testTemplateBuilderCannotFind(org.jclouds.rackspace.cloudservers.compute.CloudServersUSTemplateBuilderLiveTest)
[pool-2-thread-1] Test testTemplateBuilderCannotFind(org.jclouds.rackspace.cloudservers.compute.CloudServersUSTemplateBuilderLiveTest) succeeded: 0ms
Test suite progress: tests succeeded: 73, failed: 1, skipped: 9.
Starting test testTemplateBuilderCannotFind(org.jclouds.rackspace.cloudservers.compute.CloudServersUSTemplateBuilderLiveTest)
[pool-2-thread-1] Test testTemplateBuilderCannotFind(org.jclouds.rackspace.cloudservers.compute.CloudServersUSTemplateBuilderLiveTest) succeeded: 0ms
Test suite progress: tests succeeded: 74, failed: 1, skipped: 9.
Starting test testTemplateBuilderCannotFind(org.jclouds.rackspace.cloudservers.compute.CloudServersUSTemplateBuilderLiveTest)
[pool-2-thread-1] Test testTemplateBuilderCannotFind(org.jclouds.rackspace.cloudservers.compute.CloudServersUSTemplateBuilderLiveTest) succeeded: 1ms
Test suite progress: tests succeeded: 75, failed: 1, skipped: 9.
Starting test testTemplateBuilderCannotFind(org.jclouds.rackspace.cloudservers.compute.CloudServersUSTemplateBuilderLiveTest)
[pool-2-thread-1] Test testTemplateBuilderCannotFind(org.jclouds.rackspace.cloudservers.compute.CloudServersUSTemplateBuilderLiveTest) succeeded: 0ms
Test suite progress: tests succeeded: 76, failed: 1, skipped: 9.
Starting test testTemplateBuilderCannotFind(org.jclouds.rackspace.cloudservers.compute.CloudServersUSTemplateBuilderLiveTest)
[pool-2-thread-1] Test testTemplateBuilderCannotFind(org.jclouds.rackspace.cloudservers.compute.CloudServersUSTemplateBuilderLiveTest) succeeded: 1ms
Test suite progress: tests succeeded: 77, failed: 1, skipped: 9.
Starting test testTemplateBuilderCannotFind(org.jclouds.rackspace.cloudservers.compute.CloudServersUSTemplateBuilderLiveTest)
[pool-2-thread-1] Test testTemplateBuilderCannotFind(org.jclouds.rackspace.cloudservers.compute.CloudServersUSTemplateBuilderLiveTest) succeeded: 0ms
Test suite progress: tests succeeded: 78, failed: 1, skipped: 9.
Starting test testTemplateBuilderCannotFind(org.jclouds.rackspace.cloudservers.compute.CloudServersUSTemplateBuilderLiveTest)
[pool-2-thread-1] Test testTemplateBuilderCannotFind(org.jclouds.rackspace.cloudservers.compute.CloudServersUSTemplateBuilderLiveTest) succeeded: 0ms
Test suite progress: tests succeeded: 79, failed: 1, skipped: 9.
Starting test testTemplateBuilderCannotFind(org.jclouds.rackspace.cloudservers.compute.CloudServersUSTemplateBuilderLiveTest)
[pool-2-thread-1] Test testTemplateBuilderCannotFind(org.jclouds.rackspace.cloudservers.compute.CloudServersUSTemplateBuilderLiveTest) succeeded: 1ms
Test suite progress: tests succeeded: 80, failed: 1, skipped: 9.
Starting test testTemplateBuilderCannotFind(org.jclouds.rackspace.cloudservers.compute.CloudServersUSTemplateBuilderLiveTest)
[pool-2-thread-1] Test testTemplateBuilderCannotFind(org.jclouds.rackspace.cloudservers.compute.CloudServersUSTemplateBuilderLiveTest) succeeded: 0ms
Test suite progress: tests succeeded: 81, failed: 1, skipped: 9.
Starting test testTemplateBuilderCannotFind(org.jclouds.rackspace.cloudservers.compute.CloudServersUSTemplateBuilderLiveTest)
[pool-2-thread-1] Test testTemplateBuilderCannotFind(org.jclouds.rackspace.cloudservers.compute.CloudServersUSTemplateBuilderLiveTest) succeeded: 1ms
Test suite progress: tests succeeded: 82, failed: 1, skipped: 9.
Starting test testTemplateBuilderCannotFind(org.jclouds.rackspace.cloudservers.compute.CloudServersUSTemplateBuilderLiveTest)
[pool-2-thread-1] Test testTemplateBuilderCannotFind(org.jclouds.rackspace.cloudservers.compute.CloudServersUSTemplateBuilderLiveTest) succeeded: 0ms
Test suite progress: tests succeeded: 83, failed: 1, skipped: 9.
Starting test testTemplateBuilderCannotFind(org.jclouds.rackspace.cloudservers.compute.CloudServersUSTemplateBuilderLiveTest)
[pool-2-thread-1] Test testTemplateBuilderCannotFind(org.jclouds.rackspace.cloudservers.compute.CloudServersUSTemplateBuilderLiveTest) succeeded: 0ms
Test suite progress: tests succeeded: 84, failed: 1, skipped: 9.
Starting test testTemplateBuilderCannotFind(org.jclouds.rackspace.cloudservers.compute.CloudServersUSTemplateBuilderLiveTest)
[pool-2-thread-1] Test testTemplateBuilderCannotFind(org.jclouds.rackspace.cloudservers.compute.CloudServersUSTemplateBuilderLiveTest) succeeded: 1ms
Test suite progress: tests succeeded: 85, failed: 1, skipped: 9.
Starting test testTemplateBuilderCannotFind(org.jclouds.rackspace.cloudservers.compute.CloudServersUSTemplateBuilderLiveTest)
[pool-2-thread-1] Test testTemplateBuilderCannotFind(org.jclouds.rackspace.cloudservers.compute.CloudServersUSTemplateBuilderLiveTest) succeeded: 0ms
Test suite progress: tests succeeded: 86, failed: 1, skipped: 9.
Starting test testTemplateBuilderCannotFind(org.jclouds.rackspace.cloudservers.compute.CloudServersUSTemplateBuilderLiveTest)
[pool-2-thread-1] Test testTemplateBuilderCannotFind(org.jclouds.rackspace.cloudservers.compute.CloudServersUSTemplateBuilderLiveTest) succeeded: 4ms
Test suite progress: tests succeeded: 87, failed: 1, skipped: 9.
Starting test testTemplateBuilderCannotFind(org.jclouds.rackspace.cloudservers.compute.CloudServersUSTemplateBuilderLiveTest)
[pool-2-thread-1] Test testTemplateBuilderCannotFind(org.jclouds.rackspace.cloudservers.compute.CloudServersUSTemplateBuilderLiveTest) succeeded: 3ms
Test suite progress: tests succeeded: 88, failed: 1, skipped: 9.
Starting test testTemplateBuilderCannotFind(org.jclouds.rackspace.cloudservers.compute.CloudServersUSTemplateBuilderLiveTest)
[pool-2-thread-1] Test testTemplateBuilderCannotFind(org.jclouds.rackspace.cloudservers.compute.CloudServersUSTemplateBuilderLiveTest) succeeded: 2ms
Test suite progress: tests succeeded: 89, failed: 1, skipped: 9.
Starting test testTemplateBuilderCannotFind(org.jclouds.rackspace.cloudservers.compute.CloudServersUSTemplateBuilderLiveTest)
[pool-2-thread-1] Test testTemplateBuilderCannotFind(org.jclouds.rackspace.cloudservers.compute.CloudServersUSTemplateBuilderLiveTest) succeeded: 0ms
Test suite progress: tests succeeded: 90, failed: 1, skipped: 9.
Starting test testTemplateBuilderCannotFind(org.jclouds.rackspace.cloudservers.compute.CloudServersUSTemplateBuilderLiveTest)
[pool-2-thread-1] Test testTemplateBuilderCannotFind(org.jclouds.rackspace.cloudservers.compute.CloudServersUSTemplateBuilderLiveTest) succeeded: 0ms
Test suite progress: tests succeeded: 91, failed: 1, skipped: 9.
Starting test testTemplateBuilderCannotFind(org.jclouds.rackspace.cloudservers.compute.CloudServersUSTemplateBuilderLiveTest)
[pool-2-thread-1] Test testTemplateBuilderCannotFind(org.jclouds.rackspace.cloudservers.compute.CloudServersUSTemplateBuilderLiveTest) succeeded: 1ms
Test suite progress: tests succeeded: 92, failed: 1, skipped: 9.
Starting test testTemplateBuilderCannotFind(org.jclouds.rackspace.cloudservers.compute.CloudServersUSTemplateBuilderLiveTest)
[pool-2-thread-1] Test testTemplateBuilderCannotFind(org.jclouds.rackspace.cloudservers.compute.CloudServersUSTemplateBuilderLiveTest) succeeded: 0ms
Test suite progress: tests succeeded: 93, failed: 1, skipped: 9.
Starting test testTemplateBuilderCannotFind(org.jclouds.rackspace.cloudservers.compute.CloudServersUSTemplateBuilderLiveTest)
[pool-2-thread-1] Test testTemplateBuilderCannotFind(org.jclouds.rackspace.cloudservers.compute.CloudServersUSTemplateBuilderLiveTest) succeeded: 1ms
Test suite progress: tests succeeded: 94, failed: 1, skipped: 9.
Starting test testTemplateBuilderCannotFind(org.jclouds.rackspace.cloudservers.compute.CloudServersUSTemplateBuilderLiveTest)
[pool-2-thread-1] Test testTemplateBuilderCannotFind(org.jclouds.rackspace.cloudservers.compute.CloudServersUSTemplateBuilderLiveTest) succeeded: 0ms
Test suite progress: tests succeeded: 95, failed: 1, skipped: 9.
Starting test testTemplateBuilderCannotFind(org.jclouds.rackspace.cloudservers.compute.CloudServersUSTemplateBuilderLiveTest)
[pool-2-thread-1] Test testTemplateBuilderCannotFind(org.jclouds.rackspace.cloudservers.compute.CloudServersUSTemplateBuilderLiveTest) succeeded: 1ms
Test suite progress: tests succeeded: 96, failed: 1, skipped: 9.
Starting test testTemplateBuilderCannotFind(org.jclouds.rackspace.cloudservers.compute.CloudServersUSTemplateBuilderLiveTest)
[pool-2-thread-1] Test testTemplateBuilderCannotFind(org.jclouds.rackspace.cloudservers.compute.CloudServersUSTemplateBuilderLiveTest) succeeded: 0ms
Test suite progress: tests succeeded: 97, failed: 1, skipped: 9.
Starting test testTemplateBuilderCannotFind(org.jclouds.rackspace.cloudservers.compute.CloudServersUSTemplateBuilderLiveTest)
[pool-2-thread-1] Test testTemplateBuilderCannotFind(org.jclouds.rackspace.cloudservers.compute.CloudServersUSTemplateBuilderLiveTest) succeeded: 0ms
Test suite progress: tests succeeded: 98, failed: 1, skipped: 9.
Starting test testTemplateBuilderCannotFind(org.jclouds.rackspace.cloudservers.compute.CloudServersUSTemplateBuilderLiveTest)
[pool-2-thread-1] Test testTemplateBuilderCannotFind(org.jclouds.rackspace.cloudservers.compute.CloudServersUSTemplateBuilderLiveTest) succeeded: 1ms
Test suite progress: tests succeeded: 99, failed: 1, skipped: 9.
Starting test testTemplateBuilderCannotFind(org.jclouds.rackspace.cloudservers.compute.CloudServersUSTemplateBuilderLiveTest)
[pool-2-thread-1] Test testTemplateBuilderCannotFind(org.jclouds.rackspace.cloudservers.compute.CloudServersUSTemplateBuilderLiveTest) succeeded: 0ms
Test suite progress: tests succeeded: 100, failed: 1, skipped: 9.
Starting test testTemplateBuilderCannotFind(org.jclouds.rackspace.cloudservers.compute.CloudServersUSTemplateBuilderLiveTest)
[pool-2-thread-1] Test testTemplateBuilderCannotFind(org.jclouds.rackspace.cloudservers.compute.CloudServersUSTemplateBuilderLiveTest) succeeded: 1ms
Test suite progress: tests succeeded: 101, failed: 1, skipped: 9.
Starting test testTemplateBuilderCannotFind(org.jclouds.rackspace.cloudservers.compute.CloudServersUSTemplateBuilderLiveTest)
[pool-2-thread-1] Test testTemplateBuilderCannotFind(org.jclouds.rackspace.cloudservers.compute.CloudServersUSTemplateBuilderLiveTest) succeeded: 0ms
Test suite progress: tests succeeded: 102, failed: 1, skipped: 9.
Starting test testTemplateBuilderCannotFind(org.jclouds.rackspace.cloudservers.compute.CloudServersUSTemplateBuilderLiveTest)
[pool-2-thread-1] Test testTemplateBuilderCannotFind(org.jclouds.rackspace.cloudservers.compute.CloudServersUSTemplateBuilderLiveTest) succeeded: 1ms
Test suite progress: tests succeeded: 103, failed: 1, skipped: 9.
Starting test testTemplateBuilderCannotFind(org.jclouds.rackspace.cloudservers.compute.CloudServersUSTemplateBuilderLiveTest)
[pool-2-thread-1] Test testTemplateBuilderCannotFind(org.jclouds.rackspace.cloudservers.compute.CloudServersUSTemplateBuilderLiveTest) succeeded: 0ms
Test suite progress: tests succeeded: 104, failed: 1, skipped: 9.
Starting test testTemplateBuilderCannotFind(org.jclouds.rackspace.cloudservers.compute.CloudServersUSTemplateBuilderLiveTest)
[pool-2-thread-1] Test testTemplateBuilderCannotFind(org.jclouds.rackspace.cloudservers.compute.CloudServersUSTemplateBuilderLiveTest) succeeded: 0ms
Test suite progress: tests succeeded: 105, failed: 1, skipped: 9.
Starting test testTemplateBuilderCannotFind(org.jclouds.rackspace.cloudservers.compute.CloudServersUSTemplateBuilderLiveTest)
[pool-2-thread-1] Test testTemplateBuilderCannotFind(org.jclouds.rackspace.cloudservers.compute.CloudServersUSTemplateBuilderLiveTest) succeeded: 1ms
Test suite progress: tests succeeded: 106, failed: 1, skipped: 9.
Starting test testTemplateBuilderCannotFind(org.jclouds.rackspace.cloudservers.compute.CloudServersUSTemplateBuilderLiveTest)
[pool-2-thread-1] Test testTemplateBuilderCannotFind(org.jclouds.rackspace.cloudservers.compute.CloudServersUSTemplateBuilderLiveTest) succeeded: 0ms
Test suite progress: tests succeeded: 107, failed: 1, skipped: 9.
Starting test testTemplateBuilderCannotFind(org.jclouds.rackspace.cloudservers.compute.CloudServersUSTemplateBuilderLiveTest)
[pool-2-thread-1] Test testTemplateBuilderCannotFind(org.jclouds.rackspace.cloudservers.compute.CloudServersUSTemplateBuilderLiveTest) succeeded: 1ms
Test suite progress: tests succeeded: 108, failed: 1, skipped: 9.
Starting test testTemplateBuilderCannotFind(org.jclouds.rackspace.cloudservers.compute.CloudServersUSTemplateBuilderLiveTest)
[pool-2-thread-1] Test testTemplateBuilderCannotFind(org.jclouds.rackspace.cloudservers.compute.CloudServersUSTemplateBuilderLiveTest) succeeded: 0ms
Test suite progress: tests succeeded: 109, failed: 1, skipped: 9.
Starting test testTemplateBuilderCannotFind(org.jclouds.rackspace.cloudservers.compute.CloudServersUSTemplateBuilderLiveTest)
[pool-2-thread-1] Test testTemplateBuilderCannotFind(org.jclouds.rackspace.cloudservers.compute.CloudServersUSTemplateBuilderLiveTest) succeeded: 0ms
Test suite progress: tests succeeded: 110, failed: 1, skipped: 9.
Starting test testTemplateBuilderCannotFind(org.jclouds.rackspace.cloudservers.compute.CloudServersUSTemplateBuilderLiveTest)
[pool-2-thread-1] Test testTemplateBuilderCannotFind(org.jclouds.rackspace.cloudservers.compute.CloudServersUSTemplateBuilderLiveTest) succeeded: 1ms
Test suite progress: tests succeeded: 111, failed: 1, skipped: 9.
Starting test testTemplateBuilderCannotFind(org.jclouds.rackspace.cloudservers.compute.CloudServersUSTemplateBuilderLiveTest)
[pool-2-thread-1] Test testTemplateBuilderCannotFind(org.jclouds.rackspace.cloudservers.compute.CloudServersUSTemplateBuilderLiveTest) succeeded: 0ms
Test suite progress: tests succeeded: 112, failed: 1, skipped: 9.
Starting test testTemplateBuilderCannotFind(org.jclouds.rackspace.cloudservers.compute.CloudServersUSTemplateBuilderLiveTest)
[pool-2-thread-1] Test testTemplateBuilderCannotFind(org.jclouds.rackspace.cloudservers.compute.CloudServersUSTemplateBuilderLiveTest) succeeded: 1ms
Test suite progress: tests succeeded: 113, failed: 1, skipped: 9.
Starting test testTemplateBuilderCannotFind(org.jclouds.rackspace.cloudservers.compute.CloudServersUSTemplateBuilderLiveTest)
[pool-2-thread-1] Test testTemplateBuilderCannotFind(org.jclouds.rackspace.cloudservers.compute.CloudServersUSTemplateBuilderLiveTest) succeeded: 0ms
Test suite progress: tests succeeded: 114, failed: 1, skipped: 9.
Starting test testTemplateBuilderCannotFind(org.jclouds.rackspace.cloudservers.compute.CloudServersUSTemplateBuilderLiveTest)
[pool-2-thread-1] Test testTemplateBuilderCannotFind(org.jclouds.rackspace.cloudservers.compute.CloudServersUSTemplateBuilderLiveTest) succeeded: 0ms
Test suite progress: tests succeeded: 115, failed: 1, skipped: 9.
Starting test testTemplateBuilderCannotFind(org.jclouds.rackspace.cloudservers.compute.CloudServersUSTemplateBuilderLiveTest)
[pool-2-thread-1] Test testTemplateBuilderCannotFind(org.jclouds.rackspace.cloudservers.compute.CloudServersUSTemplateBuilderLiveTest) succeeded: 1ms
Test suite progress: tests succeeded: 116, failed: 1, skipped: 9.
Starting test testTemplateBuilderWithImageIdSpecified(org.jclouds.rackspace.cloudservers.compute.CloudServersUSTemplateBuilderLiveTest)
[pool-2-thread-1] Test testTemplateBuilderWithImageIdSpecified(org.jclouds.rackspace.cloudservers.compute.CloudServersUSTemplateBuilderLiveTest) succeeded: 3893ms
Test suite progress: tests succeeded: 117, failed: 1, skipped: 9.
Starting test testTemplateBuilderWithLoginUserSpecified(org.jclouds.rackspace.cloudservers.compute.CloudServersUSTemplateBuilderLiveTest)
[pool-2-thread-1] Test testTemplateBuilderWithLoginUserSpecified(org.jclouds.rackspace.cloudservers.compute.CloudServersUSTemplateBuilderLiveTest) succeeded: 3673ms
Test suite progress: tests succeeded: 118, failed: 1, skipped: 9.
Starting test testTemplateBuilder(org.jclouds.rackspace.cloudservers.compute.CloudServersUSTemplateBuilderLiveTest)
[pool-2-thread-1] Test testTemplateBuilder(org.jclouds.rackspace.cloudservers.compute.CloudServersUSTemplateBuilderLiveTest) succeeded: 2ms
Test suite progress: tests succeeded: 119, failed: 1, skipped: 9.
Starting test setServiceDefaults(org.jclouds.rackspace.cloudservers.compute.CloudServersUSComputeServiceLiveTest)
[pool-2-thread-1] Test setServiceDefaults(org.jclouds.rackspace.cloudservers.compute.CloudServersUSComputeServiceLiveTest) succeeded: 0ms
Test suite progress: tests succeeded: 120, failed: 1, skipped: 9.
Starting test testCompareSizes(org.jclouds.rackspace.cloudservers.compute.CloudServersUSComputeServiceLiveTest)
Jan 10, 2012 6:34:05 PM org.jclouds.compute.BaseComputeServiceLiveTest testCompareSizes
INFO: smallest [id=1, providerId=1, name=256 server, processors=[[cores=1.0, speed=1.0]], ram=256, volumes=[[id=null, type=LOCAL, size=10.0, device=null, durable=true, isBootDevice=true]], supportsImage=ALWAYS_TRUE, tags=[]]
Jan 10, 2012 6:34:05 PM org.jclouds.compute.BaseComputeServiceLiveTest testCompareSizes
INFO: fastest [id=8, providerId=8, name=30GB server, processors=[[cores=120.0, speed=1.0]], ram=30720, volumes=[[id=null, type=LOCAL, size=1200.0, device=null, durable=true, isBootDevice=true]], supportsImage=ALWAYS_TRUE, tags=[]]
Jan 10, 2012 6:34:05 PM org.jclouds.compute.BaseComputeServiceLiveTest testCompareSizes
INFO: biggest [id=8, providerId=8, name=30GB server, processors=[[cores=120.0, speed=1.0]], ram=30720, volumes=[[id=null, type=LOCAL, size=1200.0, device=null, durable=true, isBootDevice=true]], supportsImage=ALWAYS_TRUE, tags=[]]
[pool-2-thread-1] Test testCompareSizes(org.jclouds.rackspace.cloudservers.compute.CloudServersUSComputeServiceLiveTest) succeeded: 1639ms
Test suite progress: tests succeeded: 121, failed: 1, skipped: 9.
Starting test testAScriptExecutionAfterBootWithBasicTemplate(org.jclouds.rackspace.cloudservers.compute.CloudServersUSComputeServiceLiveTest)
<< problem applying options to node(20496429): 
org.jclouds.rest.AuthorizationException: (root:pw[5d907853a9617cfd55fb62eae803595b]@50.57.222.136:22) (root:pw[5d907853a9617cfd55fb62eae803595b]@50.57.222.136:22) error acquiring SSHClient(timeout=60000) (not retryable): Exhausted available authentication methods
	at org.jclouds.sshj.SshjSshClient.propagate(SshjSshClient.java:411)
	at org.jclouds.sshj.SshjSshClient.acquire(SshjSshClient.java:242)
	at org.jclouds.sshj.SshjSshClient.connect(SshjSshClient.java:252)
	at org.jclouds.compute.callables.RunScriptOnNodeUsingSsh.call(RunScriptOnNodeUsingSsh.java:73)
	at org.jclouds.compute.strategy.RunScriptOnNodeAndAddToGoodMapOrPutExceptionIntoBadMap.call(RunScriptOnNodeAndAddToGoodMapOrPutExceptionIntoBadMap.java:69)
	at org.jclouds.compute.strategy.RunScriptOnNodeAndAddToGoodMapOrPutExceptionIntoBadMap.call(RunScriptOnNodeAndAddToGoodMapOrPutExceptionIntoBadMap.java:44)
	at java.util.concurrent.FutureTask$Sync.innerRun(FutureTask.java:303)
	at java.util.concurrent.FutureTask.run(FutureTask.java:138)
	at java.util.concurrent.ThreadPoolExecutor$Worker.runTask(ThreadPoolExecutor.java:886)
	at java.util.concurrent.ThreadPoolExecutor$Worker.run(ThreadPoolExecutor.java:908)
	at java.lang.Thread.run(Thread.java:680)
Caused by: net.schmizz.sshj.userauth.UserAuthException: Exhausted available authentication methods
	at net.schmizz.sshj.userauth.UserAuthImpl.authenticate(UserAuthImpl.java:114)
	at net.schmizz.sshj.SSHClient.auth(SSHClient.java:204)
	at net.schmizz.sshj.SSHClient.auth(SSHClient.java:189)
	at net.schmizz.sshj.SSHClient.authPassword(SSHClient.java:265)
	at net.schmizz.sshj.SSHClient.authPassword(SSHClient.java:235)
	at net.schmizz.sshj.SSHClient.authPassword(SSHClient.java:219)
	at org.jclouds.sshj.SshjSshClient$1.create(SshjSshClient.java:198)
	at org.jclouds.sshj.SshjSshClient$1.create(SshjSshClient.java:174)
	at org.jclouds.sshj.SshjSshClient.acquire(SshjSshClient.java:223)
	... 9 more
Caused by: net.schmizz.sshj.userauth.UserAuthException: keyboard-interactive auth not allowed by server
	at net.schmizz.sshj.userauth.UserAuthImpl.authenticate(UserAuthImpl.java:81)
	... 17 more
[pool-2-thread-1] Test testAScriptExecutionAfterBootWithBasicTemplate(org.jclouds.rackspace.cloudservers.compute.CloudServersUSComputeServiceLiveTest) failed.
Test suite progress: tests succeeded: 121, failed: 2, skipped: 9.
Starting test testCorrectAuthException(org.jclouds.rackspace.cloudservers.compute.CloudServersUSComputeServiceLiveTest)
com.google.inject.CreationException: Guice creation errors:

1) Error in custom provider, org.jclouds.rest.AuthorizationException: command: GET https://auth.api.rackspacecloud.com/v1.0 HTTP/1.1 failed with response: HTTP/1.1 401 Unauthorized; content: [Bad username or password]
  at org.jclouds.openstack.config.OpenStackAuthenticationModule.provideAuthenticationResponse(OpenStackAuthenticationModule.java:163)
  at org.jclouds.openstack.config.OpenStackAuthenticationModule.provideAuthenticationResponse(OpenStackAuthenticationModule.java:163)
  while locating org.jclouds.openstack.OpenStackAuthAsyncClient$AuthenticationResponse
Caused by: org.jclouds.rest.AuthorizationException: command: GET https://auth.api.rackspacecloud.com/v1.0 HTTP/1.1 failed with response: HTTP/1.1 401 Unauthorized; content: [Bad username or password]
	at org.jclouds.cloudservers.handlers.ParseCloudServersErrorFromHttpResponse.handleError(ParseCloudServersErrorFromHttpResponse.java:57)
	at org.jclouds.http.handlers.DelegatingErrorHandler.handleError(DelegatingErrorHandler.java:69)
	at org.jclouds.http.internal.BaseHttpCommandExecutorService$HttpResponseCallable.shouldContinue(BaseHttpCommandExecutorService.java:200)
	at org.jclouds.http.internal.BaseHttpCommandExecutorService$HttpResponseCallable.call(BaseHttpCommandExecutorService.java:165)
	at org.jclouds.http.internal.BaseHttpCommandExecutorService$HttpResponseCallable.call(BaseHttpCommandExecutorService.java:134)
	at java.util.concurrent.FutureTask$Sync.innerRun(FutureTask.java:303)
	at java.util.concurrent.FutureTask.run(FutureTask.java:138)
	at java.util.concurrent.ThreadPoolExecutor$Worker.runTask(ThreadPoolExecutor.java:886)
	at java.util.concurrent.ThreadPoolExecutor$Worker.run(ThreadPoolExecutor.java:908)
	at java.lang.Thread.run(Thread.java:680)
	at org.jclouds.concurrent.config.ExecutorServiceModule$DescribingExecutorService.submit(ExecutorServiceModule.java:182)
	at org.jclouds.http.internal.BaseHttpCommandExecutorService.submit(BaseHttpCommandExecutorService.java:131)
	at org.jclouds.http.TransformingHttpCommandExecutorServiceImpl.submit(TransformingHttpCommandExecutorServiceImpl.java:54)
	at org.jclouds.http.TransformingHttpCommandImpl.execute(TransformingHttpCommandImpl.java:73)
	at org.jclouds.rest.internal.AsyncRestClientProxy.createListenableFuture(AsyncRestClientProxy.java:156)
	at org.jclouds.rest.internal.AsyncRestClientProxy.invoke(AsyncRestClientProxy.java:126)
	at $Proxy60.authenticate(Unknown Source)
	at org.jclouds.openstack.config.OpenStackAuthenticationModule$GetAuthenticationResponse.authenticate(OpenStackAuthenticationModule.java:104)
	at org.jclouds.openstack.config.OpenStackAuthenticationModule$GetAuthenticationResponse.get(OpenStackAuthenticationModule.java:94)
	at org.jclouds.openstack.config.OpenStackAuthenticationModule$GetAuthenticationResponse.get(OpenStackAuthenticationModule.java:77)
	at org.jclouds.concurrent.RetryOnTimeOutExceptionSupplier.get(RetryOnTimeOutExceptionSupplier.java:47)
	at org.jclouds.openstack.config.OpenStackAuthenticationModule$2.load(OpenStackAuthenticationModule.java:120)
	at org.jclouds.openstack.config.OpenStackAuthenticationModule$2.load(OpenStackAuthenticationModule.java:117)
	at com.google.common.cache.LocalCache$LoadingValueReference.loadFuture(LocalCache.java:3570)
	at com.google.common.cache.LocalCache$Segment.loadSync(LocalCache.java:2350)
	at com.google.common.cache.LocalCache$Segment.lockedGetOrLoad(LocalCache.java:2313)
	at com.google.common.cache.LocalCache$Segment.get(LocalCache.java:2228)
	at com.google.common.cache.LocalCache.get(LocalCache.java:3967)
	at com.google.common.cache.LocalCache.getOrLoad(LocalCache.java:3971)
	at com.google.common.cache.LocalCache$LocalManualCache.get(LocalCache.java:4831)
	at org.jclouds.openstack.config.OpenStackAuthenticationModule$3.get(OpenStackAuthenticationModule.java:138)
	at org.jclouds.openstack.config.OpenStackAuthenticationModule$3.get(OpenStackAuthenticationModule.java:134)
	at org.jclouds.openstack.config.OpenStackAuthenticationModule.provideAuthenticationResponse(OpenStackAuthenticationModule.java:163)
	at sun.reflect.NativeMethodAccessorImpl.invoke0(Native Method)
	at sun.reflect.NativeMethodAccessorImpl.invoke(NativeMethodAccessorImpl.java:39)
	at sun.reflect.DelegatingMethodAccessorImpl.invoke(DelegatingMethodAccessorImpl.java:25)
	at java.lang.reflect.Method.invoke(Method.java:597)
	at com.google.inject.internal.ProviderMethod.get(ProviderMethod.java:104)
	at com.google.inject.internal.InternalFactoryToProviderAdapter.get(InternalFactoryToProviderAdapter.java:40)
	at com.google.inject.internal.ProviderToInternalFactoryAdapter$1.call(ProviderToInternalFactoryAdapter.java:46)
	at com.google.inject.internal.InjectorImpl.callInContext(InjectorImpl.java:1031)
	at com.google.inject.internal.ProviderToInternalFactoryAdapter.get(ProviderToInternalFactoryAdapter.java:40)
	at com.google.inject.Scopes$1$1.get(Scopes.java:65)
	at com.google.inject.internal.InternalFactoryToProviderAdapter.get(InternalFactoryToProviderAdapter.java:40)
	at com.google.inject.internal.InternalInjectorCreator$1.call(InternalInjectorCreator.java:204)
	at com.google.inject.internal.InternalInjectorCreator$1.call(InternalInjectorCreator.java:198)
	at com.google.inject.internal.InjectorImpl.callInContext(InjectorImpl.java:1024)
	at com.google.inject.internal.InternalInjectorCreator.loadEagerSingletons(InternalInjectorCreator.java:198)
	at com.google.inject.internal.InternalInjectorCreator.injectDynamically(InternalInjectorCreator.java:179)
	at com.google.inject.internal.InternalInjectorCreator.build(InternalInjectorCreator.java:109)
	at com.google.inject.Guice.createInjector(Guice.java:95)
	at org.jclouds.rest.RestContextBuilder.buildInjector(RestContextBuilder.java:202)
	at org.jclouds.compute.ComputeServiceContextBuilder.buildInjector(ComputeServiceContextBuilder.java:52)
	at org.jclouds.compute.ComputeServiceContextBuilder.buildComputeServiceContext(ComputeServiceContextBuilder.java:65)
	at org.jclouds.compute.ComputeServiceContextFactory.buildContextUnwrappingExceptions(ComputeServiceContextFactory.java:70)
	at org.jclouds.compute.ComputeServiceContextFactory.createContext(ComputeServiceContextFactory.java:100)
	at org.jclouds.compute.BaseComputeServiceLiveTest.testCorrectAuthException(BaseComputeServiceLiveTest.java:188)
	at sun.reflect.NativeMethodAccessorImpl.invoke0(Native Method)
	at sun.reflect.NativeMethodAccessorImpl.invoke(NativeMethodAccessorImpl.java:39)
	at sun.reflect.DelegatingMethodAccessorImpl.invoke(DelegatingMethodAccessorImpl.java:25)
	at java.lang.reflect.Method.invoke(Method.java:597)
	at org.testng.internal.MethodInvocationHelper.invokeMethod(MethodInvocationHelper.java:76)
	at org.testng.internal.Invoker.invokeMethod(Invoker.java:673)
	at org.testng.internal.Invoker.invokeTestMethod(Invoker.java:846)
	at org.testng.internal.Invoker.invokeTestMethods(Invoker.java:1170)
	at org.testng.internal.TestMethodWorker.invokeTestMethods(TestMethodWorker.java:125)
	at org.testng.internal.TestMethodWorker.run(TestMethodWorker.java:109)
	at org.testng.TestRunner.runWorkers(TestRunner.java:1147)
	at org.testng.TestRunner.privateRun(TestRunner.java:749)
	at org.testng.TestRunner.run(TestRunner.java:600)
	at org.testng.SuiteRunner.runTest(SuiteRunner.java:317)
	at org.testng.SuiteRunner.access$000(SuiteRunner.java:34)
	at org.testng.SuiteRunner$SuiteWorker.run(SuiteRunner.java:351)
	at org.testng.internal.thread.ThreadUtil$CountDownLatchedRunnable.run(ThreadUtil.java:147)
	at java.util.concurrent.ThreadPoolExecutor$Worker.runTask(ThreadPoolExecutor.java:886)
	at java.util.concurrent.ThreadPoolExecutor$Worker.run(ThreadPoolExecutor.java:908)
	at java.lang.Thread.run(Thread.java:680)
	at org.jclouds.concurrent.config.ExecutorServiceModule$DescribingExecutorService.submit(ExecutorServiceModule.java:182)
	at org.jclouds.http.internal.BaseHttpCommandExecutorService.submit(BaseHttpCommandExecutorService.java:131)
	at org.jclouds.http.TransformingHttpCommandExecutorServiceImpl.submit(TransformingHttpCommandExecutorServiceImpl.java:54)
	at org.jclouds.http.TransformingHttpCommandImpl.execute(TransformingHttpCommandImpl.java:73)
	at org.jclouds.rest.internal.AsyncRestClientProxy.createListenableFuture(AsyncRestClientProxy.java:156)
	at org.jclouds.rest.internal.AsyncRestClientProxy.invoke(AsyncRestClientProxy.java:126)
	at $Proxy60.authenticate(Unknown Source)
	at org.jclouds.openstack.config.OpenStackAuthenticationModule$GetAuthenticationResponse.authenticate(OpenStackAuthenticationModule.java:104)
	at org.jclouds.openstack.config.OpenStackAuthenticationModule$GetAuthenticationResponse.get(OpenStackAuthenticationModule.java:94)
	at org.jclouds.openstack.config.OpenStackAuthenticationModule$GetAuthenticationResponse.get(OpenStackAuthenticationModule.java:77)
	at org.jclouds.concurrent.RetryOnTimeOutExceptionSupplier.get(RetryOnTimeOutExceptionSupplier.java:47)
	at org.jclouds.openstack.config.OpenStackAuthenticationModule$2.load(OpenStackAuthenticationModule.java:120)
	at org.jclouds.openstack.config.OpenStackAuthenticationModule$2.load(OpenStackAuthenticationModule.java:117)
	at com.google.common.cache.LocalCache$LoadingValueReference.loadFuture(LocalCache.java:3570)
	at com.google.common.cache.LocalCache$Segment.loadSync(LocalCache.java:2350)
	at com.google.common.cache.LocalCache$Segment.lockedGetOrLoad(LocalCache.java:2313)
	at com.google.common.cache.LocalCache$Segment.get(LocalCache.java:2228)
	at com.google.common.cache.LocalCache.get(LocalCache.java:3967)
	at com.google.common.cache.LocalCache.getOrLoad(LocalCache.java:3971)
	at com.google.common.cache.LocalCache$LocalManualCache.get(LocalCache.java:4831)
	at org.jclouds.openstack.config.OpenStackAuthenticationModule$3.get(OpenStackAuthenticationModule.java:138)
	at org.jclouds.openstack.config.OpenStackAuthenticationModule$3.get(OpenStackAuthenticationModule.java:134)
	at org.jclouds.openstack.config.OpenStackAuthenticationModule.provideAuthenticationResponse(OpenStackAuthenticationModule.java:163)
	at sun.reflect.NativeMethodAccessorImpl.invoke0(Native Method)
	at sun.reflect.NativeMethodAccessorImpl.invoke(NativeMethodAccessorImpl.java:39)
	at sun.reflect.DelegatingMethodAccessorImpl.invoke(DelegatingMethodAccessorImpl.java:25)
	at java.lang.reflect.Method.invoke(Method.java:597)
	at com.google.inject.internal.ProviderMethod.get(ProviderMethod.java:104)
	at com.google.inject.internal.InternalFactoryToProviderAdapter.get(InternalFactoryToProviderAdapter.java:40)
	at com.google.inject.internal.ProviderToInternalFactoryAdapter$1.call(ProviderToInternalFactoryAdapter.java:46)
	at com.google.inject.internal.InjectorImpl.callInContext(InjectorImpl.java:1031)
	at com.google.inject.internal.ProviderToInternalFactoryAdapter.get(ProviderToInternalFactoryAdapter.java:40)
	at com.google.inject.Scopes$1$1.get(Scopes.java:65)
	at com.google.inject.internal.InternalFactoryToProviderAdapter.get(InternalFactoryToProviderAdapter.java:40)
	at com.google.inject.internal.InternalInjectorCreator$1.call(InternalInjectorCreator.java:204)
	at com.google.inject.internal.InternalInjectorCreator$1.call(InternalInjectorCreator.java:198)
	at com.google.inject.internal.InjectorImpl.callInContext(InjectorImpl.java:1024)
	at com.google.inject.internal.InternalInjectorCreator.loadEagerSingletons(InternalInjectorCreator.java:198)
	at com.google.inject.internal.InternalInjectorCreator.injectDynamically(InternalInjectorCreator.java:179)
	at com.google.inject.internal.InternalInjectorCreator.build(InternalInjectorCreator.java:109)
	at com.google.inject.Guice.createInjector(Guice.java:95)
	at org.jclouds.rest.RestContextBuilder.buildInjector(RestContextBuilder.java:202)
	at org.jclouds.compute.ComputeServiceContextBuilder.buildInjector(ComputeServiceContextBuilder.java:52)
	at org.jclouds.compute.ComputeServiceContextBuilder.buildComputeServiceContext(ComputeServiceContextBuilder.java:65)
	at org.jclouds.compute.ComputeServiceContextFactory.buildContextUnwrappingExceptions(ComputeServiceContextFactory.java:70)
	at org.jclouds.compute.ComputeServiceContextFactory.createContext(ComputeServiceContextFactory.java:100)
	at org.jclouds.compute.BaseComputeServiceLiveTest.testCorrectAuthException(BaseComputeServiceLiveTest.java:188)
	at sun.reflect.NativeMethodAccessorImpl.invoke0(Native Method)
	at sun.reflect.NativeMethodAccessorImpl.invoke(NativeMethodAccessorImpl.java:39)
	at sun.reflect.DelegatingMethodAccessorImpl.invoke(DelegatingMethodAccessorImpl.java:25)
	at java.lang.reflect.Method.invoke(Method.java:597)
	at org.testng.internal.MethodInvocationHelper.invokeMethod(MethodInvocationHelper.java:76)
	at org.testng.internal.Invoker.invokeMethod(Invoker.java:673)
	at org.testng.internal.Invoker.invokeTestMethod(Invoker.java:846)
	at org.testng.internal.Invoker.invokeTestMethods(Invoker.java:1170)
	at org.testng.internal.TestMethodWorker.invokeTestMethods(TestMethodWorker.java:125)
	at org.testng.internal.TestMethodWorker.run(TestMethodWorker.java:109)
	at org.testng.TestRunner.runWorkers(TestRunner.java:1147)
	at org.testng.TestRunner.privateRun(TestRunner.java:749)
	at org.testng.TestRunner.run(TestRunner.java:600)
	at org.testng.SuiteRunner.runTest(SuiteRunner.java:317)
	at org.testng.SuiteRunner.access$000(SuiteRunner.java:34)
	at org.testng.SuiteRunner$SuiteWorker.run(SuiteRunner.java:351)
	at org.testng.internal.thread.ThreadUtil$CountDownLatchedRunnable.run(ThreadUtil.java:147)
	at java.util.concurrent.ThreadPoolExecutor$Worker.runTask(ThreadPoolExecutor.java:886)
	at java.util.concurrent.ThreadPoolExecutor$Worker.run(ThreadPoolExecutor.java:908)
	at java.lang.Thread.run(Thread.java:680)
Caused by: org.jclouds.http.HttpResponseException: command: GET https://auth.api.rackspacecloud.com/v1.0 HTTP/1.1 failed with response: HTTP/1.1 401 Unauthorized; content: [Bad username or password]
	at org.jclouds.cloudservers.handlers.ParseCloudServersErrorFromHttpResponse.handleError(ParseCloudServersErrorFromHttpResponse.java:54)
	at org.jclouds.http.handlers.DelegatingErrorHandler.handleError(DelegatingErrorHandler.java:69)
	at org.jclouds.http.internal.BaseHttpCommandExecutorService$HttpResponseCallable.shouldContinue(BaseHttpCommandExecutorService.java:200)
	at org.jclouds.http.internal.BaseHttpCommandExecutorService$HttpResponseCallable.call(BaseHttpCommandExecutorService.java:165)
	at org.jclouds.http.internal.BaseHttpCommandExecutorService$HttpResponseCallable.call(BaseHttpCommandExecutorService.java:134)
	at java.util.concurrent.FutureTask$Sync.innerRun(FutureTask.java:303)
	at java.util.concurrent.FutureTask.run(FutureTask.java:138)
	... 3 more

2) Error in custom provider, org.jclouds.rest.AuthorizationException: command: GET https://auth.api.rackspacecloud.com/v1.0 HTTP/1.1 failed with response: HTTP/1.1 401 Unauthorized; content: [Bad username or password]
  at org.jclouds.openstack.config.OpenStackAuthenticationModule.provideAuthenticationResponse(OpenStackAuthenticationModule.java:163)
  at org.jclouds.openstack.config.OpenStackAuthenticationModule.provideAuthenticationResponse(OpenStackAuthenticationModule.java:163)
  while locating org.jclouds.openstack.OpenStackAuthAsyncClient$AuthenticationResponse
  at org.jclouds.cloudservers.config.CloudServersRestClientModule.provideServerUrl(CloudServersRestClientModule.java:88)
  at org.jclouds.cloudservers.config.CloudServersRestClientModule.provideServerUrl(CloudServersRestClientModule.java:88)
  while locating java.net.URI annotated with @org.jclouds.cloudservers.ServerManagement()
Caused by: org.jclouds.rest.AuthorizationException: command: GET https://auth.api.rackspacecloud.com/v1.0 HTTP/1.1 failed with response: HTTP/1.1 401 Unauthorized; content: [Bad username or password]
	at org.jclouds.cloudservers.handlers.ParseCloudServersErrorFromHttpResponse.handleError(ParseCloudServersErrorFromHttpResponse.java:57)
	at org.jclouds.http.handlers.DelegatingErrorHandler.handleError(DelegatingErrorHandler.java:69)
	at org.jclouds.http.internal.BaseHttpCommandExecutorService$HttpResponseCallable.shouldContinue(BaseHttpCommandExecutorService.java:200)
	at org.jclouds.http.internal.BaseHttpCommandExecutorService$HttpResponseCallable.call(BaseHttpCommandExecutorService.java:165)
	at org.jclouds.http.internal.BaseHttpCommandExecutorService$HttpResponseCallable.call(BaseHttpCommandExecutorService.java:134)
	at java.util.concurrent.FutureTask$Sync.innerRun(FutureTask.java:303)
	at java.util.concurrent.FutureTask.run(FutureTask.java:138)
	at java.util.concurrent.ThreadPoolExecutor$Worker.runTask(ThreadPoolExecutor.java:886)
	at java.util.concurrent.ThreadPoolExecutor$Worker.run(ThreadPoolExecutor.java:908)
	at java.lang.Thread.run(Thread.java:680)
	at org.jclouds.concurrent.config.ExecutorServiceModule$DescribingExecutorService.submit(ExecutorServiceModule.java:182)
	at org.jclouds.http.internal.BaseHttpCommandExecutorService.submit(BaseHttpCommandExecutorService.java:131)
	at org.jclouds.http.TransformingHttpCommandExecutorServiceImpl.submit(TransformingHttpCommandExecutorServiceImpl.java:54)
	at org.jclouds.http.TransformingHttpCommandImpl.execute(TransformingHttpCommandImpl.java:73)
	at org.jclouds.rest.internal.AsyncRestClientProxy.createListenableFuture(AsyncRestClientProxy.java:156)
	at org.jclouds.rest.internal.AsyncRestClientProxy.invoke(AsyncRestClientProxy.java:126)
	at $Proxy60.authenticate(Unknown Source)
	at org.jclouds.openstack.config.OpenStackAuthenticationModule$GetAuthenticationResponse.authenticate(OpenStackAuthenticationModule.java:104)
	at org.jclouds.openstack.config.OpenStackAuthenticationModule$GetAuthenticationResponse.get(OpenStackAuthenticationModule.java:94)
	at org.jclouds.openstack.config.OpenStackAuthenticationModule$GetAuthenticationResponse.get(OpenStackAuthenticationModule.java:77)
	at org.jclouds.concurrent.RetryOnTimeOutExceptionSupplier.get(RetryOnTimeOutExceptionSupplier.java:47)
	at org.jclouds.openstack.config.OpenStackAuthenticationModule$2.load(OpenStackAuthenticationModule.java:120)
	at org.jclouds.openstack.config.OpenStackAuthenticationModule$2.load(OpenStackAuthenticationModule.java:117)
	at com.google.common.cache.LocalCache$LoadingValueReference.loadFuture(LocalCache.java:3570)
	at com.google.common.cache.LocalCache$Segment.loadSync(LocalCache.java:2350)
	at com.google.common.cache.LocalCache$Segment.lockedGetOrLoad(LocalCache.java:2313)
	at com.google.common.cache.LocalCache$Segment.get(LocalCache.java:2228)
	at com.google.common.cache.LocalCache.get(LocalCache.java:3967)
	at com.google.common.cache.LocalCache.getOrLoad(LocalCache.java:3971)
	at com.google.common.cache.LocalCache$LocalManualCache.get(LocalCache.java:4831)
	at org.jclouds.openstack.config.OpenStackAuthenticationModule$3.get(OpenStackAuthenticationModule.java:138)
	at org.jclouds.openstack.config.OpenStackAuthenticationModule$3.get(OpenStackAuthenticationModule.java:134)
	at org.jclouds.openstack.config.OpenStackAuthenticationModule.provideAuthenticationResponse(OpenStackAuthenticationModule.java:163)
	at sun.reflect.NativeMethodAccessorImpl.invoke0(Native Method)
	at sun.reflect.NativeMethodAccessorImpl.invoke(NativeMethodAccessorImpl.java:39)
	at sun.reflect.DelegatingMethodAccessorImpl.invoke(DelegatingMethodAccessorImpl.java:25)
	at java.lang.reflect.Method.invoke(Method.java:597)
	at com.google.inject.internal.ProviderMethod.get(ProviderMethod.java:104)
	at com.google.inject.internal.InternalFactoryToProviderAdapter.get(InternalFactoryToProviderAdapter.java:40)
	at com.google.inject.internal.ProviderToInternalFactoryAdapter$1.call(ProviderToInternalFactoryAdapter.java:46)
	at com.google.inject.internal.InjectorImpl.callInContext(InjectorImpl.java:1031)
	at com.google.inject.internal.ProviderToInternalFactoryAdapter.get(ProviderToInternalFactoryAdapter.java:40)
	at com.google.inject.Scopes$1$1.get(Scopes.java:65)
	at com.google.inject.internal.InternalFactoryToProviderAdapter.get(InternalFactoryToProviderAdapter.java:40)
	at com.google.inject.internal.InjectorImpl$4$1.call(InjectorImpl.java:978)
	at com.google.inject.internal.InjectorImpl.callInContext(InjectorImpl.java:1031)
	at com.google.inject.internal.InjectorImpl$4.get(InjectorImpl.java:974)
	at com.google.inject.spi.ProviderLookup$1.get(ProviderLookup.java:89)
	at com.google.inject.internal.ProviderMethod.get(ProviderMethod.java:98)
	at com.google.inject.internal.InternalFactoryToProviderAdapter.get(InternalFactoryToProviderAdapter.java:40)
	at com.google.inject.internal.ProviderToInternalFactoryAdapter$1.call(ProviderToInternalFactoryAdapter.java:46)
	at com.google.inject.internal.InjectorImpl.callInContext(InjectorImpl.java:1031)
	at com.google.inject.internal.ProviderToInternalFactoryAdapter.get(ProviderToInternalFactoryAdapter.java:40)
	at com.google.inject.Scopes$1$1.get(Scopes.java:65)
	at com.google.inject.internal.InternalFactoryToProviderAdapter.get(InternalFactoryToProviderAdapter.java:40)
	at com.google.inject.internal.InternalInjectorCreator$1.call(InternalInjectorCreator.java:204)
	at com.google.inject.internal.InternalInjectorCreator$1.call(InternalInjectorCreator.java:198)
	at com.google.inject.internal.InjectorImpl.callInContext(InjectorImpl.java:1024)
	at com.google.inject.internal.InternalInjectorCreator.loadEagerSingletons(InternalInjectorCreator.java:198)
	at com.google.inject.internal.InternalInjectorCreator.injectDynamically(InternalInjectorCreator.java:179)
	at com.google.inject.internal.InternalInjectorCreator.build(InternalInjectorCreator.java:109)
	at com.google.inject.Guice.createInjector(Guice.java:95)
	at org.jclouds.rest.RestContextBuilder.buildInjector(RestContextBuilder.java:202)
	at org.jclouds.compute.ComputeServiceContextBuilder.buildInjector(ComputeServiceContextBuilder.java:52)
	at org.jclouds.compute.ComputeServiceContextBuilder.buildComputeServiceContext(ComputeServiceContextBuilder.java:65)
	at org.jclouds.compute.ComputeServiceContextFactory.buildContextUnwrappingExceptions(ComputeServiceContextFactory.java:70)
	at org.jclouds.compute.ComputeServiceContextFactory.createContext(ComputeServiceContextFactory.java:100)
	at org.jclouds.compute.BaseComputeServiceLiveTest.testCorrectAuthException(BaseComputeServiceLiveTest.java:188)
	at sun.reflect.NativeMethodAccessorImpl.invoke0(Native Method)
	at sun.reflect.NativeMethodAccessorImpl.invoke(NativeMethodAccessorImpl.java:39)
	at sun.reflect.DelegatingMethodAccessorImpl.invoke(DelegatingMethodAccessorImpl.java:25)
	at java.lang.reflect.Method.invoke(Method.java:597)
	at org.testng.internal.MethodInvocationHelper.invokeMethod(MethodInvocationHelper.java:76)
	at org.testng.internal.Invoker.invokeMethod(Invoker.java:673)
	at org.testng.internal.Invoker.invokeTestMethod(Invoker.java:846)
	at org.testng.internal.Invoker.invokeTestMethods(Invoker.java:1170)
	at org.testng.internal.TestMethodWorker.invokeTestMethods(TestMethodWorker.java:125)
	at org.testng.internal.TestMethodWorker.run(TestMethodWorker.java:109)
	at org.testng.TestRunner.runWorkers(TestRunner.java:1147)
	at org.testng.TestRunner.privateRun(TestRunner.java:749)
	at org.testng.TestRunner.run(TestRunner.java:600)
	at org.testng.SuiteRunner.runTest(SuiteRunner.java:317)
	at org.testng.SuiteRunner.access$000(SuiteRunner.java:34)
	at org.testng.SuiteRunner$SuiteWorker.run(SuiteRunner.java:351)
	at org.testng.internal.thread.ThreadUtil$CountDownLatchedRunnable.run(ThreadUtil.java:147)
	at java.util.concurrent.ThreadPoolExecutor$Worker.runTask(ThreadPoolExecutor.java:886)
	at java.util.concurrent.ThreadPoolExecutor$Worker.run(ThreadPoolExecutor.java:908)
	at java.lang.Thread.run(Thread.java:680)
	at org.jclouds.concurrent.config.ExecutorServiceModule$DescribingExecutorService.submit(ExecutorServiceModule.java:182)
	at org.jclouds.http.internal.BaseHttpCommandExecutorService.submit(BaseHttpCommandExecutorService.java:131)
	at org.jclouds.http.TransformingHttpCommandExecutorServiceImpl.submit(TransformingHttpCommandExecutorServiceImpl.java:54)
	at org.jclouds.http.TransformingHttpCommandImpl.execute(TransformingHttpCommandImpl.java:73)
	at org.jclouds.rest.internal.AsyncRestClientProxy.createListenableFuture(AsyncRestClientProxy.java:156)
	at org.jclouds.rest.internal.AsyncRestClientProxy.invoke(AsyncRestClientProxy.java:126)
	at $Proxy60.authenticate(Unknown Source)
	at org.jclouds.openstack.config.OpenStackAuthenticationModule$GetAuthenticationResponse.authenticate(OpenStackAuthenticationModule.java:104)
	at org.jclouds.openstack.config.OpenStackAuthenticationModule$GetAuthenticationResponse.get(OpenStackAuthenticationModule.java:94)
	at org.jclouds.openstack.config.OpenStackAuthenticationModule$GetAuthenticationResponse.get(OpenStackAuthenticationModule.java:77)
	at org.jclouds.concurrent.RetryOnTimeOutExceptionSupplier.get(RetryOnTimeOutExceptionSupplier.java:47)
	at org.jclouds.openstack.config.OpenStackAuthenticationModule$2.load(OpenStackAuthenticationModule.java:120)
	at org.jclouds.openstack.config.OpenStackAuthenticationModule$2.load(OpenStackAuthenticationModule.java:117)
	at com.google.common.cache.LocalCache$LoadingValueReference.loadFuture(LocalCache.java:3570)
	at com.google.common.cache.LocalCache$Segment.loadSync(LocalCache.java:2350)
	at com.google.common.cache.LocalCache$Segment.lockedGetOrLoad(LocalCache.java:2313)
	at com.google.common.cache.LocalCache$Segment.get(LocalCache.java:2228)
	at com.google.common.cache.LocalCache.get(LocalCache.java:3967)
	at com.google.common.cache.LocalCache.getOrLoad(LocalCache.java:3971)
	at com.google.common.cache.LocalCache$LocalManualCache.get(LocalCache.java:4831)
	at org.jclouds.openstack.config.OpenStackAuthenticationModule$3.get(OpenStackAuthenticationModule.java:138)
	at org.jclouds.openstack.config.OpenStackAuthenticationModule$3.get(OpenStackAuthenticationModule.java:134)
	at org.jclouds.openstack.config.OpenStackAuthenticationModule.provideAuthenticationResponse(OpenStackAuthenticationModule.java:163)
	at sun.reflect.NativeMethodAccessorImpl.invoke0(Native Method)
	at sun.reflect.NativeMethodAccessorImpl.invoke(NativeMethodAccessorImpl.java:39)
	at sun.reflect.DelegatingMethodAccessorImpl.invoke(DelegatingMethodAccessorImpl.java:25)
	at java.lang.reflect.Method.invoke(Method.java:597)
	at com.google.inject.internal.ProviderMethod.get(ProviderMethod.java:104)
	at com.google.inject.internal.InternalFactoryToProviderAdapter.get(InternalFactoryToProviderAdapter.java:40)
	at com.google.inject.internal.ProviderToInternalFactoryAdapter$1.call(ProviderToInternalFactoryAdapter.java:46)
	at com.google.inject.internal.InjectorImpl.callInContext(InjectorImpl.java:1031)
	at com.google.inject.internal.ProviderToInternalFactoryAdapter.get(ProviderToInternalFactoryAdapter.java:40)
	at com.google.inject.Scopes$1$1.get(Scopes.java:65)
	at com.google.inject.internal.InternalFactoryToProviderAdapter.get(InternalFactoryToProviderAdapter.java:40)
	at com.google.inject.internal.InjectorImpl$4$1.call(InjectorImpl.java:978)
	at com.google.inject.internal.InjectorImpl.callInContext(InjectorImpl.java:1031)
	at com.google.inject.internal.InjectorImpl$4.get(InjectorImpl.java:974)
	at com.google.inject.spi.ProviderLookup$1.get(ProviderLookup.java:89)
	at com.google.inject.internal.ProviderMethod.get(ProviderMethod.java:98)
	at com.google.inject.internal.InternalFactoryToProviderAdapter.get(InternalFactoryToProviderAdapter.java:40)
	at com.google.inject.internal.ProviderToInternalFactoryAdapter$1.call(ProviderToInternalFactoryAdapter.java:46)
	at com.google.inject.internal.InjectorImpl.callInContext(InjectorImpl.java:1031)
	at com.google.inject.internal.ProviderToInternalFactoryAdapter.get(ProviderToInternalFactoryAdapter.java:40)
	at com.google.inject.Scopes$1$1.get(Scopes.java:65)
	at com.google.inject.internal.InternalFactoryToProviderAdapter.get(InternalFactoryToProviderAdapter.java:40)
	at com.google.inject.internal.InternalInjectorCreator$1.call(InternalInjectorCreator.java:204)
	at com.google.inject.internal.InternalInjectorCreator$1.call(InternalInjectorCreator.java:198)
	at com.google.inject.internal.InjectorImpl.callInContext(InjectorImpl.java:1024)
	at com.google.inject.internal.InternalInjectorCreator.loadEagerSingletons(InternalInjectorCreator.java:198)
	at com.google.inject.internal.InternalInjectorCreator.injectDynamically(InternalInjectorCreator.java:179)
	at com.google.inject.internal.InternalInjectorCreator.build(InternalInjectorCreator.java:109)
	at com.google.inject.Guice.createInjector(Guice.java:95)
	at org.jclouds.rest.RestContextBuilder.buildInjector(RestContextBuilder.java:202)
	at org.jclouds.compute.ComputeServiceContextBuilder.buildInjector(ComputeServiceContextBuilder.java:52)
	at org.jclouds.compute.ComputeServiceContextBuilder.buildComputeServiceContext(ComputeServiceContextBuilder.java:65)
	at org.jclouds.compute.ComputeServiceContextFactory.buildContextUnwrappingExceptions(ComputeServiceContextFactory.java:70)
	at org.jclouds.compute.ComputeServiceContextFactory.createContext(ComputeServiceContextFactory.java:100)
	at org.jclouds.compute.BaseComputeServiceLiveTest.testCorrectAuthException(BaseComputeServiceLiveTest.java:188)
	at sun.reflect.NativeMethodAccessorImpl.invoke0(Native Method)
	at sun.reflect.NativeMethodAccessorImpl.invoke(NativeMethodAccessorImpl.java:39)
	at sun.reflect.DelegatingMethodAccessorImpl.invoke(DelegatingMethodAccessorImpl.java:25)
	at java.lang.reflect.Method.invoke(Method.java:597)
	at org.testng.internal.MethodInvocationHelper.invokeMethod(MethodInvocationHelper.java:76)
	at org.testng.internal.Invoker.invokeMethod(Invoker.java:673)
	at org.testng.internal.Invoker.invokeTestMethod(Invoker.java:846)
	at org.testng.internal.Invoker.invokeTestMethods(Invoker.java:1170)
	at org.testng.internal.TestMethodWorker.invokeTestMethods(TestMethodWorker.java:125)
	at org.testng.internal.TestMethodWorker.run(TestMethodWorker.java:109)
	at org.testng.TestRunner.runWorkers(TestRunner.java:1147)
	at org.testng.TestRunner.privateRun(TestRunner.java:749)
	at org.testng.TestRunner.run(TestRunner.java:600)
	at org.testng.SuiteRunner.runTest(SuiteRunner.java:317)
	at org.testng.SuiteRunner.access$000(SuiteRunner.java:34)
	at org.testng.SuiteRunner$SuiteWorker.run(SuiteRunner.java:351)
	at org.testng.internal.thread.ThreadUtil$CountDownLatchedRunnable.run(ThreadUtil.java:147)
	at java.util.concurrent.ThreadPoolExecutor$Worker.runTask(ThreadPoolExecutor.java:886)
	at java.util.concurrent.ThreadPoolExecutor$Worker.run(ThreadPoolExecutor.java:908)
	at java.lang.Thread.run(Thread.java:680)
	at org.jclouds.concurrent.config.ExecutorServiceModule$DescribingExecutorService.submit(ExecutorServiceModule.java:182)
	at org.jclouds.http.internal.BaseHttpCommandExecutorService.submit(BaseHttpCommandExecutorService.java:131)
	at org.jclouds.http.TransformingHttpCommandExecutorServiceImpl.submit(TransformingHttpCommandExecutorServiceImpl.java:54)
	at org.jclouds.http.TransformingHttpCommandImpl.execute(TransformingHttpCommandImpl.java:73)
	at org.jclouds.rest.internal.AsyncRestClientProxy.createListenableFuture(AsyncRestClientProxy.java:156)
	at org.jclouds.rest.internal.AsyncRestClientProxy.invoke(AsyncRestClientProxy.java:126)
	at $Proxy60.authenticate(Unknown Source)
	at org.jclouds.openstack.config.OpenStackAuthenticationModule$GetAuthenticationResponse.authenticate(OpenStackAuthenticationModule.java:104)
	at org.jclouds.openstack.config.OpenStackAuthenticationModule$GetAuthenticationResponse.get(OpenStackAuthenticationModule.java:94)
	at org.jclouds.openstack.config.OpenStackAuthenticationModule$GetAuthenticationResponse.get(OpenStackAuthenticationModule.java:77)
	at org.jclouds.concurrent.RetryOnTimeOutExceptionSupplier.get(RetryOnTimeOutExceptionSupplier.java:47)
	at org.jclouds.openstack.config.OpenStackAuthenticationModule$2.load(OpenStackAuthenticationModule.java:120)
	at org.jclouds.openstack.config.OpenStackAuthenticationModule$2.load(OpenStackAuthenticationModule.java:117)
	at com.google.common.cache.LocalCache$LoadingValueReference.loadFuture(LocalCache.java:3570)
	at com.google.common.cache.LocalCache$Segment.loadSync(LocalCache.java:2350)
	at com.google.common.cache.LocalCache$Segment.lockedGetOrLoad(LocalCache.java:2313)
	at com.google.common.cache.LocalCache$Segment.get(LocalCache.java:2228)
	at com.google.common.cache.LocalCache.get(LocalCache.java:3967)
	at com.google.common.cache.LocalCache.getOrLoad(LocalCache.java:3971)
	at com.google.common.cache.LocalCache$LocalManualCache.get(LocalCache.java:4831)
	at org.jclouds.openstack.config.OpenStackAuthenticationModule$3.get(OpenStackAuthenticationModule.java:138)
	at org.jclouds.openstack.config.OpenStackAuthenticationModule$3.get(OpenStackAuthenticationModule.java:134)
	at org.jclouds.openstack.config.OpenStackAuthenticationModule.provideAuthenticationResponse(OpenStackAuthenticationModule.java:163)
	at sun.reflect.NativeMethodAccessorImpl.invoke0(Native Method)
	at sun.reflect.NativeMethodAccessorImpl.invoke(NativeMethodAccessorImpl.java:39)
	at sun.reflect.DelegatingMethodAccessorImpl.invoke(DelegatingMethodAccessorImpl.java:25)
	at java.lang.reflect.Method.invoke(Method.java:597)
	at com.google.inject.internal.ProviderMethod.get(ProviderMethod.java:104)
	at com.google.inject.internal.InternalFactoryToProviderAdapter.get(InternalFactoryToProviderAdapter.java:40)
	at com.google.inject.internal.ProviderToInternalFactoryAdapter$1.call(ProviderToInternalFactoryAdapter.java:46)
	at com.google.inject.internal.InjectorImpl.callInContext(InjectorImpl.java:1031)
	at com.google.inject.internal.ProviderToInternalFactoryAdapter.get(ProviderToInternalFactoryAdapter.java:40)
	at com.google.inject.Scopes$1$1.get(Scopes.java:65)
	at com.google.inject.internal.InternalFactoryToProviderAdapter.get(InternalFactoryToProviderAdapter.java:40)
	at com.google.inject.internal.InjectorImpl$4$1.call(InjectorImpl.java:978)
	at com.google.inject.internal.InjectorImpl.callInContext(InjectorImpl.java:1031)
	at com.google.inject.internal.InjectorImpl$4.get(InjectorImpl.java:974)
	at com.google.inject.spi.ProviderLookup$1.get(ProviderLookup.java:89)
	at com.google.inject.internal.ProviderMethod.get(ProviderMethod.java:98)
	at com.google.inject.internal.InternalFactoryToProviderAdapter.get(InternalFactoryToProviderAdapter.java:40)
	at com.google.inject.internal.ProviderToInternalFactoryAdapter$1.call(ProviderToInternalFactoryAdapter.java:46)
	at com.google.inject.internal.InjectorImpl.callInContext(InjectorImpl.java:1031)
	at com.google.inject.internal.ProviderToInternalFactoryAdapter.get(ProviderToInternalFactoryAdapter.java:40)
	at com.google.inject.Scopes$1$1.get(Scopes.java:65)
	at com.google.inject.internal.InternalFactoryToProviderAdapter.get(InternalFactoryToProviderAdapter.java:40)
	at com.google.inject.internal.InternalInjectorCreator$1.call(InternalInjectorCreator.java:204)
	at com.google.inject.internal.InternalInjectorCreator$1.call(InternalInjectorCreator.java:198)
	at com.google.inject.internal.InjectorImpl.callInContext(InjectorImpl.java:1024)
	at com.google.inject.internal.InternalInjectorCreator.loadEagerSingletons(InternalInjectorCreator.java:198)
	at com.google.inject.internal.InternalInjectorCreator.injectDynamically(InternalInjectorCreator.java:179)
	at com.google.inject.internal.InternalInjectorCreator.build(InternalInjectorCreator.java:109)
	at com.google.inject.Guice.createInjector(Guice.java:95)
	at org.jclouds.rest.RestContextBuilder.buildInjector(RestContextBuilder.java:202)
	at org.jclouds.compute.ComputeServiceContextBuilder.buildInjector(ComputeServiceContextBuilder.java:52)
	at org.jclouds.compute.ComputeServiceContextBuilder.buildComputeServiceContext(ComputeServiceContextBuilder.java:65)
	at org.jclouds.compute.ComputeServiceContextFactory.buildContextUnwrappingExceptions(ComputeServiceContextFactory.java:70)
	at org.jclouds.compute.ComputeServiceContextFactory.createContext(ComputeServiceContextFactory.java:100)
	at org.jclouds.compute.BaseComputeServiceLiveTest.testCorrectAuthException(BaseComputeServiceLiveTest.java:188)
	at sun.reflect.NativeMethodAccessorImpl.invoke0(Native Method)
	at sun.reflect.NativeMethodAccessorImpl.invoke(NativeMethodAccessorImpl.java:39)
	at sun.reflect.DelegatingMethodAccessorImpl.invoke(DelegatingMethodAccessorImpl.java:25)
	at java.lang.reflect.Method.invoke(Method.java:597)
	at org.testng.internal.MethodInvocationHelper.invokeMethod(MethodInvocationHelper.java:76)
	at org.testng.internal.Invoker.invokeMethod(Invoker.java:673)
	at org.testng.internal.Invoker.invokeTestMethod(Invoker.java:846)
	at org.testng.internal.Invoker.invokeTestMethods(Invoker.java:1170)
	at org.testng.internal.TestMethodWorker.invokeTestMethods(TestMethodWorker.java:125)
	at org.testng.internal.TestMethodWorker.run(TestMethodWorker.java:109)
	at org.testng.TestRunner.runWorkers(TestRunner.java:1147)
	at org.testng.TestRunner.privateRun(TestRunner.java:749)
	at org.testng.TestRunner.run(TestRunner.java:600)
	at org.testng.SuiteRunner.runTest(SuiteRunner.java:317)
	at org.testng.SuiteRunner.access$000(SuiteRunner.java:34)
	at org.testng.SuiteRunner$SuiteWorker.run(SuiteRunner.java:351)
	at org.testng.internal.thread.ThreadUtil$CountDownLatchedRunnable.run(ThreadUtil.java:147)
	at java.util.concurrent.ThreadPoolExecutor$Worker.runTask(ThreadPoolExecutor.java:886)
	at java.util.concurrent.ThreadPoolExecutor$Worker.run(ThreadPoolExecutor.java:908)
	at java.lang.Thread.run(Thread.java:680)
Caused by: org.jclouds.http.HttpResponseException: command: GET https://auth.api.rackspacecloud.com/v1.0 HTTP/1.1 failed with response: HTTP/1.1 401 Unauthorized; content: [Bad username or password]
	at org.jclouds.cloudservers.handlers.ParseCloudServersErrorFromHttpResponse.handleError(ParseCloudServersErrorFromHttpResponse.java:54)
	at org.jclouds.http.handlers.DelegatingErrorHandler.handleError(DelegatingErrorHandler.java:69)
	at org.jclouds.http.internal.BaseHttpCommandExecutorService$HttpResponseCallable.shouldContinue(BaseHttpCommandExecutorService.java:200)
	at org.jclouds.http.internal.BaseHttpCommandExecutorService$HttpResponseCallable.call(BaseHttpCommandExecutorService.java:165)
	at org.jclouds.http.internal.BaseHttpCommandExecutorService$HttpResponseCallable.call(BaseHttpCommandExecutorService.java:134)
	at java.util.concurrent.FutureTask$Sync.innerRun(FutureTask.java:303)
	at java.util.concurrent.FutureTask.run(FutureTask.java:138)
	... 3 more

2 errors
	at com.google.inject.internal.Errors.throwCreationExceptionIfErrorsExist(Errors.java:435)
	at com.google.inject.internal.InternalInjectorCreator.injectDynamically(InternalInjectorCreator.java:183)
	at com.google.inject.internal.InternalInjectorCreator.build(InternalInjectorCreator.java:109)
	at com.google.inject.Guice.createInjector(Guice.java:95)
	at org.jclouds.rest.RestContextBuilder.buildInjector(RestContextBuilder.java:202)
	at org.jclouds.compute.ComputeServiceContextBuilder.buildInjector(ComputeServiceContextBuilder.java:52)
	at org.jclouds.compute.ComputeServiceContextBuilder.buildComputeServiceContext(ComputeServiceContextBuilder.java:65)
	at org.jclouds.compute.ComputeServiceContextFactory.buildContextUnwrappingExceptions(ComputeServiceContextFactory.java:70)
	at org.jclouds.compute.ComputeServiceContextFactory.createContext(ComputeServiceContextFactory.java:100)
	at org.jclouds.compute.BaseComputeServiceLiveTest.testCorrectAuthException(BaseComputeServiceLiveTest.java:188)
	at sun.reflect.NativeMethodAccessorImpl.invoke0(Native Method)
	at sun.reflect.NativeMethodAccessorImpl.invoke(NativeMethodAccessorImpl.java:39)
	at sun.reflect.DelegatingMethodAccessorImpl.invoke(DelegatingMethodAccessorImpl.java:25)
	at java.lang.reflect.Method.invoke(Method.java:597)
	at org.testng.internal.MethodInvocationHelper.invokeMethod(MethodInvocationHelper.java:76)
	at org.testng.internal.Invoker.invokeMethod(Invoker.java:673)
	at org.testng.internal.Invoker.invokeTestMethod(Invoker.java:846)
	at org.testng.internal.Invoker.invokeTestMethods(Invoker.java:1170)
	at org.testng.internal.TestMethodWorker.invokeTestMethods(TestMethodWorker.java:125)
	at org.testng.internal.TestMethodWorker.run(TestMethodWorker.java:109)
	at org.testng.TestRunner.runWorkers(TestRunner.java:1147)
	at org.testng.TestRunner.privateRun(TestRunner.java:749)
	at org.testng.TestRunner.run(TestRunner.java:600)
	at org.testng.SuiteRunner.runTest(SuiteRunner.java:317)
	at org.testng.SuiteRunner.access$000(SuiteRunner.java:34)
	at org.testng.SuiteRunner$SuiteWorker.run(SuiteRunner.java:351)
	at org.testng.internal.thread.ThreadUtil$CountDownLatchedRunnable.run(ThreadUtil.java:147)
	at java.util.concurrent.ThreadPoolExecutor$Worker.runTask(ThreadPoolExecutor.java:886)
	at java.util.concurrent.ThreadPoolExecutor$Worker.run(ThreadPoolExecutor.java:908)
	at java.lang.Thread.run(Thread.java:680)
[pool-2-thread-1] Test testCorrectAuthException(org.jclouds.rackspace.cloudservers.compute.CloudServersUSComputeServiceLiveTest) failed.
Test suite progress: tests succeeded: 121, failed: 3, skipped: 9.
Starting test testCreateAndRunAService(org.jclouds.rackspace.cloudservers.compute.CloudServersUSComputeServiceLiveTest)
Jan 10, 2012 6:41:20 PM org.jclouds.compute.BaseComputeServiceLiveTest testCreateAndRunAService
INFO: << available node(20496432) os([name=null, family=ubuntu, version=11.10, arch=null, is64Bit=true, description=Ubuntu 11.10]) in 203s
Jan 10, 2012 6:41:32 PM org.jclouds.compute.BaseComputeServiceLiveTest testCreateAndRunAService
INFO: << configured node(20496432) with bash: java: command not found and JBoss ls: cannot access /usr/local/jboss/bundles/org/jboss/as/osgi/configadmin/main: No such file or directory in 7s
Jan 10, 2012 6:41:35 PM org.jclouds.compute.BaseComputeServiceLiveTest getLocationForIp
WARNING: could not get info on ip 209.132.182.31; check freegeoip
Jan 10, 2012 6:41:35 PM org.jclouds.compute.BaseComputeServiceLiveTest testCreateAndRunAService
INFO: << location of jboss7(download.jboss.org) from perpective of node(20496432): 209.132.182.31
Jan 10, 2012 6:41:38 PM org.jclouds.compute.BaseComputeServiceLiveTest getLocationForIp
WARNING: could not get info on ip 128.242.186.238; check freegeoip
Jan 10, 2012 6:41:38 PM org.jclouds.compute.BaseComputeServiceLiveTest testCreateAndRunAService
INFO: << location of jdk7(download.oracle.com) from perpective of node(20496432): 128.242.186.238
[pool-2-thread-1] Test testCreateAndRunAService(org.jclouds.rackspace.cloudservers.compute.CloudServersUSComputeServiceLiveTest) failed.
Test suite progress: tests succeeded: 121, failed: 4, skipped: 9.
Starting test testCreateTwoNodesWithRunScript(org.jclouds.rackspace.cloudservers.compute.CloudServersUSComputeServiceLiveTest)
[pool-2-thread-1] Test testCreateTwoNodesWithRunScript(org.jclouds.rackspace.cloudservers.compute.CloudServersUSComputeServiceLiveTest) failed.
Test suite progress: tests succeeded: 121, failed: 5, skipped: 9.
[pool-2-thread-1] Test testCreateAnotherNodeWithANewContextToEnsureSharedMemIsntRequired(org.jclouds.rackspace.cloudservers.compute.CloudServersUSComputeServiceLiveTest) skipped.
Test suite progress: tests succeeded: 121, failed: 5, skipped: 10.
[pool-2-thread-1] Test testCredentialsCache(org.jclouds.rackspace.cloudservers.compute.CloudServersUSComputeServiceLiveTest) skipped.
Test suite progress: tests succeeded: 121, failed: 5, skipped: 11.
[pool-2-thread-1] Test testGet(org.jclouds.rackspace.cloudservers.compute.CloudServersUSComputeServiceLiveTest) skipped.
Test suite progress: tests succeeded: 121, failed: 5, skipped: 12.
Starting test testGetAssignableLocations(org.jclouds.rackspace.cloudservers.compute.CloudServersUSComputeServiceLiveTest)
Jan 10, 2012 6:47:05 PM org.jclouds.compute.BaseComputeServiceLiveTest testGetAssignableLocations
WARNING: location [id=cloudservers-us, scope=PROVIDER, description=https://auth.api.rackspacecloud.com, parent=null, iso3166Codes=[US-IL, US-TX], metadata={}]
[pool-2-thread-1] Test testGetAssignableLocations(org.jclouds.rackspace.cloudservers.compute.CloudServersUSComputeServiceLiveTest) succeeded: 43ms
Test suite progress: tests succeeded: 122, failed: 5, skipped: 12.
Starting test testImagesCache(org.jclouds.rackspace.cloudservers.compute.CloudServersUSComputeServiceLiveTest)
[pool-2-thread-1] Test testImagesCache(org.jclouds.rackspace.cloudservers.compute.CloudServersUSComputeServiceLiveTest) succeeded: 0ms
Test suite progress: tests succeeded: 123, failed: 5, skipped: 12.
Starting test testListImages(org.jclouds.rackspace.cloudservers.compute.CloudServersUSComputeServiceLiveTest)
[pool-2-thread-1] Test testListImages(org.jclouds.rackspace.cloudservers.compute.CloudServersUSComputeServiceLiveTest) succeeded: 0ms
Test suite progress: tests succeeded: 124, failed: 5, skipped: 12.
Starting test testListSizes(org.jclouds.rackspace.cloudservers.compute.CloudServersUSComputeServiceLiveTest)
[pool-2-thread-1] Test testListSizes(org.jclouds.rackspace.cloudservers.compute.CloudServersUSComputeServiceLiveTest) succeeded: 0ms
Test suite progress: tests succeeded: 125, failed: 5, skipped: 12.
Starting test testOptionToNotBlock(org.jclouds.rackspace.cloudservers.compute.CloudServersUSComputeServiceLiveTest)
[pool-2-thread-1] Test testOptionToNotBlock(org.jclouds.rackspace.cloudservers.compute.CloudServersUSComputeServiceLiveTest) succeeded: 199019ms
Test suite progress: tests succeeded: 126, failed: 5, skipped: 12.
[pool-2-thread-1] Test testReboot(org.jclouds.rackspace.cloudservers.compute.CloudServersUSComputeServiceLiveTest) skipped.
Test suite progress: tests succeeded: 126, failed: 5, skipped: 13.
[pool-2-thread-1] Test testSuspendResume(org.jclouds.rackspace.cloudservers.compute.CloudServersUSComputeServiceLiveTest) skipped.
Test suite progress: tests succeeded: 126, failed: 5, skipped: 14.
[pool-2-thread-1] Test testGetNodesWithDetails(org.jclouds.rackspace.cloudservers.compute.CloudServersUSComputeServiceLiveTest) skipped.
Test suite progress: tests succeeded: 126, failed: 5, skipped: 15.
[pool-2-thread-1] Test testListNodes(org.jclouds.rackspace.cloudservers.compute.CloudServersUSComputeServiceLiveTest) skipped.
Test suite progress: tests succeeded: 126, failed: 5, skipped: 16.
[pool-2-thread-1] Test testDestroyNodes(org.jclouds.rackspace.cloudservers.compute.CloudServersUSComputeServiceLiveTest) skipped.
Test suite progress: tests succeeded: 126, failed: 5, skipped: 17.
Starting test testTemplateMatch(org.jclouds.rackspace.cloudservers.compute.CloudServersUSComputeServiceLiveTest)
[pool-2-thread-1] Test testTemplateMatch(org.jclouds.rackspace.cloudservers.compute.CloudServersUSComputeServiceLiveTest) succeeded: 2ms
Test suite progress: tests succeeded: 127, failed: 5, skipped: 17.
Starting test testAssignability(org.jclouds.rackspace.cloudservers.compute.CloudServersUSComputeServiceLiveTest)
[pool-2-thread-1] Test testAssignability(org.jclouds.rackspace.cloudservers.compute.CloudServersUSComputeServiceLiveTest) succeeded: 1349ms
Test suite progress: tests succeeded: 128, failed: 5, skipped: 17.
Starting test testCorrectExceptionRunningNodesNotFound(org.jclouds.rackspace.cloudservers.compute.CloudServersUSComputeServiceLiveTest)
[pool-2-thread-1] Test testCorrectExceptionRunningNodesNotFound(org.jclouds.rackspace.cloudservers.compute.CloudServersUSComputeServiceLiveTest) succeeded: 1886ms
Test suite progress: tests succeeded: 129, failed: 5, skipped: 17.
Tests run: 151, Failures: 5, Errors: 0, Skipped: 17, Time elapsed: 1,508.387 sec <<< FAILURE!

Results :

Failed tests:   testCreateImage(org.jclouds.rackspace.cloudservers.CloudServersUSClientLiveTest): command: POST https://servers.api.rackspacecloud.com/v1.0/413274/images?format=json HTTP/1.1 failed with response: HTTP/1.1 400 Bad Request; content: [{"cloudServersFault":{"message":"Unhandled exception occurred during processing. com.rackspace.cloud.servers.nucleus.client.exceptions.NucleusClientException: 500 Error:","details":"com.rackspace.cloud.service.servers.CloudServersFault: Unhandled exception occurred during processing. com.rackspace.cloud.servers.nucleus.client.exceptions.NucleusClientException: 500 Error:","code":400}}]
  testAScriptExecutionAfterBootWithBasicTemplate(org.jclouds.rackspace.cloudservers.compute.CloudServersUSComputeServiceLiveTest): [output=bash: java: command not found
  testCorrectAuthException(org.jclouds.rackspace.cloudservers.compute.CloudServersUSComputeServiceLiveTest): 
  testCreateAndRunAService(org.jclouds.rackspace.cloudservers.compute.CloudServersUSComputeServiceLiveTest): failed to open socket [address=50.57.152.234, port=8080] on node [id=20496432, providerId=20496432, group=cs-s, name=cs-s-e54, location=[id=52c578456122a955698790b86ada476b, scope=HOST, description=52c578456122a955698790b86ada476b, parent=cloudservers-us, iso3166Codes=[], metadata={}], uri=null, imageId=119, os=[name=null, family=ubuntu, version=11.10, arch=null, is64Bit=true, description=Ubuntu 11.10], state=RUNNING, loginPort=22, hostname=cs-s-e54, privateAddresses=[10.176.3.229], publicAddresses=[50.57.152.234], hardware=[id=1, providerId=1, name=256 server, processors=[[cores=1.0, speed=1.0]], ram=256, volumes=[[id=null, type=LOCAL, size=10.0, device=null, durable=true, isBootDevice=true]], supportsImage=ALWAYS_TRUE, tags=[]], loginUser=root, userMetadata={Name=cs-s}, tags=[]]:
  testCreateTwoNodesWithRunScript(org.jclouds.rackspace.cloudservers.compute.CloudServersUSComputeServiceLiveTest): [output=bash: java: command not found

Tests run: 151, Failures: 5, Errors: 0, Skipped: 17

[INFO] ------------------------------------------------------------------------
[INFO] BUILD FAILURE
[INFO] ------------------------------------------------------------------------
[INFO] Total time: 25:38.367s
[INFO] Finished at: Tue Jan 10 18:50:42 PST 2012
[INFO] Final Memory: 22M/265M
[INFO] ------------------------------------------------------------------------
[ERROR] Failed to execute goal org.apache.maven.plugins:maven-surefire-plugin:2.10:test (integration) on project cloudservers-us: There are test failures.
[ERROR] 
[ERROR] Please refer to /Users/adriancole/workspace/git/1.3.x/jclouds/providers/cloudservers-us/target/surefire-reports for the individual test results.
[ERROR] -> [Help 1]
[ERROR] 
[ERROR] To see the full stack trace of the errors, re-run Maven with the -e switch.
[ERROR] Re-run Maven using the -X switch to enable full debug logging.
[ERROR] 
[ERROR] For more information about the errors and possible solutions, please read the following articles:
[ERROR] [Help 1] http://cwiki.apache.org/confluence/display/MAVEN/MojoFailureException
