[INFO] Scanning for projects...
[WARNING] 
[WARNING] Some problems were encountered while building the effective model for org.jclouds.provider:elastichosts-lax-p:bundle:1.3.0-SNAPSHOT
[WARNING] 'parent.relativePath' of POM org.jclouds:jclouds-project:1.3.0-SNAPSHOT (/Users/adriancole/workspace/git/1.3.x/jclouds/project/pom.xml) points at org.jclouds:jclouds-multi instead of org.sonatype.oss:oss-parent, please verify your project structure @ org.jclouds:jclouds-project:1.3.0-SNAPSHOT, /Users/adriancole/workspace/git/1.3.x/jclouds/project/pom.xml, line 24, column 13
[WARNING] 
[WARNING] It is highly recommended to fix these problems because they threaten the stability of your build.
[WARNING] 
[WARNING] For this reason, future Maven versions might no longer support building such malformed projects.
[WARNING] 
[INFO]                                                                         
[INFO] ------------------------------------------------------------------------
[INFO] Building jclouds ElasticHosts Peer1 Los Angeles provider 1.3.0-SNAPSHOT
[INFO] ------------------------------------------------------------------------
[INFO] 
[INFO] --- maven-clean-plugin:2.4.1:clean (default-clean) @ elastichosts-lax-p ---
[INFO] Deleting /Users/adriancole/workspace/git/1.3.x/jclouds/providers/elastichosts-lax-p/target
[INFO] 
[INFO] --- maven-enforcer-plugin:1.0.1:enforce (enforce-maven) @ elastichosts-lax-p ---
[INFO] 
[INFO] --- maven-enforcer-plugin:1.0.1:enforce (enforce-banned-dependencies) @ elastichosts-lax-p ---
[INFO] 
[INFO] --- maven-enforcer-plugin:1.0.1:enforce (enforce-java) @ elastichosts-lax-p ---
[INFO] 
[INFO] --- maven-remote-resources-plugin:1.2:process (process-remote-resources) @ elastichosts-lax-p ---
[INFO] Setting property: classpath.resource.loader.class => 'org.codehaus.plexus.velocity.ContextClassLoaderResourceLoader'.
[INFO] Setting property: velocimacro.messages.on => 'false'.
[INFO] Setting property: resource.loader => 'classpath'.
[INFO] Setting property: resource.manager.logwhenfound => 'false'.
[INFO] 
[INFO] --- maven-resources-plugin:2.4.2:resources (default-resources) @ elastichosts-lax-p ---
[INFO] Using 'UTF-8' encoding to copy filtered resources.
[INFO] skip non existing resourceDirectory /Users/adriancole/workspace/git/1.3.x/jclouds/providers/elastichosts-lax-p/src/main/clojure
[INFO] Copying 2 resources
[INFO] Copying 2 resources
[INFO] 
[INFO] --- maven-compiler-plugin:2.3:compile (default-compile) @ elastichosts-lax-p ---
[INFO] Compiling 2 source files to /Users/adriancole/workspace/git/1.3.x/jclouds/providers/elastichosts-lax-p/target/classes
[INFO] 
[INFO] --- maven-resources-plugin:2.4.2:testResources (default-testResources) @ elastichosts-lax-p ---
[INFO] Using 'UTF-8' encoding to copy filtered resources.
[INFO] skip non existing resourceDirectory /Users/adriancole/workspace/git/1.3.x/jclouds/providers/elastichosts-lax-p/src/test/clojure
[INFO] skip non existing resourceDirectory /Users/adriancole/workspace/git/1.3.x/jclouds/providers/elastichosts-lax-p/src/test/resources
[INFO] Copying 2 resources
[INFO] 
[INFO] --- maven-compiler-plugin:2.3:testCompile (default-testCompile) @ elastichosts-lax-p ---
[INFO] Compiling 4 source files to /Users/adriancole/workspace/git/1.3.x/jclouds/providers/elastichosts-lax-p/target/test-classes
[INFO] 
[INFO] --- maven-surefire-plugin:2.10:test (default-test) @ elastichosts-lax-p ---
[INFO] Surefire report directory: /Users/adriancole/workspace/git/1.3.x/jclouds/providers/elastichosts-lax-p/target/surefire-reports
[INFO] Using configured provider org.apache.maven.surefire.testng.TestNGProvider

-------------------------------------------------------
 T E S T S
-------------------------------------------------------
Running org.jclouds.elastichosts.ElasticHostsPeer1LosAngelesProviderTest
Starting test testInRestProperties(org.jclouds.elastichosts.ElasticHostsPeer1LosAngelesProviderTest)
Starting test testWithId(org.jclouds.elastichosts.ElasticHostsPeer1LosAngelesProviderTest)
Starting test testAllContains(org.jclouds.elastichosts.ElasticHostsPeer1LosAngelesProviderTest)
Starting test testOfTypeContains(org.jclouds.elastichosts.ElasticHostsPeer1LosAngelesProviderTest)
[pool-2-thread-3] Test testAllContains(org.jclouds.elastichosts.ElasticHostsPeer1LosAngelesProviderTest) succeeded: 39ms
Test suite progress: tests succeeded: 1, failed: 0, skipped: 0.
[pool-2-thread-4] Test testOfTypeContains(org.jclouds.elastichosts.ElasticHostsPeer1LosAngelesProviderTest) succeeded: 39ms
Test suite progress: tests succeeded: 2, failed: 0, skipped: 0.
[pool-2-thread-2] Test testWithId(org.jclouds.elastichosts.ElasticHostsPeer1LosAngelesProviderTest) succeeded: 44ms
Test suite progress: tests succeeded: 3, failed: 0, skipped: 0.
[pool-2-thread-1] Test testInRestProperties(org.jclouds.elastichosts.ElasticHostsPeer1LosAngelesProviderTest) succeeded: 173ms
Test suite progress: tests succeeded: 4, failed: 0, skipped: 0.
Tests run: 4, Failures: 0, Errors: 0, Skipped: 0, Time elapsed: 0.801 sec

Results :

Tests run: 4, Failures: 0, Errors: 0, Skipped: 0

[INFO] 
[INFO] --- clojure-maven-plugin:1.3.8:test (test-clojure) @ elastichosts-lax-p ---

Testing com.theoryinpractise.clojure.testrunner

Ran 0 tests containing 0 assertions.
0 failures, 0 errors.
[INFO] 
[INFO] --- maven-bundle-plugin:2.3.4:bundle (default-bundle) @ elastichosts-lax-p ---
[INFO] 
[INFO] --- maven-source-plugin:2.1.1:jar-no-fork (attach-sources) @ elastichosts-lax-p ---
[INFO] Building jar: /Users/adriancole/workspace/git/1.3.x/jclouds/providers/elastichosts-lax-p/target/elastichosts-lax-p-1.3.0-SNAPSHOT-sources.jar
[INFO] 
[INFO] --- maven-javadoc-plugin:2.8:jar (javadoc) @ elastichosts-lax-p ---
[INFO] Skipping javadoc generation
[INFO] 
[INFO] --- maven-jar-plugin:2.3.1:test-jar (default) @ elastichosts-lax-p ---
[INFO] Building jar: /Users/adriancole/workspace/git/1.3.x/jclouds/providers/elastichosts-lax-p/target/elastichosts-lax-p-1.3.0-SNAPSHOT-tests.jar
[INFO] 
[INFO] --- maven-surefire-plugin:2.10:test (integration) @ elastichosts-lax-p ---
[INFO] Surefire report directory: /Users/adriancole/workspace/git/1.3.x/jclouds/providers/elastichosts-lax-p/target/surefire-reports
[INFO] Using configured provider org.apache.maven.surefire.testng.TestNGProvider

-------------------------------------------------------
 T E S T S
-------------------------------------------------------
Running TestSuite
Starting test testCompareSizes(org.jclouds.elastichosts.compute.ElasticHostsPeer1LosAngelesTemplateBuilderLiveTest)
Starting test setServiceDefaults(org.jclouds.elastichosts.compute.ElasticHostsPeer1LosAngelesComputeServiceLiveTest)
[pool-2-thread-1] Test setServiceDefaults(org.jclouds.elastichosts.compute.ElasticHostsPeer1LosAngelesComputeServiceLiveTest) succeeded: 0ms
Test suite progress: tests succeeded: 1, failed: 0, skipped: 0.
Starting test testCompareSizes(org.jclouds.elastichosts.compute.ElasticHostsPeer1LosAngelesComputeServiceLiveTest)
Starting test testCreateDrive(org.jclouds.elastichosts.ElasticHostsPeer1LosAngelesClientLiveTest)
Jan 10, 2012 11:27:33 PM org.jclouds.compute.BaseComputeServiceLiveTest testCompareSizes
INFO: smallest [id=cpu=1000.000000,ram=512,disk=1.000000, providerId=cpu=1000.000000,ram=512,disk=1.000000, name=null, processors=[[cores=1.0, speed=1000.0]], ram=512, volumes=[[id=null, type=LOCAL, size=1.0, device=null, durable=true, isBootDevice=true]], supportsImage=sizeLessThanOrEqual(1.0), tags=[]]
Jan 10, 2012 11:27:33 PM org.jclouds.compute.BaseComputeServiceLiveTest testCompareSizes
INFO: fastest [id=cpu=20000.000000,ram=512,disk=20.000000, providerId=cpu=20000.000000,ram=512,disk=20.000000, name=null, processors=[[cores=1.0, speed=20000.0]], ram=512, volumes=[[id=null, type=LOCAL, size=20.0, device=null, durable=true, isBootDevice=true]], supportsImage=sizeLessThanOrEqual(20.0), tags=[]]
Jan 10, 2012 11:27:33 PM org.jclouds.compute.BaseComputeServiceLiveTest testCompareSizes
INFO: biggest [id=cpu=20000.000000,ram=8192,disk=20.000000, providerId=cpu=20000.000000,ram=8192,disk=20.000000, name=null, processors=[[cores=1.0, speed=20000.0]], ram=8192, volumes=[[id=null, type=LOCAL, size=20.0, device=null, durable=true, isBootDevice=true]], supportsImage=sizeLessThanOrEqual(20.0), tags=[]]
[pool-2-thread-1] Test testCompareSizes(org.jclouds.elastichosts.compute.ElasticHostsPeer1LosAngelesComputeServiceLiveTest) succeeded: 3102ms
Test suite progress: tests succeeded: 2, failed: 0, skipped: 0.
smallest [id=cpu=1000.000000,ram=512,disk=1.000000, providerId=cpu=1000.000000,ram=512,disk=1.000000, name=null, processors=[[cores=1.0, speed=1000.0]], ram=512, volumes=[[id=null, type=LOCAL, size=1.0, device=null, durable=true, isBootDevice=true]], supportsImage=sizeLessThanOrEqual(1.0), tags=[]]
fastest [id=cpu=20000.000000,ram=512,disk=20.000000, providerId=cpu=20000.000000,ram=512,disk=20.000000, name=null, processors=[[cores=1.0, speed=20000.0]], ram=512, volumes=[[id=null, type=LOCAL, size=20.0, device=null, durable=true, isBootDevice=true]], supportsImage=sizeLessThanOrEqual(20.0), tags=[]]
biggest [id=cpu=20000.000000,ram=8192,disk=20.000000, providerId=cpu=20000.000000,ram=8192,disk=20.000000, name=null, processors=[[cores=1.0, speed=20000.0]], ram=8192, volumes=[[id=null, type=LOCAL, size=20.0, device=null, durable=true, isBootDevice=true]], supportsImage=sizeLessThanOrEqual(20.0), tags=[]]
[pool-2-thread-2] Test testCompareSizes(org.jclouds.elastichosts.compute.ElasticHostsPeer1LosAngelesTemplateBuilderLiveTest) succeeded: 3882ms
Test suite progress: tests succeeded: 3, failed: 0, skipped: 0.
Starting test testDefaultTemplateBuilder(org.jclouds.elastichosts.compute.ElasticHostsPeer1LosAngelesTemplateBuilderLiveTest)
[pool-2-thread-2] Test testDefaultTemplateBuilder(org.jclouds.elastichosts.compute.ElasticHostsPeer1LosAngelesTemplateBuilderLiveTest) succeeded: 3ms
Test suite progress: tests succeeded: 4, failed: 0, skipped: 0.
Starting test testFromTemplate(org.jclouds.elastichosts.compute.ElasticHostsPeer1LosAngelesTemplateBuilderLiveTest)
Starting test testAScriptExecutionAfterBootWithBasicTemplate(org.jclouds.elastichosts.compute.ElasticHostsPeer1LosAngelesComputeServiceLiveTest)
[pool-2-thread-2] Test testFromTemplate(org.jclouds.elastichosts.compute.ElasticHostsPeer1LosAngelesTemplateBuilderLiveTest) succeeded: 16ms
Test suite progress: tests succeeded: 5, failed: 0, skipped: 0.
Starting test testGetAssignableLocations(org.jclouds.elastichosts.compute.ElasticHostsPeer1LosAngelesTemplateBuilderLiveTest)
location [id=elastichosts-lax-p, scope=PROVIDER, description=https://api.lax-p.elastichosts.com, parent=null, iso3166Codes=[US-CA], metadata={}]
[pool-2-thread-2] Test testGetAssignableLocations(org.jclouds.elastichosts.compute.ElasticHostsPeer1LosAngelesTemplateBuilderLiveTest) succeeded: 2ms
Test suite progress: tests succeeded: 6, failed: 0, skipped: 0.
Starting test testTemplateBuilderCanFind(org.jclouds.elastichosts.compute.ElasticHostsPeer1LosAngelesTemplateBuilderLiveTest)
[pool-2-thread-2] Test testTemplateBuilderCanFind(org.jclouds.elastichosts.compute.ElasticHostsPeer1LosAngelesTemplateBuilderLiveTest) succeeded: 2ms
Test suite progress: tests succeeded: 7, failed: 0, skipped: 0.
Starting test testTemplateBuilderCanFind(org.jclouds.elastichosts.compute.ElasticHostsPeer1LosAngelesTemplateBuilderLiveTest)
[pool-2-thread-2] Test testTemplateBuilderCanFind(org.jclouds.elastichosts.compute.ElasticHostsPeer1LosAngelesTemplateBuilderLiveTest) succeeded: 2ms
Test suite progress: tests succeeded: 8, failed: 0, skipped: 0.
Starting test testTemplateBuilderCanFind(org.jclouds.elastichosts.compute.ElasticHostsPeer1LosAngelesTemplateBuilderLiveTest)
[pool-2-thread-2] Test testTemplateBuilderCanFind(org.jclouds.elastichosts.compute.ElasticHostsPeer1LosAngelesTemplateBuilderLiveTest) succeeded: 3ms
Test suite progress: tests succeeded: 9, failed: 0, skipped: 0.
Starting test testTemplateBuilderCanFind(org.jclouds.elastichosts.compute.ElasticHostsPeer1LosAngelesTemplateBuilderLiveTest)
[pool-2-thread-2] Test testTemplateBuilderCanFind(org.jclouds.elastichosts.compute.ElasticHostsPeer1LosAngelesTemplateBuilderLiveTest) succeeded: 2ms
Test suite progress: tests succeeded: 10, failed: 0, skipped: 0.
Starting test testTemplateBuilderCanFind(org.jclouds.elastichosts.compute.ElasticHostsPeer1LosAngelesTemplateBuilderLiveTest)
[pool-2-thread-2] Test testTemplateBuilderCanFind(org.jclouds.elastichosts.compute.ElasticHostsPeer1LosAngelesTemplateBuilderLiveTest) succeeded: 2ms
Test suite progress: tests succeeded: 11, failed: 0, skipped: 0.
Starting test testTemplateBuilderCanFind(org.jclouds.elastichosts.compute.ElasticHostsPeer1LosAngelesTemplateBuilderLiveTest)
[pool-2-thread-2] Test testTemplateBuilderCanFind(org.jclouds.elastichosts.compute.ElasticHostsPeer1LosAngelesTemplateBuilderLiveTest) succeeded: 2ms
Test suite progress: tests succeeded: 12, failed: 0, skipped: 0.
Starting test testTemplateBuilderCanFind(org.jclouds.elastichosts.compute.ElasticHostsPeer1LosAngelesTemplateBuilderLiveTest)
[pool-2-thread-2] Test testTemplateBuilderCanFind(org.jclouds.elastichosts.compute.ElasticHostsPeer1LosAngelesTemplateBuilderLiveTest) succeeded: 1ms
Test suite progress: tests succeeded: 13, failed: 0, skipped: 0.
Starting test testTemplateBuilderCanFind(org.jclouds.elastichosts.compute.ElasticHostsPeer1LosAngelesTemplateBuilderLiveTest)
[pool-2-thread-2] Test testTemplateBuilderCanFind(org.jclouds.elastichosts.compute.ElasticHostsPeer1LosAngelesTemplateBuilderLiveTest) succeeded: 2ms
Test suite progress: tests succeeded: 14, failed: 0, skipped: 0.
Starting test testTemplateBuilderCanFind(org.jclouds.elastichosts.compute.ElasticHostsPeer1LosAngelesTemplateBuilderLiveTest)
[pool-2-thread-2] Test testTemplateBuilderCanFind(org.jclouds.elastichosts.compute.ElasticHostsPeer1LosAngelesTemplateBuilderLiveTest) succeeded: 13ms
Test suite progress: tests succeeded: 15, failed: 0, skipped: 0.
Starting test testTemplateBuilderCanFind(org.jclouds.elastichosts.compute.ElasticHostsPeer1LosAngelesTemplateBuilderLiveTest)
[pool-2-thread-2] Test testTemplateBuilderCanFind(org.jclouds.elastichosts.compute.ElasticHostsPeer1LosAngelesTemplateBuilderLiveTest) succeeded: 1ms
Test suite progress: tests succeeded: 16, failed: 0, skipped: 0.
Starting test testTemplateBuilderCanUseImageId(org.jclouds.elastichosts.compute.ElasticHostsPeer1LosAngelesTemplateBuilderLiveTest)
[pool-2-thread-2] Test testTemplateBuilderCanUseImageId(org.jclouds.elastichosts.compute.ElasticHostsPeer1LosAngelesTemplateBuilderLiveTest) succeeded: 1755ms
Test suite progress: tests succeeded: 17, failed: 0, skipped: 0.
Starting test testTemplateBuilderCannotFind(org.jclouds.elastichosts.compute.ElasticHostsPeer1LosAngelesTemplateBuilderLiveTest)
[pool-2-thread-2] Test testTemplateBuilderCannotFind(org.jclouds.elastichosts.compute.ElasticHostsPeer1LosAngelesTemplateBuilderLiveTest) succeeded: 3ms
Test suite progress: tests succeeded: 18, failed: 0, skipped: 0.
Starting test testTemplateBuilderCannotFind(org.jclouds.elastichosts.compute.ElasticHostsPeer1LosAngelesTemplateBuilderLiveTest)
[pool-2-thread-2] Test testTemplateBuilderCannotFind(org.jclouds.elastichosts.compute.ElasticHostsPeer1LosAngelesTemplateBuilderLiveTest) succeeded: 1ms
Test suite progress: tests succeeded: 19, failed: 0, skipped: 0.
Starting test testTemplateBuilderCannotFind(org.jclouds.elastichosts.compute.ElasticHostsPeer1LosAngelesTemplateBuilderLiveTest)
[pool-2-thread-2] Test testTemplateBuilderCannotFind(org.jclouds.elastichosts.compute.ElasticHostsPeer1LosAngelesTemplateBuilderLiveTest) succeeded: 1ms
Test suite progress: tests succeeded: 20, failed: 0, skipped: 0.
Starting test testTemplateBuilderCannotFind(org.jclouds.elastichosts.compute.ElasticHostsPeer1LosAngelesTemplateBuilderLiveTest)
[pool-2-thread-2] Test testTemplateBuilderCannotFind(org.jclouds.elastichosts.compute.ElasticHostsPeer1LosAngelesTemplateBuilderLiveTest) succeeded: 11ms
Test suite progress: tests succeeded: 21, failed: 0, skipped: 0.
Starting test testTemplateBuilderCannotFind(org.jclouds.elastichosts.compute.ElasticHostsPeer1LosAngelesTemplateBuilderLiveTest)
[pool-2-thread-2] Test testTemplateBuilderCannotFind(org.jclouds.elastichosts.compute.ElasticHostsPeer1LosAngelesTemplateBuilderLiveTest) succeeded: 7ms
Test suite progress: tests succeeded: 22, failed: 0, skipped: 0.
Starting test testTemplateBuilderCannotFind(org.jclouds.elastichosts.compute.ElasticHostsPeer1LosAngelesTemplateBuilderLiveTest)
[pool-2-thread-2] Test testTemplateBuilderCannotFind(org.jclouds.elastichosts.compute.ElasticHostsPeer1LosAngelesTemplateBuilderLiveTest) succeeded: 1ms
Test suite progress: tests succeeded: 23, failed: 0, skipped: 0.
Starting test testTemplateBuilderCannotFind(org.jclouds.elastichosts.compute.ElasticHostsPeer1LosAngelesTemplateBuilderLiveTest)
[pool-2-thread-2] Test testTemplateBuilderCannotFind(org.jclouds.elastichosts.compute.ElasticHostsPeer1LosAngelesTemplateBuilderLiveTest) succeeded: 0ms
Test suite progress: tests succeeded: 24, failed: 0, skipped: 0.
Starting test testTemplateBuilderCannotFind(org.jclouds.elastichosts.compute.ElasticHostsPeer1LosAngelesTemplateBuilderLiveTest)
[pool-2-thread-2] Test testTemplateBuilderCannotFind(org.jclouds.elastichosts.compute.ElasticHostsPeer1LosAngelesTemplateBuilderLiveTest) succeeded: 1ms
Test suite progress: tests succeeded: 25, failed: 0, skipped: 0.
Starting test testTemplateBuilderCannotFind(org.jclouds.elastichosts.compute.ElasticHostsPeer1LosAngelesTemplateBuilderLiveTest)
[pool-2-thread-2] Test testTemplateBuilderCannotFind(org.jclouds.elastichosts.compute.ElasticHostsPeer1LosAngelesTemplateBuilderLiveTest) succeeded: 13ms
Test suite progress: tests succeeded: 26, failed: 0, skipped: 0.
Starting test testTemplateBuilderCannotFind(org.jclouds.elastichosts.compute.ElasticHostsPeer1LosAngelesTemplateBuilderLiveTest)
[pool-2-thread-2] Test testTemplateBuilderCannotFind(org.jclouds.elastichosts.compute.ElasticHostsPeer1LosAngelesTemplateBuilderLiveTest) succeeded: 1ms
Test suite progress: tests succeeded: 27, failed: 0, skipped: 0.
Starting test testTemplateBuilderCannotFind(org.jclouds.elastichosts.compute.ElasticHostsPeer1LosAngelesTemplateBuilderLiveTest)
[pool-2-thread-2] Test testTemplateBuilderCannotFind(org.jclouds.elastichosts.compute.ElasticHostsPeer1LosAngelesTemplateBuilderLiveTest) succeeded: 4ms
Test suite progress: tests succeeded: 28, failed: 0, skipped: 0.
Starting test testTemplateBuilderCannotFind(org.jclouds.elastichosts.compute.ElasticHostsPeer1LosAngelesTemplateBuilderLiveTest)
[pool-2-thread-2] Test testTemplateBuilderCannotFind(org.jclouds.elastichosts.compute.ElasticHostsPeer1LosAngelesTemplateBuilderLiveTest) succeeded: 1ms
Test suite progress: tests succeeded: 29, failed: 0, skipped: 0.
Starting test testTemplateBuilderCannotFind(org.jclouds.elastichosts.compute.ElasticHostsPeer1LosAngelesTemplateBuilderLiveTest)
[pool-2-thread-2] Test testTemplateBuilderCannotFind(org.jclouds.elastichosts.compute.ElasticHostsPeer1LosAngelesTemplateBuilderLiveTest) succeeded: 1ms
Test suite progress: tests succeeded: 30, failed: 0, skipped: 0.
Starting test testTemplateBuilderCannotFind(org.jclouds.elastichosts.compute.ElasticHostsPeer1LosAngelesTemplateBuilderLiveTest)
[pool-2-thread-2] Test testTemplateBuilderCannotFind(org.jclouds.elastichosts.compute.ElasticHostsPeer1LosAngelesTemplateBuilderLiveTest) succeeded: 6ms
Test suite progress: tests succeeded: 31, failed: 0, skipped: 0.
Starting test testTemplateBuilderCannotFind(org.jclouds.elastichosts.compute.ElasticHostsPeer1LosAngelesTemplateBuilderLiveTest)
[pool-2-thread-2] Test testTemplateBuilderCannotFind(org.jclouds.elastichosts.compute.ElasticHostsPeer1LosAngelesTemplateBuilderLiveTest) succeeded: 0ms
Test suite progress: tests succeeded: 32, failed: 0, skipped: 0.
Starting test testTemplateBuilderCannotFind(org.jclouds.elastichosts.compute.ElasticHostsPeer1LosAngelesTemplateBuilderLiveTest)
[pool-2-thread-2] Test testTemplateBuilderCannotFind(org.jclouds.elastichosts.compute.ElasticHostsPeer1LosAngelesTemplateBuilderLiveTest) succeeded: 2ms
Test suite progress: tests succeeded: 33, failed: 0, skipped: 0.
Starting test testTemplateBuilderCannotFind(org.jclouds.elastichosts.compute.ElasticHostsPeer1LosAngelesTemplateBuilderLiveTest)
[pool-2-thread-2] Test testTemplateBuilderCannotFind(org.jclouds.elastichosts.compute.ElasticHostsPeer1LosAngelesTemplateBuilderLiveTest) succeeded: 1ms
Test suite progress: tests succeeded: 34, failed: 0, skipped: 0.
Starting test testTemplateBuilderCannotFind(org.jclouds.elastichosts.compute.ElasticHostsPeer1LosAngelesTemplateBuilderLiveTest)
[pool-2-thread-2] Test testTemplateBuilderCannotFind(org.jclouds.elastichosts.compute.ElasticHostsPeer1LosAngelesTemplateBuilderLiveTest) succeeded: 2ms
Test suite progress: tests succeeded: 35, failed: 0, skipped: 0.
Starting test testTemplateBuilderCannotFind(org.jclouds.elastichosts.compute.ElasticHostsPeer1LosAngelesTemplateBuilderLiveTest)
[pool-2-thread-2] Test testTemplateBuilderCannotFind(org.jclouds.elastichosts.compute.ElasticHostsPeer1LosAngelesTemplateBuilderLiveTest) succeeded: 1ms
Test suite progress: tests succeeded: 36, failed: 0, skipped: 0.
Starting test testTemplateBuilderCannotFind(org.jclouds.elastichosts.compute.ElasticHostsPeer1LosAngelesTemplateBuilderLiveTest)
[pool-2-thread-2] Test testTemplateBuilderCannotFind(org.jclouds.elastichosts.compute.ElasticHostsPeer1LosAngelesTemplateBuilderLiveTest) succeeded: 1ms
Test suite progress: tests succeeded: 37, failed: 0, skipped: 0.
Starting test testTemplateBuilderCannotFind(org.jclouds.elastichosts.compute.ElasticHostsPeer1LosAngelesTemplateBuilderLiveTest)
[pool-2-thread-2] Test testTemplateBuilderCannotFind(org.jclouds.elastichosts.compute.ElasticHostsPeer1LosAngelesTemplateBuilderLiveTest) succeeded: 1ms
Test suite progress: tests succeeded: 38, failed: 0, skipped: 0.
Starting test testTemplateBuilderCannotFind(org.jclouds.elastichosts.compute.ElasticHostsPeer1LosAngelesTemplateBuilderLiveTest)
[pool-2-thread-2] Test testTemplateBuilderCannotFind(org.jclouds.elastichosts.compute.ElasticHostsPeer1LosAngelesTemplateBuilderLiveTest) succeeded: 1ms
Test suite progress: tests succeeded: 39, failed: 0, skipped: 0.
Starting test testTemplateBuilderCannotFind(org.jclouds.elastichosts.compute.ElasticHostsPeer1LosAngelesTemplateBuilderLiveTest)
[pool-2-thread-2] Test testTemplateBuilderCannotFind(org.jclouds.elastichosts.compute.ElasticHostsPeer1LosAngelesTemplateBuilderLiveTest) succeeded: 0ms
Test suite progress: tests succeeded: 40, failed: 0, skipped: 0.
Starting test testTemplateBuilderCannotFind(org.jclouds.elastichosts.compute.ElasticHostsPeer1LosAngelesTemplateBuilderLiveTest)
[pool-2-thread-2] Test testTemplateBuilderCannotFind(org.jclouds.elastichosts.compute.ElasticHostsPeer1LosAngelesTemplateBuilderLiveTest) succeeded: 2ms
Test suite progress: tests succeeded: 41, failed: 0, skipped: 0.
Starting test testTemplateBuilderCannotFind(org.jclouds.elastichosts.compute.ElasticHostsPeer1LosAngelesTemplateBuilderLiveTest)
[pool-2-thread-2] Test testTemplateBuilderCannotFind(org.jclouds.elastichosts.compute.ElasticHostsPeer1LosAngelesTemplateBuilderLiveTest) succeeded: 4ms
Test suite progress: tests succeeded: 42, failed: 0, skipped: 0.
Starting test testTemplateBuilderCannotFind(org.jclouds.elastichosts.compute.ElasticHostsPeer1LosAngelesTemplateBuilderLiveTest)
[pool-2-thread-2] Test testTemplateBuilderCannotFind(org.jclouds.elastichosts.compute.ElasticHostsPeer1LosAngelesTemplateBuilderLiveTest) succeeded: 2ms
Test suite progress: tests succeeded: 43, failed: 0, skipped: 0.
Starting test testTemplateBuilderCannotFind(org.jclouds.elastichosts.compute.ElasticHostsPeer1LosAngelesTemplateBuilderLiveTest)
[pool-2-thread-2] Test testTemplateBuilderCannotFind(org.jclouds.elastichosts.compute.ElasticHostsPeer1LosAngelesTemplateBuilderLiveTest) succeeded: 4ms
Test suite progress: tests succeeded: 44, failed: 0, skipped: 0.
Starting test testTemplateBuilderCannotFind(org.jclouds.elastichosts.compute.ElasticHostsPeer1LosAngelesTemplateBuilderLiveTest)
[pool-2-thread-2] Test testTemplateBuilderCannotFind(org.jclouds.elastichosts.compute.ElasticHostsPeer1LosAngelesTemplateBuilderLiveTest) succeeded: 1ms
Test suite progress: tests succeeded: 45, failed: 0, skipped: 0.
Starting test testTemplateBuilderCannotFind(org.jclouds.elastichosts.compute.ElasticHostsPeer1LosAngelesTemplateBuilderLiveTest)
[pool-2-thread-2] Test testTemplateBuilderCannotFind(org.jclouds.elastichosts.compute.ElasticHostsPeer1LosAngelesTemplateBuilderLiveTest) succeeded: 0ms
Test suite progress: tests succeeded: 46, failed: 0, skipped: 0.
Starting test testTemplateBuilderCannotFind(org.jclouds.elastichosts.compute.ElasticHostsPeer1LosAngelesTemplateBuilderLiveTest)
[pool-2-thread-2] Test testTemplateBuilderCannotFind(org.jclouds.elastichosts.compute.ElasticHostsPeer1LosAngelesTemplateBuilderLiveTest) succeeded: 2ms
Test suite progress: tests succeeded: 47, failed: 0, skipped: 0.
Starting test testTemplateBuilderCannotFind(org.jclouds.elastichosts.compute.ElasticHostsPeer1LosAngelesTemplateBuilderLiveTest)
[pool-2-thread-2] Test testTemplateBuilderCannotFind(org.jclouds.elastichosts.compute.ElasticHostsPeer1LosAngelesTemplateBuilderLiveTest) succeeded: 1ms
Test suite progress: tests succeeded: 48, failed: 0, skipped: 0.
Starting test testTemplateBuilderCannotFind(org.jclouds.elastichosts.compute.ElasticHostsPeer1LosAngelesTemplateBuilderLiveTest)
[pool-2-thread-2] Test testTemplateBuilderCannotFind(org.jclouds.elastichosts.compute.ElasticHostsPeer1LosAngelesTemplateBuilderLiveTest) succeeded: 1ms
Test suite progress: tests succeeded: 49, failed: 0, skipped: 0.
Starting test testTemplateBuilderCannotFind(org.jclouds.elastichosts.compute.ElasticHostsPeer1LosAngelesTemplateBuilderLiveTest)
[pool-2-thread-2] Test testTemplateBuilderCannotFind(org.jclouds.elastichosts.compute.ElasticHostsPeer1LosAngelesTemplateBuilderLiveTest) succeeded: 1ms
Test suite progress: tests succeeded: 50, failed: 0, skipped: 0.
Starting test testTemplateBuilderCannotFind(org.jclouds.elastichosts.compute.ElasticHostsPeer1LosAngelesTemplateBuilderLiveTest)
[pool-2-thread-2] Test testTemplateBuilderCannotFind(org.jclouds.elastichosts.compute.ElasticHostsPeer1LosAngelesTemplateBuilderLiveTest) succeeded: 1ms
Test suite progress: tests succeeded: 51, failed: 0, skipped: 0.
Starting test testTemplateBuilderCannotFind(org.jclouds.elastichosts.compute.ElasticHostsPeer1LosAngelesTemplateBuilderLiveTest)
[pool-2-thread-2] Test testTemplateBuilderCannotFind(org.jclouds.elastichosts.compute.ElasticHostsPeer1LosAngelesTemplateBuilderLiveTest) succeeded: 1ms
Test suite progress: tests succeeded: 52, failed: 0, skipped: 0.
Starting test testTemplateBuilderCannotFind(org.jclouds.elastichosts.compute.ElasticHostsPeer1LosAngelesTemplateBuilderLiveTest)
[pool-2-thread-2] Test testTemplateBuilderCannotFind(org.jclouds.elastichosts.compute.ElasticHostsPeer1LosAngelesTemplateBuilderLiveTest) succeeded: 2ms
Test suite progress: tests succeeded: 53, failed: 0, skipped: 0.
Starting test testTemplateBuilderCannotFind(org.jclouds.elastichosts.compute.ElasticHostsPeer1LosAngelesTemplateBuilderLiveTest)
[pool-2-thread-2] Test testTemplateBuilderCannotFind(org.jclouds.elastichosts.compute.ElasticHostsPeer1LosAngelesTemplateBuilderLiveTest) succeeded: 1ms
Test suite progress: tests succeeded: 54, failed: 0, skipped: 0.
Starting test testTemplateBuilderCannotFind(org.jclouds.elastichosts.compute.ElasticHostsPeer1LosAngelesTemplateBuilderLiveTest)
[pool-2-thread-2] Test testTemplateBuilderCannotFind(org.jclouds.elastichosts.compute.ElasticHostsPeer1LosAngelesTemplateBuilderLiveTest) succeeded: 2ms
Test suite progress: tests succeeded: 55, failed: 0, skipped: 0.
Starting test testTemplateBuilderCannotFind(org.jclouds.elastichosts.compute.ElasticHostsPeer1LosAngelesTemplateBuilderLiveTest)
[pool-2-thread-2] Test testTemplateBuilderCannotFind(org.jclouds.elastichosts.compute.ElasticHostsPeer1LosAngelesTemplateBuilderLiveTest) succeeded: 2ms
Test suite progress: tests succeeded: 56, failed: 0, skipped: 0.
Starting test testTemplateBuilderCannotFind(org.jclouds.elastichosts.compute.ElasticHostsPeer1LosAngelesTemplateBuilderLiveTest)
[pool-2-thread-2] Test testTemplateBuilderCannotFind(org.jclouds.elastichosts.compute.ElasticHostsPeer1LosAngelesTemplateBuilderLiveTest) succeeded: 2ms
Test suite progress: tests succeeded: 57, failed: 0, skipped: 0.
Starting test testTemplateBuilderCannotFind(org.jclouds.elastichosts.compute.ElasticHostsPeer1LosAngelesTemplateBuilderLiveTest)
[pool-2-thread-2] Test testTemplateBuilderCannotFind(org.jclouds.elastichosts.compute.ElasticHostsPeer1LosAngelesTemplateBuilderLiveTest) succeeded: 1ms
Test suite progress: tests succeeded: 58, failed: 0, skipped: 0.
Starting test testTemplateBuilderCannotFind(org.jclouds.elastichosts.compute.ElasticHostsPeer1LosAngelesTemplateBuilderLiveTest)
[pool-2-thread-2] Test testTemplateBuilderCannotFind(org.jclouds.elastichosts.compute.ElasticHostsPeer1LosAngelesTemplateBuilderLiveTest) succeeded: 1ms
Test suite progress: tests succeeded: 59, failed: 0, skipped: 0.
Starting test testTemplateBuilderCannotFind(org.jclouds.elastichosts.compute.ElasticHostsPeer1LosAngelesTemplateBuilderLiveTest)
[pool-2-thread-2] Test testTemplateBuilderCannotFind(org.jclouds.elastichosts.compute.ElasticHostsPeer1LosAngelesTemplateBuilderLiveTest) succeeded: 0ms
Test suite progress: tests succeeded: 60, failed: 0, skipped: 0.
Starting test testTemplateBuilderCannotFind(org.jclouds.elastichosts.compute.ElasticHostsPeer1LosAngelesTemplateBuilderLiveTest)
[pool-2-thread-2] Test testTemplateBuilderCannotFind(org.jclouds.elastichosts.compute.ElasticHostsPeer1LosAngelesTemplateBuilderLiveTest) succeeded: 0ms
Test suite progress: tests succeeded: 61, failed: 0, skipped: 0.
Starting test testTemplateBuilderCannotFind(org.jclouds.elastichosts.compute.ElasticHostsPeer1LosAngelesTemplateBuilderLiveTest)
[pool-2-thread-2] Test testTemplateBuilderCannotFind(org.jclouds.elastichosts.compute.ElasticHostsPeer1LosAngelesTemplateBuilderLiveTest) succeeded: 0ms
Test suite progress: tests succeeded: 62, failed: 0, skipped: 0.
Starting test testTemplateBuilderCannotFind(org.jclouds.elastichosts.compute.ElasticHostsPeer1LosAngelesTemplateBuilderLiveTest)
[pool-2-thread-2] Test testTemplateBuilderCannotFind(org.jclouds.elastichosts.compute.ElasticHostsPeer1LosAngelesTemplateBuilderLiveTest) succeeded: 0ms
Test suite progress: tests succeeded: 63, failed: 0, skipped: 0.
Starting test testTemplateBuilderCannotFind(org.jclouds.elastichosts.compute.ElasticHostsPeer1LosAngelesTemplateBuilderLiveTest)
[pool-2-thread-2] Test testTemplateBuilderCannotFind(org.jclouds.elastichosts.compute.ElasticHostsPeer1LosAngelesTemplateBuilderLiveTest) succeeded: 0ms
Test suite progress: tests succeeded: 64, failed: 0, skipped: 0.
Starting test testTemplateBuilderCannotFind(org.jclouds.elastichosts.compute.ElasticHostsPeer1LosAngelesTemplateBuilderLiveTest)
[pool-2-thread-2] Test testTemplateBuilderCannotFind(org.jclouds.elastichosts.compute.ElasticHostsPeer1LosAngelesTemplateBuilderLiveTest) succeeded: 0ms
Test suite progress: tests succeeded: 65, failed: 0, skipped: 0.
Starting test testTemplateBuilderCannotFind(org.jclouds.elastichosts.compute.ElasticHostsPeer1LosAngelesTemplateBuilderLiveTest)
[pool-2-thread-2] Test testTemplateBuilderCannotFind(org.jclouds.elastichosts.compute.ElasticHostsPeer1LosAngelesTemplateBuilderLiveTest) succeeded: 0ms
Test suite progress: tests succeeded: 66, failed: 0, skipped: 0.
Starting test testTemplateBuilderCannotFind(org.jclouds.elastichosts.compute.ElasticHostsPeer1LosAngelesTemplateBuilderLiveTest)
[pool-2-thread-2] Test testTemplateBuilderCannotFind(org.jclouds.elastichosts.compute.ElasticHostsPeer1LosAngelesTemplateBuilderLiveTest) succeeded: 1ms
Test suite progress: tests succeeded: 67, failed: 0, skipped: 0.
Starting test testTemplateBuilderCannotFind(org.jclouds.elastichosts.compute.ElasticHostsPeer1LosAngelesTemplateBuilderLiveTest)
[pool-2-thread-2] Test testTemplateBuilderCannotFind(org.jclouds.elastichosts.compute.ElasticHostsPeer1LosAngelesTemplateBuilderLiveTest) succeeded: 0ms
Test suite progress: tests succeeded: 68, failed: 0, skipped: 0.
Starting test testTemplateBuilderCannotFind(org.jclouds.elastichosts.compute.ElasticHostsPeer1LosAngelesTemplateBuilderLiveTest)
[pool-2-thread-2] Test testTemplateBuilderCannotFind(org.jclouds.elastichosts.compute.ElasticHostsPeer1LosAngelesTemplateBuilderLiveTest) succeeded: 0ms
Test suite progress: tests succeeded: 69, failed: 0, skipped: 0.
Starting test testTemplateBuilderCannotFind(org.jclouds.elastichosts.compute.ElasticHostsPeer1LosAngelesTemplateBuilderLiveTest)
[pool-2-thread-2] Test testTemplateBuilderCannotFind(org.jclouds.elastichosts.compute.ElasticHostsPeer1LosAngelesTemplateBuilderLiveTest) succeeded: 1ms
Test suite progress: tests succeeded: 70, failed: 0, skipped: 0.
Starting test testTemplateBuilderCannotFind(org.jclouds.elastichosts.compute.ElasticHostsPeer1LosAngelesTemplateBuilderLiveTest)
[pool-2-thread-2] Test testTemplateBuilderCannotFind(org.jclouds.elastichosts.compute.ElasticHostsPeer1LosAngelesTemplateBuilderLiveTest) succeeded: 1ms
Test suite progress: tests succeeded: 71, failed: 0, skipped: 0.
Starting test testTemplateBuilderCannotFind(org.jclouds.elastichosts.compute.ElasticHostsPeer1LosAngelesTemplateBuilderLiveTest)
[pool-2-thread-2] Test testTemplateBuilderCannotFind(org.jclouds.elastichosts.compute.ElasticHostsPeer1LosAngelesTemplateBuilderLiveTest) succeeded: 0ms
Test suite progress: tests succeeded: 72, failed: 0, skipped: 0.
Starting test testTemplateBuilderCannotFind(org.jclouds.elastichosts.compute.ElasticHostsPeer1LosAngelesTemplateBuilderLiveTest)
[pool-2-thread-2] Test testTemplateBuilderCannotFind(org.jclouds.elastichosts.compute.ElasticHostsPeer1LosAngelesTemplateBuilderLiveTest) succeeded: 1ms
Test suite progress: tests succeeded: 73, failed: 0, skipped: 0.
Starting test testTemplateBuilderCannotFind(org.jclouds.elastichosts.compute.ElasticHostsPeer1LosAngelesTemplateBuilderLiveTest)
[pool-2-thread-2] Test testTemplateBuilderCannotFind(org.jclouds.elastichosts.compute.ElasticHostsPeer1LosAngelesTemplateBuilderLiveTest) succeeded: 1ms
Test suite progress: tests succeeded: 74, failed: 0, skipped: 0.
Starting test testTemplateBuilderCannotFind(org.jclouds.elastichosts.compute.ElasticHostsPeer1LosAngelesTemplateBuilderLiveTest)
[pool-2-thread-2] Test testTemplateBuilderCannotFind(org.jclouds.elastichosts.compute.ElasticHostsPeer1LosAngelesTemplateBuilderLiveTest) succeeded: 1ms
Test suite progress: tests succeeded: 75, failed: 0, skipped: 0.
Starting test testTemplateBuilderCannotFind(org.jclouds.elastichosts.compute.ElasticHostsPeer1LosAngelesTemplateBuilderLiveTest)
[pool-2-thread-2] Test testTemplateBuilderCannotFind(org.jclouds.elastichosts.compute.ElasticHostsPeer1LosAngelesTemplateBuilderLiveTest) succeeded: 1ms
Test suite progress: tests succeeded: 76, failed: 0, skipped: 0.
Starting test testTemplateBuilderCannotFind(org.jclouds.elastichosts.compute.ElasticHostsPeer1LosAngelesTemplateBuilderLiveTest)
[pool-2-thread-2] Test testTemplateBuilderCannotFind(org.jclouds.elastichosts.compute.ElasticHostsPeer1LosAngelesTemplateBuilderLiveTest) succeeded: 0ms
Test suite progress: tests succeeded: 77, failed: 0, skipped: 0.
Starting test testTemplateBuilderCannotFind(org.jclouds.elastichosts.compute.ElasticHostsPeer1LosAngelesTemplateBuilderLiveTest)
[pool-2-thread-2] Test testTemplateBuilderCannotFind(org.jclouds.elastichosts.compute.ElasticHostsPeer1LosAngelesTemplateBuilderLiveTest) succeeded: 0ms
Test suite progress: tests succeeded: 78, failed: 0, skipped: 0.
Starting test testTemplateBuilderCannotFind(org.jclouds.elastichosts.compute.ElasticHostsPeer1LosAngelesTemplateBuilderLiveTest)
[pool-2-thread-2] Test testTemplateBuilderCannotFind(org.jclouds.elastichosts.compute.ElasticHostsPeer1LosAngelesTemplateBuilderLiveTest) succeeded: 1ms
Test suite progress: tests succeeded: 79, failed: 0, skipped: 0.
Starting test testTemplateBuilderCannotFind(org.jclouds.elastichosts.compute.ElasticHostsPeer1LosAngelesTemplateBuilderLiveTest)
[pool-2-thread-2] Test testTemplateBuilderCannotFind(org.jclouds.elastichosts.compute.ElasticHostsPeer1LosAngelesTemplateBuilderLiveTest) succeeded: 1ms
Test suite progress: tests succeeded: 80, failed: 0, skipped: 0.
Starting test testTemplateBuilderCannotFind(org.jclouds.elastichosts.compute.ElasticHostsPeer1LosAngelesTemplateBuilderLiveTest)
[pool-2-thread-2] Test testTemplateBuilderCannotFind(org.jclouds.elastichosts.compute.ElasticHostsPeer1LosAngelesTemplateBuilderLiveTest) succeeded: 0ms
Test suite progress: tests succeeded: 81, failed: 0, skipped: 0.
Starting test testTemplateBuilderCannotFind(org.jclouds.elastichosts.compute.ElasticHostsPeer1LosAngelesTemplateBuilderLiveTest)
[pool-2-thread-2] Test testTemplateBuilderCannotFind(org.jclouds.elastichosts.compute.ElasticHostsPeer1LosAngelesTemplateBuilderLiveTest) succeeded: 1ms
Test suite progress: tests succeeded: 82, failed: 0, skipped: 0.
Starting test testTemplateBuilderCannotFind(org.jclouds.elastichosts.compute.ElasticHostsPeer1LosAngelesTemplateBuilderLiveTest)
[pool-2-thread-2] Test testTemplateBuilderCannotFind(org.jclouds.elastichosts.compute.ElasticHostsPeer1LosAngelesTemplateBuilderLiveTest) succeeded: 0ms
Test suite progress: tests succeeded: 83, failed: 0, skipped: 0.
Starting test testTemplateBuilderCannotFind(org.jclouds.elastichosts.compute.ElasticHostsPeer1LosAngelesTemplateBuilderLiveTest)
[pool-2-thread-2] Test testTemplateBuilderCannotFind(org.jclouds.elastichosts.compute.ElasticHostsPeer1LosAngelesTemplateBuilderLiveTest) succeeded: 1ms
Test suite progress: tests succeeded: 84, failed: 0, skipped: 0.
Starting test testTemplateBuilderCannotFind(org.jclouds.elastichosts.compute.ElasticHostsPeer1LosAngelesTemplateBuilderLiveTest)
[pool-2-thread-2] Test testTemplateBuilderCannotFind(org.jclouds.elastichosts.compute.ElasticHostsPeer1LosAngelesTemplateBuilderLiveTest) succeeded: 2ms
Test suite progress: tests succeeded: 85, failed: 0, skipped: 0.
Starting test testTemplateBuilderCannotFind(org.jclouds.elastichosts.compute.ElasticHostsPeer1LosAngelesTemplateBuilderLiveTest)
[pool-2-thread-2] Test testTemplateBuilderCannotFind(org.jclouds.elastichosts.compute.ElasticHostsPeer1LosAngelesTemplateBuilderLiveTest) succeeded: 0ms
Test suite progress: tests succeeded: 86, failed: 0, skipped: 0.
Starting test testTemplateBuilderCannotFind(org.jclouds.elastichosts.compute.ElasticHostsPeer1LosAngelesTemplateBuilderLiveTest)
[pool-2-thread-2] Test testTemplateBuilderCannotFind(org.jclouds.elastichosts.compute.ElasticHostsPeer1LosAngelesTemplateBuilderLiveTest) succeeded: 1ms
Test suite progress: tests succeeded: 87, failed: 0, skipped: 0.
Starting test testTemplateBuilderCannotFind(org.jclouds.elastichosts.compute.ElasticHostsPeer1LosAngelesTemplateBuilderLiveTest)
[pool-2-thread-2] Test testTemplateBuilderCannotFind(org.jclouds.elastichosts.compute.ElasticHostsPeer1LosAngelesTemplateBuilderLiveTest) succeeded: 1ms
Test suite progress: tests succeeded: 88, failed: 0, skipped: 0.
Starting test testTemplateBuilderCannotFind(org.jclouds.elastichosts.compute.ElasticHostsPeer1LosAngelesTemplateBuilderLiveTest)
[pool-2-thread-2] Test testTemplateBuilderCannotFind(org.jclouds.elastichosts.compute.ElasticHostsPeer1LosAngelesTemplateBuilderLiveTest) succeeded: 1ms
Test suite progress: tests succeeded: 89, failed: 0, skipped: 0.
Starting test testTemplateBuilderCannotFind(org.jclouds.elastichosts.compute.ElasticHostsPeer1LosAngelesTemplateBuilderLiveTest)
[pool-2-thread-2] Test testTemplateBuilderCannotFind(org.jclouds.elastichosts.compute.ElasticHostsPeer1LosAngelesTemplateBuilderLiveTest) succeeded: 0ms
Test suite progress: tests succeeded: 90, failed: 0, skipped: 0.
Starting test testTemplateBuilderCannotFind(org.jclouds.elastichosts.compute.ElasticHostsPeer1LosAngelesTemplateBuilderLiveTest)
[pool-2-thread-2] Test testTemplateBuilderCannotFind(org.jclouds.elastichosts.compute.ElasticHostsPeer1LosAngelesTemplateBuilderLiveTest) succeeded: 2ms
Test suite progress: tests succeeded: 91, failed: 0, skipped: 0.
Starting test testTemplateBuilderWithImageIdSpecified(org.jclouds.elastichosts.compute.ElasticHostsPeer1LosAngelesTemplateBuilderLiveTest)
[pool-2-thread-3] Test testCreateDrive(org.jclouds.elastichosts.ElasticHostsPeer1LosAngelesClientLiveTest) succeeded: 2398ms
Test suite progress: tests succeeded: 92, failed: 0, skipped: 0.
Starting test testGetDrive(org.jclouds.elastichosts.ElasticHostsPeer1LosAngelesClientLiveTest)
[pool-2-thread-3] Test testGetDrive(org.jclouds.elastichosts.ElasticHostsPeer1LosAngelesClientLiveTest) succeeded: 592ms
Test suite progress: tests succeeded: 93, failed: 0, skipped: 0.
Starting test testGetServer(org.jclouds.elastichosts.ElasticHostsPeer1LosAngelesClientLiveTest)
[pool-2-thread-3] Test testGetServer(org.jclouds.elastichosts.ElasticHostsPeer1LosAngelesClientLiveTest) succeeded: 161ms
Test suite progress: tests succeeded: 94, failed: 0, skipped: 0.
Starting test testListDriveInfo(org.jclouds.elastichosts.ElasticHostsPeer1LosAngelesClientLiveTest)
[pool-2-thread-3] Test testListDriveInfo(org.jclouds.elastichosts.ElasticHostsPeer1LosAngelesClientLiveTest) succeeded: 165ms
Test suite progress: tests succeeded: 95, failed: 0, skipped: 0.
Starting test testListDrives(org.jclouds.elastichosts.ElasticHostsPeer1LosAngelesClientLiveTest)
[pool-2-thread-3] Test testListDrives(org.jclouds.elastichosts.ElasticHostsPeer1LosAngelesClientLiveTest) succeeded: 153ms
Test suite progress: tests succeeded: 96, failed: 0, skipped: 0.
Starting test testListServers(org.jclouds.elastichosts.ElasticHostsPeer1LosAngelesClientLiveTest)
[pool-2-thread-3] Test testListServers(org.jclouds.elastichosts.ElasticHostsPeer1LosAngelesClientLiveTest) succeeded: 149ms
Test suite progress: tests succeeded: 97, failed: 0, skipped: 0.
Starting test testSetDriveData(org.jclouds.elastichosts.ElasticHostsPeer1LosAngelesClientLiveTest)
[pool-2-thread-3] Test testSetDriveData(org.jclouds.elastichosts.ElasticHostsPeer1LosAngelesClientLiveTest) succeeded: 1081ms
Test suite progress: tests succeeded: 98, failed: 0, skipped: 0.
Starting test testCreateAndStartServer(org.jclouds.elastichosts.ElasticHostsPeer1LosAngelesClientLiveTest)
Jan 10, 2012 11:27:38 PM org.jclouds.elasticstack.ElasticStackClientLiveTest testCreateAndStartServer
INFO: preparing drive
before prepare[size=1073741824, claimType=shared, readers=[ffffffff-ffff-ffff-ffff-ffffffffffff], uuid=9a913c67-1733-4f8d-a919-a84e972fc0ba, name=rediculous, tags=[networking, security, gateway], userMetadata={foo=bar}, status=active, user=c41861eb-7cba-40f3-99d8-81edc5eb5cd3, claimed=[], encryptionCipher=aes-xts-plain, imaging=null, metrics=[readBytes=0, readRequests=0, writeBytes=0, writeRequests=0]]
[pool-2-thread-2] Test testTemplateBuilderWithImageIdSpecified(org.jclouds.elastichosts.compute.ElasticHostsPeer1LosAngelesTemplateBuilderLiveTest) succeeded: 3386ms
Test suite progress: tests succeeded: 99, failed: 0, skipped: 0.
Starting test testTemplateBuilderWithLoginUserSpecified(org.jclouds.elastichosts.compute.ElasticHostsPeer1LosAngelesTemplateBuilderLiveTest)
[pool-2-thread-2] Test testTemplateBuilderWithLoginUserSpecified(org.jclouds.elastichosts.compute.ElasticHostsPeer1LosAngelesTemplateBuilderLiveTest) succeeded: 2933ms
Test suite progress: tests succeeded: 100, failed: 0, skipped: 0.
Starting test testTemplateBuilder(org.jclouds.elastichosts.compute.ElasticHostsPeer1LosAngelesTemplateBuilderLiveTest)
[pool-2-thread-2] Test testTemplateBuilder(org.jclouds.elastichosts.compute.ElasticHostsPeer1LosAngelesTemplateBuilderLiveTest) succeeded: 2ms
Test suite progress: tests succeeded: 101, failed: 0, skipped: 0.
SLF4J: Failed to load class "org.slf4j.impl.StaticLoggerBinder".
SLF4J: Defaulting to no-operation (NOP) logger implementation
SLF4J: See http://www.slf4j.org/codes.html#StaticLoggerBinder for further details.
after prepare[size=1073741824, claimType=shared, readers=[ffffffff-ffff-ffff-ffff-ffffffffffff], uuid=9a913c67-1733-4f8d-a919-a84e972fc0ba, name=rediculous, tags=[networking, security, gateway], userMetadata={foo=bar}, status=active, user=c41861eb-7cba-40f3-99d8-81edc5eb5cd3, claimed=[], encryptionCipher=aes-xts-plain, imaging=null, metrics=[readBytes=0, readRequests=0, writeBytes=0, writeRequests=0]]
Jan 10, 2012 11:28:46 PM org.jclouds.elasticstack.ElasticStackClientLiveTest testCreateAndStartServer
INFO: starting server
{"status":"ACTIVE","started":"Jan 16, 1970 12:24:26 AM","user":"c41861eb-7cba-40f3-99d8-81edc5eb5cd3","metrics":{"txPackets":0,"tx":0,"rxPackets":0,"rx":0,"driveMetrics":{"ide:0:0":{"readBytes":0,"readRequests":0,"writeBytes":0,"writeRequests":0}}},"cpu":1000,"smp":1,"mem":512,"persistent":true,"devices":{"ide:0:0":{"bus":0,"unit":0,"driveUuid":"9a913c67-1733-4f8d-a919-a84e972fc0ba","mediaType":"DISK"}},"bootDeviceIds":["ide:0:0"],"nics":[{"dhcp":"107.6.13.123","model":"E1000","mac":"02:00:6b:06:0d:7b","block":[]}],"vnc":{"ip":"107.6.13.123","password":"Il0veVNC","tls":false},"uuid":"ee2fd564-7ac4-4d2a-8997-c262d1ea033b","name":"adriancole.test","tags":[],"userMetadata":{}}
[pool-2-thread-3] Test testCreateAndStartServer(org.jclouds.elastichosts.ElasticHostsPeer1LosAngelesClientLiveTest) succeeded: 70232ms
Test suite progress: tests succeeded: 102, failed: 0, skipped: 0.
Starting test testConnectivity(org.jclouds.elastichosts.ElasticHostsPeer1LosAngelesClientLiveTest)
Jan 10, 2012 11:28:48 PM org.jclouds.elasticstack.ElasticStackClientLiveTest testConnectivity
INFO: awaiting vnc: [address=107.6.13.123, port=5900]
Jan 10, 2012 11:28:48 PM org.jclouds.elasticstack.ElasticStackClientLiveTest testConnectivity
INFO: awaiting ssh: [address=107.6.13.123, port=22]
<< problem applying options to node(4fbccba7-de9a-49ad-adda-b4d01533ff4a): 
org.jclouds.rest.AuthorizationException: (toor:pw[5d907853a9617cfd55fb62eae803595b]@107.6.13.158:22) (toor:pw[5d907853a9617cfd55fb62eae803595b]@107.6.13.158:22) error acquiring SSHClient(timeout=60000) (out of retries - max 5): Exhausted available authentication methods
	at org.jclouds.sshj.SshjSshClient.propagate(SshjSshClient.java:411)
	at org.jclouds.sshj.SshjSshClient.acquire(SshjSshClient.java:233)
	at org.jclouds.sshj.SshjSshClient.connect(SshjSshClient.java:252)
	at org.jclouds.compute.callables.RunScriptOnNodeUsingSsh.call(RunScriptOnNodeUsingSsh.java:73)
	at org.jclouds.compute.strategy.RunScriptOnNodeAndAddToGoodMapOrPutExceptionIntoBadMap.call(RunScriptOnNodeAndAddToGoodMapOrPutExceptionIntoBadMap.java:69)
	at org.jclouds.compute.strategy.RunScriptOnNodeAndAddToGoodMapOrPutExceptionIntoBadMap.call(RunScriptOnNodeAndAddToGoodMapOrPutExceptionIntoBadMap.java:44)
	at java.util.concurrent.FutureTask$Sync.innerRun(FutureTask.java:303)
	at java.util.concurrent.FutureTask.run(FutureTask.java:138)
	at java.util.concurrent.ThreadPoolExecutor$Worker.runTask(ThreadPoolExecutor.java:886)
	at java.util.concurrent.ThreadPoolExecutor$Worker.run(ThreadPoolExecutor.java:908)
	at java.lang.Thread.run(Thread.java:680)
Caused by: net.schmizz.sshj.userauth.UserAuthException: Exhausted available authentication methods
	at net.schmizz.sshj.userauth.UserAuthImpl.authenticate(UserAuthImpl.java:114)
	at net.schmizz.sshj.SSHClient.auth(SSHClient.java:204)
	at net.schmizz.sshj.SSHClient.auth(SSHClient.java:189)
	at net.schmizz.sshj.SSHClient.authPassword(SSHClient.java:265)
	at net.schmizz.sshj.SSHClient.authPassword(SSHClient.java:235)
	at net.schmizz.sshj.SSHClient.authPassword(SSHClient.java:219)
	at org.jclouds.sshj.SshjSshClient$1.create(SshjSshClient.java:198)
	at org.jclouds.sshj.SshjSshClient$1.create(SshjSshClient.java:174)
	at org.jclouds.sshj.SshjSshClient.acquire(SshjSshClient.java:223)
	... 9 more
Caused by: net.schmizz.sshj.userauth.UserAuthException: keyboard-interactive auth not allowed by server
	at net.schmizz.sshj.userauth.UserAuthImpl.authenticate(UserAuthImpl.java:81)
	... 17 more
Filesystem           1K-blocks      Used Available Use% Mounted on
/dev/sda               1033144    661664    322016  68% /
udev                    244336         4    244332   1% /dev
tmpfs                   100900       216    100684   1% /run
none                      5120         4      5116   1% /run/lock
none                    252248         0    252248   0% /run/shm

/dev/sda on / type ext3 (rw,noatime)
proc on /proc type proc (rw)
sysfs on /sys type sysfs (rw,noexec,nosuid,nodev)
fusectl on /sys/fs/fuse/connections type fusectl (rw)
none on /sys/kernel/debug type debugfs (rw)
none on /sys/kernel/security type securityfs (rw)
udev on /dev type devtmpfs (rw,mode=0755)
devpts on /dev/pts type devpts (rw,noexec,nosuid,gid=5,mode=0620)
tmpfs on /run type tmpfs (rw,noexec,nosuid,size=10%,mode=0755)
none on /run/lock type tmpfs (rw,noexec,nosuid,nodev,size=5242880)
none on /run/shm type tmpfs (rw,nosuid,nodev)

Linux ubuntu 3.0.0-12-generic #20-Ubuntu SMP Fri Oct 7 14:56:25 UTC 2011 x86_64 x86_64 x86_64 GNU/Linux

[pool-2-thread-3] Test testConnectivity(org.jclouds.elastichosts.ElasticHostsPeer1LosAngelesClientLiveTest) succeeded: 16432ms
Test suite progress: tests succeeded: 103, failed: 0, skipped: 0.
Starting test testLifeCycle(org.jclouds.elastichosts.ElasticHostsPeer1LosAngelesClientLiveTest)
[pool-2-thread-3] Test testLifeCycle(org.jclouds.elastichosts.ElasticHostsPeer1LosAngelesClientLiveTest) succeeded: 4874ms
Test suite progress: tests succeeded: 104, failed: 0, skipped: 0.
Starting test testSetServerConfiguration(org.jclouds.elastichosts.ElasticHostsPeer1LosAngelesClientLiveTest)
[pool-2-thread-3] Test testSetServerConfiguration(org.jclouds.elastichosts.ElasticHostsPeer1LosAngelesClientLiveTest) succeeded: 2422ms
Test suite progress: tests succeeded: 105, failed: 0, skipped: 0.
Starting test testDestroyServer(org.jclouds.elastichosts.ElasticHostsPeer1LosAngelesClientLiveTest)
[pool-2-thread-3] Test testDestroyServer(org.jclouds.elastichosts.ElasticHostsPeer1LosAngelesClientLiveTest) succeeded: 435ms
Test suite progress: tests succeeded: 106, failed: 0, skipped: 0.
Starting test testDestroyDrive(org.jclouds.elastichosts.ElasticHostsPeer1LosAngelesClientLiveTest)
[pool-2-thread-3] Test testDestroyDrive(org.jclouds.elastichosts.ElasticHostsPeer1LosAngelesClientLiveTest) succeeded: 1314ms
Test suite progress: tests succeeded: 107, failed: 0, skipped: 0.
Starting test testWeCanReadAndWriteToDrive(org.jclouds.elastichosts.ElasticHostsPeer1LosAngelesClientLiveTest)
[pool-2-thread-3] Test testWeCanReadAndWriteToDrive(org.jclouds.elastichosts.ElasticHostsPeer1LosAngelesClientLiveTest) succeeded: 2072ms
Test suite progress: tests succeeded: 108, failed: 0, skipped: 0.
Starting test testWeCopyADriveContentsViaGzip(org.jclouds.elastichosts.ElasticHostsPeer1LosAngelesClientLiveTest)
before image; drive 2[size=4194304, claimType=exclusive, readers=[], uuid=78a9b322-30e2-4a6d-aeee-b1021226c3c5, name=adriancole.test2, tags=[], userMetadata={}, status=active, user=c41861eb-7cba-40f3-99d8-81edc5eb5cd3, claimed=[], encryptionCipher=aes-xts-plain, imaging=null, metrics=[readBytes=0, readRequests=0, writeBytes=0, writeRequests=0]]
before image; drive 3[size=4194304, claimType=exclusive, readers=[], uuid=fb9947c5-5917-43dd-ac2e-ede64a039b2e, name=adriancole.test3, tags=[], userMetadata={}, status=active, user=c41861eb-7cba-40f3-99d8-81edc5eb5cd3, claimed=[], encryptionCipher=aes-xts-plain, imaging=null, metrics=[readBytes=0, readRequests=0, writeBytes=0, writeRequests=0]]
after image; drive 2[size=4194304, claimType=exclusive, readers=[], uuid=78a9b322-30e2-4a6d-aeee-b1021226c3c5, name=adriancole.test2, tags=[], userMetadata={}, status=active, user=c41861eb-7cba-40f3-99d8-81edc5eb5cd3, claimed=[], encryptionCipher=aes-xts-plain, imaging=null, metrics=[readBytes=0, readRequests=0, writeBytes=0, writeRequests=0]]
after image; drive 3[size=4194304, claimType=exclusive, readers=[], uuid=fb9947c5-5917-43dd-ac2e-ede64a039b2e, name=adriancole.test3, tags=[], userMetadata={}, status=active, user=c41861eb-7cba-40f3-99d8-81edc5eb5cd3, claimed=[], encryptionCipher=aes-xts-plain, imaging=null, metrics=[readBytes=0, readRequests=0, writeBytes=0, writeRequests=0]]
[pool-2-thread-3] Test testWeCopyADriveContentsViaGzip(org.jclouds.elastichosts.ElasticHostsPeer1LosAngelesClientLiveTest) succeeded: 9649ms
Test suite progress: tests succeeded: 109, failed: 0, skipped: 0.
Starting test testListServerInfo(org.jclouds.elastichosts.ElasticHostsPeer1LosAngelesClientLiveTest)
[pool-2-thread-3] Test testListServerInfo(org.jclouds.elastichosts.ElasticHostsPeer1LosAngelesClientLiveTest) succeeded: 189ms
Test suite progress: tests succeeded: 110, failed: 0, skipped: 0.
[pool-2-thread-1] Test testAScriptExecutionAfterBootWithBasicTemplate(org.jclouds.elastichosts.compute.ElasticHostsPeer1LosAngelesComputeServiceLiveTest) succeeded: 112555ms
Test suite progress: tests succeeded: 111, failed: 0, skipped: 0.
Starting test testCorrectAuthException(org.jclouds.elastichosts.compute.ElasticHostsPeer1LosAngelesComputeServiceLiveTest)
[pool-2-thread-1] Test testCorrectAuthException(org.jclouds.elastichosts.compute.ElasticHostsPeer1LosAngelesComputeServiceLiveTest) succeeded: 367ms
Test suite progress: tests succeeded: 112, failed: 0, skipped: 0.
Starting test testCreateAndRunAService(org.jclouds.elastichosts.compute.ElasticHostsPeer1LosAngelesComputeServiceLiveTest)
Jan 10, 2012 11:30:20 PM org.jclouds.compute.BaseComputeServiceLiveTest testCreateAndRunAService
INFO: << available node(3f9273a2-f926-4840-82ea-dbd271c5078a) os([name=Ubuntu Linux 11.10, family=ubuntu, version=11.10, arch=null, is64Bit=true, description=img/Ubuntu Linux 11.10/1]) in 53s
Jan 10, 2012 11:30:46 PM org.jclouds.compute.BaseComputeServiceLiveTest testCreateAndRunAService
INFO: << configured node(3f9273a2-f926-4840-82ea-dbd271c5078a) with java full version "1.7.0_02-b13" and JBoss 7.0.2.Final in 24s
Jan 10, 2012 11:30:47 PM org.jclouds.compute.BaseComputeServiceLiveTest getLocationForIp
WARNING: could not get info on ip 209.132.182.31; check freegeoip
Jan 10, 2012 11:30:47 PM org.jclouds.compute.BaseComputeServiceLiveTest testCreateAndRunAService
INFO: << location of jboss7(download.jboss.org) from perpective of node(3f9273a2-f926-4840-82ea-dbd271c5078a): 209.132.182.31
Jan 10, 2012 11:30:48 PM org.jclouds.compute.BaseComputeServiceLiveTest getLocationForIp
WARNING: could not get info on ip 65.197.244.50; check freegeoip
Jan 10, 2012 11:30:48 PM org.jclouds.compute.BaseComputeServiceLiveTest testCreateAndRunAService
INFO: << location of jdk7(download.oracle.com) from perpective of node(3f9273a2-f926-4840-82ea-dbd271c5078a): 65.197.244.50
Jan 10, 2012 11:30:49 PM org.jclouds.compute.BaseComputeServiceLiveTest getLocationForIp
WARNING: could not get info on ip 107.6.13.158; check freegeoip
Jan 10, 2012 11:30:49 PM org.jclouds.compute.BaseComputeServiceLiveTest testCreateAndRunAService
INFO: << location of node(3f9273a2-f926-4840-82ea-dbd271c5078a) from perspective of amazonaws: 107.6.13.158
Jan 10, 2012 11:30:54 PM org.jclouds.compute.BaseComputeServiceLiveTest trackAvailabilityOfProcessOnNode
INFO: << initial start of jboss on node(3f9273a2-f926-4840-82ea-dbd271c5078a) [backgroundProcessMilliseconds=2576, socketOpenMilliseconds=1765, reportedStartupTimeMilliseconds=0]
Jan 10, 2012 11:30:59 PM org.jclouds.compute.BaseComputeServiceLiveTest trackAvailabilityOfProcessOnNode
INFO: << warm start of jboss on node(3f9273a2-f926-4840-82ea-dbd271c5078a) [backgroundProcessMilliseconds=1757, socketOpenMilliseconds=1703, reportedStartupTimeMilliseconds=3253]
[pool-2-thread-1] Test testCreateAndRunAService(org.jclouds.elastichosts.compute.ElasticHostsPeer1LosAngelesComputeServiceLiveTest) succeeded: 96625ms
Test suite progress: tests succeeded: 113, failed: 0, skipped: 0.
Starting test testCreateTwoNodesWithRunScript(org.jclouds.elastichosts.compute.ElasticHostsPeer1LosAngelesComputeServiceLiveTest)
[pool-2-thread-1] Test testCreateTwoNodesWithRunScript(org.jclouds.elastichosts.compute.ElasticHostsPeer1LosAngelesComputeServiceLiveTest) succeeded: 103666ms
Test suite progress: tests succeeded: 114, failed: 0, skipped: 0.
Starting test testCreateAnotherNodeWithANewContextToEnsureSharedMemIsntRequired(org.jclouds.elastichosts.compute.ElasticHostsPeer1LosAngelesComputeServiceLiveTest)
Jan 10, 2012 11:32:47 PM org.jclouds.compute.BaseComputeServiceLiveTest testCreateAnotherNodeWithANewContextToEnsureSharedMemIsntRequired
INFO: creating another node based on existing nodes' location: [id=elastichosts-lax-p, scope=PROVIDER, description=https://api.lax-p.elastichosts.com, parent=null, iso3166Codes=[US-CA], metadata={}]
[pool-2-thread-1] Test testCreateAnotherNodeWithANewContextToEnsureSharedMemIsntRequired(org.jclouds.elastichosts.compute.ElasticHostsPeer1LosAngelesComputeServiceLiveTest) succeeded: 78383ms
Test suite progress: tests succeeded: 115, failed: 0, skipped: 0.
Starting test testCredentialsCache(org.jclouds.elastichosts.compute.ElasticHostsPeer1LosAngelesComputeServiceLiveTest)
[pool-2-thread-1] Test testCredentialsCache(org.jclouds.elastichosts.compute.ElasticHostsPeer1LosAngelesComputeServiceLiveTest) succeeded: 85ms
Test suite progress: tests succeeded: 116, failed: 0, skipped: 0.
Starting test testGet(org.jclouds.elastichosts.compute.ElasticHostsPeer1LosAngelesComputeServiceLiveTest)
[pool-2-thread-1] Test testGet(org.jclouds.elastichosts.compute.ElasticHostsPeer1LosAngelesComputeServiceLiveTest) succeeded: 2684ms
Test suite progress: tests succeeded: 117, failed: 0, skipped: 0.
Starting test testGetAssignableLocations(org.jclouds.elastichosts.compute.ElasticHostsPeer1LosAngelesComputeServiceLiveTest)
Jan 10, 2012 11:34:08 PM org.jclouds.compute.BaseComputeServiceLiveTest testGetAssignableLocations
WARNING: location [id=elastichosts-lax-p, scope=PROVIDER, description=https://api.lax-p.elastichosts.com, parent=null, iso3166Codes=[US-CA], metadata={}]
[pool-2-thread-1] Test testGetAssignableLocations(org.jclouds.elastichosts.compute.ElasticHostsPeer1LosAngelesComputeServiceLiveTest) succeeded: 1ms
Test suite progress: tests succeeded: 118, failed: 0, skipped: 0.
Starting test testImagesCache(org.jclouds.elastichosts.compute.ElasticHostsPeer1LosAngelesComputeServiceLiveTest)
[pool-2-thread-1] Test testImagesCache(org.jclouds.elastichosts.compute.ElasticHostsPeer1LosAngelesComputeServiceLiveTest) succeeded: 0ms
Test suite progress: tests succeeded: 119, failed: 0, skipped: 0.
Starting test testListImages(org.jclouds.elastichosts.compute.ElasticHostsPeer1LosAngelesComputeServiceLiveTest)
[pool-2-thread-1] Test testListImages(org.jclouds.elastichosts.compute.ElasticHostsPeer1LosAngelesComputeServiceLiveTest) succeeded: 0ms
Test suite progress: tests succeeded: 120, failed: 0, skipped: 0.
Starting test testListSizes(org.jclouds.elastichosts.compute.ElasticHostsPeer1LosAngelesComputeServiceLiveTest)
[pool-2-thread-1] Test testListSizes(org.jclouds.elastichosts.compute.ElasticHostsPeer1LosAngelesComputeServiceLiveTest) succeeded: 1ms
Test suite progress: tests succeeded: 121, failed: 0, skipped: 0.
Starting test testReboot(org.jclouds.elastichosts.compute.ElasticHostsPeer1LosAngelesComputeServiceLiveTest)
[pool-2-thread-1] Test testReboot(org.jclouds.elastichosts.compute.ElasticHostsPeer1LosAngelesComputeServiceLiveTest) succeeded: 2342ms
Test suite progress: tests succeeded: 122, failed: 0, skipped: 0.
Starting test testSuspendResume(org.jclouds.elastichosts.compute.ElasticHostsPeer1LosAngelesComputeServiceLiveTest)
[pool-2-thread-1] Test testSuspendResume(org.jclouds.elastichosts.compute.ElasticHostsPeer1LosAngelesComputeServiceLiveTest) succeeded: 14309ms
Test suite progress: tests succeeded: 123, failed: 0, skipped: 0.
Starting test testGetNodesWithDetails(org.jclouds.elastichosts.compute.ElasticHostsPeer1LosAngelesComputeServiceLiveTest)
[pool-2-thread-1] Test testGetNodesWithDetails(org.jclouds.elastichosts.compute.ElasticHostsPeer1LosAngelesComputeServiceLiveTest) succeeded: 138ms
Test suite progress: tests succeeded: 124, failed: 0, skipped: 0.
Starting test testListNodes(org.jclouds.elastichosts.compute.ElasticHostsPeer1LosAngelesComputeServiceLiveTest)
[pool-2-thread-1] Test testListNodes(org.jclouds.elastichosts.compute.ElasticHostsPeer1LosAngelesComputeServiceLiveTest) succeeded: 143ms
Test suite progress: tests succeeded: 125, failed: 0, skipped: 0.
Starting test testDestroyNodes(org.jclouds.elastichosts.compute.ElasticHostsPeer1LosAngelesComputeServiceLiveTest)
[pool-2-thread-1] Test testDestroyNodes(org.jclouds.elastichosts.compute.ElasticHostsPeer1LosAngelesComputeServiceLiveTest) succeeded: 4417ms
Test suite progress: tests succeeded: 126, failed: 0, skipped: 0.
Starting test testTemplateMatch(org.jclouds.elastichosts.compute.ElasticHostsPeer1LosAngelesComputeServiceLiveTest)
[pool-2-thread-1] Test testTemplateMatch(org.jclouds.elastichosts.compute.ElasticHostsPeer1LosAngelesComputeServiceLiveTest) succeeded: 2ms
Test suite progress: tests succeeded: 127, failed: 0, skipped: 0.
Starting test testCorrectExceptionRunningNodesNotFound(org.jclouds.elastichosts.compute.ElasticHostsPeer1LosAngelesComputeServiceLiveTest)
[pool-2-thread-1] Test testCorrectExceptionRunningNodesNotFound(org.jclouds.elastichosts.compute.ElasticHostsPeer1LosAngelesComputeServiceLiveTest) succeeded: 138ms
Test suite progress: tests succeeded: 128, failed: 0, skipped: 0.
Starting test testOptionToNotBlock(org.jclouds.elastichosts.compute.ElasticHostsPeer1LosAngelesComputeServiceLiveTest)
[pool-2-thread-1] Test testOptionToNotBlock(org.jclouds.elastichosts.compute.ElasticHostsPeer1LosAngelesComputeServiceLiveTest) succeeded: 0ms
Test suite progress: tests succeeded: 129, failed: 0, skipped: 0.
Tests run: 129, Failures: 0, Errors: 0, Skipped: 0, Time elapsed: 426.733 sec

Results :

Tests run: 129, Failures: 0, Errors: 0, Skipped: 0

[INFO] 
[INFO] --- maven-install-plugin:2.3:install (default-install) @ elastichosts-lax-p ---
[INFO] Installing /Users/adriancole/workspace/git/1.3.x/jclouds/providers/elastichosts-lax-p/target/elastichosts-lax-p-1.3.0-SNAPSHOT.jar to /Users/adriancole/.m2/repository/org/jclouds/provider/elastichosts-lax-p/1.3.0-SNAPSHOT/elastichosts-lax-p-1.3.0-SNAPSHOT.jar
[INFO] Installing /Users/adriancole/workspace/git/1.3.x/jclouds/providers/elastichosts-lax-p/pom.xml to /Users/adriancole/.m2/repository/org/jclouds/provider/elastichosts-lax-p/1.3.0-SNAPSHOT/elastichosts-lax-p-1.3.0-SNAPSHOT.pom
[INFO] Installing /Users/adriancole/workspace/git/1.3.x/jclouds/providers/elastichosts-lax-p/target/elastichosts-lax-p-1.3.0-SNAPSHOT-sources.jar to /Users/adriancole/.m2/repository/org/jclouds/provider/elastichosts-lax-p/1.3.0-SNAPSHOT/elastichosts-lax-p-1.3.0-SNAPSHOT-sources.jar
[INFO] Installing /Users/adriancole/workspace/git/1.3.x/jclouds/providers/elastichosts-lax-p/target/elastichosts-lax-p-1.3.0-SNAPSHOT-tests.jar to /Users/adriancole/.m2/repository/org/jclouds/provider/elastichosts-lax-p/1.3.0-SNAPSHOT/elastichosts-lax-p-1.3.0-SNAPSHOT-tests.jar
[INFO] 
[INFO] --- maven-bundle-plugin:2.3.4:install (default-install) @ elastichosts-lax-p ---
[INFO] Installing org/jclouds/provider/elastichosts-lax-p/1.3.0-SNAPSHOT/elastichosts-lax-p-1.3.0-SNAPSHOT.jar
[INFO] Writing OBR metadata
[INFO] ------------------------------------------------------------------------
[INFO] BUILD SUCCESS
[INFO] ------------------------------------------------------------------------
[INFO] Total time: 7:46.728s
[INFO] Finished at: Tue Jan 10 23:34:44 PST 2012
[INFO] Final Memory: 21M/265M
[INFO] ------------------------------------------------------------------------
