[INFO] Scanning for projects...
[WARNING] 
[WARNING] Some problems were encountered while building the effective model for org.jclouds.provider:elastichosts-lon-b:bundle:1.3.0-SNAPSHOT
[WARNING] 'parent.relativePath' of POM org.jclouds:jclouds-project:1.3.0-SNAPSHOT (/Users/adriancole/workspace/git/jclouds/project/pom.xml) points at org.jclouds:jclouds-multi instead of org.sonatype.oss:oss-parent, please verify your project structure @ org.jclouds:jclouds-project:1.3.0-SNAPSHOT, /Users/adriancole/workspace/git/jclouds/project/pom.xml, line 24, column 13
[WARNING] 
[WARNING] It is highly recommended to fix these problems because they threaten the stability of your build.
[WARNING] 
[WARNING] For this reason, future Maven versions might no longer support building such malformed projects.
[WARNING] 
[INFO]                                                                         
[INFO] ------------------------------------------------------------------------
[INFO] Building jclouds ElasticHosts BlueSquare London provider 1.3.0-SNAPSHOT
[INFO] ------------------------------------------------------------------------
[INFO] 
[INFO] --- maven-clean-plugin:2.4.1:clean (default-clean) @ elastichosts-lon-b ---
[INFO] Deleting /Users/adriancole/workspace/git/jclouds/providers/elastichosts-lon-b/target
[INFO] 
[INFO] --- maven-enforcer-plugin:1.0.1:enforce (enforce-maven) @ elastichosts-lon-b ---
[INFO] 
[INFO] --- maven-enforcer-plugin:1.0.1:enforce (enforce-banned-dependencies) @ elastichosts-lon-b ---
[INFO] 
[INFO] --- maven-enforcer-plugin:1.0.1:enforce (enforce-java) @ elastichosts-lon-b ---
[INFO] 
[INFO] --- maven-remote-resources-plugin:1.2:process (process-remote-resources) @ elastichosts-lon-b ---
[INFO] Setting property: classpath.resource.loader.class => 'org.codehaus.plexus.velocity.ContextClassLoaderResourceLoader'.
[INFO] Setting property: velocimacro.messages.on => 'false'.
[INFO] Setting property: resource.loader => 'classpath'.
[INFO] Setting property: resource.manager.logwhenfound => 'false'.
[INFO] 
[INFO] --- maven-resources-plugin:2.4.2:resources (default-resources) @ elastichosts-lon-b ---
[INFO] Using 'UTF-8' encoding to copy filtered resources.
[INFO] skip non existing resourceDirectory /Users/adriancole/workspace/git/jclouds/providers/elastichosts-lon-b/src/main/clojure
[INFO] Copying 2 resources
[INFO] Copying 2 resources
[INFO] 
[INFO] --- maven-compiler-plugin:2.3:compile (default-compile) @ elastichosts-lon-b ---
[INFO] Compiling 2 source files to /Users/adriancole/workspace/git/jclouds/providers/elastichosts-lon-b/target/classes
[INFO] 
[INFO] --- maven-resources-plugin:2.4.2:testResources (default-testResources) @ elastichosts-lon-b ---
[INFO] Using 'UTF-8' encoding to copy filtered resources.
[INFO] skip non existing resourceDirectory /Users/adriancole/workspace/git/jclouds/providers/elastichosts-lon-b/src/test/clojure
[INFO] skip non existing resourceDirectory /Users/adriancole/workspace/git/jclouds/providers/elastichosts-lon-b/src/test/resources
[INFO] Copying 2 resources
[INFO] 
[INFO] --- maven-compiler-plugin:2.3:testCompile (default-testCompile) @ elastichosts-lon-b ---
[INFO] Compiling 4 source files to /Users/adriancole/workspace/git/jclouds/providers/elastichosts-lon-b/target/test-classes
[INFO] 
[INFO] --- maven-surefire-plugin:2.10:test (default-test) @ elastichosts-lon-b ---
[INFO] Surefire report directory: /Users/adriancole/workspace/git/jclouds/providers/elastichosts-lon-b/target/surefire-reports
[INFO] Using configured provider org.apache.maven.surefire.testng.TestNGProvider

-------------------------------------------------------
 T E S T S
-------------------------------------------------------
Running org.jclouds.elastichosts.ElasticHostsBlueSquareLondonProviderTest
Starting test testAllContains(org.jclouds.elastichosts.ElasticHostsBlueSquareLondonProviderTest)
Starting test testOfTypeContains(org.jclouds.elastichosts.ElasticHostsBlueSquareLondonProviderTest)
Starting test testInRestProperties(org.jclouds.elastichosts.ElasticHostsBlueSquareLondonProviderTest)
Starting test testWithId(org.jclouds.elastichosts.ElasticHostsBlueSquareLondonProviderTest)
[pool-2-thread-1] Test testAllContains(org.jclouds.elastichosts.ElasticHostsBlueSquareLondonProviderTest) succeeded: 33ms
Test suite progress: tests succeeded: 1, failed: 0, skipped: 0.
[pool-2-thread-4] Test testWithId(org.jclouds.elastichosts.ElasticHostsBlueSquareLondonProviderTest) succeeded: 29ms
Test suite progress: tests succeeded: 2, failed: 0, skipped: 0.
[pool-2-thread-3] Test testOfTypeContains(org.jclouds.elastichosts.ElasticHostsBlueSquareLondonProviderTest) succeeded: 35ms
Test suite progress: tests succeeded: 3, failed: 0, skipped: 0.
[pool-2-thread-2] Test testInRestProperties(org.jclouds.elastichosts.ElasticHostsBlueSquareLondonProviderTest) succeeded: 89ms
Test suite progress: tests succeeded: 4, failed: 0, skipped: 0.
Tests run: 4, Failures: 0, Errors: 0, Skipped: 0, Time elapsed: 0.44 sec

Results :

Tests run: 4, Failures: 0, Errors: 0, Skipped: 0

[INFO] 
[INFO] --- clojure-maven-plugin:1.3.8:test (test-clojure) @ elastichosts-lon-b ---

Testing com.theoryinpractise.clojure.testrunner

Ran 0 tests containing 0 assertions.
0 failures, 0 errors.
[INFO] 
[INFO] --- maven-bundle-plugin:2.3.4:bundle (default-bundle) @ elastichosts-lon-b ---
[INFO] 
[INFO] --- maven-source-plugin:2.1.1:jar-no-fork (attach-sources) @ elastichosts-lon-b ---
[INFO] Building jar: /Users/adriancole/workspace/git/jclouds/providers/elastichosts-lon-b/target/elastichosts-lon-b-1.3.0-SNAPSHOT-sources.jar
[INFO] 
[INFO] --- maven-javadoc-plugin:2.8:jar (javadoc) @ elastichosts-lon-b ---
[INFO] Skipping javadoc generation
[INFO] 
[INFO] --- maven-jar-plugin:2.3.1:test-jar (default) @ elastichosts-lon-b ---
[INFO] Building jar: /Users/adriancole/workspace/git/jclouds/providers/elastichosts-lon-b/target/elastichosts-lon-b-1.3.0-SNAPSHOT-tests.jar
[INFO] 
[INFO] --- maven-surefire-plugin:2.10:test (integration) @ elastichosts-lon-b ---
[INFO] Surefire report directory: /Users/adriancole/workspace/git/jclouds/providers/elastichosts-lon-b/target/surefire-reports
[INFO] Using configured provider org.apache.maven.surefire.testng.TestNGProvider

-------------------------------------------------------
 T E S T S
-------------------------------------------------------
Running TestSuite
Starting test testCompareSizes(org.jclouds.elastichosts.compute.ElasticHostsBlueSquareLondonTemplateBuilderLiveTest)
Starting test setServiceDefaults(org.jclouds.elastichosts.compute.ElasticHostsBlueSquareLondonComputeServiceLiveTest)
[TestNG] Test setServiceDefaults(org.jclouds.elastichosts.compute.ElasticHostsBlueSquareLondonComputeServiceLiveTest) succeeded: 1ms
Test suite progress: tests succeeded: 1, failed: 0, skipped: 0.
Starting test testCompareSizes(org.jclouds.elastichosts.compute.ElasticHostsBlueSquareLondonComputeServiceLiveTest)
Starting test testCreateDrive(org.jclouds.elastichosts.ElasticHostsBlueSquareLondonClientLiveTest)
smallest [id=cpu=1000.000000,ram=512,disk=1.000000, providerId=cpu=1000.000000,ram=512,disk=1.000000, name=null, processors=[[cores=1.0, speed=1000.0]], ram=512, volumes=[[id=null, type=LOCAL, size=1.0, device=null, durable=true, isBootDevice=true]], supportsImage=sizeLessThanOrEqual(1.0), tags=[]]
fastest [id=cpu=20000.000000,ram=512,disk=20.000000, providerId=cpu=20000.000000,ram=512,disk=20.000000, name=null, processors=[[cores=1.0, speed=20000.0]], ram=512, volumes=[[id=null, type=LOCAL, size=20.0, device=null, durable=true, isBootDevice=true]], supportsImage=sizeLessThanOrEqual(20.0), tags=[]]
biggest [id=cpu=20000.000000,ram=8192,disk=20.000000, providerId=cpu=20000.000000,ram=8192,disk=20.000000, name=null, processors=[[cores=1.0, speed=20000.0]], ram=8192, volumes=[[id=null, type=LOCAL, size=20.0, device=null, durable=true, isBootDevice=true]], supportsImage=sizeLessThanOrEqual(20.0), tags=[]]
[TestNG] Test testCompareSizes(org.jclouds.elastichosts.compute.ElasticHostsBlueSquareLondonTemplateBuilderLiveTest) succeeded: 8554ms
Test suite progress: tests succeeded: 2, failed: 0, skipped: 0.
Starting test testDefaultTemplateBuilder(org.jclouds.elastichosts.compute.ElasticHostsBlueSquareLondonTemplateBuilderLiveTest)
[TestNG] Test testDefaultTemplateBuilder(org.jclouds.elastichosts.compute.ElasticHostsBlueSquareLondonTemplateBuilderLiveTest) succeeded: 2ms
Test suite progress: tests succeeded: 3, failed: 0, skipped: 0.
Starting test testFromTemplate(org.jclouds.elastichosts.compute.ElasticHostsBlueSquareLondonTemplateBuilderLiveTest)
[TestNG] Test testFromTemplate(org.jclouds.elastichosts.compute.ElasticHostsBlueSquareLondonTemplateBuilderLiveTest) succeeded: 4ms
Test suite progress: tests succeeded: 4, failed: 0, skipped: 0.
Starting test testGetAssignableLocations(org.jclouds.elastichosts.compute.ElasticHostsBlueSquareLondonTemplateBuilderLiveTest)
location [id=elastichosts-lon-b, scope=PROVIDER, description=https://api.lon-b.elastichosts.com, parent=null, iso3166Codes=[GB-LND], metadata={}]
[TestNG] Test testGetAssignableLocations(org.jclouds.elastichosts.compute.ElasticHostsBlueSquareLondonTemplateBuilderLiveTest) succeeded: 1ms
Test suite progress: tests succeeded: 5, failed: 0, skipped: 0.
Jan 15, 2012 6:43:14 AM org.jclouds.compute.BaseComputeServiceLiveTest testCompareSizes
INFO: smallest [id=cpu=1000.000000,ram=512,disk=1.000000, providerId=cpu=1000.000000,ram=512,disk=1.000000, name=null, processors=[[cores=1.0, speed=1000.0]], ram=512, volumes=[[id=null, type=LOCAL, size=1.0, device=null, durable=true, isBootDevice=true]], supportsImage=sizeLessThanOrEqual(1.0), tags=[]]
Jan 15, 2012 6:43:14 AM org.jclouds.compute.BaseComputeServiceLiveTest testCompareSizes
INFO: fastest [id=cpu=20000.000000,ram=512,disk=20.000000, providerId=cpu=20000.000000,ram=512,disk=20.000000, name=null, processors=[[cores=1.0, speed=20000.0]], ram=512, volumes=[[id=null, type=LOCAL, size=20.0, device=null, durable=true, isBootDevice=true]], supportsImage=sizeLessThanOrEqual(20.0), tags=[]]
Jan 15, 2012 6:43:14 AM org.jclouds.compute.BaseComputeServiceLiveTest testCompareSizes
INFO: biggest [id=cpu=20000.000000,ram=8192,disk=20.000000, providerId=cpu=20000.000000,ram=8192,disk=20.000000, name=null, processors=[[cores=1.0, speed=20000.0]], ram=8192, volumes=[[id=null, type=LOCAL, size=20.0, device=null, durable=true, isBootDevice=true]], supportsImage=sizeLessThanOrEqual(20.0), tags=[]]
[TestNG] Test testCompareSizes(org.jclouds.elastichosts.compute.ElasticHostsBlueSquareLondonComputeServiceLiveTest) succeeded: 8293ms
Test suite progress: tests succeeded: 6, failed: 0, skipped: 0.
Starting test testCorrectAuthException(org.jclouds.elastichosts.compute.ElasticHostsBlueSquareLondonComputeServiceLiveTest)
Starting test testTemplateBuilderCanFind(org.jclouds.elastichosts.compute.ElasticHostsBlueSquareLondonTemplateBuilderLiveTest)
[TestNG] Test testTemplateBuilderCanFind(org.jclouds.elastichosts.compute.ElasticHostsBlueSquareLondonTemplateBuilderLiveTest) succeeded: 1ms
Test suite progress: tests succeeded: 7, failed: 0, skipped: 0.
Starting test testTemplateBuilderCanFind(org.jclouds.elastichosts.compute.ElasticHostsBlueSquareLondonTemplateBuilderLiveTest)
[TestNG] Test testTemplateBuilderCanFind(org.jclouds.elastichosts.compute.ElasticHostsBlueSquareLondonTemplateBuilderLiveTest) succeeded: 4ms
Test suite progress: tests succeeded: 8, failed: 0, skipped: 0.
Starting test testTemplateBuilderCanFind(org.jclouds.elastichosts.compute.ElasticHostsBlueSquareLondonTemplateBuilderLiveTest)
[TestNG] Test testTemplateBuilderCanFind(org.jclouds.elastichosts.compute.ElasticHostsBlueSquareLondonTemplateBuilderLiveTest) succeeded: 3ms
Test suite progress: tests succeeded: 9, failed: 0, skipped: 0.
Starting test testTemplateBuilderCanFind(org.jclouds.elastichosts.compute.ElasticHostsBlueSquareLondonTemplateBuilderLiveTest)
[TestNG] Test testTemplateBuilderCanFind(org.jclouds.elastichosts.compute.ElasticHostsBlueSquareLondonTemplateBuilderLiveTest) succeeded: 2ms
Test suite progress: tests succeeded: 10, failed: 0, skipped: 0.
Starting test testTemplateBuilderCanFind(org.jclouds.elastichosts.compute.ElasticHostsBlueSquareLondonTemplateBuilderLiveTest)
[TestNG] Test testTemplateBuilderCanFind(org.jclouds.elastichosts.compute.ElasticHostsBlueSquareLondonTemplateBuilderLiveTest) succeeded: 4ms
Test suite progress: tests succeeded: 11, failed: 0, skipped: 0.
Starting test testTemplateBuilderCanFind(org.jclouds.elastichosts.compute.ElasticHostsBlueSquareLondonTemplateBuilderLiveTest)
[TestNG] Test testTemplateBuilderCanFind(org.jclouds.elastichosts.compute.ElasticHostsBlueSquareLondonTemplateBuilderLiveTest) succeeded: 1ms
Test suite progress: tests succeeded: 12, failed: 0, skipped: 0.
Starting test testTemplateBuilderCanFind(org.jclouds.elastichosts.compute.ElasticHostsBlueSquareLondonTemplateBuilderLiveTest)
[TestNG] Test testTemplateBuilderCanFind(org.jclouds.elastichosts.compute.ElasticHostsBlueSquareLondonTemplateBuilderLiveTest) succeeded: 4ms
Test suite progress: tests succeeded: 13, failed: 0, skipped: 0.
Starting test testTemplateBuilderCanFind(org.jclouds.elastichosts.compute.ElasticHostsBlueSquareLondonTemplateBuilderLiveTest)
[TestNG] Test testTemplateBuilderCanFind(org.jclouds.elastichosts.compute.ElasticHostsBlueSquareLondonTemplateBuilderLiveTest) succeeded: 6ms
Test suite progress: tests succeeded: 14, failed: 0, skipped: 0.
Starting test testTemplateBuilderCanFind(org.jclouds.elastichosts.compute.ElasticHostsBlueSquareLondonTemplateBuilderLiveTest)
[TestNG] Test testTemplateBuilderCanFind(org.jclouds.elastichosts.compute.ElasticHostsBlueSquareLondonTemplateBuilderLiveTest) succeeded: 10ms
Test suite progress: tests succeeded: 15, failed: 0, skipped: 0.
Starting test testTemplateBuilderCanFind(org.jclouds.elastichosts.compute.ElasticHostsBlueSquareLondonTemplateBuilderLiveTest)
[TestNG] Test testTemplateBuilderCanFind(org.jclouds.elastichosts.compute.ElasticHostsBlueSquareLondonTemplateBuilderLiveTest) succeeded: 5ms
Test suite progress: tests succeeded: 16, failed: 0, skipped: 0.
Starting test testTemplateBuilderCanUseImageId(org.jclouds.elastichosts.compute.ElasticHostsBlueSquareLondonTemplateBuilderLiveTest)
[TestNG] Test testCorrectAuthException(org.jclouds.elastichosts.compute.ElasticHostsBlueSquareLondonComputeServiceLiveTest) succeeded: 1105ms
Test suite progress: tests succeeded: 17, failed: 0, skipped: 0.
Starting test testCreateAndRunAService(org.jclouds.elastichosts.compute.ElasticHostsBlueSquareLondonComputeServiceLiveTest)
[TestNG] Test testCreateDrive(org.jclouds.elastichosts.ElasticHostsBlueSquareLondonClientLiveTest) succeeded: 3005ms
Test suite progress: tests succeeded: 18, failed: 0, skipped: 0.
Starting test testGetDrive(org.jclouds.elastichosts.ElasticHostsBlueSquareLondonClientLiveTest)
[TestNG] Test testGetDrive(org.jclouds.elastichosts.ElasticHostsBlueSquareLondonClientLiveTest) succeeded: 2565ms
Test suite progress: tests succeeded: 19, failed: 0, skipped: 0.
Starting test testGetServer(org.jclouds.elastichosts.ElasticHostsBlueSquareLondonClientLiveTest)
[TestNG] Test testGetServer(org.jclouds.elastichosts.ElasticHostsBlueSquareLondonClientLiveTest) succeeded: 858ms
Test suite progress: tests succeeded: 20, failed: 0, skipped: 0.
Starting test testListDriveInfo(org.jclouds.elastichosts.ElasticHostsBlueSquareLondonClientLiveTest)
[TestNG] Test testListDriveInfo(org.jclouds.elastichosts.ElasticHostsBlueSquareLondonClientLiveTest) succeeded: 860ms
Test suite progress: tests succeeded: 21, failed: 0, skipped: 0.
Starting test testListDrives(org.jclouds.elastichosts.ElasticHostsBlueSquareLondonClientLiveTest)
[TestNG] Test testTemplateBuilderCanUseImageId(org.jclouds.elastichosts.compute.ElasticHostsBlueSquareLondonTemplateBuilderLiveTest) succeeded: 7913ms
Test suite progress: tests succeeded: 22, failed: 0, skipped: 0.
Starting test testTemplateBuilderCannotFind(org.jclouds.elastichosts.compute.ElasticHostsBlueSquareLondonTemplateBuilderLiveTest)
[TestNG] Test testTemplateBuilderCannotFind(org.jclouds.elastichosts.compute.ElasticHostsBlueSquareLondonTemplateBuilderLiveTest) succeeded: 3ms
Test suite progress: tests succeeded: 23, failed: 0, skipped: 0.
Starting test testTemplateBuilderCannotFind(org.jclouds.elastichosts.compute.ElasticHostsBlueSquareLondonTemplateBuilderLiveTest)
[TestNG] Test testTemplateBuilderCannotFind(org.jclouds.elastichosts.compute.ElasticHostsBlueSquareLondonTemplateBuilderLiveTest) succeeded: 1ms
Test suite progress: tests succeeded: 24, failed: 0, skipped: 0.
Starting test testTemplateBuilderCannotFind(org.jclouds.elastichosts.compute.ElasticHostsBlueSquareLondonTemplateBuilderLiveTest)
[TestNG] Test testTemplateBuilderCannotFind(org.jclouds.elastichosts.compute.ElasticHostsBlueSquareLondonTemplateBuilderLiveTest) succeeded: 3ms
Test suite progress: tests succeeded: 25, failed: 0, skipped: 0.
Starting test testTemplateBuilderCannotFind(org.jclouds.elastichosts.compute.ElasticHostsBlueSquareLondonTemplateBuilderLiveTest)
[TestNG] Test testTemplateBuilderCannotFind(org.jclouds.elastichosts.compute.ElasticHostsBlueSquareLondonTemplateBuilderLiveTest) succeeded: 2ms
Test suite progress: tests succeeded: 26, failed: 0, skipped: 0.
Starting test testTemplateBuilderCannotFind(org.jclouds.elastichosts.compute.ElasticHostsBlueSquareLondonTemplateBuilderLiveTest)
[TestNG] Test testTemplateBuilderCannotFind(org.jclouds.elastichosts.compute.ElasticHostsBlueSquareLondonTemplateBuilderLiveTest) succeeded: 1ms
Test suite progress: tests succeeded: 27, failed: 0, skipped: 0.
Starting test testTemplateBuilderCannotFind(org.jclouds.elastichosts.compute.ElasticHostsBlueSquareLondonTemplateBuilderLiveTest)
[TestNG] Test testTemplateBuilderCannotFind(org.jclouds.elastichosts.compute.ElasticHostsBlueSquareLondonTemplateBuilderLiveTest) succeeded: 3ms
Test suite progress: tests succeeded: 28, failed: 0, skipped: 0.
Starting test testTemplateBuilderCannotFind(org.jclouds.elastichosts.compute.ElasticHostsBlueSquareLondonTemplateBuilderLiveTest)
[TestNG] Test testTemplateBuilderCannotFind(org.jclouds.elastichosts.compute.ElasticHostsBlueSquareLondonTemplateBuilderLiveTest) succeeded: 1ms
Test suite progress: tests succeeded: 29, failed: 0, skipped: 0.
Starting test testTemplateBuilderCannotFind(org.jclouds.elastichosts.compute.ElasticHostsBlueSquareLondonTemplateBuilderLiveTest)
[TestNG] Test testTemplateBuilderCannotFind(org.jclouds.elastichosts.compute.ElasticHostsBlueSquareLondonTemplateBuilderLiveTest) succeeded: 0ms
Test suite progress: tests succeeded: 30, failed: 0, skipped: 0.
Starting test testTemplateBuilderCannotFind(org.jclouds.elastichosts.compute.ElasticHostsBlueSquareLondonTemplateBuilderLiveTest)
[TestNG] Test testTemplateBuilderCannotFind(org.jclouds.elastichosts.compute.ElasticHostsBlueSquareLondonTemplateBuilderLiveTest) succeeded: 1ms
Test suite progress: tests succeeded: 31, failed: 0, skipped: 0.
Starting test testTemplateBuilderCannotFind(org.jclouds.elastichosts.compute.ElasticHostsBlueSquareLondonTemplateBuilderLiveTest)
[TestNG] Test testTemplateBuilderCannotFind(org.jclouds.elastichosts.compute.ElasticHostsBlueSquareLondonTemplateBuilderLiveTest) succeeded: 1ms
Test suite progress: tests succeeded: 32, failed: 0, skipped: 0.
Starting test testTemplateBuilderCannotFind(org.jclouds.elastichosts.compute.ElasticHostsBlueSquareLondonTemplateBuilderLiveTest)
[TestNG] Test testTemplateBuilderCannotFind(org.jclouds.elastichosts.compute.ElasticHostsBlueSquareLondonTemplateBuilderLiveTest) succeeded: 5ms
Test suite progress: tests succeeded: 33, failed: 0, skipped: 0.
Starting test testTemplateBuilderCannotFind(org.jclouds.elastichosts.compute.ElasticHostsBlueSquareLondonTemplateBuilderLiveTest)
[TestNG] Test testTemplateBuilderCannotFind(org.jclouds.elastichosts.compute.ElasticHostsBlueSquareLondonTemplateBuilderLiveTest) succeeded: 1ms
Test suite progress: tests succeeded: 34, failed: 0, skipped: 0.
Starting test testTemplateBuilderCannotFind(org.jclouds.elastichosts.compute.ElasticHostsBlueSquareLondonTemplateBuilderLiveTest)
[TestNG] Test testTemplateBuilderCannotFind(org.jclouds.elastichosts.compute.ElasticHostsBlueSquareLondonTemplateBuilderLiveTest) succeeded: 0ms
Test suite progress: tests succeeded: 35, failed: 0, skipped: 0.
Starting test testTemplateBuilderCannotFind(org.jclouds.elastichosts.compute.ElasticHostsBlueSquareLondonTemplateBuilderLiveTest)
[TestNG] Test testTemplateBuilderCannotFind(org.jclouds.elastichosts.compute.ElasticHostsBlueSquareLondonTemplateBuilderLiveTest) succeeded: 0ms
Test suite progress: tests succeeded: 36, failed: 0, skipped: 0.
Starting test testTemplateBuilderCannotFind(org.jclouds.elastichosts.compute.ElasticHostsBlueSquareLondonTemplateBuilderLiveTest)
[TestNG] Test testTemplateBuilderCannotFind(org.jclouds.elastichosts.compute.ElasticHostsBlueSquareLondonTemplateBuilderLiveTest) succeeded: 1ms
Test suite progress: tests succeeded: 37, failed: 0, skipped: 0.
Starting test testTemplateBuilderCannotFind(org.jclouds.elastichosts.compute.ElasticHostsBlueSquareLondonTemplateBuilderLiveTest)
[TestNG] Test testTemplateBuilderCannotFind(org.jclouds.elastichosts.compute.ElasticHostsBlueSquareLondonTemplateBuilderLiveTest) succeeded: 1ms
Test suite progress: tests succeeded: 38, failed: 0, skipped: 0.
Starting test testTemplateBuilderCannotFind(org.jclouds.elastichosts.compute.ElasticHostsBlueSquareLondonTemplateBuilderLiveTest)
[TestNG] Test testTemplateBuilderCannotFind(org.jclouds.elastichosts.compute.ElasticHostsBlueSquareLondonTemplateBuilderLiveTest) succeeded: 0ms
Test suite progress: tests succeeded: 39, failed: 0, skipped: 0.
Starting test testTemplateBuilderCannotFind(org.jclouds.elastichosts.compute.ElasticHostsBlueSquareLondonTemplateBuilderLiveTest)
[TestNG] Test testTemplateBuilderCannotFind(org.jclouds.elastichosts.compute.ElasticHostsBlueSquareLondonTemplateBuilderLiveTest) succeeded: 1ms
Test suite progress: tests succeeded: 40, failed: 0, skipped: 0.
Starting test testTemplateBuilderCannotFind(org.jclouds.elastichosts.compute.ElasticHostsBlueSquareLondonTemplateBuilderLiveTest)
[TestNG] Test testTemplateBuilderCannotFind(org.jclouds.elastichosts.compute.ElasticHostsBlueSquareLondonTemplateBuilderLiveTest) succeeded: 3ms
Test suite progress: tests succeeded: 41, failed: 0, skipped: 0.
Starting test testTemplateBuilderCannotFind(org.jclouds.elastichosts.compute.ElasticHostsBlueSquareLondonTemplateBuilderLiveTest)
[TestNG] Test testTemplateBuilderCannotFind(org.jclouds.elastichosts.compute.ElasticHostsBlueSquareLondonTemplateBuilderLiveTest) succeeded: 2ms
Test suite progress: tests succeeded: 42, failed: 0, skipped: 0.
Starting test testTemplateBuilderCannotFind(org.jclouds.elastichosts.compute.ElasticHostsBlueSquareLondonTemplateBuilderLiveTest)
[TestNG] Test testTemplateBuilderCannotFind(org.jclouds.elastichosts.compute.ElasticHostsBlueSquareLondonTemplateBuilderLiveTest) succeeded: 1ms
Test suite progress: tests succeeded: 43, failed: 0, skipped: 0.
Starting test testTemplateBuilderCannotFind(org.jclouds.elastichosts.compute.ElasticHostsBlueSquareLondonTemplateBuilderLiveTest)
[TestNG] Test testTemplateBuilderCannotFind(org.jclouds.elastichosts.compute.ElasticHostsBlueSquareLondonTemplateBuilderLiveTest) succeeded: 0ms
Test suite progress: tests succeeded: 44, failed: 0, skipped: 0.
Starting test testTemplateBuilderCannotFind(org.jclouds.elastichosts.compute.ElasticHostsBlueSquareLondonTemplateBuilderLiveTest)
[TestNG] Test testTemplateBuilderCannotFind(org.jclouds.elastichosts.compute.ElasticHostsBlueSquareLondonTemplateBuilderLiveTest) succeeded: 1ms
Test suite progress: tests succeeded: 45, failed: 0, skipped: 0.
Starting test testTemplateBuilderCannotFind(org.jclouds.elastichosts.compute.ElasticHostsBlueSquareLondonTemplateBuilderLiveTest)
[TestNG] Test testTemplateBuilderCannotFind(org.jclouds.elastichosts.compute.ElasticHostsBlueSquareLondonTemplateBuilderLiveTest) succeeded: 0ms
Test suite progress: tests succeeded: 46, failed: 0, skipped: 0.
Starting test testTemplateBuilderCannotFind(org.jclouds.elastichosts.compute.ElasticHostsBlueSquareLondonTemplateBuilderLiveTest)
[TestNG] Test testTemplateBuilderCannotFind(org.jclouds.elastichosts.compute.ElasticHostsBlueSquareLondonTemplateBuilderLiveTest) succeeded: 0ms
Test suite progress: tests succeeded: 47, failed: 0, skipped: 0.
Starting test testTemplateBuilderCannotFind(org.jclouds.elastichosts.compute.ElasticHostsBlueSquareLondonTemplateBuilderLiveTest)
[TestNG] Test testTemplateBuilderCannotFind(org.jclouds.elastichosts.compute.ElasticHostsBlueSquareLondonTemplateBuilderLiveTest) succeeded: 1ms
Test suite progress: tests succeeded: 48, failed: 0, skipped: 0.
Starting test testTemplateBuilderCannotFind(org.jclouds.elastichosts.compute.ElasticHostsBlueSquareLondonTemplateBuilderLiveTest)
[TestNG] Test testTemplateBuilderCannotFind(org.jclouds.elastichosts.compute.ElasticHostsBlueSquareLondonTemplateBuilderLiveTest) succeeded: 1ms
Test suite progress: tests succeeded: 49, failed: 0, skipped: 0.
Starting test testTemplateBuilderCannotFind(org.jclouds.elastichosts.compute.ElasticHostsBlueSquareLondonTemplateBuilderLiveTest)
[TestNG] Test testTemplateBuilderCannotFind(org.jclouds.elastichosts.compute.ElasticHostsBlueSquareLondonTemplateBuilderLiveTest) succeeded: 1ms
Test suite progress: tests succeeded: 50, failed: 0, skipped: 0.
Starting test testTemplateBuilderCannotFind(org.jclouds.elastichosts.compute.ElasticHostsBlueSquareLondonTemplateBuilderLiveTest)
[TestNG] Test testTemplateBuilderCannotFind(org.jclouds.elastichosts.compute.ElasticHostsBlueSquareLondonTemplateBuilderLiveTest) succeeded: 0ms
Test suite progress: tests succeeded: 51, failed: 0, skipped: 0.
Starting test testTemplateBuilderCannotFind(org.jclouds.elastichosts.compute.ElasticHostsBlueSquareLondonTemplateBuilderLiveTest)
[TestNG] Test testTemplateBuilderCannotFind(org.jclouds.elastichosts.compute.ElasticHostsBlueSquareLondonTemplateBuilderLiveTest) succeeded: 0ms
Test suite progress: tests succeeded: 52, failed: 0, skipped: 0.
Starting test testTemplateBuilderCannotFind(org.jclouds.elastichosts.compute.ElasticHostsBlueSquareLondonTemplateBuilderLiveTest)
[TestNG] Test testTemplateBuilderCannotFind(org.jclouds.elastichosts.compute.ElasticHostsBlueSquareLondonTemplateBuilderLiveTest) succeeded: 1ms
Test suite progress: tests succeeded: 53, failed: 0, skipped: 0.
Starting test testTemplateBuilderCannotFind(org.jclouds.elastichosts.compute.ElasticHostsBlueSquareLondonTemplateBuilderLiveTest)
[TestNG] Test testTemplateBuilderCannotFind(org.jclouds.elastichosts.compute.ElasticHostsBlueSquareLondonTemplateBuilderLiveTest) succeeded: 0ms
Test suite progress: tests succeeded: 54, failed: 0, skipped: 0.
Starting test testTemplateBuilderCannotFind(org.jclouds.elastichosts.compute.ElasticHostsBlueSquareLondonTemplateBuilderLiveTest)
[TestNG] Test testTemplateBuilderCannotFind(org.jclouds.elastichosts.compute.ElasticHostsBlueSquareLondonTemplateBuilderLiveTest) succeeded: 0ms
Test suite progress: tests succeeded: 55, failed: 0, skipped: 0.
Starting test testTemplateBuilderCannotFind(org.jclouds.elastichosts.compute.ElasticHostsBlueSquareLondonTemplateBuilderLiveTest)
[TestNG] Test testTemplateBuilderCannotFind(org.jclouds.elastichosts.compute.ElasticHostsBlueSquareLondonTemplateBuilderLiveTest) succeeded: 1ms
Test suite progress: tests succeeded: 56, failed: 0, skipped: 0.
Starting test testTemplateBuilderCannotFind(org.jclouds.elastichosts.compute.ElasticHostsBlueSquareLondonTemplateBuilderLiveTest)
[TestNG] Test testTemplateBuilderCannotFind(org.jclouds.elastichosts.compute.ElasticHostsBlueSquareLondonTemplateBuilderLiveTest) succeeded: 1ms
Test suite progress: tests succeeded: 57, failed: 0, skipped: 0.
Starting test testTemplateBuilderCannotFind(org.jclouds.elastichosts.compute.ElasticHostsBlueSquareLondonTemplateBuilderLiveTest)
[TestNG] Test testTemplateBuilderCannotFind(org.jclouds.elastichosts.compute.ElasticHostsBlueSquareLondonTemplateBuilderLiveTest) succeeded: 1ms
Test suite progress: tests succeeded: 58, failed: 0, skipped: 0.
Starting test testTemplateBuilderCannotFind(org.jclouds.elastichosts.compute.ElasticHostsBlueSquareLondonTemplateBuilderLiveTest)
[TestNG] Test testTemplateBuilderCannotFind(org.jclouds.elastichosts.compute.ElasticHostsBlueSquareLondonTemplateBuilderLiveTest) succeeded: 0ms
Test suite progress: tests succeeded: 59, failed: 0, skipped: 0.
Starting test testTemplateBuilderCannotFind(org.jclouds.elastichosts.compute.ElasticHostsBlueSquareLondonTemplateBuilderLiveTest)
[TestNG] Test testTemplateBuilderCannotFind(org.jclouds.elastichosts.compute.ElasticHostsBlueSquareLondonTemplateBuilderLiveTest) succeeded: 1ms
Test suite progress: tests succeeded: 60, failed: 0, skipped: 0.
Starting test testTemplateBuilderCannotFind(org.jclouds.elastichosts.compute.ElasticHostsBlueSquareLondonTemplateBuilderLiveTest)
[TestNG] Test testTemplateBuilderCannotFind(org.jclouds.elastichosts.compute.ElasticHostsBlueSquareLondonTemplateBuilderLiveTest) succeeded: 1ms
Test suite progress: tests succeeded: 61, failed: 0, skipped: 0.
Starting test testTemplateBuilderCannotFind(org.jclouds.elastichosts.compute.ElasticHostsBlueSquareLondonTemplateBuilderLiveTest)
[TestNG] Test testTemplateBuilderCannotFind(org.jclouds.elastichosts.compute.ElasticHostsBlueSquareLondonTemplateBuilderLiveTest) succeeded: 1ms
Test suite progress: tests succeeded: 62, failed: 0, skipped: 0.
Starting test testTemplateBuilderCannotFind(org.jclouds.elastichosts.compute.ElasticHostsBlueSquareLondonTemplateBuilderLiveTest)
[TestNG] Test testTemplateBuilderCannotFind(org.jclouds.elastichosts.compute.ElasticHostsBlueSquareLondonTemplateBuilderLiveTest) succeeded: 0ms
Test suite progress: tests succeeded: 63, failed: 0, skipped: 0.
Starting test testTemplateBuilderCannotFind(org.jclouds.elastichosts.compute.ElasticHostsBlueSquareLondonTemplateBuilderLiveTest)
[TestNG] Test testTemplateBuilderCannotFind(org.jclouds.elastichosts.compute.ElasticHostsBlueSquareLondonTemplateBuilderLiveTest) succeeded: 1ms
Test suite progress: tests succeeded: 64, failed: 0, skipped: 0.
Starting test testTemplateBuilderCannotFind(org.jclouds.elastichosts.compute.ElasticHostsBlueSquareLondonTemplateBuilderLiveTest)
[TestNG] Test testTemplateBuilderCannotFind(org.jclouds.elastichosts.compute.ElasticHostsBlueSquareLondonTemplateBuilderLiveTest) succeeded: 1ms
Test suite progress: tests succeeded: 65, failed: 0, skipped: 0.
Starting test testTemplateBuilderCannotFind(org.jclouds.elastichosts.compute.ElasticHostsBlueSquareLondonTemplateBuilderLiveTest)
[TestNG] Test testTemplateBuilderCannotFind(org.jclouds.elastichosts.compute.ElasticHostsBlueSquareLondonTemplateBuilderLiveTest) succeeded: 0ms
Test suite progress: tests succeeded: 66, failed: 0, skipped: 0.
Starting test testTemplateBuilderCannotFind(org.jclouds.elastichosts.compute.ElasticHostsBlueSquareLondonTemplateBuilderLiveTest)
[TestNG] Test testTemplateBuilderCannotFind(org.jclouds.elastichosts.compute.ElasticHostsBlueSquareLondonTemplateBuilderLiveTest) succeeded: 1ms
Test suite progress: tests succeeded: 67, failed: 0, skipped: 0.
Starting test testTemplateBuilderCannotFind(org.jclouds.elastichosts.compute.ElasticHostsBlueSquareLondonTemplateBuilderLiveTest)
[TestNG] Test testTemplateBuilderCannotFind(org.jclouds.elastichosts.compute.ElasticHostsBlueSquareLondonTemplateBuilderLiveTest) succeeded: 1ms
Test suite progress: tests succeeded: 68, failed: 0, skipped: 0.
Starting test testTemplateBuilderCannotFind(org.jclouds.elastichosts.compute.ElasticHostsBlueSquareLondonTemplateBuilderLiveTest)
[TestNG] Test testTemplateBuilderCannotFind(org.jclouds.elastichosts.compute.ElasticHostsBlueSquareLondonTemplateBuilderLiveTest) succeeded: 1ms
Test suite progress: tests succeeded: 69, failed: 0, skipped: 0.
Starting test testTemplateBuilderCannotFind(org.jclouds.elastichosts.compute.ElasticHostsBlueSquareLondonTemplateBuilderLiveTest)
[TestNG] Test testTemplateBuilderCannotFind(org.jclouds.elastichosts.compute.ElasticHostsBlueSquareLondonTemplateBuilderLiveTest) succeeded: 1ms
Test suite progress: tests succeeded: 70, failed: 0, skipped: 0.
Starting test testTemplateBuilderCannotFind(org.jclouds.elastichosts.compute.ElasticHostsBlueSquareLondonTemplateBuilderLiveTest)
[TestNG] Test testTemplateBuilderCannotFind(org.jclouds.elastichosts.compute.ElasticHostsBlueSquareLondonTemplateBuilderLiveTest) succeeded: 0ms
Test suite progress: tests succeeded: 71, failed: 0, skipped: 0.
Starting test testTemplateBuilderCannotFind(org.jclouds.elastichosts.compute.ElasticHostsBlueSquareLondonTemplateBuilderLiveTest)
[TestNG] Test testTemplateBuilderCannotFind(org.jclouds.elastichosts.compute.ElasticHostsBlueSquareLondonTemplateBuilderLiveTest) succeeded: 0ms
Test suite progress: tests succeeded: 72, failed: 0, skipped: 0.
Starting test testTemplateBuilderCannotFind(org.jclouds.elastichosts.compute.ElasticHostsBlueSquareLondonTemplateBuilderLiveTest)
[TestNG] Test testTemplateBuilderCannotFind(org.jclouds.elastichosts.compute.ElasticHostsBlueSquareLondonTemplateBuilderLiveTest) succeeded: 5ms
Test suite progress: tests succeeded: 73, failed: 0, skipped: 0.
Starting test testTemplateBuilderCannotFind(org.jclouds.elastichosts.compute.ElasticHostsBlueSquareLondonTemplateBuilderLiveTest)
[TestNG] Test testTemplateBuilderCannotFind(org.jclouds.elastichosts.compute.ElasticHostsBlueSquareLondonTemplateBuilderLiveTest) succeeded: 1ms
Test suite progress: tests succeeded: 74, failed: 0, skipped: 0.
Starting test testTemplateBuilderCannotFind(org.jclouds.elastichosts.compute.ElasticHostsBlueSquareLondonTemplateBuilderLiveTest)
[TestNG] Test testTemplateBuilderCannotFind(org.jclouds.elastichosts.compute.ElasticHostsBlueSquareLondonTemplateBuilderLiveTest) succeeded: 1ms
Test suite progress: tests succeeded: 75, failed: 0, skipped: 0.
Starting test testTemplateBuilderCannotFind(org.jclouds.elastichosts.compute.ElasticHostsBlueSquareLondonTemplateBuilderLiveTest)
[TestNG] Test testTemplateBuilderCannotFind(org.jclouds.elastichosts.compute.ElasticHostsBlueSquareLondonTemplateBuilderLiveTest) succeeded: 1ms
Test suite progress: tests succeeded: 76, failed: 0, skipped: 0.
Starting test testTemplateBuilderCannotFind(org.jclouds.elastichosts.compute.ElasticHostsBlueSquareLondonTemplateBuilderLiveTest)
[TestNG] Test testTemplateBuilderCannotFind(org.jclouds.elastichosts.compute.ElasticHostsBlueSquareLondonTemplateBuilderLiveTest) succeeded: 1ms
Test suite progress: tests succeeded: 77, failed: 0, skipped: 0.
Starting test testTemplateBuilderCannotFind(org.jclouds.elastichosts.compute.ElasticHostsBlueSquareLondonTemplateBuilderLiveTest)
[TestNG] Test testTemplateBuilderCannotFind(org.jclouds.elastichosts.compute.ElasticHostsBlueSquareLondonTemplateBuilderLiveTest) succeeded: 1ms
Test suite progress: tests succeeded: 78, failed: 0, skipped: 0.
Starting test testTemplateBuilderCannotFind(org.jclouds.elastichosts.compute.ElasticHostsBlueSquareLondonTemplateBuilderLiveTest)
[TestNG] Test testTemplateBuilderCannotFind(org.jclouds.elastichosts.compute.ElasticHostsBlueSquareLondonTemplateBuilderLiveTest) succeeded: 0ms
Test suite progress: tests succeeded: 79, failed: 0, skipped: 0.
Starting test testTemplateBuilderCannotFind(org.jclouds.elastichosts.compute.ElasticHostsBlueSquareLondonTemplateBuilderLiveTest)
[TestNG] Test testTemplateBuilderCannotFind(org.jclouds.elastichosts.compute.ElasticHostsBlueSquareLondonTemplateBuilderLiveTest) succeeded: 1ms
Test suite progress: tests succeeded: 80, failed: 0, skipped: 0.
Starting test testTemplateBuilderCannotFind(org.jclouds.elastichosts.compute.ElasticHostsBlueSquareLondonTemplateBuilderLiveTest)
[TestNG] Test testTemplateBuilderCannotFind(org.jclouds.elastichosts.compute.ElasticHostsBlueSquareLondonTemplateBuilderLiveTest) succeeded: 1ms
Test suite progress: tests succeeded: 81, failed: 0, skipped: 0.
Starting test testTemplateBuilderCannotFind(org.jclouds.elastichosts.compute.ElasticHostsBlueSquareLondonTemplateBuilderLiveTest)
[TestNG] Test testTemplateBuilderCannotFind(org.jclouds.elastichosts.compute.ElasticHostsBlueSquareLondonTemplateBuilderLiveTest) succeeded: 0ms
Test suite progress: tests succeeded: 82, failed: 0, skipped: 0.
Starting test testTemplateBuilderCannotFind(org.jclouds.elastichosts.compute.ElasticHostsBlueSquareLondonTemplateBuilderLiveTest)
[TestNG] Test testTemplateBuilderCannotFind(org.jclouds.elastichosts.compute.ElasticHostsBlueSquareLondonTemplateBuilderLiveTest) succeeded: 1ms
Test suite progress: tests succeeded: 83, failed: 0, skipped: 0.
Starting test testTemplateBuilderCannotFind(org.jclouds.elastichosts.compute.ElasticHostsBlueSquareLondonTemplateBuilderLiveTest)
[TestNG] Test testTemplateBuilderCannotFind(org.jclouds.elastichosts.compute.ElasticHostsBlueSquareLondonTemplateBuilderLiveTest) succeeded: 2ms
Test suite progress: tests succeeded: 84, failed: 0, skipped: 0.
Starting test testTemplateBuilderCannotFind(org.jclouds.elastichosts.compute.ElasticHostsBlueSquareLondonTemplateBuilderLiveTest)
[TestNG] Test testTemplateBuilderCannotFind(org.jclouds.elastichosts.compute.ElasticHostsBlueSquareLondonTemplateBuilderLiveTest) succeeded: 1ms
Test suite progress: tests succeeded: 85, failed: 0, skipped: 0.
Starting test testTemplateBuilderCannotFind(org.jclouds.elastichosts.compute.ElasticHostsBlueSquareLondonTemplateBuilderLiveTest)
[TestNG] Test testTemplateBuilderCannotFind(org.jclouds.elastichosts.compute.ElasticHostsBlueSquareLondonTemplateBuilderLiveTest) succeeded: 0ms
Test suite progress: tests succeeded: 86, failed: 0, skipped: 0.
Starting test testTemplateBuilderCannotFind(org.jclouds.elastichosts.compute.ElasticHostsBlueSquareLondonTemplateBuilderLiveTest)
[TestNG] Test testTemplateBuilderCannotFind(org.jclouds.elastichosts.compute.ElasticHostsBlueSquareLondonTemplateBuilderLiveTest) succeeded: 0ms
Test suite progress: tests succeeded: 87, failed: 0, skipped: 0.
Starting test testTemplateBuilderCannotFind(org.jclouds.elastichosts.compute.ElasticHostsBlueSquareLondonTemplateBuilderLiveTest)
[TestNG] Test testTemplateBuilderCannotFind(org.jclouds.elastichosts.compute.ElasticHostsBlueSquareLondonTemplateBuilderLiveTest) succeeded: 1ms
Test suite progress: tests succeeded: 88, failed: 0, skipped: 0.
Starting test testTemplateBuilderCannotFind(org.jclouds.elastichosts.compute.ElasticHostsBlueSquareLondonTemplateBuilderLiveTest)
[TestNG] Test testTemplateBuilderCannotFind(org.jclouds.elastichosts.compute.ElasticHostsBlueSquareLondonTemplateBuilderLiveTest) succeeded: 1ms
Test suite progress: tests succeeded: 89, failed: 0, skipped: 0.
Starting test testTemplateBuilderCannotFind(org.jclouds.elastichosts.compute.ElasticHostsBlueSquareLondonTemplateBuilderLiveTest)
[TestNG] Test testTemplateBuilderCannotFind(org.jclouds.elastichosts.compute.ElasticHostsBlueSquareLondonTemplateBuilderLiveTest) succeeded: 0ms
Test suite progress: tests succeeded: 90, failed: 0, skipped: 0.
Starting test testTemplateBuilderCannotFind(org.jclouds.elastichosts.compute.ElasticHostsBlueSquareLondonTemplateBuilderLiveTest)
[TestNG] Test testTemplateBuilderCannotFind(org.jclouds.elastichosts.compute.ElasticHostsBlueSquareLondonTemplateBuilderLiveTest) succeeded: 1ms
Test suite progress: tests succeeded: 91, failed: 0, skipped: 0.
Starting test testTemplateBuilderCannotFind(org.jclouds.elastichosts.compute.ElasticHostsBlueSquareLondonTemplateBuilderLiveTest)
[TestNG] Test testTemplateBuilderCannotFind(org.jclouds.elastichosts.compute.ElasticHostsBlueSquareLondonTemplateBuilderLiveTest) succeeded: 0ms
Test suite progress: tests succeeded: 92, failed: 0, skipped: 0.
Starting test testTemplateBuilderCannotFind(org.jclouds.elastichosts.compute.ElasticHostsBlueSquareLondonTemplateBuilderLiveTest)
[TestNG] Test testTemplateBuilderCannotFind(org.jclouds.elastichosts.compute.ElasticHostsBlueSquareLondonTemplateBuilderLiveTest) succeeded: 1ms
Test suite progress: tests succeeded: 93, failed: 0, skipped: 0.
Starting test testTemplateBuilderCannotFind(org.jclouds.elastichosts.compute.ElasticHostsBlueSquareLondonTemplateBuilderLiveTest)
[TestNG] Test testTemplateBuilderCannotFind(org.jclouds.elastichosts.compute.ElasticHostsBlueSquareLondonTemplateBuilderLiveTest) succeeded: 0ms
Test suite progress: tests succeeded: 94, failed: 0, skipped: 0.
Starting test testTemplateBuilderCannotFind(org.jclouds.elastichosts.compute.ElasticHostsBlueSquareLondonTemplateBuilderLiveTest)
[TestNG] Test testTemplateBuilderCannotFind(org.jclouds.elastichosts.compute.ElasticHostsBlueSquareLondonTemplateBuilderLiveTest) succeeded: 1ms
Test suite progress: tests succeeded: 95, failed: 0, skipped: 0.
Starting test testTemplateBuilderCannotFind(org.jclouds.elastichosts.compute.ElasticHostsBlueSquareLondonTemplateBuilderLiveTest)
[TestNG] Test testTemplateBuilderCannotFind(org.jclouds.elastichosts.compute.ElasticHostsBlueSquareLondonTemplateBuilderLiveTest) succeeded: 0ms
Test suite progress: tests succeeded: 96, failed: 0, skipped: 0.
Starting test testTemplateBuilderWithImageIdSpecified(org.jclouds.elastichosts.compute.ElasticHostsBlueSquareLondonTemplateBuilderLiveTest)
[TestNG] Test testListDrives(org.jclouds.elastichosts.ElasticHostsBlueSquareLondonClientLiveTest) succeeded: 854ms
Test suite progress: tests succeeded: 97, failed: 0, skipped: 0.
Starting test testListServers(org.jclouds.elastichosts.ElasticHostsBlueSquareLondonClientLiveTest)
[TestNG] Test testListServers(org.jclouds.elastichosts.ElasticHostsBlueSquareLondonClientLiveTest) succeeded: 870ms
Test suite progress: tests succeeded: 98, failed: 0, skipped: 0.
Starting test testWeCanReadAndWriteToDrive(org.jclouds.elastichosts.ElasticHostsBlueSquareLondonClientLiveTest)
[TestNG] Test testWeCanReadAndWriteToDrive(org.jclouds.elastichosts.ElasticHostsBlueSquareLondonClientLiveTest) succeeded: 5033ms
Test suite progress: tests succeeded: 99, failed: 0, skipped: 0.
Starting test testListServerInfo(org.jclouds.elastichosts.ElasticHostsBlueSquareLondonClientLiveTest)
[TestNG] Test testListServerInfo(org.jclouds.elastichosts.ElasticHostsBlueSquareLondonClientLiveTest) succeeded: 853ms
Test suite progress: tests succeeded: 100, failed: 0, skipped: 0.
Starting test testSetDriveData(org.jclouds.elastichosts.ElasticHostsBlueSquareLondonClientLiveTest)
[TestNG] Test testSetDriveData(org.jclouds.elastichosts.ElasticHostsBlueSquareLondonClientLiveTest) succeeded: 2147ms
Test suite progress: tests succeeded: 101, failed: 0, skipped: 0.
Starting test testWeCopyADriveContentsViaGzip(org.jclouds.elastichosts.ElasticHostsBlueSquareLondonClientLiveTest)
[TestNG] Test testTemplateBuilderWithImageIdSpecified(org.jclouds.elastichosts.compute.ElasticHostsBlueSquareLondonTemplateBuilderLiveTest) succeeded: 15509ms
Test suite progress: tests succeeded: 102, failed: 0, skipped: 0.
Starting test testTemplateBuilderWithLoginUserSpecified(org.jclouds.elastichosts.compute.ElasticHostsBlueSquareLondonTemplateBuilderLiveTest)
before image; drive 2[size=4194304, claimType=exclusive, readers=[], uuid=d8830aee-3aca-4c97-92fb-ddc0b4ce43b7, name=adriancole.test2, tags=[], userMetadata={}, status=active, user=2e5d4c10-eea0-4513-a28e-21bf1c8ccfdc, claimed=[], encryptionCipher=aes-xts-plain, imaging=null, metrics=[readBytes=0, readRequests=0, writeBytes=0, writeRequests=0]]
before image; drive 3[size=4194304, claimType=exclusive, readers=[], uuid=ab444673-6a34-43be-a464-9fe189f34df7, name=adriancole.test3, tags=[], userMetadata={}, status=active, user=2e5d4c10-eea0-4513-a28e-21bf1c8ccfdc, claimed=[], encryptionCipher=aes-xts-plain, imaging=null, metrics=[readBytes=0, readRequests=0, writeBytes=0, writeRequests=0]]
after image; drive 2[size=4194304, claimType=exclusive, readers=[], uuid=d8830aee-3aca-4c97-92fb-ddc0b4ce43b7, name=adriancole.test2, tags=[], userMetadata={}, status=active, user=2e5d4c10-eea0-4513-a28e-21bf1c8ccfdc, claimed=[], encryptionCipher=aes-xts-plain, imaging=null, metrics=[readBytes=0, readRequests=0, writeBytes=0, writeRequests=0]]
after image; drive 3[size=4194304, claimType=exclusive, readers=[], uuid=ab444673-6a34-43be-a464-9fe189f34df7, name=adriancole.test3, tags=[], userMetadata={}, status=active, user=2e5d4c10-eea0-4513-a28e-21bf1c8ccfdc, claimed=[], encryptionCipher=aes-xts-plain, imaging=null, metrics=[readBytes=0, readRequests=0, writeBytes=0, writeRequests=0]]
[TestNG] Test testTemplateBuilderWithLoginUserSpecified(org.jclouds.elastichosts.compute.ElasticHostsBlueSquareLondonTemplateBuilderLiveTest) succeeded: 15480ms
Test suite progress: tests succeeded: 103, failed: 0, skipped: 0.
Starting test testTemplateBuilder(org.jclouds.elastichosts.compute.ElasticHostsBlueSquareLondonTemplateBuilderLiveTest)
[TestNG] Test testTemplateBuilder(org.jclouds.elastichosts.compute.ElasticHostsBlueSquareLondonTemplateBuilderLiveTest) succeeded: 2ms
Test suite progress: tests succeeded: 104, failed: 0, skipped: 0.
[TestNG] Test testWeCopyADriveContentsViaGzip(org.jclouds.elastichosts.ElasticHostsBlueSquareLondonClientLiveTest) succeeded: 26247ms
Test suite progress: tests succeeded: 105, failed: 0, skipped: 0.
Starting test testCreateAndStartServer(org.jclouds.elastichosts.ElasticHostsBlueSquareLondonClientLiveTest)
Jan 15, 2012 6:43:57 AM org.jclouds.elasticstack.ElasticStackClientLiveTest testCreateAndStartServer
INFO: preparing drive
before prepare[size=1073741824, claimType=shared, readers=[ffffffff-ffff-ffff-ffff-ffffffffffff], uuid=a80921f0-a579-469f-8f65-b33bca0aa88b, name=rediculous, tags=[networking, security, gateway], userMetadata={foo=bar}, status=active, user=2e5d4c10-eea0-4513-a28e-21bf1c8ccfdc, claimed=[], encryptionCipher=aes-xts-plain, imaging=null, metrics=[readBytes=0, readRequests=0, writeBytes=0, writeRequests=0]]
Jan 15, 2012 6:44:40 AM org.jclouds.compute.BaseComputeServiceLiveTest testCreateAndRunAService
INFO: << available node(df92f21a-3b56-44eb-849c-459504e07e4a) os([name=Ubuntu Linux 11.10, family=ubuntu, version=11.10, arch=null, is64Bit=true, description=img/Ubuntu Linux 11.10/1]) in 84s
SLF4J: Failed to load class "org.slf4j.impl.StaticLoggerBinder".
SLF4J: Defaulting to no-operation (NOP) logger implementation
SLF4J: See http://www.slf4j.org/codes.html#StaticLoggerBinder for further details.
after prepare[size=1073741824, claimType=shared, readers=[ffffffff-ffff-ffff-ffff-ffffffffffff], uuid=a80921f0-a579-469f-8f65-b33bca0aa88b, name=rediculous, tags=[networking, security, gateway], userMetadata={foo=bar}, status=active, user=2e5d4c10-eea0-4513-a28e-21bf1c8ccfdc, claimed=[], encryptionCipher=aes-xts-plain, imaging=null, metrics=[readBytes=0, readRequests=0, writeBytes=0, writeRequests=0]]
Jan 15, 2012 6:44:42 AM org.jclouds.elasticstack.ElasticStackClientLiveTest testCreateAndStartServer
INFO: starting server
{"status":"ACTIVE","started":"Jan 16, 1970 12:30:38 AM","user":"2e5d4c10-eea0-4513-a28e-21bf1c8ccfdc","metrics":{"txPackets":0,"tx":0,"rxPackets":0,"rx":0,"driveMetrics":{"ide:0:0":{"readBytes":0,"readRequests":0,"writeBytes":0,"writeRequests":0}}},"cpu":1000,"smp":1,"mem":512,"persistent":true,"devices":{"ide:0:0":{"bus":0,"unit":0,"driveUuid":"a80921f0-a579-469f-8f65-b33bca0aa88b","mediaType":"DISK"}},"bootDeviceIds":["ide:0:0"],"nics":[{"dhcp":"84.45.72.129","model":"E1000","mac":"02:00:54:2d:48:81","block":[]}],"vnc":{"ip":"84.45.72.129","password":"Il0veVNC","tls":false},"uuid":"ea59a952-3f84-4be9-89e2-c62ca08e7b95","name":"adriancole.test","tags":[],"userMetadata":{}}
[TestNG] Test testCreateAndStartServer(org.jclouds.elastichosts.ElasticHostsBlueSquareLondonClientLiveTest) succeeded: 53005ms
Test suite progress: tests succeeded: 106, failed: 0, skipped: 0.
Starting test testConnectivity(org.jclouds.elastichosts.ElasticHostsBlueSquareLondonClientLiveTest)
Jan 15, 2012 6:44:50 AM org.jclouds.elasticstack.ElasticStackClientLiveTest testConnectivity
INFO: awaiting vnc: [address=84.45.72.129, port=5900]
Jan 15, 2012 6:47:24 AM org.jclouds.compute.BaseComputeServiceLiveTest testCreateAndRunAService
INFO: << configured node(df92f21a-3b56-44eb-849c-459504e07e4a) with java full version "1.7.0_02-b13" and JBoss 7.0.2.Final in 157s
Jan 15, 2012 6:47:28 AM org.jclouds.compute.BaseComputeServiceLiveTest getLocationForIp
WARNING: could not get info on ip 209.132.182.31; check freegeoip
Jan 15, 2012 6:47:28 AM org.jclouds.compute.BaseComputeServiceLiveTest testCreateAndRunAService
INFO: << location of jboss7(download.jboss.org) from perpective of node(df92f21a-3b56-44eb-849c-459504e07e4a): 209.132.182.31
Jan 15, 2012 6:47:31 AM org.jclouds.compute.BaseComputeServiceLiveTest getLocationForIp
WARNING: could not get info on ip 82.197.67.168; check freegeoip
Jan 15, 2012 6:47:31 AM org.jclouds.compute.BaseComputeServiceLiveTest testCreateAndRunAService
INFO: << location of jdk7(download.oracle.com) from perpective of node(df92f21a-3b56-44eb-849c-459504e07e4a): 82.197.67.168
Jan 15, 2012 6:47:34 AM org.jclouds.compute.BaseComputeServiceLiveTest getLocationForIp
WARNING: could not get info on ip 84.45.121.143; check freegeoip
Jan 15, 2012 6:47:34 AM org.jclouds.compute.BaseComputeServiceLiveTest testCreateAndRunAService
INFO: << location of node(df92f21a-3b56-44eb-849c-459504e07e4a) from perspective of amazonaws: 84.45.121.143
Jan 15, 2012 6:47:47 AM org.jclouds.compute.BaseComputeServiceLiveTest trackAvailabilityOfProcessOnNode
INFO: << initial start of jboss on node(df92f21a-3b56-44eb-849c-459504e07e4a) [backgroundProcessMilliseconds=7660, socketOpenMilliseconds=1691, reportedStartupTimeMilliseconds=3179]
Jan 15, 2012 6:47:58 AM org.jclouds.compute.BaseComputeServiceLiveTest trackAvailabilityOfProcessOnNode
INFO: << warm start of jboss on node(df92f21a-3b56-44eb-849c-459504e07e4a) [backgroundProcessMilliseconds=4068, socketOpenMilliseconds=1455, reportedStartupTimeMilliseconds=3008]
[TestNG] Test testCreateAndRunAService(org.jclouds.elastichosts.compute.ElasticHostsBlueSquareLondonComputeServiceLiveTest) succeeded: 294502ms
Test suite progress: tests succeeded: 107, failed: 0, skipped: 0.
Starting test testGetAssignableLocations(org.jclouds.elastichosts.compute.ElasticHostsBlueSquareLondonComputeServiceLiveTest)
Jan 15, 2012 6:48:09 AM org.jclouds.compute.BaseComputeServiceLiveTest testGetAssignableLocations
WARNING: location [id=elastichosts-lon-b, scope=PROVIDER, description=https://api.lon-b.elastichosts.com, parent=null, iso3166Codes=[GB-LND], metadata={}]
[TestNG] Test testGetAssignableLocations(org.jclouds.elastichosts.compute.ElasticHostsBlueSquareLondonComputeServiceLiveTest) succeeded: 0ms
Test suite progress: tests succeeded: 108, failed: 0, skipped: 0.
Starting test testImagesCache(org.jclouds.elastichosts.compute.ElasticHostsBlueSquareLondonComputeServiceLiveTest)
[TestNG] Test testImagesCache(org.jclouds.elastichosts.compute.ElasticHostsBlueSquareLondonComputeServiceLiveTest) succeeded: 0ms
Test suite progress: tests succeeded: 109, failed: 0, skipped: 0.
Starting test testListImages(org.jclouds.elastichosts.compute.ElasticHostsBlueSquareLondonComputeServiceLiveTest)
[TestNG] Test testListImages(org.jclouds.elastichosts.compute.ElasticHostsBlueSquareLondonComputeServiceLiveTest) succeeded: 0ms
Test suite progress: tests succeeded: 110, failed: 0, skipped: 0.
Starting test testListSizes(org.jclouds.elastichosts.compute.ElasticHostsBlueSquareLondonComputeServiceLiveTest)
[TestNG] Test testListSizes(org.jclouds.elastichosts.compute.ElasticHostsBlueSquareLondonComputeServiceLiveTest) succeeded: 1ms
Test suite progress: tests succeeded: 111, failed: 0, skipped: 0.
Starting test testOptionToNotBlock(org.jclouds.elastichosts.compute.ElasticHostsBlueSquareLondonComputeServiceLiveTest)
[TestNG] Test testOptionToNotBlock(org.jclouds.elastichosts.compute.ElasticHostsBlueSquareLondonComputeServiceLiveTest) succeeded: 0ms
Test suite progress: tests succeeded: 112, failed: 0, skipped: 0.
Starting test testCorrectExceptionRunningNodesNotFound(org.jclouds.elastichosts.compute.ElasticHostsBlueSquareLondonComputeServiceLiveTest)
[TestNG] Test testCorrectExceptionRunningNodesNotFound(org.jclouds.elastichosts.compute.ElasticHostsBlueSquareLondonComputeServiceLiveTest) succeeded: 852ms
Test suite progress: tests succeeded: 113, failed: 0, skipped: 0.
Starting test testAScriptExecutionAfterBootWithBasicTemplate(org.jclouds.elastichosts.compute.ElasticHostsBlueSquareLondonComputeServiceLiveTest)
<< problem applying options to node(0146beda-4621-4048-96b7-0b085b8b1f3b): 
org.jclouds.rest.AuthorizationException: (toor:pw[5d907853a9617cfd55fb62eae803595b]@84.45.121.143:22) (toor:pw[5d907853a9617cfd55fb62eae803595b]@84.45.121.143:22) error acquiring SSHClient(timeout=60000) (out of retries - max 5): Exhausted available authentication methods
	at org.jclouds.sshj.SshjSshClient.propagate(SshjSshClient.java:414)
	at org.jclouds.sshj.SshjSshClient.acquire(SshjSshClient.java:236)
	at org.jclouds.sshj.SshjSshClient.connect(SshjSshClient.java:255)
	at org.jclouds.compute.callables.RunScriptOnNodeUsingSsh.call(RunScriptOnNodeUsingSsh.java:73)
	at org.jclouds.compute.strategy.RunScriptOnNodeAndAddToGoodMapOrPutExceptionIntoBadMap.call(RunScriptOnNodeAndAddToGoodMapOrPutExceptionIntoBadMap.java:69)
	at org.jclouds.compute.strategy.RunScriptOnNodeAndAddToGoodMapOrPutExceptionIntoBadMap.call(RunScriptOnNodeAndAddToGoodMapOrPutExceptionIntoBadMap.java:44)
	at java.util.concurrent.FutureTask$Sync.innerRun(FutureTask.java:303)
	at java.util.concurrent.FutureTask.run(FutureTask.java:138)
	at java.util.concurrent.ThreadPoolExecutor$Worker.runTask(ThreadPoolExecutor.java:886)
	at java.util.concurrent.ThreadPoolExecutor$Worker.run(ThreadPoolExecutor.java:908)
	at java.lang.Thread.run(Thread.java:680)
Caused by: net.schmizz.sshj.userauth.UserAuthException: Exhausted available authentication methods
	at net.schmizz.sshj.userauth.UserAuthImpl.authenticate(UserAuthImpl.java:114)
	at net.schmizz.sshj.SSHClient.auth(SSHClient.java:204)
	at net.schmizz.sshj.SSHClient.auth(SSHClient.java:189)
	at net.schmizz.sshj.SSHClient.authPassword(SSHClient.java:265)
	at net.schmizz.sshj.SSHClient.authPassword(SSHClient.java:235)
	at net.schmizz.sshj.SSHClient.authPassword(SSHClient.java:219)
	at org.jclouds.sshj.SshjSshClient$1.create(SshjSshClient.java:201)
	at org.jclouds.sshj.SshjSshClient$1.create(SshjSshClient.java:177)
	at org.jclouds.sshj.SshjSshClient.acquire(SshjSshClient.java:226)
	... 9 more
Caused by: net.schmizz.sshj.userauth.UserAuthException: keyboard-interactive auth not allowed by server
	at net.schmizz.sshj.userauth.UserAuthImpl.authenticate(UserAuthImpl.java:81)
	... 17 more
[TestNG] Test testConnectivity(org.jclouds.elastichosts.ElasticHostsBlueSquareLondonClientLiveTest) failed.
Test suite progress: tests succeeded: 113, failed: 1, skipped: 0.
[TestNG] Test testLifeCycle(org.jclouds.elastichosts.ElasticHostsBlueSquareLondonClientLiveTest) skipped.
Test suite progress: tests succeeded: 113, failed: 1, skipped: 1.
[TestNG] Test testSetServerConfiguration(org.jclouds.elastichosts.ElasticHostsBlueSquareLondonClientLiveTest) skipped.
Test suite progress: tests succeeded: 113, failed: 1, skipped: 2.
[TestNG] Test testDestroyServer(org.jclouds.elastichosts.ElasticHostsBlueSquareLondonClientLiveTest) skipped.
Test suite progress: tests succeeded: 113, failed: 1, skipped: 3.
[TestNG] Test testDestroyDrive(org.jclouds.elastichosts.ElasticHostsBlueSquareLondonClientLiveTest) skipped.
Test suite progress: tests succeeded: 113, failed: 1, skipped: 4.
[TestNG] Test testAScriptExecutionAfterBootWithBasicTemplate(org.jclouds.elastichosts.compute.ElasticHostsBlueSquareLondonComputeServiceLiveTest) succeeded: 177844ms
Test suite progress: tests succeeded: 114, failed: 1, skipped: 4.
Starting test testCreateTwoNodesWithRunScript(org.jclouds.elastichosts.compute.ElasticHostsBlueSquareLondonComputeServiceLiveTest)
[TestNG] Test testCreateTwoNodesWithRunScript(org.jclouds.elastichosts.compute.ElasticHostsBlueSquareLondonComputeServiceLiveTest) succeeded: 160231ms
Test suite progress: tests succeeded: 115, failed: 1, skipped: 4.
Starting test testTemplateMatch(org.jclouds.elastichosts.compute.ElasticHostsBlueSquareLondonComputeServiceLiveTest)
[TestNG] Test testTemplateMatch(org.jclouds.elastichosts.compute.ElasticHostsBlueSquareLondonComputeServiceLiveTest) succeeded: 5ms
Test suite progress: tests succeeded: 116, failed: 1, skipped: 4.
Starting test testCreateAnotherNodeWithANewContextToEnsureSharedMemIsntRequired(org.jclouds.elastichosts.compute.ElasticHostsBlueSquareLondonComputeServiceLiveTest)
Jan 15, 2012 6:53:48 AM org.jclouds.compute.BaseComputeServiceLiveTest testCreateAnotherNodeWithANewContextToEnsureSharedMemIsntRequired
INFO: creating another node based on existing nodes' location: [id=elastichosts-lon-b, scope=PROVIDER, description=https://api.lon-b.elastichosts.com, parent=null, iso3166Codes=[GB-LND], metadata={}]
[TestNG] Test testCreateAnotherNodeWithANewContextToEnsureSharedMemIsntRequired(org.jclouds.elastichosts.compute.ElasticHostsBlueSquareLondonComputeServiceLiveTest) succeeded: 108645ms
Test suite progress: tests succeeded: 117, failed: 1, skipped: 4.
Starting test testCredentialsCache(org.jclouds.elastichosts.compute.ElasticHostsBlueSquareLondonComputeServiceLiveTest)
[TestNG] Test testCredentialsCache(org.jclouds.elastichosts.compute.ElasticHostsBlueSquareLondonComputeServiceLiveTest) succeeded: 83ms
Test suite progress: tests succeeded: 118, failed: 1, skipped: 4.
Starting test testGet(org.jclouds.elastichosts.compute.ElasticHostsBlueSquareLondonComputeServiceLiveTest)
[TestNG] Test testGet(org.jclouds.elastichosts.compute.ElasticHostsBlueSquareLondonComputeServiceLiveTest) succeeded: 14503ms
Test suite progress: tests succeeded: 119, failed: 1, skipped: 4.
Starting test testReboot(org.jclouds.elastichosts.compute.ElasticHostsBlueSquareLondonComputeServiceLiveTest)
[TestNG] Test testReboot(org.jclouds.elastichosts.compute.ElasticHostsBlueSquareLondonComputeServiceLiveTest) succeeded: 12102ms
Test suite progress: tests succeeded: 120, failed: 1, skipped: 4.
Starting test testSuspendResume(org.jclouds.elastichosts.compute.ElasticHostsBlueSquareLondonComputeServiceLiveTest)
[TestNG] Test testSuspendResume(org.jclouds.elastichosts.compute.ElasticHostsBlueSquareLondonComputeServiceLiveTest) succeeded: 50869ms
Test suite progress: tests succeeded: 121, failed: 1, skipped: 4.
Starting test testGetNodesWithDetails(org.jclouds.elastichosts.compute.ElasticHostsBlueSquareLondonComputeServiceLiveTest)
[TestNG] Test testGetNodesWithDetails(org.jclouds.elastichosts.compute.ElasticHostsBlueSquareLondonComputeServiceLiveTest) succeeded: 886ms
Test suite progress: tests succeeded: 122, failed: 1, skipped: 4.
Starting test testListNodes(org.jclouds.elastichosts.compute.ElasticHostsBlueSquareLondonComputeServiceLiveTest)
[TestNG] Test testListNodes(org.jclouds.elastichosts.compute.ElasticHostsBlueSquareLondonComputeServiceLiveTest) succeeded: 870ms
Test suite progress: tests succeeded: 123, failed: 1, skipped: 4.
Starting test testDestroyNodes(org.jclouds.elastichosts.compute.ElasticHostsBlueSquareLondonComputeServiceLiveTest)
[TestNG] Test testDestroyNodes(org.jclouds.elastichosts.compute.ElasticHostsBlueSquareLondonComputeServiceLiveTest) succeeded: 13284ms
Test suite progress: tests succeeded: 124, failed: 1, skipped: 4.
Tests run: 129, Failures: 1, Errors: 0, Skipped: 4, Time elapsed: 849.403 sec <<< FAILURE!

Results :

Failed tests:   testConnectivity(org.jclouds.elastichosts.ElasticHostsBlueSquareLondonClientLiveTest): [cpu=1000, smp=1, mem=512, persistent=true, devices={ide:0:0=[id=ide:0:0, driveUuid=a80921f0-a579-469f-8f65-b33bca0aa88b, mediaType=disk]}, bootDeviceIds=[ide:0:0], nics=[[dhcp=84.45.72.129, model=e1000, vlan=null, mac=02:00:54:2d:48:81, block=[]]], vnc=[ip=84.45.72.129, password=Il0veVNC, tls=false], uuid=ea59a952-3f84-4be9-89e2-c62ca08e7b95, name=adriancole.test, tags=[], userMetadata={}, status=active, started=Fri Jan 16 00:30:38 PST 1970, user=2e5d4c10-eea0-4513-a28e-21bf1c8ccfdc, metrics=[ txPackets=0, tx=0, rxPackets=0, rx=0, driveMetrics={ide:0:0=[readBytes=0, readRequests=0, writeBytes=0, writeRequests=0]}]]

Tests run: 129, Failures: 1, Errors: 0, Skipped: 4

[INFO] ------------------------------------------------------------------------
[INFO] BUILD FAILURE
[INFO] ------------------------------------------------------------------------
[INFO] Total time: 14:20.683s
[INFO] Finished at: Sun Jan 15 06:57:12 PST 2012
[INFO] Final Memory: 22M/265M
[INFO] ------------------------------------------------------------------------
[ERROR] Failed to execute goal org.apache.maven.plugins:maven-surefire-plugin:2.10:test (integration) on project elastichosts-lon-b: There are test failures.
[ERROR] 
[ERROR] Please refer to /Users/adriancole/workspace/git/jclouds/providers/elastichosts-lon-b/target/surefire-reports for the individual test results.
[ERROR] -> [Help 1]
[ERROR] 
[ERROR] To see the full stack trace of the errors, re-run Maven with the -e switch.
[ERROR] Re-run Maven using the -X switch to enable full debug logging.
[ERROR] 
[ERROR] For more information about the errors and possible solutions, please read the following articles:
[ERROR] [Help 1] http://cwiki.apache.org/confluence/display/MAVEN/MojoFailureException
