-------------------------------------------------------------------------------
Test set: TestSuite
-------------------------------------------------------------------------------
Tests run: 128, Failures: 2, Errors: 0, Skipped: 0, Time elapsed: 1,353.023 sec <<< FAILURE!
testTemplateBuilderCanFind(org.jclouds.go2cloud.compute.Go2CloudJohannesburg1TemplateBuilderLiveTest)  Time elapsed: 0.086 sec  <<< FAILURE!
java.util.NoSuchElementException: no image matched predicate: And(locationEqualsOrChildOf(go2cloud-jhb1),And(osFamily(windows),osVersion(^2008 R2$),os64Bit(true)))
	at org.jclouds.compute.domain.internal.TemplateBuilderImpl.throwNoSuchElementExceptionAfterLoggingImageIds(TemplateBuilderImpl.java:581)
	at org.jclouds.compute.domain.internal.TemplateBuilderImpl.build(TemplateBuilderImpl.java:569)
	at org.jclouds.compute.BaseTemplateBuilderLiveTest.testTemplateBuilderCanFind(BaseTemplateBuilderLiveTest.java:149)
	at sun.reflect.NativeMethodAccessorImpl.invoke0(Native Method)
	at sun.reflect.NativeMethodAccessorImpl.invoke(NativeMethodAccessorImpl.java:39)
	at sun.reflect.DelegatingMethodAccessorImpl.invoke(DelegatingMethodAccessorImpl.java:25)
	at java.lang.reflect.Method.invoke(Method.java:597)
	at org.testng.internal.MethodInvocationHelper.invokeMethod(MethodInvocationHelper.java:76)
	at org.testng.internal.Invoker.invokeMethod(Invoker.java:673)
	at org.testng.internal.Invoker.invokeTestMethod(Invoker.java:846)
	at org.testng.internal.Invoker.invokeTestMethods(Invoker.java:1170)
	at org.testng.internal.TestMethodWorker.invokeTestMethods(TestMethodWorker.java:125)
	at org.testng.internal.TestMethodWorker.run(TestMethodWorker.java:109)
	at org.testng.TestRunner.runWorkers(TestRunner.java:1147)
	at org.testng.TestRunner.privateRun(TestRunner.java:749)
	at org.testng.TestRunner.run(TestRunner.java:600)
	at org.testng.SuiteRunner.runTest(SuiteRunner.java:317)
	at org.testng.SuiteRunner.access$000(SuiteRunner.java:34)
	at org.testng.SuiteRunner$SuiteWorker.run(SuiteRunner.java:351)
	at org.testng.internal.thread.ThreadUtil$CountDownLatchedRunnable.run(ThreadUtil.java:147)
	at java.util.concurrent.ThreadPoolExecutor$Worker.runTask(ThreadPoolExecutor.java:886)
	at java.util.concurrent.ThreadPoolExecutor$Worker.run(ThreadPoolExecutor.java:908)
	at java.lang.Thread.run(Thread.java:680)
testCreateAndRunAService(org.jclouds.go2cloud.compute.Go2CloudJohannesburg1ComputeServiceLiveTest)  Time elapsed: 695.462 sec  <<< FAILURE!
java.lang.RuntimeException: org.jclouds.compute.callables.ScriptStillRunningException: time up waiting 600s for running task[RunScriptOnNodeAsInitScriptUsingSshAndBlockUntilComplete{node=[id=53bdcd86-49fa-49f0-8d7b-92d85c7d838c, providerId=53bdcd86-49fa-49f0-8d7b-92d85c7d838c, group=go2cloud-s, name=go2cloud-s-150, location=[id=go2cloud-jhb1, scope=PROVIDER, description=http://api.jhb1.go2cloud.co.za, parent=null, iso3166Codes=[ZA-GP], metadata={}], uri=null, imageId=null, os=[name=Ubuntu 10.10, family=ubuntu, version=10.10, arch=null, is64Bit=true, description=img/Ubuntu 10.10/1], state=RUNNING, loginPort=22, hostname=null, privateAddresses=[], publicAddresses=[41.73.54.97], hardware=[id=53bdcd86-49fa-49f0-8d7b-92d85c7d838c, providerId=53bdcd86-49fa-49f0-8d7b-92d85c7d838c, name=null, processors=[[cores=1.0, speed=1000.0]], ram=512, volumes=[[[id=null, type=NAS, size=null, device=null, durable=true, isBootDevice=false]]], supportsImage=ALWAYS_TRUE, tags=[]], loginUser=toor, userMetadata={}, tags=[]], name=configure-jboss, runAsRoot=true}] to complete. call get() on this exception to get access to the task in progress
	at com.google.common.base.Throwables.propagate(Throwables.java:156)
	at org.jclouds.compute.callables.RunScriptOnNodeAsInitScriptUsingSshAndBlockUntilComplete.doCall(RunScriptOnNodeAsInitScriptUsingSshAndBlockUntilComplete.java:62)
	at org.jclouds.compute.callables.RunScriptOnNodeAsInitScriptUsingSsh.call(RunScriptOnNodeAsInitScriptUsingSsh.java:91)
	at org.jclouds.compute.internal.BaseComputeService.runScriptOnNode(BaseComputeService.java:557)
	at org.jclouds.compute.BaseComputeServiceLiveTest.testCreateAndRunAService(BaseComputeServiceLiveTest.java:667)
	at sun.reflect.NativeMethodAccessorImpl.invoke0(Native Method)
	at sun.reflect.NativeMethodAccessorImpl.invoke(NativeMethodAccessorImpl.java:39)
	at sun.reflect.DelegatingMethodAccessorImpl.invoke(DelegatingMethodAccessorImpl.java:25)
	at java.lang.reflect.Method.invoke(Method.java:597)
	at org.testng.internal.MethodInvocationHelper.invokeMethod(MethodInvocationHelper.java:76)
	at org.testng.internal.Invoker.invokeMethod(Invoker.java:673)
	at org.testng.internal.Invoker.invokeTestMethod(Invoker.java:846)
	at org.testng.internal.Invoker.invokeTestMethods(Invoker.java:1170)
	at org.testng.internal.TestMethodWorker.invokeTestMethods(TestMethodWorker.java:125)
	at org.testng.internal.TestMethodWorker.run(TestMethodWorker.java:109)
	at org.testng.TestRunner.runWorkers(TestRunner.java:1147)
	at org.testng.TestRunner.privateRun(TestRunner.java:749)
	at org.testng.TestRunner.run(TestRunner.java:600)
	at org.testng.SuiteRunner.runTest(SuiteRunner.java:317)
	at org.testng.SuiteRunner.access$000(SuiteRunner.java:34)
	at org.testng.SuiteRunner$SuiteWorker.run(SuiteRunner.java:351)
	at org.testng.internal.thread.ThreadUtil$CountDownLatchedRunnable.run(ThreadUtil.java:147)
	at java.util.concurrent.ThreadPoolExecutor$Worker.runTask(ThreadPoolExecutor.java:886)
	at java.util.concurrent.ThreadPoolExecutor$Worker.run(ThreadPoolExecutor.java:908)
	at java.lang.Thread.run(Thread.java:680)
Caused by: org.jclouds.compute.callables.ScriptStillRunningException: time up waiting 600s for running task[RunScriptOnNodeAsInitScriptUsingSshAndBlockUntilComplete{node=[id=53bdcd86-49fa-49f0-8d7b-92d85c7d838c, providerId=53bdcd86-49fa-49f0-8d7b-92d85c7d838c, group=go2cloud-s, name=go2cloud-s-150, location=[id=go2cloud-jhb1, scope=PROVIDER, description=http://api.jhb1.go2cloud.co.za, parent=null, iso3166Codes=[ZA-GP], metadata={}], uri=null, imageId=null, os=[name=Ubuntu 10.10, family=ubuntu, version=10.10, arch=null, is64Bit=true, description=img/Ubuntu 10.10/1], state=RUNNING, loginPort=22, hostname=null, privateAddresses=[], publicAddresses=[41.73.54.97], hardware=[id=53bdcd86-49fa-49f0-8d7b-92d85c7d838c, providerId=53bdcd86-49fa-49f0-8d7b-92d85c7d838c, name=null, processors=[[cores=1.0, speed=1000.0]], ram=512, volumes=[[[id=null, type=NAS, size=null, device=null, durable=true, isBootDevice=false]]], supportsImage=ALWAYS_TRUE, tags=[]], loginUser=toor, userMetadata={}, tags=[]], name=configure-jboss, runAsRoot=true}] to complete. call get() on this exception to get access to the task in progress
	at org.jclouds.compute.callables.BlockUntilInitScriptStatusIsZeroThenReturnOutput.get(BlockUntilInitScriptStatusIsZeroThenReturnOutput.java:195)
	at org.jclouds.compute.callables.RunScriptOnNodeAsInitScriptUsingSshAndBlockUntilComplete.doCall(RunScriptOnNodeAsInitScriptUsingSshAndBlockUntilComplete.java:60)
	... 23 more
Caused by: org.jclouds.compute.callables.ScriptStillRunningException: time up waiting 600s for running task[RunScriptOnNodeAsInitScriptUsingSshAndBlockUntilComplete{node=[id=53bdcd86-49fa-49f0-8d7b-92d85c7d838c, providerId=53bdcd86-49fa-49f0-8d7b-92d85c7d838c, group=go2cloud-s, name=go2cloud-s-150, location=[id=go2cloud-jhb1, scope=PROVIDER, description=http://api.jhb1.go2cloud.co.za, parent=null, iso3166Codes=[ZA-GP], metadata={}], uri=null, imageId=null, os=[name=Ubuntu 10.10, family=ubuntu, version=10.10, arch=null, is64Bit=true, description=img/Ubuntu 10.10/1], state=RUNNING, loginPort=22, hostname=null, privateAddresses=[], publicAddresses=[41.73.54.97], hardware=[id=53bdcd86-49fa-49f0-8d7b-92d85c7d838c, providerId=53bdcd86-49fa-49f0-8d7b-92d85c7d838c, name=null, processors=[[cores=1.0, speed=1000.0]], ram=512, volumes=[[[id=null, type=NAS, size=null, device=null, durable=true, isBootDevice=false]]], supportsImage=ALWAYS_TRUE, tags=[]], loginUser=toor, userMetadata={}, tags=[]], name=configure-jboss, runAsRoot=true}] to complete. call get() on this exception to get access to the task in progress
	at org.jclouds.compute.callables.BlockUntilInitScriptStatusIsZeroThenReturnOutput.get(BlockUntilInitScriptStatusIsZeroThenReturnOutput.java:195)
	at org.jclouds.compute.callables.RunScriptOnNodeAsInitScriptUsingSshAndBlockUntilComplete.doCall(RunScriptOnNodeAsInitScriptUsingSshAndBlockUntilComplete.java:60)
	... 23 more
