[INFO] Scanning for projects...
[WARNING] 
[WARNING] Some problems were encountered while building the effective model for org.jclouds.provider:ninefold-compute:bundle:1.3.0-SNAPSHOT
[WARNING] 'parent.relativePath' of POM org.jclouds:jclouds-project:1.3.0-SNAPSHOT (/Users/adriancole/workspace/git/jclouds/project/pom.xml) points at org.jclouds:jclouds-multi instead of org.sonatype.oss:oss-parent, please verify your project structure @ org.jclouds:jclouds-project:1.3.0-SNAPSHOT, /Users/adriancole/workspace/git/jclouds/project/pom.xml, line 24, column 13
[WARNING] 
[WARNING] It is highly recommended to fix these problems because they threaten the stability of your build.
[WARNING] 
[WARNING] For this reason, future Maven versions might no longer support building such malformed projects.
[WARNING] 
[INFO]                                                                         
[INFO] ------------------------------------------------------------------------
[INFO] Building jclouds Ninefold Compute provider 1.3.0-SNAPSHOT
[INFO] ------------------------------------------------------------------------
[INFO] 
[INFO] --- maven-clean-plugin:2.4.1:clean (default-clean) @ ninefold-compute ---
[INFO] Deleting /Users/adriancole/workspace/git/jclouds/providers/ninefold-compute/target
[INFO] 
[INFO] --- maven-enforcer-plugin:1.0.1:enforce (enforce-maven) @ ninefold-compute ---
[INFO] 
[INFO] --- maven-enforcer-plugin:1.0.1:enforce (enforce-banned-dependencies) @ ninefold-compute ---
[INFO] 
[INFO] --- maven-enforcer-plugin:1.0.1:enforce (enforce-java) @ ninefold-compute ---
[INFO] 
[INFO] --- maven-remote-resources-plugin:1.2:process (process-remote-resources) @ ninefold-compute ---
[INFO] Setting property: classpath.resource.loader.class => 'org.codehaus.plexus.velocity.ContextClassLoaderResourceLoader'.
[INFO] Setting property: velocimacro.messages.on => 'false'.
[INFO] Setting property: resource.loader => 'classpath'.
[INFO] Setting property: resource.manager.logwhenfound => 'false'.
[INFO] 
[INFO] --- maven-resources-plugin:2.4.2:resources (default-resources) @ ninefold-compute ---
[INFO] Using 'UTF-8' encoding to copy filtered resources.
[INFO] skip non existing resourceDirectory /Users/adriancole/workspace/git/jclouds/providers/ninefold-compute/src/main/clojure
[INFO] Copying 1 resource
[INFO] Copying 2 resources
[INFO] 
[INFO] --- maven-compiler-plugin:2.3:compile (default-compile) @ ninefold-compute ---
[INFO] Compiling 4 source files to /Users/adriancole/workspace/git/jclouds/providers/ninefold-compute/target/classes
[INFO] 
[INFO] --- maven-resources-plugin:2.4.2:testResources (default-testResources) @ ninefold-compute ---
[INFO] Using 'UTF-8' encoding to copy filtered resources.
[INFO] skip non existing resourceDirectory /Users/adriancole/workspace/git/jclouds/providers/ninefold-compute/src/test/clojure
[INFO] skip non existing resourceDirectory /Users/adriancole/workspace/git/jclouds/providers/ninefold-compute/src/test/resources
[INFO] Copying 2 resources
[INFO] 
[INFO] --- maven-compiler-plugin:2.3:testCompile (default-testCompile) @ ninefold-compute ---
[INFO] Compiling 3 source files to /Users/adriancole/workspace/git/jclouds/providers/ninefold-compute/target/test-classes
[INFO] 
[INFO] --- maven-surefire-plugin:2.10:test (default-test) @ ninefold-compute ---
[INFO] Surefire report directory: /Users/adriancole/workspace/git/jclouds/providers/ninefold-compute/target/surefire-reports
[INFO] Using configured provider org.apache.maven.surefire.testng.TestNGProvider

-------------------------------------------------------
 T E S T S
-------------------------------------------------------
Running org.jclouds.ninefold.compute.NinefoldComputeProviderTest
Starting test testOfTypeContains(org.jclouds.ninefold.compute.NinefoldComputeProviderTest)
Starting test testWithId(org.jclouds.ninefold.compute.NinefoldComputeProviderTest)
Starting test testAllContains(org.jclouds.ninefold.compute.NinefoldComputeProviderTest)
Starting test testInRestProperties(org.jclouds.ninefold.compute.NinefoldComputeProviderTest)
[pool-2-thread-4] Test testWithId(org.jclouds.ninefold.compute.NinefoldComputeProviderTest) succeeded: 111ms
Test suite progress: tests succeeded: 1, failed: 0, skipped: 0.
[pool-2-thread-1] Test testAllContains(org.jclouds.ninefold.compute.NinefoldComputeProviderTest) succeeded: 56ms
Test suite progress: tests succeeded: 2, failed: 0, skipped: 0.
[pool-2-thread-3] Test testOfTypeContains(org.jclouds.ninefold.compute.NinefoldComputeProviderTest) succeeded: 116ms
Test suite progress: tests succeeded: 3, failed: 0, skipped: 0.
[pool-2-thread-2] Test testInRestProperties(org.jclouds.ninefold.compute.NinefoldComputeProviderTest) succeeded: 160ms
Test suite progress: tests succeeded: 4, failed: 0, skipped: 0.
Tests run: 4, Failures: 0, Errors: 0, Skipped: 0, Time elapsed: 1.81 sec

Results :

Tests run: 4, Failures: 0, Errors: 0, Skipped: 0

[INFO] 
[INFO] --- clojure-maven-plugin:1.3.8:test (test-clojure) @ ninefold-compute ---

Testing com.theoryinpractise.clojure.testrunner

Ran 0 tests containing 0 assertions.
0 failures, 0 errors.
[INFO] 
[INFO] --- maven-bundle-plugin:2.3.4:bundle (default-bundle) @ ninefold-compute ---
[INFO] 
[INFO] --- maven-source-plugin:2.1.1:jar-no-fork (attach-sources) @ ninefold-compute ---
[INFO] Building jar: /Users/adriancole/workspace/git/jclouds/providers/ninefold-compute/target/ninefold-compute-1.3.0-SNAPSHOT-sources.jar
[INFO] 
[INFO] --- maven-javadoc-plugin:2.8:jar (javadoc) @ ninefold-compute ---
[INFO] Skipping javadoc generation
[INFO] 
[INFO] --- maven-jar-plugin:2.3.1:test-jar (default) @ ninefold-compute ---
[INFO] Building jar: /Users/adriancole/workspace/git/jclouds/providers/ninefold-compute/target/ninefold-compute-1.3.0-SNAPSHOT-tests.jar
[INFO] 
[INFO] --- maven-surefire-plugin:2.10:test (integration) @ ninefold-compute ---
[INFO] Surefire report directory: /Users/adriancole/workspace/git/jclouds/providers/ninefold-compute/target/surefire-reports
[INFO] Using configured provider org.apache.maven.surefire.testng.TestNGProvider

-------------------------------------------------------
 T E S T S
-------------------------------------------------------
Running TestSuite
Starting test setServiceDefaults(org.jclouds.ninefold.compute.compute.NinefoldComputeServiceLiveTest)
[TestNG] Test setServiceDefaults(org.jclouds.ninefold.compute.compute.NinefoldComputeServiceLiveTest) succeeded: 2ms
Test suite progress: tests succeeded: 1, failed: 0, skipped: 0.
Starting test testCompareSizes(org.jclouds.ninefold.compute.compute.NinefoldComputeServiceLiveTest)
Jan 15, 2012 11:32:57 AM org.jclouds.compute.BaseComputeServiceLiveTest testCompareSizes
INFO: smallest [id=105, providerId=105, name=Compute Micro PRD, processors=[[cores=1.0, speed=1200.0]], ram=384, volumes=[], supportsImage=ALWAYS_TRUE, tags=[]]
Jan 15, 2012 11:32:57 AM org.jclouds.compute.BaseComputeServiceLiveTest testCompareSizes
INFO: fastest [id=70, providerId=70, name=Compute XLarge PRD, processors=[[cores=8.0, speed=1200.0]], ram=13928, volumes=[], supportsImage=ALWAYS_TRUE, tags=[]]
Jan 15, 2012 11:32:57 AM org.jclouds.compute.BaseComputeServiceLiveTest testCompareSizes
INFO: biggest [id=70, providerId=70, name=Compute XLarge PRD, processors=[[cores=8.0, speed=1200.0]], ram=13928, volumes=[], supportsImage=ALWAYS_TRUE, tags=[]]
[TestNG] Test testCompareSizes(org.jclouds.ninefold.compute.compute.NinefoldComputeServiceLiveTest) succeeded: 7717ms
Test suite progress: tests succeeded: 2, failed: 0, skipped: 0.
Starting test testCorrectAuthException(org.jclouds.ninefold.compute.compute.NinefoldComputeServiceLiveTest)
[TestNG] Test testCorrectAuthException(org.jclouds.ninefold.compute.compute.NinefoldComputeServiceLiveTest) succeeded: 1143ms
Test suite progress: tests succeeded: 3, failed: 0, skipped: 0.
Starting test testCreateAndRunAService(org.jclouds.ninefold.compute.compute.NinefoldComputeServiceLiveTest)
Jan 15, 2012 11:45:29 AM org.jclouds.compute.BaseComputeServiceLiveTest testCreateAndRunAService
INFO: << available node(8086) os(null) in 747s
SLF4J: Failed to load class "org.slf4j.impl.StaticLoggerBinder".
SLF4J: Defaulting to no-operation (NOP) logger implementation
SLF4J: See http://www.slf4j.org/codes.html#StaticLoggerBinder for further details.
Jan 15, 2012 11:50:48 AM org.jclouds.compute.BaseComputeServiceLiveTest testCreateAndRunAService
INFO: << configured node(8086) with java full version "1.7.0_02-b13" and JBoss 7.0.2.Final in 306s
Jan 15, 2012 11:50:53 AM org.jclouds.compute.BaseComputeServiceLiveTest getLocationForIp
WARNING: could not get info on ip 209.132.182.31; check freegeoip
Jan 15, 2012 11:50:53 AM org.jclouds.compute.BaseComputeServiceLiveTest testCreateAndRunAService
INFO: << location of jboss7(download.jboss.org) from perpective of node(8086): 209.132.182.31
Jan 15, 2012 11:50:56 AM org.jclouds.compute.BaseComputeServiceLiveTest getLocationForIp
WARNING: could not get info on ip 125.7.102.137; check freegeoip
Jan 15, 2012 11:50:56 AM org.jclouds.compute.BaseComputeServiceLiveTest testCreateAndRunAService
INFO: << location of jdk7(download.oracle.com) from perpective of node(8086): 125.7.102.137
Jan 15, 2012 11:51:00 AM org.jclouds.compute.BaseComputeServiceLiveTest getLocationForIp
WARNING: could not get info on ip 125.7.123.154; check freegeoip
Jan 15, 2012 11:51:00 AM org.jclouds.compute.BaseComputeServiceLiveTest testCreateAndRunAService
INFO: << location of node(8086) from perspective of amazonaws: 125.7.123.154
Jan 15, 2012 11:51:14 AM org.jclouds.compute.BaseComputeServiceLiveTest trackAvailabilityOfProcessOnNode
INFO: << initial start of jboss on node(8086) [backgroundProcessMilliseconds=9091, socketOpenMilliseconds=1760, reportedStartupTimeMilliseconds=3083]
Jan 15, 2012 11:51:25 AM org.jclouds.compute.BaseComputeServiceLiveTest trackAvailabilityOfProcessOnNode
INFO: << warm start of jboss on node(8086) [backgroundProcessMilliseconds=4057, socketOpenMilliseconds=852, reportedStartupTimeMilliseconds=2018]
[TestNG] Test testCreateAndRunAService(org.jclouds.ninefold.compute.compute.NinefoldComputeServiceLiveTest) succeeded: 2120962ms
Test suite progress: tests succeeded: 4, failed: 0, skipped: 0.
Starting test testGetAssignableLocations(org.jclouds.ninefold.compute.compute.NinefoldComputeServiceLiveTest)
Jan 15, 2012 12:08:20 PM org.jclouds.compute.BaseComputeServiceLiveTest testGetAssignableLocations
WARNING: location [id=1, scope=ZONE, description=Sydney, parent=ninefold-compute, iso3166Codes=[], metadata={}]
[TestNG] Test testGetAssignableLocations(org.jclouds.ninefold.compute.compute.NinefoldComputeServiceLiveTest) succeeded: 940ms
Test suite progress: tests succeeded: 5, failed: 0, skipped: 0.
Starting test testImagesCache(org.jclouds.ninefold.compute.compute.NinefoldComputeServiceLiveTest)
[TestNG] Test testImagesCache(org.jclouds.ninefold.compute.compute.NinefoldComputeServiceLiveTest) succeeded: 3561ms
Test suite progress: tests succeeded: 6, failed: 0, skipped: 0.
Starting test testListImages(org.jclouds.ninefold.compute.compute.NinefoldComputeServiceLiveTest)
[TestNG] Test testListImages(org.jclouds.ninefold.compute.compute.NinefoldComputeServiceLiveTest) succeeded: 0ms
Test suite progress: tests succeeded: 7, failed: 0, skipped: 0.
Starting test testListSizes(org.jclouds.ninefold.compute.compute.NinefoldComputeServiceLiveTest)
[TestNG] Test testListSizes(org.jclouds.ninefold.compute.compute.NinefoldComputeServiceLiveTest) succeeded: 942ms
Test suite progress: tests succeeded: 8, failed: 0, skipped: 0.
Starting test testOptionToNotBlock(org.jclouds.ninefold.compute.compute.NinefoldComputeServiceLiveTest)
[TestNG] Test testOptionToNotBlock(org.jclouds.ninefold.compute.compute.NinefoldComputeServiceLiveTest) succeeded: 0ms
Test suite progress: tests succeeded: 9, failed: 0, skipped: 0.
Starting test testAssignability(org.jclouds.ninefold.compute.compute.NinefoldComputeServiceLiveTest)
[TestNG] Test testAssignability(org.jclouds.ninefold.compute.compute.NinefoldComputeServiceLiveTest) succeeded: 109ms
Test suite progress: tests succeeded: 10, failed: 0, skipped: 0.
Starting test testCorrectExceptionRunningNodesNotFound(org.jclouds.ninefold.compute.compute.NinefoldComputeServiceLiveTest)
[TestNG] Test testCorrectExceptionRunningNodesNotFound(org.jclouds.ninefold.compute.compute.NinefoldComputeServiceLiveTest) succeeded: 955ms
Test suite progress: tests succeeded: 11, failed: 0, skipped: 0.
Starting test testAScriptExecutionAfterBootWithBasicTemplate(org.jclouds.ninefold.compute.compute.NinefoldComputeServiceLiveTest)
[TestNG] Test testAScriptExecutionAfterBootWithBasicTemplate(org.jclouds.ninefold.compute.compute.NinefoldComputeServiceLiveTest) failed.
Test suite progress: tests succeeded: 11, failed: 1, skipped: 0.
Starting test testCreateTwoNodesWithRunScript(org.jclouds.ninefold.compute.compute.NinefoldComputeServiceLiveTest)
[TestNG] Test testCreateTwoNodesWithRunScript(org.jclouds.ninefold.compute.compute.NinefoldComputeServiceLiveTest) succeeded: 1982350ms
Test suite progress: tests succeeded: 12, failed: 1, skipped: 0.
Starting test testTemplateMatch(org.jclouds.ninefold.compute.compute.NinefoldComputeServiceLiveTest)
[TestNG] Test testTemplateMatch(org.jclouds.ninefold.compute.compute.NinefoldComputeServiceLiveTest) succeeded: 5304ms
Test suite progress: tests succeeded: 13, failed: 1, skipped: 0.
Starting test testCreateAnotherNodeWithANewContextToEnsureSharedMemIsntRequired(org.jclouds.ninefold.compute.compute.NinefoldComputeServiceLiveTest)
Jan 15, 2012 12:57:50 PM org.jclouds.compute.BaseComputeServiceLiveTest testCreateAnotherNodeWithANewContextToEnsureSharedMemIsntRequired
INFO: creating another node based on existing nodes' location: [id=1, scope=ZONE, description=Sydney, parent=ninefold-compute, iso3166Codes=[], metadata={}]
[TestNG] Test testCreateAnotherNodeWithANewContextToEnsureSharedMemIsntRequired(org.jclouds.ninefold.compute.compute.NinefoldComputeServiceLiveTest) succeeded: 463784ms
Test suite progress: tests succeeded: 14, failed: 1, skipped: 0.
Starting test testCredentialsCache(org.jclouds.ninefold.compute.compute.NinefoldComputeServiceLiveTest)
[TestNG] Test testCredentialsCache(org.jclouds.ninefold.compute.compute.NinefoldComputeServiceLiveTest) succeeded: 102ms
Test suite progress: tests succeeded: 15, failed: 1, skipped: 0.
Starting test testGet(org.jclouds.ninefold.compute.compute.NinefoldComputeServiceLiveTest)
[TestNG] Test testGet(org.jclouds.ninefold.compute.compute.NinefoldComputeServiceLiveTest) succeeded: 11183ms
Test suite progress: tests succeeded: 16, failed: 1, skipped: 0.
Starting test testReboot(org.jclouds.ninefold.compute.compute.NinefoldComputeServiceLiveTest)
[TestNG] Test testReboot(org.jclouds.ninefold.compute.compute.NinefoldComputeServiceLiveTest) succeeded: 300355ms
Test suite progress: tests succeeded: 17, failed: 1, skipped: 0.
Starting test testSuspendResume(org.jclouds.ninefold.compute.compute.NinefoldComputeServiceLiveTest)
[TestNG] Test testSuspendResume(org.jclouds.ninefold.compute.compute.NinefoldComputeServiceLiveTest) succeeded: 354481ms
Test suite progress: tests succeeded: 18, failed: 1, skipped: 0.
Starting test testGetNodesWithDetails(org.jclouds.ninefold.compute.compute.NinefoldComputeServiceLiveTest)
[TestNG] Test testGetNodesWithDetails(org.jclouds.ninefold.compute.compute.NinefoldComputeServiceLiveTest) succeeded: 972ms
Test suite progress: tests succeeded: 19, failed: 1, skipped: 0.
Starting test testListNodes(org.jclouds.ninefold.compute.compute.NinefoldComputeServiceLiveTest)
[TestNG] Test testListNodes(org.jclouds.ninefold.compute.compute.NinefoldComputeServiceLiveTest) succeeded: 980ms
Test suite progress: tests succeeded: 20, failed: 1, skipped: 0.
Starting test testDestroyNodes(org.jclouds.ninefold.compute.compute.NinefoldComputeServiceLiveTest)
[TestNG] Test testDestroyNodes(org.jclouds.ninefold.compute.compute.NinefoldComputeServiceLiveTest) succeeded: 1303917ms
Test suite progress: tests succeeded: 21, failed: 1, skipped: 0.
Starting test testCompareSizes(org.jclouds.ninefold.compute.compute.NinefoldComputeTemplateBuilderLiveTest)
smallest [id=105, providerId=105, name=Compute Micro PRD, processors=[[cores=1.0, speed=1200.0]], ram=384, volumes=[], supportsImage=ALWAYS_TRUE, tags=[]]
fastest [id=70, providerId=70, name=Compute XLarge PRD, processors=[[cores=8.0, speed=1200.0]], ram=13928, volumes=[], supportsImage=ALWAYS_TRUE, tags=[]]
biggest [id=70, providerId=70, name=Compute XLarge PRD, processors=[[cores=8.0, speed=1200.0]], ram=13928, volumes=[], supportsImage=ALWAYS_TRUE, tags=[]]
[TestNG] Test testCompareSizes(org.jclouds.ninefold.compute.compute.NinefoldComputeTemplateBuilderLiveTest) succeeded: 5323ms
Test suite progress: tests succeeded: 22, failed: 1, skipped: 0.
Starting test testFromTemplate(org.jclouds.ninefold.compute.compute.NinefoldComputeTemplateBuilderLiveTest)
[TestNG] Test testFromTemplate(org.jclouds.ninefold.compute.compute.NinefoldComputeTemplateBuilderLiveTest) succeeded: 2ms
Test suite progress: tests succeeded: 23, failed: 1, skipped: 0.
Starting test testGetAssignableLocations(org.jclouds.ninefold.compute.compute.NinefoldComputeTemplateBuilderLiveTest)
location [id=1, scope=ZONE, description=Sydney, parent=ninefold-compute, iso3166Codes=[], metadata={}]
[TestNG] Test testGetAssignableLocations(org.jclouds.ninefold.compute.compute.NinefoldComputeTemplateBuilderLiveTest) succeeded: 8ms
Test suite progress: tests succeeded: 24, failed: 1, skipped: 0.
Starting test testTemplateBuilderCanFind(org.jclouds.ninefold.compute.compute.NinefoldComputeTemplateBuilderLiveTest)
[TestNG] Test testTemplateBuilderCanFind(org.jclouds.ninefold.compute.compute.NinefoldComputeTemplateBuilderLiveTest) succeeded: 1ms
Test suite progress: tests succeeded: 25, failed: 1, skipped: 0.
Starting test testTemplateBuilderCanFind(org.jclouds.ninefold.compute.compute.NinefoldComputeTemplateBuilderLiveTest)
[TestNG] Test testTemplateBuilderCanFind(org.jclouds.ninefold.compute.compute.NinefoldComputeTemplateBuilderLiveTest) succeeded: 1ms
Test suite progress: tests succeeded: 26, failed: 1, skipped: 0.
Starting test testTemplateBuilderCanFind(org.jclouds.ninefold.compute.compute.NinefoldComputeTemplateBuilderLiveTest)
[TestNG] Test testTemplateBuilderCanFind(org.jclouds.ninefold.compute.compute.NinefoldComputeTemplateBuilderLiveTest) succeeded: 1ms
Test suite progress: tests succeeded: 27, failed: 1, skipped: 0.
Starting test testTemplateBuilderCanFind(org.jclouds.ninefold.compute.compute.NinefoldComputeTemplateBuilderLiveTest)
[TestNG] Test testTemplateBuilderCanFind(org.jclouds.ninefold.compute.compute.NinefoldComputeTemplateBuilderLiveTest) succeeded: 0ms
Test suite progress: tests succeeded: 28, failed: 1, skipped: 0.
Starting test testTemplateBuilderCanFind(org.jclouds.ninefold.compute.compute.NinefoldComputeTemplateBuilderLiveTest)
[TestNG] Test testTemplateBuilderCanFind(org.jclouds.ninefold.compute.compute.NinefoldComputeTemplateBuilderLiveTest) succeeded: 1ms
Test suite progress: tests succeeded: 29, failed: 1, skipped: 0.
Starting test testTemplateBuilderCanFind(org.jclouds.ninefold.compute.compute.NinefoldComputeTemplateBuilderLiveTest)
[TestNG] Test testTemplateBuilderCanFind(org.jclouds.ninefold.compute.compute.NinefoldComputeTemplateBuilderLiveTest) succeeded: 1ms
Test suite progress: tests succeeded: 30, failed: 1, skipped: 0.
Starting test testTemplateBuilderCanFind(org.jclouds.ninefold.compute.compute.NinefoldComputeTemplateBuilderLiveTest)
[TestNG] Test testTemplateBuilderCanFind(org.jclouds.ninefold.compute.compute.NinefoldComputeTemplateBuilderLiveTest) succeeded: 0ms
Test suite progress: tests succeeded: 31, failed: 1, skipped: 0.
Starting test testTemplateBuilderCanFind(org.jclouds.ninefold.compute.compute.NinefoldComputeTemplateBuilderLiveTest)
[TestNG] Test testTemplateBuilderCanFind(org.jclouds.ninefold.compute.compute.NinefoldComputeTemplateBuilderLiveTest) succeeded: 0ms
Test suite progress: tests succeeded: 32, failed: 1, skipped: 0.
Starting test testTemplateBuilderCanFind(org.jclouds.ninefold.compute.compute.NinefoldComputeTemplateBuilderLiveTest)
[TestNG] Test testTemplateBuilderCanFind(org.jclouds.ninefold.compute.compute.NinefoldComputeTemplateBuilderLiveTest) succeeded: 1ms
Test suite progress: tests succeeded: 33, failed: 1, skipped: 0.
Starting test testTemplateBuilderCanFind(org.jclouds.ninefold.compute.compute.NinefoldComputeTemplateBuilderLiveTest)
[TestNG] Test testTemplateBuilderCanFind(org.jclouds.ninefold.compute.compute.NinefoldComputeTemplateBuilderLiveTest) succeeded: 0ms
Test suite progress: tests succeeded: 34, failed: 1, skipped: 0.
Starting test testTemplateBuilderCanFind(org.jclouds.ninefold.compute.compute.NinefoldComputeTemplateBuilderLiveTest)
[TestNG] Test testTemplateBuilderCanFind(org.jclouds.ninefold.compute.compute.NinefoldComputeTemplateBuilderLiveTest) succeeded: 1ms
Test suite progress: tests succeeded: 35, failed: 1, skipped: 0.
Starting test testTemplateBuilderCanUseImageId(org.jclouds.ninefold.compute.compute.NinefoldComputeTemplateBuilderLiveTest)
[TestNG] Test testTemplateBuilderCanUseImageId(org.jclouds.ninefold.compute.compute.NinefoldComputeTemplateBuilderLiveTest) succeeded: 5285ms
Test suite progress: tests succeeded: 36, failed: 1, skipped: 0.
Starting test testTemplateBuilderCannotFind(org.jclouds.ninefold.compute.compute.NinefoldComputeTemplateBuilderLiveTest)
[TestNG] Test testTemplateBuilderCannotFind(org.jclouds.ninefold.compute.compute.NinefoldComputeTemplateBuilderLiveTest) succeeded: 2ms
Test suite progress: tests succeeded: 37, failed: 1, skipped: 0.
Starting test testTemplateBuilderCannotFind(org.jclouds.ninefold.compute.compute.NinefoldComputeTemplateBuilderLiveTest)
[TestNG] Test testTemplateBuilderCannotFind(org.jclouds.ninefold.compute.compute.NinefoldComputeTemplateBuilderLiveTest) succeeded: 1ms
Test suite progress: tests succeeded: 38, failed: 1, skipped: 0.
Starting test testTemplateBuilderCannotFind(org.jclouds.ninefold.compute.compute.NinefoldComputeTemplateBuilderLiveTest)
[TestNG] Test testTemplateBuilderCannotFind(org.jclouds.ninefold.compute.compute.NinefoldComputeTemplateBuilderLiveTest) succeeded: 1ms
Test suite progress: tests succeeded: 39, failed: 1, skipped: 0.
Starting test testTemplateBuilderCannotFind(org.jclouds.ninefold.compute.compute.NinefoldComputeTemplateBuilderLiveTest)
[TestNG] Test testTemplateBuilderCannotFind(org.jclouds.ninefold.compute.compute.NinefoldComputeTemplateBuilderLiveTest) succeeded: 0ms
Test suite progress: tests succeeded: 40, failed: 1, skipped: 0.
Starting test testTemplateBuilderCannotFind(org.jclouds.ninefold.compute.compute.NinefoldComputeTemplateBuilderLiveTest)
[TestNG] Test testTemplateBuilderCannotFind(org.jclouds.ninefold.compute.compute.NinefoldComputeTemplateBuilderLiveTest) succeeded: 0ms
Test suite progress: tests succeeded: 41, failed: 1, skipped: 0.
Starting test testTemplateBuilderCannotFind(org.jclouds.ninefold.compute.compute.NinefoldComputeTemplateBuilderLiveTest)
[TestNG] Test testTemplateBuilderCannotFind(org.jclouds.ninefold.compute.compute.NinefoldComputeTemplateBuilderLiveTest) succeeded: 1ms
Test suite progress: tests succeeded: 42, failed: 1, skipped: 0.
Starting test testTemplateBuilderCannotFind(org.jclouds.ninefold.compute.compute.NinefoldComputeTemplateBuilderLiveTest)
[TestNG] Test testTemplateBuilderCannotFind(org.jclouds.ninefold.compute.compute.NinefoldComputeTemplateBuilderLiveTest) succeeded: 0ms
Test suite progress: tests succeeded: 43, failed: 1, skipped: 0.
Starting test testTemplateBuilderCannotFind(org.jclouds.ninefold.compute.compute.NinefoldComputeTemplateBuilderLiveTest)
[TestNG] Test testTemplateBuilderCannotFind(org.jclouds.ninefold.compute.compute.NinefoldComputeTemplateBuilderLiveTest) succeeded: 2ms
Test suite progress: tests succeeded: 44, failed: 1, skipped: 0.
Starting test testTemplateBuilderCannotFind(org.jclouds.ninefold.compute.compute.NinefoldComputeTemplateBuilderLiveTest)
[TestNG] Test testTemplateBuilderCannotFind(org.jclouds.ninefold.compute.compute.NinefoldComputeTemplateBuilderLiveTest) succeeded: 1ms
Test suite progress: tests succeeded: 45, failed: 1, skipped: 0.
Starting test testTemplateBuilderCannotFind(org.jclouds.ninefold.compute.compute.NinefoldComputeTemplateBuilderLiveTest)
[TestNG] Test testTemplateBuilderCannotFind(org.jclouds.ninefold.compute.compute.NinefoldComputeTemplateBuilderLiveTest) succeeded: 1ms
Test suite progress: tests succeeded: 46, failed: 1, skipped: 0.
Starting test testTemplateBuilderCannotFind(org.jclouds.ninefold.compute.compute.NinefoldComputeTemplateBuilderLiveTest)
[TestNG] Test testTemplateBuilderCannotFind(org.jclouds.ninefold.compute.compute.NinefoldComputeTemplateBuilderLiveTest) succeeded: 1ms
Test suite progress: tests succeeded: 47, failed: 1, skipped: 0.
Starting test testTemplateBuilderCannotFind(org.jclouds.ninefold.compute.compute.NinefoldComputeTemplateBuilderLiveTest)
[TestNG] Test testTemplateBuilderCannotFind(org.jclouds.ninefold.compute.compute.NinefoldComputeTemplateBuilderLiveTest) succeeded: 1ms
Test suite progress: tests succeeded: 48, failed: 1, skipped: 0.
Starting test testTemplateBuilderCannotFind(org.jclouds.ninefold.compute.compute.NinefoldComputeTemplateBuilderLiveTest)
[TestNG] Test testTemplateBuilderCannotFind(org.jclouds.ninefold.compute.compute.NinefoldComputeTemplateBuilderLiveTest) succeeded: 1ms
Test suite progress: tests succeeded: 49, failed: 1, skipped: 0.
Starting test testTemplateBuilderCannotFind(org.jclouds.ninefold.compute.compute.NinefoldComputeTemplateBuilderLiveTest)
[TestNG] Test testTemplateBuilderCannotFind(org.jclouds.ninefold.compute.compute.NinefoldComputeTemplateBuilderLiveTest) succeeded: 1ms
Test suite progress: tests succeeded: 50, failed: 1, skipped: 0.
Starting test testTemplateBuilderCannotFind(org.jclouds.ninefold.compute.compute.NinefoldComputeTemplateBuilderLiveTest)
[TestNG] Test testTemplateBuilderCannotFind(org.jclouds.ninefold.compute.compute.NinefoldComputeTemplateBuilderLiveTest) succeeded: 0ms
Test suite progress: tests succeeded: 51, failed: 1, skipped: 0.
Starting test testTemplateBuilderCannotFind(org.jclouds.ninefold.compute.compute.NinefoldComputeTemplateBuilderLiveTest)
[TestNG] Test testTemplateBuilderCannotFind(org.jclouds.ninefold.compute.compute.NinefoldComputeTemplateBuilderLiveTest) succeeded: 1ms
Test suite progress: tests succeeded: 52, failed: 1, skipped: 0.
Starting test testTemplateBuilderCannotFind(org.jclouds.ninefold.compute.compute.NinefoldComputeTemplateBuilderLiveTest)
[TestNG] Test testTemplateBuilderCannotFind(org.jclouds.ninefold.compute.compute.NinefoldComputeTemplateBuilderLiveTest) succeeded: 1ms
Test suite progress: tests succeeded: 53, failed: 1, skipped: 0.
Starting test testTemplateBuilderCannotFind(org.jclouds.ninefold.compute.compute.NinefoldComputeTemplateBuilderLiveTest)
[TestNG] Test testTemplateBuilderCannotFind(org.jclouds.ninefold.compute.compute.NinefoldComputeTemplateBuilderLiveTest) succeeded: 11ms
Test suite progress: tests succeeded: 54, failed: 1, skipped: 0.
Starting test testTemplateBuilderCannotFind(org.jclouds.ninefold.compute.compute.NinefoldComputeTemplateBuilderLiveTest)
[TestNG] Test testTemplateBuilderCannotFind(org.jclouds.ninefold.compute.compute.NinefoldComputeTemplateBuilderLiveTest) succeeded: 1ms
Test suite progress: tests succeeded: 55, failed: 1, skipped: 0.
Starting test testTemplateBuilderCannotFind(org.jclouds.ninefold.compute.compute.NinefoldComputeTemplateBuilderLiveTest)
[TestNG] Test testTemplateBuilderCannotFind(org.jclouds.ninefold.compute.compute.NinefoldComputeTemplateBuilderLiveTest) succeeded: 2ms
Test suite progress: tests succeeded: 56, failed: 1, skipped: 0.
Starting test testTemplateBuilderCannotFind(org.jclouds.ninefold.compute.compute.NinefoldComputeTemplateBuilderLiveTest)
[TestNG] Test testTemplateBuilderCannotFind(org.jclouds.ninefold.compute.compute.NinefoldComputeTemplateBuilderLiveTest) succeeded: 1ms
Test suite progress: tests succeeded: 57, failed: 1, skipped: 0.
Starting test testTemplateBuilderCannotFind(org.jclouds.ninefold.compute.compute.NinefoldComputeTemplateBuilderLiveTest)
[TestNG] Test testTemplateBuilderCannotFind(org.jclouds.ninefold.compute.compute.NinefoldComputeTemplateBuilderLiveTest) succeeded: 1ms
Test suite progress: tests succeeded: 58, failed: 1, skipped: 0.
Starting test testTemplateBuilderCannotFind(org.jclouds.ninefold.compute.compute.NinefoldComputeTemplateBuilderLiveTest)
[TestNG] Test testTemplateBuilderCannotFind(org.jclouds.ninefold.compute.compute.NinefoldComputeTemplateBuilderLiveTest) succeeded: 2ms
Test suite progress: tests succeeded: 59, failed: 1, skipped: 0.
Starting test testTemplateBuilderCannotFind(org.jclouds.ninefold.compute.compute.NinefoldComputeTemplateBuilderLiveTest)
[TestNG] Test testTemplateBuilderCannotFind(org.jclouds.ninefold.compute.compute.NinefoldComputeTemplateBuilderLiveTest) succeeded: 1ms
Test suite progress: tests succeeded: 60, failed: 1, skipped: 0.
Starting test testTemplateBuilderCannotFind(org.jclouds.ninefold.compute.compute.NinefoldComputeTemplateBuilderLiveTest)
[TestNG] Test testTemplateBuilderCannotFind(org.jclouds.ninefold.compute.compute.NinefoldComputeTemplateBuilderLiveTest) succeeded: 1ms
Test suite progress: tests succeeded: 61, failed: 1, skipped: 0.
Starting test testTemplateBuilderCannotFind(org.jclouds.ninefold.compute.compute.NinefoldComputeTemplateBuilderLiveTest)
[TestNG] Test testTemplateBuilderCannotFind(org.jclouds.ninefold.compute.compute.NinefoldComputeTemplateBuilderLiveTest) succeeded: 1ms
Test suite progress: tests succeeded: 62, failed: 1, skipped: 0.
Starting test testTemplateBuilderCannotFind(org.jclouds.ninefold.compute.compute.NinefoldComputeTemplateBuilderLiveTest)
[TestNG] Test testTemplateBuilderCannotFind(org.jclouds.ninefold.compute.compute.NinefoldComputeTemplateBuilderLiveTest) succeeded: 16ms
Test suite progress: tests succeeded: 63, failed: 1, skipped: 0.
Starting test testTemplateBuilderCannotFind(org.jclouds.ninefold.compute.compute.NinefoldComputeTemplateBuilderLiveTest)
[TestNG] Test testTemplateBuilderCannotFind(org.jclouds.ninefold.compute.compute.NinefoldComputeTemplateBuilderLiveTest) succeeded: 0ms
Test suite progress: tests succeeded: 64, failed: 1, skipped: 0.
Starting test testTemplateBuilderCannotFind(org.jclouds.ninefold.compute.compute.NinefoldComputeTemplateBuilderLiveTest)
[TestNG] Test testTemplateBuilderCannotFind(org.jclouds.ninefold.compute.compute.NinefoldComputeTemplateBuilderLiveTest) succeeded: 1ms
Test suite progress: tests succeeded: 65, failed: 1, skipped: 0.
Starting test testTemplateBuilderCannotFind(org.jclouds.ninefold.compute.compute.NinefoldComputeTemplateBuilderLiveTest)
[TestNG] Test testTemplateBuilderCannotFind(org.jclouds.ninefold.compute.compute.NinefoldComputeTemplateBuilderLiveTest) succeeded: 0ms
Test suite progress: tests succeeded: 66, failed: 1, skipped: 0.
Starting test testTemplateBuilderCannotFind(org.jclouds.ninefold.compute.compute.NinefoldComputeTemplateBuilderLiveTest)
[TestNG] Test testTemplateBuilderCannotFind(org.jclouds.ninefold.compute.compute.NinefoldComputeTemplateBuilderLiveTest) succeeded: 0ms
Test suite progress: tests succeeded: 67, failed: 1, skipped: 0.
Starting test testTemplateBuilderCannotFind(org.jclouds.ninefold.compute.compute.NinefoldComputeTemplateBuilderLiveTest)
[TestNG] Test testTemplateBuilderCannotFind(org.jclouds.ninefold.compute.compute.NinefoldComputeTemplateBuilderLiveTest) succeeded: 19ms
Test suite progress: tests succeeded: 68, failed: 1, skipped: 0.
Starting test testTemplateBuilderCannotFind(org.jclouds.ninefold.compute.compute.NinefoldComputeTemplateBuilderLiveTest)
[TestNG] Test testTemplateBuilderCannotFind(org.jclouds.ninefold.compute.compute.NinefoldComputeTemplateBuilderLiveTest) succeeded: 0ms
Test suite progress: tests succeeded: 69, failed: 1, skipped: 0.
Starting test testTemplateBuilderCannotFind(org.jclouds.ninefold.compute.compute.NinefoldComputeTemplateBuilderLiveTest)
[TestNG] Test testTemplateBuilderCannotFind(org.jclouds.ninefold.compute.compute.NinefoldComputeTemplateBuilderLiveTest) succeeded: 0ms
Test suite progress: tests succeeded: 70, failed: 1, skipped: 0.
Starting test testTemplateBuilderCannotFind(org.jclouds.ninefold.compute.compute.NinefoldComputeTemplateBuilderLiveTest)
[TestNG] Test testTemplateBuilderCannotFind(org.jclouds.ninefold.compute.compute.NinefoldComputeTemplateBuilderLiveTest) succeeded: 2ms
Test suite progress: tests succeeded: 71, failed: 1, skipped: 0.
Starting test testTemplateBuilderCannotFind(org.jclouds.ninefold.compute.compute.NinefoldComputeTemplateBuilderLiveTest)
[TestNG] Test testTemplateBuilderCannotFind(org.jclouds.ninefold.compute.compute.NinefoldComputeTemplateBuilderLiveTest) succeeded: 4ms
Test suite progress: tests succeeded: 72, failed: 1, skipped: 0.
Starting test testTemplateBuilderCannotFind(org.jclouds.ninefold.compute.compute.NinefoldComputeTemplateBuilderLiveTest)
[TestNG] Test testTemplateBuilderCannotFind(org.jclouds.ninefold.compute.compute.NinefoldComputeTemplateBuilderLiveTest) succeeded: 0ms
Test suite progress: tests succeeded: 73, failed: 1, skipped: 0.
Starting test testTemplateBuilderCannotFind(org.jclouds.ninefold.compute.compute.NinefoldComputeTemplateBuilderLiveTest)
[TestNG] Test testTemplateBuilderCannotFind(org.jclouds.ninefold.compute.compute.NinefoldComputeTemplateBuilderLiveTest) succeeded: 1ms
Test suite progress: tests succeeded: 74, failed: 1, skipped: 0.
Starting test testTemplateBuilderCannotFind(org.jclouds.ninefold.compute.compute.NinefoldComputeTemplateBuilderLiveTest)
[TestNG] Test testTemplateBuilderCannotFind(org.jclouds.ninefold.compute.compute.NinefoldComputeTemplateBuilderLiveTest) succeeded: 1ms
Test suite progress: tests succeeded: 75, failed: 1, skipped: 0.
Starting test testTemplateBuilderCannotFind(org.jclouds.ninefold.compute.compute.NinefoldComputeTemplateBuilderLiveTest)
[TestNG] Test testTemplateBuilderCannotFind(org.jclouds.ninefold.compute.compute.NinefoldComputeTemplateBuilderLiveTest) succeeded: 2ms
Test suite progress: tests succeeded: 76, failed: 1, skipped: 0.
Starting test testTemplateBuilderCannotFind(org.jclouds.ninefold.compute.compute.NinefoldComputeTemplateBuilderLiveTest)
[TestNG] Test testTemplateBuilderCannotFind(org.jclouds.ninefold.compute.compute.NinefoldComputeTemplateBuilderLiveTest) succeeded: 0ms
Test suite progress: tests succeeded: 77, failed: 1, skipped: 0.
Starting test testTemplateBuilderCannotFind(org.jclouds.ninefold.compute.compute.NinefoldComputeTemplateBuilderLiveTest)
[TestNG] Test testTemplateBuilderCannotFind(org.jclouds.ninefold.compute.compute.NinefoldComputeTemplateBuilderLiveTest) succeeded: 0ms
Test suite progress: tests succeeded: 78, failed: 1, skipped: 0.
Starting test testTemplateBuilderCannotFind(org.jclouds.ninefold.compute.compute.NinefoldComputeTemplateBuilderLiveTest)
[TestNG] Test testTemplateBuilderCannotFind(org.jclouds.ninefold.compute.compute.NinefoldComputeTemplateBuilderLiveTest) succeeded: 1ms
Test suite progress: tests succeeded: 79, failed: 1, skipped: 0.
Starting test testTemplateBuilderCannotFind(org.jclouds.ninefold.compute.compute.NinefoldComputeTemplateBuilderLiveTest)
[TestNG] Test testTemplateBuilderCannotFind(org.jclouds.ninefold.compute.compute.NinefoldComputeTemplateBuilderLiveTest) succeeded: 2ms
Test suite progress: tests succeeded: 80, failed: 1, skipped: 0.
Starting test testTemplateBuilderCannotFind(org.jclouds.ninefold.compute.compute.NinefoldComputeTemplateBuilderLiveTest)
[TestNG] Test testTemplateBuilderCannotFind(org.jclouds.ninefold.compute.compute.NinefoldComputeTemplateBuilderLiveTest) succeeded: 0ms
Test suite progress: tests succeeded: 81, failed: 1, skipped: 0.
Starting test testTemplateBuilderCannotFind(org.jclouds.ninefold.compute.compute.NinefoldComputeTemplateBuilderLiveTest)
[TestNG] Test testTemplateBuilderCannotFind(org.jclouds.ninefold.compute.compute.NinefoldComputeTemplateBuilderLiveTest) succeeded: 1ms
Test suite progress: tests succeeded: 82, failed: 1, skipped: 0.
Starting test testTemplateBuilderCannotFind(org.jclouds.ninefold.compute.compute.NinefoldComputeTemplateBuilderLiveTest)
[TestNG] Test testTemplateBuilderCannotFind(org.jclouds.ninefold.compute.compute.NinefoldComputeTemplateBuilderLiveTest) succeeded: 0ms
Test suite progress: tests succeeded: 83, failed: 1, skipped: 0.
Starting test testTemplateBuilderCannotFind(org.jclouds.ninefold.compute.compute.NinefoldComputeTemplateBuilderLiveTest)
[TestNG] Test testTemplateBuilderCannotFind(org.jclouds.ninefold.compute.compute.NinefoldComputeTemplateBuilderLiveTest) succeeded: 1ms
Test suite progress: tests succeeded: 84, failed: 1, skipped: 0.
Starting test testTemplateBuilderCannotFind(org.jclouds.ninefold.compute.compute.NinefoldComputeTemplateBuilderLiveTest)
[TestNG] Test testTemplateBuilderCannotFind(org.jclouds.ninefold.compute.compute.NinefoldComputeTemplateBuilderLiveTest) succeeded: 2ms
Test suite progress: tests succeeded: 85, failed: 1, skipped: 0.
Starting test testTemplateBuilderCannotFind(org.jclouds.ninefold.compute.compute.NinefoldComputeTemplateBuilderLiveTest)
[TestNG] Test testTemplateBuilderCannotFind(org.jclouds.ninefold.compute.compute.NinefoldComputeTemplateBuilderLiveTest) succeeded: 1ms
Test suite progress: tests succeeded: 86, failed: 1, skipped: 0.
Starting test testTemplateBuilderCannotFind(org.jclouds.ninefold.compute.compute.NinefoldComputeTemplateBuilderLiveTest)
[TestNG] Test testTemplateBuilderCannotFind(org.jclouds.ninefold.compute.compute.NinefoldComputeTemplateBuilderLiveTest) succeeded: 1ms
Test suite progress: tests succeeded: 87, failed: 1, skipped: 0.
Starting test testTemplateBuilderCannotFind(org.jclouds.ninefold.compute.compute.NinefoldComputeTemplateBuilderLiveTest)
[TestNG] Test testTemplateBuilderCannotFind(org.jclouds.ninefold.compute.compute.NinefoldComputeTemplateBuilderLiveTest) succeeded: 2ms
Test suite progress: tests succeeded: 88, failed: 1, skipped: 0.
Starting test testTemplateBuilderCannotFind(org.jclouds.ninefold.compute.compute.NinefoldComputeTemplateBuilderLiveTest)
[TestNG] Test testTemplateBuilderCannotFind(org.jclouds.ninefold.compute.compute.NinefoldComputeTemplateBuilderLiveTest) succeeded: 1ms
Test suite progress: tests succeeded: 89, failed: 1, skipped: 0.
Starting test testTemplateBuilderCannotFind(org.jclouds.ninefold.compute.compute.NinefoldComputeTemplateBuilderLiveTest)
[TestNG] Test testTemplateBuilderCannotFind(org.jclouds.ninefold.compute.compute.NinefoldComputeTemplateBuilderLiveTest) succeeded: 0ms
Test suite progress: tests succeeded: 90, failed: 1, skipped: 0.
Starting test testTemplateBuilderCannotFind(org.jclouds.ninefold.compute.compute.NinefoldComputeTemplateBuilderLiveTest)
[TestNG] Test testTemplateBuilderCannotFind(org.jclouds.ninefold.compute.compute.NinefoldComputeTemplateBuilderLiveTest) succeeded: 2ms
Test suite progress: tests succeeded: 91, failed: 1, skipped: 0.
Starting test testTemplateBuilderCannotFind(org.jclouds.ninefold.compute.compute.NinefoldComputeTemplateBuilderLiveTest)
[TestNG] Test testTemplateBuilderCannotFind(org.jclouds.ninefold.compute.compute.NinefoldComputeTemplateBuilderLiveTest) succeeded: 2ms
Test suite progress: tests succeeded: 92, failed: 1, skipped: 0.
Starting test testTemplateBuilderCannotFind(org.jclouds.ninefold.compute.compute.NinefoldComputeTemplateBuilderLiveTest)
[TestNG] Test testTemplateBuilderCannotFind(org.jclouds.ninefold.compute.compute.NinefoldComputeTemplateBuilderLiveTest) succeeded: 0ms
Test suite progress: tests succeeded: 93, failed: 1, skipped: 0.
Starting test testTemplateBuilderCannotFind(org.jclouds.ninefold.compute.compute.NinefoldComputeTemplateBuilderLiveTest)
[TestNG] Test testTemplateBuilderCannotFind(org.jclouds.ninefold.compute.compute.NinefoldComputeTemplateBuilderLiveTest) succeeded: 1ms
Test suite progress: tests succeeded: 94, failed: 1, skipped: 0.
Starting test testTemplateBuilderCannotFind(org.jclouds.ninefold.compute.compute.NinefoldComputeTemplateBuilderLiveTest)
[TestNG] Test testTemplateBuilderCannotFind(org.jclouds.ninefold.compute.compute.NinefoldComputeTemplateBuilderLiveTest) succeeded: 0ms
Test suite progress: tests succeeded: 95, failed: 1, skipped: 0.
Starting test testTemplateBuilderCannotFind(org.jclouds.ninefold.compute.compute.NinefoldComputeTemplateBuilderLiveTest)
[TestNG] Test testTemplateBuilderCannotFind(org.jclouds.ninefold.compute.compute.NinefoldComputeTemplateBuilderLiveTest) succeeded: 1ms
Test suite progress: tests succeeded: 96, failed: 1, skipped: 0.
Starting test testTemplateBuilderCannotFind(org.jclouds.ninefold.compute.compute.NinefoldComputeTemplateBuilderLiveTest)
[TestNG] Test testTemplateBuilderCannotFind(org.jclouds.ninefold.compute.compute.NinefoldComputeTemplateBuilderLiveTest) succeeded: 0ms
Test suite progress: tests succeeded: 97, failed: 1, skipped: 0.
Starting test testTemplateBuilderCannotFind(org.jclouds.ninefold.compute.compute.NinefoldComputeTemplateBuilderLiveTest)
[TestNG] Test testTemplateBuilderCannotFind(org.jclouds.ninefold.compute.compute.NinefoldComputeTemplateBuilderLiveTest) succeeded: 1ms
Test suite progress: tests succeeded: 98, failed: 1, skipped: 0.
Starting test testTemplateBuilderCannotFind(org.jclouds.ninefold.compute.compute.NinefoldComputeTemplateBuilderLiveTest)
[TestNG] Test testTemplateBuilderCannotFind(org.jclouds.ninefold.compute.compute.NinefoldComputeTemplateBuilderLiveTest) succeeded: 1ms
Test suite progress: tests succeeded: 99, failed: 1, skipped: 0.
Starting test testTemplateBuilderCannotFind(org.jclouds.ninefold.compute.compute.NinefoldComputeTemplateBuilderLiveTest)
[TestNG] Test testTemplateBuilderCannotFind(org.jclouds.ninefold.compute.compute.NinefoldComputeTemplateBuilderLiveTest) succeeded: 0ms
Test suite progress: tests succeeded: 100, failed: 1, skipped: 0.
Starting test testTemplateBuilderCannotFind(org.jclouds.ninefold.compute.compute.NinefoldComputeTemplateBuilderLiveTest)
[TestNG] Test testTemplateBuilderCannotFind(org.jclouds.ninefold.compute.compute.NinefoldComputeTemplateBuilderLiveTest) succeeded: 1ms
Test suite progress: tests succeeded: 101, failed: 1, skipped: 0.
Starting test testTemplateBuilderCannotFind(org.jclouds.ninefold.compute.compute.NinefoldComputeTemplateBuilderLiveTest)
[TestNG] Test testTemplateBuilderCannotFind(org.jclouds.ninefold.compute.compute.NinefoldComputeTemplateBuilderLiveTest) succeeded: 0ms
Test suite progress: tests succeeded: 102, failed: 1, skipped: 0.
Starting test testTemplateBuilderCannotFind(org.jclouds.ninefold.compute.compute.NinefoldComputeTemplateBuilderLiveTest)
[TestNG] Test testTemplateBuilderCannotFind(org.jclouds.ninefold.compute.compute.NinefoldComputeTemplateBuilderLiveTest) succeeded: 0ms
Test suite progress: tests succeeded: 103, failed: 1, skipped: 0.
Starting test testTemplateBuilderCannotFind(org.jclouds.ninefold.compute.compute.NinefoldComputeTemplateBuilderLiveTest)
[TestNG] Test testTemplateBuilderCannotFind(org.jclouds.ninefold.compute.compute.NinefoldComputeTemplateBuilderLiveTest) succeeded: 0ms
Test suite progress: tests succeeded: 104, failed: 1, skipped: 0.
Starting test testTemplateBuilderCannotFind(org.jclouds.ninefold.compute.compute.NinefoldComputeTemplateBuilderLiveTest)
[TestNG] Test testTemplateBuilderCannotFind(org.jclouds.ninefold.compute.compute.NinefoldComputeTemplateBuilderLiveTest) succeeded: 1ms
Test suite progress: tests succeeded: 105, failed: 1, skipped: 0.
Starting test testTemplateBuilderCannotFind(org.jclouds.ninefold.compute.compute.NinefoldComputeTemplateBuilderLiveTest)
[TestNG] Test testTemplateBuilderCannotFind(org.jclouds.ninefold.compute.compute.NinefoldComputeTemplateBuilderLiveTest) succeeded: 1ms
Test suite progress: tests succeeded: 106, failed: 1, skipped: 0.
Starting test testTemplateBuilderCannotFind(org.jclouds.ninefold.compute.compute.NinefoldComputeTemplateBuilderLiveTest)
[TestNG] Test testTemplateBuilderCannotFind(org.jclouds.ninefold.compute.compute.NinefoldComputeTemplateBuilderLiveTest) succeeded: 0ms
Test suite progress: tests succeeded: 107, failed: 1, skipped: 0.
Starting test testTemplateBuilderCannotFind(org.jclouds.ninefold.compute.compute.NinefoldComputeTemplateBuilderLiveTest)
[TestNG] Test testTemplateBuilderCannotFind(org.jclouds.ninefold.compute.compute.NinefoldComputeTemplateBuilderLiveTest) succeeded: 1ms
Test suite progress: tests succeeded: 108, failed: 1, skipped: 0.
Starting test testTemplateBuilderCannotFind(org.jclouds.ninefold.compute.compute.NinefoldComputeTemplateBuilderLiveTest)
[TestNG] Test testTemplateBuilderCannotFind(org.jclouds.ninefold.compute.compute.NinefoldComputeTemplateBuilderLiveTest) succeeded: 0ms
Test suite progress: tests succeeded: 109, failed: 1, skipped: 0.
Starting test testTemplateBuilderWithImageIdSpecified(org.jclouds.ninefold.compute.compute.NinefoldComputeTemplateBuilderLiveTest)
[TestNG] Test testTemplateBuilderWithImageIdSpecified(org.jclouds.ninefold.compute.compute.NinefoldComputeTemplateBuilderLiveTest) succeeded: 10344ms
Test suite progress: tests succeeded: 110, failed: 1, skipped: 0.
Starting test testTemplateBuilderWithLoginUserSpecified(org.jclouds.ninefold.compute.compute.NinefoldComputeTemplateBuilderLiveTest)
[TestNG] Test testTemplateBuilderWithLoginUserSpecified(org.jclouds.ninefold.compute.compute.NinefoldComputeTemplateBuilderLiveTest) succeeded: 10518ms
Test suite progress: tests succeeded: 111, failed: 1, skipped: 0.
Starting test testDefaultTemplateBuilder(org.jclouds.ninefold.compute.compute.NinefoldComputeTemplateBuilderLiveTest)
[TestNG] Test testDefaultTemplateBuilder(org.jclouds.ninefold.compute.compute.NinefoldComputeTemplateBuilderLiveTest) succeeded: 2ms
Test suite progress: tests succeeded: 112, failed: 1, skipped: 0.
Tests run: 113, Failures: 1, Errors: 0, Skipped: 0, Time elapsed: 7,572.807 sec <<< FAILURE!

Results :

Failed tests:   testAScriptExecutionAfterBootWithBasicTemplate(org.jclouds.ninefold.compute.compute.NinefoldComputeServiceLiveTest)

Tests run: 113, Failures: 1, Errors: 0, Skipped: 0

[INFO] ------------------------------------------------------------------------
[INFO] BUILD FAILURE
[INFO] ------------------------------------------------------------------------
[INFO] Total time: 2:06:45.609s
[INFO] Finished at: Sun Jan 15 13:38:59 PST 2012
[INFO] Final Memory: 21M/265M
[INFO] ------------------------------------------------------------------------
[ERROR] Failed to execute goal org.apache.maven.plugins:maven-surefire-plugin:2.10:test (integration) on project ninefold-compute: There are test failures.
[ERROR] 
[ERROR] Please refer to /Users/adriancole/workspace/git/jclouds/providers/ninefold-compute/target/surefire-reports for the individual test results.
[ERROR] -> [Help 1]
[ERROR] 
[ERROR] To see the full stack trace of the errors, re-run Maven with the -e switch.
[ERROR] Re-run Maven using the -X switch to enable full debug logging.
[ERROR] 
[ERROR] For more information about the errors and possible solutions, please read the following articles:
[ERROR] [Help 1] http://cwiki.apache.org/confluence/display/MAVEN/MojoFailureException
