[INFO] Scanning for projects...
[WARNING] 
[WARNING] Some problems were encountered while building the effective model for org.jclouds.api:swift:bundle:1.3.0-SNAPSHOT
[WARNING] 'parent.relativePath' of POM org.jclouds:jclouds-project:1.3.0-SNAPSHOT (/Users/adriancole/git/jclouds/project/pom.xml) points at org.jclouds:jclouds-multi instead of org.sonatype.oss:oss-parent, please verify your project structure @ org.jclouds:jclouds-project:1.3.0-SNAPSHOT, /Users/adriancole/git/jclouds/project/pom.xml, line 24, column 13
[WARNING] 
[WARNING] It is highly recommended to fix these problems because they threaten the stability of your build.
[WARNING] 
[WARNING] For this reason, future Maven versions might no longer support building such malformed projects.
[WARNING] 
[INFO]                                                                         
[INFO] ------------------------------------------------------------------------
[INFO] Building jcloud swift api 1.3.0-SNAPSHOT
[INFO] ------------------------------------------------------------------------
[INFO] 
[INFO] --- maven-clean-plugin:2.4.1:clean (default-clean) @ swift ---
[INFO] Deleting /Users/adriancole/git/jclouds/apis/swift/target
[INFO] 
[INFO] --- maven-enforcer-plugin:1.0.1:enforce (enforce-maven) @ swift ---
[INFO] 
[INFO] --- maven-enforcer-plugin:1.0.1:enforce (enforce-banned-dependencies) @ swift ---
[INFO] 
[INFO] --- maven-enforcer-plugin:1.0.1:enforce (enforce-java) @ swift ---
[INFO] 
[INFO] --- maven-remote-resources-plugin:1.2:process (process-remote-resources) @ swift ---
[INFO] Setting property: classpath.resource.loader.class => 'org.codehaus.plexus.velocity.ContextClassLoaderResourceLoader'.
[INFO] Setting property: velocimacro.messages.on => 'false'.
[INFO] Setting property: resource.loader => 'classpath'.
[INFO] Setting property: resource.manager.logwhenfound => 'false'.
[INFO] 
[INFO] --- maven-resources-plugin:2.4.2:resources (default-resources) @ swift ---
[INFO] Using 'UTF-8' encoding to copy filtered resources.
[INFO] skip non existing resourceDirectory /Users/adriancole/git/jclouds/apis/swift/src/main/clojure
[INFO] skip non existing resourceDirectory /Users/adriancole/git/jclouds/apis/swift/src/main/resources
[INFO] Copying 2 resources
[INFO] 
[INFO] --- maven-compiler-plugin:2.3:compile (default-compile) @ swift ---
[INFO] Compiling 42 source files to /Users/adriancole/git/jclouds/apis/swift/target/classes
[INFO] 
[INFO] --- maven-resources-plugin:2.4.2:testResources (default-testResources) @ swift ---
[INFO] Using 'UTF-8' encoding to copy filtered resources.
[INFO] skip non existing resourceDirectory /Users/adriancole/git/jclouds/apis/swift/src/test/clojure
[INFO] Copying 2 resources
[INFO] Copying 2 resources
[INFO] 
[INFO] --- maven-compiler-plugin:2.3:testCompile (default-testCompile) @ swift ---
[INFO] Compiling 23 source files to /Users/adriancole/git/jclouds/apis/swift/target/test-classes
[INFO] 
[INFO] --- maven-surefire-plugin:2.10:test (default-test) @ swift ---
[INFO] Surefire report directory: /Users/adriancole/git/jclouds/apis/swift/target/surefire-reports
[INFO] Using configured provider org.apache.maven.surefire.testng.TestNGProvider

-------------------------------------------------------
 T E S T S
-------------------------------------------------------
Running TestSuite
Starting test testMarkerNPE(org.jclouds.openstack.swift.options.ListContainerOptionsTest)
Starting test testAssignability(org.jclouds.openstack.swift.options.ListContainerOptionsTest)
Starting test testMarker(org.jclouds.openstack.swift.options.ListContainerOptionsTest)
Starting test testMarkerStatic(org.jclouds.openstack.swift.options.ListContainerOptionsTest)
Starting test testMaxKeys(org.jclouds.openstack.swift.options.ListContainerOptionsTest)
[pool-2-thread-1] Test testAssignability(org.jclouds.openstack.swift.options.ListContainerOptionsTest) succeeded: 9ms
Test suite progress: tests succeeded: 1, failed: 0, skipped: 0.
Starting test testMaxKeysNegative(org.jclouds.openstack.swift.options.ListContainerOptionsTest)
[pool-2-thread-1] Test testMaxKeysNegative(org.jclouds.openstack.swift.options.ListContainerOptionsTest) succeeded: 13ms
Test suite progress: tests succeeded: 2, failed: 0, skipped: 0.
[pool-2-thread-3] Test testMarkerNPE(org.jclouds.openstack.swift.options.ListContainerOptionsTest) succeeded: 23ms
Test suite progress: tests succeeded: 3, failed: 0, skipped: 0.
Starting test testMaxKeysStatic(org.jclouds.openstack.swift.options.ListContainerOptionsTest)
Starting test testNoOptionsQueryString(org.jclouds.openstack.swift.options.ListContainerOptionsTest)
[pool-2-thread-3] Test testNoOptionsQueryString(org.jclouds.openstack.swift.options.ListContainerOptionsTest) succeeded: 2ms
Test suite progress: tests succeeded: 4, failed: 0, skipped: 0.
Starting test testNullMarker(org.jclouds.openstack.swift.options.ListContainerOptionsTest)
[pool-2-thread-1] Test testMaxKeysStatic(org.jclouds.openstack.swift.options.ListContainerOptionsTest) succeeded: 8ms
Test suite progress: tests succeeded: 5, failed: 0, skipped: 0.
[pool-2-thread-3] Test testNullMarker(org.jclouds.openstack.swift.options.ListContainerOptionsTest) succeeded: 5ms
Test suite progress: tests succeeded: 6, failed: 0, skipped: 0.
[pool-2-thread-4] Test testMarkerStatic(org.jclouds.openstack.swift.options.ListContainerOptionsTest) succeeded: 31ms
Test suite progress: tests succeeded: 7, failed: 0, skipped: 0.
Starting test testNullMaxKeys(org.jclouds.openstack.swift.options.ListContainerOptionsTest)
[pool-2-thread-2] Test testMarker(org.jclouds.openstack.swift.options.ListContainerOptionsTest) succeeded: 31ms
Starting test testNullPath(org.jclouds.openstack.swift.options.ListContainerOptionsTest)
Test suite progress: tests succeeded: 8, failed: 0, skipped: 0.
[pool-2-thread-5] Test testMaxKeys(org.jclouds.openstack.swift.options.ListContainerOptionsTest) succeeded: 32ms
Test suite progress: tests succeeded: 9, failed: 0, skipped: 0.
Starting test testNullPrefix(org.jclouds.openstack.swift.options.ListContainerOptionsTest)
[pool-2-thread-3] Test testNullPath(org.jclouds.openstack.swift.options.ListContainerOptionsTest) succeeded: 0ms
Test suite progress: tests succeeded: 10, failed: 0, skipped: 0.
[pool-2-thread-1] Test testNullMaxKeys(org.jclouds.openstack.swift.options.ListContainerOptionsTest) succeeded: 1ms
Starting test testOneOptionQueryString(org.jclouds.openstack.swift.options.ListContainerOptionsTest)
Test suite progress: tests succeeded: 11, failed: 0, skipped: 0.
[pool-2-thread-4] Test testNullPrefix(org.jclouds.openstack.swift.options.ListContainerOptionsTest) succeeded: 0ms
Starting test testPath(org.jclouds.openstack.swift.options.ListContainerOptionsTest)
Starting test testPathNPE(org.jclouds.openstack.swift.options.ListContainerOptionsTest)
Test suite progress: tests succeeded: 12, failed: 0, skipped: 0.
[pool-2-thread-2] Test testOneOptionQueryString(org.jclouds.openstack.swift.options.ListContainerOptionsTest) succeeded: 0ms
Starting test testPathStatic(org.jclouds.openstack.swift.options.ListContainerOptionsTest)
Test suite progress: tests succeeded: 13, failed: 0, skipped: 0.
[pool-2-thread-3] Test testPathNPE(org.jclouds.openstack.swift.options.ListContainerOptionsTest) succeeded: 0ms
Test suite progress: tests succeeded: 14, failed: 0, skipped: 0.
[pool-2-thread-5] Test testPath(org.jclouds.openstack.swift.options.ListContainerOptionsTest) succeeded: 0ms
Starting test testPrefix(org.jclouds.openstack.swift.options.ListContainerOptionsTest)
Test suite progress: tests succeeded: 15, failed: 0, skipped: 0.
[pool-2-thread-1] Test testPathStatic(org.jclouds.openstack.swift.options.ListContainerOptionsTest) succeeded: 1ms
Starting test testPrefixAndPathUrlEncodingQueryString(org.jclouds.openstack.swift.options.ListContainerOptionsTest)
Test suite progress: tests succeeded: 16, failed: 0, skipped: 0.
Starting test testPrefixNPE(org.jclouds.openstack.swift.options.ListContainerOptionsTest)
[pool-2-thread-4] Test testPrefix(org.jclouds.openstack.swift.options.ListContainerOptionsTest) succeeded: 0ms
Test suite progress: tests succeeded: 17, failed: 0, skipped: 0.
[pool-2-thread-2] Test testPrefixAndPathUrlEncodingQueryString(org.jclouds.openstack.swift.options.ListContainerOptionsTest) succeeded: 0ms
Starting test testPrefixStatic(org.jclouds.openstack.swift.options.ListContainerOptionsTest)
Test suite progress: tests succeeded: 18, failed: 0, skipped: 0.
Starting test testTwoOptionQueryString(org.jclouds.openstack.swift.options.ListContainerOptionsTest)
[pool-2-thread-3] Test testPrefixNPE(org.jclouds.openstack.swift.options.ListContainerOptionsTest) succeeded: 0ms
Test suite progress: tests succeeded: 19, failed: 0, skipped: 0.
[pool-2-thread-5] Test testPrefixStatic(org.jclouds.openstack.swift.options.ListContainerOptionsTest) succeeded: 0ms
Starting test testReplaceLocalhost(org.jclouds.openstack.functions.ParseAuthenticationResponseFromHeadersTest)
Test suite progress: tests succeeded: 20, failed: 0, skipped: 0.
Starting test testApplyInputStream(org.jclouds.openstack.swift.functions.ParseContainerListFromJsonResponseTest)
[pool-2-thread-1] Test testTwoOptionQueryString(org.jclouds.openstack.swift.options.ListContainerOptionsTest) succeeded: 0ms
Test suite progress: tests succeeded: 21, failed: 0, skipped: 0.
Starting test testEtagCaseIssue(org.jclouds.openstack.swift.functions.ParseObjectInfoFromHeadersTest)
Starting test testApplyInputStream(org.jclouds.openstack.swift.domain.internal.ParseObjectInfoListFromJsonResponseTest)
Starting test test404SetsContainerNotFoundExceptionMosso(org.jclouds.openstack.swift.handlers.ParseSwiftErrorFromHttpResponseTest)
[pool-2-thread-1] Test test404SetsContainerNotFoundExceptionMosso(org.jclouds.openstack.swift.handlers.ParseSwiftErrorFromHttpResponseTest) succeeded: 137ms
Test suite progress: tests succeeded: 22, failed: 0, skipped: 0.
[pool-2-thread-4] Test testReplaceLocalhost(org.jclouds.openstack.functions.ParseAuthenticationResponseFromHeadersTest) succeeded: 138ms
Test suite progress: tests succeeded: 23, failed: 0, skipped: 0.
Starting test test404SetsContainerNotFoundExceptionSwift(org.jclouds.openstack.swift.handlers.ParseSwiftErrorFromHttpResponseTest)
Starting test test404SetsKeyNotFoundExceptionMosso(org.jclouds.openstack.swift.handlers.ParseSwiftErrorFromHttpResponseTest)
[pool-2-thread-1] Test test404SetsContainerNotFoundExceptionSwift(org.jclouds.openstack.swift.handlers.ParseSwiftErrorFromHttpResponseTest) succeeded: 1ms
Test suite progress: tests succeeded: 24, failed: 0, skipped: 0.
[pool-2-thread-4] Test test404SetsKeyNotFoundExceptionMosso(org.jclouds.openstack.swift.handlers.ParseSwiftErrorFromHttpResponseTest) succeeded: 1ms
Test suite progress: tests succeeded: 25, failed: 0, skipped: 0.
Starting test test404SetsKeyNotFoundExceptionSwift(org.jclouds.openstack.swift.handlers.ParseSwiftErrorFromHttpResponseTest)
[pool-2-thread-1] Test test404SetsKeyNotFoundExceptionSwift(org.jclouds.openstack.swift.handlers.ParseSwiftErrorFromHttpResponseTest) succeeded: 1ms
Test suite progress: tests succeeded: 26, failed: 0, skipped: 0.
[pool-2-thread-2] Test testApplyInputStream(org.jclouds.openstack.swift.functions.ParseContainerListFromJsonResponseTest) succeeded: 210ms
Test suite progress: tests succeeded: 27, failed: 0, skipped: 0.
[pool-2-thread-3] Test testEtagCaseIssue(org.jclouds.openstack.swift.functions.ParseObjectInfoFromHeadersTest) succeeded: 218ms
Test suite progress: tests succeeded: 28, failed: 0, skipped: 0.
[pool-2-thread-5] Test testApplyInputStream(org.jclouds.openstack.swift.domain.internal.ParseObjectInfoListFromJsonResponseTest) succeeded: 228ms
Test suite progress: tests succeeded: 29, failed: 0, skipped: 0.
Starting test testExtendedPropertiesBind(org.jclouds.openstack.swift.binders.BindSwiftObjectMetadataToRequestTest)
Starting test testNoContentLengthIsChunked(org.jclouds.openstack.swift.binders.BindSwiftObjectMetadataToRequestTest)
Starting test testNullIsBad(org.jclouds.openstack.swift.binders.BindSwiftObjectMetadataToRequestTest)
Starting test testNoNameIsBad(org.jclouds.openstack.swift.binders.BindSwiftObjectMetadataToRequestTest)
Starting test testMustBeSwiftObject(org.jclouds.openstack.swift.binders.BindSwiftObjectMetadataToRequestTest)
[pool-3-thread-5] Test testNullIsBad(org.jclouds.openstack.swift.binders.BindSwiftObjectMetadataToRequestTest) succeeded: 7ms
Test suite progress: tests succeeded: 30, failed: 0, skipped: 0.
[pool-3-thread-4] Test testNoNameIsBad(org.jclouds.openstack.swift.binders.BindSwiftObjectMetadataToRequestTest) succeeded: 7ms
Test suite progress: tests succeeded: 31, failed: 0, skipped: 0.
[pool-3-thread-2] Test testMustBeSwiftObject(org.jclouds.openstack.swift.binders.BindSwiftObjectMetadataToRequestTest) succeeded: 7ms
Test suite progress: tests succeeded: 32, failed: 0, skipped: 0.
Starting test testOver5GBIsBad(org.jclouds.openstack.swift.binders.BindSwiftObjectMetadataToRequestTest)
Starting test testPassWithMinimumDetailsAndPayload5GB(org.jclouds.openstack.swift.binders.BindSwiftObjectMetadataToRequestTest)
[pool-3-thread-5] Test testOver5GBIsBad(org.jclouds.openstack.swift.binders.BindSwiftObjectMetadataToRequestTest) succeeded: 0ms
Test suite progress: tests succeeded: 33, failed: 0, skipped: 0.
[pool-3-thread-3] Test testNoContentLengthIsChunked(org.jclouds.openstack.swift.binders.BindSwiftObjectMetadataToRequestTest) succeeded: 13ms
Test suite progress: tests succeeded: 34, failed: 0, skipped: 0.
[pool-3-thread-4] Test testPassWithMinimumDetailsAndPayload5GB(org.jclouds.openstack.swift.binders.BindSwiftObjectMetadataToRequestTest) succeeded: 6ms
Test suite progress: tests succeeded: 35, failed: 0, skipped: 0.
[pool-3-thread-1] Test testExtendedPropertiesBind(org.jclouds.openstack.swift.binders.BindSwiftObjectMetadataToRequestTest) succeeded: 14ms
Test suite progress: tests succeeded: 36, failed: 0, skipped: 0.
Starting test testSignRemoveBlob(org.jclouds.openstack.swift.blobstore.SwiftBlobRequestSignerTest)
Starting test testSignGetBlob(org.jclouds.openstack.swift.blobstore.SwiftBlobRequestSignerTest)
Starting test testSignPutBlob(org.jclouds.openstack.swift.blobstore.SwiftBlobRequestSignerTest)
[pool-4-thread-1] Test testSignGetBlob(org.jclouds.openstack.swift.blobstore.SwiftBlobRequestSignerTest) succeeded: 30ms
Test suite progress: tests succeeded: 37, failed: 0, skipped: 0.
[pool-4-thread-2] Test testSignPutBlob(org.jclouds.openstack.swift.blobstore.SwiftBlobRequestSignerTest) succeeded: 30ms
Test suite progress: tests succeeded: 38, failed: 0, skipped: 0.
[pool-4-thread-3] Test testSignRemoveBlob(org.jclouds.openstack.swift.blobstore.SwiftBlobRequestSignerTest) succeeded: 30ms
Test suite progress: tests succeeded: 39, failed: 0, skipped: 0.
Tests run: 39, Failures: 0, Errors: 0, Skipped: 0, Time elapsed: 1.377 sec

Results :

Tests run: 39, Failures: 0, Errors: 0, Skipped: 0

[INFO] 
[INFO] --- clojure-maven-plugin:1.3.8:test (test-clojure) @ swift ---

Testing com.theoryinpractise.clojure.testrunner

Ran 0 tests containing 0 assertions.
0 failures, 0 errors.
[INFO] 
[INFO] --- maven-bundle-plugin:2.3.4:bundle (default-bundle) @ swift ---
[INFO] 
[INFO] --- maven-source-plugin:2.1.1:jar-no-fork (attach-sources) @ swift ---
[INFO] Building jar: /Users/adriancole/git/jclouds/apis/swift/target/swift-1.3.0-SNAPSHOT-sources.jar
[INFO] 
[INFO] --- maven-javadoc-plugin:2.8:jar (javadoc) @ swift ---
[INFO] Skipping javadoc generation
[INFO] 
[INFO] --- maven-jar-plugin:2.3.1:test-jar (default) @ swift ---
[INFO] Building jar: /Users/adriancole/git/jclouds/apis/swift/target/swift-1.3.0-SNAPSHOT-tests.jar
[INFO] 
[INFO] --- maven-surefire-plugin:2.10:test (integration) @ swift ---
[INFO] Surefire report directory: /Users/adriancole/git/jclouds/apis/swift/target/surefire-reports
[INFO] Using configured provider org.apache.maven.surefire.testng.TestNGProvider

-------------------------------------------------------
 T E S T S
-------------------------------------------------------
Running TestSuite
*** containers to test: [adriancole-blobstore0, adriancole-blobstore1, adriancole-blobstore2, adriancole-blobstore3, adriancole-blobstore4, adriancole-blobstore5, adriancole-blobstore6, adriancole-blobstore7, adriancole-blobstore8, adriancole-blobstore9]
Starting test blobNotFound(org.jclouds.openstack.swift.blobstore.integration.SwiftBlobIntegrationLiveTest)
[TestNG] Test blobNotFound(org.jclouds.openstack.swift.blobstore.integration.SwiftBlobIntegrationLiveTest) succeeded: 576ms
Test suite progress: tests succeeded: 1, failed: 0, skipped: 0.
Starting test deleteObject(org.jclouds.openstack.swift.blobstore.integration.SwiftBlobIntegrationLiveTest)
[TestNG] Test deleteObject(org.jclouds.openstack.swift.blobstore.integration.SwiftBlobIntegrationLiveTest) succeeded: 1047ms
Test suite progress: tests succeeded: 2, failed: 0, skipped: 0.
Starting test deleteObject(org.jclouds.openstack.swift.blobstore.integration.SwiftBlobIntegrationLiveTest)
[TestNG] Test deleteObject(org.jclouds.openstack.swift.blobstore.integration.SwiftBlobIntegrationLiveTest) succeeded: 909ms
Test suite progress: tests succeeded: 3, failed: 0, skipped: 0.
Starting test deleteObject(org.jclouds.openstack.swift.blobstore.integration.SwiftBlobIntegrationLiveTest)
[TestNG] Test deleteObject(org.jclouds.openstack.swift.blobstore.integration.SwiftBlobIntegrationLiveTest) succeeded: 932ms
Test suite progress: tests succeeded: 4, failed: 0, skipped: 0.
Starting test deleteObject(org.jclouds.openstack.swift.blobstore.integration.SwiftBlobIntegrationLiveTest)
[TestNG] Test deleteObject(org.jclouds.openstack.swift.blobstore.integration.SwiftBlobIntegrationLiveTest) succeeded: 974ms
Test suite progress: tests succeeded: 5, failed: 0, skipped: 0.
Starting test deleteObject(org.jclouds.openstack.swift.blobstore.integration.SwiftBlobIntegrationLiveTest)
[TestNG] Test deleteObject(org.jclouds.openstack.swift.blobstore.integration.SwiftBlobIntegrationLiveTest) succeeded: 1308ms
Test suite progress: tests succeeded: 6, failed: 0, skipped: 0.
Starting test deleteObject(org.jclouds.openstack.swift.blobstore.integration.SwiftBlobIntegrationLiveTest)
[TestNG] Test deleteObject(org.jclouds.openstack.swift.blobstore.integration.SwiftBlobIntegrationLiveTest) succeeded: 901ms
Test suite progress: tests succeeded: 7, failed: 0, skipped: 0.
Starting test deleteObject(org.jclouds.openstack.swift.blobstore.integration.SwiftBlobIntegrationLiveTest)
[TestNG] Test deleteObject(org.jclouds.openstack.swift.blobstore.integration.SwiftBlobIntegrationLiveTest) succeeded: 1014ms
Test suite progress: tests succeeded: 8, failed: 0, skipped: 0.
Starting test deleteObject(org.jclouds.openstack.swift.blobstore.integration.SwiftBlobIntegrationLiveTest)
[TestNG] Test deleteObject(org.jclouds.openstack.swift.blobstore.integration.SwiftBlobIntegrationLiveTest) succeeded: 985ms
Test suite progress: tests succeeded: 9, failed: 0, skipped: 0.
Starting test deleteObject(org.jclouds.openstack.swift.blobstore.integration.SwiftBlobIntegrationLiveTest)
[TestNG] Test deleteObject(org.jclouds.openstack.swift.blobstore.integration.SwiftBlobIntegrationLiveTest) succeeded: 1150ms
Test suite progress: tests succeeded: 10, failed: 0, skipped: 0.
Starting test deleteObject(org.jclouds.openstack.swift.blobstore.integration.SwiftBlobIntegrationLiveTest)
[TestNG] Test deleteObject(org.jclouds.openstack.swift.blobstore.integration.SwiftBlobIntegrationLiveTest) succeeded: 980ms
Test suite progress: tests succeeded: 11, failed: 0, skipped: 0.
Starting test deleteObjectNoContainer(org.jclouds.openstack.swift.blobstore.integration.SwiftBlobIntegrationLiveTest)
[TestNG] Test deleteObjectNoContainer(org.jclouds.openstack.swift.blobstore.integration.SwiftBlobIntegrationLiveTest) succeeded: 148ms
Test suite progress: tests succeeded: 12, failed: 0, skipped: 0.
Starting test deleteObjectNotFound(org.jclouds.openstack.swift.blobstore.integration.SwiftBlobIntegrationLiveTest)
[TestNG] Test deleteObjectNotFound(org.jclouds.openstack.swift.blobstore.integration.SwiftBlobIntegrationLiveTest) succeeded: 666ms
Test suite progress: tests succeeded: 13, failed: 0, skipped: 0.
Starting test testBigFileGets(org.jclouds.openstack.swift.blobstore.integration.SwiftBlobIntegrationLiveTest)
[TestNG] Test testBigFileGets(org.jclouds.openstack.swift.blobstore.integration.SwiftBlobIntegrationLiveTest) succeeded: 25388ms
Test suite progress: tests succeeded: 14, failed: 0, skipped: 0.
Starting test testGetIfMatch(org.jclouds.openstack.swift.blobstore.integration.SwiftBlobIntegrationLiveTest)
[TestNG] Test testGetIfMatch(org.jclouds.openstack.swift.blobstore.integration.SwiftBlobIntegrationLiveTest) succeeded: 1517ms
Test suite progress: tests succeeded: 15, failed: 0, skipped: 0.
Starting test testGetIfModifiedSince(org.jclouds.openstack.swift.blobstore.integration.SwiftBlobIntegrationLiveTest)
[TestNG] Test testGetIfModifiedSince(org.jclouds.openstack.swift.blobstore.integration.SwiftBlobIntegrationLiveTest) failed.
Test suite progress: tests succeeded: 15, failed: 1, skipped: 0.
Starting test testGetIfNoneMatch(org.jclouds.openstack.swift.blobstore.integration.SwiftBlobIntegrationLiveTest)
[TestNG] Test testGetIfNoneMatch(org.jclouds.openstack.swift.blobstore.integration.SwiftBlobIntegrationLiveTest) succeeded: 2578ms
Test suite progress: tests succeeded: 16, failed: 1, skipped: 0.
Starting test testGetIfUnmodifiedSince(org.jclouds.openstack.swift.blobstore.integration.SwiftBlobIntegrationLiveTest)
[TestNG] Test testGetIfUnmodifiedSince(org.jclouds.openstack.swift.blobstore.integration.SwiftBlobIntegrationLiveTest) succeeded: 1758ms
Test suite progress: tests succeeded: 17, failed: 1, skipped: 0.
Starting test testGetRange(org.jclouds.openstack.swift.blobstore.integration.SwiftBlobIntegrationLiveTest)
[TestNG] Test testGetRange(org.jclouds.openstack.swift.blobstore.integration.SwiftBlobIntegrationLiveTest) succeeded: 1293ms
Test suite progress: tests succeeded: 18, failed: 1, skipped: 0.
Starting test testMetadata(org.jclouds.openstack.swift.blobstore.integration.SwiftBlobIntegrationLiveTest)
[TestNG] Test testMetadata(org.jclouds.openstack.swift.blobstore.integration.SwiftBlobIntegrationLiveTest) succeeded: 1463ms
Test suite progress: tests succeeded: 19, failed: 1, skipped: 0.
Starting test testPutFileParallel(org.jclouds.openstack.swift.blobstore.integration.SwiftBlobIntegrationLiveTest)
[TestNG] Test testPutFileParallel(org.jclouds.openstack.swift.blobstore.integration.SwiftBlobIntegrationLiveTest) succeeded: 30408ms
Test suite progress: tests succeeded: 20, failed: 1, skipped: 0.
Starting test testPutObject(org.jclouds.openstack.swift.blobstore.integration.SwiftBlobIntegrationLiveTest)
[TestNG] Test testPutObject(org.jclouds.openstack.swift.blobstore.integration.SwiftBlobIntegrationLiveTest) succeeded: 1158ms
Test suite progress: tests succeeded: 21, failed: 1, skipped: 0.
Starting test testPutObject(org.jclouds.openstack.swift.blobstore.integration.SwiftBlobIntegrationLiveTest)
[TestNG] Test testPutObject(org.jclouds.openstack.swift.blobstore.integration.SwiftBlobIntegrationLiveTest) succeeded: 999ms
Test suite progress: tests succeeded: 22, failed: 1, skipped: 0.
Starting test testPutObject(org.jclouds.openstack.swift.blobstore.integration.SwiftBlobIntegrationLiveTest)
[TestNG] Test testPutObject(org.jclouds.openstack.swift.blobstore.integration.SwiftBlobIntegrationLiveTest) succeeded: 1357ms
Test suite progress: tests succeeded: 23, failed: 1, skipped: 0.
Starting test testPutObjectStream(org.jclouds.openstack.swift.blobstore.integration.SwiftBlobIntegrationLiveTest)
[TestNG] Test testPutObjectStream(org.jclouds.openstack.swift.blobstore.integration.SwiftBlobIntegrationLiveTest) succeeded: 1318ms
Test suite progress: tests succeeded: 24, failed: 1, skipped: 0.
Starting test testCopyUrl(org.jclouds.openstack.swift.blobstore.integration.SwiftBlobLiveTest)
[TestNG] Test testCopyUrl(org.jclouds.openstack.swift.blobstore.integration.SwiftBlobLiveTest) failed.
Test suite progress: tests succeeded: 24, failed: 2, skipped: 0.
Starting test testContains(org.jclouds.openstack.swift.blobstore.integration.SwiftBlobMapIntegrationLiveTest)
[TestNG] Test testContains(org.jclouds.openstack.swift.blobstore.integration.SwiftBlobMapIntegrationLiveTest) succeeded: 1360ms
Test suite progress: tests succeeded: 25, failed: 2, skipped: 0.
Starting test testEntrySet(org.jclouds.openstack.swift.blobstore.integration.SwiftBlobMapIntegrationLiveTest)
[TestNG] Test testEntrySet(org.jclouds.openstack.swift.blobstore.integration.SwiftBlobMapIntegrationLiveTest) succeeded: 4557ms
Test suite progress: tests succeeded: 26, failed: 2, skipped: 0.
Starting test testPut(org.jclouds.openstack.swift.blobstore.integration.SwiftBlobMapIntegrationLiveTest)
[TestNG] Test testPut(org.jclouds.openstack.swift.blobstore.integration.SwiftBlobMapIntegrationLiveTest) succeeded: 1970ms
Test suite progress: tests succeeded: 27, failed: 2, skipped: 0.
Starting test testPutAll(org.jclouds.openstack.swift.blobstore.integration.SwiftBlobMapIntegrationLiveTest)
[TestNG] Test testPutAll(org.jclouds.openstack.swift.blobstore.integration.SwiftBlobMapIntegrationLiveTest) succeeded: 1888ms
Test suite progress: tests succeeded: 28, failed: 2, skipped: 0.
Starting test testPutMoreThanSingleListing(org.jclouds.openstack.swift.blobstore.integration.SwiftBlobMapIntegrationLiveTest)
[TestNG] Test testPutMoreThanSingleListing(org.jclouds.openstack.swift.blobstore.integration.SwiftBlobMapIntegrationLiveTest) succeeded: 6812ms
Test suite progress: tests succeeded: 29, failed: 2, skipped: 0.
Starting test testRemove(org.jclouds.openstack.swift.blobstore.integration.SwiftBlobMapIntegrationLiveTest)
[TestNG] Test testRemove(org.jclouds.openstack.swift.blobstore.integration.SwiftBlobMapIntegrationLiveTest) succeeded: 1736ms
Test suite progress: tests succeeded: 30, failed: 2, skipped: 0.
Starting test testValues(org.jclouds.openstack.swift.blobstore.integration.SwiftBlobMapIntegrationLiveTest)
[TestNG] Test testValues(org.jclouds.openstack.swift.blobstore.integration.SwiftBlobMapIntegrationLiveTest) succeeded: 2958ms
Test suite progress: tests succeeded: 31, failed: 2, skipped: 0.
Starting test testClear(org.jclouds.openstack.swift.blobstore.integration.SwiftBlobMapIntegrationLiveTest)
[TestNG] Test testClear(org.jclouds.openstack.swift.blobstore.integration.SwiftBlobMapIntegrationLiveTest) succeeded: 2083ms
Test suite progress: tests succeeded: 32, failed: 2, skipped: 0.
Starting test testContainsKey(org.jclouds.openstack.swift.blobstore.integration.SwiftBlobMapIntegrationLiveTest)
[TestNG] Test testContainsKey(org.jclouds.openstack.swift.blobstore.integration.SwiftBlobMapIntegrationLiveTest) succeeded: 1447ms
Test suite progress: tests succeeded: 33, failed: 2, skipped: 0.
Starting test testDirectory(org.jclouds.openstack.swift.blobstore.integration.SwiftBlobMapIntegrationLiveTest)
[TestNG] Test testDirectory(org.jclouds.openstack.swift.blobstore.integration.SwiftBlobMapIntegrationLiveTest) succeeded: 18683ms
Test suite progress: tests succeeded: 34, failed: 2, skipped: 0.
Starting test testIsEmpty(org.jclouds.openstack.swift.blobstore.integration.SwiftBlobMapIntegrationLiveTest)
[TestNG] Test testIsEmpty(org.jclouds.openstack.swift.blobstore.integration.SwiftBlobMapIntegrationLiveTest) succeeded: 1382ms
Test suite progress: tests succeeded: 35, failed: 2, skipped: 0.
Starting test testKeySet(org.jclouds.openstack.swift.blobstore.integration.SwiftBlobMapIntegrationLiveTest)
[TestNG] Test testKeySet(org.jclouds.openstack.swift.blobstore.integration.SwiftBlobMapIntegrationLiveTest) succeeded: 1925ms
Test suite progress: tests succeeded: 36, failed: 2, skipped: 0.
Starting test testListContainer(org.jclouds.openstack.swift.blobstore.integration.SwiftBlobMapIntegrationLiveTest)
[TestNG] Test testListContainer(org.jclouds.openstack.swift.blobstore.integration.SwiftBlobMapIntegrationLiveTest) succeeded: 899ms
Test suite progress: tests succeeded: 37, failed: 2, skipped: 0.
Starting test testSignGetUrl(org.jclouds.openstack.swift.blobstore.integration.SwiftBlobSignerLiveTest)
[TestNG] Test testSignGetUrl(org.jclouds.openstack.swift.blobstore.integration.SwiftBlobSignerLiveTest) succeeded: 1527ms
Test suite progress: tests succeeded: 38, failed: 2, skipped: 0.
Starting test testSignGetUrlOptions(org.jclouds.openstack.swift.blobstore.integration.SwiftBlobSignerLiveTest)
[TestNG] Test testSignGetUrlOptions(org.jclouds.openstack.swift.blobstore.integration.SwiftBlobSignerLiveTest) succeeded: 870ms
Test suite progress: tests succeeded: 39, failed: 2, skipped: 0.
Starting test testSignPutUrl(org.jclouds.openstack.swift.blobstore.integration.SwiftBlobSignerLiveTest)
[TestNG] Test testSignPutUrl(org.jclouds.openstack.swift.blobstore.integration.SwiftBlobSignerLiveTest) succeeded: 740ms
Test suite progress: tests succeeded: 40, failed: 2, skipped: 0.
Starting test testSignRemoveUrl(org.jclouds.openstack.swift.blobstore.integration.SwiftBlobSignerLiveTest)
[TestNG] Test testSignRemoveUrl(org.jclouds.openstack.swift.blobstore.integration.SwiftBlobSignerLiveTest) succeeded: 2502ms
Test suite progress: tests succeeded: 41, failed: 2, skipped: 0.
Starting test containerDoesntExist(org.jclouds.openstack.swift.blobstore.integration.SwiftContainerIntegrationLiveTest)
[TestNG] Test containerDoesntExist(org.jclouds.openstack.swift.blobstore.integration.SwiftContainerIntegrationLiveTest) succeeded: 283ms
Test suite progress: tests succeeded: 42, failed: 2, skipped: 0.
Starting test containerExists(org.jclouds.openstack.swift.blobstore.integration.SwiftContainerIntegrationLiveTest)
[TestNG] Test containerExists(org.jclouds.openstack.swift.blobstore.integration.SwiftContainerIntegrationLiveTest) succeeded: 594ms
Test suite progress: tests succeeded: 43, failed: 2, skipped: 0.
Starting test deleteContainerIfEmpty(org.jclouds.openstack.swift.blobstore.integration.SwiftContainerIntegrationLiveTest)
*** allocated new container adriancole-blobstore2...
[TestNG] Test deleteContainerIfEmpty(org.jclouds.openstack.swift.blobstore.integration.SwiftContainerIntegrationLiveTest) succeeded: 1916ms
Test suite progress: tests succeeded: 44, failed: 2, skipped: 0.
Starting test deleteContainerWithContents(org.jclouds.openstack.swift.blobstore.integration.SwiftContainerIntegrationLiveTest)
*** allocated new container adriancole-blobstore3...
[TestNG] Test deleteContainerWithContents(org.jclouds.openstack.swift.blobstore.integration.SwiftContainerIntegrationLiveTest) succeeded: 4685ms
Test suite progress: tests succeeded: 45, failed: 2, skipped: 0.
Starting test testClearWhenContentsUnderPath(org.jclouds.openstack.swift.blobstore.integration.SwiftContainerIntegrationLiveTest)
[TestNG] Test testClearWhenContentsUnderPath(org.jclouds.openstack.swift.blobstore.integration.SwiftContainerIntegrationLiveTest) succeeded: 6372ms
Test suite progress: tests succeeded: 46, failed: 2, skipped: 0.
Starting test testDirectory(org.jclouds.openstack.swift.blobstore.integration.SwiftContainerIntegrationLiveTest)
[TestNG] Test testDirectory(org.jclouds.openstack.swift.blobstore.integration.SwiftContainerIntegrationLiveTest) succeeded: 17096ms
Test suite progress: tests succeeded: 47, failed: 2, skipped: 0.
Starting test testListContainer(org.jclouds.openstack.swift.blobstore.integration.SwiftContainerIntegrationLiveTest)
[TestNG] Test testListContainer(org.jclouds.openstack.swift.blobstore.integration.SwiftContainerIntegrationLiveTest) succeeded: 4184ms
Test suite progress: tests succeeded: 48, failed: 2, skipped: 0.
Starting test testListContainerMarker(org.jclouds.openstack.swift.blobstore.integration.SwiftContainerIntegrationLiveTest)
[TestNG] Test testListContainerMarker(org.jclouds.openstack.swift.blobstore.integration.SwiftContainerIntegrationLiveTest) succeeded: 9339ms
Test suite progress: tests succeeded: 49, failed: 2, skipped: 0.
Starting test testListContainerMaxResults(org.jclouds.openstack.swift.blobstore.integration.SwiftContainerIntegrationLiveTest)
[TestNG] Test testListContainerMaxResults(org.jclouds.openstack.swift.blobstore.integration.SwiftContainerIntegrationLiveTest) succeeded: 5054ms
Test suite progress: tests succeeded: 50, failed: 2, skipped: 0.
Starting test testListContainerPrefix(org.jclouds.openstack.swift.blobstore.integration.SwiftContainerIntegrationLiveTest)
[TestNG] Test testListContainerPrefix(org.jclouds.openstack.swift.blobstore.integration.SwiftContainerIntegrationLiveTest) succeeded: 7993ms
Test suite progress: tests succeeded: 51, failed: 2, skipped: 0.
Starting test testListRootUsesDelimiter(org.jclouds.openstack.swift.blobstore.integration.SwiftContainerIntegrationLiveTest)
[TestNG] Test testListRootUsesDelimiter(org.jclouds.openstack.swift.blobstore.integration.SwiftContainerIntegrationLiveTest) succeeded: 8978ms
Test suite progress: tests succeeded: 52, failed: 2, skipped: 0.
Starting test testPutTwiceIsOkAndDoesntOverwrite(org.jclouds.openstack.swift.blobstore.integration.SwiftContainerIntegrationLiveTest)
[TestNG] Test testPutTwiceIsOkAndDoesntOverwrite(org.jclouds.openstack.swift.blobstore.integration.SwiftContainerIntegrationLiveTest) succeeded: 1051ms
Test suite progress: tests succeeded: 53, failed: 2, skipped: 0.
Starting test testWithDetails(org.jclouds.openstack.swift.blobstore.integration.SwiftContainerIntegrationLiveTest)
[TestNG] Test testWithDetails(org.jclouds.openstack.swift.blobstore.integration.SwiftContainerIntegrationLiveTest) succeeded: 1264ms
Test suite progress: tests succeeded: 54, failed: 2, skipped: 0.
Starting test testContainsBytesValue(org.jclouds.openstack.swift.blobstore.integration.SwiftInputStreamMapIntegrationLiveTest)
[TestNG] Test testContainsBytesValue(org.jclouds.openstack.swift.blobstore.integration.SwiftInputStreamMapIntegrationLiveTest) succeeded: 904ms
Test suite progress: tests succeeded: 55, failed: 2, skipped: 0.
Starting test testContainsFileValue(org.jclouds.openstack.swift.blobstore.integration.SwiftInputStreamMapIntegrationLiveTest)
[TestNG] Test testContainsFileValue(org.jclouds.openstack.swift.blobstore.integration.SwiftInputStreamMapIntegrationLiveTest) succeeded: 1322ms
Test suite progress: tests succeeded: 56, failed: 2, skipped: 0.
Starting test testContainsInputStreamValue(org.jclouds.openstack.swift.blobstore.integration.SwiftInputStreamMapIntegrationLiveTest)
[TestNG] Test testContainsInputStreamValue(org.jclouds.openstack.swift.blobstore.integration.SwiftInputStreamMapIntegrationLiveTest) succeeded: 1944ms
Test suite progress: tests succeeded: 57, failed: 2, skipped: 0.
Starting test testContainsStringValue(org.jclouds.openstack.swift.blobstore.integration.SwiftInputStreamMapIntegrationLiveTest)
[TestNG] Test testContainsStringValue(org.jclouds.openstack.swift.blobstore.integration.SwiftInputStreamMapIntegrationLiveTest) succeeded: 1466ms
Test suite progress: tests succeeded: 58, failed: 2, skipped: 0.
Starting test testEntrySet(org.jclouds.openstack.swift.blobstore.integration.SwiftInputStreamMapIntegrationLiveTest)
[TestNG] Test testEntrySet(org.jclouds.openstack.swift.blobstore.integration.SwiftInputStreamMapIntegrationLiveTest) succeeded: 6684ms
Test suite progress: tests succeeded: 59, failed: 2, skipped: 0.
Starting test testPut(org.jclouds.openstack.swift.blobstore.integration.SwiftInputStreamMapIntegrationLiveTest)
[TestNG] Test testPut(org.jclouds.openstack.swift.blobstore.integration.SwiftInputStreamMapIntegrationLiveTest) succeeded: 4193ms
Test suite progress: tests succeeded: 60, failed: 2, skipped: 0.
Starting test testPutAll(org.jclouds.openstack.swift.blobstore.integration.SwiftInputStreamMapIntegrationLiveTest)
[TestNG] Test testPutAll(org.jclouds.openstack.swift.blobstore.integration.SwiftInputStreamMapIntegrationLiveTest) succeeded: 1817ms
Test suite progress: tests succeeded: 61, failed: 2, skipped: 0.
Starting test testPutAllBytes(org.jclouds.openstack.swift.blobstore.integration.SwiftInputStreamMapIntegrationLiveTest)
[TestNG] Test testPutAllBytes(org.jclouds.openstack.swift.blobstore.integration.SwiftInputStreamMapIntegrationLiveTest) succeeded: 1832ms
Test suite progress: tests succeeded: 62, failed: 2, skipped: 0.
Starting test testPutAllFiles(org.jclouds.openstack.swift.blobstore.integration.SwiftInputStreamMapIntegrationLiveTest)
[TestNG] Test testPutAllFiles(org.jclouds.openstack.swift.blobstore.integration.SwiftInputStreamMapIntegrationLiveTest) succeeded: 1911ms
Test suite progress: tests succeeded: 63, failed: 2, skipped: 0.
Starting test testPutAllStrings(org.jclouds.openstack.swift.blobstore.integration.SwiftInputStreamMapIntegrationLiveTest)
[TestNG] Test testPutAllStrings(org.jclouds.openstack.swift.blobstore.integration.SwiftInputStreamMapIntegrationLiveTest) succeeded: 1883ms
Test suite progress: tests succeeded: 64, failed: 2, skipped: 0.
Starting test testPutBytes(org.jclouds.openstack.swift.blobstore.integration.SwiftInputStreamMapIntegrationLiveTest)
[TestNG] Test testPutBytes(org.jclouds.openstack.swift.blobstore.integration.SwiftInputStreamMapIntegrationLiveTest) succeeded: 2314ms
Test suite progress: tests succeeded: 65, failed: 2, skipped: 0.
Starting test testPutFile(org.jclouds.openstack.swift.blobstore.integration.SwiftInputStreamMapIntegrationLiveTest)
[TestNG] Test testPutFile(org.jclouds.openstack.swift.blobstore.integration.SwiftInputStreamMapIntegrationLiveTest) succeeded: 2070ms
Test suite progress: tests succeeded: 66, failed: 2, skipped: 0.
Starting test testPutMoreThanSingleListing(org.jclouds.openstack.swift.blobstore.integration.SwiftInputStreamMapIntegrationLiveTest)
[TestNG] Test testPutMoreThanSingleListing(org.jclouds.openstack.swift.blobstore.integration.SwiftInputStreamMapIntegrationLiveTest) succeeded: 5017ms
Test suite progress: tests succeeded: 67, failed: 2, skipped: 0.
Starting test testPutString(org.jclouds.openstack.swift.blobstore.integration.SwiftInputStreamMapIntegrationLiveTest)
[TestNG] Test testPutString(org.jclouds.openstack.swift.blobstore.integration.SwiftInputStreamMapIntegrationLiveTest) succeeded: 2117ms
Test suite progress: tests succeeded: 68, failed: 2, skipped: 0.
Starting test testRemove(org.jclouds.openstack.swift.blobstore.integration.SwiftInputStreamMapIntegrationLiveTest)
[TestNG] Test testRemove(org.jclouds.openstack.swift.blobstore.integration.SwiftInputStreamMapIntegrationLiveTest) succeeded: 2223ms
Test suite progress: tests succeeded: 69, failed: 2, skipped: 0.
Starting test testValues(org.jclouds.openstack.swift.blobstore.integration.SwiftInputStreamMapIntegrationLiveTest)
[TestNG] Test testValues(org.jclouds.openstack.swift.blobstore.integration.SwiftInputStreamMapIntegrationLiveTest) succeeded: 1401ms
Test suite progress: tests succeeded: 70, failed: 2, skipped: 0.
Starting test testClear(org.jclouds.openstack.swift.blobstore.integration.SwiftInputStreamMapIntegrationLiveTest)
[TestNG] Test testClear(org.jclouds.openstack.swift.blobstore.integration.SwiftInputStreamMapIntegrationLiveTest) succeeded: 2106ms
Test suite progress: tests succeeded: 71, failed: 2, skipped: 0.
Starting test testContainsKey(org.jclouds.openstack.swift.blobstore.integration.SwiftInputStreamMapIntegrationLiveTest)
[TestNG] Test testContainsKey(org.jclouds.openstack.swift.blobstore.integration.SwiftInputStreamMapIntegrationLiveTest) succeeded: 1403ms
Test suite progress: tests succeeded: 72, failed: 2, skipped: 0.
Starting test testDirectory(org.jclouds.openstack.swift.blobstore.integration.SwiftInputStreamMapIntegrationLiveTest)
[TestNG] Test testDirectory(org.jclouds.openstack.swift.blobstore.integration.SwiftInputStreamMapIntegrationLiveTest) succeeded: 17183ms
Test suite progress: tests succeeded: 73, failed: 2, skipped: 0.
Starting test testIsEmpty(org.jclouds.openstack.swift.blobstore.integration.SwiftInputStreamMapIntegrationLiveTest)
[TestNG] Test testIsEmpty(org.jclouds.openstack.swift.blobstore.integration.SwiftInputStreamMapIntegrationLiveTest) succeeded: 1408ms
Test suite progress: tests succeeded: 74, failed: 2, skipped: 0.
Starting test testKeySet(org.jclouds.openstack.swift.blobstore.integration.SwiftInputStreamMapIntegrationLiveTest)
[TestNG] Test testKeySet(org.jclouds.openstack.swift.blobstore.integration.SwiftInputStreamMapIntegrationLiveTest) succeeded: 1182ms
Test suite progress: tests succeeded: 75, failed: 2, skipped: 0.
Starting test testListContainer(org.jclouds.openstack.swift.blobstore.integration.SwiftInputStreamMapIntegrationLiveTest)
[TestNG] Test testListContainer(org.jclouds.openstack.swift.blobstore.integration.SwiftInputStreamMapIntegrationLiveTest) succeeded: 863ms
Test suite progress: tests succeeded: 76, failed: 2, skipped: 0.
Starting test containerDoesntExist(org.jclouds.openstack.swift.blobstore.integration.SwiftServiceIntegrationLiveTest)
[TestNG] Test containerDoesntExist(org.jclouds.openstack.swift.blobstore.integration.SwiftServiceIntegrationLiveTest) succeeded: 157ms
Test suite progress: tests succeeded: 77, failed: 2, skipped: 0.
Starting test testAllLocations(org.jclouds.openstack.swift.blobstore.integration.SwiftServiceIntegrationLiveTest)
*** allocated new container adriancole-blobstore1...
 >> creating container in location [id=swift, scope=PROVIDER, description=https://region-a.geo-1.objects.hpcloudsvc.com/auth, parent=null, iso3166Codes=[], metadata={}]
 << call complete.. checking
*** allocated new container adriancole-blobstore113...
[TestNG] Test testAllLocations(org.jclouds.openstack.swift.blobstore.integration.SwiftServiceIntegrationLiveTest) succeeded: 1291ms
Test suite progress: tests succeeded: 78, failed: 2, skipped: 0.
Starting test testGetAssignableLocations(org.jclouds.openstack.swift.blobstore.integration.SwiftServiceIntegrationLiveTest)
location [id=swift, scope=PROVIDER, description=https://region-a.geo-1.objects.hpcloudsvc.com/auth, parent=null, iso3166Codes=[], metadata={}]
[TestNG] Test testGetAssignableLocations(org.jclouds.openstack.swift.blobstore.integration.SwiftServiceIntegrationLiveTest) succeeded: 0ms
Test suite progress: tests succeeded: 79, failed: 2, skipped: 0.
Starting test deleteContainerIfEmptyNotFound(org.jclouds.openstack.swift.SwiftClientLiveTest)
[TestNG] Test deleteContainerIfEmptyNotFound(org.jclouds.openstack.swift.SwiftClientLiveTest) succeeded: 144ms
Test suite progress: tests succeeded: 80, failed: 2, skipped: 0.
Starting test testHeadAccountMetadata(org.jclouds.openstack.swift.SwiftClientLiveTest)
[TestNG] Test testHeadAccountMetadata(org.jclouds.openstack.swift.SwiftClientLiveTest) succeeded: 1397ms
Test suite progress: tests succeeded: 81, failed: 2, skipped: 0.
Starting test testListContainerPath(org.jclouds.openstack.swift.SwiftClientLiveTest)
[TestNG] Test testListContainerPath(org.jclouds.openstack.swift.SwiftClientLiveTest) succeeded: 1278ms
Test suite progress: tests succeeded: 82, failed: 2, skipped: 0.
Starting test testListOwnedContainers(org.jclouds.openstack.swift.SwiftClientLiveTest)
[TestNG] Test testListOwnedContainers(org.jclouds.openstack.swift.SwiftClientLiveTest) succeeded: 2185ms
Test suite progress: tests succeeded: 83, failed: 2, skipped: 0.
Starting test testObjectOperations(org.jclouds.openstack.swift.SwiftClientLiveTest)
[TestNG] Test testObjectOperations(org.jclouds.openstack.swift.SwiftClientLiveTest) succeeded: 4914ms
Test suite progress: tests succeeded: 84, failed: 2, skipped: 0.
Starting test testPutContainers(org.jclouds.openstack.swift.SwiftClientLiveTest)
[TestNG] Test testPutContainers(org.jclouds.openstack.swift.SwiftClientLiveTest) succeeded: 2338ms
Test suite progress: tests succeeded: 85, failed: 2, skipped: 0.
Starting test testPublicAccess(org.jclouds.openstack.swift.blobstore.integration.SwiftContainerLiveTest)
*** allocated new container adriancole-blobstore9...
*** allocated new container adriancole-blobstore915...
[TestNG] Test testPublicAccess(org.jclouds.openstack.swift.blobstore.integration.SwiftContainerLiveTest) succeeded: 1232ms
Test suite progress: tests succeeded: 86, failed: 2, skipped: 0.
Tests run: 88, Failures: 2, Errors: 0, Skipped: 0, Time elapsed: 301.527 sec <<< FAILURE!

Results :

Failed tests:   testGetIfModifiedSince(org.jclouds.openstack.swift.blobstore.integration.SwiftBlobIntegrationLiveTest): command: GET https://region-a.geo-1.objects.hpcloudsvc.com:443/v1/AUTH_651c939f-04f0-4fbf-bd50-27f114ccaa15/adriancole-blobstore4/apples HTTP/1.1 failed with response: HTTP/1.1 304 Not Modified; content: []
  testCopyUrl(org.jclouds.openstack.swift.blobstore.integration.SwiftBlobLiveTest): Server returned HTTP response code: 403 for URL: http://apache.opensourceresources.org//commons/logging/binaries/commons-logging-1.1.1-bin.tar.gz

Tests run: 88, Failures: 2, Errors: 0, Skipped: 0

[INFO] ------------------------------------------------------------------------
[INFO] BUILD FAILURE
[INFO] ------------------------------------------------------------------------
[INFO] Total time: 5:20.602s
[INFO] Finished at: Sun Jan 15 12:33:34 PST 2012
[INFO] Final Memory: 20M/125M
[INFO] ------------------------------------------------------------------------
[ERROR] Failed to execute goal org.apache.maven.plugins:maven-surefire-plugin:2.10:test (integration) on project swift: There are test failures.
[ERROR] 
[ERROR] Please refer to /Users/adriancole/git/jclouds/apis/swift/target/surefire-reports for the individual test results.
[ERROR] -> [Help 1]
[ERROR] 
[ERROR] To see the full stack trace of the errors, re-run Maven with the -e switch.
[ERROR] Re-run Maven using the -X switch to enable full debug logging.
[ERROR] 
[ERROR] For more information about the errors and possible solutions, please read the following articles:
[ERROR] [Help 1] http://cwiki.apache.org/confluence/display/MAVEN/MojoFailureException
