-------------------------------------------------------------------------------
Test set: TestSuite
-------------------------------------------------------------------------------
Tests run: 142, Failures: 3, Errors: 0, Skipped: 0, Time elapsed: 3,879.291 sec <<< FAILURE!
testAScriptExecutionAfterBootWithBasicTemplate(org.jclouds.trmk.vcloudexpress.compute.TerremarkVCloudExpressComputeServiceLiveTest)  Time elapsed: 907.986 sec  <<< FAILURE!
org.jclouds.compute.RunScriptOnNodesException: error runScript on filtered nodes options([inboundPorts=[22], privateKey=false, publicKey=false, runScript=false, blockUntilRunning=true, blockOnComplete=true, port:seconds=-1:-1, userMetadata: {}])
Execution failures:
0 error[s]
Node failures:
1) RuntimeException on node https://services.vcloudexpress.terremark.com/api/v0.8a-ext1.6/vapp/422486:
java.lang.RuntimeException: org.jclouds.compute.callables.ScriptStillRunningException: time up waiting 600s for running task[RunScriptOnNodeAsInitScriptUsingSshAndBlockUntilComplete{node=[id=https://services.vcloudexpress.terremark.com/api/v0.8a-ext1.6/vapp/422486, providerId=https://services.vcloudexpress.terremark.com/api/v0.8a-ext1.6/vapp/422486, group=vcx-r, name=vcx-r-b9c, location=[id=https://services.vcloudexpress.terremark.com/api/v0.8a-ext1.6/vdc/32, scope=ZONE, description=Miami Environment 1, parent=https://services.vcloudexpress.terremark.com/api/v0.8a-ext1.6/org/48, iso3166Codes=[], metadata={}], uri=https://services.vcloudexpress.terremark.com/api/v0.8a-ext1.6/vapp/422486, imageId=null, os=[name=46, family=ubuntu, version=, arch=null, is64Bit=true, description=Ubuntu Linux (64-bit)], state=RUNNING, loginPort=22, hostname=vcx-r-b9c, privateAddresses=[10.114.34.131], publicAddresses=[204.51.124.165], hardware=[id=https://services.vcloudexpress.terremark.com/api/v0.8a-ext1.6/vapp/422486, providerId=https://services.vcloudexpress.terremark.com/api/v0.8a-ext1.6/vapp/422486, name=vcx-r-b9c, processors=[[cores=1.0, speed=1.0]], ram=512, volumes=[[id=0, type=LOCAL, size=4.0, device=null, durable=true, isBootDevice=true]], supportsImage=idEquals(https://services.vcloudexpress.terremark.com/api/v0.8a-ext1.6/vapp/422486), tags=[]], loginUser=vcloud, userMetadata={}, tags=[]], name=runScriptWithCreds, runAsRoot=true}] to complete. call get() on this exception to get access to the task in progress
	at com.google.common.base.Throwables.propagate(Throwables.java:156)
	at org.jclouds.compute.callables.RunScriptOnNodeAsInitScriptUsingSshAndBlockUntilComplete.doCall(RunScriptOnNodeAsInitScriptUsingSshAndBlockUntilComplete.java:62)
	at org.jclouds.compute.callables.RunScriptOnNodeAsInitScriptUsingSsh.call(RunScriptOnNodeAsInitScriptUsingSsh.java:91)
	at org.jclouds.compute.strategy.RunScriptOnNodeAndAddToGoodMapOrPutExceptionIntoBadMap.call(RunScriptOnNodeAndAddToGoodMapOrPutExceptionIntoBadMap.java:69)
	at org.jclouds.compute.strategy.RunScriptOnNodeAndAddToGoodMapOrPutExceptionIntoBadMap.call(RunScriptOnNodeAndAddToGoodMapOrPutExceptionIntoBadMap.java:44)
	at java.util.concurrent.FutureTask$Sync.innerRun(FutureTask.java:303)
	at java.util.concurrent.FutureTask.run(FutureTask.java:138)
	at java.util.concurrent.ThreadPoolExecutor$Worker.runTask(ThreadPoolExecutor.java:886)
	at java.util.concurrent.ThreadPoolExecutor$Worker.run(ThreadPoolExecutor.java:908)
	at java.lang.Thread.run(Thread.java:680)
Caused by: org.jclouds.compute.callables.ScriptStillRunningException: time up waiting 600s for running task[RunScriptOnNodeAsInitScriptUsingSshAndBlockUntilComplete{node=[id=https://services.vcloudexpress.terremark.com/api/v0.8a-ext1.6/vapp/422486, providerId=https://services.vcloudexpress.terremark.com/api/v0.8a-ext1.6/vapp/422486, group=vcx-r, name=vcx-r-b9c, location=[id=https://services.vcloudexpress.terremark.com/api/v0.8a-ext1.6/vdc/32, scope=ZONE, description=Miami Environment 1, parent=https://services.vcloudexpress.terremark.com/api/v0.8a-ext1.6/org/48, iso3166Codes=[], metadata={}], uri=https://services.vcloudexpress.terremark.com/api/v0.8a-ext1.6/vapp/422486, imageId=null, os=[name=46, family=ubuntu, version=, arch=null, is64Bit=true, description=Ubuntu Linux (64-bit)], state=RUNNING, loginPort=22, hostname=vcx-r-b9c, privateAddresses=[10.114.34.131], publicAddresses=[204.51.124.165], hardware=[id=https://services.vcloudexpress.terremark.com/api/v0.8a-ext1.6/vapp/422486, providerId=https://services.vcloudexpress.terremark.com/api/v0.8a-ext1.6/vapp/422486, name=vcx-r-b9c, processors=[[cores=1.0, speed=1.0]], ram=512, volumes=[[id=0, type=LOCAL, size=4.0, device=null, durable=true, isBootDevice=true]], supportsImage=idEquals(https://services.vcloudexpress.terremark.com/api/v0.8a-ext1.6/vapp/422486), tags=[]], loginUser=vcloud, userMetadata={}, tags=[]], name=runScriptWithCreds, runAsRoot=true}] to complete. call get() on this exception to get access to the task in progress
	at org.jclouds.compute.callables.BlockUntilInitScriptStatusIsZeroThenReturnOutput.get(BlockUntilInitScriptStatusIsZeroThenReturnOutput.java:197)
	at org.jclouds.compute.callables.RunScriptOnNodeAsInitScriptUsingSshAndBlockUntilComplete.doCall(RunScriptOnNodeAsInitScriptUsingSshAndBlockUntilComplete.java:60)
	... 8 more
1 error[s]
	at org.jclouds.compute.internal.BaseComputeService.runScriptOnNodesMatching(BaseComputeService.java:515)
	at org.jclouds.compute.BaseComputeServiceLiveTest.runScriptWithCreds(BaseComputeServiceLiveTest.java:440)
	at org.jclouds.compute.BaseComputeServiceLiveTest.testAScriptExecutionAfterBootWithBasicTemplate(BaseComputeServiceLiveTest.java:251)
	at sun.reflect.NativeMethodAccessorImpl.invoke0(Native Method)
	at sun.reflect.NativeMethodAccessorImpl.invoke(NativeMethodAccessorImpl.java:39)
	at sun.reflect.DelegatingMethodAccessorImpl.invoke(DelegatingMethodAccessorImpl.java:25)
	at java.lang.reflect.Method.invoke(Method.java:597)
	at org.testng.internal.MethodInvocationHelper.invokeMethod(MethodInvocationHelper.java:76)
	at org.testng.internal.Invoker.invokeMethod(Invoker.java:673)
	at org.testng.internal.Invoker.invokeTestMethod(Invoker.java:846)
	at org.testng.internal.Invoker.invokeTestMethods(Invoker.java:1170)
	at org.testng.internal.TestMethodWorker.invokeTestMethods(TestMethodWorker.java:125)
	at org.testng.internal.TestMethodWorker.run(TestMethodWorker.java:109)
	at org.testng.TestRunner.runWorkers(TestRunner.java:1147)
	at org.testng.TestRunner.privateRun(TestRunner.java:749)
	at org.testng.TestRunner.run(TestRunner.java:600)
	at org.testng.SuiteRunner.runTest(SuiteRunner.java:317)
	at org.testng.SuiteRunner.access$000(SuiteRunner.java:34)
	at org.testng.SuiteRunner$SuiteWorker.run(SuiteRunner.java:351)
	at org.testng.internal.thread.ThreadUtil$CountDownLatchedRunnable.run(ThreadUtil.java:147)
	at java.util.concurrent.ThreadPoolExecutor$Worker.runTask(ThreadPoolExecutor.java:886)
	at java.util.concurrent.ThreadPoolExecutor$Worker.run(ThreadPoolExecutor.java:908)
	at java.lang.Thread.run(Thread.java:680)
Caused by: org.jclouds.compute.callables.ScriptStillRunningException: time up waiting 600s for running task[RunScriptOnNodeAsInitScriptUsingSshAndBlockUntilComplete{node=[id=https://services.vcloudexpress.terremark.com/api/v0.8a-ext1.6/vapp/422486, providerId=https://services.vcloudexpress.terremark.com/api/v0.8a-ext1.6/vapp/422486, group=vcx-r, name=vcx-r-b9c, location=[id=https://services.vcloudexpress.terremark.com/api/v0.8a-ext1.6/vdc/32, scope=ZONE, description=Miami Environment 1, parent=https://services.vcloudexpress.terremark.com/api/v0.8a-ext1.6/org/48, iso3166Codes=[], metadata={}], uri=https://services.vcloudexpress.terremark.com/api/v0.8a-ext1.6/vapp/422486, imageId=null, os=[name=46, family=ubuntu, version=, arch=null, is64Bit=true, description=Ubuntu Linux (64-bit)], state=RUNNING, loginPort=22, hostname=vcx-r-b9c, privateAddresses=[10.114.34.131], publicAddresses=[204.51.124.165], hardware=[id=https://services.vcloudexpress.terremark.com/api/v0.8a-ext1.6/vapp/422486, providerId=https://services.vcloudexpress.terremark.com/api/v0.8a-ext1.6/vapp/422486, name=vcx-r-b9c, processors=[[cores=1.0, speed=1.0]], ram=512, volumes=[[id=0, type=LOCAL, size=4.0, device=null, durable=true, isBootDevice=true]], supportsImage=idEquals(https://services.vcloudexpress.terremark.com/api/v0.8a-ext1.6/vapp/422486), tags=[]], loginUser=vcloud, userMetadata={}, tags=[]], name=runScriptWithCreds, runAsRoot=true}] to complete. call get() on this exception to get access to the task in progress
	at org.jclouds.compute.callables.BlockUntilInitScriptStatusIsZeroThenReturnOutput.get(BlockUntilInitScriptStatusIsZeroThenReturnOutput.java:197)
	at org.jclouds.compute.callables.RunScriptOnNodeAsInitScriptUsingSshAndBlockUntilComplete.doCall(RunScriptOnNodeAsInitScriptUsingSshAndBlockUntilComplete.java:60)
	... 8 more
1 error[s]
	at org.jclouds.compute.internal.BaseComputeService.runScriptOnNodesMatching(BaseComputeService.java:515)
	at org.jclouds.compute.BaseComputeServiceLiveTest.runScriptWithCreds(BaseComputeServiceLiveTest.java:440)
	at org.jclouds.compute.BaseComputeServiceLiveTest.testAScriptExecutionAfterBootWithBasicTemplate(BaseComputeServiceLiveTest.java:251)
	at sun.reflect.NativeMethodAccessorImpl.invoke0(Native Method)
	at sun.reflect.NativeMethodAccessorImpl.invoke(NativeMethodAccessorImpl.java:39)
	at sun.reflect.DelegatingMethodAccessorImpl.invoke(DelegatingMethodAccessorImpl.java:25)
	at java.lang.reflect.Method.invoke(Method.java:597)
	at org.testng.internal.MethodInvocationHelper.invokeMethod(MethodInvocationHelper.java:76)
	at org.testng.internal.Invoker.invokeMethod(Invoker.java:673)
	at org.testng.internal.Invoker.invokeTestMethod(Invoker.java:846)
	at org.testng.internal.Invoker.invokeTestMethods(Invoker.java:1170)
	at org.testng.internal.TestMethodWorker.invokeTestMethods(TestMethodWorker.java:125)
	at org.testng.internal.TestMethodWorker.run(TestMethodWorker.java:109)
	at org.testng.TestRunner.runWorkers(TestRunner.java:1147)
	at org.testng.TestRunner.privateRun(TestRunner.java:749)
	at org.testng.TestRunner.run(TestRunner.java:600)
	at org.testng.SuiteRunner.runTest(SuiteRunner.java:317)
	at org.testng.SuiteRunner.access$000(SuiteRunner.java:34)
	at org.testng.SuiteRunner$SuiteWorker.run(SuiteRunner.java:351)
	at org.testng.internal.thread.ThreadUtil$CountDownLatchedRunnable.run(ThreadUtil.java:147)
	at java.util.concurrent.ThreadPoolExecutor$Worker.runTask(ThreadPoolExecutor.java:886)
	at java.util.concurrent.ThreadPoolExecutor$Worker.run(ThreadPoolExecutor.java:908)
	at java.lang.Thread.run(Thread.java:680)
testCreateAndRunAService(org.jclouds.trmk.vcloudexpress.compute.TerremarkVCloudExpressComputeServiceLiveTest)  Time elapsed: 908.855 sec  <<< FAILURE!
java.lang.RuntimeException: org.jclouds.compute.callables.ScriptStillRunningException: time up waiting 600s for running task[RunScriptOnNodeAsInitScriptUsingSshAndBlockUntilComplete{node=[id=https://services.vcloudexpress.terremark.com/api/v0.8a-ext1.6/vapp/422491, providerId=https://services.vcloudexpress.terremark.com/api/v0.8a-ext1.6/vapp/422491, group=vcx-s, name=vcx-s-86c, location=[id=https://services.vcloudexpress.terremark.com/api/v0.8a-ext1.6/vdc/32, scope=ZONE, description=Miami Environment 1, parent=https://services.vcloudexpress.terremark.com/api/v0.8a-ext1.6/org/48, iso3166Codes=[], metadata={}], uri=https://services.vcloudexpress.terremark.com/api/v0.8a-ext1.6/vapp/422491, imageId=null, os=[name=46, family=ubuntu, version=, arch=null, is64Bit=true, description=Ubuntu Linux (64-bit)], state=RUNNING, loginPort=22, hostname=vcx-s-86c, privateAddresses=[10.114.34.131], publicAddresses=[204.51.124.201], hardware=[id=https://services.vcloudexpress.terremark.com/api/v0.8a-ext1.6/vapp/422491, providerId=https://services.vcloudexpress.terremark.com/api/v0.8a-ext1.6/vapp/422491, name=vcx-s-86c, processors=[[cores=1.0, speed=1.0]], ram=512, volumes=[[id=0, type=LOCAL, size=4.0, device=null, durable=true, isBootDevice=true]], supportsImage=idEquals(https://services.vcloudexpress.terremark.com/api/v0.8a-ext1.6/vapp/422491), tags=[]], loginUser=vcloud, userMetadata={}, tags=[]], name=configure-jboss, runAsRoot=true}] to complete. call get() on this exception to get access to the task in progress
	at com.google.common.base.Throwables.propagate(Throwables.java:156)
	at org.jclouds.compute.callables.RunScriptOnNodeAsInitScriptUsingSshAndBlockUntilComplete.doCall(RunScriptOnNodeAsInitScriptUsingSshAndBlockUntilComplete.java:62)
	at org.jclouds.compute.callables.RunScriptOnNodeAsInitScriptUsingSsh.call(RunScriptOnNodeAsInitScriptUsingSsh.java:91)
	at org.jclouds.compute.internal.BaseComputeService.runScriptOnNode(BaseComputeService.java:557)
	at org.jclouds.compute.BaseComputeServiceLiveTest.testCreateAndRunAService(BaseComputeServiceLiveTest.java:667)
	at sun.reflect.NativeMethodAccessorImpl.invoke0(Native Method)
	at sun.reflect.NativeMethodAccessorImpl.invoke(NativeMethodAccessorImpl.java:39)
	at sun.reflect.DelegatingMethodAccessorImpl.invoke(DelegatingMethodAccessorImpl.java:25)
	at java.lang.reflect.Method.invoke(Method.java:597)
	at org.testng.internal.MethodInvocationHelper.invokeMethod(MethodInvocationHelper.java:76)
	at org.testng.internal.Invoker.invokeMethod(Invoker.java:673)
	at org.testng.internal.Invoker.invokeTestMethod(Invoker.java:846)
	at org.testng.internal.Invoker.invokeTestMethods(Invoker.java:1170)
	at org.testng.internal.TestMethodWorker.invokeTestMethods(TestMethodWorker.java:125)
	at org.testng.internal.TestMethodWorker.run(TestMethodWorker.java:109)
	at org.testng.TestRunner.runWorkers(TestRunner.java:1147)
	at org.testng.TestRunner.privateRun(TestRunner.java:749)
	at org.testng.TestRunner.run(TestRunner.java:600)
	at org.testng.SuiteRunner.runTest(SuiteRunner.java:317)
	at org.testng.SuiteRunner.access$000(SuiteRunner.java:34)
	at org.testng.SuiteRunner$SuiteWorker.run(SuiteRunner.java:351)
	at org.testng.internal.thread.ThreadUtil$CountDownLatchedRunnable.run(ThreadUtil.java:147)
	at java.util.concurrent.ThreadPoolExecutor$Worker.runTask(ThreadPoolExecutor.java:886)
	at java.util.concurrent.ThreadPoolExecutor$Worker.run(ThreadPoolExecutor.java:908)
	at java.lang.Thread.run(Thread.java:680)
Caused by: org.jclouds.compute.callables.ScriptStillRunningException: time up waiting 600s for running task[RunScriptOnNodeAsInitScriptUsingSshAndBlockUntilComplete{node=[id=https://services.vcloudexpress.terremark.com/api/v0.8a-ext1.6/vapp/422491, providerId=https://services.vcloudexpress.terremark.com/api/v0.8a-ext1.6/vapp/422491, group=vcx-s, name=vcx-s-86c, location=[id=https://services.vcloudexpress.terremark.com/api/v0.8a-ext1.6/vdc/32, scope=ZONE, description=Miami Environment 1, parent=https://services.vcloudexpress.terremark.com/api/v0.8a-ext1.6/org/48, iso3166Codes=[], metadata={}], uri=https://services.vcloudexpress.terremark.com/api/v0.8a-ext1.6/vapp/422491, imageId=null, os=[name=46, family=ubuntu, version=, arch=null, is64Bit=true, description=Ubuntu Linux (64-bit)], state=RUNNING, loginPort=22, hostname=vcx-s-86c, privateAddresses=[10.114.34.131], publicAddresses=[204.51.124.201], hardware=[id=https://services.vcloudexpress.terremark.com/api/v0.8a-ext1.6/vapp/422491, providerId=https://services.vcloudexpress.terremark.com/api/v0.8a-ext1.6/vapp/422491, name=vcx-s-86c, processors=[[cores=1.0, speed=1.0]], ram=512, volumes=[[id=0, type=LOCAL, size=4.0, device=null, durable=true, isBootDevice=true]], supportsImage=idEquals(https://services.vcloudexpress.terremark.com/api/v0.8a-ext1.6/vapp/422491), tags=[]], loginUser=vcloud, userMetadata={}, tags=[]], name=configure-jboss, runAsRoot=true}] to complete. call get() on this exception to get access to the task in progress
	at org.jclouds.compute.callables.BlockUntilInitScriptStatusIsZeroThenReturnOutput.get(BlockUntilInitScriptStatusIsZeroThenReturnOutput.java:197)
	at org.jclouds.compute.callables.RunScriptOnNodeAsInitScriptUsingSshAndBlockUntilComplete.doCall(RunScriptOnNodeAsInitScriptUsingSshAndBlockUntilComplete.java:60)
	... 23 more
Caused by: org.jclouds.compute.callables.ScriptStillRunningException: time up waiting 600s for running task[RunScriptOnNodeAsInitScriptUsingSshAndBlockUntilComplete{node=[id=https://services.vcloudexpress.terremark.com/api/v0.8a-ext1.6/vapp/422491, providerId=https://services.vcloudexpress.terremark.com/api/v0.8a-ext1.6/vapp/422491, group=vcx-s, name=vcx-s-86c, location=[id=https://services.vcloudexpress.terremark.com/api/v0.8a-ext1.6/vdc/32, scope=ZONE, description=Miami Environment 1, parent=https://services.vcloudexpress.terremark.com/api/v0.8a-ext1.6/org/48, iso3166Codes=[], metadata={}], uri=https://services.vcloudexpress.terremark.com/api/v0.8a-ext1.6/vapp/422491, imageId=null, os=[name=46, family=ubuntu, version=, arch=null, is64Bit=true, description=Ubuntu Linux (64-bit)], state=RUNNING, loginPort=22, hostname=vcx-s-86c, privateAddresses=[10.114.34.131], publicAddresses=[204.51.124.201], hardware=[id=https://services.vcloudexpress.terremark.com/api/v0.8a-ext1.6/vapp/422491, providerId=https://services.vcloudexpress.terremark.com/api/v0.8a-ext1.6/vapp/422491, name=vcx-s-86c, processors=[[cores=1.0, speed=1.0]], ram=512, volumes=[[id=0, type=LOCAL, size=4.0, device=null, durable=true, isBootDevice=true]], supportsImage=idEquals(https://services.vcloudexpress.terremark.com/api/v0.8a-ext1.6/vapp/422491), tags=[]], loginUser=vcloud, userMetadata={}, tags=[]], name=configure-jboss, runAsRoot=true}] to complete. call get() on this exception to get access to the task in progress
	at org.jclouds.compute.callables.BlockUntilInitScriptStatusIsZeroThenReturnOutput.get(BlockUntilInitScriptStatusIsZeroThenReturnOutput.java:197)
	at org.jclouds.compute.callables.RunScriptOnNodeAsInitScriptUsingSshAndBlockUntilComplete.doCall(RunScriptOnNodeAsInitScriptUsingSshAndBlockUntilComplete.java:60)
	... 23 more
testFindVAppTemplate(org.jclouds.trmk.vcloudexpress.TerremarkVCloudExpressClientLiveTest)  Time elapsed: 34.302 sec  <<< FAILURE!
java.lang.IllegalArgumentException: illegal argument in [[adrian@jclouds.org, Miami Environment 1 Catalog, Windows 2003 Enterprise R2 (32-bit)]] for method public abstract com.google.common.util.concurrent.ListenableFuture org.jclouds.trmk.vcloud_0_8.TerremarkVCloudAsyncClient.findVAppTemplateInOrgCatalogNamed(java.lang.String,java.lang.String,java.lang.String)
	at org.jclouds.rest.internal.RestAnnotationProcessor.getEndpointInParametersOrNull(RestAnnotationProcessor.java:737)
	at org.jclouds.rest.internal.RestAnnotationProcessor.getEndpointFor(RestAnnotationProcessor.java:746)
	at org.jclouds.rest.internal.RestAnnotationProcessor.createRequest(RestAnnotationProcessor.java:410)
	at org.jclouds.rest.internal.AsyncRestClientProxy.createListenableFuture(AsyncRestClientProxy.java:145)
	at org.jclouds.rest.internal.AsyncRestClientProxy.invoke(AsyncRestClientProxy.java:126)
	at $Proxy79.findVAppTemplateInOrgCatalogNamed(Unknown Source)
	at sun.reflect.NativeMethodAccessorImpl.invoke0(Native Method)
	at sun.reflect.NativeMethodAccessorImpl.invoke(NativeMethodAccessorImpl.java:39)
	at sun.reflect.DelegatingMethodAccessorImpl.invoke(DelegatingMethodAccessorImpl.java:25)
	at java.lang.reflect.Method.invoke(Method.java:597)
	at org.jclouds.concurrent.internal.SyncProxy.invoke(SyncProxy.java:137)
	at $Proxy80.findVAppTemplateInOrgCatalogNamed(Unknown Source)
	at org.jclouds.trmk.vcloud_0_8.TerremarkClientLiveTest.testFindVAppTemplate(TerremarkClientLiveTest.java:810)
	at sun.reflect.NativeMethodAccessorImpl.invoke0(Native Method)
	at sun.reflect.NativeMethodAccessorImpl.invoke(NativeMethodAccessorImpl.java:39)
	at sun.reflect.DelegatingMethodAccessorImpl.invoke(DelegatingMethodAccessorImpl.java:25)
	at java.lang.reflect.Method.invoke(Method.java:597)
	at org.testng.internal.MethodInvocationHelper.invokeMethod(MethodInvocationHelper.java:76)
	at org.testng.internal.Invoker.invokeMethod(Invoker.java:673)
	at org.testng.internal.Invoker.invokeTestMethod(Invoker.java:846)
	at org.testng.internal.Invoker.invokeTestMethods(Invoker.java:1170)
	at org.testng.internal.TestMethodWorker.invokeTestMethods(TestMethodWorker.java:125)
	at org.testng.internal.TestMethodWorker.run(TestMethodWorker.java:109)
	at org.testng.TestRunner.runWorkers(TestRunner.java:1147)
	at org.testng.TestRunner.privateRun(TestRunner.java:749)
	at org.testng.TestRunner.run(TestRunner.java:600)
	at org.testng.SuiteRunner.runTest(SuiteRunner.java:317)
	at org.testng.SuiteRunner.access$000(SuiteRunner.java:34)
	at org.testng.SuiteRunner$SuiteWorker.run(SuiteRunner.java:351)
	at org.testng.internal.thread.ThreadUtil$CountDownLatchedRunnable.run(ThreadUtil.java:147)
	at java.util.concurrent.ThreadPoolExecutor$Worker.runTask(ThreadPoolExecutor.java:886)
	at java.util.concurrent.ThreadPoolExecutor$Worker.run(ThreadPoolExecutor.java:908)
	at java.lang.Thread.run(Thread.java:680)
Caused by: java.lang.NullPointerException
	at org.jclouds.trmk.vcloud_0_8.config.TerremarkVCloudRestClientModule$19.apply(TerremarkVCloudRestClientModule.java:294)
	at org.jclouds.trmk.vcloud_0_8.config.TerremarkVCloudRestClientModule$19.apply(TerremarkVCloudRestClientModule.java:290)
	at com.google.common.collect.Maps.uniqueIndex(Maps.java:679)
	at com.google.common.collect.Maps.uniqueIndex(Maps.java:637)
	at org.jclouds.trmk.vcloud_0_8.config.TerremarkVCloudRestClientModule$OrgCatalogItemSupplier$1$1.apply(TerremarkVCloudRestClientModule.java:426)
	at org.jclouds.trmk.vcloud_0_8.config.TerremarkVCloudRestClientModule$OrgCatalogItemSupplier$1$1.apply(TerremarkVCloudRestClientModule.java:421)
	at com.google.common.collect.Maps$2.transformEntry(Maps.java:948)
	at com.google.common.collect.Maps$TransformedEntriesMap.get(Maps.java:1181)
	at org.jclouds.trmk.vcloud_0_8.functions.OrgNameCatalogNameVAppTemplateNameToEndpoint.apply(OrgNameCatalogNameVAppTemplateNameToEndpoint.java:76)
	at org.jclouds.trmk.vcloud_0_8.functions.OrgNameCatalogNameVAppTemplateNameToEndpoint.apply(OrgNameCatalogNameVAppTemplateNameToEndpoint.java:43)
	at org.jclouds.rest.internal.RestAnnotationProcessor.getEndpointInParametersOrNull(RestAnnotationProcessor.java:732)
	... 32 more
Caused by: java.lang.NullPointerException
	at org.jclouds.trmk.vcloud_0_8.config.TerremarkVCloudRestClientModule$19.apply(TerremarkVCloudRestClientModule.java:294)
	at org.jclouds.trmk.vcloud_0_8.config.TerremarkVCloudRestClientModule$19.apply(TerremarkVCloudRestClientModule.java:290)
	at com.google.common.collect.Maps.uniqueIndex(Maps.java:679)
	at com.google.common.collect.Maps.uniqueIndex(Maps.java:637)
	at org.jclouds.trmk.vcloud_0_8.config.TerremarkVCloudRestClientModule$OrgCatalogItemSupplier$1$1.apply(TerremarkVCloudRestClientModule.java:426)
	at org.jclouds.trmk.vcloud_0_8.config.TerremarkVCloudRestClientModule$OrgCatalogItemSupplier$1$1.apply(TerremarkVCloudRestClientModule.java:421)
	at com.google.common.collect.Maps$2.transformEntry(Maps.java:948)
	at com.google.common.collect.Maps$TransformedEntriesMap.get(Maps.java:1181)
	at org.jclouds.trmk.vcloud_0_8.functions.OrgNameCatalogNameVAppTemplateNameToEndpoint.apply(OrgNameCatalogNameVAppTemplateNameToEndpoint.java:76)
	at org.jclouds.trmk.vcloud_0_8.functions.OrgNameCatalogNameVAppTemplateNameToEndpoint.apply(OrgNameCatalogNameVAppTemplateNameToEndpoint.java:43)
	at org.jclouds.rest.internal.RestAnnotationProcessor.getEndpointInParametersOrNull(RestAnnotationProcessor.java:732)
	... 32 more
