[INFO] Scanning for projects...
[WARNING] 
[WARNING] Some problems were encountered while building the effective model for org.jclouds.provider:trmk-vcloudexpress:bundle:1.3.0-SNAPSHOT
[WARNING] 'parent.relativePath' of POM org.jclouds:jclouds-project:1.3.0-SNAPSHOT (/Users/adriancole/workspace/git/jclouds/project/pom.xml) points at org.jclouds:jclouds-multi instead of org.sonatype.oss:oss-parent, please verify your project structure @ org.jclouds:jclouds-project:1.3.0-SNAPSHOT, /Users/adriancole/workspace/git/jclouds/project/pom.xml, line 24, column 13
[WARNING] 
[WARNING] It is highly recommended to fix these problems because they threaten the stability of your build.
[WARNING] 
[WARNING] For this reason, future Maven versions might no longer support building such malformed projects.
[WARNING] 
[INFO]                                                                         
[INFO] ------------------------------------------------------------------------
[INFO] Building jclouds Terremark vCloud Express provider 1.3.0-SNAPSHOT
[INFO] ------------------------------------------------------------------------
[INFO] 
[INFO] --- maven-clean-plugin:2.4.1:clean (default-clean) @ trmk-vcloudexpress ---
[INFO] Deleting /Users/adriancole/workspace/git/jclouds/providers/trmk-vcloudexpress/target
[INFO] 
[INFO] --- maven-enforcer-plugin:1.0.1:enforce (enforce-maven) @ trmk-vcloudexpress ---
[INFO] 
[INFO] --- maven-enforcer-plugin:1.0.1:enforce (enforce-banned-dependencies) @ trmk-vcloudexpress ---
[INFO] 
[INFO] --- maven-enforcer-plugin:1.0.1:enforce (enforce-java) @ trmk-vcloudexpress ---
[INFO] 
[INFO] --- maven-remote-resources-plugin:1.2:process (process-remote-resources) @ trmk-vcloudexpress ---
[INFO] Setting property: classpath.resource.loader.class => 'org.codehaus.plexus.velocity.ContextClassLoaderResourceLoader'.
[INFO] Setting property: velocimacro.messages.on => 'false'.
[INFO] Setting property: resource.loader => 'classpath'.
[INFO] Setting property: resource.manager.logwhenfound => 'false'.
[INFO] 
[INFO] --- maven-resources-plugin:2.4.2:resources (default-resources) @ trmk-vcloudexpress ---
[INFO] Using 'UTF-8' encoding to copy filtered resources.
[INFO] skip non existing resourceDirectory /Users/adriancole/workspace/git/jclouds/providers/trmk-vcloudexpress/src/main/clojure
[INFO] Copying 1 resource
[INFO] Copying 2 resources
[INFO] 
[INFO] --- maven-compiler-plugin:2.3:compile (default-compile) @ trmk-vcloudexpress ---
[INFO] Compiling 9 source files to /Users/adriancole/workspace/git/jclouds/providers/trmk-vcloudexpress/target/classes
[INFO] 
[INFO] --- maven-resources-plugin:2.4.2:testResources (default-testResources) @ trmk-vcloudexpress ---
[INFO] Using 'UTF-8' encoding to copy filtered resources.
[INFO] skip non existing resourceDirectory /Users/adriancole/workspace/git/jclouds/providers/trmk-vcloudexpress/src/test/clojure
[INFO] Copying 1 resource
[INFO] Copying 2 resources
[INFO] 
[INFO] --- maven-compiler-plugin:2.3:testCompile (default-testCompile) @ trmk-vcloudexpress ---
[INFO] Compiling 6 source files to /Users/adriancole/workspace/git/jclouds/providers/trmk-vcloudexpress/target/test-classes
[INFO] 
[INFO] --- maven-surefire-plugin:2.10:test (default-test) @ trmk-vcloudexpress ---
[INFO] Surefire report directory: /Users/adriancole/workspace/git/jclouds/providers/trmk-vcloudexpress/target/surefire-reports
[INFO] Using configured provider org.apache.maven.surefire.testng.TestNGProvider

-------------------------------------------------------
 T E S T S
-------------------------------------------------------
Running TestSuite
Starting test testAddInternetService(org.jclouds.trmk.vcloudexpress.TerremarkVCloudExpressAsyncClientTest)
[pool-2-thread-1] Test testAddInternetService(org.jclouds.trmk.vcloudexpress.TerremarkVCloudExpressAsyncClientTest) succeeded: 241ms
Test suite progress: tests succeeded: 1, failed: 0, skipped: 0.
Starting test testAddInternetServiceOptions(org.jclouds.trmk.vcloudexpress.TerremarkVCloudExpressAsyncClientTest)
[pool-2-thread-1] Test testAddInternetServiceOptions(org.jclouds.trmk.vcloudexpress.TerremarkVCloudExpressAsyncClientTest) succeeded: 4ms
Test suite progress: tests succeeded: 2, failed: 0, skipped: 0.
Starting test testAddInternetServiceToExistingIp(org.jclouds.trmk.vcloudexpress.TerremarkVCloudExpressAsyncClientTest)
[pool-2-thread-1] Test testAddInternetServiceToExistingIp(org.jclouds.trmk.vcloudexpress.TerremarkVCloudExpressAsyncClientTest) succeeded: 45ms
Test suite progress: tests succeeded: 3, failed: 0, skipped: 0.
Starting test testAddInternetServiceToExistingIpOptions(org.jclouds.trmk.vcloudexpress.TerremarkVCloudExpressAsyncClientTest)
[pool-2-thread-1] Test testAddInternetServiceToExistingIpOptions(org.jclouds.trmk.vcloudexpress.TerremarkVCloudExpressAsyncClientTest) succeeded: 15ms
Test suite progress: tests succeeded: 4, failed: 0, skipped: 0.
Starting test testAddNode(org.jclouds.trmk.vcloudexpress.TerremarkVCloudExpressAsyncClientTest)
[pool-2-thread-1] Test testAddNode(org.jclouds.trmk.vcloudexpress.TerremarkVCloudExpressAsyncClientTest) succeeded: 107ms
Test suite progress: tests succeeded: 5, failed: 0, skipped: 0.
Starting test testAddNodeOptions(org.jclouds.trmk.vcloudexpress.TerremarkVCloudExpressAsyncClientTest)
[pool-2-thread-1] Test testAddNodeOptions(org.jclouds.trmk.vcloudexpress.TerremarkVCloudExpressAsyncClientTest) succeeded: 81ms
Test suite progress: tests succeeded: 6, failed: 0, skipped: 0.
Starting test testCatalog(org.jclouds.trmk.vcloudexpress.TerremarkVCloudExpressAsyncClientTest)
[pool-2-thread-1] Test testCatalog(org.jclouds.trmk.vcloudexpress.TerremarkVCloudExpressAsyncClientTest) succeeded: 25ms
Test suite progress: tests succeeded: 7, failed: 0, skipped: 0.
Starting test testCatalogItemURI(org.jclouds.trmk.vcloudexpress.TerremarkVCloudExpressAsyncClientTest)
[pool-2-thread-1] Test testCatalogItemURI(org.jclouds.trmk.vcloudexpress.TerremarkVCloudExpressAsyncClientTest) succeeded: 10ms
Test suite progress: tests succeeded: 8, failed: 0, skipped: 0.
Starting test testConfigureNodeNoDescription(org.jclouds.trmk.vcloudexpress.TerremarkVCloudExpressAsyncClientTest)
[pool-2-thread-1] Test testConfigureNodeNoDescription(org.jclouds.trmk.vcloudexpress.TerremarkVCloudExpressAsyncClientTest) succeeded: 170ms
Test suite progress: tests succeeded: 9, failed: 0, skipped: 0.
Starting test testConfigureNodeWithDescription(org.jclouds.trmk.vcloudexpress.TerremarkVCloudExpressAsyncClientTest)
[pool-2-thread-1] Test testConfigureNodeWithDescription(org.jclouds.trmk.vcloudexpress.TerremarkVCloudExpressAsyncClientTest) succeeded: 18ms
Test suite progress: tests succeeded: 10, failed: 0, skipped: 0.
Starting test testDelete(org.jclouds.trmk.vcloudexpress.TerremarkVCloudExpressAsyncClientTest)
[pool-2-thread-1] Test testDelete(org.jclouds.trmk.vcloudexpress.TerremarkVCloudExpressAsyncClientTest) succeeded: 44ms
Test suite progress: tests succeeded: 11, failed: 0, skipped: 0.
Starting test testDeleteInternetService(org.jclouds.trmk.vcloudexpress.TerremarkVCloudExpressAsyncClientTest)
[pool-2-thread-1] Test testDeleteInternetService(org.jclouds.trmk.vcloudexpress.TerremarkVCloudExpressAsyncClientTest) succeeded: 14ms
Test suite progress: tests succeeded: 12, failed: 0, skipped: 0.
Starting test testDeleteKeyPair(org.jclouds.trmk.vcloudexpress.TerremarkVCloudExpressAsyncClientTest)
[pool-2-thread-1] Test testDeleteKeyPair(org.jclouds.trmk.vcloudexpress.TerremarkVCloudExpressAsyncClientTest) succeeded: 2ms
Test suite progress: tests succeeded: 13, failed: 0, skipped: 0.
Starting test testDeleteNode(org.jclouds.trmk.vcloudexpress.TerremarkVCloudExpressAsyncClientTest)
[pool-2-thread-1] Test testDeleteNode(org.jclouds.trmk.vcloudexpress.TerremarkVCloudExpressAsyncClientTest) succeeded: 2ms
Test suite progress: tests succeeded: 14, failed: 0, skipped: 0.
Starting test testFindCatalogItemInOrgCatalogNamed(org.jclouds.trmk.vcloudexpress.TerremarkVCloudExpressAsyncClientTest)
[pool-2-thread-1] Test testFindCatalogItemInOrgCatalogNamed(org.jclouds.trmk.vcloudexpress.TerremarkVCloudExpressAsyncClientTest) succeeded: 93ms
Test suite progress: tests succeeded: 15, failed: 0, skipped: 0.
Starting test testGetAllInternetServices(org.jclouds.trmk.vcloudexpress.TerremarkVCloudExpressAsyncClientTest)
[pool-2-thread-1] Test testGetAllInternetServices(org.jclouds.trmk.vcloudexpress.TerremarkVCloudExpressAsyncClientTest) succeeded: 22ms
Test suite progress: tests succeeded: 16, failed: 0, skipped: 0.
Starting test testGetCustomizationOptionsOfCatalogItem(org.jclouds.trmk.vcloudexpress.TerremarkVCloudExpressAsyncClientTest)
[pool-2-thread-1] Test testGetCustomizationOptionsOfCatalogItem(org.jclouds.trmk.vcloudexpress.TerremarkVCloudExpressAsyncClientTest) succeeded: 57ms
Test suite progress: tests succeeded: 17, failed: 0, skipped: 0.
Starting test testGetInternetService(org.jclouds.trmk.vcloudexpress.TerremarkVCloudExpressAsyncClientTest)
[pool-2-thread-1] Test testGetInternetService(org.jclouds.trmk.vcloudexpress.TerremarkVCloudExpressAsyncClientTest) succeeded: 9ms
Test suite progress: tests succeeded: 18, failed: 0, skipped: 0.
Starting test testGetKeyPair(org.jclouds.trmk.vcloudexpress.TerremarkVCloudExpressAsyncClientTest)
[pool-2-thread-1] Test testGetKeyPair(org.jclouds.trmk.vcloudexpress.TerremarkVCloudExpressAsyncClientTest) succeeded: 35ms
Test suite progress: tests succeeded: 19, failed: 0, skipped: 0.
Starting test testGetKeyPairInOrg(org.jclouds.trmk.vcloudexpress.TerremarkVCloudExpressAsyncClientTest)
[pool-2-thread-1] Test testGetKeyPairInOrg(org.jclouds.trmk.vcloudexpress.TerremarkVCloudExpressAsyncClientTest) succeeded: 47ms
Test suite progress: tests succeeded: 20, failed: 0, skipped: 0.
Starting test testGetNode(org.jclouds.trmk.vcloudexpress.TerremarkVCloudExpressAsyncClientTest)
[pool-2-thread-1] Test testGetNode(org.jclouds.trmk.vcloudexpress.TerremarkVCloudExpressAsyncClientTest) succeeded: 3ms
Test suite progress: tests succeeded: 21, failed: 0, skipped: 0.
Starting test testGetNodes(org.jclouds.trmk.vcloudexpress.TerremarkVCloudExpressAsyncClientTest)
[pool-2-thread-1] Test testGetNodes(org.jclouds.trmk.vcloudexpress.TerremarkVCloudExpressAsyncClientTest) succeeded: 26ms
Test suite progress: tests succeeded: 22, failed: 0, skipped: 0.
Starting test testGetVDC(org.jclouds.trmk.vcloudexpress.TerremarkVCloudExpressAsyncClientTest)
[pool-2-thread-1] Test testGetVDC(org.jclouds.trmk.vcloudexpress.TerremarkVCloudExpressAsyncClientTest) succeeded: 19ms
Test suite progress: tests succeeded: 23, failed: 0, skipped: 0.
Starting test testInstantiateVAppTemplateInVDCURI(org.jclouds.trmk.vcloudexpress.TerremarkVCloudExpressAsyncClientTest)
[pool-2-thread-1] Test testInstantiateVAppTemplateInVDCURI(org.jclouds.trmk.vcloudexpress.TerremarkVCloudExpressAsyncClientTest) succeeded: 192ms
Test suite progress: tests succeeded: 24, failed: 0, skipped: 0.
Starting test testInstantiateVAppTemplateInVDCURIOptions(org.jclouds.trmk.vcloudexpress.TerremarkVCloudExpressAsyncClientTest)
[pool-2-thread-1] Test testInstantiateVAppTemplateInVDCURIOptions(org.jclouds.trmk.vcloudexpress.TerremarkVCloudExpressAsyncClientTest) succeeded: 69ms
Test suite progress: tests succeeded: 25, failed: 0, skipped: 0.
Starting test testListKeyPairsInOrg(org.jclouds.trmk.vcloudexpress.TerremarkVCloudExpressAsyncClientTest)
[pool-2-thread-1] Test testListKeyPairsInOrg(org.jclouds.trmk.vcloudexpress.TerremarkVCloudExpressAsyncClientTest) succeeded: 3ms
Test suite progress: tests succeeded: 26, failed: 0, skipped: 0.
Starting test testListKeyPairsInOrgNotFound(org.jclouds.trmk.vcloudexpress.TerremarkVCloudExpressAsyncClientTest)
[pool-2-thread-1] Test testListKeyPairsInOrgNotFound(org.jclouds.trmk.vcloudexpress.TerremarkVCloudExpressAsyncClientTest) succeeded: 16ms
Test suite progress: tests succeeded: 27, failed: 0, skipped: 0.
Starting test testListKeyPairsInOrgNull(org.jclouds.trmk.vcloudexpress.TerremarkVCloudExpressAsyncClientTest)
[pool-2-thread-1] Test testListKeyPairsInOrgNull(org.jclouds.trmk.vcloudexpress.TerremarkVCloudExpressAsyncClientTest) succeeded: 2ms
Test suite progress: tests succeeded: 28, failed: 0, skipped: 0.
Starting test testListOrgs(org.jclouds.trmk.vcloudexpress.TerremarkVCloudExpressAsyncClientTest)
[pool-2-thread-1] Test testListOrgs(org.jclouds.trmk.vcloudexpress.TerremarkVCloudExpressAsyncClientTest) succeeded: 0ms
Test suite progress: tests succeeded: 29, failed: 0, skipped: 0.
Starting test testAllContains(org.jclouds.trmk.vcloudexpress.TerremarkVCloudExpressProviderTest)
[pool-3-thread-1] Test testAllContains(org.jclouds.trmk.vcloudexpress.TerremarkVCloudExpressProviderTest) succeeded: 3ms
Test suite progress: tests succeeded: 30, failed: 0, skipped: 0.
Starting test testInRestProperties(org.jclouds.trmk.vcloudexpress.TerremarkVCloudExpressProviderTest)
[pool-3-thread-2] Test testInRestProperties(org.jclouds.trmk.vcloudexpress.TerremarkVCloudExpressProviderTest) succeeded: 37ms
Test suite progress: tests succeeded: 31, failed: 0, skipped: 0.
Starting test testOfTypeContains(org.jclouds.trmk.vcloudexpress.TerremarkVCloudExpressProviderTest)
[pool-3-thread-3] Test testOfTypeContains(org.jclouds.trmk.vcloudexpress.TerremarkVCloudExpressProviderTest) succeeded: 4ms
Test suite progress: tests succeeded: 32, failed: 0, skipped: 0.
Starting test testWithId(org.jclouds.trmk.vcloudexpress.TerremarkVCloudExpressProviderTest)
[pool-3-thread-4] Test testWithId(org.jclouds.trmk.vcloudexpress.TerremarkVCloudExpressProviderTest) succeeded: 2ms
Test suite progress: tests succeeded: 33, failed: 0, skipped: 0.
Tests run: 33, Failures: 0, Errors: 0, Skipped: 0, Time elapsed: 8.27 sec

Results :

Tests run: 33, Failures: 0, Errors: 0, Skipped: 0

[INFO] 
[INFO] --- clojure-maven-plugin:1.3.8:test (test-clojure) @ trmk-vcloudexpress ---

Testing com.theoryinpractise.clojure.testrunner

Ran 0 tests containing 0 assertions.
0 failures, 0 errors.
[INFO] 
[INFO] --- maven-bundle-plugin:2.3.4:bundle (default-bundle) @ trmk-vcloudexpress ---
[WARNING] Warning building bundle org.jclouds.provider:trmk-vcloudexpress:bundle:1.3.0-SNAPSHOT : Instructions in Export-Package that are never used: org\.jclouds\.trmk\.ecloud\..*|org\.jclouds\.trmk\.ecloud
Classpath: Jar:.,Jar:trmk-common,Jar:jclouds-compute,Jar:java-xmlbuilder,Jar:oauth,Jar:aopalliance,Jar:jersey-core,Jar:guice-assistedinject,Jar:guice,Jar:javax.inject,Jar:jsr250-api,Jar:gson,Jar:guava,Jar:jsr305,Jar:jclouds-scriptbuilder,Jar:jclouds-core,Jar:clojure,Jar:tools.logging,Jar:core.incubator

[WARNING] Warning building bundle org.jclouds.provider:trmk-vcloudexpress:bundle:1.3.0-SNAPSHOT : Superfluous export-package instructions: [org.jclouds.trmk.ecloud.*]
[INFO] 
[INFO] --- maven-source-plugin:2.1.1:jar-no-fork (attach-sources) @ trmk-vcloudexpress ---
[INFO] Building jar: /Users/adriancole/workspace/git/jclouds/providers/trmk-vcloudexpress/target/trmk-vcloudexpress-1.3.0-SNAPSHOT-sources.jar
[INFO] 
[INFO] --- maven-javadoc-plugin:2.8:jar (javadoc) @ trmk-vcloudexpress ---
[INFO] Skipping javadoc generation
[INFO] 
[INFO] --- maven-jar-plugin:2.3.1:test-jar (default) @ trmk-vcloudexpress ---
[INFO] Building jar: /Users/adriancole/workspace/git/jclouds/providers/trmk-vcloudexpress/target/trmk-vcloudexpress-1.3.0-SNAPSHOT-tests.jar
[INFO] 
[INFO] --- maven-surefire-plugin:2.10:test (integration) @ trmk-vcloudexpress ---
[INFO] Surefire report directory: /Users/adriancole/workspace/git/jclouds/providers/trmk-vcloudexpress/target/surefire-reports
[INFO] Using configured provider org.apache.maven.surefire.testng.TestNGProvider

-------------------------------------------------------
 T E S T S
-------------------------------------------------------
Running TestSuite
Starting test testCompareSizes(org.jclouds.trmk.vcloudexpress.compute.TerremarkVCloudExpressComputeServiceLiveTest)
Jan 15, 2012 10:44:44 AM org.jclouds.compute.BaseComputeServiceLiveTest testCompareSizes
INFO: smallest [id=cpu=1,ram=512,disk=10, providerId=cpu=1,ram=512,disk=10, name=null, processors=[[cores=1.0, speed=1.0]], ram=512, volumes=[[id=null, type=LOCAL, size=10.0, device=null, durable=true, isBootDevice=true]], supportsImage=ALWAYS_TRUE, tags=[]]
Jan 15, 2012 10:44:44 AM org.jclouds.compute.BaseComputeServiceLiveTest testCompareSizes
INFO: fastest [id=cpu=8,ram=512,disk=10, providerId=cpu=8,ram=512,disk=10, name=null, processors=[[cores=8.0, speed=1.0]], ram=512, volumes=[[id=null, type=LOCAL, size=10.0, device=null, durable=true, isBootDevice=true]], supportsImage=ALWAYS_TRUE, tags=[]]
Jan 15, 2012 10:44:44 AM org.jclouds.compute.BaseComputeServiceLiveTest testCompareSizes
INFO: biggest [id=cpu=8,ram=16384,disk=10, providerId=cpu=8,ram=16384,disk=10, name=null, processors=[[cores=8.0, speed=1.0]], ram=16384, volumes=[[id=null, type=LOCAL, size=10.0, device=null, durable=true, isBootDevice=true]], supportsImage=ALWAYS_TRUE, tags=[]]
[TestNG] Test testCompareSizes(org.jclouds.trmk.vcloudexpress.compute.TerremarkVCloudExpressComputeServiceLiveTest) succeeded: 5210ms
Test suite progress: tests succeeded: 1, failed: 0, skipped: 0.
Starting test testCorrectAuthException(org.jclouds.trmk.vcloudexpress.compute.TerremarkVCloudExpressComputeServiceLiveTest)
[TestNG] Test testCorrectAuthException(org.jclouds.trmk.vcloudexpress.compute.TerremarkVCloudExpressComputeServiceLiveTest) succeeded: 1166ms
Test suite progress: tests succeeded: 2, failed: 0, skipped: 0.
Starting test testCreateAndRunAService(org.jclouds.trmk.vcloudexpress.compute.TerremarkVCloudExpressComputeServiceLiveTest)
Jan 15, 2012 10:48:36 AM org.jclouds.compute.BaseComputeServiceLiveTest testCreateAndRunAService
INFO: << available node(https://services.vcloudexpress.terremark.com/api/v0.8a-ext1.6/vapp/423577) os([name=46, family=ubuntu, version=, arch=null, is64Bit=true, description=Ubuntu Linux (64-bit)]) in 229s
SLF4J: Failed to load class "org.slf4j.impl.StaticLoggerBinder".
SLF4J: Defaulting to no-operation (NOP) logger implementation
SLF4J: See http://www.slf4j.org/codes.html#StaticLoggerBinder for further details.
Jan 15, 2012 10:58:56 AM org.jclouds.compute.BaseComputeServiceLiveTest testCreateAndRunAService
INFO: << configured node(https://services.vcloudexpress.terremark.com/api/v0.8a-ext1.6/vapp/423577) with java full version "1.7.0_02-b13" and JBoss 7.0.2.Final in 607s
Jan 15, 2012 10:59:01 AM org.jclouds.compute.BaseComputeServiceLiveTest getLocationForIp
WARNING: could not get info on ip 209.132.182.31; check freegeoip
Jan 15, 2012 10:59:01 AM org.jclouds.compute.BaseComputeServiceLiveTest testCreateAndRunAService
INFO: << location of jboss7(download.jboss.org) from perpective of node(https://services.vcloudexpress.terremark.com/api/v0.8a-ext1.6/vapp/423577): 209.132.182.31
Jan 15, 2012 10:59:06 AM org.jclouds.compute.BaseComputeServiceLiveTest getLocationForIp
WARNING: could not get info on ip 77.67.28.50; check freegeoip
Jan 15, 2012 10:59:06 AM org.jclouds.compute.BaseComputeServiceLiveTest testCreateAndRunAService
INFO: << location of jdk7(download.oracle.com) from perpective of node(https://services.vcloudexpress.terremark.com/api/v0.8a-ext1.6/vapp/423577): 77.67.28.50
Jan 15, 2012 10:59:11 AM org.jclouds.compute.BaseComputeServiceLiveTest getLocationForIp
WARNING: could not get info on ip 204.51.112.91; check freegeoip
Jan 15, 2012 10:59:11 AM org.jclouds.compute.BaseComputeServiceLiveTest testCreateAndRunAService
INFO: << location of node(https://services.vcloudexpress.terremark.com/api/v0.8a-ext1.6/vapp/423577) from perspective of amazonaws: 204.51.112.91
Jan 15, 2012 11:00:39 AM org.jclouds.compute.BaseComputeServiceLiveTest trackAvailabilityOfProcessOnNode
INFO: << initial start of jboss on node(https://services.vcloudexpress.terremark.com/api/v0.8a-ext1.6/vapp/423577) [backgroundProcessMilliseconds=68645, socketOpenMilliseconds=13474, reportedStartupTimeMilliseconds=2470]
Jan 15, 2012 11:01:23 AM org.jclouds.compute.BaseComputeServiceLiveTest trackAvailabilityOfProcessOnNode
INFO: << warm start of jboss on node(https://services.vcloudexpress.terremark.com/api/v0.8a-ext1.6/vapp/423577) [backgroundProcessMilliseconds=5731, socketOpenMilliseconds=28819, reportedStartupTimeMilliseconds=2358]
[TestNG] Test testCreateAndRunAService(org.jclouds.trmk.vcloudexpress.compute.TerremarkVCloudExpressComputeServiceLiveTest) succeeded: 1058165ms
Test suite progress: tests succeeded: 3, failed: 0, skipped: 0.
Starting test testGetAssignableLocations(org.jclouds.trmk.vcloudexpress.compute.TerremarkVCloudExpressComputeServiceLiveTest)
Jan 15, 2012 11:02:23 AM org.jclouds.compute.BaseComputeServiceLiveTest testGetAssignableLocations
WARNING: location [id=https://services.vcloudexpress.terremark.com/api/v0.8a-ext1.6/vdc/32, scope=ZONE, description=Miami Environment 1, parent=https://services.vcloudexpress.terremark.com/api/v0.8a-ext1.6/org/48, iso3166Codes=[], metadata={}]
[TestNG] Test testGetAssignableLocations(org.jclouds.trmk.vcloudexpress.compute.TerremarkVCloudExpressComputeServiceLiveTest) succeeded: 1ms
Test suite progress: tests succeeded: 4, failed: 0, skipped: 0.
Starting test testImagesCache(org.jclouds.trmk.vcloudexpress.compute.TerremarkVCloudExpressComputeServiceLiveTest)
[TestNG] Test testImagesCache(org.jclouds.trmk.vcloudexpress.compute.TerremarkVCloudExpressComputeServiceLiveTest) succeeded: 4179ms
Test suite progress: tests succeeded: 5, failed: 0, skipped: 0.
Starting test testListSizes(org.jclouds.trmk.vcloudexpress.compute.TerremarkVCloudExpressComputeServiceLiveTest)
[TestNG] Test testListSizes(org.jclouds.trmk.vcloudexpress.compute.TerremarkVCloudExpressComputeServiceLiveTest) succeeded: 1ms
Test suite progress: tests succeeded: 6, failed: 0, skipped: 0.
Starting test testOptionToNotBlock(org.jclouds.trmk.vcloudexpress.compute.TerremarkVCloudExpressComputeServiceLiveTest)
[TestNG] Test testOptionToNotBlock(org.jclouds.trmk.vcloudexpress.compute.TerremarkVCloudExpressComputeServiceLiveTest) succeeded: 144617ms
Test suite progress: tests succeeded: 7, failed: 0, skipped: 0.
Starting test setServiceDefaults(org.jclouds.trmk.vcloudexpress.compute.TerremarkVCloudExpressComputeServiceLiveTest)
[TestNG] Test setServiceDefaults(org.jclouds.trmk.vcloudexpress.compute.TerremarkVCloudExpressComputeServiceLiveTest) succeeded: 0ms
Test suite progress: tests succeeded: 8, failed: 0, skipped: 0.
Starting test testDestroyNodes(org.jclouds.trmk.vcloudexpress.compute.TerremarkVCloudExpressComputeServiceLiveTest)
[TestNG] Test testDestroyNodes(org.jclouds.trmk.vcloudexpress.compute.TerremarkVCloudExpressComputeServiceLiveTest) succeeded: 3583ms
Test suite progress: tests succeeded: 9, failed: 0, skipped: 0.
Starting test testListImages(org.jclouds.trmk.vcloudexpress.compute.TerremarkVCloudExpressComputeServiceLiveTest)
[TestNG] Test testListImages(org.jclouds.trmk.vcloudexpress.compute.TerremarkVCloudExpressComputeServiceLiveTest) succeeded: 1ms
Test suite progress: tests succeeded: 10, failed: 0, skipped: 0.
Starting test testListNodes(org.jclouds.trmk.vcloudexpress.compute.TerremarkVCloudExpressComputeServiceLiveTest)
[TestNG] Test testListNodes(org.jclouds.trmk.vcloudexpress.compute.TerremarkVCloudExpressComputeServiceLiveTest) succeeded: 1194ms
Test suite progress: tests succeeded: 11, failed: 0, skipped: 0.
Starting test testCorrectExceptionRunningNodesNotFound(org.jclouds.trmk.vcloudexpress.compute.TerremarkVCloudExpressComputeServiceLiveTest)
[TestNG] Test testCorrectExceptionRunningNodesNotFound(org.jclouds.trmk.vcloudexpress.compute.TerremarkVCloudExpressComputeServiceLiveTest) succeeded: 1245ms
Test suite progress: tests succeeded: 12, failed: 0, skipped: 0.
Starting test testTemplateBuilderWithImageIdSpecified(org.jclouds.trmk.vcloudexpress.compute.TerremarkVCloudExpressTemplateBuilderLiveTest)
[TestNG] Test testTemplateBuilderWithImageIdSpecified(org.jclouds.trmk.vcloudexpress.compute.TerremarkVCloudExpressTemplateBuilderLiveTest) succeeded: 14340ms
Test suite progress: tests succeeded: 13, failed: 0, skipped: 0.
Starting test testTemplateBuilderWithLoginUserSpecified(org.jclouds.trmk.vcloudexpress.compute.TerremarkVCloudExpressTemplateBuilderLiveTest)
[TestNG] Test testTemplateBuilderWithLoginUserSpecified(org.jclouds.trmk.vcloudexpress.compute.TerremarkVCloudExpressTemplateBuilderLiveTest) succeeded: 10452ms
Test suite progress: tests succeeded: 14, failed: 0, skipped: 0.
Starting test testDefaultTemplateBuilder(org.jclouds.trmk.vcloudexpress.compute.TerremarkVCloudExpressTemplateBuilderLiveTest)
[TestNG] Test testDefaultTemplateBuilder(org.jclouds.trmk.vcloudexpress.compute.TerremarkVCloudExpressTemplateBuilderLiveTest) succeeded: 7ms
Test suite progress: tests succeeded: 15, failed: 0, skipped: 0.
Starting test testTemplateBuilderCannotFind(org.jclouds.trmk.vcloudexpress.compute.TerremarkVCloudExpressTemplateBuilderLiveTest)
[TestNG] Test testTemplateBuilderCannotFind(org.jclouds.trmk.vcloudexpress.compute.TerremarkVCloudExpressTemplateBuilderLiveTest) succeeded: 1ms
Test suite progress: tests succeeded: 16, failed: 0, skipped: 0.
Starting test testTemplateBuilderCannotFind(org.jclouds.trmk.vcloudexpress.compute.TerremarkVCloudExpressTemplateBuilderLiveTest)
[TestNG] Test testTemplateBuilderCannotFind(org.jclouds.trmk.vcloudexpress.compute.TerremarkVCloudExpressTemplateBuilderLiveTest) succeeded: 1ms
Test suite progress: tests succeeded: 17, failed: 0, skipped: 0.
Starting test testTemplateBuilderCannotFind(org.jclouds.trmk.vcloudexpress.compute.TerremarkVCloudExpressTemplateBuilderLiveTest)
[TestNG] Test testTemplateBuilderCannotFind(org.jclouds.trmk.vcloudexpress.compute.TerremarkVCloudExpressTemplateBuilderLiveTest) succeeded: 2ms
Test suite progress: tests succeeded: 18, failed: 0, skipped: 0.
Starting test testTemplateBuilderCannotFind(org.jclouds.trmk.vcloudexpress.compute.TerremarkVCloudExpressTemplateBuilderLiveTest)
[TestNG] Test testTemplateBuilderCannotFind(org.jclouds.trmk.vcloudexpress.compute.TerremarkVCloudExpressTemplateBuilderLiveTest) succeeded: 1ms
Test suite progress: tests succeeded: 19, failed: 0, skipped: 0.
Starting test testTemplateBuilderCannotFind(org.jclouds.trmk.vcloudexpress.compute.TerremarkVCloudExpressTemplateBuilderLiveTest)
[TestNG] Test testTemplateBuilderCannotFind(org.jclouds.trmk.vcloudexpress.compute.TerremarkVCloudExpressTemplateBuilderLiveTest) succeeded: 2ms
Test suite progress: tests succeeded: 20, failed: 0, skipped: 0.
Starting test testTemplateBuilderCannotFind(org.jclouds.trmk.vcloudexpress.compute.TerremarkVCloudExpressTemplateBuilderLiveTest)
[TestNG] Test testTemplateBuilderCannotFind(org.jclouds.trmk.vcloudexpress.compute.TerremarkVCloudExpressTemplateBuilderLiveTest) succeeded: 0ms
Test suite progress: tests succeeded: 21, failed: 0, skipped: 0.
Starting test testTemplateBuilderCannotFind(org.jclouds.trmk.vcloudexpress.compute.TerremarkVCloudExpressTemplateBuilderLiveTest)
[TestNG] Test testTemplateBuilderCannotFind(org.jclouds.trmk.vcloudexpress.compute.TerremarkVCloudExpressTemplateBuilderLiveTest) succeeded: 1ms
Test suite progress: tests succeeded: 22, failed: 0, skipped: 0.
Starting test testTemplateBuilderCannotFind(org.jclouds.trmk.vcloudexpress.compute.TerremarkVCloudExpressTemplateBuilderLiveTest)
[TestNG] Test testTemplateBuilderCannotFind(org.jclouds.trmk.vcloudexpress.compute.TerremarkVCloudExpressTemplateBuilderLiveTest) succeeded: 1ms
Test suite progress: tests succeeded: 23, failed: 0, skipped: 0.
Starting test testTemplateBuilderCannotFind(org.jclouds.trmk.vcloudexpress.compute.TerremarkVCloudExpressTemplateBuilderLiveTest)
[TestNG] Test testTemplateBuilderCannotFind(org.jclouds.trmk.vcloudexpress.compute.TerremarkVCloudExpressTemplateBuilderLiveTest) succeeded: 16ms
Test suite progress: tests succeeded: 24, failed: 0, skipped: 0.
Starting test testTemplateBuilderCannotFind(org.jclouds.trmk.vcloudexpress.compute.TerremarkVCloudExpressTemplateBuilderLiveTest)
[TestNG] Test testTemplateBuilderCannotFind(org.jclouds.trmk.vcloudexpress.compute.TerremarkVCloudExpressTemplateBuilderLiveTest) succeeded: 1ms
Test suite progress: tests succeeded: 25, failed: 0, skipped: 0.
Starting test testTemplateBuilderCannotFind(org.jclouds.trmk.vcloudexpress.compute.TerremarkVCloudExpressTemplateBuilderLiveTest)
[TestNG] Test testTemplateBuilderCannotFind(org.jclouds.trmk.vcloudexpress.compute.TerremarkVCloudExpressTemplateBuilderLiveTest) succeeded: 1ms
Test suite progress: tests succeeded: 26, failed: 0, skipped: 0.
Starting test testTemplateBuilderCannotFind(org.jclouds.trmk.vcloudexpress.compute.TerremarkVCloudExpressTemplateBuilderLiveTest)
[TestNG] Test testTemplateBuilderCannotFind(org.jclouds.trmk.vcloudexpress.compute.TerremarkVCloudExpressTemplateBuilderLiveTest) succeeded: 0ms
Test suite progress: tests succeeded: 27, failed: 0, skipped: 0.
Starting test testTemplateBuilderCannotFind(org.jclouds.trmk.vcloudexpress.compute.TerremarkVCloudExpressTemplateBuilderLiveTest)
[TestNG] Test testTemplateBuilderCannotFind(org.jclouds.trmk.vcloudexpress.compute.TerremarkVCloudExpressTemplateBuilderLiveTest) succeeded: 3ms
Test suite progress: tests succeeded: 28, failed: 0, skipped: 0.
Starting test testTemplateBuilderCannotFind(org.jclouds.trmk.vcloudexpress.compute.TerremarkVCloudExpressTemplateBuilderLiveTest)
[TestNG] Test testTemplateBuilderCannotFind(org.jclouds.trmk.vcloudexpress.compute.TerremarkVCloudExpressTemplateBuilderLiveTest) succeeded: 1ms
Test suite progress: tests succeeded: 29, failed: 0, skipped: 0.
Starting test testTemplateBuilderCannotFind(org.jclouds.trmk.vcloudexpress.compute.TerremarkVCloudExpressTemplateBuilderLiveTest)
[TestNG] Test testTemplateBuilderCannotFind(org.jclouds.trmk.vcloudexpress.compute.TerremarkVCloudExpressTemplateBuilderLiveTest) succeeded: 1ms
Test suite progress: tests succeeded: 30, failed: 0, skipped: 0.
Starting test testTemplateBuilderCannotFind(org.jclouds.trmk.vcloudexpress.compute.TerremarkVCloudExpressTemplateBuilderLiveTest)
[TestNG] Test testTemplateBuilderCannotFind(org.jclouds.trmk.vcloudexpress.compute.TerremarkVCloudExpressTemplateBuilderLiveTest) succeeded: 1ms
Test suite progress: tests succeeded: 31, failed: 0, skipped: 0.
Starting test testTemplateBuilderCannotFind(org.jclouds.trmk.vcloudexpress.compute.TerremarkVCloudExpressTemplateBuilderLiveTest)
[TestNG] Test testTemplateBuilderCannotFind(org.jclouds.trmk.vcloudexpress.compute.TerremarkVCloudExpressTemplateBuilderLiveTest) succeeded: 0ms
Test suite progress: tests succeeded: 32, failed: 0, skipped: 0.
Starting test testTemplateBuilderCannotFind(org.jclouds.trmk.vcloudexpress.compute.TerremarkVCloudExpressTemplateBuilderLiveTest)
[TestNG] Test testTemplateBuilderCannotFind(org.jclouds.trmk.vcloudexpress.compute.TerremarkVCloudExpressTemplateBuilderLiveTest) succeeded: 1ms
Test suite progress: tests succeeded: 33, failed: 0, skipped: 0.
Starting test testTemplateBuilderCannotFind(org.jclouds.trmk.vcloudexpress.compute.TerremarkVCloudExpressTemplateBuilderLiveTest)
[TestNG] Test testTemplateBuilderCannotFind(org.jclouds.trmk.vcloudexpress.compute.TerremarkVCloudExpressTemplateBuilderLiveTest) succeeded: 0ms
Test suite progress: tests succeeded: 34, failed: 0, skipped: 0.
Starting test testTemplateBuilderCannotFind(org.jclouds.trmk.vcloudexpress.compute.TerremarkVCloudExpressTemplateBuilderLiveTest)
[TestNG] Test testTemplateBuilderCannotFind(org.jclouds.trmk.vcloudexpress.compute.TerremarkVCloudExpressTemplateBuilderLiveTest) succeeded: 1ms
Test suite progress: tests succeeded: 35, failed: 0, skipped: 0.
Starting test testTemplateBuilderCannotFind(org.jclouds.trmk.vcloudexpress.compute.TerremarkVCloudExpressTemplateBuilderLiveTest)
[TestNG] Test testTemplateBuilderCannotFind(org.jclouds.trmk.vcloudexpress.compute.TerremarkVCloudExpressTemplateBuilderLiveTest) succeeded: 1ms
Test suite progress: tests succeeded: 36, failed: 0, skipped: 0.
Starting test testTemplateBuilderCannotFind(org.jclouds.trmk.vcloudexpress.compute.TerremarkVCloudExpressTemplateBuilderLiveTest)
[TestNG] Test testTemplateBuilderCannotFind(org.jclouds.trmk.vcloudexpress.compute.TerremarkVCloudExpressTemplateBuilderLiveTest) succeeded: 3ms
Test suite progress: tests succeeded: 37, failed: 0, skipped: 0.
Starting test testTemplateBuilderCannotFind(org.jclouds.trmk.vcloudexpress.compute.TerremarkVCloudExpressTemplateBuilderLiveTest)
[TestNG] Test testTemplateBuilderCannotFind(org.jclouds.trmk.vcloudexpress.compute.TerremarkVCloudExpressTemplateBuilderLiveTest) succeeded: 0ms
Test suite progress: tests succeeded: 38, failed: 0, skipped: 0.
Starting test testTemplateBuilderCannotFind(org.jclouds.trmk.vcloudexpress.compute.TerremarkVCloudExpressTemplateBuilderLiveTest)
[TestNG] Test testTemplateBuilderCannotFind(org.jclouds.trmk.vcloudexpress.compute.TerremarkVCloudExpressTemplateBuilderLiveTest) succeeded: 5ms
Test suite progress: tests succeeded: 39, failed: 0, skipped: 0.
Starting test testTemplateBuilderCannotFind(org.jclouds.trmk.vcloudexpress.compute.TerremarkVCloudExpressTemplateBuilderLiveTest)
[TestNG] Test testTemplateBuilderCannotFind(org.jclouds.trmk.vcloudexpress.compute.TerremarkVCloudExpressTemplateBuilderLiveTest) succeeded: 3ms
Test suite progress: tests succeeded: 40, failed: 0, skipped: 0.
Starting test testTemplateBuilderCannotFind(org.jclouds.trmk.vcloudexpress.compute.TerremarkVCloudExpressTemplateBuilderLiveTest)
[TestNG] Test testTemplateBuilderCannotFind(org.jclouds.trmk.vcloudexpress.compute.TerremarkVCloudExpressTemplateBuilderLiveTest) succeeded: 1ms
Test suite progress: tests succeeded: 41, failed: 0, skipped: 0.
Starting test testTemplateBuilderCannotFind(org.jclouds.trmk.vcloudexpress.compute.TerremarkVCloudExpressTemplateBuilderLiveTest)
[TestNG] Test testTemplateBuilderCannotFind(org.jclouds.trmk.vcloudexpress.compute.TerremarkVCloudExpressTemplateBuilderLiveTest) succeeded: 1ms
Test suite progress: tests succeeded: 42, failed: 0, skipped: 0.
Starting test testTemplateBuilderCannotFind(org.jclouds.trmk.vcloudexpress.compute.TerremarkVCloudExpressTemplateBuilderLiveTest)
[TestNG] Test testTemplateBuilderCannotFind(org.jclouds.trmk.vcloudexpress.compute.TerremarkVCloudExpressTemplateBuilderLiveTest) succeeded: 1ms
Test suite progress: tests succeeded: 43, failed: 0, skipped: 0.
Starting test testTemplateBuilderCannotFind(org.jclouds.trmk.vcloudexpress.compute.TerremarkVCloudExpressTemplateBuilderLiveTest)
[TestNG] Test testTemplateBuilderCannotFind(org.jclouds.trmk.vcloudexpress.compute.TerremarkVCloudExpressTemplateBuilderLiveTest) succeeded: 1ms
Test suite progress: tests succeeded: 44, failed: 0, skipped: 0.
Starting test testTemplateBuilderCannotFind(org.jclouds.trmk.vcloudexpress.compute.TerremarkVCloudExpressTemplateBuilderLiveTest)
[TestNG] Test testTemplateBuilderCannotFind(org.jclouds.trmk.vcloudexpress.compute.TerremarkVCloudExpressTemplateBuilderLiveTest) succeeded: 0ms
Test suite progress: tests succeeded: 45, failed: 0, skipped: 0.
Starting test testTemplateBuilderCannotFind(org.jclouds.trmk.vcloudexpress.compute.TerremarkVCloudExpressTemplateBuilderLiveTest)
[TestNG] Test testTemplateBuilderCannotFind(org.jclouds.trmk.vcloudexpress.compute.TerremarkVCloudExpressTemplateBuilderLiveTest) succeeded: 1ms
Test suite progress: tests succeeded: 46, failed: 0, skipped: 0.
Starting test testTemplateBuilderCannotFind(org.jclouds.trmk.vcloudexpress.compute.TerremarkVCloudExpressTemplateBuilderLiveTest)
[TestNG] Test testTemplateBuilderCannotFind(org.jclouds.trmk.vcloudexpress.compute.TerremarkVCloudExpressTemplateBuilderLiveTest) succeeded: 0ms
Test suite progress: tests succeeded: 47, failed: 0, skipped: 0.
Starting test testTemplateBuilderCannotFind(org.jclouds.trmk.vcloudexpress.compute.TerremarkVCloudExpressTemplateBuilderLiveTest)
[TestNG] Test testTemplateBuilderCannotFind(org.jclouds.trmk.vcloudexpress.compute.TerremarkVCloudExpressTemplateBuilderLiveTest) succeeded: 0ms
Test suite progress: tests succeeded: 48, failed: 0, skipped: 0.
Starting test testTemplateBuilderCannotFind(org.jclouds.trmk.vcloudexpress.compute.TerremarkVCloudExpressTemplateBuilderLiveTest)
[TestNG] Test testTemplateBuilderCannotFind(org.jclouds.trmk.vcloudexpress.compute.TerremarkVCloudExpressTemplateBuilderLiveTest) succeeded: 1ms
Test suite progress: tests succeeded: 49, failed: 0, skipped: 0.
Starting test testTemplateBuilderCannotFind(org.jclouds.trmk.vcloudexpress.compute.TerremarkVCloudExpressTemplateBuilderLiveTest)
[TestNG] Test testTemplateBuilderCannotFind(org.jclouds.trmk.vcloudexpress.compute.TerremarkVCloudExpressTemplateBuilderLiveTest) succeeded: 1ms
Test suite progress: tests succeeded: 50, failed: 0, skipped: 0.
Starting test testTemplateBuilderCannotFind(org.jclouds.trmk.vcloudexpress.compute.TerremarkVCloudExpressTemplateBuilderLiveTest)
[TestNG] Test testTemplateBuilderCannotFind(org.jclouds.trmk.vcloudexpress.compute.TerremarkVCloudExpressTemplateBuilderLiveTest) succeeded: 1ms
Test suite progress: tests succeeded: 51, failed: 0, skipped: 0.
Starting test testTemplateBuilderCannotFind(org.jclouds.trmk.vcloudexpress.compute.TerremarkVCloudExpressTemplateBuilderLiveTest)
[TestNG] Test testTemplateBuilderCannotFind(org.jclouds.trmk.vcloudexpress.compute.TerremarkVCloudExpressTemplateBuilderLiveTest) succeeded: 1ms
Test suite progress: tests succeeded: 52, failed: 0, skipped: 0.
Starting test testTemplateBuilderCannotFind(org.jclouds.trmk.vcloudexpress.compute.TerremarkVCloudExpressTemplateBuilderLiveTest)
[TestNG] Test testTemplateBuilderCannotFind(org.jclouds.trmk.vcloudexpress.compute.TerremarkVCloudExpressTemplateBuilderLiveTest) succeeded: 1ms
Test suite progress: tests succeeded: 53, failed: 0, skipped: 0.
Starting test testTemplateBuilderCannotFind(org.jclouds.trmk.vcloudexpress.compute.TerremarkVCloudExpressTemplateBuilderLiveTest)
[TestNG] Test testTemplateBuilderCannotFind(org.jclouds.trmk.vcloudexpress.compute.TerremarkVCloudExpressTemplateBuilderLiveTest) succeeded: 0ms
Test suite progress: tests succeeded: 54, failed: 0, skipped: 0.
Starting test testTemplateBuilderCannotFind(org.jclouds.trmk.vcloudexpress.compute.TerremarkVCloudExpressTemplateBuilderLiveTest)
[TestNG] Test testTemplateBuilderCannotFind(org.jclouds.trmk.vcloudexpress.compute.TerremarkVCloudExpressTemplateBuilderLiveTest) succeeded: 1ms
Test suite progress: tests succeeded: 55, failed: 0, skipped: 0.
Starting test testTemplateBuilderCannotFind(org.jclouds.trmk.vcloudexpress.compute.TerremarkVCloudExpressTemplateBuilderLiveTest)
[TestNG] Test testTemplateBuilderCannotFind(org.jclouds.trmk.vcloudexpress.compute.TerremarkVCloudExpressTemplateBuilderLiveTest) succeeded: 0ms
Test suite progress: tests succeeded: 56, failed: 0, skipped: 0.
Starting test testTemplateBuilderCannotFind(org.jclouds.trmk.vcloudexpress.compute.TerremarkVCloudExpressTemplateBuilderLiveTest)
[TestNG] Test testTemplateBuilderCannotFind(org.jclouds.trmk.vcloudexpress.compute.TerremarkVCloudExpressTemplateBuilderLiveTest) succeeded: 7ms
Test suite progress: tests succeeded: 57, failed: 0, skipped: 0.
Starting test testTemplateBuilderCannotFind(org.jclouds.trmk.vcloudexpress.compute.TerremarkVCloudExpressTemplateBuilderLiveTest)
[TestNG] Test testTemplateBuilderCannotFind(org.jclouds.trmk.vcloudexpress.compute.TerremarkVCloudExpressTemplateBuilderLiveTest) succeeded: 1ms
Test suite progress: tests succeeded: 58, failed: 0, skipped: 0.
Starting test testTemplateBuilderCannotFind(org.jclouds.trmk.vcloudexpress.compute.TerremarkVCloudExpressTemplateBuilderLiveTest)
[TestNG] Test testTemplateBuilderCannotFind(org.jclouds.trmk.vcloudexpress.compute.TerremarkVCloudExpressTemplateBuilderLiveTest) succeeded: 0ms
Test suite progress: tests succeeded: 59, failed: 0, skipped: 0.
Starting test testTemplateBuilderCannotFind(org.jclouds.trmk.vcloudexpress.compute.TerremarkVCloudExpressTemplateBuilderLiveTest)
[TestNG] Test testTemplateBuilderCannotFind(org.jclouds.trmk.vcloudexpress.compute.TerremarkVCloudExpressTemplateBuilderLiveTest) succeeded: 0ms
Test suite progress: tests succeeded: 60, failed: 0, skipped: 0.
Starting test testTemplateBuilderCannotFind(org.jclouds.trmk.vcloudexpress.compute.TerremarkVCloudExpressTemplateBuilderLiveTest)
[TestNG] Test testTemplateBuilderCannotFind(org.jclouds.trmk.vcloudexpress.compute.TerremarkVCloudExpressTemplateBuilderLiveTest) succeeded: 0ms
Test suite progress: tests succeeded: 61, failed: 0, skipped: 0.
Starting test testTemplateBuilderCannotFind(org.jclouds.trmk.vcloudexpress.compute.TerremarkVCloudExpressTemplateBuilderLiveTest)
[TestNG] Test testTemplateBuilderCannotFind(org.jclouds.trmk.vcloudexpress.compute.TerremarkVCloudExpressTemplateBuilderLiveTest) succeeded: 0ms
Test suite progress: tests succeeded: 62, failed: 0, skipped: 0.
Starting test testTemplateBuilderCannotFind(org.jclouds.trmk.vcloudexpress.compute.TerremarkVCloudExpressTemplateBuilderLiveTest)
[TestNG] Test testTemplateBuilderCannotFind(org.jclouds.trmk.vcloudexpress.compute.TerremarkVCloudExpressTemplateBuilderLiveTest) succeeded: 1ms
Test suite progress: tests succeeded: 63, failed: 0, skipped: 0.
Starting test testTemplateBuilderCannotFind(org.jclouds.trmk.vcloudexpress.compute.TerremarkVCloudExpressTemplateBuilderLiveTest)
[TestNG] Test testTemplateBuilderCannotFind(org.jclouds.trmk.vcloudexpress.compute.TerremarkVCloudExpressTemplateBuilderLiveTest) succeeded: 1ms
Test suite progress: tests succeeded: 64, failed: 0, skipped: 0.
Starting test testTemplateBuilderCannotFind(org.jclouds.trmk.vcloudexpress.compute.TerremarkVCloudExpressTemplateBuilderLiveTest)
[TestNG] Test testTemplateBuilderCannotFind(org.jclouds.trmk.vcloudexpress.compute.TerremarkVCloudExpressTemplateBuilderLiveTest) succeeded: 1ms
Test suite progress: tests succeeded: 65, failed: 0, skipped: 0.
Starting test testTemplateBuilderCannotFind(org.jclouds.trmk.vcloudexpress.compute.TerremarkVCloudExpressTemplateBuilderLiveTest)
[TestNG] Test testTemplateBuilderCannotFind(org.jclouds.trmk.vcloudexpress.compute.TerremarkVCloudExpressTemplateBuilderLiveTest) succeeded: 1ms
Test suite progress: tests succeeded: 66, failed: 0, skipped: 0.
Starting test testTemplateBuilderCannotFind(org.jclouds.trmk.vcloudexpress.compute.TerremarkVCloudExpressTemplateBuilderLiveTest)
[TestNG] Test testTemplateBuilderCannotFind(org.jclouds.trmk.vcloudexpress.compute.TerremarkVCloudExpressTemplateBuilderLiveTest) succeeded: 0ms
Test suite progress: tests succeeded: 67, failed: 0, skipped: 0.
Starting test testTemplateBuilderCannotFind(org.jclouds.trmk.vcloudexpress.compute.TerremarkVCloudExpressTemplateBuilderLiveTest)
[TestNG] Test testTemplateBuilderCannotFind(org.jclouds.trmk.vcloudexpress.compute.TerremarkVCloudExpressTemplateBuilderLiveTest) succeeded: 1ms
Test suite progress: tests succeeded: 68, failed: 0, skipped: 0.
Starting test testTemplateBuilderCannotFind(org.jclouds.trmk.vcloudexpress.compute.TerremarkVCloudExpressTemplateBuilderLiveTest)
[TestNG] Test testTemplateBuilderCannotFind(org.jclouds.trmk.vcloudexpress.compute.TerremarkVCloudExpressTemplateBuilderLiveTest) succeeded: 1ms
Test suite progress: tests succeeded: 69, failed: 0, skipped: 0.
Starting test testTemplateBuilderCannotFind(org.jclouds.trmk.vcloudexpress.compute.TerremarkVCloudExpressTemplateBuilderLiveTest)
[TestNG] Test testTemplateBuilderCannotFind(org.jclouds.trmk.vcloudexpress.compute.TerremarkVCloudExpressTemplateBuilderLiveTest) succeeded: 1ms
Test suite progress: tests succeeded: 70, failed: 0, skipped: 0.
Starting test testTemplateBuilderCannotFind(org.jclouds.trmk.vcloudexpress.compute.TerremarkVCloudExpressTemplateBuilderLiveTest)
[TestNG] Test testTemplateBuilderCannotFind(org.jclouds.trmk.vcloudexpress.compute.TerremarkVCloudExpressTemplateBuilderLiveTest) succeeded: 2ms
Test suite progress: tests succeeded: 71, failed: 0, skipped: 0.
Starting test testTemplateBuilderCannotFind(org.jclouds.trmk.vcloudexpress.compute.TerremarkVCloudExpressTemplateBuilderLiveTest)
[TestNG] Test testTemplateBuilderCannotFind(org.jclouds.trmk.vcloudexpress.compute.TerremarkVCloudExpressTemplateBuilderLiveTest) succeeded: 1ms
Test suite progress: tests succeeded: 72, failed: 0, skipped: 0.
Starting test testTemplateBuilderCannotFind(org.jclouds.trmk.vcloudexpress.compute.TerremarkVCloudExpressTemplateBuilderLiveTest)
[TestNG] Test testTemplateBuilderCannotFind(org.jclouds.trmk.vcloudexpress.compute.TerremarkVCloudExpressTemplateBuilderLiveTest) succeeded: 1ms
Test suite progress: tests succeeded: 73, failed: 0, skipped: 0.
Starting test testTemplateBuilderCannotFind(org.jclouds.trmk.vcloudexpress.compute.TerremarkVCloudExpressTemplateBuilderLiveTest)
[TestNG] Test testTemplateBuilderCannotFind(org.jclouds.trmk.vcloudexpress.compute.TerremarkVCloudExpressTemplateBuilderLiveTest) succeeded: 0ms
Test suite progress: tests succeeded: 74, failed: 0, skipped: 0.
Starting test testTemplateBuilderCannotFind(org.jclouds.trmk.vcloudexpress.compute.TerremarkVCloudExpressTemplateBuilderLiveTest)
[TestNG] Test testTemplateBuilderCannotFind(org.jclouds.trmk.vcloudexpress.compute.TerremarkVCloudExpressTemplateBuilderLiveTest) succeeded: 1ms
Test suite progress: tests succeeded: 75, failed: 0, skipped: 0.
Starting test testTemplateBuilderCannotFind(org.jclouds.trmk.vcloudexpress.compute.TerremarkVCloudExpressTemplateBuilderLiveTest)
[TestNG] Test testTemplateBuilderCannotFind(org.jclouds.trmk.vcloudexpress.compute.TerremarkVCloudExpressTemplateBuilderLiveTest) succeeded: 0ms
Test suite progress: tests succeeded: 76, failed: 0, skipped: 0.
Starting test testTemplateBuilderCannotFind(org.jclouds.trmk.vcloudexpress.compute.TerremarkVCloudExpressTemplateBuilderLiveTest)
[TestNG] Test testTemplateBuilderCannotFind(org.jclouds.trmk.vcloudexpress.compute.TerremarkVCloudExpressTemplateBuilderLiveTest) succeeded: 1ms
Test suite progress: tests succeeded: 77, failed: 0, skipped: 0.
Starting test testTemplateBuilderCannotFind(org.jclouds.trmk.vcloudexpress.compute.TerremarkVCloudExpressTemplateBuilderLiveTest)
[TestNG] Test testTemplateBuilderCannotFind(org.jclouds.trmk.vcloudexpress.compute.TerremarkVCloudExpressTemplateBuilderLiveTest) succeeded: 0ms
Test suite progress: tests succeeded: 78, failed: 0, skipped: 0.
Starting test testTemplateBuilderCannotFind(org.jclouds.trmk.vcloudexpress.compute.TerremarkVCloudExpressTemplateBuilderLiveTest)
[TestNG] Test testTemplateBuilderCannotFind(org.jclouds.trmk.vcloudexpress.compute.TerremarkVCloudExpressTemplateBuilderLiveTest) succeeded: 1ms
Test suite progress: tests succeeded: 79, failed: 0, skipped: 0.
Starting test testCompareSizes(org.jclouds.trmk.vcloudexpress.compute.TerremarkVCloudExpressTemplateBuilderLiveTest)
smallest [id=cpu=1,ram=512,disk=10, providerId=cpu=1,ram=512,disk=10, name=null, processors=[[cores=1.0, speed=1.0]], ram=512, volumes=[[id=null, type=LOCAL, size=10.0, device=null, durable=true, isBootDevice=true]], supportsImage=ALWAYS_TRUE, tags=[]]
fastest [id=cpu=8,ram=512,disk=10, providerId=cpu=8,ram=512,disk=10, name=null, processors=[[cores=8.0, speed=1.0]], ram=512, volumes=[[id=null, type=LOCAL, size=10.0, device=null, durable=true, isBootDevice=true]], supportsImage=ALWAYS_TRUE, tags=[]]
biggest [id=cpu=8,ram=16384,disk=10, providerId=cpu=8,ram=16384,disk=10, name=null, processors=[[cores=8.0, speed=1.0]], ram=16384, volumes=[[id=null, type=LOCAL, size=10.0, device=null, durable=true, isBootDevice=true]], supportsImage=ALWAYS_TRUE, tags=[]]
[TestNG] Test testCompareSizes(org.jclouds.trmk.vcloudexpress.compute.TerremarkVCloudExpressTemplateBuilderLiveTest) succeeded: 20ms
Test suite progress: tests succeeded: 80, failed: 0, skipped: 0.
Starting test testGetAssignableLocations(org.jclouds.trmk.vcloudexpress.compute.TerremarkVCloudExpressTemplateBuilderLiveTest)
location [id=https://services.vcloudexpress.terremark.com/api/v0.8a-ext1.6/vdc/32, scope=ZONE, description=Miami Environment 1, parent=https://services.vcloudexpress.terremark.com/api/v0.8a-ext1.6/org/48, iso3166Codes=[], metadata={}]
[TestNG] Test testGetAssignableLocations(org.jclouds.trmk.vcloudexpress.compute.TerremarkVCloudExpressTemplateBuilderLiveTest) succeeded: 5ms
Test suite progress: tests succeeded: 81, failed: 0, skipped: 0.
Starting test testTemplateBuilderCanUseImageId(org.jclouds.trmk.vcloudexpress.compute.TerremarkVCloudExpressTemplateBuilderLiveTest)
[TestNG] Test testTemplateBuilderCanUseImageId(org.jclouds.trmk.vcloudexpress.compute.TerremarkVCloudExpressTemplateBuilderLiveTest) succeeded: 5214ms
Test suite progress: tests succeeded: 82, failed: 0, skipped: 0.
Starting test testFromTemplate(org.jclouds.trmk.vcloudexpress.compute.TerremarkVCloudExpressTemplateBuilderLiveTest)
[TestNG] Test testFromTemplate(org.jclouds.trmk.vcloudexpress.compute.TerremarkVCloudExpressTemplateBuilderLiveTest) succeeded: 4ms
Test suite progress: tests succeeded: 83, failed: 0, skipped: 0.
Starting test testTemplateBuilderCanFind(org.jclouds.trmk.vcloudexpress.compute.TerremarkVCloudExpressTemplateBuilderLiveTest)
[TestNG] Test testTemplateBuilderCanFind(org.jclouds.trmk.vcloudexpress.compute.TerremarkVCloudExpressTemplateBuilderLiveTest) succeeded: 7ms
Test suite progress: tests succeeded: 84, failed: 0, skipped: 0.
Starting test testTemplateBuilderCanFind(org.jclouds.trmk.vcloudexpress.compute.TerremarkVCloudExpressTemplateBuilderLiveTest)
[TestNG] Test testTemplateBuilderCanFind(org.jclouds.trmk.vcloudexpress.compute.TerremarkVCloudExpressTemplateBuilderLiveTest) succeeded: 3ms
Test suite progress: tests succeeded: 85, failed: 0, skipped: 0.
Starting test testTemplateBuilderCanFind(org.jclouds.trmk.vcloudexpress.compute.TerremarkVCloudExpressTemplateBuilderLiveTest)
[TestNG] Test testTemplateBuilderCanFind(org.jclouds.trmk.vcloudexpress.compute.TerremarkVCloudExpressTemplateBuilderLiveTest) succeeded: 2ms
Test suite progress: tests succeeded: 86, failed: 0, skipped: 0.
Starting test testTemplateBuilderCanFind(org.jclouds.trmk.vcloudexpress.compute.TerremarkVCloudExpressTemplateBuilderLiveTest)
[TestNG] Test testTemplateBuilderCanFind(org.jclouds.trmk.vcloudexpress.compute.TerremarkVCloudExpressTemplateBuilderLiveTest) succeeded: 1ms
Test suite progress: tests succeeded: 87, failed: 0, skipped: 0.
Starting test testTemplateBuilderCanFind(org.jclouds.trmk.vcloudexpress.compute.TerremarkVCloudExpressTemplateBuilderLiveTest)
[TestNG] Test testTemplateBuilderCanFind(org.jclouds.trmk.vcloudexpress.compute.TerremarkVCloudExpressTemplateBuilderLiveTest) succeeded: 22ms
Test suite progress: tests succeeded: 88, failed: 0, skipped: 0.
Starting test testTemplateBuilderCanFind(org.jclouds.trmk.vcloudexpress.compute.TerremarkVCloudExpressTemplateBuilderLiveTest)
[TestNG] Test testTemplateBuilderCanFind(org.jclouds.trmk.vcloudexpress.compute.TerremarkVCloudExpressTemplateBuilderLiveTest) succeeded: 0ms
Test suite progress: tests succeeded: 89, failed: 0, skipped: 0.
Starting test testTemplateBuilderCanFind(org.jclouds.trmk.vcloudexpress.compute.TerremarkVCloudExpressTemplateBuilderLiveTest)
[TestNG] Test testTemplateBuilderCanFind(org.jclouds.trmk.vcloudexpress.compute.TerremarkVCloudExpressTemplateBuilderLiveTest) succeeded: 1ms
Test suite progress: tests succeeded: 90, failed: 0, skipped: 0.
Starting test testTemplateBuilderCanFind(org.jclouds.trmk.vcloudexpress.compute.TerremarkVCloudExpressTemplateBuilderLiveTest)
[TestNG] Test testTemplateBuilderCanFind(org.jclouds.trmk.vcloudexpress.compute.TerremarkVCloudExpressTemplateBuilderLiveTest) succeeded: 0ms
Test suite progress: tests succeeded: 91, failed: 0, skipped: 0.
Starting test testTemplateBuilderCanFind(org.jclouds.trmk.vcloudexpress.compute.TerremarkVCloudExpressTemplateBuilderLiveTest)
[TestNG] Test testTemplateBuilderCanFind(org.jclouds.trmk.vcloudexpress.compute.TerremarkVCloudExpressTemplateBuilderLiveTest) succeeded: 0ms
Test suite progress: tests succeeded: 92, failed: 0, skipped: 0.
Starting test testTemplateBuilderCanFind(org.jclouds.trmk.vcloudexpress.compute.TerremarkVCloudExpressTemplateBuilderLiveTest)
[TestNG] Test testTemplateBuilderCanFind(org.jclouds.trmk.vcloudexpress.compute.TerremarkVCloudExpressTemplateBuilderLiveTest) succeeded: 1ms
Test suite progress: tests succeeded: 93, failed: 0, skipped: 0.
Starting test testTemplateBuilderCanFind(org.jclouds.trmk.vcloudexpress.compute.TerremarkVCloudExpressTemplateBuilderLiveTest)
[TestNG] Test testTemplateBuilderCanFind(org.jclouds.trmk.vcloudexpress.compute.TerremarkVCloudExpressTemplateBuilderLiveTest) succeeded: 1ms
Test suite progress: tests succeeded: 94, failed: 0, skipped: 0.
Starting test testTemplateBuilderCanFind(org.jclouds.trmk.vcloudexpress.compute.TerremarkVCloudExpressTemplateBuilderLiveTest)
[TestNG] Test testTemplateBuilderCanFind(org.jclouds.trmk.vcloudexpress.compute.TerremarkVCloudExpressTemplateBuilderLiveTest) succeeded: 2ms
Test suite progress: tests succeeded: 95, failed: 0, skipped: 0.
Starting test testTemplateBuilderCanFind(org.jclouds.trmk.vcloudexpress.compute.TerremarkVCloudExpressTemplateBuilderLiveTest)
[TestNG] Test testTemplateBuilderCanFind(org.jclouds.trmk.vcloudexpress.compute.TerremarkVCloudExpressTemplateBuilderLiveTest) succeeded: 1ms
Test suite progress: tests succeeded: 96, failed: 0, skipped: 0.
Starting test testTemplateBuilderCanFind(org.jclouds.trmk.vcloudexpress.compute.TerremarkVCloudExpressTemplateBuilderLiveTest)
[TestNG] Test testTemplateBuilderCanFind(org.jclouds.trmk.vcloudexpress.compute.TerremarkVCloudExpressTemplateBuilderLiveTest) succeeded: 1ms
Test suite progress: tests succeeded: 97, failed: 0, skipped: 0.
Starting test testTemplateBuilderCanFind(org.jclouds.trmk.vcloudexpress.compute.TerremarkVCloudExpressTemplateBuilderLiveTest)
[TestNG] Test testTemplateBuilderCanFind(org.jclouds.trmk.vcloudexpress.compute.TerremarkVCloudExpressTemplateBuilderLiveTest) succeeded: 19ms
Test suite progress: tests succeeded: 98, failed: 0, skipped: 0.
Starting test testTemplateBuilderCanFind(org.jclouds.trmk.vcloudexpress.compute.TerremarkVCloudExpressTemplateBuilderLiveTest)
[TestNG] Test testTemplateBuilderCanFind(org.jclouds.trmk.vcloudexpress.compute.TerremarkVCloudExpressTemplateBuilderLiveTest) succeeded: 1ms
Test suite progress: tests succeeded: 99, failed: 0, skipped: 0.
Starting test testTemplateBuilderCanFind(org.jclouds.trmk.vcloudexpress.compute.TerremarkVCloudExpressTemplateBuilderLiveTest)
[TestNG] Test testTemplateBuilderCanFind(org.jclouds.trmk.vcloudexpress.compute.TerremarkVCloudExpressTemplateBuilderLiveTest) succeeded: 0ms
Test suite progress: tests succeeded: 100, failed: 0, skipped: 0.
Starting test testTemplateBuilderCanFind(org.jclouds.trmk.vcloudexpress.compute.TerremarkVCloudExpressTemplateBuilderLiveTest)
[TestNG] Test testTemplateBuilderCanFind(org.jclouds.trmk.vcloudexpress.compute.TerremarkVCloudExpressTemplateBuilderLiveTest) succeeded: 0ms
Test suite progress: tests succeeded: 101, failed: 0, skipped: 0.
Starting test testTemplateBuilderCanFind(org.jclouds.trmk.vcloudexpress.compute.TerremarkVCloudExpressTemplateBuilderLiveTest)
[TestNG] Test testTemplateBuilderCanFind(org.jclouds.trmk.vcloudexpress.compute.TerremarkVCloudExpressTemplateBuilderLiveTest) succeeded: 1ms
Test suite progress: tests succeeded: 102, failed: 0, skipped: 0.
Starting test testTemplateBuilderCanFind(org.jclouds.trmk.vcloudexpress.compute.TerremarkVCloudExpressTemplateBuilderLiveTest)
[TestNG] Test testTemplateBuilderCanFind(org.jclouds.trmk.vcloudexpress.compute.TerremarkVCloudExpressTemplateBuilderLiveTest) succeeded: 2ms
Test suite progress: tests succeeded: 103, failed: 0, skipped: 0.
Starting test testAScriptExecutionAfterBootWithBasicTemplate(org.jclouds.trmk.vcloudexpress.compute.TerremarkVCloudExpressComputeServiceLiveTest)
<< problem applying options to node(https://services.vcloudexpress.terremark.com/api/v0.8a-ext1.6/vapp/423582): 
java.lang.RuntimeException: org.jclouds.compute.callables.ScriptStillRunningException: time up waiting 600s for running task[RunScriptOnNodeAsInitScriptUsingSshAndBlockUntilComplete{node=[id=https://services.vcloudexpress.terremark.com/api/v0.8a-ext1.6/vapp/423582, providerId=https://services.vcloudexpress.terremark.com/api/v0.8a-ext1.6/vapp/423582, group=vcxr, name=vcxr-68e, location=[id=https://services.vcloudexpress.terremark.com/api/v0.8a-ext1.6/vdc/32, scope=ZONE, description=Miami Environment 1, parent=https://services.vcloudexpress.terremark.com/api/v0.8a-ext1.6/org/48, iso3166Codes=[], metadata={}], uri=https://services.vcloudexpress.terremark.com/api/v0.8a-ext1.6/vapp/423582, imageId=null, os=[name=46, family=ubuntu, version=, arch=null, is64Bit=true, description=Ubuntu Linux (64-bit)], state=RUNNING, loginPort=22, hostname=vcxr-68e, privateAddresses=[10.114.34.131], publicAddresses=[204.51.124.221], hardware=[id=https://services.vcloudexpress.terremark.com/api/v0.8a-ext1.6/vapp/423582, providerId=https://services.vcloudexpress.terremark.com/api/v0.8a-ext1.6/vapp/423582, name=vcxr-68e, processors=[[cores=1.0, speed=1.0]], ram=512, volumes=[[id=0, type=LOCAL, size=4.0, device=null, durable=true, isBootDevice=true]], supportsImage=idEquals(https://services.vcloudexpress.terremark.com/api/v0.8a-ext1.6/vapp/423582), tags=[]], loginUser=vcloud, userMetadata={}, tags=[]], name=runScriptWithCreds, runAsRoot=true}] to complete. call get() on this exception to get access to the task in progress
	at com.google.common.base.Throwables.propagate(Throwables.java:156)
	at org.jclouds.compute.callables.RunScriptOnNodeAsInitScriptUsingSshAndBlockUntilComplete.doCall(RunScriptOnNodeAsInitScriptUsingSshAndBlockUntilComplete.java:62)
	at org.jclouds.compute.callables.RunScriptOnNodeAsInitScriptUsingSsh.call(RunScriptOnNodeAsInitScriptUsingSsh.java:91)
	at org.jclouds.compute.strategy.RunScriptOnNodeAndAddToGoodMapOrPutExceptionIntoBadMap.call(RunScriptOnNodeAndAddToGoodMapOrPutExceptionIntoBadMap.java:69)
	at org.jclouds.compute.strategy.RunScriptOnNodeAndAddToGoodMapOrPutExceptionIntoBadMap.call(RunScriptOnNodeAndAddToGoodMapOrPutExceptionIntoBadMap.java:44)
	at java.util.concurrent.FutureTask$Sync.innerRun(FutureTask.java:303)
	at java.util.concurrent.FutureTask.run(FutureTask.java:138)
	at java.util.concurrent.ThreadPoolExecutor$Worker.runTask(ThreadPoolExecutor.java:886)
	at java.util.concurrent.ThreadPoolExecutor$Worker.run(ThreadPoolExecutor.java:908)
	at java.lang.Thread.run(Thread.java:680)
Caused by: org.jclouds.compute.callables.ScriptStillRunningException: time up waiting 600s for running task[RunScriptOnNodeAsInitScriptUsingSshAndBlockUntilComplete{node=[id=https://services.vcloudexpress.terremark.com/api/v0.8a-ext1.6/vapp/423582, providerId=https://services.vcloudexpress.terremark.com/api/v0.8a-ext1.6/vapp/423582, group=vcxr, name=vcxr-68e, location=[id=https://services.vcloudexpress.terremark.com/api/v0.8a-ext1.6/vdc/32, scope=ZONE, description=Miami Environment 1, parent=https://services.vcloudexpress.terremark.com/api/v0.8a-ext1.6/org/48, iso3166Codes=[], metadata={}], uri=https://services.vcloudexpress.terremark.com/api/v0.8a-ext1.6/vapp/423582, imageId=null, os=[name=46, family=ubuntu, version=, arch=null, is64Bit=true, description=Ubuntu Linux (64-bit)], state=RUNNING, loginPort=22, hostname=vcxr-68e, privateAddresses=[10.114.34.131], publicAddresses=[204.51.124.221], hardware=[id=https://services.vcloudexpress.terremark.com/api/v0.8a-ext1.6/vapp/423582, providerId=https://services.vcloudexpress.terremark.com/api/v0.8a-ext1.6/vapp/423582, name=vcxr-68e, processors=[[cores=1.0, speed=1.0]], ram=512, volumes=[[id=0, type=LOCAL, size=4.0, device=null, durable=true, isBootDevice=true]], supportsImage=idEquals(https://services.vcloudexpress.terremark.com/api/v0.8a-ext1.6/vapp/423582), tags=[]], loginUser=vcloud, userMetadata={}, tags=[]], name=runScriptWithCreds, runAsRoot=true}] to complete. call get() on this exception to get access to the task in progress
	at org.jclouds.compute.callables.BlockUntilInitScriptStatusIsZeroThenReturnOutput.get(BlockUntilInitScriptStatusIsZeroThenReturnOutput.java:195)
	at org.jclouds.compute.callables.RunScriptOnNodeAsInitScriptUsingSshAndBlockUntilComplete.doCall(RunScriptOnNodeAsInitScriptUsingSshAndBlockUntilComplete.java:60)
	... 8 more
[TestNG] Test testAScriptExecutionAfterBootWithBasicTemplate(org.jclouds.trmk.vcloudexpress.compute.TerremarkVCloudExpressComputeServiceLiveTest) failed.
Test suite progress: tests succeeded: 103, failed: 1, skipped: 0.
Starting test testCreateTwoNodesWithRunScript(org.jclouds.trmk.vcloudexpress.compute.TerremarkVCloudExpressComputeServiceLiveTest)
