[INFO] Scanning for projects...
[WARNING] 
[WARNING] Some problems were encountered while building the effective model for org.jclouds.provider:trmk-ecloud:bundle:1.3.0-SNAPSHOT
[WARNING] 'parent.relativePath' of POM org.jclouds:jclouds-project:1.3.0-SNAPSHOT (/Users/adriancole/workspace/git/jclouds/project/pom.xml) points at org.jclouds:jclouds-multi instead of org.sonatype.oss:oss-parent, please verify your project structure @ org.jclouds:jclouds-project:1.3.0-SNAPSHOT, /Users/adriancole/workspace/git/jclouds/project/pom.xml, line 24, column 13
[WARNING] 
[WARNING] It is highly recommended to fix these problems because they threaten the stability of your build.
[WARNING] 
[WARNING] For this reason, future Maven versions might no longer support building such malformed projects.
[WARNING] 
[INFO]                                                                         
[INFO] ------------------------------------------------------------------------
[INFO] Building jclouds Terremark Enterprise Cloud provider 1.3.0-SNAPSHOT
[INFO] ------------------------------------------------------------------------
[INFO] 
[INFO] --- maven-clean-plugin:2.4.1:clean (default-clean) @ trmk-ecloud ---
[INFO] Deleting /Users/adriancole/workspace/git/jclouds/providers/trmk-ecloud/target
[INFO] 
[INFO] --- maven-enforcer-plugin:1.0.1:enforce (enforce-maven) @ trmk-ecloud ---
[INFO] 
[INFO] --- maven-enforcer-plugin:1.0.1:enforce (enforce-banned-dependencies) @ trmk-ecloud ---
[INFO] 
[INFO] --- maven-enforcer-plugin:1.0.1:enforce (enforce-java) @ trmk-ecloud ---
[INFO] 
[INFO] --- maven-remote-resources-plugin:1.2:process (process-remote-resources) @ trmk-ecloud ---
[INFO] Setting property: classpath.resource.loader.class => 'org.codehaus.plexus.velocity.ContextClassLoaderResourceLoader'.
[INFO] Setting property: velocimacro.messages.on => 'false'.
[INFO] Setting property: resource.loader => 'classpath'.
[INFO] Setting property: resource.manager.logwhenfound => 'false'.
[INFO] 
[INFO] --- maven-resources-plugin:2.4.2:resources (default-resources) @ trmk-ecloud ---
[INFO] Using 'UTF-8' encoding to copy filtered resources.
[INFO] skip non existing resourceDirectory /Users/adriancole/workspace/git/jclouds/providers/trmk-ecloud/src/main/clojure
[INFO] Copying 1 resource
[INFO] Copying 2 resources
[INFO] 
[INFO] --- maven-compiler-plugin:2.3:compile (default-compile) @ trmk-ecloud ---
[INFO] Compiling 20 source files to /Users/adriancole/workspace/git/jclouds/providers/trmk-ecloud/target/classes
[INFO] 
[INFO] --- maven-resources-plugin:2.4.2:testResources (default-testResources) @ trmk-ecloud ---
[INFO] Using 'UTF-8' encoding to copy filtered resources.
[INFO] skip non existing resourceDirectory /Users/adriancole/workspace/git/jclouds/providers/trmk-ecloud/src/test/clojure
[INFO] Copying 5 resources
[INFO] Copying 2 resources
[INFO] 
[INFO] --- maven-compiler-plugin:2.3:testCompile (default-testCompile) @ trmk-ecloud ---
[INFO] Compiling 14 source files to /Users/adriancole/workspace/git/jclouds/providers/trmk-ecloud/target/test-classes
[INFO] 
[INFO] --- maven-surefire-plugin:2.10:test (default-test) @ trmk-ecloud ---
[INFO] Surefire report directory: /Users/adriancole/workspace/git/jclouds/providers/trmk-ecloud/target/surefire-reports
[INFO] Using configured provider org.apache.maven.surefire.testng.TestNGProvider

-------------------------------------------------------
 T E S T S
-------------------------------------------------------
Running TestSuite
Starting test test(org.jclouds.trmk.ecloud.compute.functions.TerremarkECloudParseOsFromVAppTemplateNameTest)
;[pool-2-thread-1] Test test(org.jclouds.trmk.ecloud.compute.functions.TerremarkECloudParseOsFromVAppTemplateNameTest) succeeded: 1901ms
Test suite progress: tests succeeded: 1, failed: 0, skipped: 0.
Starting test testlistDataCentersInOrg(org.jclouds.trmk.ecloud.features.DataCenterOperationsAsyncClientTest)
Starting test testlistDataCenters(org.jclouds.trmk.ecloud.features.DataCenterOperationsAsyncClientTest)
[pool-3-thread-2] Test testlistDataCentersInOrg(org.jclouds.trmk.ecloud.features.DataCenterOperationsAsyncClientTest) succeeded: 173ms
Test suite progress: tests succeeded: 2, failed: 0, skipped: 0.
[pool-3-thread-1] Test testlistDataCenters(org.jclouds.trmk.ecloud.features.DataCenterOperationsAsyncClientTest) succeeded: 130ms
Test suite progress: tests succeeded: 3, failed: 0, skipped: 0.
Starting test testgetTagNameToUsageCount(org.jclouds.trmk.ecloud.features.TagOperationsAsyncClientTest)
Starting test testgetTagNameToUsageCountInOrg(org.jclouds.trmk.ecloud.features.TagOperationsAsyncClientTest)
[pool-4-thread-2] Test testgetTagNameToUsageCountInOrg(org.jclouds.trmk.ecloud.features.TagOperationsAsyncClientTest) succeeded: 18ms
Test suite progress: tests succeeded: 4, failed: 0, skipped: 0.
[pool-4-thread-1] Test testgetTagNameToUsageCount(org.jclouds.trmk.ecloud.features.TagOperationsAsyncClientTest) succeeded: 32ms
Test suite progress: tests succeeded: 5, failed: 0, skipped: 0.
Starting test testActivatePublicIpInVDC(org.jclouds.trmk.ecloud.TerremarkECloudAsyncClientTest)
[pool-5-thread-1] Test testActivatePublicIpInVDC(org.jclouds.trmk.ecloud.TerremarkECloudAsyncClientTest) succeeded: 123ms
Test suite progress: tests succeeded: 6, failed: 0, skipped: 0.
Starting test testAddInternetServiceToExistingIp(org.jclouds.trmk.ecloud.TerremarkECloudAsyncClientTest)
[pool-5-thread-1] Test testAddInternetServiceToExistingIp(org.jclouds.trmk.ecloud.TerremarkECloudAsyncClientTest) succeeded: 99ms
Test suite progress: tests succeeded: 7, failed: 0, skipped: 0.
Starting test testAddInternetServiceToExistingIpOptions(org.jclouds.trmk.ecloud.TerremarkECloudAsyncClientTest)
[pool-5-thread-1] Test testAddInternetServiceToExistingIpOptions(org.jclouds.trmk.ecloud.TerremarkECloudAsyncClientTest) succeeded: 6ms
Test suite progress: tests succeeded: 8, failed: 0, skipped: 0.
Starting test testAddNode(org.jclouds.trmk.ecloud.TerremarkECloudAsyncClientTest)
[pool-5-thread-1] Test testAddNode(org.jclouds.trmk.ecloud.TerremarkECloudAsyncClientTest) succeeded: 101ms
Test suite progress: tests succeeded: 9, failed: 0, skipped: 0.
Starting test testAddNodeOptions(org.jclouds.trmk.ecloud.TerremarkECloudAsyncClientTest)
[pool-5-thread-1] Test testAddNodeOptions(org.jclouds.trmk.ecloud.TerremarkECloudAsyncClientTest) succeeded: 8ms
Test suite progress: tests succeeded: 10, failed: 0, skipped: 0.
Starting test testCatalog(org.jclouds.trmk.ecloud.TerremarkECloudAsyncClientTest)
[pool-5-thread-1] Test testCatalog(org.jclouds.trmk.ecloud.TerremarkECloudAsyncClientTest) succeeded: 2ms
Test suite progress: tests succeeded: 11, failed: 0, skipped: 0.
Starting test testConfigureNodeNoDescription(org.jclouds.trmk.ecloud.TerremarkECloudAsyncClientTest)
[pool-5-thread-1] Test testConfigureNodeNoDescription(org.jclouds.trmk.ecloud.TerremarkECloudAsyncClientTest) succeeded: 189ms
Test suite progress: tests succeeded: 12, failed: 0, skipped: 0.
Starting test testConfigureNodeWithDescription(org.jclouds.trmk.ecloud.TerremarkECloudAsyncClientTest)
[pool-5-thread-1] Test testConfigureNodeWithDescription(org.jclouds.trmk.ecloud.TerremarkECloudAsyncClientTest) succeeded: 147ms
Test suite progress: tests succeeded: 13, failed: 0, skipped: 0.
Starting test testDelete(org.jclouds.trmk.ecloud.TerremarkECloudAsyncClientTest)
[pool-5-thread-1] Test testDelete(org.jclouds.trmk.ecloud.TerremarkECloudAsyncClientTest) succeeded: 19ms
Test suite progress: tests succeeded: 14, failed: 0, skipped: 0.
Starting test testDeleteInternetService(org.jclouds.trmk.ecloud.TerremarkECloudAsyncClientTest)
[pool-5-thread-1] Test testDeleteInternetService(org.jclouds.trmk.ecloud.TerremarkECloudAsyncClientTest) succeeded: 6ms
Test suite progress: tests succeeded: 15, failed: 0, skipped: 0.
Starting test testDeleteKeyPair(org.jclouds.trmk.ecloud.TerremarkECloudAsyncClientTest)
[pool-5-thread-1] Test testDeleteKeyPair(org.jclouds.trmk.ecloud.TerremarkECloudAsyncClientTest) succeeded: 5ms
Test suite progress: tests succeeded: 16, failed: 0, skipped: 0.
Starting test testDeleteNode(org.jclouds.trmk.ecloud.TerremarkECloudAsyncClientTest)
[pool-5-thread-1] Test testDeleteNode(org.jclouds.trmk.ecloud.TerremarkECloudAsyncClientTest) succeeded: 1ms
Test suite progress: tests succeeded: 17, failed: 0, skipped: 0.
Starting test testFindNetworkInOrgVDCNamed(org.jclouds.trmk.ecloud.TerremarkECloudAsyncClientTest)
[pool-5-thread-1] Test testFindNetworkInOrgVDCNamed(org.jclouds.trmk.ecloud.TerremarkECloudAsyncClientTest) succeeded: 73ms
Test suite progress: tests succeeded: 18, failed: 0, skipped: 0.
Starting test testGetAllInternetServices(org.jclouds.trmk.ecloud.TerremarkECloudAsyncClientTest)
[pool-5-thread-1] Test testGetAllInternetServices(org.jclouds.trmk.ecloud.TerremarkECloudAsyncClientTest) succeeded: 23ms
Test suite progress: tests succeeded: 19, failed: 0, skipped: 0.
Starting test testGetCustomizationOptionsOfCatalogItem(org.jclouds.trmk.ecloud.TerremarkECloudAsyncClientTest)
[pool-5-thread-1] Test testGetCustomizationOptionsOfCatalogItem(org.jclouds.trmk.ecloud.TerremarkECloudAsyncClientTest) succeeded: 6ms
Test suite progress: tests succeeded: 20, failed: 0, skipped: 0.
Starting test testGetExtendedInfo(org.jclouds.trmk.ecloud.TerremarkECloudAsyncClientTest)
[pool-5-thread-1] Test testGetExtendedInfo(org.jclouds.trmk.ecloud.TerremarkECloudAsyncClientTest) succeeded: 19ms
Test suite progress: tests succeeded: 21, failed: 0, skipped: 0.
Starting test testGetInternetService(org.jclouds.trmk.ecloud.TerremarkECloudAsyncClientTest)
[pool-5-thread-1] Test testGetInternetService(org.jclouds.trmk.ecloud.TerremarkECloudAsyncClientTest) succeeded: 17ms
Test suite progress: tests succeeded: 22, failed: 0, skipped: 0.
Starting test testGetKeyPair(org.jclouds.trmk.ecloud.TerremarkECloudAsyncClientTest)
[pool-5-thread-1] Test testGetKeyPair(org.jclouds.trmk.ecloud.TerremarkECloudAsyncClientTest) succeeded: 30ms
Test suite progress: tests succeeded: 23, failed: 0, skipped: 0.
Starting test testGetKeyPairInOrg(org.jclouds.trmk.ecloud.TerremarkECloudAsyncClientTest)
[pool-5-thread-1] Test testGetKeyPairInOrg(org.jclouds.trmk.ecloud.TerremarkECloudAsyncClientTest) succeeded: 113ms
Test suite progress: tests succeeded: 24, failed: 0, skipped: 0.
Starting test testGetNode(org.jclouds.trmk.ecloud.TerremarkECloudAsyncClientTest)
[pool-5-thread-1] Test testGetNode(org.jclouds.trmk.ecloud.TerremarkECloudAsyncClientTest) succeeded: 2ms
Test suite progress: tests succeeded: 25, failed: 0, skipped: 0.
Starting test testGetNodes(org.jclouds.trmk.ecloud.TerremarkECloudAsyncClientTest)
[pool-5-thread-1] Test testGetNodes(org.jclouds.trmk.ecloud.TerremarkECloudAsyncClientTest) succeeded: 21ms
Test suite progress: tests succeeded: 26, failed: 0, skipped: 0.
Starting test testGetVDC(org.jclouds.trmk.ecloud.TerremarkECloudAsyncClientTest)
[pool-5-thread-1] Test testGetVDC(org.jclouds.trmk.ecloud.TerremarkECloudAsyncClientTest) succeeded: 5ms
Test suite progress: tests succeeded: 27, failed: 0, skipped: 0.
Starting test testInstantiateVAppTemplateInVDCURI(org.jclouds.trmk.ecloud.TerremarkECloudAsyncClientTest)
[pool-5-thread-1] Test testInstantiateVAppTemplateInVDCURI(org.jclouds.trmk.ecloud.TerremarkECloudAsyncClientTest) succeeded: 57ms
Test suite progress: tests succeeded: 28, failed: 0, skipped: 0.
Starting test testInstantiateVAppTemplateInVDCURIOptions(org.jclouds.trmk.ecloud.TerremarkECloudAsyncClientTest)
[pool-5-thread-1] Test testInstantiateVAppTemplateInVDCURIOptions(org.jclouds.trmk.ecloud.TerremarkECloudAsyncClientTest) succeeded: 34ms
Test suite progress: tests succeeded: 29, failed: 0, skipped: 0.
Starting test testListKeyPairsInOrg(org.jclouds.trmk.ecloud.TerremarkECloudAsyncClientTest)
[pool-5-thread-1] Test testListKeyPairsInOrg(org.jclouds.trmk.ecloud.TerremarkECloudAsyncClientTest) succeeded: 26ms
Test suite progress: tests succeeded: 30, failed: 0, skipped: 0.
Starting test testListKeyPairsInOrgNotFound(org.jclouds.trmk.ecloud.TerremarkECloudAsyncClientTest)
[pool-5-thread-1] Test testListKeyPairsInOrgNotFound(org.jclouds.trmk.ecloud.TerremarkECloudAsyncClientTest) succeeded: 1ms
Test suite progress: tests succeeded: 31, failed: 0, skipped: 0.
Starting test testListOrgs(org.jclouds.trmk.ecloud.TerremarkECloudAsyncClientTest)
[pool-5-thread-1] Test testListOrgs(org.jclouds.trmk.ecloud.TerremarkECloudAsyncClientTest) succeeded: 2ms
Test suite progress: tests succeeded: 32, failed: 0, skipped: 0.
Starting test testNetwork(org.jclouds.trmk.ecloud.TerremarkECloudAsyncClientTest)
[pool-5-thread-1] Test testNetwork(org.jclouds.trmk.ecloud.TerremarkECloudAsyncClientTest) succeeded: 6ms
Test suite progress: tests succeeded: 33, failed: 0, skipped: 0.
Starting test testAllContains(org.jclouds.trmk.ecloud.TerremarkECloudProviderTest)
Starting test testInRestProperties(org.jclouds.trmk.ecloud.TerremarkECloudProviderTest)
[pool-6-thread-1] Test testAllContains(org.jclouds.trmk.ecloud.TerremarkECloudProviderTest) succeeded: 13ms
Test suite progress: tests succeeded: 34, failed: 0, skipped: 0.
Starting test testOfTypeContains(org.jclouds.trmk.ecloud.TerremarkECloudProviderTest)
Starting test testWithId(org.jclouds.trmk.ecloud.TerremarkECloudProviderTest)
[pool-6-thread-3] Test testOfTypeContains(org.jclouds.trmk.ecloud.TerremarkECloudProviderTest) succeeded: 49ms
Test suite progress: tests succeeded: 35, failed: 0, skipped: 0.
[pool-6-thread-4] Test testWithId(org.jclouds.trmk.ecloud.TerremarkECloudProviderTest) succeeded: 52ms
Test suite progress: tests succeeded: 36, failed: 0, skipped: 0.
[pool-6-thread-2] Test testInRestProperties(org.jclouds.trmk.ecloud.TerremarkECloudProviderTest) succeeded: 127ms
Test suite progress: tests succeeded: 37, failed: 0, skipped: 0.
Starting test testApplyInputStream(org.jclouds.trmk.ecloud.xml.ECloudOrgHandlerTest)
[pool-7-thread-1] Test testApplyInputStream(org.jclouds.trmk.ecloud.xml.ECloudOrgHandlerTest) succeeded: 7ms
Test suite progress: tests succeeded: 38, failed: 0, skipped: 0.
Starting test testApplyInputStream(org.jclouds.trmk.ecloud.xml.TagNameToUsageCountHandlerTest)
[pool-8-thread-1] Test testApplyInputStream(org.jclouds.trmk.ecloud.xml.TagNameToUsageCountHandlerTest) succeeded: 2ms
Test suite progress: tests succeeded: 39, failed: 0, skipped: 0.
Tests run: 39, Failures: 0, Errors: 0, Skipped: 0, Time elapsed: 11.347 sec

Results :

Tests run: 39, Failures: 0, Errors: 0, Skipped: 0

[INFO] 
[INFO] --- clojure-maven-plugin:1.3.8:test (test-clojure) @ trmk-ecloud ---

Testing com.theoryinpractise.clojure.testrunner

Ran 0 tests containing 0 assertions.
0 failures, 0 errors.
[INFO] 
[INFO] --- maven-bundle-plugin:2.3.4:bundle (default-bundle) @ trmk-ecloud ---
[INFO] 
[INFO] --- maven-source-plugin:2.1.1:jar-no-fork (attach-sources) @ trmk-ecloud ---
[INFO] Building jar: /Users/adriancole/workspace/git/jclouds/providers/trmk-ecloud/target/trmk-ecloud-1.3.0-SNAPSHOT-sources.jar
[INFO] 
[INFO] --- maven-javadoc-plugin:2.8:jar (javadoc) @ trmk-ecloud ---
[INFO] Skipping javadoc generation
[INFO] 
[INFO] --- maven-jar-plugin:2.3.1:test-jar (default) @ trmk-ecloud ---
[INFO] Building jar: /Users/adriancole/workspace/git/jclouds/providers/trmk-ecloud/target/trmk-ecloud-1.3.0-SNAPSHOT-tests.jar
[INFO] 
[INFO] --- maven-surefire-plugin:2.10:test (integration) @ trmk-ecloud ---
[INFO] Surefire report directory: /Users/adriancole/workspace/git/jclouds/providers/trmk-ecloud/target/surefire-reports
[INFO] Using configured provider org.apache.maven.surefire.testng.TestNGProvider

-------------------------------------------------------
 T E S T S
-------------------------------------------------------
Running TestSuite
Starting test testCompareSizes(org.jclouds.trmk.ecloud.compute.TerremarkECloudComputeServiceLiveTest)
;;Jan 15, 2012 10:44:57 AM org.jclouds.compute.BaseComputeServiceLiveTest testCompareSizes
INFO: smallest [id=cpu=1,ram=512,disk=10, providerId=cpu=1,ram=512,disk=10, name=null, processors=[[cores=1.0, speed=1.0]], ram=512, volumes=[[id=null, type=LOCAL, size=10.0, device=null, durable=true, isBootDevice=true]], supportsImage=ALWAYS_TRUE, tags=[]]
Jan 15, 2012 10:44:57 AM org.jclouds.compute.BaseComputeServiceLiveTest testCompareSizes
INFO: fastest [id=cpu=8,ram=512,disk=10, providerId=cpu=8,ram=512,disk=10, name=null, processors=[[cores=8.0, speed=1.0]], ram=512, volumes=[[id=null, type=LOCAL, size=10.0, device=null, durable=true, isBootDevice=true]], supportsImage=ALWAYS_TRUE, tags=[]]
Jan 15, 2012 10:44:57 AM org.jclouds.compute.BaseComputeServiceLiveTest testCompareSizes
INFO: biggest [id=cpu=8,ram=16384,disk=10, providerId=cpu=8,ram=16384,disk=10, name=null, processors=[[cores=8.0, speed=1.0]], ram=16384, volumes=[[id=null, type=LOCAL, size=10.0, device=null, durable=true, isBootDevice=true]], supportsImage=ALWAYS_TRUE, tags=[]]
[TestNG] Test testCompareSizes(org.jclouds.trmk.ecloud.compute.TerremarkECloudComputeServiceLiveTest) succeeded: 11941ms
Test suite progress: tests succeeded: 1, failed: 0, skipped: 0.
Starting test testCorrectAuthException(org.jclouds.trmk.ecloud.compute.TerremarkECloudComputeServiceLiveTest)
[TestNG] Test testCorrectAuthException(org.jclouds.trmk.ecloud.compute.TerremarkECloudComputeServiceLiveTest) succeeded: 987ms
Test suite progress: tests succeeded: 2, failed: 0, skipped: 0.
Starting test testCreateAndRunAService(org.jclouds.trmk.ecloud.compute.TerremarkECloudComputeServiceLiveTest)
Jan 15, 2012 10:48:28 AM org.jclouds.compute.BaseComputeServiceLiveTest testCreateAndRunAService
INFO: << available node(https://services.enterprisecloud.terremark.com/api/v0.8b-ext2.8/vapp/233102) os([name=46, family=ubuntu, version=, arch=null, is64Bit=true, description=Ubuntu Linux (64-bit)]) in 180s
SLF4J: Failed to load class "org.slf4j.impl.StaticLoggerBinder".
SLF4J: Defaulting to no-operation (NOP) logger implementation
SLF4J: See http://www.slf4j.org/codes.html#StaticLoggerBinder for further details.
[TestNG] Test testCreateAndRunAService(org.jclouds.trmk.ecloud.compute.TerremarkECloudComputeServiceLiveTest) failed.
Test suite progress: tests succeeded: 2, failed: 1, skipped: 0.
Starting test testGetAssignableLocations(org.jclouds.trmk.ecloud.compute.TerremarkECloudComputeServiceLiveTest)
Jan 15, 2012 11:01:38 AM org.jclouds.compute.BaseComputeServiceLiveTest testGetAssignableLocations
WARNING: location [id=https://services.enterprisecloud.terremark.com/api/v0.8b-ext2.8/vdc/1169, scope=ZONE, description=Cloud Conscious LLC - AMA, parent=https://services.enterprisecloud.terremark.com/api/v0.8b-ext2.8/org/1910324, iso3166Codes=[], metadata={}]
Jan 15, 2012 11:01:38 AM org.jclouds.compute.BaseComputeServiceLiveTest testGetAssignableLocations
WARNING: location [id=https://services.enterprisecloud.terremark.com/api/v0.8b-ext2.8/vdc/1155, scope=ZONE, description=Cloud Conscious LLC - MIA, parent=https://services.enterprisecloud.terremark.com/api/v0.8b-ext2.8/org/1910324, iso3166Codes=[], metadata={}]
[TestNG] Test testGetAssignableLocations(org.jclouds.trmk.ecloud.compute.TerremarkECloudComputeServiceLiveTest) succeeded: 11ms
Test suite progress: tests succeeded: 3, failed: 1, skipped: 0.
Starting test testImagesCache(org.jclouds.trmk.ecloud.compute.TerremarkECloudComputeServiceLiveTest)
;;[TestNG] Test testImagesCache(org.jclouds.trmk.ecloud.compute.TerremarkECloudComputeServiceLiveTest) succeeded: 11832ms
Test suite progress: tests succeeded: 4, failed: 1, skipped: 0.
Starting test testListSizes(org.jclouds.trmk.ecloud.compute.TerremarkECloudComputeServiceLiveTest)
[TestNG] Test testListSizes(org.jclouds.trmk.ecloud.compute.TerremarkECloudComputeServiceLiveTest) succeeded: 1ms
Test suite progress: tests succeeded: 5, failed: 1, skipped: 0.
Starting test testOptionToNotBlock(org.jclouds.trmk.ecloud.compute.TerremarkECloudComputeServiceLiveTest)
[TestNG] Test testOptionToNotBlock(org.jclouds.trmk.ecloud.compute.TerremarkECloudComputeServiceLiveTest) succeeded: 203490ms
Test suite progress: tests succeeded: 6, failed: 1, skipped: 0.
Starting test setServiceDefaults(org.jclouds.trmk.ecloud.compute.TerremarkECloudComputeServiceLiveTest)
[TestNG] Test setServiceDefaults(org.jclouds.trmk.ecloud.compute.TerremarkECloudComputeServiceLiveTest) succeeded: 0ms
Test suite progress: tests succeeded: 7, failed: 1, skipped: 0.
Starting test testDestroyNodes(org.jclouds.trmk.ecloud.compute.TerremarkECloudComputeServiceLiveTest)
[TestNG] Test testDestroyNodes(org.jclouds.trmk.ecloud.compute.TerremarkECloudComputeServiceLiveTest) succeeded: 91915ms
Test suite progress: tests succeeded: 8, failed: 1, skipped: 0.
Starting test testListImages(org.jclouds.trmk.ecloud.compute.TerremarkECloudComputeServiceLiveTest)
[TestNG] Test testListImages(org.jclouds.trmk.ecloud.compute.TerremarkECloudComputeServiceLiveTest) succeeded: 0ms
Test suite progress: tests succeeded: 9, failed: 1, skipped: 0.
Starting test testListNodes(org.jclouds.trmk.ecloud.compute.TerremarkECloudComputeServiceLiveTest)
[TestNG] Test testListNodes(org.jclouds.trmk.ecloud.compute.TerremarkECloudComputeServiceLiveTest) succeeded: 55903ms
Test suite progress: tests succeeded: 10, failed: 1, skipped: 0.
Starting test testCorrectExceptionRunningNodesNotFound(org.jclouds.trmk.ecloud.compute.TerremarkECloudComputeServiceLiveTest)
[TestNG] Test testCorrectExceptionRunningNodesNotFound(org.jclouds.trmk.ecloud.compute.TerremarkECloudComputeServiceLiveTest) succeeded: 33686ms
Test suite progress: tests succeeded: 11, failed: 1, skipped: 0.
Starting test testCompareSizes(org.jclouds.trmk.ecloud.compute.TerremarkECloudTemplateBuilderLiveTest)
;;smallest [id=cpu=1,ram=512,disk=10, providerId=cpu=1,ram=512,disk=10, name=null, processors=[[cores=1.0, speed=1.0]], ram=512, volumes=[[id=null, type=LOCAL, size=10.0, device=null, durable=true, isBootDevice=true]], supportsImage=ALWAYS_TRUE, tags=[]]
fastest [id=cpu=8,ram=512,disk=10, providerId=cpu=8,ram=512,disk=10, name=null, processors=[[cores=8.0, speed=1.0]], ram=512, volumes=[[id=null, type=LOCAL, size=10.0, device=null, durable=true, isBootDevice=true]], supportsImage=ALWAYS_TRUE, tags=[]]
biggest [id=cpu=8,ram=16384,disk=10, providerId=cpu=8,ram=16384,disk=10, name=null, processors=[[cores=8.0, speed=1.0]], ram=16384, volumes=[[id=null, type=LOCAL, size=10.0, device=null, durable=true, isBootDevice=true]], supportsImage=ALWAYS_TRUE, tags=[]]
[TestNG] Test testCompareSizes(org.jclouds.trmk.ecloud.compute.TerremarkECloudTemplateBuilderLiveTest) succeeded: 14547ms
Test suite progress: tests succeeded: 12, failed: 1, skipped: 0.
Starting test testFromTemplate(org.jclouds.trmk.ecloud.compute.TerremarkECloudTemplateBuilderLiveTest)
[TestNG] Test testFromTemplate(org.jclouds.trmk.ecloud.compute.TerremarkECloudTemplateBuilderLiveTest) succeeded: 4ms
Test suite progress: tests succeeded: 13, failed: 1, skipped: 0.
Starting test testGetAssignableLocations(org.jclouds.trmk.ecloud.compute.TerremarkECloudTemplateBuilderLiveTest)
location [id=https://services.enterprisecloud.terremark.com/api/v0.8b-ext2.8/vdc/1169, scope=ZONE, description=Cloud Conscious LLC - AMA, parent=https://services.enterprisecloud.terremark.com/api/v0.8b-ext2.8/org/1910324, iso3166Codes=[], metadata={}]
location [id=https://services.enterprisecloud.terremark.com/api/v0.8b-ext2.8/vdc/1155, scope=ZONE, description=Cloud Conscious LLC - MIA, parent=https://services.enterprisecloud.terremark.com/api/v0.8b-ext2.8/org/1910324, iso3166Codes=[], metadata={}]
[TestNG] Test testGetAssignableLocations(org.jclouds.trmk.ecloud.compute.TerremarkECloudTemplateBuilderLiveTest) succeeded: 65ms
Test suite progress: tests succeeded: 14, failed: 1, skipped: 0.
Starting test testTemplateBuilderCanFind(org.jclouds.trmk.ecloud.compute.TerremarkECloudTemplateBuilderLiveTest)
[TestNG] Test testTemplateBuilderCanFind(org.jclouds.trmk.ecloud.compute.TerremarkECloudTemplateBuilderLiveTest) succeeded: 64ms
Test suite progress: tests succeeded: 15, failed: 1, skipped: 0.
Starting test testTemplateBuilderCanFind(org.jclouds.trmk.ecloud.compute.TerremarkECloudTemplateBuilderLiveTest)
[TestNG] Test testTemplateBuilderCanFind(org.jclouds.trmk.ecloud.compute.TerremarkECloudTemplateBuilderLiveTest) succeeded: 3ms
Test suite progress: tests succeeded: 16, failed: 1, skipped: 0.
Starting test testTemplateBuilderCanFind(org.jclouds.trmk.ecloud.compute.TerremarkECloudTemplateBuilderLiveTest)
[TestNG] Test testTemplateBuilderCanFind(org.jclouds.trmk.ecloud.compute.TerremarkECloudTemplateBuilderLiveTest) succeeded: 2ms
Test suite progress: tests succeeded: 17, failed: 1, skipped: 0.
Starting test testTemplateBuilderCanFind(org.jclouds.trmk.ecloud.compute.TerremarkECloudTemplateBuilderLiveTest)
[TestNG] Test testTemplateBuilderCanFind(org.jclouds.trmk.ecloud.compute.TerremarkECloudTemplateBuilderLiveTest) succeeded: 132ms
Test suite progress: tests succeeded: 18, failed: 1, skipped: 0.
Starting test testTemplateBuilderCanFind(org.jclouds.trmk.ecloud.compute.TerremarkECloudTemplateBuilderLiveTest)
[TestNG] Test testTemplateBuilderCanFind(org.jclouds.trmk.ecloud.compute.TerremarkECloudTemplateBuilderLiveTest) succeeded: 1ms
Test suite progress: tests succeeded: 19, failed: 1, skipped: 0.
Starting test testTemplateBuilderCanFind(org.jclouds.trmk.ecloud.compute.TerremarkECloudTemplateBuilderLiveTest)
[TestNG] Test testTemplateBuilderCanFind(org.jclouds.trmk.ecloud.compute.TerremarkECloudTemplateBuilderLiveTest) succeeded: 3ms
Test suite progress: tests succeeded: 20, failed: 1, skipped: 0.
Starting test testTemplateBuilderCanFind(org.jclouds.trmk.ecloud.compute.TerremarkECloudTemplateBuilderLiveTest)
[TestNG] Test testTemplateBuilderCanFind(org.jclouds.trmk.ecloud.compute.TerremarkECloudTemplateBuilderLiveTest) succeeded: 67ms
Test suite progress: tests succeeded: 21, failed: 1, skipped: 0.
Starting test testTemplateBuilderCanFind(org.jclouds.trmk.ecloud.compute.TerremarkECloudTemplateBuilderLiveTest)
[TestNG] Test testTemplateBuilderCanFind(org.jclouds.trmk.ecloud.compute.TerremarkECloudTemplateBuilderLiveTest) succeeded: 16ms
Test suite progress: tests succeeded: 22, failed: 1, skipped: 0.
Starting test testTemplateBuilderCanFind(org.jclouds.trmk.ecloud.compute.TerremarkECloudTemplateBuilderLiveTest)
[TestNG] Test testTemplateBuilderCanFind(org.jclouds.trmk.ecloud.compute.TerremarkECloudTemplateBuilderLiveTest) succeeded: 1ms
Test suite progress: tests succeeded: 23, failed: 1, skipped: 0.
Starting test testTemplateBuilderCanFind(org.jclouds.trmk.ecloud.compute.TerremarkECloudTemplateBuilderLiveTest)
[TestNG] Test testTemplateBuilderCanFind(org.jclouds.trmk.ecloud.compute.TerremarkECloudTemplateBuilderLiveTest) succeeded: 2ms
Test suite progress: tests succeeded: 24, failed: 1, skipped: 0.
Starting test testTemplateBuilderCanFind(org.jclouds.trmk.ecloud.compute.TerremarkECloudTemplateBuilderLiveTest)
[TestNG] Test testTemplateBuilderCanFind(org.jclouds.trmk.ecloud.compute.TerremarkECloudTemplateBuilderLiveTest) succeeded: 65ms
Test suite progress: tests succeeded: 25, failed: 1, skipped: 0.
Starting test testTemplateBuilderCanFind(org.jclouds.trmk.ecloud.compute.TerremarkECloudTemplateBuilderLiveTest)
[TestNG] Test testTemplateBuilderCanFind(org.jclouds.trmk.ecloud.compute.TerremarkECloudTemplateBuilderLiveTest) succeeded: 41ms
Test suite progress: tests succeeded: 26, failed: 1, skipped: 0.
Starting test testTemplateBuilderCanFind(org.jclouds.trmk.ecloud.compute.TerremarkECloudTemplateBuilderLiveTest)
[TestNG] Test testTemplateBuilderCanFind(org.jclouds.trmk.ecloud.compute.TerremarkECloudTemplateBuilderLiveTest) succeeded: 141ms
Test suite progress: tests succeeded: 27, failed: 1, skipped: 0.
Starting test testTemplateBuilderCanFind(org.jclouds.trmk.ecloud.compute.TerremarkECloudTemplateBuilderLiveTest)
[TestNG] Test testTemplateBuilderCanFind(org.jclouds.trmk.ecloud.compute.TerremarkECloudTemplateBuilderLiveTest) succeeded: 47ms
Test suite progress: tests succeeded: 28, failed: 1, skipped: 0.
Starting test testTemplateBuilderCanFind(org.jclouds.trmk.ecloud.compute.TerremarkECloudTemplateBuilderLiveTest)
[TestNG] Test testTemplateBuilderCanFind(org.jclouds.trmk.ecloud.compute.TerremarkECloudTemplateBuilderLiveTest) succeeded: 1ms
Test suite progress: tests succeeded: 29, failed: 1, skipped: 0.
Starting test testTemplateBuilderCanFind(org.jclouds.trmk.ecloud.compute.TerremarkECloudTemplateBuilderLiveTest)
[TestNG] Test testTemplateBuilderCanFind(org.jclouds.trmk.ecloud.compute.TerremarkECloudTemplateBuilderLiveTest) succeeded: 14ms
Test suite progress: tests succeeded: 30, failed: 1, skipped: 0.
Starting test testTemplateBuilderCanFind(org.jclouds.trmk.ecloud.compute.TerremarkECloudTemplateBuilderLiveTest)
[TestNG] Test testTemplateBuilderCanFind(org.jclouds.trmk.ecloud.compute.TerremarkECloudTemplateBuilderLiveTest) succeeded: 1ms
Test suite progress: tests succeeded: 31, failed: 1, skipped: 0.
Starting test testTemplateBuilderCanFind(org.jclouds.trmk.ecloud.compute.TerremarkECloudTemplateBuilderLiveTest)
[TestNG] Test testTemplateBuilderCanFind(org.jclouds.trmk.ecloud.compute.TerremarkECloudTemplateBuilderLiveTest) succeeded: 1ms
Test suite progress: tests succeeded: 32, failed: 1, skipped: 0.
Starting test testTemplateBuilderCanFind(org.jclouds.trmk.ecloud.compute.TerremarkECloudTemplateBuilderLiveTest)
[TestNG] Test testTemplateBuilderCanFind(org.jclouds.trmk.ecloud.compute.TerremarkECloudTemplateBuilderLiveTest) succeeded: 9ms
Test suite progress: tests succeeded: 33, failed: 1, skipped: 0.
Starting test testTemplateBuilderCanFind(org.jclouds.trmk.ecloud.compute.TerremarkECloudTemplateBuilderLiveTest)
[TestNG] Test testTemplateBuilderCanFind(org.jclouds.trmk.ecloud.compute.TerremarkECloudTemplateBuilderLiveTest) succeeded: 2ms
Test suite progress: tests succeeded: 34, failed: 1, skipped: 0.
Starting test testTemplateBuilderCanFind(org.jclouds.trmk.ecloud.compute.TerremarkECloudTemplateBuilderLiveTest)
[TestNG] Test testTemplateBuilderCanFind(org.jclouds.trmk.ecloud.compute.TerremarkECloudTemplateBuilderLiveTest) succeeded: 1ms
Test suite progress: tests succeeded: 35, failed: 1, skipped: 0.
Starting test testTemplateBuilderCanFind(org.jclouds.trmk.ecloud.compute.TerremarkECloudTemplateBuilderLiveTest)
[TestNG] Test testTemplateBuilderCanFind(org.jclouds.trmk.ecloud.compute.TerremarkECloudTemplateBuilderLiveTest) succeeded: 1ms
Test suite progress: tests succeeded: 36, failed: 1, skipped: 0.
Starting test testTemplateBuilderCanFind(org.jclouds.trmk.ecloud.compute.TerremarkECloudTemplateBuilderLiveTest)
[TestNG] Test testTemplateBuilderCanFind(org.jclouds.trmk.ecloud.compute.TerremarkECloudTemplateBuilderLiveTest) succeeded: 0ms
Test suite progress: tests succeeded: 37, failed: 1, skipped: 0.
Starting test testTemplateBuilderCanFind(org.jclouds.trmk.ecloud.compute.TerremarkECloudTemplateBuilderLiveTest)
[TestNG] Test testTemplateBuilderCanFind(org.jclouds.trmk.ecloud.compute.TerremarkECloudTemplateBuilderLiveTest) succeeded: 1ms
Test suite progress: tests succeeded: 38, failed: 1, skipped: 0.
Starting test testTemplateBuilderCanFind(org.jclouds.trmk.ecloud.compute.TerremarkECloudTemplateBuilderLiveTest)
[TestNG] Test testTemplateBuilderCanFind(org.jclouds.trmk.ecloud.compute.TerremarkECloudTemplateBuilderLiveTest) succeeded: 6ms
Test suite progress: tests succeeded: 39, failed: 1, skipped: 0.
Starting test testTemplateBuilderCanFind(org.jclouds.trmk.ecloud.compute.TerremarkECloudTemplateBuilderLiveTest)
[TestNG] Test testTemplateBuilderCanFind(org.jclouds.trmk.ecloud.compute.TerremarkECloudTemplateBuilderLiveTest) succeeded: 0ms
Test suite progress: tests succeeded: 40, failed: 1, skipped: 0.
Starting test testTemplateBuilderCanFind(org.jclouds.trmk.ecloud.compute.TerremarkECloudTemplateBuilderLiveTest)
[TestNG] Test testTemplateBuilderCanFind(org.jclouds.trmk.ecloud.compute.TerremarkECloudTemplateBuilderLiveTest) succeeded: 2ms
Test suite progress: tests succeeded: 41, failed: 1, skipped: 0.
Starting test testTemplateBuilderCanUseImageId(org.jclouds.trmk.ecloud.compute.TerremarkECloudTemplateBuilderLiveTest)
;;[TestNG] Test testTemplateBuilderCanUseImageId(org.jclouds.trmk.ecloud.compute.TerremarkECloudTemplateBuilderLiveTest) succeeded: 10811ms
Test suite progress: tests succeeded: 42, failed: 1, skipped: 0.
Starting test testTemplateBuilderCannotFind(org.jclouds.trmk.ecloud.compute.TerremarkECloudTemplateBuilderLiveTest)
[TestNG] Test testTemplateBuilderCannotFind(org.jclouds.trmk.ecloud.compute.TerremarkECloudTemplateBuilderLiveTest) succeeded: 1ms
Test suite progress: tests succeeded: 43, failed: 1, skipped: 0.
Starting test testTemplateBuilderCannotFind(org.jclouds.trmk.ecloud.compute.TerremarkECloudTemplateBuilderLiveTest)
[TestNG] Test testTemplateBuilderCannotFind(org.jclouds.trmk.ecloud.compute.TerremarkECloudTemplateBuilderLiveTest) succeeded: 0ms
Test suite progress: tests succeeded: 44, failed: 1, skipped: 0.
Starting test testTemplateBuilderCannotFind(org.jclouds.trmk.ecloud.compute.TerremarkECloudTemplateBuilderLiveTest)
[TestNG] Test testTemplateBuilderCannotFind(org.jclouds.trmk.ecloud.compute.TerremarkECloudTemplateBuilderLiveTest) succeeded: 1ms
Test suite progress: tests succeeded: 45, failed: 1, skipped: 0.
Starting test testTemplateBuilderCannotFind(org.jclouds.trmk.ecloud.compute.TerremarkECloudTemplateBuilderLiveTest)
[TestNG] Test testTemplateBuilderCannotFind(org.jclouds.trmk.ecloud.compute.TerremarkECloudTemplateBuilderLiveTest) succeeded: 1ms
Test suite progress: tests succeeded: 46, failed: 1, skipped: 0.
Starting test testTemplateBuilderCannotFind(org.jclouds.trmk.ecloud.compute.TerremarkECloudTemplateBuilderLiveTest)
[TestNG] Test testTemplateBuilderCannotFind(org.jclouds.trmk.ecloud.compute.TerremarkECloudTemplateBuilderLiveTest) succeeded: 22ms
Test suite progress: tests succeeded: 47, failed: 1, skipped: 0.
Starting test testTemplateBuilderCannotFind(org.jclouds.trmk.ecloud.compute.TerremarkECloudTemplateBuilderLiveTest)
[TestNG] Test testTemplateBuilderCannotFind(org.jclouds.trmk.ecloud.compute.TerremarkECloudTemplateBuilderLiveTest) succeeded: 0ms
Test suite progress: tests succeeded: 48, failed: 1, skipped: 0.
Starting test testTemplateBuilderCannotFind(org.jclouds.trmk.ecloud.compute.TerremarkECloudTemplateBuilderLiveTest)
[TestNG] Test testTemplateBuilderCannotFind(org.jclouds.trmk.ecloud.compute.TerremarkECloudTemplateBuilderLiveTest) succeeded: 0ms
Test suite progress: tests succeeded: 49, failed: 1, skipped: 0.
Starting test testTemplateBuilderCannotFind(org.jclouds.trmk.ecloud.compute.TerremarkECloudTemplateBuilderLiveTest)
[TestNG] Test testTemplateBuilderCannotFind(org.jclouds.trmk.ecloud.compute.TerremarkECloudTemplateBuilderLiveTest) succeeded: 1ms
Test suite progress: tests succeeded: 50, failed: 1, skipped: 0.
Starting test testTemplateBuilderCannotFind(org.jclouds.trmk.ecloud.compute.TerremarkECloudTemplateBuilderLiveTest)
[TestNG] Test testTemplateBuilderCannotFind(org.jclouds.trmk.ecloud.compute.TerremarkECloudTemplateBuilderLiveTest) succeeded: 1ms
Test suite progress: tests succeeded: 51, failed: 1, skipped: 0.
Starting test testTemplateBuilderCannotFind(org.jclouds.trmk.ecloud.compute.TerremarkECloudTemplateBuilderLiveTest)
[TestNG] Test testTemplateBuilderCannotFind(org.jclouds.trmk.ecloud.compute.TerremarkECloudTemplateBuilderLiveTest) succeeded: 1ms
Test suite progress: tests succeeded: 52, failed: 1, skipped: 0.
Starting test testTemplateBuilderCannotFind(org.jclouds.trmk.ecloud.compute.TerremarkECloudTemplateBuilderLiveTest)
[TestNG] Test testTemplateBuilderCannotFind(org.jclouds.trmk.ecloud.compute.TerremarkECloudTemplateBuilderLiveTest) succeeded: 0ms
Test suite progress: tests succeeded: 53, failed: 1, skipped: 0.
Starting test testTemplateBuilderCannotFind(org.jclouds.trmk.ecloud.compute.TerremarkECloudTemplateBuilderLiveTest)
[TestNG] Test testTemplateBuilderCannotFind(org.jclouds.trmk.ecloud.compute.TerremarkECloudTemplateBuilderLiveTest) succeeded: 1ms
Test suite progress: tests succeeded: 54, failed: 1, skipped: 0.
Starting test testTemplateBuilderCannotFind(org.jclouds.trmk.ecloud.compute.TerremarkECloudTemplateBuilderLiveTest)
[TestNG] Test testTemplateBuilderCannotFind(org.jclouds.trmk.ecloud.compute.TerremarkECloudTemplateBuilderLiveTest) succeeded: 2ms
Test suite progress: tests succeeded: 55, failed: 1, skipped: 0.
Starting test testTemplateBuilderCannotFind(org.jclouds.trmk.ecloud.compute.TerremarkECloudTemplateBuilderLiveTest)
[TestNG] Test testTemplateBuilderCannotFind(org.jclouds.trmk.ecloud.compute.TerremarkECloudTemplateBuilderLiveTest) succeeded: 0ms
Test suite progress: tests succeeded: 56, failed: 1, skipped: 0.
Starting test testTemplateBuilderCannotFind(org.jclouds.trmk.ecloud.compute.TerremarkECloudTemplateBuilderLiveTest)
[TestNG] Test testTemplateBuilderCannotFind(org.jclouds.trmk.ecloud.compute.TerremarkECloudTemplateBuilderLiveTest) succeeded: 0ms
Test suite progress: tests succeeded: 57, failed: 1, skipped: 0.
Starting test testTemplateBuilderCannotFind(org.jclouds.trmk.ecloud.compute.TerremarkECloudTemplateBuilderLiveTest)
[TestNG] Test testTemplateBuilderCannotFind(org.jclouds.trmk.ecloud.compute.TerremarkECloudTemplateBuilderLiveTest) succeeded: 1ms
Test suite progress: tests succeeded: 58, failed: 1, skipped: 0.
Starting test testTemplateBuilderCannotFind(org.jclouds.trmk.ecloud.compute.TerremarkECloudTemplateBuilderLiveTest)
[TestNG] Test testTemplateBuilderCannotFind(org.jclouds.trmk.ecloud.compute.TerremarkECloudTemplateBuilderLiveTest) succeeded: 0ms
Test suite progress: tests succeeded: 59, failed: 1, skipped: 0.
Starting test testTemplateBuilderCannotFind(org.jclouds.trmk.ecloud.compute.TerremarkECloudTemplateBuilderLiveTest)
[TestNG] Test testTemplateBuilderCannotFind(org.jclouds.trmk.ecloud.compute.TerremarkECloudTemplateBuilderLiveTest) succeeded: 1ms
Test suite progress: tests succeeded: 60, failed: 1, skipped: 0.
Starting test testTemplateBuilderCannotFind(org.jclouds.trmk.ecloud.compute.TerremarkECloudTemplateBuilderLiveTest)
[TestNG] Test testTemplateBuilderCannotFind(org.jclouds.trmk.ecloud.compute.TerremarkECloudTemplateBuilderLiveTest) succeeded: 0ms
Test suite progress: tests succeeded: 61, failed: 1, skipped: 0.
Starting test testTemplateBuilderCannotFind(org.jclouds.trmk.ecloud.compute.TerremarkECloudTemplateBuilderLiveTest)
[TestNG] Test testTemplateBuilderCannotFind(org.jclouds.trmk.ecloud.compute.TerremarkECloudTemplateBuilderLiveTest) succeeded: 1ms
Test suite progress: tests succeeded: 62, failed: 1, skipped: 0.
Starting test testTemplateBuilderCannotFind(org.jclouds.trmk.ecloud.compute.TerremarkECloudTemplateBuilderLiveTest)
[TestNG] Test testTemplateBuilderCannotFind(org.jclouds.trmk.ecloud.compute.TerremarkECloudTemplateBuilderLiveTest) succeeded: 1ms
Test suite progress: tests succeeded: 63, failed: 1, skipped: 0.
Starting test testTemplateBuilderCannotFind(org.jclouds.trmk.ecloud.compute.TerremarkECloudTemplateBuilderLiveTest)
[TestNG] Test testTemplateBuilderCannotFind(org.jclouds.trmk.ecloud.compute.TerremarkECloudTemplateBuilderLiveTest) succeeded: 0ms
Test suite progress: tests succeeded: 64, failed: 1, skipped: 0.
Starting test testTemplateBuilderCannotFind(org.jclouds.trmk.ecloud.compute.TerremarkECloudTemplateBuilderLiveTest)
[TestNG] Test testTemplateBuilderCannotFind(org.jclouds.trmk.ecloud.compute.TerremarkECloudTemplateBuilderLiveTest) succeeded: 1ms
Test suite progress: tests succeeded: 65, failed: 1, skipped: 0.
Starting test testTemplateBuilderCannotFind(org.jclouds.trmk.ecloud.compute.TerremarkECloudTemplateBuilderLiveTest)
[TestNG] Test testTemplateBuilderCannotFind(org.jclouds.trmk.ecloud.compute.TerremarkECloudTemplateBuilderLiveTest) succeeded: 0ms
Test suite progress: tests succeeded: 66, failed: 1, skipped: 0.
Starting test testTemplateBuilderCannotFind(org.jclouds.trmk.ecloud.compute.TerremarkECloudTemplateBuilderLiveTest)
[TestNG] Test testTemplateBuilderCannotFind(org.jclouds.trmk.ecloud.compute.TerremarkECloudTemplateBuilderLiveTest) succeeded: 1ms
Test suite progress: tests succeeded: 67, failed: 1, skipped: 0.
Starting test testTemplateBuilderCannotFind(org.jclouds.trmk.ecloud.compute.TerremarkECloudTemplateBuilderLiveTest)
[TestNG] Test testTemplateBuilderCannotFind(org.jclouds.trmk.ecloud.compute.TerremarkECloudTemplateBuilderLiveTest) succeeded: 0ms
Test suite progress: tests succeeded: 68, failed: 1, skipped: 0.
Starting test testTemplateBuilderCannotFind(org.jclouds.trmk.ecloud.compute.TerremarkECloudTemplateBuilderLiveTest)
[TestNG] Test testTemplateBuilderCannotFind(org.jclouds.trmk.ecloud.compute.TerremarkECloudTemplateBuilderLiveTest) succeeded: 1ms
Test suite progress: tests succeeded: 69, failed: 1, skipped: 0.
Starting test testTemplateBuilderCannotFind(org.jclouds.trmk.ecloud.compute.TerremarkECloudTemplateBuilderLiveTest)
[TestNG] Test testTemplateBuilderCannotFind(org.jclouds.trmk.ecloud.compute.TerremarkECloudTemplateBuilderLiveTest) succeeded: 2ms
Test suite progress: tests succeeded: 70, failed: 1, skipped: 0.
Starting test testTemplateBuilderCannotFind(org.jclouds.trmk.ecloud.compute.TerremarkECloudTemplateBuilderLiveTest)
[TestNG] Test testTemplateBuilderCannotFind(org.jclouds.trmk.ecloud.compute.TerremarkECloudTemplateBuilderLiveTest) succeeded: 1ms
Test suite progress: tests succeeded: 71, failed: 1, skipped: 0.
Starting test testTemplateBuilderCannotFind(org.jclouds.trmk.ecloud.compute.TerremarkECloudTemplateBuilderLiveTest)
[TestNG] Test testTemplateBuilderCannotFind(org.jclouds.trmk.ecloud.compute.TerremarkECloudTemplateBuilderLiveTest) succeeded: 0ms
Test suite progress: tests succeeded: 72, failed: 1, skipped: 0.
Starting test testTemplateBuilderCannotFind(org.jclouds.trmk.ecloud.compute.TerremarkECloudTemplateBuilderLiveTest)
[TestNG] Test testTemplateBuilderCannotFind(org.jclouds.trmk.ecloud.compute.TerremarkECloudTemplateBuilderLiveTest) succeeded: 0ms
Test suite progress: tests succeeded: 73, failed: 1, skipped: 0.
Starting test testTemplateBuilderCannotFind(org.jclouds.trmk.ecloud.compute.TerremarkECloudTemplateBuilderLiveTest)
[TestNG] Test testTemplateBuilderCannotFind(org.jclouds.trmk.ecloud.compute.TerremarkECloudTemplateBuilderLiveTest) succeeded: 1ms
Test suite progress: tests succeeded: 74, failed: 1, skipped: 0.
Starting test testTemplateBuilderCannotFind(org.jclouds.trmk.ecloud.compute.TerremarkECloudTemplateBuilderLiveTest)
[TestNG] Test testTemplateBuilderCannotFind(org.jclouds.trmk.ecloud.compute.TerremarkECloudTemplateBuilderLiveTest) succeeded: 0ms
Test suite progress: tests succeeded: 75, failed: 1, skipped: 0.
Starting test testTemplateBuilderCannotFind(org.jclouds.trmk.ecloud.compute.TerremarkECloudTemplateBuilderLiveTest)
[TestNG] Test testTemplateBuilderCannotFind(org.jclouds.trmk.ecloud.compute.TerremarkECloudTemplateBuilderLiveTest) succeeded: 1ms
Test suite progress: tests succeeded: 76, failed: 1, skipped: 0.
Starting test testTemplateBuilderCannotFind(org.jclouds.trmk.ecloud.compute.TerremarkECloudTemplateBuilderLiveTest)
[TestNG] Test testTemplateBuilderCannotFind(org.jclouds.trmk.ecloud.compute.TerremarkECloudTemplateBuilderLiveTest) succeeded: 0ms
Test suite progress: tests succeeded: 77, failed: 1, skipped: 0.
Starting test testTemplateBuilderCannotFind(org.jclouds.trmk.ecloud.compute.TerremarkECloudTemplateBuilderLiveTest)
[TestNG] Test testTemplateBuilderCannotFind(org.jclouds.trmk.ecloud.compute.TerremarkECloudTemplateBuilderLiveTest) succeeded: 1ms
Test suite progress: tests succeeded: 78, failed: 1, skipped: 0.
Starting test testTemplateBuilderCannotFind(org.jclouds.trmk.ecloud.compute.TerremarkECloudTemplateBuilderLiveTest)
[TestNG] Test testTemplateBuilderCannotFind(org.jclouds.trmk.ecloud.compute.TerremarkECloudTemplateBuilderLiveTest) succeeded: 0ms
Test suite progress: tests succeeded: 79, failed: 1, skipped: 0.
Starting test testTemplateBuilderCannotFind(org.jclouds.trmk.ecloud.compute.TerremarkECloudTemplateBuilderLiveTest)
[TestNG] Test testTemplateBuilderCannotFind(org.jclouds.trmk.ecloud.compute.TerremarkECloudTemplateBuilderLiveTest) succeeded: 1ms
Test suite progress: tests succeeded: 80, failed: 1, skipped: 0.
Starting test testTemplateBuilderCannotFind(org.jclouds.trmk.ecloud.compute.TerremarkECloudTemplateBuilderLiveTest)
[TestNG] Test testTemplateBuilderCannotFind(org.jclouds.trmk.ecloud.compute.TerremarkECloudTemplateBuilderLiveTest) succeeded: 0ms
Test suite progress: tests succeeded: 81, failed: 1, skipped: 0.
Starting test testTemplateBuilderCannotFind(org.jclouds.trmk.ecloud.compute.TerremarkECloudTemplateBuilderLiveTest)
[TestNG] Test testTemplateBuilderCannotFind(org.jclouds.trmk.ecloud.compute.TerremarkECloudTemplateBuilderLiveTest) succeeded: 1ms
Test suite progress: tests succeeded: 82, failed: 1, skipped: 0.
Starting test testTemplateBuilderCannotFind(org.jclouds.trmk.ecloud.compute.TerremarkECloudTemplateBuilderLiveTest)
[TestNG] Test testTemplateBuilderCannotFind(org.jclouds.trmk.ecloud.compute.TerremarkECloudTemplateBuilderLiveTest) succeeded: 0ms
Test suite progress: tests succeeded: 83, failed: 1, skipped: 0.
Starting test testTemplateBuilderCannotFind(org.jclouds.trmk.ecloud.compute.TerremarkECloudTemplateBuilderLiveTest)
[TestNG] Test testTemplateBuilderCannotFind(org.jclouds.trmk.ecloud.compute.TerremarkECloudTemplateBuilderLiveTest) succeeded: 1ms
Test suite progress: tests succeeded: 84, failed: 1, skipped: 0.
Starting test testTemplateBuilderCannotFind(org.jclouds.trmk.ecloud.compute.TerremarkECloudTemplateBuilderLiveTest)
[TestNG] Test testTemplateBuilderCannotFind(org.jclouds.trmk.ecloud.compute.TerremarkECloudTemplateBuilderLiveTest) succeeded: 0ms
Test suite progress: tests succeeded: 85, failed: 1, skipped: 0.
Starting test testTemplateBuilderCannotFind(org.jclouds.trmk.ecloud.compute.TerremarkECloudTemplateBuilderLiveTest)
[TestNG] Test testTemplateBuilderCannotFind(org.jclouds.trmk.ecloud.compute.TerremarkECloudTemplateBuilderLiveTest) succeeded: 1ms
Test suite progress: tests succeeded: 86, failed: 1, skipped: 0.
Starting test testTemplateBuilderCannotFind(org.jclouds.trmk.ecloud.compute.TerremarkECloudTemplateBuilderLiveTest)
[TestNG] Test testTemplateBuilderCannotFind(org.jclouds.trmk.ecloud.compute.TerremarkECloudTemplateBuilderLiveTest) succeeded: 0ms
Test suite progress: tests succeeded: 87, failed: 1, skipped: 0.
Starting test testTemplateBuilderCannotFind(org.jclouds.trmk.ecloud.compute.TerremarkECloudTemplateBuilderLiveTest)
[TestNG] Test testTemplateBuilderCannotFind(org.jclouds.trmk.ecloud.compute.TerremarkECloudTemplateBuilderLiveTest) succeeded: 1ms
Test suite progress: tests succeeded: 88, failed: 1, skipped: 0.
Starting test testTemplateBuilderCannotFind(org.jclouds.trmk.ecloud.compute.TerremarkECloudTemplateBuilderLiveTest)
[TestNG] Test testTemplateBuilderCannotFind(org.jclouds.trmk.ecloud.compute.TerremarkECloudTemplateBuilderLiveTest) succeeded: 0ms
Test suite progress: tests succeeded: 89, failed: 1, skipped: 0.
Starting test testTemplateBuilderCannotFind(org.jclouds.trmk.ecloud.compute.TerremarkECloudTemplateBuilderLiveTest)
[TestNG] Test testTemplateBuilderCannotFind(org.jclouds.trmk.ecloud.compute.TerremarkECloudTemplateBuilderLiveTest) succeeded: 1ms
Test suite progress: tests succeeded: 90, failed: 1, skipped: 0.
Starting test testTemplateBuilderCannotFind(org.jclouds.trmk.ecloud.compute.TerremarkECloudTemplateBuilderLiveTest)
[TestNG] Test testTemplateBuilderCannotFind(org.jclouds.trmk.ecloud.compute.TerremarkECloudTemplateBuilderLiveTest) succeeded: 0ms
Test suite progress: tests succeeded: 91, failed: 1, skipped: 0.
Starting test testTemplateBuilderCannotFind(org.jclouds.trmk.ecloud.compute.TerremarkECloudTemplateBuilderLiveTest)
[TestNG] Test testTemplateBuilderCannotFind(org.jclouds.trmk.ecloud.compute.TerremarkECloudTemplateBuilderLiveTest) succeeded: 0ms
Test suite progress: tests succeeded: 92, failed: 1, skipped: 0.
Starting test testTemplateBuilderCannotFind(org.jclouds.trmk.ecloud.compute.TerremarkECloudTemplateBuilderLiveTest)
[TestNG] Test testTemplateBuilderCannotFind(org.jclouds.trmk.ecloud.compute.TerremarkECloudTemplateBuilderLiveTest) succeeded: 1ms
Test suite progress: tests succeeded: 93, failed: 1, skipped: 0.
Starting test testTemplateBuilderCannotFind(org.jclouds.trmk.ecloud.compute.TerremarkECloudTemplateBuilderLiveTest)
[TestNG] Test testTemplateBuilderCannotFind(org.jclouds.trmk.ecloud.compute.TerremarkECloudTemplateBuilderLiveTest) succeeded: 0ms
Test suite progress: tests succeeded: 94, failed: 1, skipped: 0.
Starting test testTemplateBuilderCannotFind(org.jclouds.trmk.ecloud.compute.TerremarkECloudTemplateBuilderLiveTest)
[TestNG] Test testTemplateBuilderCannotFind(org.jclouds.trmk.ecloud.compute.TerremarkECloudTemplateBuilderLiveTest) succeeded: 1ms
Test suite progress: tests succeeded: 95, failed: 1, skipped: 0.
Starting test testTemplateBuilderCannotFind(org.jclouds.trmk.ecloud.compute.TerremarkECloudTemplateBuilderLiveTest)
[TestNG] Test testTemplateBuilderCannotFind(org.jclouds.trmk.ecloud.compute.TerremarkECloudTemplateBuilderLiveTest) succeeded: 0ms
Test suite progress: tests succeeded: 96, failed: 1, skipped: 0.
Starting test testTemplateBuilderCannotFind(org.jclouds.trmk.ecloud.compute.TerremarkECloudTemplateBuilderLiveTest)
[TestNG] Test testTemplateBuilderCannotFind(org.jclouds.trmk.ecloud.compute.TerremarkECloudTemplateBuilderLiveTest) succeeded: 1ms
Test suite progress: tests succeeded: 97, failed: 1, skipped: 0.
Starting test testTemplateBuilderCannotFind(org.jclouds.trmk.ecloud.compute.TerremarkECloudTemplateBuilderLiveTest)
[TestNG] Test testTemplateBuilderCannotFind(org.jclouds.trmk.ecloud.compute.TerremarkECloudTemplateBuilderLiveTest) succeeded: 0ms
Test suite progress: tests succeeded: 98, failed: 1, skipped: 0.
Starting test testTemplateBuilderCannotFind(org.jclouds.trmk.ecloud.compute.TerremarkECloudTemplateBuilderLiveTest)
[TestNG] Test testTemplateBuilderCannotFind(org.jclouds.trmk.ecloud.compute.TerremarkECloudTemplateBuilderLiveTest) succeeded: 1ms
Test suite progress: tests succeeded: 99, failed: 1, skipped: 0.
Starting test testTemplateBuilderWithImageIdSpecified(org.jclouds.trmk.ecloud.compute.TerremarkECloudTemplateBuilderLiveTest)
;;;;[TestNG] Test testTemplateBuilderWithImageIdSpecified(org.jclouds.trmk.ecloud.compute.TerremarkECloudTemplateBuilderLiveTest) succeeded: 21100ms
Test suite progress: tests succeeded: 100, failed: 1, skipped: 0.
Starting test testTemplateBuilderWithLoginUserSpecified(org.jclouds.trmk.ecloud.compute.TerremarkECloudTemplateBuilderLiveTest)
;;;;[TestNG] Test testTemplateBuilderWithLoginUserSpecified(org.jclouds.trmk.ecloud.compute.TerremarkECloudTemplateBuilderLiveTest) succeeded: 22405ms
Test suite progress: tests succeeded: 101, failed: 1, skipped: 0.
Starting test testDefaultTemplateBuilder(org.jclouds.trmk.ecloud.compute.TerremarkECloudTemplateBuilderLiveTest)
[TestNG] Test testDefaultTemplateBuilder(org.jclouds.trmk.ecloud.compute.TerremarkECloudTemplateBuilderLiveTest) succeeded: 2ms
Test suite progress: tests succeeded: 102, failed: 1, skipped: 0.
Starting test testAScriptExecutionAfterBootWithBasicTemplate(org.jclouds.trmk.ecloud.compute.TerremarkECloudComputeServiceLiveTest)
;;<< problem applying options to node(https://services.enterprisecloud.terremark.com/api/v0.8b-ext2.8/vapp/233106): 
org.jclouds.rest.AuthorizationException: (ecloud:pw[5d907853a9617cfd55fb62eae803595b]@208.39.104.134:22) (ecloud:pw[5d907853a9617cfd55fb62eae803595b]@208.39.104.134:22) error acquiring SSHClient(timeout=60000) (not retryable): Exhausted available authentication methods
	at org.jclouds.sshj.SshjSshClient.propagate(SshjSshClient.java:414)
	at org.jclouds.sshj.SshjSshClient.acquire(SshjSshClient.java:245)
	at org.jclouds.sshj.SshjSshClient.connect(SshjSshClient.java:255)
	at org.jclouds.compute.callables.RunScriptOnNodeUsingSsh.call(RunScriptOnNodeUsingSsh.java:73)
	at org.jclouds.compute.strategy.RunScriptOnNodeAndAddToGoodMapOrPutExceptionIntoBadMap.call(RunScriptOnNodeAndAddToGoodMapOrPutExceptionIntoBadMap.java:69)
	at org.jclouds.compute.strategy.RunScriptOnNodeAndAddToGoodMapOrPutExceptionIntoBadMap.call(RunScriptOnNodeAndAddToGoodMapOrPutExceptionIntoBadMap.java:44)
	at java.util.concurrent.FutureTask$Sync.innerRun(FutureTask.java:303)
	at java.util.concurrent.FutureTask.run(FutureTask.java:138)
	at java.util.concurrent.ThreadPoolExecutor$Worker.runTask(ThreadPoolExecutor.java:886)
	at java.util.concurrent.ThreadPoolExecutor$Worker.run(ThreadPoolExecutor.java:908)
	at java.lang.Thread.run(Thread.java:680)
Caused by: net.schmizz.sshj.userauth.UserAuthException: Exhausted available authentication methods
	at net.schmizz.sshj.userauth.UserAuthImpl.authenticate(UserAuthImpl.java:114)
	at net.schmizz.sshj.SSHClient.auth(SSHClient.java:204)
	at net.schmizz.sshj.SSHClient.auth(SSHClient.java:189)
	at net.schmizz.sshj.SSHClient.authPassword(SSHClient.java:265)
	at net.schmizz.sshj.SSHClient.authPassword(SSHClient.java:235)
	at net.schmizz.sshj.SSHClient.authPassword(SSHClient.java:219)
	at org.jclouds.sshj.SshjSshClient$1.create(SshjSshClient.java:201)
	at org.jclouds.sshj.SshjSshClient$1.create(SshjSshClient.java:177)
	at org.jclouds.sshj.SshjSshClient.acquire(SshjSshClient.java:226)
	... 9 more
Caused by: net.schmizz.sshj.userauth.UserAuthException: keyboard-interactive auth failed
	at net.schmizz.sshj.userauth.UserAuthImpl.handle(UserAuthImpl.java:157)
	at net.schmizz.sshj.transport.TransportImpl.handle(TransportImpl.java:474)
	at net.schmizz.sshj.transport.Decoder.decode(Decoder.java:127)
	at net.schmizz.sshj.transport.Decoder.received(Decoder.java:195)
	at net.schmizz.sshj.transport.Reader.run(Reader.java:72)
<< problem applying options to node(https://services.enterprisecloud.terremark.com/api/v0.8b-ext2.8/vapp/233106): 
java.lang.RuntimeException: org.jclouds.compute.callables.ScriptStillRunningException: time up waiting 600s for running task[RunScriptOnNodeAsInitScriptUsingSshAndBlockUntilComplete{node=[id=https://services.enterprisecloud.terremark.com/api/v0.8b-ext2.8/vapp/233106, providerId=https://services.enterprisecloud.terremark.com/api/v0.8b-ext2.8/vapp/233106, group=ter, name=ter-e82, location=[id=https://services.enterprisecloud.terremark.com/api/v0.8b-ext2.8/vdc/1155, scope=ZONE, description=Cloud Conscious LLC - MIA, parent=https://services.enterprisecloud.terremark.com/api/v0.8b-ext2.8/org/1910324, iso3166Codes=[], metadata={}], uri=https://services.enterprisecloud.terremark.com/api/v0.8b-ext2.8/vapp/233106, imageId=null, os=[name=46, family=ubuntu, version=, arch=null, is64Bit=true, description=Ubuntu Linux (64-bit)], state=RUNNING, loginPort=22, hostname=ter-e82, privateAddresses=[10.124.46.41], publicAddresses=[208.39.104.134], hardware=[id=https://services.enterprisecloud.terremark.com/api/v0.8b-ext2.8/vapp/233106, providerId=https://services.enterprisecloud.terremark.com/api/v0.8b-ext2.8/vapp/233106, name=ter-e82, processors=[[cores=1.0, speed=1.0]], ram=512, volumes=[[id=0, type=LOCAL, size=4.0, device=null, durable=true, isBootDevice=true]], supportsImage=idEquals(https://services.enterprisecloud.terremark.com/api/v0.8b-ext2.8/vapp/233106), tags=[]], loginUser=ecloud, userMetadata={}, tags=[]], name=runScriptWithCreds, runAsRoot=true}] to complete. call get() on this exception to get access to the task in progress
	at com.google.common.base.Throwables.propagate(Throwables.java:156)
	at org.jclouds.compute.callables.RunScriptOnNodeAsInitScriptUsingSshAndBlockUntilComplete.doCall(RunScriptOnNodeAsInitScriptUsingSshAndBlockUntilComplete.java:62)
	at org.jclouds.compute.callables.RunScriptOnNodeAsInitScriptUsingSsh.call(RunScriptOnNodeAsInitScriptUsingSsh.java:91)
	at org.jclouds.compute.strategy.RunScriptOnNodeAndAddToGoodMapOrPutExceptionIntoBadMap.call(RunScriptOnNodeAndAddToGoodMapOrPutExceptionIntoBadMap.java:69)
	at org.jclouds.compute.strategy.RunScriptOnNodeAndAddToGoodMapOrPutExceptionIntoBadMap.call(RunScriptOnNodeAndAddToGoodMapOrPutExceptionIntoBadMap.java:44)
	at java.util.concurrent.FutureTask$Sync.innerRun(FutureTask.java:303)
	at java.util.concurrent.FutureTask.run(FutureTask.java:138)
	at java.util.concurrent.ThreadPoolExecutor$Worker.runTask(ThreadPoolExecutor.java:886)
	at java.util.concurrent.ThreadPoolExecutor$Worker.run(ThreadPoolExecutor.java:908)
	at java.lang.Thread.run(Thread.java:680)
Caused by: org.jclouds.compute.callables.ScriptStillRunningException: time up waiting 600s for running task[RunScriptOnNodeAsInitScriptUsingSshAndBlockUntilComplete{node=[id=https://services.enterprisecloud.terremark.com/api/v0.8b-ext2.8/vapp/233106, providerId=https://services.enterprisecloud.terremark.com/api/v0.8b-ext2.8/vapp/233106, group=ter, name=ter-e82, location=[id=https://services.enterprisecloud.terremark.com/api/v0.8b-ext2.8/vdc/1155, scope=ZONE, description=Cloud Conscious LLC - MIA, parent=https://services.enterprisecloud.terremark.com/api/v0.8b-ext2.8/org/1910324, iso3166Codes=[], metadata={}], uri=https://services.enterprisecloud.terremark.com/api/v0.8b-ext2.8/vapp/233106, imageId=null, os=[name=46, family=ubuntu, version=, arch=null, is64Bit=true, description=Ubuntu Linux (64-bit)], state=RUNNING, loginPort=22, hostname=ter-e82, privateAddresses=[10.124.46.41], publicAddresses=[208.39.104.134], hardware=[id=https://services.enterprisecloud.terremark.com/api/v0.8b-ext2.8/vapp/233106, providerId=https://services.enterprisecloud.terremark.com/api/v0.8b-ext2.8/vapp/233106, name=ter-e82, processors=[[cores=1.0, speed=1.0]], ram=512, volumes=[[id=0, type=LOCAL, size=4.0, device=null, durable=true, isBootDevice=true]], supportsImage=idEquals(https://services.enterprisecloud.terremark.com/api/v0.8b-ext2.8/vapp/233106), tags=[]], loginUser=ecloud, userMetadata={}, tags=[]], name=runScriptWithCreds, runAsRoot=true}] to complete. call get() on this exception to get access to the task in progress
	at org.jclouds.compute.callables.BlockUntilInitScriptStatusIsZeroThenReturnOutput.get(BlockUntilInitScriptStatusIsZeroThenReturnOutput.java:195)
	at org.jclouds.compute.callables.RunScriptOnNodeAsInitScriptUsingSshAndBlockUntilComplete.doCall(RunScriptOnNodeAsInitScriptUsingSshAndBlockUntilComplete.java:60)
	... 8 more
[TestNG] Test testAScriptExecutionAfterBootWithBasicTemplate(org.jclouds.trmk.ecloud.compute.TerremarkECloudComputeServiceLiveTest) failed.
Test suite progress: tests succeeded: 102, failed: 2, skipped: 0.
Starting test testCreateTwoNodesWithRunScript(org.jclouds.trmk.ecloud.compute.TerremarkECloudComputeServiceLiveTest)
;;